#
# There is insufficient memory for the Java Runtime Environment to continue.
# Native memory allocation (malloc) failed to allocate 32744 bytes. Error detail: Chunk::new
# Possible reasons:
#   The system is out of physical RAM or swap space
#   This process is running with CompressedOops enabled, and the Java Heap may be blocking the growth of the native heap
# Possible solutions:
#   Reduce memory load on the system
#   Increase physical memory or swap space
#   Check if swap backing store is full
#   Decrease Java heap size (-Xmx/-Xms)
#   Decrease number of Java threads
#   Decrease Java thread stack sizes (-Xss)
#   Set larger code cache with -XX:ReservedCodeCacheSize=
#   JVM is running with Unscaled Compressed Oops mode in which the Java heap is
#     placed in the first 4GB address space. The Java Heap base address is the
#     maximum limit for the native heap growth. Please use -XX:HeapBaseMinAddress
#     to set the Java Heap base and to place the Java Heap above 4GB virtual address.
# This output file may be truncated or incomplete.
#
#  Out of Memory Error (arena.cpp:168), pid=12248, tid=18620
#
# JRE version: OpenJDK Runtime Environment Temurin-21.0.6+7 (21.0.6+7) (build 21.0.6+7-LTS)
# Java VM: OpenJDK 64-Bit Server VM Temurin-21.0.6+7 (21.0.6+7-LTS, mixed mode, sharing, tiered, compressed oops, compressed class ptrs, parallel gc, windows-amd64)
# No core dump will be written. Minidumps are not enabled by default on client versions of Windows
#

---------------  S U M M A R Y ------------

Command Line: --add-modules=ALL-SYSTEM --add-opens=java.base/java.util=ALL-UNNAMED --add-opens=java.base/java.lang=ALL-UNNAMED --add-opens=java.base/sun.nio.fs=ALL-UNNAMED -Declipse.application=org.eclipse.jdt.ls.core.id1 -Dosgi.bundles.defaultStartLevel=4 -Declipse.product=org.eclipse.jdt.ls.core.product -Djava.import.generatesMetadataFilesAtProjectRoot=false -DDetectVMInstallationsJob.disabled=true -Dfile.encoding=utf8 -XX:+UseParallelGC -XX:GCTimeRatio=4 -XX:AdaptiveSizePolicyWeight=90 -Dsun.zip.disableMemoryMapping=true -Xmx1G -Xms100m -Xlog:disable -javaagent:c:\Users\zinzi\.vscode\extensions\redhat.java-1.40.0-win32-x64\lombok\lombok-1.18.36.jar -XX:+HeapDumpOnOutOfMemoryError -XX:HeapDumpPath=c:\Users\zinzi\AppData\Roaming\Code\User\workspaceStorage\1531145508dfbda3fe65cda5b18105b1\redhat.java -Daether.dependencyCollector.impl=bf c:\Users\zinzi\.vscode\extensions\redhat.java-1.40.0-win32-x64\server\plugins\org.eclipse.equinox.launcher_1.6.1000.v20250131-0606.jar -configuration c:\Users\zinzi\AppData\Roaming\Code\User\globalStorage\redhat.java\1.40.0\config_win -data c:\Users\zinzi\AppData\Roaming\Code\User\workspaceStorage\1531145508dfbda3fe65cda5b18105b1\redhat.java\jdt_ws --pipe=\\.\pipe\lsp-99c5de0e39a21175ff5ad95ebd71a695-sock

Host: Intel(R) Core(TM) i7-10750H CPU @ 2.60GHz, 12 cores, 15G,  Windows 11 , 64 bit Build 22621 (10.0.22621.4974)
Time: Fri Mar 21 22:25:37 2025 SE Asia Standard Time elapsed time: 55.584707 seconds (0d 0h 0m 55s)

---------------  T H R E A D  ---------------

Current thread (0x000002641a1e5b80):  JavaThread "C2 CompilerThread1" daemon [_thread_in_native, id=18620, stack(0x000000a122800000,0x000000a122900000) (1024K)]


Current CompileTask:
C2:55584 12921 %     4       java.lang.StringLatin1::lastIndexOf @ 18 (40 bytes)

Stack: [0x000000a122800000,0x000000a122900000]
Native frames: (J=compiled Java code, j=interpreted, Vv=VM code, C=native code)
V  [jvm.dll+0x6cdee9]
V  [jvm.dll+0x8a83d1]
V  [jvm.dll+0x8aa8fe]
V  [jvm.dll+0x8aafe3]
V  [jvm.dll+0x27f706]
V  [jvm.dll+0xc500d]
V  [jvm.dll+0xc5543]
V  [jvm.dll+0x6a822d]
V  [jvm.dll+0x65d7b5]
V  [jvm.dll+0x65bb6e]
V  [jvm.dll+0x247875]
V  [jvm.dll+0x246fcf]
V  [jvm.dll+0x1c75ee]
V  [jvm.dll+0x25685a]
V  [jvm.dll+0x254dfa]
V  [jvm.dll+0x3f0256]
V  [jvm.dll+0x851f8b]
V  [jvm.dll+0x6cc5ed]
C  [ucrtbase.dll+0x29333]
C  [KERNEL32.DLL+0x1259d]
C  [ntdll.dll+0x5af38]


---------------  P R O C E S S  ---------------

Threads class SMR info:
_java_thread_list=0x000002641f5f1020, length=83, elements={
0x00000263be97f3b0, 0x000002641a002090, 0x000002641a0038f0, 0x000002641a0066e0,
0x000002641a0084a0, 0x000002641a0090f0, 0x000002641a00bb50, 0x000002641a00d370,
0x000002641a032210, 0x000002641a0eb1f0, 0x000002641a2ed150, 0x000002641ab53860,
0x000002641ae80080, 0x000002641ac24ed0, 0x000002641ac25d10, 0x000002641b451720,
0x000002641aac0160, 0x000002641b045710, 0x000002641b0449f0, 0x000002641b047e70,
0x000002641b046ac0, 0x000002641b045da0, 0x000002641b047150, 0x000002641b0477e0,
0x000002641d7e3200, 0x000002641d7e8de0, 0x000002641d7e9b00, 0x000002641d7ea190,
0x000002641d7e4c40, 0x000002641d7e52d0, 0x000002641d7e73a0, 0x000002641d7e9470,
0x000002641d7e5960, 0x000002641d7e3890, 0x000002641d7e8750, 0x000002641d7e5ff0,
0x000002641d7ea820, 0x000002641d7e6680, 0x000002641d7e6d10, 0x000002641d7e3f20,
0x000002641d7e7a30, 0x000002641d7e45b0, 0x000002641d7e80c0, 0x000002641eaeeca0,
0x000002641eaef330, 0x000002641eaef9c0, 0x000002641eaf55a0, 0x000002641eaf2e40,
0x000002641eaf0050, 0x000002641eaf1a90, 0x000002641eaf41f0, 0x000002641eaf06e0,
0x000002641eaf4880, 0x000002641eaf3b60, 0x000002641eaf34d0, 0x000002641eaee610,
0x000002641eaf1400, 0x000002641eaf0d70, 0x000002641eaf5c30, 0x000002641eaf2120,
0x000002641eaf27b0, 0x000002641a4323c0, 0x000002641a433770, 0x000002641a432a50,
0x000002641a433e00, 0x000002641a42e220, 0x000002641a4316a0, 0x000002641a434490,
0x000002641a434b20, 0x000002641a42e8b0, 0x000002641a431010, 0x000002641a42ef40,
0x000002641a42db90, 0x000002641a4351b0, 0x000002641a42f5d0, 0x000002641a4302f0,
0x000002641dfc28b0, 0x000002641dfbfac0, 0x000002641dfc2f40, 0x000002641dfc0e70,
0x000002641dfc4980, 0x000002641a1e5b80, 0x000002641b3098c0
}

Java Threads: ( => current thread )
  0x00000263be97f3b0 JavaThread "main"                              [_thread_blocked, id=7328, stack(0x000000a121900000,0x000000a121a00000) (1024K)]
  0x000002641a002090 JavaThread "Reference Handler"          daemon [_thread_blocked, id=19204, stack(0x000000a121d00000,0x000000a121e00000) (1024K)]
  0x000002641a0038f0 JavaThread "Finalizer"                  daemon [_thread_blocked, id=20344, stack(0x000000a121e00000,0x000000a121f00000) (1024K)]
  0x000002641a0066e0 JavaThread "Signal Dispatcher"          daemon [_thread_blocked, id=17940, stack(0x000000a121f00000,0x000000a122000000) (1024K)]
  0x000002641a0084a0 JavaThread "Attach Listener"            daemon [_thread_blocked, id=4884, stack(0x000000a122000000,0x000000a122100000) (1024K)]
  0x000002641a0090f0 JavaThread "Service Thread"             daemon [_thread_blocked, id=4564, stack(0x000000a122100000,0x000000a122200000) (1024K)]
  0x000002641a00bb50 JavaThread "Monitor Deflation Thread"   daemon [_thread_blocked, id=4156, stack(0x000000a122200000,0x000000a122300000) (1024K)]
  0x000002641a00d370 JavaThread "C2 CompilerThread0"         daemon [_thread_in_native, id=2324, stack(0x000000a122300000,0x000000a122400000) (1024K)]
  0x000002641a032210 JavaThread "C1 CompilerThread0"         daemon [_thread_blocked, id=13728, stack(0x000000a122400000,0x000000a122500000) (1024K)]
  0x000002641a0eb1f0 JavaThread "Common-Cleaner"             daemon [_thread_blocked, id=1720, stack(0x000000a122500000,0x000000a122600000) (1024K)]
  0x000002641a2ed150 JavaThread "Notification Thread"        daemon [_thread_blocked, id=2544, stack(0x000000a122700000,0x000000a122800000) (1024K)]
  0x000002641ab53860 JavaThread "Active Thread: Equinox Container: 4c743cd6-bdff-470b-92db-67376300a804"        [_thread_blocked, id=13716, stack(0x000000a122f00000,0x000000a123000000) (1024K)]
  0x000002641ae80080 JavaThread "Refresh Thread: Equinox Container: 4c743cd6-bdff-470b-92db-67376300a804" daemon [_thread_blocked, id=12812, stack(0x000000a123000000,0x000000a123100000) (1024K)]
  0x000002641ac24ed0 JavaThread "Framework Event Dispatcher: Equinox Container: 4c743cd6-bdff-470b-92db-67376300a804" daemon [_thread_blocked, id=3960, stack(0x000000a123200000,0x000000a123300000) (1024K)]
  0x000002641ac25d10 JavaThread "Start Level: Equinox Container: 4c743cd6-bdff-470b-92db-67376300a804" daemon [_thread_blocked, id=8508, stack(0x000000a123300000,0x000000a123400000) (1024K)]
  0x000002641b451720 JavaThread "Bundle File Closer"         daemon [_thread_blocked, id=3524, stack(0x000000a123400000,0x000000a123500000) (1024K)]
  0x000002641aac0160 JavaThread "SCR Component Actor"        daemon [_thread_blocked, id=9816, stack(0x000000a123700000,0x000000a123800000) (1024K)]
  0x000002641b045710 JavaThread "Worker-JM"                         [_thread_blocked, id=20100, stack(0x000000a123900000,0x000000a123a00000) (1024K)]
  0x000002641b0449f0 JavaThread "JNA Cleaner"                daemon [_thread_blocked, id=1952, stack(0x000000a123a00000,0x000000a123b00000) (1024K)]
  0x000002641b047e70 JavaThread "Worker-0"                          [_thread_blocked, id=18812, stack(0x000000a123b00000,0x000000a123c00000) (1024K)]
  0x000002641b046ac0 JavaThread "Worker-1"                          [_thread_blocked, id=20120, stack(0x000000a123c00000,0x000000a123d00000) (1024K)]
  0x000002641b045da0 JavaThread "Java indexing"              daemon [_thread_blocked, id=18556, stack(0x000000a123d00000,0x000000a123e00000) (1024K)]
  0x000002641b047150 JavaThread "Worker-2"                          [_thread_blocked, id=17180, stack(0x000000a123e00000,0x000000a123f00000) (1024K)]
  0x000002641b0477e0 JavaThread "Worker-3: Shutdown..."             [_thread_in_Java, id=1692, stack(0x000000a123f00000,0x000000a124000000) (1024K)]
  0x000002641d7e3200 JavaThread "Thread-2"                   daemon [_thread_in_native, id=14072, stack(0x000000a124000000,0x000000a124100000) (1024K)]
  0x000002641d7e8de0 JavaThread "Thread-3"                   daemon [_thread_in_native, id=20476, stack(0x000000a124100000,0x000000a124200000) (1024K)]
  0x000002641d7e9b00 JavaThread "Thread-4"                   daemon [_thread_in_native, id=7256, stack(0x000000a124200000,0x000000a124300000) (1024K)]
  0x000002641d7ea190 JavaThread "Thread-5"                   daemon [_thread_in_native, id=20240, stack(0x000000a124300000,0x000000a124400000) (1024K)]
  0x000002641d7e4c40 JavaThread "Thread-6"                   daemon [_thread_in_native, id=14808, stack(0x000000a124400000,0x000000a124500000) (1024K)]
  0x000002641d7e52d0 JavaThread "Thread-7"                   daemon [_thread_in_native, id=18536, stack(0x000000a124500000,0x000000a124600000) (1024K)]
  0x000002641d7e73a0 JavaThread "Thread-8"                   daemon [_thread_in_native, id=15888, stack(0x000000a124600000,0x000000a124700000) (1024K)]
  0x000002641d7e9470 JavaThread "Thread-9"                   daemon [_thread_in_native, id=20328, stack(0x000000a124700000,0x000000a124800000) (1024K)]
  0x000002641d7e5960 JavaThread "Thread-10"                  daemon [_thread_in_native, id=8164, stack(0x000000a124800000,0x000000a124900000) (1024K)]
  0x000002641d7e3890 JavaThread "Thread-11"                  daemon [_thread_in_native, id=12456, stack(0x000000a124900000,0x000000a124a00000) (1024K)]
  0x000002641d7e8750 JavaThread "Thread-12"                  daemon [_thread_in_native, id=7748, stack(0x000000a124a00000,0x000000a124b00000) (1024K)]
  0x000002641d7e5ff0 JavaThread "Thread-13"                  daemon [_thread_in_native, id=18672, stack(0x000000a124b00000,0x000000a124c00000) (1024K)]
  0x000002641d7ea820 JavaThread "Thread-14"                  daemon [_thread_in_native, id=3352, stack(0x000000a124c00000,0x000000a124d00000) (1024K)]
  0x000002641d7e6680 JavaThread "Worker-4"                          [_thread_blocked, id=12140, stack(0x000000a124d00000,0x000000a124e00000) (1024K)]
  0x000002641d7e6d10 JavaThread "Worker-5"                          [_thread_blocked, id=7364, stack(0x000000a124e00000,0x000000a124f00000) (1024K)]
  0x000002641d7e3f20 JavaThread "pool-2-thread-1"                   [_thread_blocked, id=1796, stack(0x000000a124f00000,0x000000a125000000) (1024K)]
  0x000002641d7e7a30 JavaThread "WorkspaceEventsHandler"            [_thread_blocked, id=16308, stack(0x000000a125000000,0x000000a125100000) (1024K)]
  0x000002641d7e45b0 JavaThread "pool-1-thread-1"                   [_thread_blocked, id=12896, stack(0x000000a125100000,0x000000a125200000) (1024K)]
  0x000002641d7e80c0 JavaThread "LocalFile Deleter"          daemon [_thread_blocked, id=18108, stack(0x000000a125200000,0x000000a125300000) (1024K)]
  0x000002641eaeeca0 JavaThread "LocalFile Deleter"          daemon [_thread_blocked, id=15012, stack(0x000000a125300000,0x000000a125400000) (1024K)]
  0x000002641eaef330 JavaThread "LocalFile Deleter"          daemon [_thread_blocked, id=17724, stack(0x000000a125400000,0x000000a125500000) (1024K)]
  0x000002641eaef9c0 JavaThread "LocalFile Deleter"          daemon [_thread_blocked, id=15660, stack(0x000000a125500000,0x000000a125600000) (1024K)]
  0x000002641eaf55a0 JavaThread "LocalFile Deleter"          daemon [_thread_blocked, id=17460, stack(0x000000a125600000,0x000000a125700000) (1024K)]
  0x000002641eaf2e40 JavaThread "LocalFile Deleter"          daemon [_thread_blocked, id=4424, stack(0x000000a125700000,0x000000a125800000) (1024K)]
  0x000002641eaf0050 JavaThread "LocalFile Deleter"          daemon [_thread_blocked, id=18104, stack(0x000000a125800000,0x000000a125900000) (1024K)]
  0x000002641eaf1a90 JavaThread "LocalFile Deleter"          daemon [_thread_blocked, id=13684, stack(0x000000a125900000,0x000000a125a00000) (1024K)]
  0x000002641eaf41f0 JavaThread "LocalFile Deleter"          daemon [_thread_blocked, id=18648, stack(0x000000a125a00000,0x000000a125b00000) (1024K)]
  0x000002641eaf06e0 JavaThread "LocalFile Deleter"          daemon [_thread_blocked, id=19536, stack(0x000000a125b00000,0x000000a125c00000) (1024K)]
  0x000002641eaf4880 JavaThread "LocalFile Deleter"          daemon [_thread_blocked, id=13320, stack(0x000000a125c00000,0x000000a125d00000) (1024K)]
  0x000002641eaf3b60 JavaThread "LocalFile Deleter"          daemon [_thread_blocked, id=12572, stack(0x000000a125d00000,0x000000a125e00000) (1024K)]
  0x000002641eaf34d0 JavaThread "Compiler Source File Reader" daemon [_thread_blocked, id=15736, stack(0x000000a125e00000,0x000000a125f00000) (1024K)]
  0x000002641eaee610 JavaThread "Compiler Source File Reader" daemon [_thread_blocked, id=9424, stack(0x000000a125f00000,0x000000a126000000) (1024K)]
  0x000002641eaf1400 JavaThread "Compiler Source File Reader" daemon [_thread_blocked, id=20032, stack(0x000000a126000000,0x000000a126100000) (1024K)]
  0x000002641eaf0d70 JavaThread "Compiler Source File Reader" daemon [_thread_blocked, id=4488, stack(0x000000a126100000,0x000000a126200000) (1024K)]
  0x000002641eaf5c30 JavaThread "Compiler Source File Reader" daemon [_thread_blocked, id=19152, stack(0x000000a126200000,0x000000a126300000) (1024K)]
  0x000002641eaf2120 JavaThread "Compiler Source File Reader" daemon [_thread_blocked, id=17304, stack(0x000000a126300000,0x000000a126400000) (1024K)]
  0x000002641eaf27b0 JavaThread "Compiler Source File Reader" daemon [_thread_blocked, id=9360, stack(0x000000a126400000,0x000000a126500000) (1024K)]
  0x000002641a4323c0 JavaThread "Compiler Source File Reader" daemon [_thread_blocked, id=13976, stack(0x000000a126500000,0x000000a126600000) (1024K)]
  0x000002641a433770 JavaThread "Compiler Source File Reader" daemon [_thread_blocked, id=9432, stack(0x000000a126600000,0x000000a126700000) (1024K)]
  0x000002641a432a50 JavaThread "Compiler Source File Reader" daemon [_thread_blocked, id=20400, stack(0x000000a126700000,0x000000a126800000) (1024K)]
  0x000002641a433e00 JavaThread "Compiler Processing Task"   daemon [_thread_blocked, id=18384, stack(0x000000a123800000,0x000000a123900000) (1024K)]
  0x000002641a42e220 JavaThread "Compiler Class File Writer" daemon [_thread_blocked, id=19172, stack(0x000000a126800000,0x000000a126900000) (1024K)]
  0x000002641a4316a0 JavaThread "Compiler Class File Writer" daemon [_thread_blocked, id=19700, stack(0x000000a126900000,0x000000a126a00000) (1024K)]
  0x000002641a434490 JavaThread "Compiler Class File Writer" daemon [_thread_blocked, id=8444, stack(0x000000a126a00000,0x000000a126b00000) (1024K)]
  0x000002641a434b20 JavaThread "Compiler Class File Writer" daemon [_thread_blocked, id=9448, stack(0x000000a126b00000,0x000000a126c00000) (1024K)]
  0x000002641a42e8b0 JavaThread "Compiler Class File Writer" daemon [_thread_blocked, id=20124, stack(0x000000a126c00000,0x000000a126d00000) (1024K)]
  0x000002641a431010 JavaThread "Compiler Class File Writer" daemon [_thread_blocked, id=17804, stack(0x000000a126d00000,0x000000a126e00000) (1024K)]
  0x000002641a42ef40 JavaThread "Compiler Class File Writer" daemon [_thread_blocked, id=8464, stack(0x000000a126e00000,0x000000a126f00000) (1024K)]
  0x000002641a42db90 JavaThread "Compiler Class File Writer" daemon [_thread_blocked, id=6508, stack(0x000000a126f00000,0x000000a127000000) (1024K)]
  0x000002641a4351b0 JavaThread "Compiler Class File Writer" daemon [_thread_blocked, id=7764, stack(0x000000a127000000,0x000000a127100000) (1024K)]
  0x000002641a42f5d0 JavaThread "Compiler Class File Writer" daemon [_thread_blocked, id=20016, stack(0x000000a127100000,0x000000a127200000) (1024K)]
  0x000002641a4302f0 JavaThread "Timer-0"                           [_thread_blocked, id=7908, stack(0x000000a127200000,0x000000a127300000) (1024K)]
  0x000002641dfc28b0 JavaThread "ForkJoinPool.commonPool-worker-1" daemon [_thread_blocked, id=16692, stack(0x000000a127500000,0x000000a127600000) (1024K)]
  0x000002641dfbfac0 JavaThread "ForkJoinPool.commonPool-worker-2" daemon [_thread_blocked, id=7212, stack(0x000000a127600000,0x000000a127700000) (1024K)]
  0x000002641dfc2f40 JavaThread "ForkJoinPool.commonPool-worker-3" daemon [_thread_blocked, id=8828, stack(0x000000a127700000,0x000000a127800000) (1024K)]
  0x000002641dfc0e70 JavaThread "ForkJoinPool.commonPool-worker-4" daemon [_thread_blocked, id=20352, stack(0x000000a127800000,0x000000a127900000) (1024K)]
  0x000002641dfc4980 JavaThread "pool-3-thread-1"                   [_thread_blocked, id=19816, stack(0x000000a122600000,0x000000a122700000) (1024K)]
=>0x000002641a1e5b80 JavaThread "C2 CompilerThread1"         daemon [_thread_in_native, id=18620, stack(0x000000a122800000,0x000000a122900000) (1024K)]
  0x000002641b3098c0 JavaThread "C2 CompilerThread2"         daemon [_thread_in_vm, id=19744, stack(0x000000a127b00000,0x000000a127c00000) (1024K)]
Total: 83

Other Threads:
  0x00000263bea3e580 VMThread "VM Thread"                           [id=18476, stack(0x000000a121c00000,0x000000a121d00000) (1024K)]
  0x00000263be9e8a30 WatcherThread "VM Periodic Task Thread"        [id=15716, stack(0x000000a121b00000,0x000000a121c00000) (1024K)]
  0x00000263be99c830 WorkerThread "GC Thread#0"                     [id=18012, stack(0x000000a121a00000,0x000000a121b00000) (1024K)]
  0x000002641a62aed0 WorkerThread "GC Thread#1"                     [id=11988, stack(0x000000a122900000,0x000000a122a00000) (1024K)]
  0x000002641a62b270 WorkerThread "GC Thread#2"                     [id=11740, stack(0x000000a122a00000,0x000000a122b00000) (1024K)]
  0x000002641abfdc90 WorkerThread "GC Thread#3"                     [id=12496, stack(0x000000a122b00000,0x000000a122c00000) (1024K)]
  0x000002641abfe030 WorkerThread "GC Thread#4"                     [id=13580, stack(0x000000a122c00000,0x000000a122d00000) (1024K)]
  0x000002641abfe3d0 WorkerThread "GC Thread#5"                     [id=13872, stack(0x000000a122d00000,0x000000a122e00000) (1024K)]
  0x000002641abfe770 WorkerThread "GC Thread#6"                     [id=2396, stack(0x000000a122e00000,0x000000a122f00000) (1024K)]
  0x000002641a8d9220 WorkerThread "GC Thread#7"                     [id=8452, stack(0x000000a123100000,0x000000a123200000) (1024K)]
  0x000002641b4ef410 WorkerThread "GC Thread#8"                     [id=18084, stack(0x000000a123500000,0x000000a123600000) (1024K)]
  0x000002641af71f70 WorkerThread "GC Thread#9"                     [id=13724, stack(0x000000a123600000,0x000000a123700000) (1024K)]
Total: 12

Threads with active compile tasks:
C2 CompilerThread0  55622 12905       4       org.eclipse.osgi.internal.loader.BundleLoader::addExportedProvidersFor (167 bytes)
C2 CompilerThread1  55622 12921 %     4       java.lang.StringLatin1::lastIndexOf @ 18 (40 bytes)
C2 CompilerThread2  55622 12923       4       java.io.DataOutputStream::writeInt (28 bytes)
Total: 3

VM state: not at safepoint (normal execution)

VM Mutex/Monitor currently owned by a thread: None

Heap address: 0x00000000c0000000, size: 1024 MB, Compressed Oops mode: 32-bit

CDS archive(s) mapped at: [0x00000263d3000000-0x00000263d3ba0000-0x00000263d3ba0000), size 12189696, SharedBaseAddress: 0x00000263d3000000, ArchiveRelocationMode: 1.
Compressed class space mapped at: 0x00000263d4000000-0x0000026414000000, reserved size: 1073741824
Narrow klass base: 0x00000263d3000000, Narrow klass shift: 0, Narrow klass range: 0x100000000

GC Precious Log:
 CardTable entry size: 512
 CPUs: 12 total, 12 available
 Memory: 16205M
 Large Page Support: Disabled
 NUMA Support: Disabled
 Compressed Oops: Enabled (32-bit)
 Alignments: Space 512K, Generation 512K, Heap 2M
 Heap Min Capacity: 100M
 Heap Initial Capacity: 100M
 Heap Max Capacity: 1G
 Pre-touch: Disabled
 Parallel Workers: 10

Heap:
 PSYoungGen      total 4608K, used 3371K [0x00000000eab00000, 0x00000000eb280000, 0x0000000100000000)
  eden space 3072K, 95% used [0x00000000eab00000,0x00000000eaddadb0,0x00000000eae00000)
  from space 1536K, 29% used [0x00000000eaf80000,0x00000000eaff0000,0x00000000eb100000)
  to   space 1024K, 0% used [0x00000000eb180000,0x00000000eb180000,0x00000000eb280000)
 ParOldGen       total 405504K, used 405120K [0x00000000c0000000, 0x00000000d8c00000, 0x00000000eab00000)
  object space 405504K, 99% used [0x00000000c0000000,0x00000000d8ba0160,0x00000000d8c00000)
 Metaspace       used 72788K, committed 74304K, reserved 1179648K
  class space    used 7963K, committed 8640K, reserved 1048576K

Card table byte_map: [0x00000263be320000,0x00000263be530000] _byte_map_base: 0x00000263bdd20000

Marking Bits: (ParMarkBitMap*) 0x00007ff841833260
 Begin Bits: [0x00000263d0b70000, 0x00000263d1b70000)
 End Bits:   [0x00000263d1b70000, 0x00000263d2b70000)

Polling page: 0x00000263bc7c0000

Metaspace:

Usage:
  Non-class:     63.31 MB used.
      Class:      7.78 MB used.
       Both:     71.08 MB used.

Virtual space:
  Non-class space:      128.00 MB reserved,      64.12 MB ( 50%) committed,  2 nodes.
      Class space:        1.00 GB reserved,       8.44 MB ( <1%) committed,  1 nodes.
             Both:        1.12 GB reserved,      72.56 MB (  6%) committed. 

Chunk freelists:
   Non-Class:  15.77 MB
       Class:  7.48 MB
        Both:  23.24 MB

MaxMetaspaceSize: unlimited
CompressedClassSpaceSize: 1.00 GB
Initial GC threshold: 21.00 MB
Current GC threshold: 97.31 MB
CDS: on
 - commit_granule_bytes: 65536.
 - commit_granule_words: 8192.
 - virtual_space_node_default_size: 8388608.
 - enlarge_chunks_in_place: 1.
 - use_allocation_guard: 0.


Internal statistics:

num_allocs_failed_limit: 9.
num_arena_births: 1232.
num_arena_deaths: 26.
num_vsnodes_births: 3.
num_vsnodes_deaths: 0.
num_space_committed: 1161.
num_space_uncommitted: 0.
num_chunks_returned_to_freelist: 39.
num_chunks_taken_from_freelist: 4337.
num_chunk_merges: 15.
num_chunk_splits: 2755.
num_chunks_enlarged: 1723.
num_inconsistent_stats: 0.

CodeHeap 'non-profiled nmethods': size=120000Kb used=8473Kb max_used=8473Kb free=111526Kb
 bounds [0x00000263c9640000, 0x00000263c9e90000, 0x00000263d0b70000]
CodeHeap 'profiled nmethods': size=120000Kb used=27504Kb max_used=27504Kb free=92495Kb
 bounds [0x00000263c1b70000, 0x00000263c3650000, 0x00000263c90a0000]
CodeHeap 'non-nmethods': size=5760Kb used=1470Kb max_used=1575Kb free=4289Kb
 bounds [0x00000263c90a0000, 0x00000263c9310000, 0x00000263c9640000]
 total_blobs=12902 nmethods=12118 adapters=689
 compilation: enabled
              stopped_count=0, restarted_count=0
 full_count=0

Compilation events (20 events):
Event: 55.528 Thread 0x000002641a032210 nmethod 12911 0x00000263c3641510 code [0x00000263c3641940, 0x00000263c3643948]
Event: 55.528 Thread 0x000002641a032210 12909       3       jdk.internal.loader.BuiltinClassLoader$1::hasMoreElements (5 bytes)
Event: 55.528 Thread 0x000002641a032210 nmethod 12909 0x00000263c3644590 code [0x00000263c3644740, 0x00000263c3644878]
Event: 55.528 Thread 0x000002641a032210 12910       3       java.util.ServiceLoader$3::checkReloadCount (23 bytes)
Event: 55.528 Thread 0x000002641a032210 nmethod 12910 0x00000263c3644910 code [0x00000263c3644ac0, 0x00000263c3644ce8]
Event: 55.529 Thread 0x000002641a032210 12913       3       java.util.Collections$SynchronizedCollection::<init> (24 bytes)
Event: 55.529 Thread 0x000002641a032210 nmethod 12913 0x00000263c3644e10 code [0x00000263c3645000, 0x00000263c3645558]
Event: 55.529 Thread 0x000002641a032210 12914  s    3       java.util.Properties::setProperty (7 bytes)
Event: 55.529 Thread 0x000002641a032210 nmethod 12914 0x00000263c3645710 code [0x00000263c36458c0, 0x00000263c3645b50]
Event: 55.529 Thread 0x000002641a032210 12915       3       java.util.concurrent.ConcurrentHashMap$EntrySetView::<init> (6 bytes)
Event: 55.530 Thread 0x000002641a032210 nmethod 12915 0x00000263c3645c10 code [0x00000263c3645dc0, 0x00000263c3645fa8]
Event: 55.557 Thread 0x000002641a032210 12917       3       jdk.internal.misc.Unsafe::getAndBitwiseOrInt (27 bytes)
Event: 55.557 Thread 0x000002641a032210 nmethod 12917 0x00000263c3646090 code [0x00000263c3646240, 0x00000263c3646470]
Event: 55.558 Thread 0x000002641a032210 12918       3       java.lang.ThreadLocal$ThreadLocalMap::set (133 bytes)
Event: 55.559 Thread 0x000002641a032210 nmethod 12918 0x00000263c3646590 code [0x00000263c3646820, 0x00000263c3647430]
Event: 55.580 Thread 0x000002641a032210 12919       1       org.eclipse.core.internal.resources.BuildConfiguration::getProject (5 bytes)
Event: 55.580 Thread 0x000002641a032210 nmethod 12919 0x00000263c9e86010 code [0x00000263c9e861a0, 0x00000263c9e86268]
Event: 55.580 Thread 0x000002641a032210 12920   !   3       org.eclipse.core.internal.localstore.SafeFileOutputStream::write (20 bytes)
Event: 55.581 Thread 0x000002641a032210 nmethod 12920 0x00000263c3647910 code [0x00000263c3647ac0, 0x00000263c3647cd8]
Event: 55.581 Thread 0x000002641a1e5b80 12921 %     4       java.lang.StringLatin1::lastIndexOf @ 18 (40 bytes)

GC Heap History (20 events):
Event: 14.717 GC heap before
{Heap before GC invocations=319 (full 3):
 PSYoungGen      total 6656K, used 3872K [0x00000000eab00000, 0x00000000eb500000, 0x0000000100000000)
  eden space 3072K, 100% used [0x00000000eab00000,0x00000000eae00000,0x00000000eae00000)
  from space 3584K, 22% used [0x00000000eaf80000,0x00000000eb048018,0x00000000eb300000)
  to   space 1536K, 0% used [0x00000000eb380000,0x00000000eb380000,0x00000000eb500000)
 ParOldGen       total 399360K, used 398902K [0x00000000c0000000, 0x00000000d8600000, 0x00000000eab00000)
  object space 399360K, 99% used [0x00000000c0000000,0x00000000d858db00,0x00000000d8600000)
 Metaspace       used 71855K, committed 73344K, reserved 1114112K
  class space    used 7873K, committed 8512K, reserved 1048576K
}
Event: 14.718 GC heap after
{Heap after GC invocations=319 (full 3):
 PSYoungGen      total 3584K, used 352K [0x00000000eab00000, 0x00000000eb400000, 0x0000000100000000)
  eden space 3072K, 0% used [0x00000000eab00000,0x00000000eab00000,0x00000000eae00000)
  from space 512K, 68% used [0x00000000eb380000,0x00000000eb3d8000,0x00000000eb400000)
  to   space 1024K, 0% used [0x00000000eb200000,0x00000000eb200000,0x00000000eb300000)
 ParOldGen       total 399872K, used 399536K [0x00000000c0000000, 0x00000000d8680000, 0x00000000eab00000)
  object space 399872K, 99% used [0x00000000c0000000,0x00000000d862c340,0x00000000d8680000)
 Metaspace       used 71855K, committed 73344K, reserved 1114112K
  class space    used 7873K, committed 8512K, reserved 1048576K
}
Event: 14.746 GC heap before
{Heap before GC invocations=320 (full 3):
 PSYoungGen      total 3584K, used 3424K [0x00000000eab00000, 0x00000000eb400000, 0x0000000100000000)
  eden space 3072K, 100% used [0x00000000eab00000,0x00000000eae00000,0x00000000eae00000)
  from space 512K, 68% used [0x00000000eb380000,0x00000000eb3d8000,0x00000000eb400000)
  to   space 1024K, 0% used [0x00000000eb200000,0x00000000eb200000,0x00000000eb300000)
 ParOldGen       total 399872K, used 399536K [0x00000000c0000000, 0x00000000d8680000, 0x00000000eab00000)
  object space 399872K, 99% used [0x00000000c0000000,0x00000000d862c340,0x00000000d8680000)
 Metaspace       used 71872K, committed 73408K, reserved 1114112K
  class space    used 7874K, committed 8512K, reserved 1048576K
}
Event: 14.746 GC heap after
{Heap after GC invocations=320 (full 3):
 PSYoungGen      total 4096K, used 320K [0x00000000eab00000, 0x00000000eb400000, 0x0000000100000000)
  eden space 3072K, 0% used [0x00000000eab00000,0x00000000eab00000,0x00000000eae00000)
  from space 1024K, 31% used [0x00000000eb200000,0x00000000eb250000,0x00000000eb300000)
  to   space 512K, 0% used [0x00000000eb380000,0x00000000eb380000,0x00000000eb400000)
 ParOldGen       total 399872K, used 399688K [0x00000000c0000000, 0x00000000d8680000, 0x00000000eab00000)
  object space 399872K, 99% used [0x00000000c0000000,0x00000000d86521f8,0x00000000d8680000)
 Metaspace       used 71872K, committed 73408K, reserved 1114112K
  class space    used 7874K, committed 8512K, reserved 1048576K
}
Event: 14.769 GC heap before
{Heap before GC invocations=321 (full 3):
 PSYoungGen      total 4096K, used 3392K [0x00000000eab00000, 0x00000000eb400000, 0x0000000100000000)
  eden space 3072K, 100% used [0x00000000eab00000,0x00000000eae00000,0x00000000eae00000)
  from space 1024K, 31% used [0x00000000eb200000,0x00000000eb250000,0x00000000eb300000)
  to   space 512K, 0% used [0x00000000eb380000,0x00000000eb380000,0x00000000eb400000)
 ParOldGen       total 399872K, used 399688K [0x00000000c0000000, 0x00000000d8680000, 0x00000000eab00000)
  object space 399872K, 99% used [0x00000000c0000000,0x00000000d86521f8,0x00000000d8680000)
 Metaspace       used 71928K, committed 73472K, reserved 1114112K
  class space    used 7876K, committed 8576K, reserved 1048576K
}
Event: 14.770 GC heap after
{Heap after GC invocations=321 (full 3):
 PSYoungGen      total 3584K, used 480K [0x00000000eab00000, 0x00000000eb400000, 0x0000000100000000)
  eden space 3072K, 0% used [0x00000000eab00000,0x00000000eab00000,0x00000000eae00000)
  from space 512K, 93% used [0x00000000eb380000,0x00000000eb3f83a8,0x00000000eb400000)
  to   space 1536K, 0% used [0x00000000eb100000,0x00000000eb100000,0x00000000eb280000)
 ParOldGen       total 400384K, used 400332K [0x00000000c0000000, 0x00000000d8700000, 0x00000000eab00000)
  object space 400384K, 99% used [0x00000000c0000000,0x00000000d86f3228,0x00000000d8700000)
 Metaspace       used 71928K, committed 73472K, reserved 1114112K
  class space    used 7876K, committed 8576K, reserved 1048576K
}
Event: 14.796 GC heap before
{Heap before GC invocations=322 (full 3):
 PSYoungGen      total 3584K, used 3552K [0x00000000eab00000, 0x00000000eb400000, 0x0000000100000000)
  eden space 3072K, 100% used [0x00000000eab00000,0x00000000eae00000,0x00000000eae00000)
  from space 512K, 93% used [0x00000000eb380000,0x00000000eb3f83a8,0x00000000eb400000)
  to   space 1536K, 0% used [0x00000000eb100000,0x00000000eb100000,0x00000000eb280000)
 ParOldGen       total 400384K, used 400332K [0x00000000c0000000, 0x00000000d8700000, 0x00000000eab00000)
  object space 400384K, 99% used [0x00000000c0000000,0x00000000d86f3228,0x00000000d8700000)
 Metaspace       used 71955K, committed 73536K, reserved 1114112K
  class space    used 7876K, committed 8576K, reserved 1048576K
}
Event: 14.797 GC heap after
{Heap after GC invocations=322 (full 3):
 PSYoungGen      total 4608K, used 597K [0x00000000eab00000, 0x00000000eb400000, 0x0000000100000000)
  eden space 3072K, 0% used [0x00000000eab00000,0x00000000eab00000,0x00000000eae00000)
  from space 1536K, 38% used [0x00000000eb100000,0x00000000eb1956c0,0x00000000eb280000)
  to   space 1024K, 0% used [0x00000000eb300000,0x00000000eb300000,0x00000000eb400000)
 ParOldGen       total 400896K, used 400821K [0x00000000c0000000, 0x00000000d8780000, 0x00000000eab00000)
  object space 400896K, 99% used [0x00000000c0000000,0x00000000d876d4d8,0x00000000d8780000)
 Metaspace       used 71955K, committed 73536K, reserved 1114112K
  class space    used 7876K, committed 8576K, reserved 1048576K
}
Event: 14.829 GC heap before
{Heap before GC invocations=323 (full 3):
 PSYoungGen      total 4608K, used 3669K [0x00000000eab00000, 0x00000000eb400000, 0x0000000100000000)
  eden space 3072K, 100% used [0x00000000eab00000,0x00000000eae00000,0x00000000eae00000)
  from space 1536K, 38% used [0x00000000eb100000,0x00000000eb1956c0,0x00000000eb280000)
  to   space 1024K, 0% used [0x00000000eb300000,0x00000000eb300000,0x00000000eb400000)
 ParOldGen       total 400896K, used 400821K [0x00000000c0000000, 0x00000000d8780000, 0x00000000eab00000)
  object space 400896K, 99% used [0x00000000c0000000,0x00000000d876d4d8,0x00000000d8780000)
 Metaspace       used 71983K, committed 73536K, reserved 1114112K
  class space    used 7876K, committed 8576K, reserved 1048576K
}
Event: 14.830 GC heap after
{Heap after GC invocations=323 (full 3):
 PSYoungGen      total 3584K, used 355K [0x00000000eab00000, 0x00000000eb380000, 0x0000000100000000)
  eden space 3072K, 0% used [0x00000000eab00000,0x00000000eab00000,0x00000000eae00000)
  from space 512K, 69% used [0x00000000eb300000,0x00000000eb358dc8,0x00000000eb380000)
  to   space 512K, 0% used [0x00000000eb280000,0x00000000eb280000,0x00000000eb300000)
 ParOldGen       total 401408K, used 401069K [0x00000000c0000000, 0x00000000d8800000, 0x00000000eab00000)
  object space 401408K, 99% used [0x00000000c0000000,0x00000000d87ab4d8,0x00000000d8800000)
 Metaspace       used 71983K, committed 73536K, reserved 1114112K
  class space    used 7876K, committed 8576K, reserved 1048576K
}
Event: 14.859 GC heap before
{Heap before GC invocations=324 (full 3):
 PSYoungGen      total 3584K, used 3427K [0x00000000eab00000, 0x00000000eb380000, 0x0000000100000000)
  eden space 3072K, 100% used [0x00000000eab00000,0x00000000eae00000,0x00000000eae00000)
  from space 512K, 69% used [0x00000000eb300000,0x00000000eb358dc8,0x00000000eb380000)
  to   space 512K, 0% used [0x00000000eb280000,0x00000000eb280000,0x00000000eb300000)
 ParOldGen       total 401408K, used 401069K [0x00000000c0000000, 0x00000000d8800000, 0x00000000eab00000)
  object space 401408K, 99% used [0x00000000c0000000,0x00000000d87ab4d8,0x00000000d8800000)
 Metaspace       used 71986K, committed 73536K, reserved 1114112K
  class space    used 7876K, committed 8576K, reserved 1048576K
}
Event: 14.860 GC heap after
{Heap after GC invocations=324 (full 3):
 PSYoungGen      total 3584K, used 384K [0x00000000eab00000, 0x00000000eb380000, 0x0000000100000000)
  eden space 3072K, 0% used [0x00000000eab00000,0x00000000eab00000,0x00000000eae00000)
  from space 512K, 75% used [0x00000000eb280000,0x00000000eb2e0000,0x00000000eb300000)
  to   space 512K, 0% used [0x00000000eb300000,0x00000000eb300000,0x00000000eb380000)
 ParOldGen       total 401408K, used 401189K [0x00000000c0000000, 0x00000000d8800000, 0x00000000eab00000)
  object space 401408K, 99% used [0x00000000c0000000,0x00000000d87c94d8,0x00000000d8800000)
 Metaspace       used 71986K, committed 73536K, reserved 1114112K
  class space    used 7876K, committed 8576K, reserved 1048576K
}
Event: 14.897 GC heap before
{Heap before GC invocations=325 (full 3):
 PSYoungGen      total 3584K, used 3456K [0x00000000eab00000, 0x00000000eb380000, 0x0000000100000000)
  eden space 3072K, 100% used [0x00000000eab00000,0x00000000eae00000,0x00000000eae00000)
  from space 512K, 75% used [0x00000000eb280000,0x00000000eb2e0000,0x00000000eb300000)
  to   space 512K, 0% used [0x00000000eb300000,0x00000000eb300000,0x00000000eb380000)
 ParOldGen       total 401408K, used 401189K [0x00000000c0000000, 0x00000000d8800000, 0x00000000eab00000)
  object space 401408K, 99% used [0x00000000c0000000,0x00000000d87c94d8,0x00000000d8800000)
 Metaspace       used 72050K, committed 73600K, reserved 1114112K
  class space    used 7891K, committed 8576K, reserved 1048576K
}
Event: 14.899 GC heap after
{Heap after GC invocations=325 (full 3):
 PSYoungGen      total 3584K, used 480K [0x00000000eab00000, 0x00000000eb380000, 0x0000000100000000)
  eden space 3072K, 0% used [0x00000000eab00000,0x00000000eab00000,0x00000000eae00000)
  from space 512K, 93% used [0x00000000eb300000,0x00000000eb378228,0x00000000eb380000)
  to   space 1536K, 0% used [0x00000000eb080000,0x00000000eb080000,0x00000000eb200000)
 ParOldGen       total 402432K, used 401933K [0x00000000c0000000, 0x00000000d8900000, 0x00000000eab00000)
  object space 402432K, 99% used [0x00000000c0000000,0x00000000d8883700,0x00000000d8900000)
 Metaspace       used 72050K, committed 73600K, reserved 1114112K
  class space    used 7891K, committed 8576K, reserved 1048576K
}
Event: 14.912 GC heap before
{Heap before GC invocations=326 (full 3):
 PSYoungGen      total 3584K, used 3552K [0x00000000eab00000, 0x00000000eb380000, 0x0000000100000000)
  eden space 3072K, 99% used [0x00000000eab00000,0x00000000eadfffb8,0x00000000eae00000)
  from space 512K, 93% used [0x00000000eb300000,0x00000000eb378228,0x00000000eb380000)
  to   space 1536K, 0% used [0x00000000eb080000,0x00000000eb080000,0x00000000eb200000)
 ParOldGen       total 402432K, used 401933K [0x00000000c0000000, 0x00000000d8900000, 0x00000000eab00000)
  object space 402432K, 99% used [0x00000000c0000000,0x00000000d8883700,0x00000000d8900000)
 Metaspace       used 72079K, committed 73600K, reserved 1114112K
  class space    used 7896K, committed 8576K, reserved 1048576K
}
Event: 14.914 GC heap after
{Heap after GC invocations=326 (full 3):
 PSYoungGen      total 4608K, used 1504K [0x00000000eab00000, 0x00000000eb500000, 0x0000000100000000)
  eden space 3072K, 0% used [0x00000000eab00000,0x00000000eab00000,0x00000000eae00000)
  from space 1536K, 97% used [0x00000000eb080000,0x00000000eb1f8020,0x00000000eb200000)
  to   space 3072K, 0% used [0x00000000eb200000,0x00000000eb200000,0x00000000eb500000)
 ParOldGen       total 403456K, used 403296K [0x00000000c0000000, 0x00000000d8a00000, 0x00000000eab00000)
  object space 403456K, 99% used [0x00000000c0000000,0x00000000d89d8130,0x00000000d8a00000)
 Metaspace       used 72079K, committed 73600K, reserved 1114112K
  class space    used 7896K, committed 8576K, reserved 1048576K
}
Event: 21.654 GC heap before
{Heap before GC invocations=327 (full 3):
 PSYoungGen      total 4608K, used 4576K [0x00000000eab00000, 0x00000000eb500000, 0x0000000100000000)
  eden space 3072K, 99% used [0x00000000eab00000,0x00000000eadfffe8,0x00000000eae00000)
  from space 1536K, 97% used [0x00000000eb080000,0x00000000eb1f8020,0x00000000eb200000)
  to   space 3072K, 0% used [0x00000000eb200000,0x00000000eb200000,0x00000000eb500000)
 ParOldGen       total 403456K, used 403296K [0x00000000c0000000, 0x00000000d8a00000, 0x00000000eab00000)
  object space 403456K, 99% used [0x00000000c0000000,0x00000000d89d8130,0x00000000d8a00000)
 Metaspace       used 72290K, committed 73792K, reserved 1179648K
  class space    used 7915K, committed 8576K, reserved 1048576K
}
Event: 21.658 GC heap after
{Heap after GC invocations=327 (full 3):
 PSYoungGen      total 3584K, used 416K [0x00000000eab00000, 0x00000000eb280000, 0x0000000100000000)
  eden space 3072K, 0% used [0x00000000eab00000,0x00000000eab00000,0x00000000eae00000)
  from space 512K, 81% used [0x00000000eb200000,0x00000000eb268000,0x00000000eb280000)
  to   space 1536K, 0% used [0x00000000eaf80000,0x00000000eaf80000,0x00000000eb100000)
 ParOldGen       total 404992K, used 404840K [0x00000000c0000000, 0x00000000d8b80000, 0x00000000eab00000)
  object space 404992K, 99% used [0x00000000c0000000,0x00000000d8b5a160,0x00000000d8b80000)
 Metaspace       used 72290K, committed 73792K, reserved 1179648K
  class space    used 7915K, committed 8576K, reserved 1048576K
}
Event: 31.741 GC heap before
{Heap before GC invocations=328 (full 3):
 PSYoungGen      total 3584K, used 3487K [0x00000000eab00000, 0x00000000eb280000, 0x0000000100000000)
  eden space 3072K, 99% used [0x00000000eab00000,0x00000000eadffff0,0x00000000eae00000)
  from space 512K, 81% used [0x00000000eb200000,0x00000000eb268000,0x00000000eb280000)
  to   space 1536K, 0% used [0x00000000eaf80000,0x00000000eaf80000,0x00000000eb100000)
 ParOldGen       total 404992K, used 404840K [0x00000000c0000000, 0x00000000d8b80000, 0x00000000eab00000)
  object space 404992K, 99% used [0x00000000c0000000,0x00000000d8b5a160,0x00000000d8b80000)
 Metaspace       used 72401K, committed 73856K, reserved 1179648K
  class space    used 7920K, committed 8576K, reserved 1048576K
}
Event: 31.744 GC heap after
{Heap after GC invocations=328 (full 3):
 PSYoungGen      total 4608K, used 448K [0x00000000eab00000, 0x00000000eb280000, 0x0000000100000000)
  eden space 3072K, 0% used [0x00000000eab00000,0x00000000eab00000,0x00000000eae00000)
  from space 1536K, 29% used [0x00000000eaf80000,0x00000000eaff0000,0x00000000eb100000)
  to   space 1024K, 0% used [0x00000000eb180000,0x00000000eb180000,0x00000000eb280000)
 ParOldGen       total 405504K, used 405120K [0x00000000c0000000, 0x00000000d8c00000, 0x00000000eab00000)
  object space 405504K, 99% used [0x00000000c0000000,0x00000000d8ba0160,0x00000000d8c00000)
 Metaspace       used 72401K, committed 73856K, reserved 1179648K
  class space    used 7920K, committed 8576K, reserved 1048576K
}

Dll operation events (15 events):
Event: 0.013 Loaded shared library c:\Users\zinzi\.vscode\extensions\redhat.java-1.40.0-win32-x64\jre\21.0.6-win32-x86_64\bin\java.dll
Event: 0.135 Loaded shared library c:\Users\zinzi\.vscode\extensions\redhat.java-1.40.0-win32-x64\jre\21.0.6-win32-x86_64\bin\zip.dll
Event: 0.167 Loaded shared library C:\Users\zinzi\.vscode\extensions\redhat.java-1.40.0-win32-x64\jre\21.0.6-win32-x86_64\bin\instrument.dll
Event: 0.175 Loaded shared library C:\Users\zinzi\.vscode\extensions\redhat.java-1.40.0-win32-x64\jre\21.0.6-win32-x86_64\bin\net.dll
Event: 0.179 Loaded shared library C:\Users\zinzi\.vscode\extensions\redhat.java-1.40.0-win32-x64\jre\21.0.6-win32-x86_64\bin\nio.dll
Event: 0.184 Loaded shared library C:\Users\zinzi\.vscode\extensions\redhat.java-1.40.0-win32-x64\jre\21.0.6-win32-x86_64\bin\zip.dll
Event: 0.211 Loaded shared library C:\Users\zinzi\.vscode\extensions\redhat.java-1.40.0-win32-x64\jre\21.0.6-win32-x86_64\bin\jimage.dll
Event: 0.330 Loaded shared library c:\Users\zinzi\.vscode\extensions\redhat.java-1.40.0-win32-x64\jre\21.0.6-win32-x86_64\bin\verify.dll
Event: 1.934 Loaded shared library C:\Users\zinzi\AppData\Roaming\Code\User\globalStorage\redhat.java\1.40.0\config_win\org.eclipse.equinox.launcher\org.eclipse.equinox.launcher.win32.win32.x86_64_1.2.1200.v20250212-0927\eclipse_11909.dll
Event: 3.757 Loaded shared library C:\Users\zinzi\AppData\Local\Temp\jna-115907214\jna12247316418380554824.dll
Event: 12.435 Loaded shared library C:\Users\zinzi\.gradle\native\1def1411415f61bf3af743bc5b6707747c0891f09f0c88961ee8f79bc544acac\windows-amd64\native-platform.dll
Event: 13.440 Loaded shared library C:\Users\zinzi\.vscode\extensions\redhat.java-1.40.0-win32-x64\jre\21.0.6-win32-x86_64\bin\management.dll
Event: 13.443 Loaded shared library C:\Users\zinzi\.vscode\extensions\redhat.java-1.40.0-win32-x64\jre\21.0.6-win32-x86_64\bin\management_ext.dll
Event: 13.585 Loaded shared library C:\Users\zinzi\.vscode\extensions\redhat.java-1.40.0-win32-x64\jre\21.0.6-win32-x86_64\bin\sunmscapi.dll
Event: 13.814 Loaded shared library C:\Users\zinzi\.vscode\extensions\redhat.java-1.40.0-win32-x64\jre\21.0.6-win32-x86_64\bin\extnet.dll

Deoptimization events (20 events):
Event: 55.511 Thread 0x000002641b0477e0 Uncommon trap: trap_request=0xffffff45 fr.pc=0x00000263c96a1e18 relative=0x0000000000000338
Event: 55.511 Thread 0x000002641b0477e0 Uncommon trap: reason=unstable_if action=reinterpret pc=0x00000263c96a1e18 method=java.lang.ThreadLocal$ThreadLocalMap.set(Ljava/lang/ThreadLocal;Ljava/lang/Object;)V @ 116 c2
Event: 55.511 Thread 0x000002641b0477e0 DEOPT PACKING pc=0x00000263c96a1e18 sp=0x000000a123ffdef0
Event: 55.511 Thread 0x000002641b0477e0 DEOPT UNPACKING pc=0x00000263c90f3aa2 sp=0x000000a123ffde78 mode 2
Event: 55.579 Thread 0x000002641b0477e0 Uncommon trap: trap_request=0xffffffde fr.pc=0x00000263c9e73ca0 relative=0x0000000000000520
Event: 55.579 Thread 0x000002641b0477e0 Uncommon trap: reason=class_check action=maybe_recompile pc=0x00000263c9e73ca0 method=java.io.DataOutputStream.writeInt(I)V @ 19 c2
Event: 55.579 Thread 0x000002641b0477e0 DEOPT PACKING pc=0x00000263c9e73ca0 sp=0x000000a123fff2c0
Event: 55.580 Thread 0x000002641b0477e0 DEOPT UNPACKING pc=0x00000263c90f3aa2 sp=0x000000a123fff278 mode 2
Event: 55.580 Thread 0x000002641b0477e0 Uncommon trap: trap_request=0xffffffde fr.pc=0x00000263c9e73ca0 relative=0x0000000000000520
Event: 55.580 Thread 0x000002641b0477e0 Uncommon trap: reason=class_check action=maybe_recompile pc=0x00000263c9e73ca0 method=java.io.DataOutputStream.writeInt(I)V @ 19 c2
Event: 55.580 Thread 0x000002641b0477e0 DEOPT PACKING pc=0x00000263c9e73ca0 sp=0x000000a123fff080
Event: 55.580 Thread 0x000002641b0477e0 DEOPT UNPACKING pc=0x00000263c90f3aa2 sp=0x000000a123fff038 mode 2
Event: 55.580 Thread 0x000002641b0477e0 Uncommon trap: trap_request=0xffffffde fr.pc=0x00000263c9e73ca0 relative=0x0000000000000520
Event: 55.580 Thread 0x000002641b0477e0 Uncommon trap: reason=class_check action=maybe_recompile pc=0x00000263c9e73ca0 method=java.io.DataOutputStream.writeInt(I)V @ 19 c2
Event: 55.580 Thread 0x000002641b0477e0 DEOPT PACKING pc=0x00000263c9e73ca0 sp=0x000000a123fff1d0
Event: 55.580 Thread 0x000002641b0477e0 DEOPT UNPACKING pc=0x00000263c90f3aa2 sp=0x000000a123fff188 mode 2
Event: 55.580 Thread 0x000002641b0477e0 Uncommon trap: trap_request=0xffffffde fr.pc=0x00000263c9e73ca0 relative=0x0000000000000520
Event: 55.580 Thread 0x000002641b0477e0 Uncommon trap: reason=class_check action=maybe_recompile pc=0x00000263c9e73ca0 method=java.io.DataOutputStream.writeInt(I)V @ 19 c2
Event: 55.580 Thread 0x000002641b0477e0 DEOPT PACKING pc=0x00000263c9e73ca0 sp=0x000000a123fff120
Event: 55.580 Thread 0x000002641b0477e0 DEOPT UNPACKING pc=0x00000263c90f3aa2 sp=0x000000a123fff0d8 mode 2

Classes loaded (20 events):
Event: 55.501 Loading class java/util/concurrent/Executors$DelegatedExecutorService done
Event: 55.501 Loading class java/util/concurrent/Executors$DelegatedScheduledExecutorService done
Event: 55.520 Loading class com/sun/org/apache/xml/internal/serializer/ToUnknownStream
Event: 55.520 Loading class com/sun/org/apache/xml/internal/serializer/ToUnknownStream done
Event: 55.554 Loading class java/util/stream/Nodes$CollectorTask$OfRef
Event: 55.554 Loading class java/util/stream/Nodes$CollectorTask
Event: 55.555 Loading class java/util/stream/Nodes$CollectorTask done
Event: 55.555 Loading class java/util/stream/Nodes$CollectorTask$OfRef done
Event: 55.555 Loading class java/util/function/LongFunction
Event: 55.555 Loading class java/util/function/LongFunction done
Event: 55.556 Loading class java/util/stream/Nodes$ConcNode
Event: 55.556 Loading class java/util/stream/Nodes$AbstractConcNode
Event: 55.556 Loading class java/util/stream/Nodes$AbstractConcNode done
Event: 55.556 Loading class java/util/stream/Nodes$ConcNode done
Event: 55.565 Loading class java/io/ObjectOutputStream$BlockDataOutputStream
Event: 55.565 Loading class java/io/ObjectOutputStream$BlockDataOutputStream done
Event: 55.565 Loading class java/io/ObjectOutputStream$HandleTable
Event: 55.565 Loading class java/io/ObjectOutputStream$HandleTable done
Event: 55.566 Loading class java/io/ObjectOutputStream$ReplaceTable
Event: 55.566 Loading class java/io/ObjectOutputStream$ReplaceTable done

Classes unloaded (13 events):
Event: 4.429 Thread 0x00000263bea3e580 Unloading class 0x00000263d419d400 'java/lang/invoke/LambdaForm$MH+0x00000263d419d400'
Event: 4.429 Thread 0x00000263bea3e580 Unloading class 0x00000263d419d000 'java/lang/invoke/LambdaForm$MH+0x00000263d419d000'
Event: 4.429 Thread 0x00000263bea3e580 Unloading class 0x00000263d419cc00 'java/lang/invoke/LambdaForm$MH+0x00000263d419cc00'
Event: 4.429 Thread 0x00000263bea3e580 Unloading class 0x00000263d419c800 'java/lang/invoke/LambdaForm$MH+0x00000263d419c800'
Event: 4.429 Thread 0x00000263bea3e580 Unloading class 0x00000263d419c400 'java/lang/invoke/LambdaForm$BMH+0x00000263d419c400'
Event: 4.429 Thread 0x00000263bea3e580 Unloading class 0x00000263d419c000 'java/lang/invoke/LambdaForm$DMH+0x00000263d419c000'
Event: 4.429 Thread 0x00000263bea3e580 Unloading class 0x00000263d419ac00 'java/lang/invoke/LambdaForm$DMH+0x00000263d419ac00'
Event: 5.692 Thread 0x00000263bea3e580 Unloading class 0x00000263d4380400 'java/lang/invoke/LambdaForm$MH+0x00000263d4380400'
Event: 5.692 Thread 0x00000263bea3e580 Unloading class 0x00000263d437ac00 'java/lang/invoke/LambdaForm$MH+0x00000263d437ac00'
Event: 5.692 Thread 0x00000263bea3e580 Unloading class 0x00000263d437a000 'java/lang/invoke/LambdaForm$MH+0x00000263d437a000'
Event: 5.692 Thread 0x00000263bea3e580 Unloading class 0x00000263d4379800 'java/lang/invoke/LambdaForm$MH+0x00000263d4379800'
Event: 5.692 Thread 0x00000263bea3e580 Unloading class 0x00000263d4379400 'java/lang/invoke/LambdaForm$DMH+0x00000263d4379400'
Event: 5.692 Thread 0x00000263bea3e580 Unloading class 0x00000263d4378800 'java/lang/invoke/LambdaForm$MH+0x00000263d4378800'

Classes redefined (0 events):
No events

Internal exceptions (20 events):
Event: 14.096 Thread 0x000002641b047e70 Exception <a 'sun/nio/fs/WindowsException'{0x00000000eac5fd18}> (0x00000000eac5fd18) 
thrown [s\src\hotspot\share\prims\jni.cpp, line 520]
Event: 14.096 Thread 0x000002641b047e70 Exception <a 'sun/nio/fs/WindowsException'{0x00000000eac60a28}> (0x00000000eac60a28) 
thrown [s\src\hotspot\share\prims\jni.cpp, line 520]
Event: 14.096 Thread 0x000002641b047e70 Exception <a 'sun/nio/fs/WindowsException'{0x00000000eac61100}> (0x00000000eac61100) 
thrown [s\src\hotspot\share\prims\jni.cpp, line 520]
Event: 14.097 Thread 0x000002641b047e70 Exception <a 'sun/nio/fs/WindowsException'{0x00000000eac75a68}> (0x00000000eac75a68) 
thrown [s\src\hotspot\share\prims\jni.cpp, line 520]
Event: 14.097 Thread 0x000002641b047e70 Exception <a 'sun/nio/fs/WindowsException'{0x00000000eac76140}> (0x00000000eac76140) 
thrown [s\src\hotspot\share\prims\jni.cpp, line 520]
Event: 14.123 Thread 0x000002641b047e70 Exception <a 'sun/nio/fs/WindowsException'{0x00000000eae95bb8}> (0x00000000eae95bb8) 
thrown [s\src\hotspot\share\prims\jni.cpp, line 520]
Event: 14.123 Thread 0x000002641b047e70 Exception <a 'sun/nio/fs/WindowsException'{0x00000000eae96290}> (0x00000000eae96290) 
thrown [s\src\hotspot\share\prims\jni.cpp, line 520]
Event: 14.216 Thread 0x000002641b047e70 Exception <a 'java/io/FileNotFoundException'{0x00000000eac259f0}> (0x00000000eac259f0) 
thrown [s\src\hotspot\share\prims\jni.cpp, line 520]
Event: 14.216 Thread 0x000002641b047e70 Exception <a 'java/io/FileNotFoundException'{0x00000000eac26758}> (0x00000000eac26758) 
thrown [s\src\hotspot\share\prims\jni.cpp, line 520]
Event: 14.221 Thread 0x000002641b047e70 Exception <a 'java/lang/NoSuchMethodError'{0x00000000eacdad68}: 'java.lang.Object java.lang.invoke.DirectMethodHandle$Holder.invokeStatic(java.lang.Object, java.lang.Object, int, java.lang.Object)'> (0x00000000eacdad68) 
thrown [s\src\hotspot\share\interpreter\linkResolver.cpp, line 773]
Event: 14.222 Thread 0x000002641b047e70 Exception <a 'java/lang/NoSuchMethodError'{0x00000000eacf7c90}: 'java.lang.Object java.lang.invoke.DirectMethodHandle$Holder.newInvokeSpecial(java.lang.Object, java.lang.Object, int)'> (0x00000000eacf7c90) 
thrown [s\src\hotspot\share\interpreter\linkResolver.cpp, line 773]
Event: 14.354 Thread 0x000002641b045da0 Implicit null exception at 0x00000263c997f8cf to 0x00000263c997fa24
Event: 14.882 Thread 0x000002641b045da0 Exception <a 'sun/nio/fs/WindowsException'{0x00000000eabae8e8}> (0x00000000eabae8e8) 
thrown [s\src\hotspot\share\prims\jni.cpp, line 520]
Event: 14.907 Thread 0x000002641dfc0e70 Exception <a 'sun/nio/fs/WindowsException'{0x00000000eaca6a08}> (0x00000000eaca6a08) 
thrown [s\src\hotspot\share\prims\jni.cpp, line 520]
Event: 14.907 Thread 0x000002641dfc0e70 Exception <a 'sun/nio/fs/WindowsException'{0x00000000eaca73b0}> (0x00000000eaca73b0) 
thrown [s\src\hotspot\share\prims\jni.cpp, line 520]
Event: 14.907 Thread 0x000002641dfc0e70 Exception <a 'sun/nio/fs/WindowsException'{0x00000000eaceae88}> (0x00000000eaceae88) 
thrown [s\src\hotspot\share\prims\jni.cpp, line 520]
Event: 14.907 Thread 0x000002641dfc0e70 Exception <a 'sun/nio/fs/WindowsException'{0x00000000eaceb810}> (0x00000000eaceb810) 
thrown [s\src\hotspot\share\prims\jni.cpp, line 520]
Event: 14.908 Thread 0x000002641dfc0e70 Exception <a 'sun/nio/fs/WindowsException'{0x00000000eaced1c0}> (0x00000000eaced1c0) 
thrown [s\src\hotspot\share\prims\jni.cpp, line 520]
Event: 14.908 Thread 0x000002641dfc0e70 Exception <a 'sun/nio/fs/WindowsException'{0x00000000ead210b8}> (0x00000000ead210b8) 
thrown [s\src\hotspot\share\prims\jni.cpp, line 520]
Event: 25.333 Thread 0x000002641d7e45b0 Exception <a 'java/io/IOException'{0x00000000eab419d0}> (0x00000000eab419d0) 
thrown [s\src\hotspot\share\prims\jni.cpp, line 520]

ZGC Phase Switch (0 events):
No events

VM Operations (20 events):
Event: 14.897 Executing VM operation: ParallelGCFailedAllocation (Allocation Failure)
Event: 14.899 Executing VM operation: ParallelGCFailedAllocation (Allocation Failure) done
Event: 14.911 Executing VM operation: ParallelGCFailedAllocation (Allocation Failure)
Event: 14.914 Executing VM operation: ParallelGCFailedAllocation (Allocation Failure) done
Event: 14.914 Executing VM operation: HandshakeAllThreads (Deoptimize)
Event: 14.914 Executing VM operation: HandshakeAllThreads (Deoptimize) done
Event: 15.914 Executing VM operation: Cleanup
Event: 15.914 Executing VM operation: Cleanup done
Event: 21.654 Executing VM operation: ParallelGCFailedAllocation (Allocation Failure)
Event: 21.658 Executing VM operation: ParallelGCFailedAllocation (Allocation Failure) done
Event: 23.658 Executing VM operation: Cleanup
Event: 23.658 Executing VM operation: Cleanup done
Event: 25.660 Executing VM operation: Cleanup
Event: 25.660 Executing VM operation: Cleanup done
Event: 31.698 Executing VM operation: Cleanup
Event: 31.698 Executing VM operation: Cleanup done
Event: 31.741 Executing VM operation: ParallelGCFailedAllocation (Allocation Failure)
Event: 31.744 Executing VM operation: ParallelGCFailedAllocation (Allocation Failure) done
Event: 33.744 Executing VM operation: Cleanup
Event: 33.744 Executing VM operation: Cleanup done

Memory protections (0 events):
No events

Nmethod flushes (20 events):
Event: 11.827 Thread 0x00000263bea3e580 flushing  nmethod 0x00000263c2416590
Event: 11.827 Thread 0x00000263bea3e580 flushing  nmethod 0x00000263c2419390
Event: 11.827 Thread 0x00000263bea3e580 flushing  nmethod 0x00000263c2420c90
Event: 11.827 Thread 0x00000263bea3e580 flushing  nmethod 0x00000263c2425a90
Event: 11.827 Thread 0x00000263bea3e580 flushing  nmethod 0x00000263c2436e10
Event: 11.827 Thread 0x00000263bea3e580 flushing  nmethod 0x00000263c2439b90
Event: 11.827 Thread 0x00000263bea3e580 flushing  nmethod 0x00000263c2450710
Event: 11.827 Thread 0x00000263bea3e580 flushing  nmethod 0x00000263c2459390
Event: 11.827 Thread 0x00000263bea3e580 flushing  nmethod 0x00000263c2474b10
Event: 11.827 Thread 0x00000263bea3e580 flushing  nmethod 0x00000263c2475810
Event: 11.827 Thread 0x00000263bea3e580 flushing  nmethod 0x00000263c2478010
Event: 11.827 Thread 0x00000263bea3e580 flushing  nmethod 0x00000263c248a410
Event: 11.827 Thread 0x00000263bea3e580 flushing  nmethod 0x00000263c248bf10
Event: 11.827 Thread 0x00000263bea3e580 flushing  nmethod 0x00000263c2493410
Event: 11.827 Thread 0x00000263bea3e580 flushing  nmethod 0x00000263c249a610
Event: 11.827 Thread 0x00000263bea3e580 flushing  nmethod 0x00000263c249b010
Event: 11.827 Thread 0x00000263bea3e580 flushing  nmethod 0x00000263c249d890
Event: 11.827 Thread 0x00000263bea3e580 flushing  nmethod 0x00000263c24a5f10
Event: 11.827 Thread 0x00000263bea3e580 flushing  nmethod 0x00000263c24b0910
Event: 11.827 Thread 0x00000263bea3e580 flushing  nmethod 0x00000263c24e8210

Events (20 events):
Event: 14.667 Thread 0x000002641b047150 Thread added: 0x000002641dfc07e0
Event: 14.667 Thread 0x000002641dfc07e0 Thread exited: 0x000002641dfc07e0
Event: 14.890 Thread 0x000002641d7e6d10 Thread added: 0x000002641dfc28b0
Event: 14.890 Thread 0x000002641d7e45b0 Thread added: 0x000002641dfbfac0
Event: 14.891 Thread 0x000002641dfbfac0 Thread added: 0x000002641dfc2f40
Event: 14.891 Thread 0x000002641dfc2f40 Thread added: 0x000002641dfc0e70
Event: 15.104 Thread 0x000002641c8903d0 Thread exited: 0x000002641c8903d0
Event: 20.105 Thread 0x000002641a1e5b80 Thread exited: 0x000002641a1e5b80
Event: 21.473 Thread 0x000002641a032210 Thread added: 0x000002641a1e5b80
Event: 21.479 Thread 0x000002641a032210 Thread added: 0x0000026428e42c30
Event: 21.652 Thread 0x0000026428e42c30 Thread exited: 0x0000026428e42c30
Event: 22.519 Thread 0x000002641a1e5b80 Thread exited: 0x000002641a1e5b80
Event: 31.651 Thread 0x000002641a032210 Thread added: 0x000002641a1e5b80
Event: 31.695 Thread 0x000002641a032210 Thread added: 0x000002641b3098c0
Event: 36.767 Thread 0x000002641b3098c0 Thread exited: 0x000002641b3098c0
Event: 37.085 Thread 0x000002641a1e5b80 Thread exited: 0x000002641a1e5b80
Event: 55.502 Thread 0x000002641d7e3f20 Thread added: 0x000002641dfc4980
Event: 55.532 Thread 0x000002641b0477e0 Thread added: 0x000002641dfbd9f0
Event: 55.559 Thread 0x000002641dfbd9f0 Thread exited: 0x000002641dfbd9f0
Event: 55.581 Thread 0x000002641a032210 Thread added: 0x000002641a1e5b80


Dynamic libraries:
0x00007ff7cec30000 - 0x00007ff7cec3e000 	c:\Users\zinzi\.vscode\extensions\redhat.java-1.40.0-win32-x64\jre\21.0.6-win32-x86_64\bin\java.exe
0x00007ff8bef30000 - 0x00007ff8bf147000 	C:\WINDOWS\SYSTEM32\ntdll.dll
0x00007ff8bd770000 - 0x00007ff8bd834000 	C:\WINDOWS\System32\KERNEL32.DLL
0x00007ff8bc500000 - 0x00007ff8bc8d1000 	C:\WINDOWS\System32\KERNELBASE.dll
0x00007ff8bc3b0000 - 0x00007ff8bc4c1000 	C:\WINDOWS\System32\ucrtbase.dll
0x00007ff86c920000 - 0x00007ff86c938000 	c:\Users\zinzi\.vscode\extensions\redhat.java-1.40.0-win32-x64\jre\21.0.6-win32-x86_64\bin\jli.dll
0x00007ff8be240000 - 0x00007ff8be3f1000 	C:\WINDOWS\System32\USER32.dll
0x00007ff8bc300000 - 0x00007ff8bc326000 	C:\WINDOWS\System32\win32u.dll
0x00007ff8bcc00000 - 0x00007ff8bcc29000 	C:\WINDOWS\System32\GDI32.dll
0x00007ff8bc070000 - 0x00007ff8bc18b000 	C:\WINDOWS\System32\gdi32full.dll
0x00007ff8bc960000 - 0x00007ff8bc9fa000 	C:\WINDOWS\System32\msvcp_win.dll
0x00007ff86c940000 - 0x00007ff86c95e000 	c:\Users\zinzi\.vscode\extensions\redhat.java-1.40.0-win32-x64\jre\21.0.6-win32-x86_64\bin\VCRUNTIME140.dll
0x00007ff8a9b50000 - 0x00007ff8a9de2000 	C:\WINDOWS\WinSxS\amd64_microsoft.windows.common-controls_6595b64144ccf1df_6.0.22621.4830_none_270fe7d773858e80\COMCTL32.dll
0x00007ff8be190000 - 0x00007ff8be237000 	C:\WINDOWS\System32\msvcrt.dll
0x00007ff8bcd50000 - 0x00007ff8bcd81000 	C:\WINDOWS\System32\IMM32.DLL
0x00007ff86c910000 - 0x00007ff86c91c000 	c:\Users\zinzi\.vscode\extensions\redhat.java-1.40.0-win32-x64\jre\21.0.6-win32-x86_64\bin\vcruntime140_1.dll
0x00007ff86c860000 - 0x00007ff86c8ed000 	c:\Users\zinzi\.vscode\extensions\redhat.java-1.40.0-win32-x64\jre\21.0.6-win32-x86_64\bin\msvcp140.dll
0x00007ff840b80000 - 0x00007ff841910000 	c:\Users\zinzi\.vscode\extensions\redhat.java-1.40.0-win32-x64\jre\21.0.6-win32-x86_64\bin\server\jvm.dll
0x00007ff8bee30000 - 0x00007ff8beee1000 	C:\WINDOWS\System32\ADVAPI32.dll
0x00007ff8bcd90000 - 0x00007ff8bce37000 	C:\WINDOWS\System32\sechost.dll
0x00007ff8bc4d0000 - 0x00007ff8bc4f8000 	C:\WINDOWS\System32\bcrypt.dll
0x00007ff8bcc30000 - 0x00007ff8bcd44000 	C:\WINDOWS\System32\RPCRT4.dll
0x00007ff8be110000 - 0x00007ff8be181000 	C:\WINDOWS\System32\WS2_32.dll
0x00007ff8baee0000 - 0x00007ff8baf2d000 	C:\WINDOWS\SYSTEM32\POWRPROF.dll
0x00007ff8acbb0000 - 0x00007ff8acbe4000 	C:\WINDOWS\SYSTEM32\WINMM.dll
0x00007ff8b9c70000 - 0x00007ff8b9c7a000 	C:\WINDOWS\SYSTEM32\VERSION.dll
0x00007ff8baec0000 - 0x00007ff8baed3000 	C:\WINDOWS\SYSTEM32\UMPDC.dll
0x00007ff8bb170000 - 0x00007ff8bb188000 	C:\WINDOWS\SYSTEM32\kernel.appcore.dll
0x00007ff86c850000 - 0x00007ff86c85a000 	c:\Users\zinzi\.vscode\extensions\redhat.java-1.40.0-win32-x64\jre\21.0.6-win32-x86_64\bin\jimage.dll
0x00007ff8ac0a0000 - 0x00007ff8ac2d2000 	C:\WINDOWS\SYSTEM32\DBGHELP.DLL
0x00007ff8be990000 - 0x00007ff8bed20000 	C:\WINDOWS\System32\combase.dll
0x00007ff8be400000 - 0x00007ff8be4d7000 	C:\WINDOWS\System32\OLEAUT32.dll
0x00007ff8a2290000 - 0x00007ff8a22c2000 	C:\WINDOWS\SYSTEM32\dbgcore.DLL
0x00007ff8bc330000 - 0x00007ff8bc3ab000 	C:\WINDOWS\System32\bcryptPrimitives.dll
0x00007ff851c30000 - 0x00007ff851c3f000 	c:\Users\zinzi\.vscode\extensions\redhat.java-1.40.0-win32-x64\jre\21.0.6-win32-x86_64\bin\instrument.dll
0x00007ff851d00000 - 0x00007ff851d1f000 	c:\Users\zinzi\.vscode\extensions\redhat.java-1.40.0-win32-x64\jre\21.0.6-win32-x86_64\bin\java.dll
0x00007ff8bcee0000 - 0x00007ff8bd768000 	C:\WINDOWS\System32\SHELL32.dll
0x00007ff8bca00000 - 0x00007ff8bcb3f000 	C:\WINDOWS\System32\wintypes.dll
0x00007ff8b9f90000 - 0x00007ff8ba89d000 	C:\WINDOWS\SYSTEM32\windows.storage.dll
0x00007ff8be650000 - 0x00007ff8be75a000 	C:\WINDOWS\System32\SHCORE.dll
0x00007ff8be5f0000 - 0x00007ff8be64e000 	C:\WINDOWS\System32\shlwapi.dll
0x00007ff8bbfa0000 - 0x00007ff8bbfcb000 	C:\WINDOWS\SYSTEM32\profapi.dll
0x00007ff851ce0000 - 0x00007ff851cf8000 	c:\Users\zinzi\.vscode\extensions\redhat.java-1.40.0-win32-x64\jre\21.0.6-win32-x86_64\bin\zip.dll
0x00007ff869df0000 - 0x00007ff869e00000 	C:\Users\zinzi\.vscode\extensions\redhat.java-1.40.0-win32-x64\jre\21.0.6-win32-x86_64\bin\net.dll
0x00007ff8b83f0000 - 0x00007ff8b851c000 	C:\WINDOWS\SYSTEM32\WINHTTP.dll
0x00007ff8bb5d0000 - 0x00007ff8bb63a000 	C:\WINDOWS\system32\mswsock.dll
0x00007ff851cc0000 - 0x00007ff851cd6000 	C:\Users\zinzi\.vscode\extensions\redhat.java-1.40.0-win32-x64\jre\21.0.6-win32-x86_64\bin\nio.dll
0x00007ff851cb0000 - 0x00007ff851cc0000 	c:\Users\zinzi\.vscode\extensions\redhat.java-1.40.0-win32-x64\jre\21.0.6-win32-x86_64\bin\verify.dll
0x00007ff879620000 - 0x00007ff879665000 	C:\Users\zinzi\AppData\Roaming\Code\User\globalStorage\redhat.java\1.40.0\config_win\org.eclipse.equinox.launcher\org.eclipse.equinox.launcher.win32.win32.x86_64_1.2.1200.v20250212-0927\eclipse_11909.dll
0x00007ff8bd840000 - 0x00007ff8bd9e1000 	C:\WINDOWS\System32\ole32.dll
0x00007ff8bb7f0000 - 0x00007ff8bb80b000 	C:\WINDOWS\SYSTEM32\CRYPTSP.dll
0x00007ff8bb0d0000 - 0x00007ff8bb107000 	C:\WINDOWS\system32\rsaenh.dll
0x00007ff8bb680000 - 0x00007ff8bb6a8000 	C:\WINDOWS\SYSTEM32\USERENV.dll
0x00007ff8bb7e0000 - 0x00007ff8bb7ec000 	C:\WINDOWS\SYSTEM32\CRYPTBASE.dll
0x00007ff8bab70000 - 0x00007ff8bab9d000 	C:\WINDOWS\SYSTEM32\IPHLPAPI.DLL
0x00007ff8bdc50000 - 0x00007ff8bdc59000 	C:\WINDOWS\System32\NSI.dll
0x00007ff8a5d80000 - 0x00007ff8a5dc9000 	C:\Users\zinzi\AppData\Local\Temp\jna-115907214\jna12247316418380554824.dll
0x00007ff8bced0000 - 0x00007ff8bced8000 	C:\WINDOWS\System32\PSAPI.DLL
0x00007ff8b8290000 - 0x00007ff8b82a9000 	C:\WINDOWS\SYSTEM32\dhcpcsvc6.DLL
0x00007ff8b8270000 - 0x00007ff8b828f000 	C:\WINDOWS\SYSTEM32\dhcpcsvc.DLL
0x00007ff87a520000 - 0x00007ff87a547000 	C:\Users\zinzi\.gradle\native\1def1411415f61bf3af743bc5b6707747c0891f09f0c88961ee8f79bc544acac\windows-amd64\native-platform.dll
0x00007ff8a6830000 - 0x00007ff8a683a000 	C:\Users\zinzi\.vscode\extensions\redhat.java-1.40.0-win32-x64\jre\21.0.6-win32-x86_64\bin\management.dll
0x00007ff8a6820000 - 0x00007ff8a682b000 	C:\Users\zinzi\.vscode\extensions\redhat.java-1.40.0-win32-x64\jre\21.0.6-win32-x86_64\bin\management_ext.dll
0x00007ff8a6810000 - 0x00007ff8a681e000 	C:\Users\zinzi\.vscode\extensions\redhat.java-1.40.0-win32-x64\jre\21.0.6-win32-x86_64\bin\sunmscapi.dll
0x00007ff8bc190000 - 0x00007ff8bc2f6000 	C:\WINDOWS\System32\CRYPT32.dll
0x00007ff8bba10000 - 0x00007ff8bba3d000 	C:\WINDOWS\SYSTEM32\ncrypt.dll
0x00007ff8bb9d0000 - 0x00007ff8bba07000 	C:\WINDOWS\SYSTEM32\NTASN1.dll
0x00007ff8babe0000 - 0x00007ff8bace2000 	C:\WINDOWS\SYSTEM32\DNSAPI.dll
0x00007ff8a9f00000 - 0x00007ff8a9f0a000 	C:\Windows\System32\rasadhlp.dll
0x00007ff8b5fb0000 - 0x00007ff8b6033000 	C:\WINDOWS\System32\fwpuclnt.dll
0x00007ff8a67f0000 - 0x00007ff8a67f9000 	C:\Users\zinzi\.vscode\extensions\redhat.java-1.40.0-win32-x64\jre\21.0.6-win32-x86_64\bin\extnet.dll

dbghelp: loaded successfully - version: 4.0.5 - missing functions: none
symbol engine: initialized successfully - sym options: 0x614 - pdb path: .;c:\Users\zinzi\.vscode\extensions\redhat.java-1.40.0-win32-x64\jre\21.0.6-win32-x86_64\bin;C:\WINDOWS\SYSTEM32;C:\WINDOWS\WinSxS\amd64_microsoft.windows.common-controls_6595b64144ccf1df_6.0.22621.4830_none_270fe7d773858e80;c:\Users\zinzi\.vscode\extensions\redhat.java-1.40.0-win32-x64\jre\21.0.6-win32-x86_64\bin\server;C:\Users\zinzi\AppData\Roaming\Code\User\globalStorage\redhat.java\1.40.0\config_win\org.eclipse.equinox.launcher\org.eclipse.equinox.launcher.win32.win32.x86_64_1.2.1200.v20250212-0927;C:\Users\zinzi\AppData\Local\Temp\jna-115907214;C:\Users\zinzi\.gradle\native\1def1411415f61bf3af743bc5b6707747c0891f09f0c88961ee8f79bc544acac\windows-amd64

VM Arguments:
jvm_args: --add-modules=ALL-SYSTEM --add-opens=java.base/java.util=ALL-UNNAMED --add-opens=java.base/java.lang=ALL-UNNAMED --add-opens=java.base/sun.nio.fs=ALL-UNNAMED -Declipse.application=org.eclipse.jdt.ls.core.id1 -Dosgi.bundles.defaultStartLevel=4 -Declipse.product=org.eclipse.jdt.ls.core.product -Djava.import.generatesMetadataFilesAtProjectRoot=false -DDetectVMInstallationsJob.disabled=true -Dfile.encoding=utf8 -XX:+UseParallelGC -XX:GCTimeRatio=4 -XX:AdaptiveSizePolicyWeight=90 -Dsun.zip.disableMemoryMapping=true -Xmx1G -Xms100m -Xlog:disable -javaagent:c:\Users\zinzi\.vscode\extensions\redhat.java-1.40.0-win32-x64\lombok\lombok-1.18.36.jar -XX:+HeapDumpOnOutOfMemoryError -XX:HeapDumpPath=c:\Users\zinzi\AppData\Roaming\Code\User\workspaceStorage\1531145508dfbda3fe65cda5b18105b1\redhat.java -Daether.dependencyCollector.impl=bf 
java_command: c:\Users\zinzi\.vscode\extensions\redhat.java-1.40.0-win32-x64\server\plugins\org.eclipse.equinox.launcher_1.6.1000.v20250131-0606.jar -configuration c:\Users\zinzi\AppData\Roaming\Code\User\globalStorage\redhat.java\1.40.0\config_win -data c:\Users\zinzi\AppData\Roaming\Code\User\workspaceStorage\1531145508dfbda3fe65cda5b18105b1\redhat.java\jdt_ws --pipe=\\.\pipe\lsp-99c5de0e39a21175ff5ad95ebd71a695-sock
java_class_path (initial): c:\Users\zinzi\.vscode\extensions\redhat.java-1.40.0-win32-x64\server\plugins\org.eclipse.equinox.launcher_1.6.1000.v20250131-0606.jar
Launcher Type: SUN_STANDARD

[Global flags]
    uintx AdaptiveSizePolicyWeight                 = 90                                        {product} {command line}
     intx CICompilerCount                          = 4                                         {product} {ergonomic}
    uintx GCTimeRatio                              = 4                                         {product} {command line}
     bool HeapDumpOnOutOfMemoryError               = true                                   {manageable} {command line}
    ccstr HeapDumpPath                             = c:\Users\zinzi\AppData\Roaming\Code\User\workspaceStorage\1531145508dfbda3fe65cda5b18105b1\redhat.java         {manageable} {command line}
   size_t InitialHeapSize                          = 104857600                                 {product} {command line}
   size_t MaxHeapSize                              = 1073741824                                {product} {command line}
   size_t MaxNewSize                               = 357564416                                 {product} {ergonomic}
   size_t MinHeapDeltaBytes                        = 524288                                    {product} {ergonomic}
   size_t MinHeapSize                              = 104857600                                 {product} {command line}
   size_t NewSize                                  = 34603008                                  {product} {ergonomic}
    uintx NonNMethodCodeHeapSize                   = 5839372                                {pd product} {ergonomic}
    uintx NonProfiledCodeHeapSize                  = 122909434                              {pd product} {ergonomic}
   size_t OldSize                                  = 70254592                                  {product} {ergonomic}
    uintx ProfiledCodeHeapSize                     = 122909434                              {pd product} {ergonomic}
    uintx ReservedCodeCacheSize                    = 251658240                              {pd product} {ergonomic}
     bool SegmentedCodeCache                       = true                                      {product} {ergonomic}
   size_t SoftMaxHeapSize                          = 1073741824                             {manageable} {ergonomic}
     bool UseCompressedOops                        = true                           {product lp64_product} {ergonomic}
     bool UseLargePagesIndividualAllocation        = false                                  {pd product} {ergonomic}
     bool UseParallelGC                            = true                                      {product} {command line}

Logging:
Log output configuration:
 #0: stdout all=off uptime,level,tags foldmultilines=false
 #1: stderr all=off uptime,level,tags foldmultilines=false

Environment Variables:
JAVA_HOME=C:\Program Files\Microsoft\jdk-17.0.10.7-hotspot\
PATH=C:\Program Files\Microsoft\jdk-17.0.10.7-hotspot\bin;C:\WINDOWS\system32;C:\WINDOWS;C:\WINDOWS\System32\Wbem;C:\WINDOWS\System32\WindowsPowerShell\v1.0\;C:\WINDOWS\System32\OpenSSH\;C:\ProgramData\chocolatey\bin;C:\Program Files\Microsoft SQL Server\150\Tools\Binn\;C:\Program Files\Microsoft SQL Server\Client SDK\ODBC\170\Tools\Binn\;C:\Program Files (x86)\Microsoft SQL Server\160\Tools\Binn\;C:\Program Files\Microsoft SQL Server\160\Tools\Binn\;C:\Program Files\Microsoft SQL Server\160\DTS\Binn\;C:\Program Files (x86)\NVIDIA Corporation\PhysX\Common;C:\Users\zinzi\AppData\Roaming\nvm;C:\Program Files\nodejs;C:\Program Files\Amazon\AWSCLIV2\;C:\Program Files\starship\bin\;C:\Program Files (x86)\oh-my-posh\bin;D:\Git\Git\cmd;C:\Program Files\Amazon\SessionManagerPlugin\bin\;C:\Program Files\dotnet\;C:\Program Files\Amazon\SessionManagerPlugin\bin;C:\Program Files\MySQL\MySQL Shell 8.0\bin\;C:\Users\zinzi\AppData\Local\Android\Sdk\platform-tools;C:\Users\zinzi\AppData\Local\Microsoft\WindowsApps;C:\Users\zinzi\AppData\Local\Programs\Microsoft VS Code\bin;C:\Users\zinzi\AppData\Local\GitHubDesktop\bin;C:\Users\zinzi\AppData\Roaming\npm;C:\Users\zinzi\AppData\Roaming\nvm;C:\Program Files\nodejs;C:\Users\zinzi\AppData\Local\Programs\oh-my-posh\bin;C:\Users\zinzi\AppData\Local\Packages\PythonSoftwareFoundation.Python.3.13_qbz5n2kfra8p0\LocalCache\local-packages\Python313\Scripts;C:\Gradle\gradle-8.13\bin;C:\Users\zinzi\.dotnet\tools
USERNAME=zinzi
OS=Windows_NT
PROCESSOR_IDENTIFIER=Intel64 Family 6 Model 165 Stepping 2, GenuineIntel
TMP=C:\Users\zinzi\AppData\Local\Temp
TEMP=C:\Users\zinzi\AppData\Local\Temp




Periodic native trim disabled

---------------  S Y S T E M  ---------------

OS:
 Windows 11 , 64 bit Build 22621 (10.0.22621.4974)
OS uptime: 0 days 0:14 hours
Hyper-V role detected

CPU: total 12 (initial active 12) (6 cores per cpu, 2 threads per core) family 6 model 165 stepping 2 microcode 0xe0, cx8, cmov, fxsr, ht, mmx, 3dnowpref, sse, sse2, sse3, ssse3, sse4.1, sse4.2, popcnt, lzcnt, tsc, tscinvbit, avx, avx2, aes, erms, clmul, bmi1, bmi2, adx, fma, vzeroupper, clflush, clflushopt, hv, rdtscp, f16c
Processor Information for the first 12 processors :
  Max Mhz: 2592, Current Mhz: 2592, Mhz Limit: 2592

Memory: 4k page, system-wide physical 16205M (2073M free)
TotalPageFile size 18253M (AvailPageFile size 22M)
current process WorkingSet (physical memory assigned to process): 757M, peak: 803M
current process commit charge ("private bytes"): 674M, peak: 721M

vm_info: OpenJDK 64-Bit Server VM (21.0.6+7-LTS) for windows-amd64 JRE (21.0.6+7-LTS), built on 2025-01-21T00:00:00Z by "admin" with MS VC++ 17.7 (VS2022)

END.
