#
# There is insufficient memory for the Java Runtime Environment to continue.
# Native memory allocation (malloc) failed to allocate 1086736 bytes. Error detail: Chunk::new
# Possible reasons:
#   The system is out of physical RAM or swap space
#   This process is running with CompressedOops enabled, and the Java Heap may be blocking the growth of the native heap
# Possible solutions:
#   Reduce memory load on the system
#   Increase physical memory or swap space
#   Check if swap backing store is full
#   Decrease Java heap size (-Xmx/-Xms)
#   Decrease number of Java threads
#   Decrease Java thread stack sizes (-Xss)
#   Set larger code cache with -XX:ReservedCodeCacheSize=
#   JVM is running with Unscaled Compressed Oops mode in which the Java heap is
#     placed in the first 4GB address space. The Java Heap base address is the
#     maximum limit for the native heap growth. Please use -XX:HeapBaseMinAddress
#     to set the Java Heap base and to place the Java Heap above 4GB virtual address.
# This output file may be truncated or incomplete.
#
#  Out of Memory Error (arena.cpp:168), pid=10128, tid=13652
#
# JRE version: OpenJDK Runtime Environment Temurin-21.0.6+7 (21.0.6+7) (build 21.0.6+7-LTS)
# Java VM: OpenJDK 64-Bit Server VM Temurin-21.0.6+7 (21.0.6+7-LTS, mixed mode, sharing, tiered, compressed oops, compressed class ptrs, parallel gc, windows-amd64)
# No core dump will be written. Minidumps are not enabled by default on client versions of Windows
#

---------------  S U M M A R Y ------------

Command Line: --add-modules=ALL-SYSTEM --add-opens=java.base/java.util=ALL-UNNAMED --add-opens=java.base/java.lang=ALL-UNNAMED --add-opens=java.base/sun.nio.fs=ALL-UNNAMED -Declipse.application=org.eclipse.jdt.ls.core.id1 -Dosgi.bundles.defaultStartLevel=4 -Declipse.product=org.eclipse.jdt.ls.core.product -Djava.import.generatesMetadataFilesAtProjectRoot=false -DDetectVMInstallationsJob.disabled=true -Dfile.encoding=utf8 -XX:+UseParallelGC -XX:GCTimeRatio=4 -XX:AdaptiveSizePolicyWeight=90 -Dsun.zip.disableMemoryMapping=true -Xmx1G -Xms100m -Xlog:disable -javaagent:c:\Users\zinzi\.vscode\extensions\redhat.java-1.40.0-win32-x64\lombok\lombok-1.18.36.jar c:\Users\zinzi\.vscode\extensions\redhat.java-1.40.0-win32-x64\server\plugins\org.eclipse.equinox.launcher_1.6.1000.v20250131-0606.jar -configuration c:\Users\zinzi\AppData\Roaming\Code\User\globalStorage\redhat.java\1.40.0\config_ss_win -data c:\Users\zinzi\AppData\Roaming\Code\User\workspaceStorage\1531145508dfbda3fe65cda5b18105b1\redhat.java\ss_ws --pipe=\\.\pipe\lsp-bda043bac186b0a3ef1543547935d60b-sock

Host: Intel(R) Core(TM) i7-10750H CPU @ 2.60GHz, 12 cores, 15G,  Windows 11 , 64 bit Build 22621 (10.0.22621.4974)
Time: Sun Mar 23 22:54:14 2025 SE Asia Standard Time elapsed time: 5.725903 seconds (0d 0h 0m 5s)

---------------  T H R E A D  ---------------

Current thread (0x000001f06c9dc2c0):  JavaThread "C2 CompilerThread0" daemon [_thread_in_native, id=13652, stack(0x0000003f7a000000,0x0000003f7a100000) (1024K)]


Current CompileTask:
C2:5726 2798       4       org.lombokweb.asm.ClassReader::readMethod (1070 bytes)

Stack: [0x0000003f7a000000,0x0000003f7a100000]
Native frames: (J=compiled Java code, j=interpreted, Vv=VM code, C=native code)
V  [jvm.dll+0x6cdee9]
V  [jvm.dll+0x8a83d1]
V  [jvm.dll+0x8aa8fe]
V  [jvm.dll+0x8aafe3]
V  [jvm.dll+0x27f706]
V  [jvm.dll+0xc500d]
V  [jvm.dll+0xc5543]
V  [jvm.dll+0x3b6752]
V  [jvm.dll+0x382935]
V  [jvm.dll+0x381d9a]
V  [jvm.dll+0x2479f0]
V  [jvm.dll+0x246fcf]
V  [jvm.dll+0x1c75ee]
V  [jvm.dll+0x25685a]
V  [jvm.dll+0x254dfa]
V  [jvm.dll+0x3f0256]
V  [jvm.dll+0x851f8b]
V  [jvm.dll+0x6cc5ed]
C  [ucrtbase.dll+0x29333]
C  [KERNEL32.DLL+0x1259d]
C  [ntdll.dll+0x5af38]


---------------  P R O C E S S  ---------------

Threads class SMR info:
_java_thread_list=0x000001f072713ba0, length=22, elements={
0x000001f0565bec30, 0x000001f06c9d44b0, 0x000001f06a9ac440, 0x000001f06a9ae230,
0x000001f06c9d5f10, 0x000001f06c9d6960, 0x000001f06c9d73b0, 0x000001f06c9dc2c0,
0x000001f06ca49280, 0x000001f06cad37b0, 0x000001f06ccaea70, 0x000001f0712eff50,
0x000001f071a0fff0, 0x000001f0712a2820, 0x000001f0716ba0a0, 0x000001f071927340,
0x000001f0719e10e0, 0x000001f071c7df00, 0x000001f071c42120, 0x000001f071c5c090,
0x000001f072382730, 0x000001f071c5b370
}

Java Threads: ( => current thread )
  0x000001f0565bec30 JavaThread "main"                              [_thread_blocked, id=7832, stack(0x0000003f79600000,0x0000003f79700000) (1024K)]
  0x000001f06c9d44b0 JavaThread "Reference Handler"          daemon [_thread_blocked, id=11636, stack(0x0000003f79a00000,0x0000003f79b00000) (1024K)]
  0x000001f06a9ac440 JavaThread "Finalizer"                  daemon [_thread_blocked, id=19024, stack(0x0000003f79b00000,0x0000003f79c00000) (1024K)]
  0x000001f06a9ae230 JavaThread "Signal Dispatcher"          daemon [_thread_blocked, id=12536, stack(0x0000003f79c00000,0x0000003f79d00000) (1024K)]
  0x000001f06c9d5f10 JavaThread "Attach Listener"            daemon [_thread_blocked, id=12316, stack(0x0000003f79d00000,0x0000003f79e00000) (1024K)]
  0x000001f06c9d6960 JavaThread "Service Thread"             daemon [_thread_blocked, id=4068, stack(0x0000003f79e00000,0x0000003f79f00000) (1024K)]
  0x000001f06c9d73b0 JavaThread "Monitor Deflation Thread"   daemon [_thread_blocked, id=1952, stack(0x0000003f79f00000,0x0000003f7a000000) (1024K)]
=>0x000001f06c9dc2c0 JavaThread "C2 CompilerThread0"         daemon [_thread_in_native, id=13652, stack(0x0000003f7a000000,0x0000003f7a100000) (1024K)]
  0x000001f06ca49280 JavaThread "C1 CompilerThread0"         daemon [_thread_blocked, id=17148, stack(0x0000003f7a100000,0x0000003f7a200000) (1024K)]
  0x000001f06cad37b0 JavaThread "Common-Cleaner"             daemon [_thread_blocked, id=20088, stack(0x0000003f7a200000,0x0000003f7a300000) (1024K)]
  0x000001f06ccaea70 JavaThread "Notification Thread"        daemon [_thread_blocked, id=19160, stack(0x0000003f7a300000,0x0000003f7a400000) (1024K)]
  0x000001f0712eff50 JavaThread "Active Thread: Equinox Container: 9f7d1864-64f7-4f63-8c66-db877d3afa52"        [_thread_blocked, id=16992, stack(0x0000003f7ac00000,0x0000003f7ad00000) (1024K)]
  0x000001f071a0fff0 JavaThread "Framework Event Dispatcher: Equinox Container: 9f7d1864-64f7-4f63-8c66-db877d3afa52" daemon [_thread_blocked, id=16736, stack(0x0000003f7ad00000,0x0000003f7ae00000) (1024K)]
  0x000001f0712a2820 JavaThread "Start Level: Equinox Container: 9f7d1864-64f7-4f63-8c66-db877d3afa52" daemon [_thread_in_native, id=1140, stack(0x0000003f7ae00000,0x0000003f7af00000) (1024K)]
  0x000001f0716ba0a0 JavaThread "SCR Component Actor"        daemon [_thread_blocked, id=1780, stack(0x0000003f7af00000,0x0000003f7b000000) (1024K)]
  0x000001f071927340 JavaThread "SCR Component Registry"     daemon [_thread_blocked, id=6356, stack(0x0000003f7a400000,0x0000003f7a500000) (1024K)]
  0x000001f0719e10e0 JavaThread "Worker-JM"                         [_thread_blocked, id=8740, stack(0x0000003f7b200000,0x0000003f7b300000) (1024K)]
  0x000001f071c7df00 JavaThread "JNA Cleaner"                daemon [_thread_blocked, id=13744, stack(0x0000003f7b400000,0x0000003f7b500000) (1024K)]
  0x000001f071c42120 JavaThread "Worker-0"                          [_thread_blocked, id=19812, stack(0x0000003f7b500000,0x0000003f7b600000) (1024K)]
  0x000001f071c5c090 JavaThread "Worker-1"                          [_thread_blocked, id=4784, stack(0x0000003f7b600000,0x0000003f7b700000) (1024K)]
  0x000001f072382730 JavaThread "C2 CompilerThread1"         daemon [_thread_in_native, id=14644, stack(0x0000003f7b300000,0x0000003f7b400000) (1024K)]
  0x000001f071c5b370 JavaThread "Java indexing"              daemon [_thread_blocked, id=11156, stack(0x0000003f7b700000,0x0000003f7b800000) (1024K)]
Total: 22

Other Threads:
  0x000001f05667ebd0 VMThread "VM Thread"                           [id=9284, stack(0x0000003f79900000,0x0000003f79a00000) (1024K)]
  0x000001f056629a50 WatcherThread "VM Periodic Task Thread"        [id=12244, stack(0x0000003f79800000,0x0000003f79900000) (1024K)]
  0x000001f0565dd6b0 WorkerThread "GC Thread#0"                     [id=5944, stack(0x0000003f79700000,0x0000003f79800000) (1024K)]
  0x000001f071a6ebc0 WorkerThread "GC Thread#1"                     [id=13928, stack(0x0000003f7a500000,0x0000003f7a600000) (1024K)]
  0x000001f06cd54850 WorkerThread "GC Thread#2"                     [id=10220, stack(0x0000003f7a600000,0x0000003f7a700000) (1024K)]
  0x000001f06cdb66e0 WorkerThread "GC Thread#3"                     [id=14440, stack(0x0000003f7a700000,0x0000003f7a800000) (1024K)]
  0x000001f06cdb6a80 WorkerThread "GC Thread#4"                     [id=19960, stack(0x0000003f7a800000,0x0000003f7a900000) (1024K)]
  0x000001f071984da0 WorkerThread "GC Thread#5"                     [id=16800, stack(0x0000003f7a900000,0x0000003f7aa00000) (1024K)]
  0x000001f071985140 WorkerThread "GC Thread#6"                     [id=14832, stack(0x0000003f7aa00000,0x0000003f7ab00000) (1024K)]
  0x000001f071a3e6c0 WorkerThread "GC Thread#7"                     [id=13256, stack(0x0000003f7b000000,0x0000003f7b100000) (1024K)]
  0x000001f0719c0e80 WorkerThread "GC Thread#8"                     [id=18320, stack(0x0000003f7ab00000,0x0000003f7ac00000) (1024K)]
  0x000001f071ac1b10 WorkerThread "GC Thread#9"                     [id=2128, stack(0x0000003f7b100000,0x0000003f7b200000) (1024K)]
Total: 12

Threads with active compile tasks:
C2 CompilerThread0  5768 2798       4       org.lombokweb.asm.ClassReader::readMethod (1070 bytes)
C2 CompilerThread1  5769 2926       4       java.util.Properties::loadConvert (540 bytes)
Total: 2

VM state: not at safepoint (normal execution)

VM Mutex/Monitor currently owned by a thread: None

Heap address: 0x00000000c0000000, size: 1024 MB, Compressed Oops mode: 32-bit

CDS archive(s) mapped at: [0x000001f000000000-0x000001f000ba0000-0x000001f000ba0000), size 12189696, SharedBaseAddress: 0x000001f000000000, ArchiveRelocationMode: 1.
Compressed class space mapped at: 0x000001f001000000-0x000001f041000000, reserved size: 1073741824
Narrow klass base: 0x000001f000000000, Narrow klass shift: 0, Narrow klass range: 0x100000000

GC Precious Log:
 CardTable entry size: 512
 CPUs: 12 total, 12 available
 Memory: 16205M
 Large Page Support: Disabled
 NUMA Support: Disabled
 Compressed Oops: Enabled (32-bit)
 Alignments: Space 512K, Generation 512K, Heap 2M
 Heap Min Capacity: 100M
 Heap Initial Capacity: 100M
 Heap Max Capacity: 1G
 Pre-touch: Disabled
 Parallel Workers: 10

Heap:
 PSYoungGen      total 29696K, used 23385K [0x00000000eab00000, 0x00000000ecd80000, 0x0000000100000000)
  eden space 25088K, 93% used [0x00000000eab00000,0x00000000ec1d67c8,0x00000000ec380000)
  from space 4608K, 0% used [0x00000000ec900000,0x00000000ec900000,0x00000000ecd80000)
  to   space 4608K, 0% used [0x00000000ec480000,0x00000000ec480000,0x00000000ec900000)
 ParOldGen       total 68608K, used 10473K [0x00000000c0000000, 0x00000000c4300000, 0x00000000eab00000)
  object space 68608K, 15% used [0x00000000c0000000,0x00000000c0a3a700,0x00000000c4300000)
 Metaspace       used 22619K, committed 23296K, reserved 1114112K
  class space    used 2098K, committed 2368K, reserved 1048576K

Card table byte_map: [0x000001f055f90000,0x000001f0561a0000] _byte_map_base: 0x000001f055990000

Marking Bits: (ParMarkBitMap*) 0x00007ffa98433260
 Begin Bits: [0x000001f0687b0000, 0x000001f0697b0000)
 End Bits:   [0x000001f0697b0000, 0x000001f06a7b0000)

Polling page: 0x000001f055d80000

Metaspace:

Usage:
  Non-class:     20.04 MB used.
      Class:      2.05 MB used.
       Both:     22.09 MB used.

Virtual space:
  Non-class space:       64.00 MB reserved,      20.44 MB ( 32%) committed,  1 nodes.
      Class space:        1.00 GB reserved,       2.31 MB ( <1%) committed,  1 nodes.
             Both:        1.06 GB reserved,      22.75 MB (  2%) committed. 

Chunk freelists:
   Non-Class:  10.87 MB
       Class:  13.50 MB
        Both:  24.37 MB

MaxMetaspaceSize: unlimited
CompressedClassSpaceSize: 1.00 GB
Initial GC threshold: 21.00 MB
Current GC threshold: 35.00 MB
CDS: on
 - commit_granule_bytes: 65536.
 - commit_granule_words: 8192.
 - virtual_space_node_default_size: 8388608.
 - enlarge_chunks_in_place: 1.
 - use_allocation_guard: 0.


Internal statistics:

num_allocs_failed_limit: 3.
num_arena_births: 506.
num_arena_deaths: 14.
num_vsnodes_births: 2.
num_vsnodes_deaths: 0.
num_space_committed: 364.
num_space_uncommitted: 0.
num_chunks_returned_to_freelist: 17.
num_chunks_taken_from_freelist: 1349.
num_chunk_merges: 9.
num_chunk_splits: 898.
num_chunks_enlarged: 575.
num_inconsistent_stats: 0.

CodeHeap 'non-profiled nmethods': size=120000Kb used=1287Kb max_used=1287Kb free=118712Kb
 bounds [0x000001f061280000, 0x000001f0614f0000, 0x000001f0687b0000]
CodeHeap 'profiled nmethods': size=120000Kb used=5869Kb max_used=5869Kb free=114130Kb
 bounds [0x000001f0597b0000, 0x000001f059d70000, 0x000001f060ce0000]
CodeHeap 'non-nmethods': size=5760Kb used=1313Kb max_used=1335Kb free=4446Kb
 bounds [0x000001f060ce0000, 0x000001f060f50000, 0x000001f061280000]
 total_blobs=3515 nmethods=2920 adapters=501
 compilation: enabled
              stopped_count=0, restarted_count=0
 full_count=0

Compilation events (20 events):
Event: 5.696 Thread 0x000001f06ca49280 2910       3       java.util.PropertyResourceBundle::handleGetObject (23 bytes)
Event: 5.696 Thread 0x000001f06ca49280 nmethod 2910 0x000001f059d62390 code [0x000001f059d62560, 0x000001f059d62830]
Event: 5.696 Thread 0x000001f06ca49280 2911       3       java.lang.invoke.LambdaForm$MH/0x000001f001174400::invoke (39 bytes)
Event: 5.697 Thread 0x000001f06ca49280 nmethod 2911 0x000001f059d62910 code [0x000001f059d62b60, 0x000001f059d63820]
Event: 5.697 Thread 0x000001f06ca49280 2907       3       java.lang.invoke.DirectMethodHandle::ensureInitialized (23 bytes)
Event: 5.698 Thread 0x000001f06ca49280 nmethod 2907 0x000001f059d63b90 code [0x000001f059d63dc0, 0x000001f059d64520]
Event: 5.698 Thread 0x000001f06ca49280 2908       3       java.lang.invoke.DirectMethodHandle::checkInitialized (28 bytes)
Event: 5.699 Thread 0x000001f06ca49280 nmethod 2908 0x000001f059d64810 code [0x000001f059d64a20, 0x000001f059d64ec0]
Event: 5.717 Thread 0x000001f06ca49280 2913       3       com.sun.org.apache.xerces.internal.util.PropertyState::isExceptional (8 bytes)
Event: 5.717 Thread 0x000001f06ca49280 nmethod 2913 0x000001f059d65090 code [0x000001f059d65220, 0x000001f059d65358]
Event: 5.718 Thread 0x000001f06ca49280 2914       3       com.sun.org.apache.xerces.internal.parsers.XML11Configuration::getPropertyState (23 bytes)
Event: 5.718 Thread 0x000001f072382730 nmethod 2890 0x000001f0613bde10 code [0x000001f0613be060, 0x000001f0613bf560]
Event: 5.719 Thread 0x000001f072382730 2893       4       java.util.HashSet::add (20 bytes)
Event: 5.719 Thread 0x000001f06ca49280 nmethod 2914 0x000001f059d65410 code [0x000001f059d65640, 0x000001f059d65ef8]
Event: 5.719 Thread 0x000001f06ca49280 2915       3       com.sun.org.apache.xerces.internal.util.ParserConfigurationSettings::getPropertyState (35 bytes)
Event: 5.719 Thread 0x000001f06ca49280 nmethod 2915 0x000001f059d66210 code [0x000001f059d66400, 0x000001f059d66998]
Event: 5.719 Thread 0x000001f06ca49280 2916       3       com.sun.org.apache.xerces.internal.util.PropertyState::is (12 bytes)
Event: 5.720 Thread 0x000001f06ca49280 nmethod 2916 0x000001f059d66b90 code [0x000001f059d66d40, 0x000001f059d66f80]
Event: 5.722 Thread 0x000001f072382730 nmethod 2893 0x000001f0613bff10 code [0x000001f0613c00c0, 0x000001f0613c0360]
Event: 5.722 Thread 0x000001f072382730 2892   !   4       java.util.concurrent.ConcurrentHashMap::transfer (849 bytes)

GC Heap History (14 events):
Event: 1.409 GC heap before
{Heap before GC invocations=1 (full 0):
 PSYoungGen      total 29696K, used 25600K [0x00000000eab00000, 0x00000000ecc00000, 0x0000000100000000)
  eden space 25600K, 100% used [0x00000000eab00000,0x00000000ec400000,0x00000000ec400000)
  from space 4096K, 0% used [0x00000000ec800000,0x00000000ec800000,0x00000000ecc00000)
  to   space 4096K, 0% used [0x00000000ec400000,0x00000000ec400000,0x00000000ec800000)
 ParOldGen       total 68608K, used 0K [0x00000000c0000000, 0x00000000c4300000, 0x00000000eab00000)
  object space 68608K, 0% used [0x00000000c0000000,0x00000000c0000000,0x00000000c4300000)
 Metaspace       used 4353K, committed 4608K, reserved 1114112K
  class space    used 436K, committed 512K, reserved 1048576K
}
Event: 1.421 GC heap after
{Heap after GC invocations=1 (full 0):
 PSYoungGen      total 29696K, used 3173K [0x00000000eab00000, 0x00000000ecc00000, 0x0000000100000000)
  eden space 25600K, 0% used [0x00000000eab00000,0x00000000eab00000,0x00000000ec400000)
  from space 4096K, 77% used [0x00000000ec400000,0x00000000ec7197f0,0x00000000ec800000)
  to   space 4096K, 0% used [0x00000000ec800000,0x00000000ec800000,0x00000000ecc00000)
 ParOldGen       total 68608K, used 8K [0x00000000c0000000, 0x00000000c4300000, 0x00000000eab00000)
  object space 68608K, 0% used [0x00000000c0000000,0x00000000c0002000,0x00000000c4300000)
 Metaspace       used 4353K, committed 4608K, reserved 1114112K
  class space    used 436K, committed 512K, reserved 1048576K
}
Event: 2.566 GC heap before
{Heap before GC invocations=2 (full 0):
 PSYoungGen      total 29696K, used 28773K [0x00000000eab00000, 0x00000000ecc00000, 0x0000000100000000)
  eden space 25600K, 100% used [0x00000000eab00000,0x00000000ec400000,0x00000000ec400000)
  from space 4096K, 77% used [0x00000000ec400000,0x00000000ec7197f0,0x00000000ec800000)
  to   space 4096K, 0% used [0x00000000ec800000,0x00000000ec800000,0x00000000ecc00000)
 ParOldGen       total 68608K, used 8K [0x00000000c0000000, 0x00000000c4300000, 0x00000000eab00000)
  object space 68608K, 0% used [0x00000000c0000000,0x00000000c0002000,0x00000000c4300000)
 Metaspace       used 8147K, committed 8512K, reserved 1114112K
  class space    used 805K, committed 960K, reserved 1048576K
}
Event: 2.574 GC heap after
{Heap after GC invocations=2 (full 0):
 PSYoungGen      total 29696K, used 4074K [0x00000000eab00000, 0x00000000ecc00000, 0x0000000100000000)
  eden space 25600K, 0% used [0x00000000eab00000,0x00000000eab00000,0x00000000ec400000)
  from space 4096K, 99% used [0x00000000ec800000,0x00000000ecbfa948,0x00000000ecc00000)
  to   space 4096K, 0% used [0x00000000ec400000,0x00000000ec400000,0x00000000ec800000)
 ParOldGen       total 68608K, used 841K [0x00000000c0000000, 0x00000000c4300000, 0x00000000eab00000)
  object space 68608K, 1% used [0x00000000c0000000,0x00000000c00d26a8,0x00000000c4300000)
 Metaspace       used 8147K, committed 8512K, reserved 1114112K
  class space    used 805K, committed 960K, reserved 1048576K
}
Event: 3.688 GC heap before
{Heap before GC invocations=3 (full 0):
 PSYoungGen      total 29696K, used 29674K [0x00000000eab00000, 0x00000000ecc00000, 0x0000000100000000)
  eden space 25600K, 100% used [0x00000000eab00000,0x00000000ec400000,0x00000000ec400000)
  from space 4096K, 99% used [0x00000000ec800000,0x00000000ecbfa948,0x00000000ecc00000)
  to   space 4096K, 0% used [0x00000000ec400000,0x00000000ec400000,0x00000000ec800000)
 ParOldGen       total 68608K, used 841K [0x00000000c0000000, 0x00000000c4300000, 0x00000000eab00000)
  object space 68608K, 1% used [0x00000000c0000000,0x00000000c00d26a8,0x00000000c4300000)
 Metaspace       used 12911K, committed 13440K, reserved 1114112K
  class space    used 1298K, committed 1536K, reserved 1048576K
}
Event: 3.695 GC heap after
{Heap after GC invocations=3 (full 0):
 PSYoungGen      total 29696K, used 4083K [0x00000000eab00000, 0x00000000ecc00000, 0x0000000100000000)
  eden space 25600K, 0% used [0x00000000eab00000,0x00000000eab00000,0x00000000ec400000)
  from space 4096K, 99% used [0x00000000ec400000,0x00000000ec7fcde8,0x00000000ec800000)
  to   space 4096K, 0% used [0x00000000ec800000,0x00000000ec800000,0x00000000ecc00000)
 ParOldGen       total 68608K, used 2704K [0x00000000c0000000, 0x00000000c4300000, 0x00000000eab00000)
  object space 68608K, 3% used [0x00000000c0000000,0x00000000c02a41f0,0x00000000c4300000)
 Metaspace       used 12911K, committed 13440K, reserved 1114112K
  class space    used 1298K, committed 1536K, reserved 1048576K
}
Event: 4.806 GC heap before
{Heap before GC invocations=4 (full 0):
 PSYoungGen      total 29696K, used 29683K [0x00000000eab00000, 0x00000000ecc00000, 0x0000000100000000)
  eden space 25600K, 100% used [0x00000000eab00000,0x00000000ec400000,0x00000000ec400000)
  from space 4096K, 99% used [0x00000000ec400000,0x00000000ec7fcde8,0x00000000ec800000)
  to   space 4096K, 0% used [0x00000000ec800000,0x00000000ec800000,0x00000000ecc00000)
 ParOldGen       total 68608K, used 2704K [0x00000000c0000000, 0x00000000c4300000, 0x00000000eab00000)
  object space 68608K, 3% used [0x00000000c0000000,0x00000000c02a41f0,0x00000000c4300000)
 Metaspace       used 16047K, committed 16704K, reserved 1114112K
  class space    used 1616K, committed 1920K, reserved 1048576K
}
Event: 4.812 GC heap after
{Heap after GC invocations=4 (full 0):
 PSYoungGen      total 29696K, used 4083K [0x00000000eab00000, 0x00000000ecc00000, 0x0000000100000000)
  eden space 25600K, 0% used [0x00000000eab00000,0x00000000eab00000,0x00000000ec400000)
  from space 4096K, 99% used [0x00000000ec800000,0x00000000ecbfcce0,0x00000000ecc00000)
  to   space 4096K, 0% used [0x00000000ec400000,0x00000000ec400000,0x00000000ec800000)
 ParOldGen       total 68608K, used 6391K [0x00000000c0000000, 0x00000000c4300000, 0x00000000eab00000)
  object space 68608K, 9% used [0x00000000c0000000,0x00000000c063df80,0x00000000c4300000)
 Metaspace       used 16047K, committed 16704K, reserved 1114112K
  class space    used 1616K, committed 1920K, reserved 1048576K
}
Event: 5.222 GC heap before
{Heap before GC invocations=5 (full 0):
 PSYoungGen      total 29696K, used 29683K [0x00000000eab00000, 0x00000000ecc00000, 0x0000000100000000)
  eden space 25600K, 100% used [0x00000000eab00000,0x00000000ec400000,0x00000000ec400000)
  from space 4096K, 99% used [0x00000000ec800000,0x00000000ecbfcce0,0x00000000ecc00000)
  to   space 4096K, 0% used [0x00000000ec400000,0x00000000ec400000,0x00000000ec800000)
 ParOldGen       total 68608K, used 6391K [0x00000000c0000000, 0x00000000c4300000, 0x00000000eab00000)
  object space 68608K, 9% used [0x00000000c0000000,0x00000000c063df80,0x00000000c4300000)
 Metaspace       used 19330K, committed 19968K, reserved 1114112K
  class space    used 1835K, committed 2112K, reserved 1048576K
}
Event: 5.226 GC heap after
{Heap after GC invocations=5 (full 0):
 PSYoungGen      total 29184K, used 4093K [0x00000000eab00000, 0x00000000ece80000, 0x0000000100000000)
  eden space 25088K, 0% used [0x00000000eab00000,0x00000000eab00000,0x00000000ec380000)
  from space 4096K, 99% used [0x00000000ec400000,0x00000000ec7ff500,0x00000000ec800000)
  to   space 5632K, 0% used [0x00000000ec900000,0x00000000ec900000,0x00000000ece80000)
 ParOldGen       total 68608K, used 6600K [0x00000000c0000000, 0x00000000c4300000, 0x00000000eab00000)
  object space 68608K, 9% used [0x00000000c0000000,0x00000000c06721b0,0x00000000c4300000)
 Metaspace       used 19330K, committed 19968K, reserved 1114112K
  class space    used 1835K, committed 2112K, reserved 1048576K
}
Event: 5.369 GC heap before
{Heap before GC invocations=6 (full 0):
 PSYoungGen      total 29184K, used 14917K [0x00000000eab00000, 0x00000000ece80000, 0x0000000100000000)
  eden space 25088K, 43% used [0x00000000eab00000,0x00000000eb5921c0,0x00000000ec380000)
  from space 4096K, 99% used [0x00000000ec400000,0x00000000ec7ff500,0x00000000ec800000)
  to   space 5632K, 0% used [0x00000000ec900000,0x00000000ec900000,0x00000000ece80000)
 ParOldGen       total 68608K, used 6600K [0x00000000c0000000, 0x00000000c4300000, 0x00000000eab00000)
  object space 68608K, 9% used [0x00000000c0000000,0x00000000c06721b0,0x00000000c4300000)
 Metaspace       used 20868K, committed 21504K, reserved 1114112K
  class space    used 1970K, committed 2240K, reserved 1048576K
}
Event: 5.373 GC heap after
{Heap after GC invocations=6 (full 0):
 PSYoungGen      total 29696K, used 4311K [0x00000000eab00000, 0x00000000ecd80000, 0x0000000100000000)
  eden space 25088K, 0% used [0x00000000eab00000,0x00000000eab00000,0x00000000ec380000)
  from space 4608K, 93% used [0x00000000ec900000,0x00000000ecd35f90,0x00000000ecd80000)
  to   space 4608K, 0% used [0x00000000ec480000,0x00000000ec480000,0x00000000ec900000)
 ParOldGen       total 68608K, used 6600K [0x00000000c0000000, 0x00000000c4300000, 0x00000000eab00000)
  object space 68608K, 9% used [0x00000000c0000000,0x00000000c06721b0,0x00000000c4300000)
 Metaspace       used 20868K, committed 21504K, reserved 1114112K
  class space    used 1970K, committed 2240K, reserved 1048576K
}
Event: 5.373 GC heap before
{Heap before GC invocations=7 (full 1):
 PSYoungGen      total 29696K, used 4311K [0x00000000eab00000, 0x00000000ecd80000, 0x0000000100000000)
  eden space 25088K, 0% used [0x00000000eab00000,0x00000000eab00000,0x00000000ec380000)
  from space 4608K, 93% used [0x00000000ec900000,0x00000000ecd35f90,0x00000000ecd80000)
  to   space 4608K, 0% used [0x00000000ec480000,0x00000000ec480000,0x00000000ec900000)
 ParOldGen       total 68608K, used 6600K [0x00000000c0000000, 0x00000000c4300000, 0x00000000eab00000)
  object space 68608K, 9% used [0x00000000c0000000,0x00000000c06721b0,0x00000000c4300000)
 Metaspace       used 20868K, committed 21504K, reserved 1114112K
  class space    used 1970K, committed 2240K, reserved 1048576K
}
Event: 5.414 GC heap after
{Heap after GC invocations=7 (full 1):
 PSYoungGen      total 29696K, used 0K [0x00000000eab00000, 0x00000000ecd80000, 0x0000000100000000)
  eden space 25088K, 0% used [0x00000000eab00000,0x00000000eab00000,0x00000000ec380000)
  from space 4608K, 0% used [0x00000000ec900000,0x00000000ec900000,0x00000000ecd80000)
  to   space 4608K, 0% used [0x00000000ec480000,0x00000000ec480000,0x00000000ec900000)
 ParOldGen       total 68608K, used 10473K [0x00000000c0000000, 0x00000000c4300000, 0x00000000eab00000)
  object space 68608K, 15% used [0x00000000c0000000,0x00000000c0a3a700,0x00000000c4300000)
 Metaspace       used 20855K, committed 21504K, reserved 1114112K
  class space    used 1967K, committed 2240K, reserved 1048576K
}

Dll operation events (10 events):
Event: 0.017 Loaded shared library c:\Users\zinzi\.vscode\extensions\redhat.java-1.40.0-win32-x64\jre\21.0.6-win32-x86_64\bin\java.dll
Event: 0.175 Loaded shared library c:\Users\zinzi\.vscode\extensions\redhat.java-1.40.0-win32-x64\jre\21.0.6-win32-x86_64\bin\zip.dll
Event: 0.214 Loaded shared library C:\Users\zinzi\.vscode\extensions\redhat.java-1.40.0-win32-x64\jre\21.0.6-win32-x86_64\bin\instrument.dll
Event: 0.223 Loaded shared library C:\Users\zinzi\.vscode\extensions\redhat.java-1.40.0-win32-x64\jre\21.0.6-win32-x86_64\bin\net.dll
Event: 0.226 Loaded shared library C:\Users\zinzi\.vscode\extensions\redhat.java-1.40.0-win32-x64\jre\21.0.6-win32-x86_64\bin\nio.dll
Event: 0.232 Loaded shared library C:\Users\zinzi\.vscode\extensions\redhat.java-1.40.0-win32-x64\jre\21.0.6-win32-x86_64\bin\zip.dll
Event: 0.272 Loaded shared library C:\Users\zinzi\.vscode\extensions\redhat.java-1.40.0-win32-x64\jre\21.0.6-win32-x86_64\bin\jimage.dll
Event: 0.429 Loaded shared library c:\Users\zinzi\.vscode\extensions\redhat.java-1.40.0-win32-x64\jre\21.0.6-win32-x86_64\bin\verify.dll
Event: 2.446 Loaded shared library C:\Users\zinzi\AppData\Roaming\Code\User\globalStorage\redhat.java\1.40.0\config_ss_win\org.eclipse.equinox.launcher\org.eclipse.equinox.launcher.win32.win32.x86_64_1.2.1200.v20250212-0927\eclipse_11909.dll
Event: 4.382 Loaded shared library C:\Users\zinzi\AppData\Local\Temp\jna-115907214\jna2445352178016400090.dll

Deoptimization events (20 events):
Event: 5.645 Thread 0x000001f0712a2820 Uncommon trap: trap_request=0xffffff45 fr.pc=0x000001f061310710 relative=0x00000000000010b0
Event: 5.645 Thread 0x000001f0712a2820 Uncommon trap: reason=unstable_if action=reinterpret pc=0x000001f061310710 method=jdk.internal.jimage.ImageStringsReader.stringFromByteBufferMatches(Ljava/nio/ByteBuffer;ILjava/lang/String;I)I @ 48 c2
Event: 5.645 Thread 0x000001f0712a2820 DEOPT PACKING pc=0x000001f061310710 sp=0x0000003f7aef7c30
Event: 5.645 Thread 0x000001f0712a2820 DEOPT UNPACKING pc=0x000001f060d33aa2 sp=0x0000003f7aef7968 mode 2
Event: 5.675 Thread 0x000001f0712a2820 DEOPT PACKING pc=0x000001f0598d59a6 sp=0x0000003f7aef7ce0
Event: 5.675 Thread 0x000001f0712a2820 DEOPT UNPACKING pc=0x000001f060d34242 sp=0x0000003f7aef71d8 mode 0
Event: 5.676 Thread 0x000001f0712a2820 DEOPT PACKING pc=0x000001f0598d59a6 sp=0x0000003f7aef7ce0
Event: 5.676 Thread 0x000001f0712a2820 DEOPT UNPACKING pc=0x000001f060d34242 sp=0x0000003f7aef71d8 mode 0
Event: 5.677 Thread 0x000001f0712a2820 Uncommon trap: trap_request=0xffffff45 fr.pc=0x000001f0613b4cb0 relative=0x0000000000001190
Event: 5.677 Thread 0x000001f0712a2820 Uncommon trap: reason=unstable_if action=reinterpret pc=0x000001f0613b4cb0 method=java.util.Properties.loadConvert([CIILjava/lang/StringBuilder;)Ljava/lang/String; @ 463 c2
Event: 5.677 Thread 0x000001f0712a2820 DEOPT PACKING pc=0x000001f0613b4cb0 sp=0x0000003f7aef7d00
Event: 5.677 Thread 0x000001f0712a2820 DEOPT UNPACKING pc=0x000001f060d33aa2 sp=0x0000003f7aef7cf0 mode 2
Event: 5.678 Thread 0x000001f0712a2820 DEOPT PACKING pc=0x000001f0598d59a6 sp=0x0000003f7aef7ce0
Event: 5.678 Thread 0x000001f0712a2820 DEOPT UNPACKING pc=0x000001f060d34242 sp=0x0000003f7aef71d8 mode 0
Event: 5.678 Thread 0x000001f0712a2820 DEOPT PACKING pc=0x000001f059b6be35 sp=0x0000003f7aef7a90
Event: 5.678 Thread 0x000001f0712a2820 DEOPT UNPACKING pc=0x000001f060d34242 sp=0x0000003f7aef6fa0 mode 0
Event: 5.700 Thread 0x000001f0712a2820 Uncommon trap: trap_request=0xffffffc6 fr.pc=0x000001f0613285d8 relative=0x0000000000000a78
Event: 5.700 Thread 0x000001f0712a2820 Uncommon trap: reason=bimorphic_or_optimized_type_check action=maybe_recompile pc=0x000001f0613285d8 method=java.util.HashMap.putVal(ILjava/lang/Object;Ljava/lang/Object;ZZ)Ljava/lang/Object; @ 56 c2
Event: 5.700 Thread 0x000001f0712a2820 DEOPT PACKING pc=0x000001f0613285d8 sp=0x0000003f7aef9890
Event: 5.700 Thread 0x000001f0712a2820 DEOPT UNPACKING pc=0x000001f060d33aa2 sp=0x0000003f7aef97f8 mode 2

Classes loaded (20 events):
Event: 5.715 Loading class sun/nio/ch/Util$BufferCache done
Event: 5.715 Loading class java/nio/DirectByteBuffer$Deallocator
Event: 5.715 Loading class java/nio/DirectByteBuffer$Deallocator done
Event: 5.718 Loading class com/sun/org/apache/xerces/internal/dom/DeferredDocumentImpl
Event: 5.719 Loading class com/sun/org/apache/xerces/internal/dom/DeferredNode
Event: 5.719 Loading class org/w3c/dom/Node
Event: 5.719 Loading class org/w3c/dom/Node done
Event: 5.719 Loading class com/sun/org/apache/xerces/internal/dom/DeferredNode done
Event: 5.719 Loading class com/sun/org/apache/xerces/internal/dom/DocumentImpl
Event: 5.720 Loading class org/w3c/dom/traversal/DocumentTraversal
Event: 5.720 Loading class org/w3c/dom/traversal/DocumentTraversal done
Event: 5.720 Loading class org/w3c/dom/events/DocumentEvent
Event: 5.720 Loading class org/w3c/dom/events/DocumentEvent done
Event: 5.720 Loading class org/w3c/dom/ranges/DocumentRange
Event: 5.720 Loading class org/w3c/dom/ranges/DocumentRange done
Event: 5.720 Loading class com/sun/org/apache/xerces/internal/dom/CoreDocumentImpl
Event: 5.721 Loading class org/w3c/dom/Document
Event: 5.722 Loading class org/w3c/dom/Document done
Event: 5.722 Loading class com/sun/org/apache/xerces/internal/dom/ParentNode
Event: 5.723 Loading class com/sun/org/apache/xerces/internal/dom/ChildNode

Classes unloaded (7 events):
Event: 5.381 Thread 0x000001f05667ebd0 Unloading class 0x000001f001187c00 'java/lang/invoke/LambdaForm$MH+0x000001f001187c00'
Event: 5.381 Thread 0x000001f05667ebd0 Unloading class 0x000001f001187800 'java/lang/invoke/LambdaForm$MH+0x000001f001187800'
Event: 5.381 Thread 0x000001f05667ebd0 Unloading class 0x000001f001187400 'java/lang/invoke/LambdaForm$MH+0x000001f001187400'
Event: 5.381 Thread 0x000001f05667ebd0 Unloading class 0x000001f001187000 'java/lang/invoke/LambdaForm$MH+0x000001f001187000'
Event: 5.381 Thread 0x000001f05667ebd0 Unloading class 0x000001f001186c00 'java/lang/invoke/LambdaForm$BMH+0x000001f001186c00'
Event: 5.381 Thread 0x000001f05667ebd0 Unloading class 0x000001f001186800 'java/lang/invoke/LambdaForm$DMH+0x000001f001186800'
Event: 5.381 Thread 0x000001f05667ebd0 Unloading class 0x000001f001185400 'java/lang/invoke/LambdaForm$DMH+0x000001f001185400'

Classes redefined (0 events):
No events

Internal exceptions (20 events):
Event: 4.073 Thread 0x000001f0712a2820 Exception <a 'java/lang/NoSuchMethodError'{0x00000000eb8b4bc0}: 'java.lang.Object java.lang.invoke.DirectMethodHandle$Holder.invokeStaticInit(java.lang.Object, int, int, int, int)'> (0x00000000eb8b4bc0) 
thrown [s\src\hotspot\share\interpreter\linkResolver.cpp, line 773]
Event: 4.146 Thread 0x000001f0712a2820 Exception <a 'java/lang/NoSuchMethodError'{0x00000000eba1d768}: 'java.lang.Object java.lang.invoke.DirectMethodHandle$Holder.invokeStaticInit(java.lang.Object, java.lang.Object, int, int, int, int)'> (0x00000000eba1d768) 
thrown [s\src\hotspot\share\interpreter\linkResolver.cpp, line 773]
Event: 4.412 Thread 0x000001f0712a2820 Exception <a 'java/lang/NoSuchMethodError'{0x00000000ebb1cdb0}: 'void java.lang.invoke.DirectMethodHandle$Holder.invokeSpecial(java.lang.Object, java.lang.Object, java.lang.Object, int)'> (0x00000000ebb1cdb0) 
thrown [s\src\hotspot\share\interpreter\linkResolver.cpp, line 773]
Event: 4.412 Thread 0x000001f0712a2820 Exception <a 'java/lang/NoSuchMethodError'{0x00000000ebb20740}: 'void java.lang.invoke.DelegatingMethodHandle$Holder.reinvoke_L(java.lang.Object, java.lang.Object, int)'> (0x00000000ebb20740) 
thrown [s\src\hotspot\share\interpreter\linkResolver.cpp, line 773]
Event: 4.413 Thread 0x000001f0712a2820 Exception <a 'java/lang/NoSuchMethodError'{0x00000000ebb27478}: 'int java.lang.invoke.Invokers$Holder.invokeExact_MT(java.lang.Object, java.lang.Object, java.lang.Object)'> (0x00000000ebb27478) 
thrown [s\src\hotspot\share\interpreter\linkResolver.cpp, line 773]
Event: 4.443 Thread 0x000001f0712a2820 Exception <a 'java/lang/NoSuchMethodError'{0x00000000ebc2f8c0}: 'void java.lang.invoke.Invokers$Holder.invokeExact_MT(java.lang.Object, java.lang.Object, int, java.lang.Object)'> (0x00000000ebc2f8c0) 
thrown [s\src\hotspot\share\interpreter\linkResolver.cpp, line 773]
Event: 4.472 Thread 0x000001f0712a2820 Exception <a 'java/lang/NoSuchMethodError'{0x00000000ebd170e0}: 'java.lang.Object java.lang.invoke.DirectMethodHandle$Holder.invokeSpecial(java.lang.Object, java.lang.Object, java.lang.Object, long, java.lang.Object)'> (0x00000000ebd170e0) 
thrown [s\src\hotspot\share\interpreter\linkResolver.cpp, line 773]
Event: 4.473 Thread 0x000001f0712a2820 Exception <a 'java/lang/NoSuchMethodError'{0x00000000ebd1e870}: 'java.lang.Object java.lang.invoke.DirectMethodHandle$Holder.newInvokeSpecial(java.lang.Object, java.lang.Object, java.lang.Object, long)'> (0x00000000ebd1e870) 
thrown [s\src\hotspot\share\interpreter\linkResolver.cpp, line 773]
Event: 4.474 Thread 0x000001f0712a2820 Exception <a 'java/lang/NoSuchMethodError'{0x00000000ebd224f0}: 'java.lang.Object java.lang.invoke.Invokers$Holder.linkToTargetMethod(java.lang.Object, java.lang.Object, long, java.lang.Object)'> (0x00000000ebd224f0) 
thrown [s\src\hotspot\share\interpreter\linkResolver.cpp, line 773]
Event: 4.488 Thread 0x000001f0712a2820 Exception <a 'java/lang/NoSuchMethodError'{0x00000000ebd7ab90}: 'int java.lang.invoke.DirectMethodHandle$Holder.invokeStaticInit(java.lang.Object, java.lang.Object, java.lang.Object)'> (0x00000000ebd7ab90) 
thrown [s\src\hotspot\share\interpreter\linkResolver.cpp, line 773]
Event: 4.544 Thread 0x000001f0712a2820 Exception <a 'java/lang/IncompatibleClassChangeError'{0x00000000ebf68f88}: Found class java.lang.Object, but interface was expected> (0x00000000ebf68f88) 
thrown [s\src\hotspot\share\interpreter\linkResolver.cpp, line 840]
Event: 4.701 Thread 0x000001f0712a2820 Exception <a 'java/lang/NoSuchMethodError'{0x00000000ec0a2cc0}: 'java.lang.Object java.lang.invoke.DirectMethodHandle$Holder.invokeSpecial(java.lang.Object, java.lang.Object, java.lang.Object, int, java.lang.Object, java.lang.Object)'> (0x00000000ec0a2cc0) 
thrown [s\src\hotspot\share\interpreter\linkResolver.cpp, line 773]
Event: 4.703 Thread 0x000001f0712a2820 Exception <a 'java/lang/NoSuchMethodError'{0x00000000ec0aea00}: 'java.lang.Object java.lang.invoke.DirectMethodHandle$Holder.newInvokeSpecial(java.lang.Object, java.lang.Object, java.lang.Object, int, java.lang.Object)'> (0x00000000ec0aea00) 
thrown [s\src\hotspot\share\interpreter\linkResolver.cpp, line 773]
Event: 4.703 Thread 0x000001f0712a2820 Exception <a 'java/lang/NoSuchMethodError'{0x00000000ec0b24f0}: 'java.lang.Object java.lang.invoke.Invokers$Holder.linkToTargetMethod(java.lang.Object, java.lang.Object, int, java.lang.Object, java.lang.Object)'> (0x00000000ec0b24f0) 
thrown [s\src\hotspot\share\interpreter\linkResolver.cpp, line 773]
Event: 4.704 Thread 0x000001f071c42120 Exception <a 'java/lang/NoSuchMethodError'{0x00000000ebd7df08}: 'java.lang.Object java.lang.invoke.DirectMethodHandle$Holder.invokeSpecial(java.lang.Object, java.lang.Object, int, java.lang.Object, java.lang.Object)'> (0x00000000ebd7df08) 
thrown [s\src\hotspot\share\interpreter\linkResolver.cpp, line 773]
Event: 4.705 Thread 0x000001f071c42120 Exception <a 'java/lang/NoSuchMethodError'{0x00000000ebd84c40}: 'java.lang.Object java.lang.invoke.DirectMethodHandle$Holder.newInvokeSpecial(java.lang.Object, java.lang.Object, int, java.lang.Object)'> (0x00000000ebd84c40) 
thrown [s\src\hotspot\share\interpreter\linkResolver.cpp, line 773]
Event: 4.735 Thread 0x000001f0712a2820 Exception <a 'java/lang/NoSuchMethodError'{0x00000000ec1b4948}: 'void java.lang.invoke.DirectMethodHandle$Holder.invokeSpecial(java.lang.Object, java.lang.Object, java.lang.Object, java.lang.Object, java.lang.Object)'> (0x00000000ec1b4948) 
thrown [s\src\hotspot\share\interpreter\linkResolver.cpp, line 773]
Event: 4.803 Thread 0x000001f0712a2820 Exception <a 'java/lang/NoSuchMethodError'{0x00000000ec3ecb80}: 'double java.lang.invoke.DirectMethodHandle$Holder.invokeStatic(java.lang.Object, java.lang.Object)'> (0x00000000ec3ecb80) 
thrown [s\src\hotspot\share\interpreter\linkResolver.cpp, line 773]
Event: 4.803 Thread 0x000001f0712a2820 Exception <a 'java/lang/NoSuchMethodError'{0x00000000ec3f0240}: 'double java.lang.invoke.DirectMethodHandle$Holder.invokeStaticInit(java.lang.Object, java.lang.Object)'> (0x00000000ec3f0240) 
thrown [s\src\hotspot\share\interpreter\linkResolver.cpp, line 773]
Event: 5.294 Thread 0x000001f0712a2820 Implicit null exception at 0x000001f0613b2975 to 0x000001f0613b2a68

ZGC Phase Switch (0 events):
No events

VM Operations (20 events):
Event: 2.857 Executing VM operation: HandshakeAllThreads (Deoptimize)
Event: 2.858 Executing VM operation: HandshakeAllThreads (Deoptimize) done
Event: 3.343 Executing VM operation: HandshakeAllThreads (Deoptimize)
Event: 3.343 Executing VM operation: HandshakeAllThreads (Deoptimize) done
Event: 3.687 Executing VM operation: ParallelGCFailedAllocation (Allocation Failure)
Event: 3.695 Executing VM operation: ParallelGCFailedAllocation (Allocation Failure) done
Event: 4.394 Executing VM operation: HandshakeAllThreads (Deoptimize)
Event: 4.394 Executing VM operation: HandshakeAllThreads (Deoptimize) done
Event: 4.501 Executing VM operation: HandshakeAllThreads (Deoptimize)
Event: 4.501 Executing VM operation: HandshakeAllThreads (Deoptimize) done
Event: 4.519 Executing VM operation: HandshakeAllThreads (Deoptimize)
Event: 4.520 Executing VM operation: HandshakeAllThreads (Deoptimize) done
Event: 4.806 Executing VM operation: ParallelGCFailedAllocation (Allocation Failure)
Event: 4.812 Executing VM operation: ParallelGCFailedAllocation (Allocation Failure) done
Event: 5.222 Executing VM operation: ParallelGCFailedAllocation (Allocation Failure)
Event: 5.226 Executing VM operation: ParallelGCFailedAllocation (Allocation Failure) done
Event: 5.369 Executing VM operation: CollectForMetadataAllocation (Metadata GC Threshold)
Event: 5.414 Executing VM operation: CollectForMetadataAllocation (Metadata GC Threshold) done
Event: 5.663 Executing VM operation: HandshakeAllThreads (Deoptimize)
Event: 5.663 Executing VM operation: HandshakeAllThreads (Deoptimize) done

Memory protections (0 events):
No events

Nmethod flushes (0 events):
No events

Events (20 events):
Event: 1.230 Thread 0x000001f06cdc7040 Thread exited: 0x000001f06cdc7040
Event: 1.713 Thread 0x000001f06ca49280 Thread added: 0x000001f06cd2b120
Event: 2.082 Thread 0x000001f0565bec30 Thread added: 0x000001f0712eff50
Event: 2.431 Thread 0x000001f0565bec30 Thread added: 0x000001f071a0fff0
Event: 2.437 Thread 0x000001f0565bec30 Thread added: 0x000001f0712a2820
Event: 2.523 Thread 0x000001f0712a2820 Thread added: 0x000001f0716ba0a0
Event: 2.752 Thread 0x000001f06cd2b120 Thread exited: 0x000001f06cd2b120
Event: 2.776 Thread 0x000001f06cd20320 Thread exited: 0x000001f06cd20320
Event: 2.825 Thread 0x000001f0712a2820 Thread added: 0x000001f071927340
Event: 2.991 Thread 0x000001f06ca49280 Thread added: 0x000001f0715639a0
Event: 2.992 Thread 0x000001f06ca49280 Thread added: 0x000001f071564410
Event: 3.412 Thread 0x000001f0712a2820 Thread added: 0x000001f0719e10e0
Event: 3.431 Thread 0x000001f071564410 Thread exited: 0x000001f071564410
Event: 3.469 Thread 0x000001f0715639a0 Thread exited: 0x000001f0715639a0
Event: 3.866 Thread 0x000001f06c9dc2c0 Thread added: 0x000001f0719e62c0
Event: 4.423 Thread 0x000001f0712a2820 Thread added: 0x000001f071c7df00
Event: 4.479 Thread 0x000001f0712a2820 Thread added: 0x000001f071c42120
Event: 4.706 Thread 0x000001f0712a2820 Thread added: 0x000001f071c5c090
Event: 5.144 Thread 0x000001f0719e62c0 Thread exited: 0x000001f0719e62c0
Event: 5.443 Thread 0x000001f06ca49280 Thread added: 0x000001f072382730


Dynamic libraries:
0x00007ff7f3aa0000 - 0x00007ff7f3aae000 	c:\Users\zinzi\.vscode\extensions\redhat.java-1.40.0-win32-x64\jre\21.0.6-win32-x86_64\bin\java.exe
0x00007ffb19690000 - 0x00007ffb198a7000 	C:\WINDOWS\SYSTEM32\ntdll.dll
0x00007ffb17470000 - 0x00007ffb17534000 	C:\WINDOWS\System32\KERNEL32.DLL
0x00007ffb16910000 - 0x00007ffb16ce1000 	C:\WINDOWS\System32\KERNELBASE.dll
0x00007ffb17050000 - 0x00007ffb17161000 	C:\WINDOWS\System32\ucrtbase.dll
0x00007ffb04b00000 - 0x00007ffb04b18000 	c:\Users\zinzi\.vscode\extensions\redhat.java-1.40.0-win32-x64\jre\21.0.6-win32-x86_64\bin\jli.dll
0x00007ffaff980000 - 0x00007ffaff99e000 	c:\Users\zinzi\.vscode\extensions\redhat.java-1.40.0-win32-x64\jre\21.0.6-win32-x86_64\bin\VCRUNTIME140.dll
0x00007ffb187d0000 - 0x00007ffb18981000 	C:\WINDOWS\System32\USER32.dll
0x00007ffb16d90000 - 0x00007ffb16db6000 	C:\WINDOWS\System32\win32u.dll
0x00007ffb17b30000 - 0x00007ffb17b59000 	C:\WINDOWS\System32\GDI32.dll
0x00007ffb03f70000 - 0x00007ffb04202000 	C:\WINDOWS\WinSxS\amd64_microsoft.windows.common-controls_6595b64144ccf1df_6.0.22621.4830_none_270fe7d773858e80\COMCTL32.dll
0x00007ffb16f30000 - 0x00007ffb1704b000 	C:\WINDOWS\System32\gdi32full.dll
0x00007ffb16cf0000 - 0x00007ffb16d8a000 	C:\WINDOWS\System32\msvcp_win.dll
0x00007ffb17550000 - 0x00007ffb175f7000 	C:\WINDOWS\System32\msvcrt.dll
0x00007ffb18790000 - 0x00007ffb187c1000 	C:\WINDOWS\System32\IMM32.DLL
0x00007ffb068f0000 - 0x00007ffb068fc000 	c:\Users\zinzi\.vscode\extensions\redhat.java-1.40.0-win32-x64\jre\21.0.6-win32-x86_64\bin\vcruntime140_1.dll
0x00007ffadc920000 - 0x00007ffadc9ad000 	c:\Users\zinzi\.vscode\extensions\redhat.java-1.40.0-win32-x64\jre\21.0.6-win32-x86_64\bin\msvcp140.dll
0x00007ffa97780000 - 0x00007ffa98510000 	c:\Users\zinzi\.vscode\extensions\redhat.java-1.40.0-win32-x64\jre\21.0.6-win32-x86_64\bin\server\jvm.dll
0x00007ffb17360000 - 0x00007ffb17411000 	C:\WINDOWS\System32\ADVAPI32.dll
0x00007ffb180f0000 - 0x00007ffb18197000 	C:\WINDOWS\System32\sechost.dll
0x00007ffb17330000 - 0x00007ffb17358000 	C:\WINDOWS\System32\bcrypt.dll
0x00007ffb18ca0000 - 0x00007ffb18db4000 	C:\WINDOWS\System32\RPCRT4.dll
0x00007ffb18060000 - 0x00007ffb180d1000 	C:\WINDOWS\System32\WS2_32.dll
0x00007ffb15640000 - 0x00007ffb1568d000 	C:\WINDOWS\SYSTEM32\POWRPROF.dll
0x00007ffb085c0000 - 0x00007ffb085f4000 	C:\WINDOWS\SYSTEM32\WINMM.dll
0x00007ffb14420000 - 0x00007ffb1442a000 	C:\WINDOWS\SYSTEM32\VERSION.dll
0x00007ffb15620000 - 0x00007ffb15633000 	C:\WINDOWS\SYSTEM32\UMPDC.dll
0x00007ffb158d0000 - 0x00007ffb158e8000 	C:\WINDOWS\SYSTEM32\kernel.appcore.dll
0x00007ffb05870000 - 0x00007ffb0587a000 	c:\Users\zinzi\.vscode\extensions\redhat.java-1.40.0-win32-x64\jre\21.0.6-win32-x86_64\bin\jimage.dll
0x00007ffb07290000 - 0x00007ffb074c2000 	C:\WINDOWS\SYSTEM32\DBGHELP.DLL
0x00007ffb182f0000 - 0x00007ffb18680000 	C:\WINDOWS\System32\combase.dll
0x00007ffb181a0000 - 0x00007ffb18277000 	C:\WINDOWS\System32\OLEAUT32.dll
0x00007ffafbba0000 - 0x00007ffafbbd2000 	C:\WINDOWS\SYSTEM32\dbgcore.DLL
0x00007ffb17230000 - 0x00007ffb172ab000 	C:\WINDOWS\System32\bcryptPrimitives.dll
0x00007ffb07e50000 - 0x00007ffb07e5f000 	c:\Users\zinzi\.vscode\extensions\redhat.java-1.40.0-win32-x64\jre\21.0.6-win32-x86_64\bin\instrument.dll
0x00007ffaea8d0000 - 0x00007ffaea8ef000 	c:\Users\zinzi\.vscode\extensions\redhat.java-1.40.0-win32-x64\jre\21.0.6-win32-x86_64\bin\java.dll
0x00007ffb18dc0000 - 0x00007ffb19648000 	C:\WINDOWS\System32\SHELL32.dll
0x00007ffb167d0000 - 0x00007ffb1690f000 	C:\WINDOWS\System32\wintypes.dll
0x00007ffb146f0000 - 0x00007ffb14ffd000 	C:\WINDOWS\SYSTEM32\windows.storage.dll
0x00007ffb18680000 - 0x00007ffb1878a000 	C:\WINDOWS\System32\SHCORE.dll
0x00007ffb17b70000 - 0x00007ffb17bce000 	C:\WINDOWS\System32\shlwapi.dll
0x00007ffb16700000 - 0x00007ffb1672b000 	C:\WINDOWS\SYSTEM32\profapi.dll
0x00007ffaea610000 - 0x00007ffaea628000 	c:\Users\zinzi\.vscode\extensions\redhat.java-1.40.0-win32-x64\jre\21.0.6-win32-x86_64\bin\zip.dll
0x00007ffb01320000 - 0x00007ffb01330000 	C:\Users\zinzi\.vscode\extensions\redhat.java-1.40.0-win32-x64\jre\21.0.6-win32-x86_64\bin\net.dll
0x00007ffb12990000 - 0x00007ffb12abc000 	C:\WINDOWS\SYSTEM32\WINHTTP.dll
0x00007ffb15d30000 - 0x00007ffb15d9a000 	C:\WINDOWS\system32\mswsock.dll
0x00007ffae0200000 - 0x00007ffae0216000 	C:\Users\zinzi\.vscode\extensions\redhat.java-1.40.0-win32-x64\jre\21.0.6-win32-x86_64\bin\nio.dll
0x00007ffb01270000 - 0x00007ffb01280000 	c:\Users\zinzi\.vscode\extensions\redhat.java-1.40.0-win32-x64\jre\21.0.6-win32-x86_64\bin\verify.dll
0x00007ffadc8d0000 - 0x00007ffadc915000 	C:\Users\zinzi\AppData\Roaming\Code\User\globalStorage\redhat.java\1.40.0\config_ss_win\org.eclipse.equinox.launcher\org.eclipse.equinox.launcher.win32.win32.x86_64_1.2.1200.v20250212-0927\eclipse_11909.dll
0x00007ffb17660000 - 0x00007ffb17801000 	C:\WINDOWS\System32\ole32.dll
0x00007ffb15f40000 - 0x00007ffb15f5b000 	C:\WINDOWS\SYSTEM32\CRYPTSP.dll
0x00007ffb15830000 - 0x00007ffb15867000 	C:\WINDOWS\system32\rsaenh.dll
0x00007ffb15de0000 - 0x00007ffb15e08000 	C:\WINDOWS\SYSTEM32\USERENV.dll
0x00007ffb15f60000 - 0x00007ffb15f6c000 	C:\WINDOWS\SYSTEM32\CRYPTBASE.dll
0x00007ffb152d0000 - 0x00007ffb152fd000 	C:\WINDOWS\SYSTEM32\IPHLPAPI.DLL
0x00007ffb180e0000 - 0x00007ffb180e9000 	C:\WINDOWS\System32\NSI.dll
0x00007ffac5260000 - 0x00007ffac52a9000 	C:\Users\zinzi\AppData\Local\Temp\jna-115907214\jna2445352178016400090.dll
0x00007ffb18050000 - 0x00007ffb18058000 	C:\WINDOWS\System32\PSAPI.DLL

dbghelp: loaded successfully - version: 4.0.5 - missing functions: none
symbol engine: initialized successfully - sym options: 0x614 - pdb path: .;c:\Users\zinzi\.vscode\extensions\redhat.java-1.40.0-win32-x64\jre\21.0.6-win32-x86_64\bin;C:\WINDOWS\SYSTEM32;C:\WINDOWS\WinSxS\amd64_microsoft.windows.common-controls_6595b64144ccf1df_6.0.22621.4830_none_270fe7d773858e80;c:\Users\zinzi\.vscode\extensions\redhat.java-1.40.0-win32-x64\jre\21.0.6-win32-x86_64\bin\server;C:\Users\zinzi\AppData\Roaming\Code\User\globalStorage\redhat.java\1.40.0\config_ss_win\org.eclipse.equinox.launcher\org.eclipse.equinox.launcher.win32.win32.x86_64_1.2.1200.v20250212-0927;C:\Users\zinzi\AppData\Local\Temp\jna-115907214

VM Arguments:
jvm_args: --add-modules=ALL-SYSTEM --add-opens=java.base/java.util=ALL-UNNAMED --add-opens=java.base/java.lang=ALL-UNNAMED --add-opens=java.base/sun.nio.fs=ALL-UNNAMED -Declipse.application=org.eclipse.jdt.ls.core.id1 -Dosgi.bundles.defaultStartLevel=4 -Declipse.product=org.eclipse.jdt.ls.core.product -Djava.import.generatesMetadataFilesAtProjectRoot=false -DDetectVMInstallationsJob.disabled=true -Dfile.encoding=utf8 -XX:+UseParallelGC -XX:GCTimeRatio=4 -XX:AdaptiveSizePolicyWeight=90 -Dsun.zip.disableMemoryMapping=true -Xmx1G -Xms100m -Xlog:disable -javaagent:c:\Users\zinzi\.vscode\extensions\redhat.java-1.40.0-win32-x64\lombok\lombok-1.18.36.jar 
java_command: c:\Users\zinzi\.vscode\extensions\redhat.java-1.40.0-win32-x64\server\plugins\org.eclipse.equinox.launcher_1.6.1000.v20250131-0606.jar -configuration c:\Users\zinzi\AppData\Roaming\Code\User\globalStorage\redhat.java\1.40.0\config_ss_win -data c:\Users\zinzi\AppData\Roaming\Code\User\workspaceStorage\1531145508dfbda3fe65cda5b18105b1\redhat.java\ss_ws --pipe=\\.\pipe\lsp-bda043bac186b0a3ef1543547935d60b-sock
java_class_path (initial): c:\Users\zinzi\.vscode\extensions\redhat.java-1.40.0-win32-x64\server\plugins\org.eclipse.equinox.launcher_1.6.1000.v20250131-0606.jar
Launcher Type: SUN_STANDARD

[Global flags]
    uintx AdaptiveSizePolicyWeight                 = 90                                        {product} {command line}
     intx CICompilerCount                          = 4                                         {product} {ergonomic}
    uintx GCTimeRatio                              = 4                                         {product} {command line}
   size_t InitialHeapSize                          = 104857600                                 {product} {command line}
   size_t MaxHeapSize                              = 1073741824                                {product} {command line}
   size_t MaxNewSize                               = 357564416                                 {product} {ergonomic}
   size_t MinHeapDeltaBytes                        = 524288                                    {product} {ergonomic}
   size_t MinHeapSize                              = 104857600                                 {product} {command line}
   size_t NewSize                                  = 34603008                                  {product} {ergonomic}
    uintx NonNMethodCodeHeapSize                   = 5839372                                {pd product} {ergonomic}
    uintx NonProfiledCodeHeapSize                  = 122909434                              {pd product} {ergonomic}
   size_t OldSize                                  = 70254592                                  {product} {ergonomic}
    uintx ProfiledCodeHeapSize                     = 122909434                              {pd product} {ergonomic}
    uintx ReservedCodeCacheSize                    = 251658240                              {pd product} {ergonomic}
     bool SegmentedCodeCache                       = true                                      {product} {ergonomic}
   size_t SoftMaxHeapSize                          = 1073741824                             {manageable} {ergonomic}
     bool UseCompressedOops                        = true                           {product lp64_product} {ergonomic}
     bool UseLargePagesIndividualAllocation        = false                                  {pd product} {ergonomic}
     bool UseParallelGC                            = true                                      {product} {command line}

Logging:
Log output configuration:
 #0: stdout all=off uptime,level,tags foldmultilines=false
 #1: stderr all=off uptime,level,tags foldmultilines=false

Environment Variables:
JAVA_HOME=C:\Program Files\Microsoft\jdk-17.0.10.7-hotspot\
PATH=C:\Program Files\Microsoft\jdk-17.0.10.7-hotspot\bin;C:\WINDOWS\system32;C:\WINDOWS;C:\WINDOWS\System32\Wbem;C:\WINDOWS\System32\WindowsPowerShell\v1.0\;C:\WINDOWS\System32\OpenSSH\;C:\ProgramData\chocolatey\bin;C:\Program Files\Microsoft SQL Server\150\Tools\Binn\;C:\Program Files\Microsoft SQL Server\Client SDK\ODBC\170\Tools\Binn\;C:\Program Files (x86)\Microsoft SQL Server\160\Tools\Binn\;C:\Program Files\Microsoft SQL Server\160\Tools\Binn\;C:\Program Files\Microsoft SQL Server\160\DTS\Binn\;C:\Program Files (x86)\NVIDIA Corporation\PhysX\Common;C:\Users\zinzi\AppData\Roaming\nvm;C:\Program Files\nodejs;C:\Program Files\Amazon\AWSCLIV2\;C:\Program Files\starship\bin\;C:\Program Files (x86)\oh-my-posh\bin;D:\Git\Git\cmd;C:\Program Files\Amazon\SessionManagerPlugin\bin\;C:\Program Files\dotnet\;C:\Program Files\Amazon\SessionManagerPlugin\bin;C:\Program Files\MySQL\MySQL Shell 8.0\bin\;C:\Users\zinzi\AppData\Local\Android\Sdk\platform-tools;C:\Users\zinzi\AppData\Local\Microsoft\WindowsApps;C:\Users\zinzi\AppData\Local\Programs\Microsoft VS Code\bin;C:\Users\zinzi\AppData\Local\GitHubDesktop\bin;C:\Users\zinzi\AppData\Roaming\npm;C:\Users\zinzi\AppData\Roaming\nvm;C:\Program Files\nodejs;C:\Users\zinzi\AppData\Local\Programs\oh-my-posh\bin;C:\Users\zinzi\AppData\Local\Packages\PythonSoftwareFoundation.Python.3.13_qbz5n2kfra8p0\LocalCache\local-packages\Python313\Scripts;C:\Gradle\gradle-8.13\bin;C:\Users\zinzi\.dotnet\tools
USERNAME=zinzi
OS=Windows_NT
PROCESSOR_IDENTIFIER=Intel64 Family 6 Model 165 Stepping 2, GenuineIntel
TMP=C:\Users\zinzi\AppData\Local\Temp
TEMP=C:\Users\zinzi\AppData\Local\Temp




Periodic native trim disabled

---------------  S Y S T E M  ---------------

OS:
 Windows 11 , 64 bit Build 22621 (10.0.22621.4974)
OS uptime: 1 days 23:18 hours
Hyper-V role detected

CPU: total 12 (initial active 12) (6 cores per cpu, 2 threads per core) family 6 model 165 stepping 2 microcode 0xe0, cx8, cmov, fxsr, ht, mmx, 3dnowpref, sse, sse2, sse3, ssse3, sse4.1, sse4.2, popcnt, lzcnt, tsc, tscinvbit, avx, avx2, aes, erms, clmul, bmi1, bmi2, adx, fma, vzeroupper, clflush, clflushopt, hv, rdtscp, f16c
Processor Information for the first 12 processors :
  Max Mhz: 2592, Current Mhz: 2292, Mhz Limit: 2592

Memory: 4k page, system-wide physical 16205M (2047M free)
TotalPageFile size 18253M (AvailPageFile size 6M)
current process WorkingSet (physical memory assigned to process): 144M, peak: 144M
current process commit charge ("private bytes"): 250M, peak: 250M

vm_info: OpenJDK 64-Bit Server VM (21.0.6+7-LTS) for windows-amd64 JRE (21.0.6+7-LTS), built on 2025-01-21T00:00:00Z by "admin" with MS VC++ 17.7 (VS2022)

END.
