#
# There is insufficient memory for the Java Runtime Environment to continue.
# Native memory allocation (malloc) failed to allocate 213296 bytes. Error detail: Chunk::new
# Possible reasons:
#   The system is out of physical RAM or swap space
#   This process is running with CompressedOops enabled, and the Java Heap may be blocking the growth of the native heap
# Possible solutions:
#   Reduce memory load on the system
#   Increase physical memory or swap space
#   Check if swap backing store is full
#   Decrease Java heap size (-Xmx/-Xms)
#   Decrease number of Java threads
#   Decrease Java thread stack sizes (-Xss)
#   Set larger code cache with -XX:ReservedCodeCacheSize=
#   JVM is running with Unscaled Compressed Oops mode in which the Java heap is
#     placed in the first 4GB address space. The Java Heap base address is the
#     maximum limit for the native heap growth. Please use -XX:HeapBaseMinAddress
#     to set the Java Heap base and to place the Java Heap above 4GB virtual address.
# This output file may be truncated or incomplete.
#
#  Out of Memory Error (arena.cpp:168), pid=9864, tid=12492
#
# JRE version: OpenJDK Runtime Environment Temurin-21.0.6+7 (21.0.6+7) (build 21.0.6+7-LTS)
# Java VM: OpenJDK 64-Bit Server VM Temurin-21.0.6+7 (21.0.6+7-LTS, mixed mode, sharing, tiered, compressed oops, compressed class ptrs, parallel gc, windows-amd64)
# No core dump will be written. Minidumps are not enabled by default on client versions of Windows
#

---------------  S U M M A R Y ------------

Command Line: --add-modules=ALL-SYSTEM --add-opens=java.base/java.util=ALL-UNNAMED --add-opens=java.base/java.lang=ALL-UNNAMED --add-opens=java.base/sun.nio.fs=ALL-UNNAMED -Declipse.application=org.eclipse.jdt.ls.core.id1 -Dosgi.bundles.defaultStartLevel=4 -Declipse.product=org.eclipse.jdt.ls.core.product -Djava.import.generatesMetadataFilesAtProjectRoot=false -DDetectVMInstallationsJob.disabled=true -Dfile.encoding=utf8 -XX:+UseParallelGC -XX:GCTimeRatio=4 -XX:AdaptiveSizePolicyWeight=90 -Dsun.zip.disableMemoryMapping=true -Xmx1G -Xms100m -Xlog:disable -javaagent:c:\Users\zinzi\.vscode\extensions\redhat.java-1.40.0-win32-x64\lombok\lombok-1.18.36.jar c:\Users\zinzi\.vscode\extensions\redhat.java-1.40.0-win32-x64\server\plugins\org.eclipse.equinox.launcher_1.6.1000.v20250131-0606.jar -configuration c:\Users\zinzi\AppData\Roaming\Code\User\globalStorage\redhat.java\1.40.0\config_ss_win -data c:\Users\zinzi\AppData\Roaming\Code\User\workspaceStorage\1531145508dfbda3fe65cda5b18105b1\redhat.java\ss_ws --pipe=\\.\pipe\lsp-d014fa4bdb8c87c0f92e016c04d7776a-sock

Host: Intel(R) Core(TM) i7-10750H CPU @ 2.60GHz, 12 cores, 15G,  Windows 11 , 64 bit Build 22621 (10.0.22621.4974)
Time: Fri Mar 21 23:32:26 2025 SE Asia Standard Time elapsed time: 1.460474 seconds (0d 0h 0m 1s)

---------------  T H R E A D  ---------------

Current thread (0x000001e08797a130):  JavaThread "C2 CompilerThread0" daemon [_thread_in_native, id=12492, stack(0x000000c40e000000,0x000000c40e100000) (1024K)]


Current CompileTask:
C2:1460 1366   !   4       lombok.patcher.ScriptManager$OurClassFileTransformer::transform (364 bytes)

Stack: [0x000000c40e000000,0x000000c40e100000]
Native frames: (J=compiled Java code, j=interpreted, Vv=VM code, C=native code)
V  [jvm.dll+0x6cdee9]
V  [jvm.dll+0x8a83d1]
V  [jvm.dll+0x8aa8fe]
V  [jvm.dll+0x8aafe3]
V  [jvm.dll+0x27f706]
V  [jvm.dll+0xc500d]
V  [jvm.dll+0xc5543]
V  [jvm.dll+0x3b6752]
V  [jvm.dll+0x382935]
V  [jvm.dll+0x381d9a]
V  [jvm.dll+0x2479f0]
V  [jvm.dll+0x246fcf]
V  [jvm.dll+0x1c75ee]
V  [jvm.dll+0x25685a]
V  [jvm.dll+0x254dfa]
V  [jvm.dll+0x3f0256]
V  [jvm.dll+0x851f8b]
V  [jvm.dll+0x6cc5ed]
C  [ucrtbase.dll+0x29333]
C  [KERNEL32.DLL+0x1259d]
C  [ntdll.dll+0x5af38]


---------------  P R O C E S S  ---------------

Threads class SMR info:
_java_thread_list=0x000001e0de3392f0, length=13, elements={
0x000001e0878ce0a0, 0x000001e08796ff50, 0x000001e087971880, 0x000001e087972790,
0x000001e087974090, 0x000001e087977010, 0x000001e087979300, 0x000001e08797a130,
0x000001e08798a4d0, 0x000001e0879380a0, 0x000001e0de3a3780, 0x000001e0de399bd0,
0x000001e0de4f7930
}

Java Threads: ( => current thread )
  0x000001e0878ce0a0 JavaThread "main"                              [_thread_in_vm, id=16120, stack(0x000000c40d600000,0x000000c40d700000) (1024K)]
  0x000001e08796ff50 JavaThread "Reference Handler"          daemon [_thread_blocked, id=5740, stack(0x000000c40da00000,0x000000c40db00000) (1024K)]
  0x000001e087971880 JavaThread "Finalizer"                  daemon [_thread_blocked, id=18076, stack(0x000000c40db00000,0x000000c40dc00000) (1024K)]
  0x000001e087972790 JavaThread "Signal Dispatcher"          daemon [_thread_blocked, id=13748, stack(0x000000c40dc00000,0x000000c40dd00000) (1024K)]
  0x000001e087974090 JavaThread "Attach Listener"            daemon [_thread_blocked, id=18812, stack(0x000000c40dd00000,0x000000c40de00000) (1024K)]
  0x000001e087977010 JavaThread "Service Thread"             daemon [_thread_blocked, id=19200, stack(0x000000c40de00000,0x000000c40df00000) (1024K)]
  0x000001e087979300 JavaThread "Monitor Deflation Thread"   daemon [_thread_blocked, id=9676, stack(0x000000c40df00000,0x000000c40e000000) (1024K)]
=>0x000001e08797a130 JavaThread "C2 CompilerThread0"         daemon [_thread_in_native, id=12492, stack(0x000000c40e000000,0x000000c40e100000) (1024K)]
  0x000001e08798a4d0 JavaThread "C1 CompilerThread0"         daemon [_thread_in_native, id=11968, stack(0x000000c40e100000,0x000000c40e200000) (1024K)]
  0x000001e0879380a0 JavaThread "Common-Cleaner"             daemon [_thread_blocked, id=12748, stack(0x000000c40e200000,0x000000c40e300000) (1024K)]
  0x000001e0de3a3780 JavaThread "C2 CompilerThread1"         daemon [_thread_in_native, id=12076, stack(0x000000c40e300000,0x000000c40e400000) (1024K)]
  0x000001e0de399bd0 JavaThread "C2 CompilerThread2"         daemon [_thread_in_native, id=19500, stack(0x000000c40e400000,0x000000c40e500000) (1024K)]
  0x000001e0de4f7930 JavaThread "Notification Thread"        daemon [_thread_blocked, id=12984, stack(0x000000c40e500000,0x000000c40e600000) (1024K)]
Total: 13

Other Threads:
  0x000001e09bca43f0 VMThread "VM Thread"                           [id=9192, stack(0x000000c40d900000,0x000000c40da00000) (1024K)]
  0x000001e09bb9ca00 WatcherThread "VM Periodic Task Thread"        [id=20196, stack(0x000000c40d800000,0x000000c40d900000) (1024K)]
  0x000001e0878eb8a0 WorkerThread "GC Thread#0"                     [id=10268, stack(0x000000c40d700000,0x000000c40d800000) (1024K)]
  0x000001e0df83e5e0 WorkerThread "GC Thread#1"                     [id=6712, stack(0x000000c40e600000,0x000000c40e700000) (1024K)]
  0x000001e0de474330 WorkerThread "GC Thread#2"                     [id=16056, stack(0x000000c40e700000,0x000000c40e800000) (1024K)]
  0x000001e0de4746d0 WorkerThread "GC Thread#3"                     [id=5644, stack(0x000000c40e800000,0x000000c40e900000) (1024K)]
  0x000001e0de474a70 WorkerThread "GC Thread#4"                     [id=17092, stack(0x000000c40e900000,0x000000c40ea00000) (1024K)]
  0x000001e0de474e10 WorkerThread "GC Thread#5"                     [id=19452, stack(0x000000c40ea00000,0x000000c40eb00000) (1024K)]
  0x000001e0de4751b0 WorkerThread "GC Thread#6"                     [id=11536, stack(0x000000c40eb00000,0x000000c40ec00000) (1024K)]
Total: 9

Threads with active compile tasks:
C2 CompilerThread0  1477 1366   !   4       lombok.patcher.ScriptManager$OurClassFileTransformer::transform (364 bytes)
C1 CompilerThread0  1477 1427       3       org.eclipse.osgi.container.ModuleDatabase$Persistence::readWire (118 bytes)
C2 CompilerThread1  1477 1429       4       org.eclipse.osgi.container.ModuleDatabase$Persistence::addToReadTable (70 bytes)
C2 CompilerThread2  1477 1417       4       java.util.Collections$UnmodifiableCollection::iterator (9 bytes)
Total: 4

VM state: not at safepoint (normal execution)

VM Mutex/Monitor currently owned by a thread: None

Heap address: 0x00000000c0000000, size: 1024 MB, Compressed Oops mode: 32-bit

CDS archive(s) mapped at: [0x000001e09c000000-0x000001e09cba0000-0x000001e09cba0000), size 12189696, SharedBaseAddress: 0x000001e09c000000, ArchiveRelocationMode: 1.
Compressed class space mapped at: 0x000001e09d000000-0x000001e0dd000000, reserved size: 1073741824
Narrow klass base: 0x000001e09c000000, Narrow klass shift: 0, Narrow klass range: 0x100000000

GC Precious Log:
 CardTable entry size: 512
 CPUs: 12 total, 12 available
 Memory: 16205M
 Large Page Support: Disabled
 NUMA Support: Disabled
 Compressed Oops: Enabled (32-bit)
 Alignments: Space 512K, Generation 512K, Heap 2M
 Heap Min Capacity: 100M
 Heap Initial Capacity: 100M
 Heap Max Capacity: 1G
 Pre-touch: Disabled
 Parallel Workers: 10

Heap:
 PSYoungGen      total 29696K, used 16026K [0x00000000eab00000, 0x00000000ecc00000, 0x0000000100000000)
  eden space 25600K, 50% used [0x00000000eab00000,0x00000000eb78d050,0x00000000ec400000)
  from space 4096K, 77% used [0x00000000ec400000,0x00000000ec7197f0,0x00000000ec800000)
  to   space 4096K, 0% used [0x00000000ec800000,0x00000000ec800000,0x00000000ecc00000)
 ParOldGen       total 68608K, used 16K [0x00000000c0000000, 0x00000000c4300000, 0x00000000eab00000)
  object space 68608K, 0% used [0x00000000c0000000,0x00000000c0004000,0x00000000c4300000)
 Metaspace       used 6286K, committed 6528K, reserved 1114112K
  class space    used 596K, committed 704K, reserved 1048576K

Card table byte_map: [0x000001e087270000,0x000001e087480000] _byte_map_base: 0x000001e086c70000

Marking Bits: (ParMarkBitMap*) 0x00007ff841833260
 Begin Bits: [0x000001e099ac0000, 0x000001e09aac0000)
 End Bits:   [0x000001e09aac0000, 0x000001e09bac0000)

Polling page: 0x000001e0858b0000

Metaspace:

Usage:
  Non-class:      5.56 MB used.
      Class:    596.18 KB used.
       Both:      6.14 MB used.

Virtual space:
  Non-class space:       64.00 MB reserved,       5.69 MB (  9%) committed,  1 nodes.
      Class space:        1.00 GB reserved,     704.00 KB ( <1%) committed,  1 nodes.
             Both:        1.06 GB reserved,       6.38 MB ( <1%) committed. 

Chunk freelists:
   Non-Class:  9.78 MB
       Class:  15.34 MB
        Both:  25.12 MB

MaxMetaspaceSize: unlimited
CompressedClassSpaceSize: 1.00 GB
Initial GC threshold: 21.00 MB
Current GC threshold: 21.00 MB
CDS: on
 - commit_granule_bytes: 65536.
 - commit_granule_words: 8192.
 - virtual_space_node_default_size: 8388608.
 - enlarge_chunks_in_place: 1.
 - use_allocation_guard: 0.


Internal statistics:

num_allocs_failed_limit: 0.
num_arena_births: 148.
num_arena_deaths: 0.
num_vsnodes_births: 2.
num_vsnodes_deaths: 0.
num_space_committed: 102.
num_space_uncommitted: 0.
num_chunks_returned_to_freelist: 0.
num_chunks_taken_from_freelist: 264.
num_chunk_merges: 0.
num_chunk_splits: 183.
num_chunks_enlarged: 132.
num_inconsistent_stats: 0.

CodeHeap 'non-profiled nmethods': size=120000Kb used=593Kb max_used=593Kb free=119406Kb
 bounds [0x000001e092590000, 0x000001e092800000, 0x000001e099ac0000]
CodeHeap 'profiled nmethods': size=120000Kb used=2485Kb max_used=2485Kb free=117514Kb
 bounds [0x000001e08aac0000, 0x000001e08ad30000, 0x000001e091ff0000]
CodeHeap 'non-nmethods': size=5760Kb used=1203Kb max_used=1251Kb free=4557Kb
 bounds [0x000001e091ff0000, 0x000001e092260000, 0x000001e092590000]
 total_blobs=1887 nmethods=1421 adapters=373
 compilation: enabled
              stopped_count=0, restarted_count=0
 full_count=0

Compilation events (20 events):
Event: 1.450 Thread 0x000001e08798a4d0 1370   !   3       java.security.Provider$Service::newInstanceUtil (60 bytes)
Event: 1.451 Thread 0x000001e0de3a3780 nmethod 1324 0x000001e09261cc10 code [0x000001e09261cf60, 0x000001e09261f170]
Event: 1.451 Thread 0x000001e08798a4d0 nmethod 1370 0x000001e08ad13090 code [0x000001e08ad13360, 0x000001e08ad14030]
Event: 1.451 Thread 0x000001e08798a4d0 1371       3       java.security.Provider$Service::newInstanceOf (13 bytes)
Event: 1.452 Thread 0x000001e08798a4d0 nmethod 1371 0x000001e08ad14590 code [0x000001e08ad14780, 0x000001e08ad14a48]
Event: 1.452 Thread 0x000001e08798a4d0 1372   !   3       java.util.zip.ZipFile::getInputStream (275 bytes)
Event: 1.453 Thread 0x000001e08798a4d0 nmethod 1372 0x000001e08ad14b90 code [0x000001e08ad14ea0, 0x000001e08ad16050]
Event: 1.453 Thread 0x000001e08798a4d0 1373       3       java.lang.ClassLoader::compareCerts (197 bytes)
Event: 1.454 Thread 0x000001e08798a4d0 nmethod 1373 0x000001e08ad16b10 code [0x000001e08ad16d40, 0x000001e08ad17578]
Event: 1.454 Thread 0x000001e08798a4d0 1374  s    3       java.util.jar.JarFile::getInputStream (88 bytes)
Event: 1.454 Thread 0x000001e08798a4d0 nmethod 1374 0x000001e08ad17890 code [0x000001e08ad17b00, 0x000001e08ad18300]
Event: 1.454 Thread 0x000001e08798a4d0 1375       3       org.eclipse.osgi.container.ModuleRevision$1::apply (9 bytes)
Event: 1.455 Thread 0x000001e08798a4d0 nmethod 1375 0x000001e08ad18510 code [0x000001e08ad186c0, 0x000001e08ad18908]
Event: 1.455 Thread 0x000001e08798a4d0 1376       3       org.eclipse.osgi.container.ModuleRevision$1::apply (64 bytes)
Event: 1.455 Thread 0x000001e08798a4d0 nmethod 1376 0x000001e08ad18a10 code [0x000001e08ad18be0, 0x000001e08ad18ee0]
Event: 1.459 Thread 0x000001e0de399bd0 1377       4       java.util.Collections$UnmodifiableCollection$1::next (10 bytes)
Event: 1.459 Thread 0x000001e08798a4d0 1378       1       org.eclipse.osgi.container.ModuleCapability::getNamespace (5 bytes)
Event: 1.459 Thread 0x000001e0de3a3780 1379       4       java.util.HashMap::put (13 bytes)
Event: 1.459 Thread 0x000001e08798a4d0 nmethod 1378 0x000001e092620e10 code [0x000001e092620fa0, 0x000001e092621068]
Event: 1.459 Thread 0x000001e08798a4d0 1380       3       org.eclipse.osgi.container.ModuleCapability::getAttributes (39 bytes)

GC Heap History (2 events):
Event: 1.090 GC heap before
{Heap before GC invocations=1 (full 0):
 PSYoungGen      total 29696K, used 25600K [0x00000000eab00000, 0x00000000ecc00000, 0x0000000100000000)
  eden space 25600K, 100% used [0x00000000eab00000,0x00000000ec400000,0x00000000ec400000)
  from space 4096K, 0% used [0x00000000ec800000,0x00000000ec800000,0x00000000ecc00000)
  to   space 4096K, 0% used [0x00000000ec400000,0x00000000ec400000,0x00000000ec800000)
 ParOldGen       total 68608K, used 0K [0x00000000c0000000, 0x00000000c4300000, 0x00000000eab00000)
  object space 68608K, 0% used [0x00000000c0000000,0x00000000c0000000,0x00000000c4300000)
 Metaspace       used 4342K, committed 4544K, reserved 1114112K
  class space    used 436K, committed 512K, reserved 1048576K
}
Event: 1.098 GC heap after
{Heap after GC invocations=1 (full 0):
 PSYoungGen      total 29696K, used 3173K [0x00000000eab00000, 0x00000000ecc00000, 0x0000000100000000)
  eden space 25600K, 0% used [0x00000000eab00000,0x00000000eab00000,0x00000000ec400000)
  from space 4096K, 77% used [0x00000000ec400000,0x00000000ec7197f0,0x00000000ec800000)
  to   space 4096K, 0% used [0x00000000ec800000,0x00000000ec800000,0x00000000ecc00000)
 ParOldGen       total 68608K, used 16K [0x00000000c0000000, 0x00000000c4300000, 0x00000000eab00000)
  object space 68608K, 0% used [0x00000000c0000000,0x00000000c0004000,0x00000000c4300000)
 Metaspace       used 4342K, committed 4544K, reserved 1114112K
  class space    used 436K, committed 512K, reserved 1048576K
}

Dll operation events (8 events):
Event: 0.019 Loaded shared library c:\Users\zinzi\.vscode\extensions\redhat.java-1.40.0-win32-x64\jre\21.0.6-win32-x86_64\bin\java.dll
Event: 0.136 Loaded shared library c:\Users\zinzi\.vscode\extensions\redhat.java-1.40.0-win32-x64\jre\21.0.6-win32-x86_64\bin\zip.dll
Event: 0.171 Loaded shared library C:\Users\zinzi\.vscode\extensions\redhat.java-1.40.0-win32-x64\jre\21.0.6-win32-x86_64\bin\instrument.dll
Event: 0.176 Loaded shared library C:\Users\zinzi\.vscode\extensions\redhat.java-1.40.0-win32-x64\jre\21.0.6-win32-x86_64\bin\net.dll
Event: 0.180 Loaded shared library C:\Users\zinzi\.vscode\extensions\redhat.java-1.40.0-win32-x64\jre\21.0.6-win32-x86_64\bin\nio.dll
Event: 0.184 Loaded shared library C:\Users\zinzi\.vscode\extensions\redhat.java-1.40.0-win32-x64\jre\21.0.6-win32-x86_64\bin\zip.dll
Event: 0.220 Loaded shared library C:\Users\zinzi\.vscode\extensions\redhat.java-1.40.0-win32-x64\jre\21.0.6-win32-x86_64\bin\jimage.dll
Event: 0.331 Loaded shared library c:\Users\zinzi\.vscode\extensions\redhat.java-1.40.0-win32-x64\jre\21.0.6-win32-x86_64\bin\verify.dll

Deoptimization events (20 events):
Event: 1.198 Thread 0x000001e0878ce0a0 Uncommon trap: trap_request=0xffffff45 fr.pc=0x000001e0925d6488 relative=0x00000000000001a8
Event: 1.198 Thread 0x000001e0878ce0a0 Uncommon trap: reason=unstable_if action=reinterpret pc=0x000001e0925d6488 method=java.lang.invoke.VarHandle.checkAccessModeThenIsDirect(Ljava/lang/invoke/VarHandle$AccessDescriptor;)Z @ 4 c2
Event: 1.198 Thread 0x000001e0878ce0a0 DEOPT PACKING pc=0x000001e0925d6488 sp=0x000000c40d6fe7a0
Event: 1.198 Thread 0x000001e0878ce0a0 DEOPT UNPACKING pc=0x000001e092043aa2 sp=0x000000c40d6fe6d8 mode 2
Event: 1.313 Thread 0x000001e0878ce0a0 Uncommon trap: trap_request=0xffffff45 fr.pc=0x000001e0925e52c4 relative=0x0000000000001184
Event: 1.313 Thread 0x000001e0878ce0a0 Uncommon trap: reason=unstable_if action=reinterpret pc=0x000001e0925e52c4 method=lombok.patcher.PatchScript.classMatches(Ljava/lang/String;Ljava/util/Collection;)Z @ 25 c2
Event: 1.313 Thread 0x000001e0878ce0a0 DEOPT PACKING pc=0x000001e0925e52c4 sp=0x000000c40d6f89b0
Event: 1.313 Thread 0x000001e0878ce0a0 DEOPT UNPACKING pc=0x000001e092043aa2 sp=0x000000c40d6f8918 mode 2
Event: 1.343 Thread 0x000001e0878ce0a0 DEOPT PACKING pc=0x000001e08ab5dc0d sp=0x000000c40d6f4210
Event: 1.343 Thread 0x000001e0878ce0a0 DEOPT UNPACKING pc=0x000001e092044242 sp=0x000000c40d6f36c0 mode 0
Event: 1.354 Thread 0x000001e0878ce0a0 DEOPT PACKING pc=0x000001e08ab5dc0d sp=0x000000c40d6f4280
Event: 1.354 Thread 0x000001e0878ce0a0 DEOPT UNPACKING pc=0x000001e092044242 sp=0x000000c40d6f3730 mode 0
Event: 1.396 Thread 0x000001e0878ce0a0 Uncommon trap: trap_request=0xffffffc6 fr.pc=0x000001e0925ca884 relative=0x00000000000002c4
Event: 1.396 Thread 0x000001e0878ce0a0 Uncommon trap: reason=bimorphic_or_optimized_type_check action=maybe_recompile pc=0x000001e0925ca884 method=java.util.Collections$UnmodifiableCollection$1.next()Ljava/lang/Object; @ 4 c2
Event: 1.396 Thread 0x000001e0878ce0a0 DEOPT PACKING pc=0x000001e0925ca884 sp=0x000000c40d6f8450
Event: 1.396 Thread 0x000001e0878ce0a0 DEOPT UNPACKING pc=0x000001e092043aa2 sp=0x000000c40d6f8400 mode 2
Event: 1.396 Thread 0x000001e0878ce0a0 Uncommon trap: trap_request=0xffffffc6 fr.pc=0x000001e0925ca884 relative=0x00000000000002c4
Event: 1.396 Thread 0x000001e0878ce0a0 Uncommon trap: reason=bimorphic_or_optimized_type_check action=maybe_recompile pc=0x000001e0925ca884 method=java.util.Collections$UnmodifiableCollection$1.next()Ljava/lang/Object; @ 4 c2
Event: 1.396 Thread 0x000001e0878ce0a0 DEOPT PACKING pc=0x000001e0925ca884 sp=0x000000c40d6f8450
Event: 1.396 Thread 0x000001e0878ce0a0 DEOPT UNPACKING pc=0x000001e092043aa2 sp=0x000000c40d6f8400 mode 2

Classes loaded (20 events):
Event: 1.267 Loading class java/util/concurrent/Semaphore$NonfairSync
Event: 1.267 Loading class java/util/concurrent/Semaphore$Sync
Event: 1.267 Loading class java/util/concurrent/Semaphore$Sync done
Event: 1.267 Loading class java/util/concurrent/Semaphore$NonfairSync done
Event: 1.326 Loading class java/lang/TypeNotPresentException
Event: 1.326 Loading class java/lang/TypeNotPresentException done
Event: 1.433 Loading class java/security/InvalidKeyException
Event: 1.434 Loading class java/security/KeyException
Event: 1.434 Loading class java/security/GeneralSecurityException
Event: 1.434 Loading class java/security/GeneralSecurityException done
Event: 1.434 Loading class java/security/KeyException done
Event: 1.434 Loading class java/security/InvalidKeyException done
Event: 1.434 Loading class java/security/SignatureException
Event: 1.434 Loading class java/security/SignatureException done
Event: 1.434 Loading class java/security/cert/CertificateException
Event: 1.434 Loading class java/security/cert/CertificateException done
Event: 1.434 Loading class java/security/NoSuchAlgorithmException
Event: 1.434 Loading class java/security/NoSuchAlgorithmException done
Event: 1.434 Loading class java/security/NoSuchProviderException
Event: 1.434 Loading class java/security/NoSuchProviderException done

Classes unloaded (0 events):
No events

Classes redefined (0 events):
No events

Internal exceptions (20 events):
Event: 1.001 Thread 0x000001e0878ce0a0 Exception <a 'java/lang/ClassNotFoundException'{0x00000000ec258978}: sun/net/www/protocol/c/Handler> (0x00000000ec258978) 
thrown [s\src\hotspot\share\classfile\systemDictionary.cpp, line 312]
Event: 1.002 Thread 0x000001e0878ce0a0 Exception <a 'java/lang/ClassNotFoundException'{0x00000000ec259d00}: sun/net/www/protocol/d/Handler> (0x00000000ec259d00) 
thrown [s\src\hotspot\share\classfile\systemDictionary.cpp, line 312]
Event: 1.002 Thread 0x000001e0878ce0a0 Exception <a 'java/lang/ClassNotFoundException'{0x00000000ec25aec0}: sun/net/www/protocol/c/Handler> (0x00000000ec25aec0) 
thrown [s\src\hotspot\share\classfile\systemDictionary.cpp, line 312]
Event: 1.017 Thread 0x000001e0878ce0a0 Exception <a 'java/io/FileNotFoundException'{0x00000000ec27e528}> (0x00000000ec27e528) 
thrown [s\src\hotspot\share\prims\jni.cpp, line 520]
Event: 1.070 Thread 0x000001e0878ce0a0 Implicit null exception at 0x000001e0925f0249 to 0x000001e0925f0d70
Event: 1.070 Thread 0x000001e0878ce0a0 Implicit null exception at 0x000001e0925e87a0 to 0x000001e0925e89bc
Event: 1.071 Thread 0x000001e0878ce0a0 Exception <a 'java/lang/NoSuchMethodError'{0x00000000ec3a9268}: 'void java.lang.invoke.DirectMethodHandle$Holder.invokeStatic(java.lang.Object, java.lang.Object, java.lang.Object, java.lang.Object)'> (0x00000000ec3a9268) 
thrown [s\src\hotspot\share\interpreter\linkResolver.cpp, line 773]
Event: 1.073 Thread 0x000001e0878ce0a0 Implicit null exception at 0x000001e0925e91a0 to 0x000001e0925e93bc
Event: 1.073 Thread 0x000001e0878ce0a0 Implicit null exception at 0x000001e0925de340 to 0x000001e0925de3c5
Event: 1.141 Thread 0x000001e0878ce0a0 Exception <a 'java/lang/NoSuchMethodError'{0x00000000ead2ad10}: 'long java.lang.invoke.DirectMethodHandle$Holder.invokeStatic(java.lang.Object, java.lang.Object, int)'> (0x00000000ead2ad10) 
thrown [s\src\hotspot\share\interpreter\linkResolver.cpp, line 773]
Event: 1.142 Thread 0x000001e0878ce0a0 Exception <a 'java/lang/NoSuchMethodError'{0x00000000ead32878}: 'java.lang.Object java.lang.invoke.DirectMethodHandle$Holder.invokeSpecial(java.lang.Object, java.lang.Object, java.lang.Object, java.lang.Object, long)'> (0x00000000ead32878) 
thrown [s\src\hotspot\share\interpreter\linkResolver.cpp, line 773]
Event: 1.145 Thread 0x000001e0878ce0a0 Exception <a 'java/lang/NoSuchMethodError'{0x00000000ead40780}: 'java.lang.Object java.lang.invoke.DirectMethodHandle$Holder.invokeSpecial(java.lang.Object, java.lang.Object, java.lang.Object, int, java.lang.Object)'> (0x00000000ead40780) 
thrown [s\src\hotspot\share\interpreter\linkResolver.cpp, line 773]
Event: 1.149 Thread 0x000001e0878ce0a0 Exception <a 'java/lang/NoSuchMethodError'{0x00000000ead5a180}: 'java.lang.Object java.lang.invoke.Invokers$Holder.invokeExact_MT(java.lang.Object, java.lang.Object, java.lang.Object, java.lang.Object, java.lang.Object, java.lang.Object)'> (0x00000000ead5a180) 
thrown [s\src\hotspot\share\interpreter\linkResolver.cpp, line 773]
Event: 1.153 Thread 0x000001e0878ce0a0 Exception <a 'java/lang/NoSuchMethodError'{0x00000000ead73a38}: 'int java.lang.invoke.DirectMethodHandle$Holder.invokeStaticInit(java.lang.Object, java.lang.Object, java.lang.Object, java.lang.Object)'> (0x00000000ead73a38) 
thrown [s\src\hotspot\share\interpreter\linkResolver.cpp, line 773]
Event: 1.155 Thread 0x000001e0878ce0a0 Exception <a 'java/lang/NoSuchMethodError'{0x00000000ead7c488}: 'java.lang.Object java.lang.invoke.DirectMethodHandle$Holder.invokeInterface(java.lang.Object, java.lang.Object)'> (0x00000000ead7c488) 
thrown [s\src\hotspot\share\interpreter\linkResolver.cpp, line 773]
Event: 1.157 Thread 0x000001e0878ce0a0 Exception <a 'java/lang/IncompatibleClassChangeError'{0x00000000ead7f9c0}: Found class java.lang.Object, but interface was expected> (0x00000000ead7f9c0) 
thrown [s\src\hotspot\share\interpreter\linkResolver.cpp, line 840]
Event: 1.158 Thread 0x000001e0878ce0a0 Exception <a 'java/lang/NoSuchMethodError'{0x00000000ead83b78}: 'void java.lang.invoke.DirectMethodHandle$Holder.invokeStatic(java.lang.Object, java.lang.Object)'> (0x00000000ead83b78) 
thrown [s\src\hotspot\share\interpreter\linkResolver.cpp, line 773]
Event: 1.158 Thread 0x000001e0878ce0a0 Exception <a 'java/lang/NoSuchMethodError'{0x00000000ead86f20}: 'void java.lang.invoke.DirectMethodHandle$Holder.invokeStaticInit(java.lang.Object, java.lang.Object)'> (0x00000000ead86f20) 
thrown [s\src\hotspot\share\interpreter\linkResolver.cpp, line 773]
Event: 1.159 Thread 0x000001e0878ce0a0 Exception <a 'java/lang/NoSuchMethodError'{0x00000000ead8dfc0}: 'int java.lang.invoke.DirectMethodHandle$Holder.invokeStaticInit(java.lang.Object, java.lang.Object)'> (0x00000000ead8dfc0) 
thrown [s\src\hotspot\share\interpreter\linkResolver.cpp, line 773]
Event: 1.219 Thread 0x000001e0878ce0a0 Exception <a 'java/lang/NoSuchMethodError'{0x00000000eaecbb78}: 'void java.lang.invoke.DirectMethodHandle$Holder.invokeSpecial(java.lang.Object, java.lang.Object, java.lang.Object)'> (0x00000000eaecbb78) 
thrown [s\src\hotspot\share\interpreter\linkResolver.cpp, line 773]

ZGC Phase Switch (0 events):
No events

VM Operations (12 events):
Event: 0.236 Executing VM operation: HandshakeAllThreads (Deoptimize)
Event: 0.236 Executing VM operation: HandshakeAllThreads (Deoptimize) done
Event: 0.733 Executing VM operation: HandshakeAllThreads (Deoptimize)
Event: 0.733 Executing VM operation: HandshakeAllThreads (Deoptimize) done
Event: 0.754 Executing VM operation: HandshakeAllThreads (Deoptimize)
Event: 0.754 Executing VM operation: HandshakeAllThreads (Deoptimize) done
Event: 0.956 Executing VM operation: ICBufferFull
Event: 0.956 Executing VM operation: ICBufferFull done
Event: 0.979 Executing VM operation: HandshakeAllThreads (Deoptimize)
Event: 0.979 Executing VM operation: HandshakeAllThreads (Deoptimize) done
Event: 1.090 Executing VM operation: ParallelGCFailedAllocation (Allocation Failure)
Event: 1.098 Executing VM operation: ParallelGCFailedAllocation (Allocation Failure) done

Memory protections (0 events):
No events

Nmethod flushes (0 events):
No events

Events (13 events):
Event: 0.036 Thread 0x000001e0878ce0a0 Thread added: 0x000001e0878ce0a0
Event: 0.057 Thread 0x000001e0878ce0a0 Thread added: 0x000001e08796ff50
Event: 0.074 Thread 0x000001e0878ce0a0 Thread added: 0x000001e087971880
Event: 0.074 Thread 0x000001e0878ce0a0 Thread added: 0x000001e087972790
Event: 0.074 Thread 0x000001e0878ce0a0 Thread added: 0x000001e087974090
Event: 0.074 Thread 0x000001e0878ce0a0 Thread added: 0x000001e087977010
Event: 0.075 Thread 0x000001e0878ce0a0 Thread added: 0x000001e087979300
Event: 0.075 Thread 0x000001e0878ce0a0 Thread added: 0x000001e08797a130
Event: 0.075 Thread 0x000001e0878ce0a0 Thread added: 0x000001e08798a4d0
Event: 0.117 Thread 0x000001e0878ce0a0 Thread added: 0x000001e0879380a0
Event: 0.326 Thread 0x000001e08797a130 Thread added: 0x000001e0de3a3780
Event: 0.326 Thread 0x000001e08797a130 Thread added: 0x000001e0de399bd0
Event: 0.481 Thread 0x000001e0878ce0a0 Thread added: 0x000001e0de4f7930


Dynamic libraries:
0x00007ff7cec30000 - 0x00007ff7cec3e000 	c:\Users\zinzi\.vscode\extensions\redhat.java-1.40.0-win32-x64\jre\21.0.6-win32-x86_64\bin\java.exe
0x00007ff8bef30000 - 0x00007ff8bf147000 	C:\WINDOWS\SYSTEM32\ntdll.dll
0x00007ff8bd770000 - 0x00007ff8bd834000 	C:\WINDOWS\System32\KERNEL32.DLL
0x00007ff8bc500000 - 0x00007ff8bc8d1000 	C:\WINDOWS\System32\KERNELBASE.dll
0x00007ff8bc3b0000 - 0x00007ff8bc4c1000 	C:\WINDOWS\System32\ucrtbase.dll
0x00007ff86c920000 - 0x00007ff86c938000 	c:\Users\zinzi\.vscode\extensions\redhat.java-1.40.0-win32-x64\jre\21.0.6-win32-x86_64\bin\jli.dll
0x00007ff86c940000 - 0x00007ff86c95e000 	c:\Users\zinzi\.vscode\extensions\redhat.java-1.40.0-win32-x64\jre\21.0.6-win32-x86_64\bin\VCRUNTIME140.dll
0x00007ff8be240000 - 0x00007ff8be3f1000 	C:\WINDOWS\System32\USER32.dll
0x00007ff8bc300000 - 0x00007ff8bc326000 	C:\WINDOWS\System32\win32u.dll
0x00007ff8bcc00000 - 0x00007ff8bcc29000 	C:\WINDOWS\System32\GDI32.dll
0x00007ff8bc070000 - 0x00007ff8bc18b000 	C:\WINDOWS\System32\gdi32full.dll
0x00007ff8bc960000 - 0x00007ff8bc9fa000 	C:\WINDOWS\System32\msvcp_win.dll
0x00007ff8a9b50000 - 0x00007ff8a9de2000 	C:\WINDOWS\WinSxS\amd64_microsoft.windows.common-controls_6595b64144ccf1df_6.0.22621.4830_none_270fe7d773858e80\COMCTL32.dll
0x00007ff8be190000 - 0x00007ff8be237000 	C:\WINDOWS\System32\msvcrt.dll
0x00007ff8bcd50000 - 0x00007ff8bcd81000 	C:\WINDOWS\System32\IMM32.DLL
0x00007ff86c910000 - 0x00007ff86c91c000 	c:\Users\zinzi\.vscode\extensions\redhat.java-1.40.0-win32-x64\jre\21.0.6-win32-x86_64\bin\vcruntime140_1.dll
0x00007ff86c860000 - 0x00007ff86c8ed000 	c:\Users\zinzi\.vscode\extensions\redhat.java-1.40.0-win32-x64\jre\21.0.6-win32-x86_64\bin\msvcp140.dll
0x00007ff840b80000 - 0x00007ff841910000 	c:\Users\zinzi\.vscode\extensions\redhat.java-1.40.0-win32-x64\jre\21.0.6-win32-x86_64\bin\server\jvm.dll
0x00007ff8bee30000 - 0x00007ff8beee1000 	C:\WINDOWS\System32\ADVAPI32.dll
0x00007ff8bcd90000 - 0x00007ff8bce37000 	C:\WINDOWS\System32\sechost.dll
0x00007ff8bc4d0000 - 0x00007ff8bc4f8000 	C:\WINDOWS\System32\bcrypt.dll
0x00007ff8bcc30000 - 0x00007ff8bcd44000 	C:\WINDOWS\System32\RPCRT4.dll
0x00007ff8be110000 - 0x00007ff8be181000 	C:\WINDOWS\System32\WS2_32.dll
0x00007ff8baee0000 - 0x00007ff8baf2d000 	C:\WINDOWS\SYSTEM32\POWRPROF.dll
0x00007ff8acbb0000 - 0x00007ff8acbe4000 	C:\WINDOWS\SYSTEM32\WINMM.dll
0x00007ff8b9c70000 - 0x00007ff8b9c7a000 	C:\WINDOWS\SYSTEM32\VERSION.dll
0x00007ff8baec0000 - 0x00007ff8baed3000 	C:\WINDOWS\SYSTEM32\UMPDC.dll
0x00007ff8bb170000 - 0x00007ff8bb188000 	C:\WINDOWS\SYSTEM32\kernel.appcore.dll
0x00007ff86c850000 - 0x00007ff86c85a000 	c:\Users\zinzi\.vscode\extensions\redhat.java-1.40.0-win32-x64\jre\21.0.6-win32-x86_64\bin\jimage.dll
0x00007ff8ac0a0000 - 0x00007ff8ac2d2000 	C:\WINDOWS\SYSTEM32\DBGHELP.DLL
0x00007ff8be990000 - 0x00007ff8bed20000 	C:\WINDOWS\System32\combase.dll
0x00007ff8be400000 - 0x00007ff8be4d7000 	C:\WINDOWS\System32\OLEAUT32.dll
0x00007ff8a2290000 - 0x00007ff8a22c2000 	C:\WINDOWS\SYSTEM32\dbgcore.DLL
0x00007ff8bc330000 - 0x00007ff8bc3ab000 	C:\WINDOWS\System32\bcryptPrimitives.dll
0x00007ff8b7e40000 - 0x00007ff8b7e4f000 	c:\Users\zinzi\.vscode\extensions\redhat.java-1.40.0-win32-x64\jre\21.0.6-win32-x86_64\bin\instrument.dll
0x00007ff851d00000 - 0x00007ff851d1f000 	c:\Users\zinzi\.vscode\extensions\redhat.java-1.40.0-win32-x64\jre\21.0.6-win32-x86_64\bin\java.dll
0x00007ff8bcee0000 - 0x00007ff8bd768000 	C:\WINDOWS\System32\SHELL32.dll
0x00007ff8bca00000 - 0x00007ff8bcb3f000 	C:\WINDOWS\System32\wintypes.dll
0x00007ff8b9f90000 - 0x00007ff8ba89d000 	C:\WINDOWS\SYSTEM32\windows.storage.dll
0x00007ff8be650000 - 0x00007ff8be75a000 	C:\WINDOWS\System32\SHCORE.dll
0x00007ff8be5f0000 - 0x00007ff8be64e000 	C:\WINDOWS\System32\shlwapi.dll
0x00007ff8bbfa0000 - 0x00007ff8bbfcb000 	C:\WINDOWS\SYSTEM32\profapi.dll
0x00007ff851ce0000 - 0x00007ff851cf8000 	c:\Users\zinzi\.vscode\extensions\redhat.java-1.40.0-win32-x64\jre\21.0.6-win32-x86_64\bin\zip.dll
0x00007ff869df0000 - 0x00007ff869e00000 	C:\Users\zinzi\.vscode\extensions\redhat.java-1.40.0-win32-x64\jre\21.0.6-win32-x86_64\bin\net.dll
0x00007ff8b83f0000 - 0x00007ff8b851c000 	C:\WINDOWS\SYSTEM32\WINHTTP.dll
0x00007ff8bb5d0000 - 0x00007ff8bb63a000 	C:\WINDOWS\system32\mswsock.dll
0x00007ff851cc0000 - 0x00007ff851cd6000 	C:\Users\zinzi\.vscode\extensions\redhat.java-1.40.0-win32-x64\jre\21.0.6-win32-x86_64\bin\nio.dll
0x00007ff851cb0000 - 0x00007ff851cc0000 	c:\Users\zinzi\.vscode\extensions\redhat.java-1.40.0-win32-x64\jre\21.0.6-win32-x86_64\bin\verify.dll

dbghelp: loaded successfully - version: 4.0.5 - missing functions: none
symbol engine: initialized successfully - sym options: 0x614 - pdb path: .;c:\Users\zinzi\.vscode\extensions\redhat.java-1.40.0-win32-x64\jre\21.0.6-win32-x86_64\bin;C:\WINDOWS\SYSTEM32;C:\WINDOWS\WinSxS\amd64_microsoft.windows.common-controls_6595b64144ccf1df_6.0.22621.4830_none_270fe7d773858e80;c:\Users\zinzi\.vscode\extensions\redhat.java-1.40.0-win32-x64\jre\21.0.6-win32-x86_64\bin\server

VM Arguments:
jvm_args: --add-modules=ALL-SYSTEM --add-opens=java.base/java.util=ALL-UNNAMED --add-opens=java.base/java.lang=ALL-UNNAMED --add-opens=java.base/sun.nio.fs=ALL-UNNAMED -Declipse.application=org.eclipse.jdt.ls.core.id1 -Dosgi.bundles.defaultStartLevel=4 -Declipse.product=org.eclipse.jdt.ls.core.product -Djava.import.generatesMetadataFilesAtProjectRoot=false -DDetectVMInstallationsJob.disabled=true -Dfile.encoding=utf8 -XX:+UseParallelGC -XX:GCTimeRatio=4 -XX:AdaptiveSizePolicyWeight=90 -Dsun.zip.disableMemoryMapping=true -Xmx1G -Xms100m -Xlog:disable -javaagent:c:\Users\zinzi\.vscode\extensions\redhat.java-1.40.0-win32-x64\lombok\lombok-1.18.36.jar 
java_command: c:\Users\zinzi\.vscode\extensions\redhat.java-1.40.0-win32-x64\server\plugins\org.eclipse.equinox.launcher_1.6.1000.v20250131-0606.jar -configuration c:\Users\zinzi\AppData\Roaming\Code\User\globalStorage\redhat.java\1.40.0\config_ss_win -data c:\Users\zinzi\AppData\Roaming\Code\User\workspaceStorage\1531145508dfbda3fe65cda5b18105b1\redhat.java\ss_ws --pipe=\\.\pipe\lsp-d014fa4bdb8c87c0f92e016c04d7776a-sock
java_class_path (initial): c:\Users\zinzi\.vscode\extensions\redhat.java-1.40.0-win32-x64\server\plugins\org.eclipse.equinox.launcher_1.6.1000.v20250131-0606.jar
Launcher Type: SUN_STANDARD

[Global flags]
    uintx AdaptiveSizePolicyWeight                 = 90                                        {product} {command line}
     intx CICompilerCount                          = 4                                         {product} {ergonomic}
    uintx GCTimeRatio                              = 4                                         {product} {command line}
   size_t InitialHeapSize                          = 104857600                                 {product} {command line}
   size_t MaxHeapSize                              = 1073741824                                {product} {command line}
   size_t MaxNewSize                               = 357564416                                 {product} {ergonomic}
   size_t MinHeapDeltaBytes                        = 524288                                    {product} {ergonomic}
   size_t MinHeapSize                              = 104857600                                 {product} {command line}
   size_t NewSize                                  = 34603008                                  {product} {ergonomic}
    uintx NonNMethodCodeHeapSize                   = 5839372                                {pd product} {ergonomic}
    uintx NonProfiledCodeHeapSize                  = 122909434                              {pd product} {ergonomic}
   size_t OldSize                                  = 70254592                                  {product} {ergonomic}
    uintx ProfiledCodeHeapSize                     = 122909434                              {pd product} {ergonomic}
    uintx ReservedCodeCacheSize                    = 251658240                              {pd product} {ergonomic}
     bool SegmentedCodeCache                       = true                                      {product} {ergonomic}
   size_t SoftMaxHeapSize                          = 1073741824                             {manageable} {ergonomic}
     bool UseCompressedOops                        = true                           {product lp64_product} {ergonomic}
     bool UseLargePagesIndividualAllocation        = false                                  {pd product} {ergonomic}
     bool UseParallelGC                            = true                                      {product} {command line}

Logging:
Log output configuration:
 #0: stdout all=off uptime,level,tags foldmultilines=false
 #1: stderr all=off uptime,level,tags foldmultilines=false

Environment Variables:
JAVA_HOME=C:\Program Files\Microsoft\jdk-17.0.10.7-hotspot\
PATH=C:\Program Files\Microsoft\jdk-17.0.10.7-hotspot\bin;C:\WINDOWS\system32;C:\WINDOWS;C:\WINDOWS\System32\Wbem;C:\WINDOWS\System32\WindowsPowerShell\v1.0\;C:\WINDOWS\System32\OpenSSH\;C:\ProgramData\chocolatey\bin;C:\Program Files\Microsoft SQL Server\150\Tools\Binn\;C:\Program Files\Microsoft SQL Server\Client SDK\ODBC\170\Tools\Binn\;C:\Program Files (x86)\Microsoft SQL Server\160\Tools\Binn\;C:\Program Files\Microsoft SQL Server\160\Tools\Binn\;C:\Program Files\Microsoft SQL Server\160\DTS\Binn\;C:\Program Files (x86)\NVIDIA Corporation\PhysX\Common;C:\Users\zinzi\AppData\Roaming\nvm;C:\Program Files\nodejs;C:\Program Files\Amazon\AWSCLIV2\;C:\Program Files\starship\bin\;C:\Program Files (x86)\oh-my-posh\bin;D:\Git\Git\cmd;C:\Program Files\Amazon\SessionManagerPlugin\bin\;C:\Program Files\dotnet\;C:\Program Files\Amazon\SessionManagerPlugin\bin;C:\Program Files\MySQL\MySQL Shell 8.0\bin\;C:\Users\zinzi\AppData\Local\Android\Sdk\platform-tools;C:\Users\zinzi\AppData\Local\Microsoft\WindowsApps;C:\Users\zinzi\AppData\Local\Programs\Microsoft VS Code\bin;C:\Users\zinzi\AppData\Local\GitHubDesktop\bin;C:\Users\zinzi\AppData\Roaming\npm;C:\Users\zinzi\AppData\Roaming\nvm;C:\Program Files\nodejs;C:\Users\zinzi\AppData\Local\Programs\oh-my-posh\bin;C:\Users\zinzi\AppData\Local\Packages\PythonSoftwareFoundation.Python.3.13_qbz5n2kfra8p0\LocalCache\local-packages\Python313\Scripts;C:\Gradle\gradle-8.13\bin;C:\Users\zinzi\.dotnet\tools
USERNAME=zinzi
OS=Windows_NT
PROCESSOR_IDENTIFIER=Intel64 Family 6 Model 165 Stepping 2, GenuineIntel
TMP=C:\Users\zinzi\AppData\Local\Temp
TEMP=C:\Users\zinzi\AppData\Local\Temp




Periodic native trim disabled

---------------  S Y S T E M  ---------------

OS:
 Windows 11 , 64 bit Build 22621 (10.0.22621.4974)
OS uptime: 0 days 1:21 hours
Hyper-V role detected

CPU: total 12 (initial active 12) (6 cores per cpu, 2 threads per core) family 6 model 165 stepping 2 microcode 0xe0, cx8, cmov, fxsr, ht, mmx, 3dnowpref, sse, sse2, sse3, ssse3, sse4.1, sse4.2, popcnt, lzcnt, tsc, tscinvbit, avx, avx2, aes, erms, clmul, bmi1, bmi2, adx, fma, vzeroupper, clflush, clflushopt, hv, rdtscp, f16c
Processor Information for the first 12 processors :
  Max Mhz: 2592, Current Mhz: 2592, Mhz Limit: 2592

Memory: 4k page, system-wide physical 16205M (6768M free)
TotalPageFile size 18253M (AvailPageFile size 2M)
current process WorkingSet (physical memory assigned to process): 86M, peak: 86M
current process commit charge ("private bytes"): 211M, peak: 213M

vm_info: OpenJDK 64-Bit Server VM (21.0.6+7-LTS) for windows-amd64 JRE (21.0.6+7-LTS), built on 2025-01-21T00:00:00Z by "admin" with MS VC++ 17.7 (VS2022)

END.
