#
# There is insufficient memory for the Java Runtime Environment to continue.
# Native memory allocation (malloc) failed to allocate 254656 bytes. Error detail: Chunk::new
# Possible reasons:
#   The system is out of physical RAM or swap space
#   This process is running with CompressedOops enabled, and the Java Heap may be blocking the growth of the native heap
# Possible solutions:
#   Reduce memory load on the system
#   Increase physical memory or swap space
#   Check if swap backing store is full
#   Decrease Java heap size (-Xmx/-Xms)
#   Decrease number of Java threads
#   Decrease Java thread stack sizes (-Xss)
#   Set larger code cache with -XX:ReservedCodeCacheSize=
#   JVM is running with Unscaled Compressed Oops mode in which the Java heap is
#     placed in the first 4GB address space. The Java Heap base address is the
#     maximum limit for the native heap growth. Please use -XX:HeapBaseMinAddress
#     to set the Java Heap base and to place the Java Heap above 4GB virtual address.
# This output file may be truncated or incomplete.
#
#  Out of Memory Error (arena.cpp:168), pid=1544, tid=19608
#
# JRE version: OpenJDK Runtime Environment Temurin-21.0.6+7 (21.0.6+7) (build 21.0.6+7-LTS)
# Java VM: OpenJDK 64-Bit Server VM Temurin-21.0.6+7 (21.0.6+7-LTS, mixed mode, sharing, tiered, compressed oops, compressed class ptrs, parallel gc, windows-amd64)
# No core dump will be written. Minidumps are not enabled by default on client versions of Windows
#

---------------  S U M M A R Y ------------

Command Line: --add-modules=ALL-SYSTEM --add-opens=java.base/java.util=ALL-UNNAMED --add-opens=java.base/java.lang=ALL-UNNAMED --add-opens=java.base/sun.nio.fs=ALL-UNNAMED -Declipse.application=org.eclipse.jdt.ls.core.id1 -Dosgi.bundles.defaultStartLevel=4 -Declipse.product=org.eclipse.jdt.ls.core.product -Djava.import.generatesMetadataFilesAtProjectRoot=false -DDetectVMInstallationsJob.disabled=true -Dfile.encoding=utf8 -XX:+UseParallelGC -XX:GCTimeRatio=4 -XX:AdaptiveSizePolicyWeight=90 -Dsun.zip.disableMemoryMapping=true -Xmx1G -Xms100m -Xlog:disable -javaagent:c:\Users\zinzi\.vscode\extensions\redhat.java-1.40.0-win32-x64\lombok\lombok-1.18.36.jar c:\Users\zinzi\.vscode\extensions\redhat.java-1.40.0-win32-x64\server\plugins\org.eclipse.equinox.launcher_1.6.1000.v20250131-0606.jar -configuration c:\Users\zinzi\AppData\Roaming\Code\User\globalStorage\redhat.java\1.40.0\config_ss_win -data c:\Users\zinzi\AppData\Roaming\Code\User\workspaceStorage\1531145508dfbda3fe65cda5b18105b1\redhat.java\ss_ws --pipe=\\.\pipe\lsp-c62b7a3fc732bb3ae8b01fe2cd5935cb-sock

Host: Intel(R) Core(TM) i7-10750H CPU @ 2.60GHz, 12 cores, 15G,  Windows 11 , 64 bit Build 22621 (10.0.22621.4974)
Time: Sun Mar 23 22:54:23 2025 SE Asia Standard Time elapsed time: 0.778536 seconds (0d 0h 0m 0s)

---------------  T H R E A D  ---------------

Current thread (0x000002656781fed0):  JavaThread "C2 CompilerThread1" daemon [_thread_in_native, id=19608, stack(0x000000acff900000,0x000000acffa00000) (1024K)]


Current CompileTask:
C2:778  681       4       lombok.patcher.PatchScript::classMatches (41 bytes)

Stack: [0x000000acff900000,0x000000acffa00000]
Native frames: (J=compiled Java code, j=interpreted, Vv=VM code, C=native code)
V  [jvm.dll+0x6cdee9]
V  [jvm.dll+0x8a83d1]
V  [jvm.dll+0x8aa8fe]
V  [jvm.dll+0x8aafe3]
V  [jvm.dll+0x27f706]
V  [jvm.dll+0xc500d]
V  [jvm.dll+0xc5543]
V  [jvm.dll+0x2f2acd]
V  [jvm.dll+0x5f6a2a]
V  [jvm.dll+0x250bb2]
V  [jvm.dll+0x250f6f]
V  [jvm.dll+0x249834]
V  [jvm.dll+0x246ec4]
V  [jvm.dll+0x1c75ee]
V  [jvm.dll+0x25685a]
V  [jvm.dll+0x254dfa]
V  [jvm.dll+0x3f0256]
V  [jvm.dll+0x851f8b]
V  [jvm.dll+0x6cc5ed]
C  [ucrtbase.dll+0x29333]
C  [KERNEL32.DLL+0x1259d]
C  [ntdll.dll+0x5af38]


---------------  P R O C E S S  ---------------

Threads class SMR info:
_java_thread_list=0x0000026567997910, length=12, elements={
0x0000026510d55820, 0x0000026510df35b0, 0x00000265661fe540, 0x0000026510df5670,
0x0000026510df6580, 0x0000026510df9d10, 0x0000026510dfffd0, 0x0000026510e02960,
0x0000026510e035d0, 0x0000026567716800, 0x000002656781fed0, 0x00000265679a8960
}

Java Threads: ( => current thread )
  0x0000026510d55820 JavaThread "main"                              [_thread_in_Java, id=5836, stack(0x000000acfec00000,0x000000acfed00000) (1024K)]
  0x0000026510df35b0 JavaThread "Reference Handler"          daemon [_thread_blocked, id=11080, stack(0x000000acff000000,0x000000acff100000) (1024K)]
  0x00000265661fe540 JavaThread "Finalizer"                  daemon [_thread_blocked, id=9596, stack(0x000000acff100000,0x000000acff200000) (1024K)]
  0x0000026510df5670 JavaThread "Signal Dispatcher"          daemon [_thread_blocked, id=13916, stack(0x000000acff200000,0x000000acff300000) (1024K)]
  0x0000026510df6580 JavaThread "Attach Listener"            daemon [_thread_blocked, id=5392, stack(0x000000acff300000,0x000000acff400000) (1024K)]
  0x0000026510df9d10 JavaThread "Service Thread"             daemon [_thread_blocked, id=13632, stack(0x000000acff400000,0x000000acff500000) (1024K)]
  0x0000026510dfffd0 JavaThread "Monitor Deflation Thread"   daemon [_thread_blocked, id=19676, stack(0x000000acff500000,0x000000acff600000) (1024K)]
  0x0000026510e02960 JavaThread "C2 CompilerThread0"         daemon [_thread_in_native, id=19400, stack(0x000000acff600000,0x000000acff700000) (1024K)]
  0x0000026510e035d0 JavaThread "C1 CompilerThread0"         daemon [_thread_in_native, id=19796, stack(0x000000acff700000,0x000000acff800000) (1024K)]
  0x0000026567716800 JavaThread "Common-Cleaner"             daemon [_thread_blocked, id=5400, stack(0x000000acff800000,0x000000acff900000) (1024K)]
=>0x000002656781fed0 JavaThread "C2 CompilerThread1"         daemon [_thread_in_native, id=19608, stack(0x000000acff900000,0x000000acffa00000) (1024K)]
  0x00000265679a8960 JavaThread "Notification Thread"        daemon [_thread_blocked, id=13928, stack(0x000000acffa00000,0x000000acffb00000) (1024K)]
Total: 12

Other Threads:
  0x00000265661e4400 VMThread "VM Thread"                           [id=13816, stack(0x000000acfef00000,0x000000acff000000) (1024K)]
  0x00000265660dc8d0 WatcherThread "VM Periodic Task Thread"        [id=9748, stack(0x000000acfee00000,0x000000acfef00000) (1024K)]
  0x0000026510d72dc0 WorkerThread "GC Thread#0"                     [id=3172, stack(0x000000acfed00000,0x000000acfee00000) (1024K)]
Total: 3

Threads with active compile tasks:
C2 CompilerThread0  804  723       4       lombok.patcher.scripts.MethodLevelPatchScript::patch (21 bytes)
C1 CompilerThread0  804  733       3       sun.security.provider.ByteArrayAccess::b2iBig64 (231 bytes)
C2 CompilerThread1  804  681       4       lombok.patcher.PatchScript::classMatches (41 bytes)
Total: 3

VM state: not at safepoint (normal execution)

VM Mutex/Monitor currently owned by a thread: None

Heap address: 0x00000000c0000000, size: 1024 MB, Compressed Oops mode: 32-bit

CDS archive(s) mapped at: [0x0000026525000000-0x0000026525ba0000-0x0000026525ba0000), size 12189696, SharedBaseAddress: 0x0000026525000000, ArchiveRelocationMode: 1.
Compressed class space mapped at: 0x0000026526000000-0x0000026566000000, reserved size: 1073741824
Narrow klass base: 0x0000026525000000, Narrow klass shift: 0, Narrow klass range: 0x100000000

GC Precious Log:
 CardTable entry size: 512
 CPUs: 12 total, 12 available
 Memory: 16205M
 Large Page Support: Disabled
 NUMA Support: Disabled
 Compressed Oops: Enabled (32-bit)
 Alignments: Space 512K, Generation 512K, Heap 2M
 Heap Min Capacity: 100M
 Heap Initial Capacity: 100M
 Heap Max Capacity: 1G
 Pre-touch: Disabled
 Parallel Workers: 10

Heap:
 PSYoungGen      total 29696K, used 14954K [0x00000000eab00000, 0x00000000ecc00000, 0x0000000100000000)
  eden space 25600K, 58% used [0x00000000eab00000,0x00000000eb99a998,0x00000000ec400000)
  from space 4096K, 0% used [0x00000000ec800000,0x00000000ec800000,0x00000000ecc00000)
  to   space 4096K, 0% used [0x00000000ec400000,0x00000000ec400000,0x00000000ec800000)
 ParOldGen       total 68608K, used 0K [0x00000000c0000000, 0x00000000c4300000, 0x00000000eab00000)
  object space 68608K, 0% used [0x00000000c0000000,0x00000000c0000000,0x00000000c4300000)
 Metaspace       used 2846K, committed 3072K, reserved 1114112K
  class space    used 289K, committed 384K, reserved 1048576K

Card table byte_map: [0x00000265106f0000,0x0000026510900000] _byte_map_base: 0x00000265100f0000

Marking Bits: (ParMarkBitMap*) 0x00007ffa98433260
 Begin Bits: [0x0000026522f40000, 0x0000026523f40000)
 End Bits:   [0x0000026523f40000, 0x0000026524f40000)

Polling page: 0x000002650ed30000

Metaspace:

Usage:
  Non-class:      2.50 MB used.
      Class:    289.02 KB used.
       Both:      2.78 MB used.

Virtual space:
  Non-class space:       64.00 MB reserved,       2.62 MB (  4%) committed,  1 nodes.
      Class space:        1.00 GB reserved,     384.00 KB ( <1%) committed,  1 nodes.
             Both:        1.06 GB reserved,       3.00 MB ( <1%) committed. 

Chunk freelists:
   Non-Class:  11.65 MB
       Class:  15.67 MB
        Both:  27.32 MB

MaxMetaspaceSize: unlimited
CompressedClassSpaceSize: 1.00 GB
Initial GC threshold: 21.00 MB
Current GC threshold: 21.00 MB
CDS: on
 - commit_granule_bytes: 65536.
 - commit_granule_words: 8192.
 - virtual_space_node_default_size: 8388608.
 - enlarge_chunks_in_place: 1.
 - use_allocation_guard: 0.


Internal statistics:

num_allocs_failed_limit: 0.
num_arena_births: 82.
num_arena_deaths: 0.
num_vsnodes_births: 2.
num_vsnodes_deaths: 0.
num_space_committed: 48.
num_space_uncommitted: 0.
num_chunks_returned_to_freelist: 0.
num_chunks_taken_from_freelist: 104.
num_chunk_merges: 0.
num_chunk_splits: 72.
num_chunks_enlarged: 47.
num_inconsistent_stats: 0.

CodeHeap 'non-profiled nmethods': size=120000Kb used=266Kb max_used=266Kb free=119733Kb
 bounds [0x000002651ba10000, 0x000002651bc80000, 0x0000026522f40000]
CodeHeap 'profiled nmethods': size=120000Kb used=1086Kb max_used=1086Kb free=118913Kb
 bounds [0x0000026513f40000, 0x00000265141b0000, 0x000002651b470000]
CodeHeap 'non-nmethods': size=5760Kb used=1184Kb max_used=1205Kb free=4576Kb
 bounds [0x000002651b470000, 0x000002651b6e0000, 0x000002651ba10000]
 total_blobs=1167 nmethods=725 adapters=349
 compilation: enabled
              stopped_count=0, restarted_count=0
 full_count=0

Compilation events (20 events):
Event: 0.758 Thread 0x0000026510e02960 nmethod 643 0x000002651ba4db10 code [0x000002651ba4ddc0, 0x000002651ba4f460]
Event: 0.758 Thread 0x0000026510e035d0 nmethod 712 0x0000026514043110 code [0x0000026514043320, 0x0000026514043b88]
Event: 0.758 Thread 0x0000026510e035d0  713       3       java.lang.invoke.VarHandle::accessModeType (41 bytes)
Event: 0.759 Thread 0x0000026510e035d0 nmethod 713 0x0000026514043e90 code [0x0000026514044080, 0x00000265140447b0]
Event: 0.759 Thread 0x0000026510e02960  697 %     4       java.math.BigInteger::implMulAdd @ 24 (81 bytes)
Event: 0.759 Thread 0x0000026510e035d0  710       3       java.lang.invoke.VarHandleByteArrayAsInts$ArrayHandle::get (36 bytes)
Event: 0.759 Thread 0x0000026510e035d0 nmethod 710 0x0000026514044a10 code [0x0000026514044be0, 0x0000026514044fb8]
Event: 0.759 Thread 0x0000026510e035d0  715       3       java.lang.invoke.VarForm::getMemberName (31 bytes)
Event: 0.760 Thread 0x0000026510e035d0 nmethod 715 0x0000026514045190 code [0x0000026514045360, 0x00000265140455f0]
Event: 0.763 Thread 0x0000026510e02960 nmethod 697% 0x000002651ba50590 code [0x000002651ba50720, 0x000002651ba50928]
Event: 0.763 Thread 0x0000026510e02960  691       4       java.lang.Integer::rotateRight (9 bytes)
Event: 0.763 Thread 0x0000026510e02960 nmethod 691 0x000002651ba50b10 code [0x000002651ba50c80, 0x000002651ba50cf0]
Event: 0.763 Thread 0x0000026510e02960  716       4       java.math.BigInteger::implMulAdd (81 bytes)
Event: 0.771 Thread 0x0000026510e02960 nmethod 716 0x000002651ba50e10 code [0x000002651ba50fa0, 0x000002651ba51200]
Event: 0.771 Thread 0x0000026510e02960  690       4       java.lang.StringUTF16::putChar (54 bytes)
Event: 0.772 Thread 0x0000026510e02960 nmethod 690 0x000002651ba51310 code [0x000002651ba514a0, 0x000002651ba515a0]
Event: 0.772 Thread 0x0000026510e02960  682       4       java.util.Collections$UnmodifiableCollection::iterator (9 bytes)
Event: 0.775 Thread 0x0000026510e035d0  720       3       java.lang.StringBuilder::<init> (6 bytes)
Event: 0.776 Thread 0x0000026510e035d0 nmethod 720 0x0000026514045710 code [0x00000265140458c0, 0x00000265140459f8]
Event: 0.776 Thread 0x0000026510e035d0  721   !   3       java.lang.String::<init> (890 bytes)

GC Heap History (0 events):
No events

Dll operation events (8 events):
Event: 0.013 Loaded shared library c:\Users\zinzi\.vscode\extensions\redhat.java-1.40.0-win32-x64\jre\21.0.6-win32-x86_64\bin\java.dll
Event: 0.111 Loaded shared library c:\Users\zinzi\.vscode\extensions\redhat.java-1.40.0-win32-x64\jre\21.0.6-win32-x86_64\bin\zip.dll
Event: 0.142 Loaded shared library C:\Users\zinzi\.vscode\extensions\redhat.java-1.40.0-win32-x64\jre\21.0.6-win32-x86_64\bin\instrument.dll
Event: 0.148 Loaded shared library C:\Users\zinzi\.vscode\extensions\redhat.java-1.40.0-win32-x64\jre\21.0.6-win32-x86_64\bin\net.dll
Event: 0.151 Loaded shared library C:\Users\zinzi\.vscode\extensions\redhat.java-1.40.0-win32-x64\jre\21.0.6-win32-x86_64\bin\nio.dll
Event: 0.155 Loaded shared library C:\Users\zinzi\.vscode\extensions\redhat.java-1.40.0-win32-x64\jre\21.0.6-win32-x86_64\bin\zip.dll
Event: 0.179 Loaded shared library C:\Users\zinzi\.vscode\extensions\redhat.java-1.40.0-win32-x64\jre\21.0.6-win32-x86_64\bin\jimage.dll
Event: 0.301 Loaded shared library c:\Users\zinzi\.vscode\extensions\redhat.java-1.40.0-win32-x64\jre\21.0.6-win32-x86_64\bin\verify.dll

Deoptimization events (20 events):
Event: 0.766 Thread 0x0000026510d55820 DEOPT PACKING pc=0x000002651403a084 sp=0x000000acfecfd520
Event: 0.767 Thread 0x0000026510d55820 DEOPT UNPACKING pc=0x000002651b4c4242 sp=0x000000acfecfc978 mode 0
Event: 0.768 Thread 0x0000026510d55820 DEOPT PACKING pc=0x000002651403a084 sp=0x000000acfecfd490
Event: 0.768 Thread 0x0000026510d55820 DEOPT UNPACKING pc=0x000002651b4c4242 sp=0x000000acfecfc8e8 mode 0
Event: 0.768 Thread 0x0000026510d55820 DEOPT PACKING pc=0x000002651403a084 sp=0x000000acfecfd520
Event: 0.768 Thread 0x0000026510d55820 DEOPT UNPACKING pc=0x000002651b4c4242 sp=0x000000acfecfc978 mode 0
Event: 0.768 Thread 0x0000026510d55820 DEOPT PACKING pc=0x000002651403a084 sp=0x000000acfecfd520
Event: 0.768 Thread 0x0000026510d55820 DEOPT UNPACKING pc=0x000002651b4c4242 sp=0x000000acfecfc978 mode 0
Event: 0.768 Thread 0x0000026510d55820 DEOPT PACKING pc=0x000002651403a084 sp=0x000000acfecfd490
Event: 0.768 Thread 0x0000026510d55820 DEOPT UNPACKING pc=0x000002651b4c4242 sp=0x000000acfecfc8e8 mode 0
Event: 0.768 Thread 0x0000026510d55820 DEOPT PACKING pc=0x000002651403a084 sp=0x000000acfecfd520
Event: 0.768 Thread 0x0000026510d55820 DEOPT UNPACKING pc=0x000002651b4c4242 sp=0x000000acfecfc978 mode 0
Event: 0.769 Thread 0x0000026510d55820 DEOPT PACKING pc=0x000002651403a084 sp=0x000000acfecfd520
Event: 0.769 Thread 0x0000026510d55820 DEOPT UNPACKING pc=0x000002651b4c4242 sp=0x000000acfecfc978 mode 0
Event: 0.769 Thread 0x0000026510d55820 DEOPT PACKING pc=0x000002651403a084 sp=0x000000acfecfd490
Event: 0.769 Thread 0x0000026510d55820 DEOPT UNPACKING pc=0x000002651b4c4242 sp=0x000000acfecfc8e8 mode 0
Event: 0.769 Thread 0x0000026510d55820 DEOPT PACKING pc=0x000002651403a084 sp=0x000000acfecfd520
Event: 0.769 Thread 0x0000026510d55820 DEOPT UNPACKING pc=0x000002651b4c4242 sp=0x000000acfecfc978 mode 0
Event: 0.769 Thread 0x0000026510d55820 DEOPT PACKING pc=0x000002651403a084 sp=0x000000acfecfd520
Event: 0.769 Thread 0x0000026510d55820 DEOPT UNPACKING pc=0x000002651b4c4242 sp=0x000000acfecfc978 mode 0

Classes loaded (20 events):
Event: 0.723 Loading class sun/security/rsa/RSAPrivateKeyImpl done
Event: 0.724 Loading class sun/security/rsa/RSAPrivateCrtKeyImpl
Event: 0.724 Loading class java/security/interfaces/RSAPrivateCrtKey
Event: 0.724 Loading class java/security/interfaces/RSAPrivateCrtKey done
Event: 0.724 Loading class sun/security/rsa/RSAPrivateCrtKeyImpl done
Event: 0.724 Loading class sun/security/rsa/RSACore
Event: 0.724 Loading class sun/security/rsa/RSACore done
Event: 0.724 Loading class sun/security/rsa/RSAPadding
Event: 0.725 Loading class sun/security/rsa/RSAPadding done
Event: 0.726 Loading class java/math/MutableBigInteger
Event: 0.727 Loading class java/math/MutableBigInteger done
Event: 0.750 Loading class sun/security/provider/certpath/X509CertPath
Event: 0.751 Loading class java/security/cert/CertPath
Event: 0.752 Loading class java/security/cert/CertPath done
Event: 0.752 Loading class sun/security/provider/certpath/X509CertPath done
Event: 0.752 Loading class sun/security/timestamp/TimestampToken
Event: 0.752 Loading class sun/security/timestamp/TimestampToken done
Event: 0.753 Loading class java/security/Timestamp
Event: 0.754 Loading class java/security/Timestamp done
Event: 0.776 Loading class java/security/CodeSigner

Classes unloaded (0 events):
No events

Classes redefined (0 events):
No events

Internal exceptions (12 events):
Event: 0.106 Thread 0x0000026510d55820 Exception <a 'java/lang/NoSuchMethodError'{0x00000000ead2a358}: 'void java.lang.invoke.DirectMethodHandle$Holder.invokeStatic(java.lang.Object, java.lang.Object, java.lang.Object)'> (0x00000000ead2a358) 
thrown [s\src\hotspot\share\interpreter\linkResolver.cpp, line 773]
Event: 0.171 Thread 0x0000026510d55820 Exception <a 'java/lang/NoSuchMethodError'{0x00000000eae92c38}: 'java.lang.Object java.lang.invoke.Invokers$Holder.invokeExact_MT(java.lang.Object, java.lang.Object, java.lang.Object, java.lang.Object, java.lang.Object)'> (0x00000000eae92c38) 
thrown [s\src\hotspot\share\interpreter\linkResolver.cpp, line 773]
Event: 0.228 Thread 0x0000026510d55820 Exception <a 'java/lang/NoSuchMethodError'{0x00000000eaf4bc60}: 'int java.lang.invoke.DirectMethodHandle$Holder.invokeSpecial(java.lang.Object, java.lang.Object, java.lang.Object, int)'> (0x00000000eaf4bc60) 
thrown [s\src\hotspot\share\interpreter\linkResolver.cpp, line 773]
Event: 0.232 Thread 0x0000026510d55820 Exception <a 'java/lang/NoSuchMethodError'{0x00000000eaf5e648}: 'java.lang.Object java.lang.invoke.DirectMethodHandle$Holder.invokeStatic(java.lang.Object, java.lang.Object, java.lang.Object, java.lang.Object, int)'> (0x00000000eaf5e648) 
thrown [s\src\hotspot\share\interpreter\linkResolver.cpp, line 773]
Event: 0.235 Thread 0x0000026510d55820 Exception <a 'java/lang/NoSuchMethodError'{0x00000000eaf69a88}: 'void java.lang.invoke.DelegatingMethodHandle$Holder.reinvoke_L(java.lang.Object, java.lang.Object, java.lang.Object, int, java.lang.Object)'> (0x00000000eaf69a88) 
thrown [s\src\hotspot\share\interpreter\linkResolver.cpp, line 773]
Event: 0.240 Thread 0x0000026510d55820 Exception <a 'java/lang/NoSuchMethodError'{0x00000000eaf7a3d8}: 'int java.lang.invoke.DirectMethodHandle$Holder.invokeSpecial(java.lang.Object, java.lang.Object, java.lang.Object)'> (0x00000000eaf7a3d8) 
thrown [s\src\hotspot\share\interpreter\linkResolver.cpp, line 773]
Event: 0.244 Thread 0x0000026510d55820 Exception <a 'java/lang/NoSuchMethodError'{0x00000000eaf86098}: 'java.lang.Object java.lang.invoke.DirectMethodHandle$Holder.invokeStatic(java.lang.Object, java.lang.Object, int)'> (0x00000000eaf86098) 
thrown [s\src\hotspot\share\interpreter\linkResolver.cpp, line 773]
Event: 0.245 Thread 0x0000026510d55820 Exception <a 'java/lang/NoSuchMethodError'{0x00000000eaf8a9e8}: 'void java.lang.invoke.DirectMethodHandle$Holder.invokeStatic(java.lang.Object, java.lang.Object, int, java.lang.Object)'> (0x00000000eaf8a9e8) 
thrown [s\src\hotspot\share\interpreter\linkResolver.cpp, line 773]
Event: 0.246 Thread 0x0000026510d55820 Exception <a 'java/lang/NoSuchMethodError'{0x00000000eaf8e578}: 'void java.lang.invoke.DirectMethodHandle$Holder.invokeSpecial(java.lang.Object, java.lang.Object, java.lang.Object, int, java.lang.Object)'> (0x00000000eaf8e578) 
thrown [s\src\hotspot\share\interpreter\linkResolver.cpp, line 773]
Event: 0.247 Thread 0x0000026510d55820 Exception <a 'java/lang/NoSuchMethodError'{0x00000000eaf919e8}: 'void java.lang.invoke.DelegatingMethodHandle$Holder.delegate(java.lang.Object, java.lang.Object, int, java.lang.Object)'> (0x00000000eaf919e8) 
thrown [s\src\hotspot\share\interpreter\linkResolver.cpp, line 773]
Event: 0.336 Thread 0x0000026510d55820 Exception <a 'java/lang/NoSuchMethodError'{0x00000000eb14e6e8}: 'void java.lang.invoke.DelegatingMethodHandle$Holder.reinvoke_L(java.lang.Object, java.lang.Object, java.lang.Object, int)'> (0x00000000eb14e6e8) 
thrown [s\src\hotspot\share\interpreter\linkResolver.cpp, line 773]
Event: 0.562 Thread 0x0000026510d55820 Exception <a 'java/lang/NoSuchMethodError'{0x00000000eb5d62b8}: 'void java.lang.invoke.DirectMethodHandle$Holder.invokeVirtual(java.lang.Object, java.lang.Object)'> (0x00000000eb5d62b8) 
thrown [s\src\hotspot\share\interpreter\linkResolver.cpp, line 773]

ZGC Phase Switch (0 events):
No events

VM Operations (2 events):
Event: 0.197 Executing VM operation: HandshakeAllThreads (Deoptimize)
Event: 0.197 Executing VM operation: HandshakeAllThreads (Deoptimize) done

Memory protections (0 events):
No events

Nmethod flushes (0 events):
No events

Events (12 events):
Event: 0.035 Thread 0x0000026510d55820 Thread added: 0x0000026510d55820
Event: 0.060 Thread 0x0000026510d55820 Thread added: 0x0000026510df35b0
Event: 0.060 Thread 0x0000026510d55820 Thread added: 0x00000265661fe540
Event: 0.061 Thread 0x0000026510d55820 Thread added: 0x0000026510df5670
Event: 0.061 Thread 0x0000026510d55820 Thread added: 0x0000026510df6580
Event: 0.061 Thread 0x0000026510d55820 Thread added: 0x0000026510df9d10
Event: 0.061 Thread 0x0000026510d55820 Thread added: 0x0000026510dfffd0
Event: 0.061 Thread 0x0000026510d55820 Thread added: 0x0000026510e02960
Event: 0.061 Thread 0x0000026510d55820 Thread added: 0x0000026510e035d0
Event: 0.093 Thread 0x0000026510d55820 Thread added: 0x0000026567716800
Event: 0.128 Thread 0x0000026510e035d0 Thread added: 0x000002656781fed0
Event: 0.439 Thread 0x0000026510d55820 Thread added: 0x00000265679a8960


Dynamic libraries:
0x00007ff7f3aa0000 - 0x00007ff7f3aae000 	c:\Users\zinzi\.vscode\extensions\redhat.java-1.40.0-win32-x64\jre\21.0.6-win32-x86_64\bin\java.exe
0x00007ffb19690000 - 0x00007ffb198a7000 	C:\WINDOWS\SYSTEM32\ntdll.dll
0x00007ffb17470000 - 0x00007ffb17534000 	C:\WINDOWS\System32\KERNEL32.DLL
0x00007ffb16910000 - 0x00007ffb16ce1000 	C:\WINDOWS\System32\KERNELBASE.dll
0x00007ffb17050000 - 0x00007ffb17161000 	C:\WINDOWS\System32\ucrtbase.dll
0x00007ffb04b00000 - 0x00007ffb04b18000 	c:\Users\zinzi\.vscode\extensions\redhat.java-1.40.0-win32-x64\jre\21.0.6-win32-x86_64\bin\jli.dll
0x00007ffaff980000 - 0x00007ffaff99e000 	c:\Users\zinzi\.vscode\extensions\redhat.java-1.40.0-win32-x64\jre\21.0.6-win32-x86_64\bin\VCRUNTIME140.dll
0x00007ffb187d0000 - 0x00007ffb18981000 	C:\WINDOWS\System32\USER32.dll
0x00007ffb16d90000 - 0x00007ffb16db6000 	C:\WINDOWS\System32\win32u.dll
0x00007ffb03f70000 - 0x00007ffb04202000 	C:\WINDOWS\WinSxS\amd64_microsoft.windows.common-controls_6595b64144ccf1df_6.0.22621.4830_none_270fe7d773858e80\COMCTL32.dll
0x00007ffb17b30000 - 0x00007ffb17b59000 	C:\WINDOWS\System32\GDI32.dll
0x00007ffb17550000 - 0x00007ffb175f7000 	C:\WINDOWS\System32\msvcrt.dll
0x00007ffb16f30000 - 0x00007ffb1704b000 	C:\WINDOWS\System32\gdi32full.dll
0x00007ffb16cf0000 - 0x00007ffb16d8a000 	C:\WINDOWS\System32\msvcp_win.dll
0x00007ffb18790000 - 0x00007ffb187c1000 	C:\WINDOWS\System32\IMM32.DLL
0x00007ffb068f0000 - 0x00007ffb068fc000 	c:\Users\zinzi\.vscode\extensions\redhat.java-1.40.0-win32-x64\jre\21.0.6-win32-x86_64\bin\vcruntime140_1.dll
0x00007ffadc920000 - 0x00007ffadc9ad000 	c:\Users\zinzi\.vscode\extensions\redhat.java-1.40.0-win32-x64\jre\21.0.6-win32-x86_64\bin\msvcp140.dll
0x00007ffa97780000 - 0x00007ffa98510000 	c:\Users\zinzi\.vscode\extensions\redhat.java-1.40.0-win32-x64\jre\21.0.6-win32-x86_64\bin\server\jvm.dll
0x00007ffb17360000 - 0x00007ffb17411000 	C:\WINDOWS\System32\ADVAPI32.dll
0x00007ffb180f0000 - 0x00007ffb18197000 	C:\WINDOWS\System32\sechost.dll
0x00007ffb17330000 - 0x00007ffb17358000 	C:\WINDOWS\System32\bcrypt.dll
0x00007ffb18ca0000 - 0x00007ffb18db4000 	C:\WINDOWS\System32\RPCRT4.dll
0x00007ffb18060000 - 0x00007ffb180d1000 	C:\WINDOWS\System32\WS2_32.dll
0x00007ffb085c0000 - 0x00007ffb085f4000 	C:\WINDOWS\SYSTEM32\WINMM.dll
0x00007ffb14420000 - 0x00007ffb1442a000 	C:\WINDOWS\SYSTEM32\VERSION.dll
0x00007ffb15640000 - 0x00007ffb1568d000 	C:\WINDOWS\SYSTEM32\POWRPROF.dll
0x00007ffb15620000 - 0x00007ffb15633000 	C:\WINDOWS\SYSTEM32\UMPDC.dll
0x00007ffb158d0000 - 0x00007ffb158e8000 	C:\WINDOWS\SYSTEM32\kernel.appcore.dll
0x00007ffb05870000 - 0x00007ffb0587a000 	c:\Users\zinzi\.vscode\extensions\redhat.java-1.40.0-win32-x64\jre\21.0.6-win32-x86_64\bin\jimage.dll
0x00007ffb07290000 - 0x00007ffb074c2000 	C:\WINDOWS\SYSTEM32\DBGHELP.DLL
0x00007ffb182f0000 - 0x00007ffb18680000 	C:\WINDOWS\System32\combase.dll
0x00007ffb181a0000 - 0x00007ffb18277000 	C:\WINDOWS\System32\OLEAUT32.dll
0x00007ffafbba0000 - 0x00007ffafbbd2000 	C:\WINDOWS\SYSTEM32\dbgcore.DLL
0x00007ffb17230000 - 0x00007ffb172ab000 	C:\WINDOWS\System32\bcryptPrimitives.dll
0x00007ffb07e50000 - 0x00007ffb07e5f000 	c:\Users\zinzi\.vscode\extensions\redhat.java-1.40.0-win32-x64\jre\21.0.6-win32-x86_64\bin\instrument.dll
0x00007ffaea8d0000 - 0x00007ffaea8ef000 	c:\Users\zinzi\.vscode\extensions\redhat.java-1.40.0-win32-x64\jre\21.0.6-win32-x86_64\bin\java.dll
0x00007ffb18dc0000 - 0x00007ffb19648000 	C:\WINDOWS\System32\SHELL32.dll
0x00007ffb167d0000 - 0x00007ffb1690f000 	C:\WINDOWS\System32\wintypes.dll
0x00007ffb146f0000 - 0x00007ffb14ffd000 	C:\WINDOWS\SYSTEM32\windows.storage.dll
0x00007ffb18680000 - 0x00007ffb1878a000 	C:\WINDOWS\System32\SHCORE.dll
0x00007ffb17b70000 - 0x00007ffb17bce000 	C:\WINDOWS\System32\shlwapi.dll
0x00007ffb16700000 - 0x00007ffb1672b000 	C:\WINDOWS\SYSTEM32\profapi.dll
0x00007ffaea610000 - 0x00007ffaea628000 	c:\Users\zinzi\.vscode\extensions\redhat.java-1.40.0-win32-x64\jre\21.0.6-win32-x86_64\bin\zip.dll
0x00007ffb01320000 - 0x00007ffb01330000 	C:\Users\zinzi\.vscode\extensions\redhat.java-1.40.0-win32-x64\jre\21.0.6-win32-x86_64\bin\net.dll
0x00007ffb12990000 - 0x00007ffb12abc000 	C:\WINDOWS\SYSTEM32\WINHTTP.dll
0x00007ffb15d30000 - 0x00007ffb15d9a000 	C:\WINDOWS\system32\mswsock.dll
0x00007ffae0200000 - 0x00007ffae0216000 	C:\Users\zinzi\.vscode\extensions\redhat.java-1.40.0-win32-x64\jre\21.0.6-win32-x86_64\bin\nio.dll
0x00007ffb01270000 - 0x00007ffb01280000 	c:\Users\zinzi\.vscode\extensions\redhat.java-1.40.0-win32-x64\jre\21.0.6-win32-x86_64\bin\verify.dll

dbghelp: loaded successfully - version: 4.0.5 - missing functions: none
symbol engine: initialized successfully - sym options: 0x614 - pdb path: .;c:\Users\zinzi\.vscode\extensions\redhat.java-1.40.0-win32-x64\jre\21.0.6-win32-x86_64\bin;C:\WINDOWS\SYSTEM32;C:\WINDOWS\WinSxS\amd64_microsoft.windows.common-controls_6595b64144ccf1df_6.0.22621.4830_none_270fe7d773858e80;c:\Users\zinzi\.vscode\extensions\redhat.java-1.40.0-win32-x64\jre\21.0.6-win32-x86_64\bin\server

VM Arguments:
jvm_args: --add-modules=ALL-SYSTEM --add-opens=java.base/java.util=ALL-UNNAMED --add-opens=java.base/java.lang=ALL-UNNAMED --add-opens=java.base/sun.nio.fs=ALL-UNNAMED -Declipse.application=org.eclipse.jdt.ls.core.id1 -Dosgi.bundles.defaultStartLevel=4 -Declipse.product=org.eclipse.jdt.ls.core.product -Djava.import.generatesMetadataFilesAtProjectRoot=false -DDetectVMInstallationsJob.disabled=true -Dfile.encoding=utf8 -XX:+UseParallelGC -XX:GCTimeRatio=4 -XX:AdaptiveSizePolicyWeight=90 -Dsun.zip.disableMemoryMapping=true -Xmx1G -Xms100m -Xlog:disable -javaagent:c:\Users\zinzi\.vscode\extensions\redhat.java-1.40.0-win32-x64\lombok\lombok-1.18.36.jar 
java_command: c:\Users\zinzi\.vscode\extensions\redhat.java-1.40.0-win32-x64\server\plugins\org.eclipse.equinox.launcher_1.6.1000.v20250131-0606.jar -configuration c:\Users\zinzi\AppData\Roaming\Code\User\globalStorage\redhat.java\1.40.0\config_ss_win -data c:\Users\zinzi\AppData\Roaming\Code\User\workspaceStorage\1531145508dfbda3fe65cda5b18105b1\redhat.java\ss_ws --pipe=\\.\pipe\lsp-c62b7a3fc732bb3ae8b01fe2cd5935cb-sock
java_class_path (initial): c:\Users\zinzi\.vscode\extensions\redhat.java-1.40.0-win32-x64\server\plugins\org.eclipse.equinox.launcher_1.6.1000.v20250131-0606.jar
Launcher Type: SUN_STANDARD

[Global flags]
    uintx AdaptiveSizePolicyWeight                 = 90                                        {product} {command line}
     intx CICompilerCount                          = 4                                         {product} {ergonomic}
    uintx GCTimeRatio                              = 4                                         {product} {command line}
   size_t InitialHeapSize                          = 104857600                                 {product} {command line}
   size_t MaxHeapSize                              = 1073741824                                {product} {command line}
   size_t MaxNewSize                               = 357564416                                 {product} {ergonomic}
   size_t MinHeapDeltaBytes                        = 524288                                    {product} {ergonomic}
   size_t MinHeapSize                              = 104857600                                 {product} {command line}
   size_t NewSize                                  = 34603008                                  {product} {ergonomic}
    uintx NonNMethodCodeHeapSize                   = 5839372                                {pd product} {ergonomic}
    uintx NonProfiledCodeHeapSize                  = 122909434                              {pd product} {ergonomic}
   size_t OldSize                                  = 70254592                                  {product} {ergonomic}
    uintx ProfiledCodeHeapSize                     = 122909434                              {pd product} {ergonomic}
    uintx ReservedCodeCacheSize                    = 251658240                              {pd product} {ergonomic}
     bool SegmentedCodeCache                       = true                                      {product} {ergonomic}
   size_t SoftMaxHeapSize                          = 1073741824                             {manageable} {ergonomic}
     bool UseCompressedOops                        = true                           {product lp64_product} {ergonomic}
     bool UseLargePagesIndividualAllocation        = false                                  {pd product} {ergonomic}
     bool UseParallelGC                            = true                                      {product} {command line}

Logging:
Log output configuration:
 #0: stdout all=off uptime,level,tags foldmultilines=false
 #1: stderr all=off uptime,level,tags foldmultilines=false

Environment Variables:
JAVA_HOME=C:\Program Files\Microsoft\jdk-17.0.10.7-hotspot\
PATH=C:\Program Files\Microsoft\jdk-17.0.10.7-hotspot\bin;C:\WINDOWS\system32;C:\WINDOWS;C:\WINDOWS\System32\Wbem;C:\WINDOWS\System32\WindowsPowerShell\v1.0\;C:\WINDOWS\System32\OpenSSH\;C:\ProgramData\chocolatey\bin;C:\Program Files\Microsoft SQL Server\150\Tools\Binn\;C:\Program Files\Microsoft SQL Server\Client SDK\ODBC\170\Tools\Binn\;C:\Program Files (x86)\Microsoft SQL Server\160\Tools\Binn\;C:\Program Files\Microsoft SQL Server\160\Tools\Binn\;C:\Program Files\Microsoft SQL Server\160\DTS\Binn\;C:\Program Files (x86)\NVIDIA Corporation\PhysX\Common;C:\Users\zinzi\AppData\Roaming\nvm;C:\Program Files\nodejs;C:\Program Files\Amazon\AWSCLIV2\;C:\Program Files\starship\bin\;C:\Program Files (x86)\oh-my-posh\bin;D:\Git\Git\cmd;C:\Program Files\Amazon\SessionManagerPlugin\bin\;C:\Program Files\dotnet\;C:\Program Files\Amazon\SessionManagerPlugin\bin;C:\Program Files\MySQL\MySQL Shell 8.0\bin\;C:\Users\zinzi\AppData\Local\Android\Sdk\platform-tools;C:\Users\zinzi\AppData\Local\Microsoft\WindowsApps;C:\Users\zinzi\AppData\Local\Programs\Microsoft VS Code\bin;C:\Users\zinzi\AppData\Local\GitHubDesktop\bin;C:\Users\zinzi\AppData\Roaming\npm;C:\Users\zinzi\AppData\Roaming\nvm;C:\Program Files\nodejs;C:\Users\zinzi\AppData\Local\Programs\oh-my-posh\bin;C:\Users\zinzi\AppData\Local\Packages\PythonSoftwareFoundation.Python.3.13_qbz5n2kfra8p0\LocalCache\local-packages\Python313\Scripts;C:\Gradle\gradle-8.13\bin;C:\Users\zinzi\.dotnet\tools
USERNAME=zinzi
OS=Windows_NT
PROCESSOR_IDENTIFIER=Intel64 Family 6 Model 165 Stepping 2, GenuineIntel
TMP=C:\Users\zinzi\AppData\Local\Temp
TEMP=C:\Users\zinzi\AppData\Local\Temp




Periodic native trim disabled

---------------  S Y S T E M  ---------------

OS:
 Windows 11 , 64 bit Build 22621 (10.0.22621.4974)
OS uptime: 1 days 23:18 hours
Hyper-V role detected

CPU: total 12 (initial active 12) (6 cores per cpu, 2 threads per core) family 6 model 165 stepping 2 microcode 0xe0, cx8, cmov, fxsr, ht, mmx, 3dnowpref, sse, sse2, sse3, ssse3, sse4.1, sse4.2, popcnt, lzcnt, tsc, tscinvbit, avx, avx2, aes, erms, clmul, bmi1, bmi2, adx, fma, vzeroupper, clflush, clflushopt, hv, rdtscp, f16c
Processor Information for the first 12 processors :
  Max Mhz: 2592, Current Mhz: 2292, Mhz Limit: 2592

Memory: 4k page, system-wide physical 16205M (2029M free)
TotalPageFile size 18253M (AvailPageFile size 5M)
current process WorkingSet (physical memory assigned to process): 61M, peak: 61M
current process commit charge ("private bytes"): 203M, peak: 205M

vm_info: OpenJDK 64-Bit Server VM (21.0.6+7-LTS) for windows-amd64 JRE (21.0.6+7-LTS), built on 2025-01-21T00:00:00Z by "admin" with MS VC++ 17.7 (VS2022)

END.
