#
# There is insufficient memory for the Java Runtime Environment to continue.
# Native memory allocation (malloc) failed to allocate 1107936 bytes. Error detail: Chunk::new
# Possible reasons:
#   The system is out of physical RAM or swap space
#   This process is running with CompressedOops enabled, and the Java Heap may be blocking the growth of the native heap
# Possible solutions:
#   Reduce memory load on the system
#   Increase physical memory or swap space
#   Check if swap backing store is full
#   Decrease Java heap size (-Xmx/-Xms)
#   Decrease number of Java threads
#   Decrease Java thread stack sizes (-Xss)
#   Set larger code cache with -XX:ReservedCodeCacheSize=
#   JVM is running with Unscaled Compressed Oops mode in which the Java heap is
#     placed in the first 4GB address space. The Java Heap base address is the
#     maximum limit for the native heap growth. Please use -XX:HeapBaseMinAddress
#     to set the Java Heap base and to place the Java Heap above 4GB virtual address.
# This output file may be truncated or incomplete.
#
#  Out of Memory Error (arena.cpp:168), pid=19972, tid=1672
#
# JRE version: OpenJDK Runtime Environment Temurin-21.0.6+7 (21.0.6+7) (build 21.0.6+7-LTS)
# Java VM: OpenJDK 64-Bit Server VM Temurin-21.0.6+7 (21.0.6+7-LTS, mixed mode, sharing, tiered, compressed oops, compressed class ptrs, parallel gc, windows-amd64)
# No core dump will be written. Minidumps are not enabled by default on client versions of Windows
#

---------------  S U M M A R Y ------------

Command Line: --add-modules=ALL-SYSTEM --add-opens=java.base/java.util=ALL-UNNAMED --add-opens=java.base/java.lang=ALL-UNNAMED --add-opens=java.base/sun.nio.fs=ALL-UNNAMED -Declipse.application=org.eclipse.jdt.ls.core.id1 -Dosgi.bundles.defaultStartLevel=4 -Declipse.product=org.eclipse.jdt.ls.core.product -Djava.import.generatesMetadataFilesAtProjectRoot=false -DDetectVMInstallationsJob.disabled=true -Dfile.encoding=utf8 -XX:+UseParallelGC -XX:GCTimeRatio=4 -XX:AdaptiveSizePolicyWeight=90 -Dsun.zip.disableMemoryMapping=true -Xmx1G -Xms100m -Xlog:disable -javaagent:c:\Users\zinzi\.vscode\extensions\redhat.java-1.40.0-win32-x64\lombok\lombok-1.18.36.jar -XX:+HeapDumpOnOutOfMemoryError -XX:HeapDumpPath=c:\Users\zinzi\AppData\Roaming\Code\User\workspaceStorage\1531145508dfbda3fe65cda5b18105b1\redhat.java -Daether.dependencyCollector.impl=bf c:\Users\zinzi\.vscode\extensions\redhat.java-1.40.0-win32-x64\server\plugins\org.eclipse.equinox.launcher_1.6.1000.v20250131-0606.jar -configuration c:\Users\zinzi\AppData\Roaming\Code\User\globalStorage\redhat.java\1.40.0\config_win -data c:\Users\zinzi\AppData\Roaming\Code\User\workspaceStorage\1531145508dfbda3fe65cda5b18105b1\redhat.java\jdt_ws --pipe=\\.\pipe\lsp-1ac63e594945f329db491537815b649a-sock

Host: Intel(R) Core(TM) i7-10750H CPU @ 2.60GHz, 12 cores, 15G,  Windows 11 , 64 bit Build 22621 (10.0.22621.4974)
Time: Sun Mar 23 23:06:20 2025 SE Asia Standard Time elapsed time: 4.197719 seconds (0d 0h 0m 4s)

---------------  T H R E A D  ---------------

Current thread (0x000001baae2ee8c0):  JavaThread "C2 CompilerThread0" daemon [_thread_in_native, id=1672, stack(0x00000006de200000,0x00000006de300000) (1024K)]


Current CompileTask:
C2:4197 3416       4       java.lang.invoke.MethodType::makeImpl (109 bytes)

Stack: [0x00000006de200000,0x00000006de300000]
Native frames: (J=compiled Java code, j=interpreted, Vv=VM code, C=native code)
V  [jvm.dll+0x6cdee9]
V  [jvm.dll+0x8a83d1]
V  [jvm.dll+0x8aa8fe]
V  [jvm.dll+0x8aafe3]
V  [jvm.dll+0x27f706]
V  [jvm.dll+0xc500d]
V  [jvm.dll+0xc5543]
V  [jvm.dll+0x3b678c]
V  [jvm.dll+0x1dfe13]
V  [jvm.dll+0x247b42]
V  [jvm.dll+0x246fcf]
V  [jvm.dll+0x1c75ee]
V  [jvm.dll+0x25685a]
V  [jvm.dll+0x254dfa]
V  [jvm.dll+0x3f0256]
V  [jvm.dll+0x851f8b]
V  [jvm.dll+0x6cc5ed]
C  [ucrtbase.dll+0x29333]
C  [KERNEL32.DLL+0x1259d]
C  [ntdll.dll+0x5af38]


---------------  P R O C E S S  ---------------

Threads class SMR info:
_java_thread_list=0x000001bb0ae34bb0, length=24, elements={
0x000001baae241040, 0x000001bac262c520, 0x000001bac262dd20, 0x000001baae2e0de0,
0x000001baae2e2050, 0x000001baae2e5840, 0x000001baae2ec8e0, 0x000001baae2ee8c0,
0x000001baae2f0540, 0x000001bb04b8aa60, 0x000001bb04e976a0, 0x000001bb0a32e920,
0x000001bb0aad7100, 0x000001bb0a92dc30, 0x000001bb0ac9f870, 0x000001bb0aca2cd0,
0x000001bb0b2f0650, 0x000001bb0b062660, 0x000001bb0b04a150, 0x000001bb0b04ae70,
0x000001bb0b04d5d0, 0x000001bb0b04b500, 0x000001bb0b04c220, 0x000001bb0be074b0
}

Java Threads: ( => current thread )
  0x000001baae241040 JavaThread "main"                              [_thread_blocked, id=15712, stack(0x00000006dd800000,0x00000006dd900000) (1024K)]
  0x000001bac262c520 JavaThread "Reference Handler"          daemon [_thread_blocked, id=3248, stack(0x00000006ddc00000,0x00000006ddd00000) (1024K)]
  0x000001bac262dd20 JavaThread "Finalizer"                  daemon [_thread_blocked, id=13788, stack(0x00000006ddd00000,0x00000006dde00000) (1024K)]
  0x000001baae2e0de0 JavaThread "Signal Dispatcher"          daemon [_thread_blocked, id=1140, stack(0x00000006dde00000,0x00000006ddf00000) (1024K)]
  0x000001baae2e2050 JavaThread "Attach Listener"            daemon [_thread_blocked, id=16992, stack(0x00000006ddf00000,0x00000006de000000) (1024K)]
  0x000001baae2e5840 JavaThread "Service Thread"             daemon [_thread_blocked, id=13520, stack(0x00000006de000000,0x00000006de100000) (1024K)]
  0x000001baae2ec8e0 JavaThread "Monitor Deflation Thread"   daemon [_thread_blocked, id=10496, stack(0x00000006de100000,0x00000006de200000) (1024K)]
=>0x000001baae2ee8c0 JavaThread "C2 CompilerThread0"         daemon [_thread_in_native, id=1672, stack(0x00000006de200000,0x00000006de300000) (1024K)]
  0x000001baae2f0540 JavaThread "C1 CompilerThread0"         daemon [_thread_blocked, id=1972, stack(0x00000006de300000,0x00000006de400000) (1024K)]
  0x000001bb04b8aa60 JavaThread "Common-Cleaner"             daemon [_thread_blocked, id=11520, stack(0x00000006de400000,0x00000006de500000) (1024K)]
  0x000001bb04e976a0 JavaThread "Notification Thread"        daemon [_thread_blocked, id=13032, stack(0x00000006de600000,0x00000006de700000) (1024K)]
  0x000001bb0a32e920 JavaThread "C2 CompilerThread1"         daemon [_thread_blocked, id=11780, stack(0x00000006de500000,0x00000006de600000) (1024K)]
  0x000001bb0aad7100 JavaThread "Active Thread: Equinox Container: e6dfe7d2-90b7-4f19-96c9-0d3373c8628a"        [_thread_blocked, id=1284, stack(0x00000006dee00000,0x00000006def00000) (1024K)]
  0x000001bb0a92dc30 JavaThread "Refresh Thread: Equinox Container: e6dfe7d2-90b7-4f19-96c9-0d3373c8628a" daemon [_thread_blocked, id=14072, stack(0x00000006def00000,0x00000006df000000) (1024K)]
  0x000001bb0ac9f870 JavaThread "Framework Event Dispatcher: Equinox Container: e6dfe7d2-90b7-4f19-96c9-0d3373c8628a" daemon [_thread_blocked, id=2380, stack(0x00000006df100000,0x00000006df200000) (1024K)]
  0x000001bb0aca2cd0 JavaThread "Start Level: Equinox Container: e6dfe7d2-90b7-4f19-96c9-0d3373c8628a" daemon [_thread_in_vm, id=10736, stack(0x00000006df200000,0x00000006df300000) (1024K)]
  0x000001bb0b2f0650 JavaThread "Bundle File Closer"         daemon [_thread_blocked, id=18644, stack(0x00000006df300000,0x00000006df400000) (1024K)]
  0x000001bb0b062660 JavaThread "SCR Component Actor"        daemon [_thread_blocked, id=5960, stack(0x00000006df600000,0x00000006df700000) (1024K)]
  0x000001bb0b04a150 JavaThread "SCR Component Registry"     daemon [_thread_blocked, id=380, stack(0x00000006df700000,0x00000006df800000) (1024K)]
  0x000001bb0b04ae70 JavaThread "Worker-JM"                         [_thread_blocked, id=18828, stack(0x00000006ded00000,0x00000006dee00000) (1024K)]
  0x000001bb0b04d5d0 JavaThread "JNA Cleaner"                daemon [_thread_blocked, id=4316, stack(0x00000006df800000,0x00000006df900000) (1024K)]
  0x000001bb0b04b500 JavaThread "Worker-0: Checking project encoding"        [_thread_blocked, id=15616, stack(0x00000006df900000,0x00000006dfa00000) (1024K)]
  0x000001bb0b04c220 JavaThread "Worker-1"                          [_thread_blocked, id=15416, stack(0x00000006dfa00000,0x00000006dfb00000) (1024K)]
  0x000001bb0be074b0 JavaThread "C2 CompilerThread2"         daemon [_thread_blocked, id=3108, stack(0x00000006dfb00000,0x00000006dfc00000) (1024K)]
Total: 24

Other Threads:
  0x000001baae2dfa90 VMThread "VM Thread"                           [id=5468, stack(0x00000006ddb00000,0x00000006ddc00000) (1024K)]
  0x000001baae2ac670 WatcherThread "VM Periodic Task Thread"        [id=9024, stack(0x00000006dda00000,0x00000006ddb00000) (1024K)]
  0x000001baae260880 WorkerThread "GC Thread#0"                     [id=18212, stack(0x00000006dd900000,0x00000006dda00000) (1024K)]
  0x000001bb0a709960 WorkerThread "GC Thread#1"                     [id=18036, stack(0x00000006de700000,0x00000006de800000) (1024K)]
  0x000001bb0a709d00 WorkerThread "GC Thread#2"                     [id=11076, stack(0x00000006de800000,0x00000006de900000) (1024K)]
  0x000001bb0a08c4f0 WorkerThread "GC Thread#3"                     [id=18172, stack(0x00000006de900000,0x00000006dea00000) (1024K)]
  0x000001bb0a5c32d0 WorkerThread "GC Thread#4"                     [id=11708, stack(0x00000006dea00000,0x00000006deb00000) (1024K)]
  0x000001bb0a5c3670 WorkerThread "GC Thread#5"                     [id=15000, stack(0x00000006deb00000,0x00000006dec00000) (1024K)]
  0x000001bb0a5bf2b0 WorkerThread "GC Thread#6"                     [id=18928, stack(0x00000006dec00000,0x00000006ded00000) (1024K)]
  0x000001bb0a6725f0 WorkerThread "GC Thread#7"                     [id=14720, stack(0x00000006df000000,0x00000006df100000) (1024K)]
  0x000001bb0ad61a60 WorkerThread "GC Thread#8"                     [id=18292, stack(0x00000006df400000,0x00000006df500000) (1024K)]
  0x000001bb0ad577c0 WorkerThread "GC Thread#9"                     [id=13552, stack(0x00000006df500000,0x00000006df600000) (1024K)]
Total: 12

Threads with active compile tasks:
C2 CompilerThread0  4225 3416       4       java.lang.invoke.MethodType::makeImpl (109 bytes)
Total: 1

VM state: not at safepoint (normal execution)

VM Mutex/Monitor currently owned by a thread: None

Heap address: 0x00000000c0000000, size: 1024 MB, Compressed Oops mode: 32-bit

CDS archive(s) mapped at: [0x000001bac3000000-0x000001bac3ba0000-0x000001bac3ba0000), size 12189696, SharedBaseAddress: 0x000001bac3000000, ArchiveRelocationMode: 1.
Compressed class space mapped at: 0x000001bac4000000-0x000001bb04000000, reserved size: 1073741824
Narrow klass base: 0x000001bac3000000, Narrow klass shift: 0, Narrow klass range: 0x100000000

GC Precious Log:
 CardTable entry size: 512
 CPUs: 12 total, 12 available
 Memory: 16205M
 Large Page Support: Disabled
 NUMA Support: Disabled
 Compressed Oops: Enabled (32-bit)
 Alignments: Space 512K, Generation 512K, Heap 2M
 Heap Min Capacity: 100M
 Heap Initial Capacity: 100M
 Heap Max Capacity: 1G
 Pre-touch: Disabled
 Parallel Workers: 10

Heap:
 PSYoungGen      total 31744K, used 16199K [0x00000000eab00000, 0x00000000ed380000, 0x0000000100000000)
  eden space 24576K, 37% used [0x00000000eab00000,0x00000000eb3e74e0,0x00000000ec300000)
  from space 7168K, 98% used [0x00000000ecc80000,0x00000000ed36aaa8,0x00000000ed380000)
  to   space 7680K, 0% used [0x00000000ec480000,0x00000000ec480000,0x00000000ecc00000)
 ParOldGen       total 68608K, used 11095K [0x00000000c0000000, 0x00000000c4300000, 0x00000000eab00000)
  object space 68608K, 16% used [0x00000000c0000000,0x00000000c0ad5e38,0x00000000c4300000)
 Metaspace       used 18620K, committed 19392K, reserved 1114112K
  class space    used 1856K, committed 2176K, reserved 1048576K

Card table byte_map: [0x000001baadbe0000,0x000001baaddf0000] _byte_map_base: 0x000001baad5e0000

Marking Bits: (ParMarkBitMap*) 0x00007ffa98433260
 Begin Bits: [0x000001bac0430000, 0x000001bac1430000)
 End Bits:   [0x000001bac1430000, 0x000001bac2430000)

Polling page: 0x000001baabf80000

Metaspace:

Usage:
  Non-class:     16.37 MB used.
      Class:      1.81 MB used.
       Both:     18.19 MB used.

Virtual space:
  Non-class space:       64.00 MB reserved,      16.81 MB ( 26%) committed,  1 nodes.
      Class space:        1.00 GB reserved,       2.12 MB ( <1%) committed,  1 nodes.
             Both:        1.06 GB reserved,      18.94 MB (  2%) committed. 

Chunk freelists:
   Non-Class:  15.22 MB
       Class:  13.92 MB
        Both:  29.14 MB

MaxMetaspaceSize: unlimited
CompressedClassSpaceSize: 1.00 GB
Initial GC threshold: 21.00 MB
Current GC threshold: 21.00 MB
CDS: on
 - commit_granule_bytes: 65536.
 - commit_granule_words: 8192.
 - virtual_space_node_default_size: 8388608.
 - enlarge_chunks_in_place: 1.
 - use_allocation_guard: 0.


Internal statistics:

num_allocs_failed_limit: 0.
num_arena_births: 560.
num_arena_deaths: 0.
num_vsnodes_births: 2.
num_vsnodes_deaths: 0.
num_space_committed: 303.
num_space_uncommitted: 0.
num_chunks_returned_to_freelist: 0.
num_chunks_taken_from_freelist: 1274.
num_chunk_merges: 0.
num_chunk_splits: 806.
num_chunks_enlarged: 511.
num_inconsistent_stats: 0.

CodeHeap 'non-profiled nmethods': size=120000Kb used=1717Kb max_used=1717Kb free=118282Kb
 bounds [0x000001bab8f00000, 0x000001bab9170000, 0x000001bac0430000]
CodeHeap 'profiled nmethods': size=120000Kb used=7650Kb max_used=7650Kb free=112349Kb
 bounds [0x000001bab1430000, 0x000001bab1bb0000, 0x000001bab8960000]
CodeHeap 'non-nmethods': size=5760Kb used=1271Kb max_used=1301Kb free=4488Kb
 bounds [0x000001bab8960000, 0x000001bab8bd0000, 0x000001bab8f00000]
 total_blobs=4283 nmethods=3738 adapters=451
 compilation: enabled
              stopped_count=0, restarted_count=0
 full_count=0

Compilation events (20 events):
Event: 4.185 Thread 0x000001bb0be074b0 nmethod 3710 0x000001bab90abe10 code [0x000001bab90abfa0, 0x000001bab90ac048]
Event: 4.189 Thread 0x000001baae2f0540 3711       3       java.util.zip.Inflater$InflaterZStreamRef::clean (10 bytes)
Event: 4.189 Thread 0x000001baae2f0540 nmethod 3711 0x000001bab1b8ca10 code [0x000001bab1b8cc00, 0x000001bab1b8d000]
Event: 4.189 Thread 0x000001baae2f0540 3712  s    3       java.util.zip.Inflater$InflaterZStreamRef::run (21 bytes)
Event: 4.190 Thread 0x000001baae2f0540 nmethod 3712 0x000001bab1b8d190 code [0x000001bab1b8d340, 0x000001bab1b8d580]
Event: 4.190 Thread 0x000001baae2f0540 3713  s    3       org.eclipse.osgi.framework.eventmgr.EventManager::getEventThread (52 bytes)
Event: 4.190 Thread 0x000001bb0a32e920 3716       4       java.util.concurrent.locks.ReentrantLock::lock (8 bytes)
Event: 4.190 Thread 0x000001baae2f0540 nmethod 3713 0x000001bab1b8d690 code [0x000001bab1b8d920, 0x000001bab1b8e520]
Event: 4.190 Thread 0x000001baae2f0540 3714       3       java.util.WeakHashMap::<init> (9 bytes)
Event: 4.191 Thread 0x000001baae2f0540 nmethod 3714 0x000001bab1b8e910 code [0x000001bab1b8eae0, 0x000001bab1b8ec28]
Event: 4.191 Thread 0x000001baae2f0540 3715       3       java.util.WeakHashMap::<init> (124 bytes)
Event: 4.193 Thread 0x000001bb0be074b0 3718       4       java.util.HashMap::tableSizeFor (32 bytes)
Event: 4.193 Thread 0x000001baae2f0540 nmethod 3715 0x000001bab1b8ed10 code [0x000001bab1b8f0a0, 0x000001bab1b90890]
Event: 4.193 Thread 0x000001baae2f0540 3717       3       java.io.FileDescriptor::<init> (17 bytes)
Event: 4.193 Thread 0x000001bb0a32e920 nmethod 3716 0x000001bab90ac110 code [0x000001bab90ac2c0, 0x000001bab90ac438]
Event: 4.194 Thread 0x000001baae2f0540 nmethod 3717 0x000001bab1b91190 code [0x000001bab1b91340, 0x000001bab1b914b8]
Event: 4.194 Thread 0x000001bb0be074b0 nmethod 3718 0x000001bab90ac590 code [0x000001bab90ac720, 0x000001bab90ac7c0]
Event: 4.194 Thread 0x000001baae2f0540 3719   !   3       java.util.zip.Inflater::end (37 bytes)
Event: 4.195 Thread 0x000001baae2f0540 nmethod 3719 0x000001bab1b91590 code [0x000001bab1b91780, 0x000001bab1b91d30]
Event: 4.196 Thread 0x000001baae2f0540 3720       3       org.eclipse.osgi.internal.loader.BundleLoader::addExportedProvidersFor (167 bytes)

GC Heap History (12 events):
Event: 1.230 GC heap before
{Heap before GC invocations=1 (full 0):
 PSYoungGen      total 29696K, used 25600K [0x00000000eab00000, 0x00000000ecc00000, 0x0000000100000000)
  eden space 25600K, 100% used [0x00000000eab00000,0x00000000ec400000,0x00000000ec400000)
  from space 4096K, 0% used [0x00000000ec800000,0x00000000ec800000,0x00000000ecc00000)
  to   space 4096K, 0% used [0x00000000ec400000,0x00000000ec400000,0x00000000ec800000)
 ParOldGen       total 68608K, used 0K [0x00000000c0000000, 0x00000000c4300000, 0x00000000eab00000)
  object space 68608K, 0% used [0x00000000c0000000,0x00000000c0000000,0x00000000c4300000)
 Metaspace       used 4332K, committed 4544K, reserved 1114112K
  class space    used 436K, committed 512K, reserved 1048576K
}
Event: 1.245 GC heap after
{Heap after GC invocations=1 (full 0):
 PSYoungGen      total 29696K, used 3214K [0x00000000eab00000, 0x00000000ecc00000, 0x0000000100000000)
  eden space 25600K, 0% used [0x00000000eab00000,0x00000000eab00000,0x00000000ec400000)
  from space 4096K, 78% used [0x00000000ec400000,0x00000000ec723aa0,0x00000000ec800000)
  to   space 4096K, 0% used [0x00000000ec800000,0x00000000ec800000,0x00000000ecc00000)
 ParOldGen       total 68608K, used 8K [0x00000000c0000000, 0x00000000c4300000, 0x00000000eab00000)
  object space 68608K, 0% used [0x00000000c0000000,0x00000000c0002000,0x00000000c4300000)
 Metaspace       used 4332K, committed 4544K, reserved 1114112K
  class space    used 436K, committed 512K, reserved 1048576K
}
Event: 2.050 GC heap before
{Heap before GC invocations=2 (full 0):
 PSYoungGen      total 29696K, used 28814K [0x00000000eab00000, 0x00000000ecc00000, 0x0000000100000000)
  eden space 25600K, 100% used [0x00000000eab00000,0x00000000ec400000,0x00000000ec400000)
  from space 4096K, 78% used [0x00000000ec400000,0x00000000ec723aa0,0x00000000ec800000)
  to   space 4096K, 0% used [0x00000000ec800000,0x00000000ec800000,0x00000000ecc00000)
 ParOldGen       total 68608K, used 8K [0x00000000c0000000, 0x00000000c4300000, 0x00000000eab00000)
  object space 68608K, 0% used [0x00000000c0000000,0x00000000c0002000,0x00000000c4300000)
 Metaspace       used 7954K, committed 8192K, reserved 1114112K
  class space    used 784K, committed 896K, reserved 1048576K
}
Event: 2.057 GC heap after
{Heap after GC invocations=2 (full 0):
 PSYoungGen      total 29696K, used 4084K [0x00000000eab00000, 0x00000000ecc00000, 0x0000000100000000)
  eden space 25600K, 0% used [0x00000000eab00000,0x00000000eab00000,0x00000000ec400000)
  from space 4096K, 99% used [0x00000000ec800000,0x00000000ecbfd168,0x00000000ecc00000)
  to   space 4096K, 0% used [0x00000000ec400000,0x00000000ec400000,0x00000000ec800000)
 ParOldGen       total 68608K, used 1653K [0x00000000c0000000, 0x00000000c4300000, 0x00000000eab00000)
  object space 68608K, 2% used [0x00000000c0000000,0x00000000c019d6b8,0x00000000c4300000)
 Metaspace       used 7954K, committed 8192K, reserved 1114112K
  class space    used 784K, committed 896K, reserved 1048576K
}
Event: 2.461 GC heap before
{Heap before GC invocations=3 (full 0):
 PSYoungGen      total 29696K, used 29684K [0x00000000eab00000, 0x00000000ecc00000, 0x0000000100000000)
  eden space 25600K, 100% used [0x00000000eab00000,0x00000000ec400000,0x00000000ec400000)
  from space 4096K, 99% used [0x00000000ec800000,0x00000000ecbfd168,0x00000000ecc00000)
  to   space 4096K, 0% used [0x00000000ec400000,0x00000000ec400000,0x00000000ec800000)
 ParOldGen       total 68608K, used 1653K [0x00000000c0000000, 0x00000000c4300000, 0x00000000eab00000)
  object space 68608K, 2% used [0x00000000c0000000,0x00000000c019d6b8,0x00000000c4300000)
 Metaspace       used 9128K, committed 9472K, reserved 1114112K
  class space    used 912K, committed 1088K, reserved 1048576K
}
Event: 2.470 GC heap after
{Heap after GC invocations=3 (full 0):
 PSYoungGen      total 29696K, used 4092K [0x00000000eab00000, 0x00000000ecc00000, 0x0000000100000000)
  eden space 25600K, 0% used [0x00000000eab00000,0x00000000eab00000,0x00000000ec400000)
  from space 4096K, 99% used [0x00000000ec400000,0x00000000ec7ff2d8,0x00000000ec800000)
  to   space 4096K, 0% used [0x00000000ec800000,0x00000000ec800000,0x00000000ecc00000)
 ParOldGen       total 68608K, used 5644K [0x00000000c0000000, 0x00000000c4300000, 0x00000000eab00000)
  object space 68608K, 8% used [0x00000000c0000000,0x00000000c0583368,0x00000000c4300000)
 Metaspace       used 9128K, committed 9472K, reserved 1114112K
  class space    used 912K, committed 1088K, reserved 1048576K
}
Event: 2.960 GC heap before
{Heap before GC invocations=4 (full 0):
 PSYoungGen      total 29696K, used 29692K [0x00000000eab00000, 0x00000000ecc00000, 0x0000000100000000)
  eden space 25600K, 100% used [0x00000000eab00000,0x00000000ec400000,0x00000000ec400000)
  from space 4096K, 99% used [0x00000000ec400000,0x00000000ec7ff2d8,0x00000000ec800000)
  to   space 4096K, 0% used [0x00000000ec800000,0x00000000ec800000,0x00000000ecc00000)
 ParOldGen       total 68608K, used 5644K [0x00000000c0000000, 0x00000000c4300000, 0x00000000eab00000)
  object space 68608K, 8% used [0x00000000c0000000,0x00000000c0583368,0x00000000c4300000)
 Metaspace       used 12379K, committed 12800K, reserved 1114112K
  class space    used 1233K, committed 1408K, reserved 1048576K
}
Event: 2.966 GC heap after
{Heap after GC invocations=4 (full 0):
 PSYoungGen      total 29696K, used 4073K [0x00000000eab00000, 0x00000000ecc00000, 0x0000000100000000)
  eden space 25600K, 0% used [0x00000000eab00000,0x00000000eab00000,0x00000000ec400000)
  from space 4096K, 99% used [0x00000000ec800000,0x00000000ecbfa648,0x00000000ecc00000)
  to   space 4096K, 0% used [0x00000000ec400000,0x00000000ec400000,0x00000000ec800000)
 ParOldGen       total 68608K, used 6937K [0x00000000c0000000, 0x00000000c4300000, 0x00000000eab00000)
  object space 68608K, 10% used [0x00000000c0000000,0x00000000c06c65a0,0x00000000c4300000)
 Metaspace       used 12379K, committed 12800K, reserved 1114112K
  class space    used 1233K, committed 1408K, reserved 1048576K
}
Event: 3.387 GC heap before
{Heap before GC invocations=5 (full 0):
 PSYoungGen      total 29696K, used 29673K [0x00000000eab00000, 0x00000000ecc00000, 0x0000000100000000)
  eden space 25600K, 100% used [0x00000000eab00000,0x00000000ec400000,0x00000000ec400000)
  from space 4096K, 99% used [0x00000000ec800000,0x00000000ecbfa648,0x00000000ecc00000)
  to   space 4096K, 0% used [0x00000000ec400000,0x00000000ec400000,0x00000000ec800000)
 ParOldGen       total 68608K, used 6937K [0x00000000c0000000, 0x00000000c4300000, 0x00000000eab00000)
  object space 68608K, 10% used [0x00000000c0000000,0x00000000c06c65a0,0x00000000c4300000)
 Metaspace       used 15260K, committed 15872K, reserved 1114112K
  class space    used 1504K, committed 1792K, reserved 1048576K
}
Event: 3.394 GC heap after
{Heap after GC invocations=5 (full 0):
 PSYoungGen      total 29184K, used 4094K [0x00000000eab00000, 0x00000000ed580000, 0x0000000100000000)
  eden space 25088K, 0% used [0x00000000eab00000,0x00000000eab00000,0x00000000ec380000)
  from space 4096K, 99% used [0x00000000ec400000,0x00000000ec7ffae0,0x00000000ec800000)
  to   space 9216K, 0% used [0x00000000ecc80000,0x00000000ecc80000,0x00000000ed580000)
 ParOldGen       total 68608K, used 11087K [0x00000000c0000000, 0x00000000c4300000, 0x00000000eab00000)
  object space 68608K, 16% used [0x00000000c0000000,0x00000000c0ad3e38,0x00000000c4300000)
 Metaspace       used 15260K, committed 15872K, reserved 1114112K
  class space    used 1504K, committed 1792K, reserved 1048576K
}
Event: 4.056 GC heap before
{Heap before GC invocations=6 (full 0):
 PSYoungGen      total 29184K, used 29182K [0x00000000eab00000, 0x00000000ed580000, 0x0000000100000000)
  eden space 25088K, 100% used [0x00000000eab00000,0x00000000ec380000,0x00000000ec380000)
  from space 4096K, 99% used [0x00000000ec400000,0x00000000ec7ffae0,0x00000000ec800000)
  to   space 9216K, 0% used [0x00000000ecc80000,0x00000000ecc80000,0x00000000ed580000)
 ParOldGen       total 68608K, used 11087K [0x00000000c0000000, 0x00000000c4300000, 0x00000000eab00000)
  object space 68608K, 16% used [0x00000000c0000000,0x00000000c0ad3e38,0x00000000c4300000)
 Metaspace       used 17832K, committed 18560K, reserved 1114112K
  class space    used 1776K, committed 2048K, reserved 1048576K
}
Event: 4.065 GC heap after
{Heap after GC invocations=6 (full 0):
 PSYoungGen      total 31744K, used 7082K [0x00000000eab00000, 0x00000000ed380000, 0x0000000100000000)
  eden space 24576K, 0% used [0x00000000eab00000,0x00000000eab00000,0x00000000ec300000)
  from space 7168K, 98% used [0x00000000ecc80000,0x00000000ed36aaa8,0x00000000ed380000)
  to   space 7680K, 0% used [0x00000000ec480000,0x00000000ec480000,0x00000000ecc00000)
 ParOldGen       total 68608K, used 11095K [0x00000000c0000000, 0x00000000c4300000, 0x00000000eab00000)
  object space 68608K, 16% used [0x00000000c0000000,0x00000000c0ad5e38,0x00000000c4300000)
 Metaspace       used 17832K, committed 18560K, reserved 1114112K
  class space    used 1776K, committed 2048K, reserved 1048576K
}

Dll operation events (10 events):
Event: 0.014 Loaded shared library c:\Users\zinzi\.vscode\extensions\redhat.java-1.40.0-win32-x64\jre\21.0.6-win32-x86_64\bin\java.dll
Event: 0.131 Loaded shared library c:\Users\zinzi\.vscode\extensions\redhat.java-1.40.0-win32-x64\jre\21.0.6-win32-x86_64\bin\zip.dll
Event: 0.168 Loaded shared library C:\Users\zinzi\.vscode\extensions\redhat.java-1.40.0-win32-x64\jre\21.0.6-win32-x86_64\bin\instrument.dll
Event: 0.176 Loaded shared library C:\Users\zinzi\.vscode\extensions\redhat.java-1.40.0-win32-x64\jre\21.0.6-win32-x86_64\bin\net.dll
Event: 0.180 Loaded shared library C:\Users\zinzi\.vscode\extensions\redhat.java-1.40.0-win32-x64\jre\21.0.6-win32-x86_64\bin\nio.dll
Event: 0.185 Loaded shared library C:\Users\zinzi\.vscode\extensions\redhat.java-1.40.0-win32-x64\jre\21.0.6-win32-x86_64\bin\zip.dll
Event: 0.215 Loaded shared library C:\Users\zinzi\.vscode\extensions\redhat.java-1.40.0-win32-x64\jre\21.0.6-win32-x86_64\bin\jimage.dll
Event: 0.358 Loaded shared library c:\Users\zinzi\.vscode\extensions\redhat.java-1.40.0-win32-x64\jre\21.0.6-win32-x86_64\bin\verify.dll
Event: 2.023 Loaded shared library C:\Users\zinzi\AppData\Roaming\Code\User\globalStorage\redhat.java\1.40.0\config_win\org.eclipse.equinox.launcher\org.eclipse.equinox.launcher.win32.win32.x86_64_1.2.1200.v20250212-0927\eclipse_11909.dll
Event: 3.621 Loaded shared library C:\Users\zinzi\AppData\Local\Temp\jna-115907214\jna5066522030690860980.dll

Deoptimization events (20 events):
Event: 3.919 Thread 0x000001bb0b04b500 Uncommon trap: trap_request=0xffffff45 fr.pc=0x000001bab8fc4ee8 relative=0x00000000000000c8
Event: 3.919 Thread 0x000001bb0b04b500 Uncommon trap: reason=unstable_if action=reinterpret pc=0x000001bab8fc4ee8 method=java.util.concurrent.locks.ReentrantLock$NonfairSync.initialTryLock()Z @ 25 c2
Event: 3.919 Thread 0x000001bb0b04b500 DEOPT PACKING pc=0x000001bab8fc4ee8 sp=0x00000006df9fe170
Event: 3.919 Thread 0x000001bb0b04b500 DEOPT UNPACKING pc=0x000001bab89b3aa2 sp=0x00000006df9fe0f0 mode 2
Event: 4.089 Thread 0x000001bb0aca2cd0 Uncommon trap: trap_request=0xffffffde fr.pc=0x000001bab906b9f4 relative=0x0000000000000054
Event: 4.089 Thread 0x000001bb0aca2cd0 Uncommon trap: reason=class_check action=maybe_recompile pc=0x000001bab906b9f4 method=java.lang.invoke.DirectMethodHandle.internalMemberName(Ljava/lang/Object;)Ljava/lang/Object; @ 1 c2
Event: 4.089 Thread 0x000001bb0aca2cd0 DEOPT PACKING pc=0x000001bab906b9f4 sp=0x00000006df2f3650
Event: 4.089 Thread 0x000001bb0aca2cd0 DEOPT UNPACKING pc=0x000001bab89b3aa2 sp=0x00000006df2f35e0 mode 2
Event: 4.089 Thread 0x000001bb0aca2cd0 Uncommon trap: trap_request=0xffffffde fr.pc=0x000001bab906b9f4 relative=0x0000000000000054
Event: 4.089 Thread 0x000001bb0aca2cd0 Uncommon trap: reason=class_check action=maybe_recompile pc=0x000001bab906b9f4 method=java.lang.invoke.DirectMethodHandle.internalMemberName(Ljava/lang/Object;)Ljava/lang/Object; @ 1 c2
Event: 4.089 Thread 0x000001bb0aca2cd0 DEOPT PACKING pc=0x000001bab906b9f4 sp=0x00000006df2f3680
Event: 4.089 Thread 0x000001bb0aca2cd0 DEOPT UNPACKING pc=0x000001bab89b3aa2 sp=0x00000006df2f3610 mode 2
Event: 4.089 Thread 0x000001bb0aca2cd0 Uncommon trap: trap_request=0xffffffde fr.pc=0x000001bab906b9f4 relative=0x0000000000000054
Event: 4.089 Thread 0x000001bb0aca2cd0 Uncommon trap: reason=class_check action=maybe_recompile pc=0x000001bab906b9f4 method=java.lang.invoke.DirectMethodHandle.internalMemberName(Ljava/lang/Object;)Ljava/lang/Object; @ 1 c2
Event: 4.089 Thread 0x000001bb0aca2cd0 DEOPT PACKING pc=0x000001bab906b9f4 sp=0x00000006df2f3680
Event: 4.090 Thread 0x000001bb0aca2cd0 DEOPT UNPACKING pc=0x000001bab89b3aa2 sp=0x00000006df2f3610 mode 2
Event: 4.090 Thread 0x000001bb0aca2cd0 Uncommon trap: trap_request=0xffffff45 fr.pc=0x000001bab9041444 relative=0x00000000000000a4
Event: 4.090 Thread 0x000001bb0aca2cd0 Uncommon trap: reason=unstable_if action=reinterpret pc=0x000001bab9041444 method=java.lang.ref.ReferenceQueue.poll()Ljava/lang/ref/Reference; @ 4 c2
Event: 4.090 Thread 0x000001bb0aca2cd0 DEOPT PACKING pc=0x000001bab9041444 sp=0x00000006df2f3790
Event: 4.090 Thread 0x000001bb0aca2cd0 DEOPT UNPACKING pc=0x000001bab89b3aa2 sp=0x00000006df2f3678 mode 2

Classes loaded (20 events):
Event: 3.931 Loading class java/util/concurrent/atomic/Striped64$1
Event: 3.931 Loading class java/util/concurrent/atomic/Striped64$1 done
Event: 3.992 Loading class java/util/BitSet
Event: 3.992 Loading class java/util/BitSet done
Event: 3.997 Loading class sun/net/www/protocol/jrt/JavaRuntimeURLConnection
Event: 3.998 Loading class sun/net/www/protocol/jrt/JavaRuntimeURLConnection done
Event: 3.999 Loading class sun/net/www/protocol/jrt/JavaRuntimeURLConnection$1
Event: 3.999 Loading class sun/net/www/protocol/jrt/JavaRuntimeURLConnection$1 done
Event: 4.019 Loading class java/util/function/UnaryOperator
Event: 4.019 Loading class java/util/function/UnaryOperator done
Event: 4.020 Loading class java/util/ServiceConfigurationError
Event: 4.020 Loading class java/util/ServiceConfigurationError done
Event: 4.035 Loading class java/lang/InheritableThreadLocal
Event: 4.035 Loading class java/lang/InheritableThreadLocal done
Event: 4.084 Loading class java/security/AccessControlException
Event: 4.084 Loading class java/security/AccessControlException done
Event: 4.134 Loading class java/security/Policy$UnsupportedEmptyCollection
Event: 4.134 Loading class java/security/Policy$UnsupportedEmptyCollection done
Event: 4.134 Loading class java/security/Policy$PolicyInfo
Event: 4.134 Loading class java/security/Policy$PolicyInfo done

Classes unloaded (0 events):
No events

Classes redefined (0 events):
No events

Internal exceptions (20 events):
Event: 3.334 Thread 0x000001bb0aca2cd0 Exception <a 'java/lang/NoSuchMethodError'{0x00000000ebea2650}: 'java.lang.Object java.lang.invoke.DirectMethodHandle$Holder.newInvokeSpecial(java.lang.Object, java.lang.Object, java.lang.Object, java.lang.Object, java.lang.Object)'> (0x00000000ebea2650) 
thrown [s\src\hotspot\share\interpreter\linkResolver.cpp, line 773]
Event: 3.451 Thread 0x000001bb0aca2cd0 Exception <a 'java/lang/NoSuchMethodError'{0x00000000eb08c4a8}: 'java.lang.Object java.lang.invoke.DirectMethodHandle$Holder.invokeStaticInit(java.lang.Object, int)'> (0x00000000eb08c4a8) 
thrown [s\src\hotspot\share\interpreter\linkResolver.cpp, line 773]
Event: 3.490 Thread 0x000001bb0aca2cd0 Exception <a 'java/lang/NoSuchMethodError'{0x00000000eb3019d8}: 'java.lang.Object java.lang.invoke.DirectMethodHandle$Holder.invokeStaticInit(java.lang.Object, int, int, int, int)'> (0x00000000eb3019d8) 
thrown [s\src\hotspot\share\interpreter\linkResolver.cpp, line 773]
Event: 3.521 Thread 0x000001bb0aca2cd0 Exception <a 'java/lang/NoSuchMethodError'{0x00000000eb46a5e0}: 'java.lang.Object java.lang.invoke.DirectMethodHandle$Holder.invokeStaticInit(java.lang.Object, java.lang.Object, int, int, int, int)'> (0x00000000eb46a5e0) 
thrown [s\src\hotspot\share\interpreter\linkResolver.cpp, line 773]
Event: 3.639 Thread 0x000001bb0aca2cd0 Exception <a 'java/lang/NoSuchMethodError'{0x00000000eb587148}: 'void java.lang.invoke.DirectMethodHandle$Holder.invokeSpecial(java.lang.Object, java.lang.Object, java.lang.Object, int)'> (0x00000000eb587148) 
thrown [s\src\hotspot\share\interpreter\linkResolver.cpp, line 773]
Event: 3.640 Thread 0x000001bb0aca2cd0 Exception <a 'java/lang/NoSuchMethodError'{0x00000000eb58aad8}: 'void java.lang.invoke.DelegatingMethodHandle$Holder.reinvoke_L(java.lang.Object, java.lang.Object, int)'> (0x00000000eb58aad8) 
thrown [s\src\hotspot\share\interpreter\linkResolver.cpp, line 773]
Event: 3.640 Thread 0x000001bb0aca2cd0 Exception <a 'java/lang/NoSuchMethodError'{0x00000000eb591810}: 'int java.lang.invoke.Invokers$Holder.invokeExact_MT(java.lang.Object, java.lang.Object, java.lang.Object)'> (0x00000000eb591810) 
thrown [s\src\hotspot\share\interpreter\linkResolver.cpp, line 773]
Event: 3.659 Thread 0x000001bb0aca2cd0 Exception <a 'java/lang/NoSuchMethodError'{0x00000000eb6ae398}: 'void java.lang.invoke.Invokers$Holder.invokeExact_MT(java.lang.Object, java.lang.Object, int, java.lang.Object)'> (0x00000000eb6ae398) 
thrown [s\src\hotspot\share\interpreter\linkResolver.cpp, line 773]
Event: 3.717 Thread 0x000001bb0aca2cd0 Exception <a 'java/lang/NoSuchMethodError'{0x00000000eb8ac8e8}: 'java.lang.Object java.lang.invoke.DirectMethodHandle$Holder.invokeSpecial(java.lang.Object, java.lang.Object, java.lang.Object, long, java.lang.Object)'> (0x00000000eb8ac8e8) 
thrown [s\src\hotspot\share\interpreter\linkResolver.cpp, line 773]
Event: 3.718 Thread 0x000001bb0aca2cd0 Exception <a 'java/lang/NoSuchMethodError'{0x00000000eb8b4078}: 'java.lang.Object java.lang.invoke.DirectMethodHandle$Holder.newInvokeSpecial(java.lang.Object, java.lang.Object, java.lang.Object, long)'> (0x00000000eb8b4078) 
thrown [s\src\hotspot\share\interpreter\linkResolver.cpp, line 773]
Event: 3.719 Thread 0x000001bb0aca2cd0 Exception <a 'java/lang/NoSuchMethodError'{0x00000000eb8e1c80}: 'java.lang.Object java.lang.invoke.Invokers$Holder.linkToTargetMethod(java.lang.Object, java.lang.Object, long, java.lang.Object)'> (0x00000000eb8e1c80) 
thrown [s\src\hotspot\share\interpreter\linkResolver.cpp, line 773]
Event: 3.731 Thread 0x000001bb0aca2cd0 Exception <a 'java/lang/NoSuchMethodError'{0x00000000eb95e4f8}: 'int java.lang.invoke.DirectMethodHandle$Holder.invokeStaticInit(java.lang.Object, java.lang.Object, java.lang.Object)'> (0x00000000eb95e4f8) 
thrown [s\src\hotspot\share\interpreter\linkResolver.cpp, line 773]
Event: 3.745 Thread 0x000001bb0aca2cd0 Exception <a 'java/lang/IncompatibleClassChangeError'{0x00000000eb9fcd20}: Found class java.lang.Object, but interface was expected> (0x00000000eb9fcd20) 
thrown [s\src\hotspot\share\interpreter\linkResolver.cpp, line 840]
Event: 3.915 Thread 0x000001bb0aca2cd0 Exception <a 'java/lang/NoSuchMethodError'{0x00000000ebbe6300}: 'java.lang.Object java.lang.invoke.DirectMethodHandle$Holder.invokeSpecial(java.lang.Object, java.lang.Object, java.lang.Object, int, java.lang.Object, java.lang.Object)'> (0x00000000ebbe6300) 
thrown [s\src\hotspot\share\interpreter\linkResolver.cpp, line 773]
Event: 3.916 Thread 0x000001bb0aca2cd0 Exception <a 'java/lang/NoSuchMethodError'{0x00000000ebbedb98}: 'java.lang.Object java.lang.invoke.DirectMethodHandle$Holder.newInvokeSpecial(java.lang.Object, java.lang.Object, java.lang.Object, int, java.lang.Object)'> (0x00000000ebbedb98) 
thrown [s\src\hotspot\share\interpreter\linkResolver.cpp, line 773]
Event: 3.916 Thread 0x000001bb0aca2cd0 Exception <a 'java/lang/NoSuchMethodError'{0x00000000ebbf1688}: 'java.lang.Object java.lang.invoke.Invokers$Holder.linkToTargetMethod(java.lang.Object, java.lang.Object, int, java.lang.Object, java.lang.Object)'> (0x00000000ebbf1688) 
thrown [s\src\hotspot\share\interpreter\linkResolver.cpp, line 773]
Event: 3.917 Thread 0x000001bb0b04b500 Exception <a 'java/lang/NoSuchMethodError'{0x00000000eb946a08}: 'java.lang.Object java.lang.invoke.DirectMethodHandle$Holder.invokeSpecial(java.lang.Object, java.lang.Object, int, java.lang.Object, java.lang.Object)'> (0x00000000eb946a08) 
thrown [s\src\hotspot\share\interpreter\linkResolver.cpp, line 773]
Event: 3.934 Thread 0x000001bb0aca2cd0 Exception <a 'java/lang/NoSuchMethodError'{0x00000000ebcf3078}: 'void java.lang.invoke.DirectMethodHandle$Holder.invokeSpecial(java.lang.Object, java.lang.Object, java.lang.Object, java.lang.Object, java.lang.Object)'> (0x00000000ebcf3078) 
thrown [s\src\hotspot\share\interpreter\linkResolver.cpp, line 773]
Event: 4.088 Thread 0x000001bb0aca2cd0 Exception <a 'java/lang/NoSuchMethodError'{0x00000000eac3b0a0}: 'java.lang.Object java.lang.invoke.DirectMethodHandle$Holder.invokeInterface(java.lang.Object, java.lang.Object, java.lang.Object)'> (0x00000000eac3b0a0) 
thrown [s\src\hotspot\share\interpreter\linkResolver.cpp, line 773]
Event: 4.161 Thread 0x000001bb0aca2cd0 Exception <a 'java/lang/NoSuchMethodError'{0x00000000eb031290}: 'java.lang.Object java.lang.invoke.Invokers$Holder.linkToTargetMethod(java.lang.Object, long, java.lang.Object, java.lang.Object)'> (0x00000000eb031290) 
thrown [s\src\hotspot\share\interpreter\linkResolver.cpp, line 773]

ZGC Phase Switch (0 events):
No events

VM Operations (20 events):
Event: 2.960 Executing VM operation: ParallelGCFailedAllocation (Allocation Failure)
Event: 2.966 Executing VM operation: ParallelGCFailedAllocation (Allocation Failure) done
Event: 3.284 Executing VM operation: HandshakeAllThreads (Deoptimize)
Event: 3.284 Executing VM operation: HandshakeAllThreads (Deoptimize) done
Event: 3.387 Executing VM operation: ParallelGCFailedAllocation (Allocation Failure)
Event: 3.394 Executing VM operation: ParallelGCFailedAllocation (Allocation Failure) done
Event: 3.459 Executing VM operation: HandshakeAllThreads (Deoptimize)
Event: 3.459 Executing VM operation: HandshakeAllThreads (Deoptimize) done
Event: 3.509 Executing VM operation: HandshakeAllThreads (Deoptimize)
Event: 3.509 Executing VM operation: HandshakeAllThreads (Deoptimize) done
Event: 3.629 Executing VM operation: HandshakeAllThreads (Deoptimize)
Event: 3.629 Executing VM operation: HandshakeAllThreads (Deoptimize) done
Event: 3.999 Executing VM operation: HandshakeAllThreads (Deoptimize)
Event: 4.000 Executing VM operation: HandshakeAllThreads (Deoptimize) done
Event: 4.041 Executing VM operation: HandshakeAllThreads (Deoptimize)
Event: 4.041 Executing VM operation: HandshakeAllThreads (Deoptimize) done
Event: 4.046 Executing VM operation: HandshakeAllThreads (Deoptimize)
Event: 4.047 Executing VM operation: HandshakeAllThreads (Deoptimize) done
Event: 4.056 Executing VM operation: ParallelGCFailedAllocation (Allocation Failure)
Event: 4.065 Executing VM operation: ParallelGCFailedAllocation (Allocation Failure) done

Memory protections (0 events):
No events

Nmethod flushes (0 events):
No events

Events (20 events):
Event: 0.717 Thread 0x000001baae2ee8c0 Thread added: 0x000001bb0a004090
Event: 1.215 Thread 0x000001bb0a004090 Thread exited: 0x000001bb0a004090
Event: 1.327 Thread 0x000001bb04c998b0 Thread exited: 0x000001bb04c998b0
Event: 1.425 Thread 0x000001baae2f0540 Thread added: 0x000001bb0a32e920
Event: 1.502 Thread 0x000001baae2f0540 Thread added: 0x000001bb0a7264e0
Event: 1.792 Thread 0x000001baae241040 Thread added: 0x000001bb0aad7100
Event: 2.017 Thread 0x000001baae241040 Thread added: 0x000001bb0a92dc30
Event: 2.060 Thread 0x000001bb0a92dc30 Thread added: 0x000001bb0ac9f870
Event: 2.065 Thread 0x000001baae241040 Thread added: 0x000001bb0aca2cd0
Event: 2.384 Thread 0x000001bb0aca2cd0 Thread added: 0x000001bb0b2f0650
Event: 2.556 Thread 0x000001bb0aca2cd0 Thread added: 0x000001bb0b062660
Event: 2.663 Thread 0x000001bb0aca2cd0 Thread added: 0x000001bb0b04a150
Event: 2.707 Thread 0x000001bb0a7264e0 Thread exited: 0x000001bb0a7264e0
Event: 3.137 Thread 0x000001bb0aca2cd0 Thread added: 0x000001bb0b04ae70
Event: 3.329 Thread 0x000001baae2ee8c0 Thread added: 0x000001bb0b0ac090
Event: 3.626 Thread 0x000001bb0b0ac090 Thread exited: 0x000001bb0b0ac090
Event: 3.647 Thread 0x000001bb0aca2cd0 Thread added: 0x000001bb0b04d5d0
Event: 3.724 Thread 0x000001bb0aca2cd0 Thread added: 0x000001bb0b04b500
Event: 3.918 Thread 0x000001bb0aca2cd0 Thread added: 0x000001bb0b04c220
Event: 4.153 Thread 0x000001baae2f0540 Thread added: 0x000001bb0be074b0


Dynamic libraries:
0x00007ff7f3aa0000 - 0x00007ff7f3aae000 	c:\Users\zinzi\.vscode\extensions\redhat.java-1.40.0-win32-x64\jre\21.0.6-win32-x86_64\bin\java.exe
0x00007ffb19690000 - 0x00007ffb198a7000 	C:\WINDOWS\SYSTEM32\ntdll.dll
0x00007ffb17470000 - 0x00007ffb17534000 	C:\WINDOWS\System32\KERNEL32.DLL
0x00007ffb16910000 - 0x00007ffb16ce1000 	C:\WINDOWS\System32\KERNELBASE.dll
0x00007ffb17050000 - 0x00007ffb17161000 	C:\WINDOWS\System32\ucrtbase.dll
0x00007ffaff980000 - 0x00007ffaff99e000 	c:\Users\zinzi\.vscode\extensions\redhat.java-1.40.0-win32-x64\jre\21.0.6-win32-x86_64\bin\VCRUNTIME140.dll
0x00007ffb04b00000 - 0x00007ffb04b18000 	c:\Users\zinzi\.vscode\extensions\redhat.java-1.40.0-win32-x64\jre\21.0.6-win32-x86_64\bin\jli.dll
0x00007ffb187d0000 - 0x00007ffb18981000 	C:\WINDOWS\System32\USER32.dll
0x00007ffb16d90000 - 0x00007ffb16db6000 	C:\WINDOWS\System32\win32u.dll
0x00007ffb03f70000 - 0x00007ffb04202000 	C:\WINDOWS\WinSxS\amd64_microsoft.windows.common-controls_6595b64144ccf1df_6.0.22621.4830_none_270fe7d773858e80\COMCTL32.dll
0x00007ffb17550000 - 0x00007ffb175f7000 	C:\WINDOWS\System32\msvcrt.dll
0x00007ffb17b30000 - 0x00007ffb17b59000 	C:\WINDOWS\System32\GDI32.dll
0x00007ffb16f30000 - 0x00007ffb1704b000 	C:\WINDOWS\System32\gdi32full.dll
0x00007ffb16cf0000 - 0x00007ffb16d8a000 	C:\WINDOWS\System32\msvcp_win.dll
0x00007ffb18790000 - 0x00007ffb187c1000 	C:\WINDOWS\System32\IMM32.DLL
0x00007ffb068f0000 - 0x00007ffb068fc000 	c:\Users\zinzi\.vscode\extensions\redhat.java-1.40.0-win32-x64\jre\21.0.6-win32-x86_64\bin\vcruntime140_1.dll
0x00007ffadc920000 - 0x00007ffadc9ad000 	c:\Users\zinzi\.vscode\extensions\redhat.java-1.40.0-win32-x64\jre\21.0.6-win32-x86_64\bin\msvcp140.dll
0x00007ffa97780000 - 0x00007ffa98510000 	c:\Users\zinzi\.vscode\extensions\redhat.java-1.40.0-win32-x64\jre\21.0.6-win32-x86_64\bin\server\jvm.dll
0x00007ffb17360000 - 0x00007ffb17411000 	C:\WINDOWS\System32\ADVAPI32.dll
0x00007ffb180f0000 - 0x00007ffb18197000 	C:\WINDOWS\System32\sechost.dll
0x00007ffb17330000 - 0x00007ffb17358000 	C:\WINDOWS\System32\bcrypt.dll
0x00007ffb18ca0000 - 0x00007ffb18db4000 	C:\WINDOWS\System32\RPCRT4.dll
0x00007ffb18060000 - 0x00007ffb180d1000 	C:\WINDOWS\System32\WS2_32.dll
0x00007ffb15640000 - 0x00007ffb1568d000 	C:\WINDOWS\SYSTEM32\POWRPROF.dll
0x00007ffb085c0000 - 0x00007ffb085f4000 	C:\WINDOWS\SYSTEM32\WINMM.dll
0x00007ffb14420000 - 0x00007ffb1442a000 	C:\WINDOWS\SYSTEM32\VERSION.dll
0x00007ffb15620000 - 0x00007ffb15633000 	C:\WINDOWS\SYSTEM32\UMPDC.dll
0x00007ffb158d0000 - 0x00007ffb158e8000 	C:\WINDOWS\SYSTEM32\kernel.appcore.dll
0x00007ffb05870000 - 0x00007ffb0587a000 	c:\Users\zinzi\.vscode\extensions\redhat.java-1.40.0-win32-x64\jre\21.0.6-win32-x86_64\bin\jimage.dll
0x00007ffb07290000 - 0x00007ffb074c2000 	C:\WINDOWS\SYSTEM32\DBGHELP.DLL
0x00007ffb182f0000 - 0x00007ffb18680000 	C:\WINDOWS\System32\combase.dll
0x00007ffb181a0000 - 0x00007ffb18277000 	C:\WINDOWS\System32\OLEAUT32.dll
0x00007ffafbba0000 - 0x00007ffafbbd2000 	C:\WINDOWS\SYSTEM32\dbgcore.DLL
0x00007ffb17230000 - 0x00007ffb172ab000 	C:\WINDOWS\System32\bcryptPrimitives.dll
0x00007ffb08010000 - 0x00007ffb0801f000 	c:\Users\zinzi\.vscode\extensions\redhat.java-1.40.0-win32-x64\jre\21.0.6-win32-x86_64\bin\instrument.dll
0x00007ffaea8d0000 - 0x00007ffaea8ef000 	c:\Users\zinzi\.vscode\extensions\redhat.java-1.40.0-win32-x64\jre\21.0.6-win32-x86_64\bin\java.dll
0x00007ffb18dc0000 - 0x00007ffb19648000 	C:\WINDOWS\System32\SHELL32.dll
0x00007ffb167d0000 - 0x00007ffb1690f000 	C:\WINDOWS\System32\wintypes.dll
0x00007ffb146f0000 - 0x00007ffb14ffd000 	C:\WINDOWS\SYSTEM32\windows.storage.dll
0x00007ffb18680000 - 0x00007ffb1878a000 	C:\WINDOWS\System32\SHCORE.dll
0x00007ffb17b70000 - 0x00007ffb17bce000 	C:\WINDOWS\System32\shlwapi.dll
0x00007ffb16700000 - 0x00007ffb1672b000 	C:\WINDOWS\SYSTEM32\profapi.dll
0x00007ffaea610000 - 0x00007ffaea628000 	c:\Users\zinzi\.vscode\extensions\redhat.java-1.40.0-win32-x64\jre\21.0.6-win32-x86_64\bin\zip.dll
0x00007ffb01320000 - 0x00007ffb01330000 	C:\Users\zinzi\.vscode\extensions\redhat.java-1.40.0-win32-x64\jre\21.0.6-win32-x86_64\bin\net.dll
0x00007ffb12990000 - 0x00007ffb12abc000 	C:\WINDOWS\SYSTEM32\WINHTTP.dll
0x00007ffb15d30000 - 0x00007ffb15d9a000 	C:\WINDOWS\system32\mswsock.dll
0x00007ffae0200000 - 0x00007ffae0216000 	C:\Users\zinzi\.vscode\extensions\redhat.java-1.40.0-win32-x64\jre\21.0.6-win32-x86_64\bin\nio.dll
0x00007ffb01270000 - 0x00007ffb01280000 	c:\Users\zinzi\.vscode\extensions\redhat.java-1.40.0-win32-x64\jre\21.0.6-win32-x86_64\bin\verify.dll
0x00007ffae7470000 - 0x00007ffae74b5000 	C:\Users\zinzi\AppData\Roaming\Code\User\globalStorage\redhat.java\1.40.0\config_win\org.eclipse.equinox.launcher\org.eclipse.equinox.launcher.win32.win32.x86_64_1.2.1200.v20250212-0927\eclipse_11909.dll
0x00007ffb17660000 - 0x00007ffb17801000 	C:\WINDOWS\System32\ole32.dll
0x00007ffb15f40000 - 0x00007ffb15f5b000 	C:\WINDOWS\SYSTEM32\CRYPTSP.dll
0x00007ffb15830000 - 0x00007ffb15867000 	C:\WINDOWS\system32\rsaenh.dll
0x00007ffb15de0000 - 0x00007ffb15e08000 	C:\WINDOWS\SYSTEM32\USERENV.dll
0x00007ffb15f60000 - 0x00007ffb15f6c000 	C:\WINDOWS\SYSTEM32\CRYPTBASE.dll
0x00007ffb152d0000 - 0x00007ffb152fd000 	C:\WINDOWS\SYSTEM32\IPHLPAPI.DLL
0x00007ffb180e0000 - 0x00007ffb180e9000 	C:\WINDOWS\System32\NSI.dll
0x00007ffaca530000 - 0x00007ffaca579000 	C:\Users\zinzi\AppData\Local\Temp\jna-115907214\jna5066522030690860980.dll
0x00007ffb18050000 - 0x00007ffb18058000 	C:\WINDOWS\System32\PSAPI.DLL

dbghelp: loaded successfully - version: 4.0.5 - missing functions: none
symbol engine: initialized successfully - sym options: 0x614 - pdb path: .;c:\Users\zinzi\.vscode\extensions\redhat.java-1.40.0-win32-x64\jre\21.0.6-win32-x86_64\bin;C:\WINDOWS\SYSTEM32;C:\WINDOWS\WinSxS\amd64_microsoft.windows.common-controls_6595b64144ccf1df_6.0.22621.4830_none_270fe7d773858e80;c:\Users\zinzi\.vscode\extensions\redhat.java-1.40.0-win32-x64\jre\21.0.6-win32-x86_64\bin\server;C:\Users\zinzi\AppData\Roaming\Code\User\globalStorage\redhat.java\1.40.0\config_win\org.eclipse.equinox.launcher\org.eclipse.equinox.launcher.win32.win32.x86_64_1.2.1200.v20250212-0927;C:\Users\zinzi\AppData\Local\Temp\jna-115907214

VM Arguments:
jvm_args: --add-modules=ALL-SYSTEM --add-opens=java.base/java.util=ALL-UNNAMED --add-opens=java.base/java.lang=ALL-UNNAMED --add-opens=java.base/sun.nio.fs=ALL-UNNAMED -Declipse.application=org.eclipse.jdt.ls.core.id1 -Dosgi.bundles.defaultStartLevel=4 -Declipse.product=org.eclipse.jdt.ls.core.product -Djava.import.generatesMetadataFilesAtProjectRoot=false -DDetectVMInstallationsJob.disabled=true -Dfile.encoding=utf8 -XX:+UseParallelGC -XX:GCTimeRatio=4 -XX:AdaptiveSizePolicyWeight=90 -Dsun.zip.disableMemoryMapping=true -Xmx1G -Xms100m -Xlog:disable -javaagent:c:\Users\zinzi\.vscode\extensions\redhat.java-1.40.0-win32-x64\lombok\lombok-1.18.36.jar -XX:+HeapDumpOnOutOfMemoryError -XX:HeapDumpPath=c:\Users\zinzi\AppData\Roaming\Code\User\workspaceStorage\1531145508dfbda3fe65cda5b18105b1\redhat.java -Daether.dependencyCollector.impl=bf 
java_command: c:\Users\zinzi\.vscode\extensions\redhat.java-1.40.0-win32-x64\server\plugins\org.eclipse.equinox.launcher_1.6.1000.v20250131-0606.jar -configuration c:\Users\zinzi\AppData\Roaming\Code\User\globalStorage\redhat.java\1.40.0\config_win -data c:\Users\zinzi\AppData\Roaming\Code\User\workspaceStorage\1531145508dfbda3fe65cda5b18105b1\redhat.java\jdt_ws --pipe=\\.\pipe\lsp-1ac63e594945f329db491537815b649a-sock
java_class_path (initial): c:\Users\zinzi\.vscode\extensions\redhat.java-1.40.0-win32-x64\server\plugins\org.eclipse.equinox.launcher_1.6.1000.v20250131-0606.jar
Launcher Type: SUN_STANDARD

[Global flags]
    uintx AdaptiveSizePolicyWeight                 = 90                                        {product} {command line}
     intx CICompilerCount                          = 4                                         {product} {ergonomic}
    uintx GCTimeRatio                              = 4                                         {product} {command line}
     bool HeapDumpOnOutOfMemoryError               = true                                   {manageable} {command line}
    ccstr HeapDumpPath                             = c:\Users\zinzi\AppData\Roaming\Code\User\workspaceStorage\1531145508dfbda3fe65cda5b18105b1\redhat.java         {manageable} {command line}
   size_t InitialHeapSize                          = 104857600                                 {product} {command line}
   size_t MaxHeapSize                              = 1073741824                                {product} {command line}
   size_t MaxNewSize                               = 357564416                                 {product} {ergonomic}
   size_t MinHeapDeltaBytes                        = 524288                                    {product} {ergonomic}
   size_t MinHeapSize                              = 104857600                                 {product} {command line}
   size_t NewSize                                  = 34603008                                  {product} {ergonomic}
    uintx NonNMethodCodeHeapSize                   = 5839372                                {pd product} {ergonomic}
    uintx NonProfiledCodeHeapSize                  = 122909434                              {pd product} {ergonomic}
   size_t OldSize                                  = 70254592                                  {product} {ergonomic}
    uintx ProfiledCodeHeapSize                     = 122909434                              {pd product} {ergonomic}
    uintx ReservedCodeCacheSize                    = 251658240                              {pd product} {ergonomic}
     bool SegmentedCodeCache                       = true                                      {product} {ergonomic}
   size_t SoftMaxHeapSize                          = 1073741824                             {manageable} {ergonomic}
     bool UseCompressedOops                        = true                           {product lp64_product} {ergonomic}
     bool UseLargePagesIndividualAllocation        = false                                  {pd product} {ergonomic}
     bool UseParallelGC                            = true                                      {product} {command line}

Logging:
Log output configuration:
 #0: stdout all=off uptime,level,tags foldmultilines=false
 #1: stderr all=off uptime,level,tags foldmultilines=false

Environment Variables:
JAVA_HOME=C:\Program Files\Microsoft\jdk-17.0.10.7-hotspot\
PATH=C:\Program Files\Microsoft\jdk-17.0.10.7-hotspot\bin;C:\WINDOWS\system32;C:\WINDOWS;C:\WINDOWS\System32\Wbem;C:\WINDOWS\System32\WindowsPowerShell\v1.0\;C:\WINDOWS\System32\OpenSSH\;C:\ProgramData\chocolatey\bin;C:\Program Files\Microsoft SQL Server\150\Tools\Binn\;C:\Program Files\Microsoft SQL Server\Client SDK\ODBC\170\Tools\Binn\;C:\Program Files (x86)\Microsoft SQL Server\160\Tools\Binn\;C:\Program Files\Microsoft SQL Server\160\Tools\Binn\;C:\Program Files\Microsoft SQL Server\160\DTS\Binn\;C:\Program Files (x86)\NVIDIA Corporation\PhysX\Common;C:\Users\zinzi\AppData\Roaming\nvm;C:\Program Files\nodejs;C:\Program Files\Amazon\AWSCLIV2\;C:\Program Files\starship\bin\;C:\Program Files (x86)\oh-my-posh\bin;D:\Git\Git\cmd;C:\Program Files\Amazon\SessionManagerPlugin\bin\;C:\Program Files\dotnet\;C:\Program Files\Amazon\SessionManagerPlugin\bin;C:\Program Files\MySQL\MySQL Shell 8.0\bin\;C:\Users\zinzi\AppData\Local\Android\Sdk\platform-tools;C:\Users\zinzi\AppData\Local\Microsoft\WindowsApps;C:\Users\zinzi\AppData\Local\Programs\Microsoft VS Code\bin;C:\Users\zinzi\AppData\Local\GitHubDesktop\bin;C:\Users\zinzi\AppData\Roaming\npm;C:\Users\zinzi\AppData\Roaming\nvm;C:\Program Files\nodejs;C:\Users\zinzi\AppData\Local\Programs\oh-my-posh\bin;C:\Users\zinzi\AppData\Local\Packages\PythonSoftwareFoundation.Python.3.13_qbz5n2kfra8p0\LocalCache\local-packages\Python313\Scripts;C:\Gradle\gradle-8.13\bin;C:\Users\zinzi\.dotnet\tools
USERNAME=zinzi
OS=Windows_NT
PROCESSOR_IDENTIFIER=Intel64 Family 6 Model 165 Stepping 2, GenuineIntel
TMP=C:\Users\zinzi\AppData\Local\Temp
TEMP=C:\Users\zinzi\AppData\Local\Temp




Periodic native trim disabled

---------------  S Y S T E M  ---------------

OS:
 Windows 11 , 64 bit Build 22621 (10.0.22621.4974)
OS uptime: 1 days 23:30 hours
Hyper-V role detected

CPU: total 12 (initial active 12) (6 cores per cpu, 2 threads per core) family 6 model 165 stepping 2 microcode 0xe0, cx8, cmov, fxsr, ht, mmx, 3dnowpref, sse, sse2, sse3, ssse3, sse4.1, sse4.2, popcnt, lzcnt, tsc, tscinvbit, avx, avx2, aes, erms, clmul, bmi1, bmi2, adx, fma, vzeroupper, clflush, clflushopt, hv, rdtscp, f16c
Processor Information for the first 12 processors :
  Max Mhz: 2592, Current Mhz: 2292, Mhz Limit: 2592

Memory: 4k page, system-wide physical 16205M (4155M free)
TotalPageFile size 18253M (AvailPageFile size 5M)
current process WorkingSet (physical memory assigned to process): 153M, peak: 155M
current process commit charge ("private bytes"): 261M, peak: 262M

vm_info: OpenJDK 64-Bit Server VM (21.0.6+7-LTS) for windows-amd64 JRE (21.0.6+7-LTS), built on 2025-01-21T00:00:00Z by "admin" with MS VC++ 17.7 (VS2022)

END.
