#
# There is insufficient memory for the Java Runtime Environment to continue.
# Native memory allocation (malloc) failed to allocate 171376 bytes. Error detail: Chunk::new
# Possible reasons:
#   The system is out of physical RAM or swap space
#   This process is running with CompressedOops enabled, and the Java Heap may be blocking the growth of the native heap
# Possible solutions:
#   Reduce memory load on the system
#   Increase physical memory or swap space
#   Check if swap backing store is full
#   Decrease Java heap size (-Xmx/-Xms)
#   Decrease number of Java threads
#   Decrease Java thread stack sizes (-Xss)
#   Set larger code cache with -XX:ReservedCodeCacheSize=
#   JVM is running with Unscaled Compressed Oops mode in which the Java heap is
#     placed in the first 4GB address space. The Java Heap base address is the
#     maximum limit for the native heap growth. Please use -XX:HeapBaseMinAddress
#     to set the Java Heap base and to place the Java Heap above 4GB virtual address.
# This output file may be truncated or incomplete.
#
#  Out of Memory Error (arena.cpp:168), pid=16320, tid=13004
#
# JRE version: OpenJDK Runtime Environment Temurin-21.0.6+7 (21.0.6+7) (build 21.0.6+7-LTS)
# Java VM: OpenJDK 64-Bit Server VM Temurin-21.0.6+7 (21.0.6+7-LTS, mixed mode, sharing, tiered, compressed oops, compressed class ptrs, parallel gc, windows-amd64)
# No core dump will be written. Minidumps are not enabled by default on client versions of Windows
#

---------------  S U M M A R Y ------------

Command Line: --add-modules=ALL-SYSTEM --add-opens=java.base/java.util=ALL-UNNAMED --add-opens=java.base/java.lang=ALL-UNNAMED --add-opens=java.base/sun.nio.fs=ALL-UNNAMED -Declipse.application=org.eclipse.jdt.ls.core.id1 -Dosgi.bundles.defaultStartLevel=4 -Declipse.product=org.eclipse.jdt.ls.core.product -Djava.import.generatesMetadataFilesAtProjectRoot=false -DDetectVMInstallationsJob.disabled=true -Dfile.encoding=utf8 -XX:+UseParallelGC -XX:GCTimeRatio=4 -XX:AdaptiveSizePolicyWeight=90 -Dsun.zip.disableMemoryMapping=true -Xmx1G -Xms100m -Xlog:disable -javaagent:c:\Users\zinzi\.vscode\extensions\redhat.java-1.40.0-win32-x64\lombok\lombok-1.18.36.jar c:\Users\zinzi\.vscode\extensions\redhat.java-1.40.0-win32-x64\server\plugins\org.eclipse.equinox.launcher_1.6.1000.v20250131-0606.jar -configuration c:\Users\zinzi\AppData\Roaming\Code\User\globalStorage\redhat.java\1.40.0\config_ss_win -data c:\Users\zinzi\AppData\Roaming\Code\User\workspaceStorage\1531145508dfbda3fe65cda5b18105b1\redhat.java\ss_ws --pipe=\\.\pipe\lsp-4eef8a6a353cdeb7094bc0f5fe41e98c-sock

Host: Intel(R) Core(TM) i7-10750H CPU @ 2.60GHz, 12 cores, 15G,  Windows 11 , 64 bit Build 22621 (10.0.22621.4974)
Time: Sun Mar 23 22:57:50 2025 SE Asia Standard Time elapsed time: 1.040084 seconds (0d 0h 0m 1s)

---------------  T H R E A D  ---------------

Current thread (0x00000166862b6e20):  JavaThread "C2 CompilerThread2" daemon [_thread_in_native, id=13004, stack(0x0000004493000000,0x0000004493100000) (1024K)]


Current CompileTask:
C2:1040  866       4       lombok.patcher.PatchScript::classMatches (41 bytes)

Stack: [0x0000004493000000,0x0000004493100000]
Native frames: (J=compiled Java code, j=interpreted, Vv=VM code, C=native code)
V  [jvm.dll+0x6cdee9]
V  [jvm.dll+0x8a83d1]
V  [jvm.dll+0x8aa8fe]
V  [jvm.dll+0x8aafe3]
V  [jvm.dll+0x27f706]
V  [jvm.dll+0xc500d]
V  [jvm.dll+0xc5543]
V  [jvm.dll+0x3b6752]
V  [jvm.dll+0x1dfe13]
V  [jvm.dll+0x247b42]
V  [jvm.dll+0x246fcf]
V  [jvm.dll+0x1c75ee]
V  [jvm.dll+0x25685a]
V  [jvm.dll+0x254dfa]
V  [jvm.dll+0x3f0256]
V  [jvm.dll+0x851f8b]
V  [jvm.dll+0x6cc5ed]
C  [ucrtbase.dll+0x29333]
C  [KERNEL32.DLL+0x1259d]
C  [ntdll.dll+0x5af38]


---------------  P R O C E S S  ---------------

Threads class SMR info:
_java_thread_list=0x0000016681c56930, length=13, elements={
0x000001662a3a4d20, 0x000001663e78dd60, 0x0000016681894830, 0x00000166818968d0,
0x0000016681897880, 0x000001668189eee0, 0x00000166818a0920, 0x00000166818a69f0,
0x00000166818a9630, 0x000001668189fc00, 0x0000016681b3e030, 0x00000166818a0290,
0x00000166862b6e20
}

Java Threads: ( => current thread )
  0x000001662a3a4d20 JavaThread "main"                              [_thread_in_native, id=16928, stack(0x0000004492100000,0x0000004492200000) (1024K)]
  0x000001663e78dd60 JavaThread "Reference Handler"          daemon [_thread_blocked, id=2044, stack(0x0000004492500000,0x0000004492600000) (1024K)]
  0x0000016681894830 JavaThread "Finalizer"                  daemon [_thread_blocked, id=8404, stack(0x0000004492600000,0x0000004492700000) (1024K)]
  0x00000166818968d0 JavaThread "Signal Dispatcher"          daemon [_thread_blocked, id=4536, stack(0x0000004492700000,0x0000004492800000) (1024K)]
  0x0000016681897880 JavaThread "Attach Listener"            daemon [_thread_blocked, id=19612, stack(0x0000004492800000,0x0000004492900000) (1024K)]
  0x000001668189eee0 JavaThread "Service Thread"             daemon [_thread_blocked, id=13436, stack(0x0000004492900000,0x0000004492a00000) (1024K)]
  0x00000166818a0920 JavaThread "Monitor Deflation Thread"   daemon [_thread_blocked, id=13704, stack(0x0000004492a00000,0x0000004492b00000) (1024K)]
  0x00000166818a69f0 JavaThread "C2 CompilerThread0"         daemon [_thread_in_native, id=11284, stack(0x0000004492b00000,0x0000004492c00000) (1024K)]
  0x00000166818a9630 JavaThread "C1 CompilerThread0"         daemon [_thread_blocked, id=2972, stack(0x0000004492c00000,0x0000004492d00000) (1024K)]
  0x000001668189fc00 JavaThread "Common-Cleaner"             daemon [_thread_blocked, id=14776, stack(0x0000004492d00000,0x0000004492e00000) (1024K)]
  0x0000016681b3e030 JavaThread "C2 CompilerThread1"         daemon [_thread_in_native, id=16860, stack(0x0000004492e00000,0x0000004492f00000) (1024K)]
  0x00000166818a0290 JavaThread "Notification Thread"        daemon [_thread_blocked, id=15200, stack(0x0000004492f00000,0x0000004493000000) (1024K)]
=>0x00000166862b6e20 JavaThread "C2 CompilerThread2"         daemon [_thread_in_native, id=13004, stack(0x0000004493000000,0x0000004493100000) (1024K)]
Total: 13

Other Threads:
  0x000001662a45e8a0 VMThread "VM Thread"                           [id=1424, stack(0x0000004492400000,0x0000004492500000) (1024K)]
  0x000001663e66ca00 WatcherThread "VM Periodic Task Thread"        [id=12320, stack(0x0000004492300000,0x0000004492400000) (1024K)]
  0x000001662a3c2040 WorkerThread "GC Thread#0"                     [id=14068, stack(0x0000004492200000,0x0000004492300000) (1024K)]
Total: 3

Threads with active compile tasks:
C2 CompilerThread0  1062  918   !   4       java.util.jar.Attributes::read (494 bytes)
C2 CompilerThread1  1062  940       4       java.util.jar.Manifest$FastInputStream::readLine (9 bytes)
C2 CompilerThread2  1062  866       4       lombok.patcher.PatchScript::classMatches (41 bytes)
Total: 3

VM state: not at safepoint (normal execution)

VM Mutex/Monitor currently owned by a thread: None

Heap address: 0x00000000c0000000, size: 1024 MB, Compressed Oops mode: 32-bit

CDS archive(s) mapped at: [0x000001663f000000-0x000001663fba0000-0x000001663fba0000), size 12189696, SharedBaseAddress: 0x000001663f000000, ArchiveRelocationMode: 1.
Compressed class space mapped at: 0x0000016640000000-0x0000016680000000, reserved size: 1073741824
Narrow klass base: 0x000001663f000000, Narrow klass shift: 0, Narrow klass range: 0x100000000

GC Precious Log:
 CardTable entry size: 512
 CPUs: 12 total, 12 available
 Memory: 16205M
 Large Page Support: Disabled
 NUMA Support: Disabled
 Compressed Oops: Enabled (32-bit)
 Alignments: Space 512K, Generation 512K, Heap 2M
 Heap Min Capacity: 100M
 Heap Initial Capacity: 100M
 Heap Max Capacity: 1G
 Pre-touch: Disabled
 Parallel Workers: 10

Heap:
 PSYoungGen      total 29696K, used 24196K [0x00000000eab00000, 0x00000000ecc00000, 0x0000000100000000)
  eden space 25600K, 94% used [0x00000000eab00000,0x00000000ec2a13e8,0x00000000ec400000)
  from space 4096K, 0% used [0x00000000ec800000,0x00000000ec800000,0x00000000ecc00000)
  to   space 4096K, 0% used [0x00000000ec400000,0x00000000ec400000,0x00000000ec800000)
 ParOldGen       total 68608K, used 0K [0x00000000c0000000, 0x00000000c4300000, 0x00000000eab00000)
  object space 68608K, 0% used [0x00000000c0000000,0x00000000c0000000,0x00000000c4300000)
 Metaspace       used 3934K, committed 4160K, reserved 1114112K
  class space    used 392K, committed 448K, reserved 1048576K

Card table byte_map: [0x0000016629d40000,0x0000016629f50000] _byte_map_base: 0x0000016629740000

Marking Bits: (ParMarkBitMap*) 0x00007ffa98433260
 Begin Bits: [0x000001663c590000, 0x000001663d590000)
 End Bits:   [0x000001663d590000, 0x000001663e590000)

Polling page: 0x00000166281c0000

Metaspace:

Usage:
  Non-class:      3.46 MB used.
      Class:    392.43 KB used.
       Both:      3.84 MB used.

Virtual space:
  Non-class space:       64.00 MB reserved,       3.62 MB (  6%) committed,  1 nodes.
      Class space:        1.00 GB reserved,     448.00 KB ( <1%) committed,  1 nodes.
             Both:        1.06 GB reserved,       4.06 MB ( <1%) committed. 

Chunk freelists:
   Non-Class:  11.23 MB
       Class:  15.51 MB
        Both:  26.74 MB

MaxMetaspaceSize: unlimited
CompressedClassSpaceSize: 1.00 GB
Initial GC threshold: 21.00 MB
Current GC threshold: 21.00 MB
CDS: on
 - commit_granule_bytes: 65536.
 - commit_granule_words: 8192.
 - virtual_space_node_default_size: 8388608.
 - enlarge_chunks_in_place: 1.
 - use_allocation_guard: 0.


Internal statistics:

num_allocs_failed_limit: 0.
num_arena_births: 96.
num_arena_deaths: 0.
num_vsnodes_births: 2.
num_vsnodes_deaths: 0.
num_space_committed: 65.
num_space_uncommitted: 0.
num_chunks_returned_to_freelist: 0.
num_chunks_taken_from_freelist: 146.
num_chunk_merges: 0.
num_chunk_splits: 97.
num_chunks_enlarged: 63.
num_inconsistent_stats: 0.

CodeHeap 'non-profiled nmethods': size=120000Kb used=365Kb max_used=365Kb free=119635Kb
 bounds [0x0000016635060000, 0x00000166352d0000, 0x000001663c590000]
CodeHeap 'profiled nmethods': size=120000Kb used=1531Kb max_used=1531Kb free=118468Kb
 bounds [0x000001662d590000, 0x000001662d800000, 0x0000016634ac0000]
CodeHeap 'non-nmethods': size=5760Kb used=1190Kb max_used=1224Kb free=4569Kb
 bounds [0x0000016634ac0000, 0x0000016634d30000, 0x0000016635060000]
 total_blobs=1406 nmethods=957 adapters=356
 compilation: enabled
              stopped_count=0, restarted_count=0
 full_count=0

Compilation events (20 events):
Event: 1.028 Thread 0x00000166818a9630  949       3       java.util.regex.ASCII::toLower (16 bytes)
Event: 1.028 Thread 0x00000166818a9630 nmethod 949 0x000001662d709310 code [0x000001662d7094c0, 0x000001662d7096b0]
Event: 1.029 Thread 0x00000166818a9630  950       3       java.util.regex.ASCII::isUpper (18 bytes)
Event: 1.029 Thread 0x00000166818a9630 nmethod 950 0x000001662d709790 code [0x000001662d709920, 0x000001662d709a70]
Event: 1.030 Thread 0x00000166818a9630  951       3       java.util.ArrayList::<init> (61 bytes)
Event: 1.031 Thread 0x00000166818a9630 nmethod 951 0x000001662d709b10 code [0x000001662d709d60, 0x000001662d70a5a8]
Event: 1.031 Thread 0x00000166818a9630  952       3       org.eclipse.osgi.internal.util.Tokenizer::skipWhiteSpace (58 bytes)
Event: 1.032 Thread 0x00000166818a9630 nmethod 952 0x000001662d70a890 code [0x000001662d70aa40, 0x000001662d70acf0]
Event: 1.032 Thread 0x00000166818a9630  953       2       java.util.HashMap::put (13 bytes)
Event: 1.032 Thread 0x00000166818a9630 nmethod 953 0x000001662d70ae10 code [0x000001662d70afc0, 0x000001662d70b170]
Event: 1.032 Thread 0x00000166818a9630  955       3       java.util.AbstractCollection::addAll (42 bytes)
Event: 1.033 Thread 0x00000166818a9630 nmethod 955 0x000001662d70b290 code [0x000001662d70b480, 0x000001662d70b9a0]
Event: 1.033 Thread 0x00000166818a9630  954       1       java.util.concurrent.locks.AbstractOwnableSynchronizer::setExclusiveOwnerThread (6 bytes)
Event: 1.033 Thread 0x00000166818a9630 nmethod 954 0x00000166350b8710 code [0x00000166350b88a0, 0x00000166350b8980]
Event: 1.033 Thread 0x00000166818a9630  956       3       java.lang.StringLatin1::inflate (34 bytes)
Event: 1.033 Thread 0x00000166818a9630 nmethod 956 0x000001662d70bb10 code [0x000001662d70bcc0, 0x000001662d70bec0]
Event: 1.034 Thread 0x00000166818a9630  957       1       java.security.CodeSource::getLocationNoFragString (5 bytes)
Event: 1.035 Thread 0x00000166818a9630 nmethod 957 0x00000166350b8a10 code [0x00000166350b8ba0, 0x00000166350b8c68]
Event: 1.036 Thread 0x0000016681b3e030 nmethod 946% 0x00000166350b8d10 code [0x00000166350b8ec0, 0x00000166350b9270]
Event: 1.036 Thread 0x0000016681b3e030  935       4       sun.security.util.ManifestDigester::findSection (181 bytes)

GC Heap History (0 events):
No events

Dll operation events (8 events):
Event: 0.015 Loaded shared library c:\Users\zinzi\.vscode\extensions\redhat.java-1.40.0-win32-x64\jre\21.0.6-win32-x86_64\bin\java.dll
Event: 0.118 Loaded shared library c:\Users\zinzi\.vscode\extensions\redhat.java-1.40.0-win32-x64\jre\21.0.6-win32-x86_64\bin\zip.dll
Event: 0.154 Loaded shared library C:\Users\zinzi\.vscode\extensions\redhat.java-1.40.0-win32-x64\jre\21.0.6-win32-x86_64\bin\instrument.dll
Event: 0.161 Loaded shared library C:\Users\zinzi\.vscode\extensions\redhat.java-1.40.0-win32-x64\jre\21.0.6-win32-x86_64\bin\net.dll
Event: 0.165 Loaded shared library C:\Users\zinzi\.vscode\extensions\redhat.java-1.40.0-win32-x64\jre\21.0.6-win32-x86_64\bin\nio.dll
Event: 0.171 Loaded shared library C:\Users\zinzi\.vscode\extensions\redhat.java-1.40.0-win32-x64\jre\21.0.6-win32-x86_64\bin\zip.dll
Event: 0.199 Loaded shared library C:\Users\zinzi\.vscode\extensions\redhat.java-1.40.0-win32-x64\jre\21.0.6-win32-x86_64\bin\jimage.dll
Event: 0.312 Loaded shared library c:\Users\zinzi\.vscode\extensions\redhat.java-1.40.0-win32-x64\jre\21.0.6-win32-x86_64\bin\verify.dll

Deoptimization events (20 events):
Event: 0.997 Thread 0x000001662a3a4d20 DEOPT PACKING pc=0x000001662d6d2731 sp=0x00000044921fdd30
Event: 0.997 Thread 0x000001662a3a4d20 DEOPT UNPACKING pc=0x0000016634b14242 sp=0x00000044921fd1a8 mode 0
Event: 0.998 Thread 0x000001662a3a4d20 DEOPT PACKING pc=0x000001662d6d2731 sp=0x00000044921fdd30
Event: 0.998 Thread 0x000001662a3a4d20 DEOPT UNPACKING pc=0x0000016634b14242 sp=0x00000044921fd1a8 mode 0
Event: 1.030 Thread 0x000001662a3a4d20 Uncommon trap: trap_request=0xffffffde fr.pc=0x00000166350a9a8c relative=0x0000000000000a0c
Event: 1.030 Thread 0x000001662a3a4d20 Uncommon trap: reason=class_check action=maybe_recompile pc=0x00000166350a9a8c method=java.util.HashMap.putVal(ILjava/lang/Object;Ljava/lang/Object;ZZ)Ljava/lang/Object; @ 203 c2
Event: 1.030 Thread 0x000001662a3a4d20 DEOPT PACKING pc=0x00000166350a9a8c sp=0x00000044921fe0e0
Event: 1.030 Thread 0x000001662a3a4d20 DEOPT UNPACKING pc=0x0000016634b13aa2 sp=0x00000044921fe008 mode 2
Event: 1.031 Thread 0x000001662a3a4d20 Uncommon trap: trap_request=0xffffffde fr.pc=0x00000166350a9a8c relative=0x0000000000000a0c
Event: 1.031 Thread 0x000001662a3a4d20 Uncommon trap: reason=class_check action=maybe_recompile pc=0x00000166350a9a8c method=java.util.HashMap.putVal(ILjava/lang/Object;Ljava/lang/Object;ZZ)Ljava/lang/Object; @ 203 c2
Event: 1.031 Thread 0x000001662a3a4d20 DEOPT PACKING pc=0x00000166350a9a8c sp=0x00000044921fe0e0
Event: 1.031 Thread 0x000001662a3a4d20 DEOPT UNPACKING pc=0x0000016634b13aa2 sp=0x00000044921fe008 mode 2
Event: 1.031 Thread 0x000001662a3a4d20 Uncommon trap: trap_request=0xffffffde fr.pc=0x00000166350a9a8c relative=0x0000000000000a0c
Event: 1.031 Thread 0x000001662a3a4d20 Uncommon trap: reason=class_check action=maybe_recompile pc=0x00000166350a9a8c method=java.util.HashMap.putVal(ILjava/lang/Object;Ljava/lang/Object;ZZ)Ljava/lang/Object; @ 203 c2
Event: 1.031 Thread 0x000001662a3a4d20 DEOPT PACKING pc=0x00000166350a9a8c sp=0x00000044921fe0e0
Event: 1.031 Thread 0x000001662a3a4d20 DEOPT UNPACKING pc=0x0000016634b13aa2 sp=0x00000044921fe008 mode 2
Event: 1.031 Thread 0x000001662a3a4d20 Uncommon trap: trap_request=0xffffffde fr.pc=0x00000166350a9a8c relative=0x0000000000000a0c
Event: 1.031 Thread 0x000001662a3a4d20 Uncommon trap: reason=class_check action=maybe_recompile pc=0x00000166350a9a8c method=java.util.HashMap.putVal(ILjava/lang/Object;Ljava/lang/Object;ZZ)Ljava/lang/Object; @ 203 c2
Event: 1.031 Thread 0x000001662a3a4d20 DEOPT PACKING pc=0x00000166350a9a8c sp=0x00000044921fe0e0
Event: 1.031 Thread 0x000001662a3a4d20 DEOPT UNPACKING pc=0x0000016634b13aa2 sp=0x00000044921fe008 mode 2

Classes loaded (20 events):
Event: 1.003 Loading class jdk/internal/logger/LazyLoggers$LazyLoggerAccessor
Event: 1.003 Loading class jdk/internal/logger/LazyLoggers$LoggerAccessor
Event: 1.003 Loading class jdk/internal/logger/LazyLoggers$LoggerAccessor done
Event: 1.003 Loading class jdk/internal/logger/LazyLoggers$LazyLoggerAccessor done
Event: 1.005 Loading class jdk/internal/logger/SurrogateLogger
Event: 1.005 Loading class jdk/internal/logger/SimpleConsoleLogger
Event: 1.009 Loading class sun/util/logging/PlatformLogger$ConfigurableBridge$LoggerConfiguration
Event: 1.009 Loading class sun/util/logging/PlatformLogger$ConfigurableBridge$LoggerConfiguration done
Event: 1.009 Loading class jdk/internal/logger/SimpleConsoleLogger done
Event: 1.009 Loading class jdk/internal/logger/SurrogateLogger done
Event: 1.010 Loading class sun/util/logging/PlatformLogger
Event: 1.010 Loading class sun/util/logging/PlatformLogger done
Event: 1.010 Loading class sun/util/logging/PlatformLogger$Level
Event: 1.010 Loading class sun/util/logging/PlatformLogger$Level done
Event: 1.025 Loading class java/io/BufferedReader
Event: 1.026 Loading class java/io/BufferedReader done
Event: 1.026 Loading class sun/nio/cs/StreamDecoder
Event: 1.026 Loading class sun/nio/cs/StreamDecoder done
Event: 1.027 Loading class sun/nio/cs/UTF_8$Decoder
Event: 1.027 Loading class sun/nio/cs/UTF_8$Decoder done

Classes unloaded (0 events):
No events

Classes redefined (0 events):
No events

Internal exceptions (20 events):
Event: 0.111 Thread 0x000001662a3a4d20 Exception <a 'java/lang/NoSuchMethodError'{0x00000000ead2a358}: 'void java.lang.invoke.DirectMethodHandle$Holder.invokeStatic(java.lang.Object, java.lang.Object, java.lang.Object)'> (0x00000000ead2a358) 
thrown [s\src\hotspot\share\interpreter\linkResolver.cpp, line 773]
Event: 0.189 Thread 0x000001662a3a4d20 Exception <a 'java/lang/NoSuchMethodError'{0x00000000eae92c38}: 'java.lang.Object java.lang.invoke.Invokers$Holder.invokeExact_MT(java.lang.Object, java.lang.Object, java.lang.Object, java.lang.Object, java.lang.Object)'> (0x00000000eae92c38) 
thrown [s\src\hotspot\share\interpreter\linkResolver.cpp, line 773]
Event: 0.248 Thread 0x000001662a3a4d20 Exception <a 'java/lang/NoSuchMethodError'{0x00000000eaf4bc60}: 'int java.lang.invoke.DirectMethodHandle$Holder.invokeSpecial(java.lang.Object, java.lang.Object, java.lang.Object, int)'> (0x00000000eaf4bc60) 
thrown [s\src\hotspot\share\interpreter\linkResolver.cpp, line 773]
Event: 0.252 Thread 0x000001662a3a4d20 Exception <a 'java/lang/NoSuchMethodError'{0x00000000eaf5e648}: 'java.lang.Object java.lang.invoke.DirectMethodHandle$Holder.invokeStatic(java.lang.Object, java.lang.Object, java.lang.Object, java.lang.Object, int)'> (0x00000000eaf5e648) 
thrown [s\src\hotspot\share\interpreter\linkResolver.cpp, line 773]
Event: 0.255 Thread 0x000001662a3a4d20 Exception <a 'java/lang/NoSuchMethodError'{0x00000000eaf69a88}: 'void java.lang.invoke.DelegatingMethodHandle$Holder.reinvoke_L(java.lang.Object, java.lang.Object, java.lang.Object, int, java.lang.Object)'> (0x00000000eaf69a88) 
thrown [s\src\hotspot\share\interpreter\linkResolver.cpp, line 773]
Event: 0.260 Thread 0x000001662a3a4d20 Exception <a 'java/lang/NoSuchMethodError'{0x00000000eaf7a3d8}: 'int java.lang.invoke.DirectMethodHandle$Holder.invokeSpecial(java.lang.Object, java.lang.Object, java.lang.Object)'> (0x00000000eaf7a3d8) 
thrown [s\src\hotspot\share\interpreter\linkResolver.cpp, line 773]
Event: 0.263 Thread 0x000001662a3a4d20 Exception <a 'java/lang/NoSuchMethodError'{0x00000000eaf86098}: 'java.lang.Object java.lang.invoke.DirectMethodHandle$Holder.invokeStatic(java.lang.Object, java.lang.Object, int)'> (0x00000000eaf86098) 
thrown [s\src\hotspot\share\interpreter\linkResolver.cpp, line 773]
Event: 0.264 Thread 0x000001662a3a4d20 Exception <a 'java/lang/NoSuchMethodError'{0x00000000eaf8a9e8}: 'void java.lang.invoke.DirectMethodHandle$Holder.invokeStatic(java.lang.Object, java.lang.Object, int, java.lang.Object)'> (0x00000000eaf8a9e8) 
thrown [s\src\hotspot\share\interpreter\linkResolver.cpp, line 773]
Event: 0.265 Thread 0x000001662a3a4d20 Exception <a 'java/lang/NoSuchMethodError'{0x00000000eaf8e578}: 'void java.lang.invoke.DirectMethodHandle$Holder.invokeSpecial(java.lang.Object, java.lang.Object, java.lang.Object, int, java.lang.Object)'> (0x00000000eaf8e578) 
thrown [s\src\hotspot\share\interpreter\linkResolver.cpp, line 773]
Event: 0.266 Thread 0x000001662a3a4d20 Exception <a 'java/lang/NoSuchMethodError'{0x00000000eaf919e8}: 'void java.lang.invoke.DelegatingMethodHandle$Holder.delegate(java.lang.Object, java.lang.Object, int, java.lang.Object)'> (0x00000000eaf919e8) 
thrown [s\src\hotspot\share\interpreter\linkResolver.cpp, line 773]
Event: 0.349 Thread 0x000001662a3a4d20 Exception <a 'java/lang/NoSuchMethodError'{0x00000000eb14e478}: 'void java.lang.invoke.DelegatingMethodHandle$Holder.reinvoke_L(java.lang.Object, java.lang.Object, java.lang.Object, int)'> (0x00000000eb14e478) 
thrown [s\src\hotspot\share\interpreter\linkResolver.cpp, line 773]
Event: 0.575 Thread 0x000001662a3a4d20 Exception <a 'java/lang/NoSuchMethodError'{0x00000000eb5d6900}: 'void java.lang.invoke.DirectMethodHandle$Holder.invokeVirtual(java.lang.Object, java.lang.Object)'> (0x00000000eb5d6900) 
thrown [s\src\hotspot\share\interpreter\linkResolver.cpp, line 773]
Event: 0.778 Thread 0x000001662a3a4d20 Exception <a 'java/lang/ClassNotFoundException'{0x00000000eb9d12e0}: sun/net/www/protocol/c/Handler> (0x00000000eb9d12e0) 
thrown [s\src\hotspot\share\classfile\systemDictionary.cpp, line 312]
Event: 0.783 Thread 0x000001662a3a4d20 Exception <a 'java/io/FileNotFoundException'{0x00000000eb9e65c8}> (0x00000000eb9e65c8) 
thrown [s\src\hotspot\share\prims\jni.cpp, line 520]
Event: 0.783 Thread 0x000001662a3a4d20 Exception <a 'java/io/FileNotFoundException'{0x00000000eb9e72f8}> (0x00000000eb9e72f8) 
thrown [s\src\hotspot\share\prims\jni.cpp, line 520]
Event: 0.784 Thread 0x000001662a3a4d20 Exception <a 'java/io/FileNotFoundException'{0x00000000eb9e8008}> (0x00000000eb9e8008) 
thrown [s\src\hotspot\share\prims\jni.cpp, line 520]
Event: 0.784 Thread 0x000001662a3a4d20 Exception <a 'java/io/FileNotFoundException'{0x00000000eb9e8b48}> (0x00000000eb9e8b48) 
thrown [s\src\hotspot\share\prims\jni.cpp, line 520]
Event: 0.790 Thread 0x000001662a3a4d20 Implicit null exception at 0x000001663508e5a4 to 0x000001663508eb6c
Event: 0.794 Thread 0x000001662a3a4d20 Exception <a 'java/io/FileNotFoundException'{0x00000000eba23098}> (0x00000000eba23098) 
thrown [s\src\hotspot\share\prims\jni.cpp, line 520]
Event: 0.959 Thread 0x000001662a3a4d20 Exception <a 'java/lang/NoSuchMethodError'{0x00000000ebe562a8}: 'java.lang.ClassLoader java.lang.ClassLoader.getPlatformClassLoader(java.lang.Class)'> (0x00000000ebe562a8) 
thrown [s\src\hotspot\share\interpreter\linkResolver.cpp, line 773]

ZGC Phase Switch (0 events):
No events

VM Operations (10 events):
Event: 0.219 Executing VM operation: HandshakeAllThreads (Deoptimize)
Event: 0.219 Executing VM operation: HandshakeAllThreads (Deoptimize) done
Event: 0.738 Executing VM operation: HandshakeAllThreads (Deoptimize)
Event: 0.738 Executing VM operation: HandshakeAllThreads (Deoptimize) done
Event: 0.766 Executing VM operation: HandshakeAllThreads (Deoptimize)
Event: 0.766 Executing VM operation: HandshakeAllThreads (Deoptimize) done
Event: 1.014 Executing VM operation: ICBufferFull
Event: 1.014 Executing VM operation: ICBufferFull done
Event: 1.027 Executing VM operation: HandshakeAllThreads (Deoptimize)
Event: 1.027 Executing VM operation: HandshakeAllThreads (Deoptimize) done

Memory protections (0 events):
No events

Nmethod flushes (0 events):
No events

Events (13 events):
Event: 0.037 Thread 0x000001662a3a4d20 Thread added: 0x000001662a3a4d20
Event: 0.059 Thread 0x000001662a3a4d20 Thread added: 0x000001663e78dd60
Event: 0.059 Thread 0x000001662a3a4d20 Thread added: 0x0000016681894830
Event: 0.060 Thread 0x000001662a3a4d20 Thread added: 0x00000166818968d0
Event: 0.060 Thread 0x000001662a3a4d20 Thread added: 0x0000016681897880
Event: 0.060 Thread 0x000001662a3a4d20 Thread added: 0x000001668189eee0
Event: 0.060 Thread 0x000001662a3a4d20 Thread added: 0x00000166818a0920
Event: 0.060 Thread 0x000001662a3a4d20 Thread added: 0x00000166818a69f0
Event: 0.060 Thread 0x000001662a3a4d20 Thread added: 0x00000166818a9630
Event: 0.097 Thread 0x000001662a3a4d20 Thread added: 0x000001668189fc00
Event: 0.303 Thread 0x00000166818a69f0 Thread added: 0x0000016681b3e030
Event: 0.461 Thread 0x000001662a3a4d20 Thread added: 0x00000166818a0290
Event: 0.690 Thread 0x00000166818a9630 Thread added: 0x00000166862b6e20


Dynamic libraries:
0x00007ff7f3aa0000 - 0x00007ff7f3aae000 	c:\Users\zinzi\.vscode\extensions\redhat.java-1.40.0-win32-x64\jre\21.0.6-win32-x86_64\bin\java.exe
0x00007ffb19690000 - 0x00007ffb198a7000 	C:\WINDOWS\SYSTEM32\ntdll.dll
0x00007ffb17470000 - 0x00007ffb17534000 	C:\WINDOWS\System32\KERNEL32.DLL
0x00007ffb16910000 - 0x00007ffb16ce1000 	C:\WINDOWS\System32\KERNELBASE.dll
0x00007ffb17050000 - 0x00007ffb17161000 	C:\WINDOWS\System32\ucrtbase.dll
0x00007ffb04b00000 - 0x00007ffb04b18000 	c:\Users\zinzi\.vscode\extensions\redhat.java-1.40.0-win32-x64\jre\21.0.6-win32-x86_64\bin\jli.dll
0x00007ffaff980000 - 0x00007ffaff99e000 	c:\Users\zinzi\.vscode\extensions\redhat.java-1.40.0-win32-x64\jre\21.0.6-win32-x86_64\bin\VCRUNTIME140.dll
0x00007ffb187d0000 - 0x00007ffb18981000 	C:\WINDOWS\System32\USER32.dll
0x00007ffb03f70000 - 0x00007ffb04202000 	C:\WINDOWS\WinSxS\amd64_microsoft.windows.common-controls_6595b64144ccf1df_6.0.22621.4830_none_270fe7d773858e80\COMCTL32.dll
0x00007ffb17550000 - 0x00007ffb175f7000 	C:\WINDOWS\System32\msvcrt.dll
0x00007ffb16d90000 - 0x00007ffb16db6000 	C:\WINDOWS\System32\win32u.dll
0x00007ffb17b30000 - 0x00007ffb17b59000 	C:\WINDOWS\System32\GDI32.dll
0x00007ffb16f30000 - 0x00007ffb1704b000 	C:\WINDOWS\System32\gdi32full.dll
0x00007ffb16cf0000 - 0x00007ffb16d8a000 	C:\WINDOWS\System32\msvcp_win.dll
0x00007ffb18790000 - 0x00007ffb187c1000 	C:\WINDOWS\System32\IMM32.DLL
0x00007ffb068f0000 - 0x00007ffb068fc000 	c:\Users\zinzi\.vscode\extensions\redhat.java-1.40.0-win32-x64\jre\21.0.6-win32-x86_64\bin\vcruntime140_1.dll
0x00007ffadc920000 - 0x00007ffadc9ad000 	c:\Users\zinzi\.vscode\extensions\redhat.java-1.40.0-win32-x64\jre\21.0.6-win32-x86_64\bin\msvcp140.dll
0x00007ffa97780000 - 0x00007ffa98510000 	c:\Users\zinzi\.vscode\extensions\redhat.java-1.40.0-win32-x64\jre\21.0.6-win32-x86_64\bin\server\jvm.dll
0x00007ffb17360000 - 0x00007ffb17411000 	C:\WINDOWS\System32\ADVAPI32.dll
0x00007ffb180f0000 - 0x00007ffb18197000 	C:\WINDOWS\System32\sechost.dll
0x00007ffb17330000 - 0x00007ffb17358000 	C:\WINDOWS\System32\bcrypt.dll
0x00007ffb18ca0000 - 0x00007ffb18db4000 	C:\WINDOWS\System32\RPCRT4.dll
0x00007ffb18060000 - 0x00007ffb180d1000 	C:\WINDOWS\System32\WS2_32.dll
0x00007ffb15640000 - 0x00007ffb1568d000 	C:\WINDOWS\SYSTEM32\POWRPROF.dll
0x00007ffb085c0000 - 0x00007ffb085f4000 	C:\WINDOWS\SYSTEM32\WINMM.dll
0x00007ffb14420000 - 0x00007ffb1442a000 	C:\WINDOWS\SYSTEM32\VERSION.dll
0x00007ffb15620000 - 0x00007ffb15633000 	C:\WINDOWS\SYSTEM32\UMPDC.dll
0x00007ffb158d0000 - 0x00007ffb158e8000 	C:\WINDOWS\SYSTEM32\kernel.appcore.dll
0x00007ffb05870000 - 0x00007ffb0587a000 	c:\Users\zinzi\.vscode\extensions\redhat.java-1.40.0-win32-x64\jre\21.0.6-win32-x86_64\bin\jimage.dll
0x00007ffb07290000 - 0x00007ffb074c2000 	C:\WINDOWS\SYSTEM32\DBGHELP.DLL
0x00007ffb182f0000 - 0x00007ffb18680000 	C:\WINDOWS\System32\combase.dll
0x00007ffb181a0000 - 0x00007ffb18277000 	C:\WINDOWS\System32\OLEAUT32.dll
0x00007ffafbba0000 - 0x00007ffafbbd2000 	C:\WINDOWS\SYSTEM32\dbgcore.DLL
0x00007ffb17230000 - 0x00007ffb172ab000 	C:\WINDOWS\System32\bcryptPrimitives.dll
0x00007ffb14430000 - 0x00007ffb1443f000 	c:\Users\zinzi\.vscode\extensions\redhat.java-1.40.0-win32-x64\jre\21.0.6-win32-x86_64\bin\instrument.dll
0x00007ffaea8d0000 - 0x00007ffaea8ef000 	c:\Users\zinzi\.vscode\extensions\redhat.java-1.40.0-win32-x64\jre\21.0.6-win32-x86_64\bin\java.dll
0x00007ffb18dc0000 - 0x00007ffb19648000 	C:\WINDOWS\System32\SHELL32.dll
0x00007ffb167d0000 - 0x00007ffb1690f000 	C:\WINDOWS\System32\wintypes.dll
0x00007ffb146f0000 - 0x00007ffb14ffd000 	C:\WINDOWS\SYSTEM32\windows.storage.dll
0x00007ffb18680000 - 0x00007ffb1878a000 	C:\WINDOWS\System32\SHCORE.dll
0x00007ffb17b70000 - 0x00007ffb17bce000 	C:\WINDOWS\System32\shlwapi.dll
0x00007ffb16700000 - 0x00007ffb1672b000 	C:\WINDOWS\SYSTEM32\profapi.dll
0x00007ffaea610000 - 0x00007ffaea628000 	c:\Users\zinzi\.vscode\extensions\redhat.java-1.40.0-win32-x64\jre\21.0.6-win32-x86_64\bin\zip.dll
0x00007ffb01320000 - 0x00007ffb01330000 	C:\Users\zinzi\.vscode\extensions\redhat.java-1.40.0-win32-x64\jre\21.0.6-win32-x86_64\bin\net.dll
0x00007ffb12990000 - 0x00007ffb12abc000 	C:\WINDOWS\SYSTEM32\WINHTTP.dll
0x00007ffb15d30000 - 0x00007ffb15d9a000 	C:\WINDOWS\system32\mswsock.dll
0x00007ffae0200000 - 0x00007ffae0216000 	C:\Users\zinzi\.vscode\extensions\redhat.java-1.40.0-win32-x64\jre\21.0.6-win32-x86_64\bin\nio.dll
0x00007ffb01270000 - 0x00007ffb01280000 	c:\Users\zinzi\.vscode\extensions\redhat.java-1.40.0-win32-x64\jre\21.0.6-win32-x86_64\bin\verify.dll

dbghelp: loaded successfully - version: 4.0.5 - missing functions: none
symbol engine: initialized successfully - sym options: 0x614 - pdb path: .;c:\Users\zinzi\.vscode\extensions\redhat.java-1.40.0-win32-x64\jre\21.0.6-win32-x86_64\bin;C:\WINDOWS\SYSTEM32;C:\WINDOWS\WinSxS\amd64_microsoft.windows.common-controls_6595b64144ccf1df_6.0.22621.4830_none_270fe7d773858e80;c:\Users\zinzi\.vscode\extensions\redhat.java-1.40.0-win32-x64\jre\21.0.6-win32-x86_64\bin\server

VM Arguments:
jvm_args: --add-modules=ALL-SYSTEM --add-opens=java.base/java.util=ALL-UNNAMED --add-opens=java.base/java.lang=ALL-UNNAMED --add-opens=java.base/sun.nio.fs=ALL-UNNAMED -Declipse.application=org.eclipse.jdt.ls.core.id1 -Dosgi.bundles.defaultStartLevel=4 -Declipse.product=org.eclipse.jdt.ls.core.product -Djava.import.generatesMetadataFilesAtProjectRoot=false -DDetectVMInstallationsJob.disabled=true -Dfile.encoding=utf8 -XX:+UseParallelGC -XX:GCTimeRatio=4 -XX:AdaptiveSizePolicyWeight=90 -Dsun.zip.disableMemoryMapping=true -Xmx1G -Xms100m -Xlog:disable -javaagent:c:\Users\zinzi\.vscode\extensions\redhat.java-1.40.0-win32-x64\lombok\lombok-1.18.36.jar 
java_command: c:\Users\zinzi\.vscode\extensions\redhat.java-1.40.0-win32-x64\server\plugins\org.eclipse.equinox.launcher_1.6.1000.v20250131-0606.jar -configuration c:\Users\zinzi\AppData\Roaming\Code\User\globalStorage\redhat.java\1.40.0\config_ss_win -data c:\Users\zinzi\AppData\Roaming\Code\User\workspaceStorage\1531145508dfbda3fe65cda5b18105b1\redhat.java\ss_ws --pipe=\\.\pipe\lsp-4eef8a6a353cdeb7094bc0f5fe41e98c-sock
java_class_path (initial): c:\Users\zinzi\.vscode\extensions\redhat.java-1.40.0-win32-x64\server\plugins\org.eclipse.equinox.launcher_1.6.1000.v20250131-0606.jar
Launcher Type: SUN_STANDARD

[Global flags]
    uintx AdaptiveSizePolicyWeight                 = 90                                        {product} {command line}
     intx CICompilerCount                          = 4                                         {product} {ergonomic}
    uintx GCTimeRatio                              = 4                                         {product} {command line}
   size_t InitialHeapSize                          = 104857600                                 {product} {command line}
   size_t MaxHeapSize                              = 1073741824                                {product} {command line}
   size_t MaxNewSize                               = 357564416                                 {product} {ergonomic}
   size_t MinHeapDeltaBytes                        = 524288                                    {product} {ergonomic}
   size_t MinHeapSize                              = 104857600                                 {product} {command line}
   size_t NewSize                                  = 34603008                                  {product} {ergonomic}
    uintx NonNMethodCodeHeapSize                   = 5839372                                {pd product} {ergonomic}
    uintx NonProfiledCodeHeapSize                  = 122909434                              {pd product} {ergonomic}
   size_t OldSize                                  = 70254592                                  {product} {ergonomic}
    uintx ProfiledCodeHeapSize                     = 122909434                              {pd product} {ergonomic}
    uintx ReservedCodeCacheSize                    = 251658240                              {pd product} {ergonomic}
     bool SegmentedCodeCache                       = true                                      {product} {ergonomic}
   size_t SoftMaxHeapSize                          = 1073741824                             {manageable} {ergonomic}
     bool UseCompressedOops                        = true                           {product lp64_product} {ergonomic}
     bool UseLargePagesIndividualAllocation        = false                                  {pd product} {ergonomic}
     bool UseParallelGC                            = true                                      {product} {command line}

Logging:
Log output configuration:
 #0: stdout all=off uptime,level,tags foldmultilines=false
 #1: stderr all=off uptime,level,tags foldmultilines=false

Environment Variables:
JAVA_HOME=C:\Program Files\Microsoft\jdk-17.0.10.7-hotspot\
PATH=C:\Program Files\Microsoft\jdk-17.0.10.7-hotspot\bin;C:\WINDOWS\system32;C:\WINDOWS;C:\WINDOWS\System32\Wbem;C:\WINDOWS\System32\WindowsPowerShell\v1.0\;C:\WINDOWS\System32\OpenSSH\;C:\ProgramData\chocolatey\bin;C:\Program Files\Microsoft SQL Server\150\Tools\Binn\;C:\Program Files\Microsoft SQL Server\Client SDK\ODBC\170\Tools\Binn\;C:\Program Files (x86)\Microsoft SQL Server\160\Tools\Binn\;C:\Program Files\Microsoft SQL Server\160\Tools\Binn\;C:\Program Files\Microsoft SQL Server\160\DTS\Binn\;C:\Program Files (x86)\NVIDIA Corporation\PhysX\Common;C:\Users\zinzi\AppData\Roaming\nvm;C:\Program Files\nodejs;C:\Program Files\Amazon\AWSCLIV2\;C:\Program Files\starship\bin\;C:\Program Files (x86)\oh-my-posh\bin;D:\Git\Git\cmd;C:\Program Files\Amazon\SessionManagerPlugin\bin\;C:\Program Files\dotnet\;C:\Program Files\Amazon\SessionManagerPlugin\bin;C:\Program Files\MySQL\MySQL Shell 8.0\bin\;C:\Users\zinzi\AppData\Local\Android\Sdk\platform-tools;C:\Users\zinzi\AppData\Local\Microsoft\WindowsApps;C:\Users\zinzi\AppData\Local\Programs\Microsoft VS Code\bin;C:\Users\zinzi\AppData\Local\GitHubDesktop\bin;C:\Users\zinzi\AppData\Roaming\npm;C:\Users\zinzi\AppData\Roaming\nvm;C:\Program Files\nodejs;C:\Users\zinzi\AppData\Local\Programs\oh-my-posh\bin;C:\Users\zinzi\AppData\Local\Packages\PythonSoftwareFoundation.Python.3.13_qbz5n2kfra8p0\LocalCache\local-packages\Python313\Scripts;C:\Gradle\gradle-8.13\bin;C:\Users\zinzi\.dotnet\tools
USERNAME=zinzi
OS=Windows_NT
PROCESSOR_IDENTIFIER=Intel64 Family 6 Model 165 Stepping 2, GenuineIntel
TMP=C:\Users\zinzi\AppData\Local\Temp
TEMP=C:\Users\zinzi\AppData\Local\Temp




Periodic native trim disabled

---------------  S Y S T E M  ---------------

OS:
 Windows 11 , 64 bit Build 22621 (10.0.22621.4974)
OS uptime: 1 days 23:22 hours
Hyper-V role detected

CPU: total 12 (initial active 12) (6 cores per cpu, 2 threads per core) family 6 model 165 stepping 2 microcode 0xe0, cx8, cmov, fxsr, ht, mmx, 3dnowpref, sse, sse2, sse3, ssse3, sse4.1, sse4.2, popcnt, lzcnt, tsc, tscinvbit, avx, avx2, aes, erms, clmul, bmi1, bmi2, adx, fma, vzeroupper, clflush, clflushopt, hv, rdtscp, f16c
Processor Information for the first 12 processors :
  Max Mhz: 2592, Current Mhz: 2292, Mhz Limit: 2592

Memory: 4k page, system-wide physical 16205M (4663M free)
TotalPageFile size 18253M (AvailPageFile size 3M)
current process WorkingSet (physical memory assigned to process): 76M, peak: 76M
current process commit charge ("private bytes"): 209M, peak: 210M

vm_info: OpenJDK 64-Bit Server VM (21.0.6+7-LTS) for windows-amd64 JRE (21.0.6+7-LTS), built on 2025-01-21T00:00:00Z by "admin" with MS VC++ 17.7 (VS2022)

END.
