#
# There is insufficient memory for the Java Runtime Environment to continue.
# Native memory allocation (malloc) failed to allocate 946896 bytes for Chunk::new
# Possible reasons:
#   The system is out of physical RAM or swap space
#   The process is running with CompressedOops enabled, and the Java Heap may be blocking the growth of the native heap
# Possible solutions:
#   Reduce memory load on the system
#   Increase physical memory or swap space
#   Check if swap backing store is full
#   Decrease Java heap size (-Xmx/-Xms)
#   Decrease number of Java threads
#   Decrease Java thread stack sizes (-Xss)
#   Set larger code cache with -XX:ReservedCodeCacheSize=
#   JVM is running with Unscaled Compressed Oops mode in which the Java heap is
#     placed in the first 4GB address space. The Java Heap base address is the
#     maximum limit for the native heap growth. Please use -XX:HeapBaseMinAddress
#     to set the Java Heap base and to place the Java Heap above 4GB virtual address.
# This output file may be truncated or incomplete.
#
#  Out of Memory Error (arena.cpp:191), pid=8452, tid=18336
#
# JRE version: OpenJDK Runtime Environment Microsoft-8902769 (17.0.10+7) (build 17.0.10+7-LTS)
# Java VM: OpenJDK 64-Bit Server VM Microsoft-8902769 (17.0.10+7-LTS, mixed mode, sharing, tiered, compressed oops, compressed class ptrs, g1 gc, windows-amd64)
# No core dump will be written. Minidumps are not enabled by default on client versions of Windows
#

---------------  S U M M A R Y ------------

Command Line: --add-opens=java.base/java.lang=ALL-UNNAMED --add-opens=java.base/java.lang.invoke=ALL-UNNAMED --add-opens=java.base/java.util=ALL-UNNAMED --add-opens=java.prefs/java.util.prefs=ALL-UNNAMED --add-exports=jdk.compiler/com.sun.tools.javac.api=ALL-UNNAMED --add-exports=jdk.compiler/com.sun.tools.javac.util=ALL-UNNAMED --add-opens=java.base/java.util=ALL-UNNAMED --add-opens=java.prefs/java.util.prefs=ALL-UNNAMED --add-opens=java.base/java.nio.charset=ALL-UNNAMED --add-opens=java.base/java.net=ALL-UNNAMED --add-opens=java.base/java.util.concurrent.atomic=ALL-UNNAMED --add-opens=java.xml/javax.xml.namespace=ALL-UNNAMED -XX:MaxMetaspaceSize=512m -Xmx2048m -Dfile.encoding=UTF-8 -Duser.country=US -Duser.language=en -Duser.variant -javaagent:C:\Users\zinzi\.gradle\wrapper\dists\gradle-8.12-all\ejduaidbjup3bmmkhw3rie4zb\gradle-8.12\lib\agents\gradle-instrumentation-agent-8.12.jar org.gradle.launcher.daemon.bootstrap.GradleDaemon 8.12

Host: Intel(R) Core(TM) i7-10750H CPU @ 2.60GHz, 12 cores, 15G,  Windows 11 , 64 bit Build 22621 (10.0.22621.4974)
Time: Fri Mar 21 22:34:48 2025 SE Asia Standard Time elapsed time: 2.203971 seconds (0d 0h 0m 2s)

---------------  T H R E A D  ---------------

Current thread (0x000002188fc19280):  JavaThread "C2 CompilerThread1" daemon [_thread_in_native, id=18336, stack(0x000000a1b7900000,0x000000a1b7a00000)]


Current CompileTask:
C2:   2204 2430   !   4       java.net.URLClassLoader::findClass (47 bytes)

Stack: [0x000000a1b7900000,0x000000a1b7a00000]
Native frames: (J=compiled Java code, j=interpreted, Vv=VM code, C=native code)
V  [jvm.dll+0x67f829]
V  [jvm.dll+0x83750a]
V  [jvm.dll+0x838fce]
V  [jvm.dll+0x839633]
V  [jvm.dll+0x247cbf]
V  [jvm.dll+0xac524]
V  [jvm.dll+0xacb6c]
V  [jvm.dll+0x2af70f]
V  [jvm.dll+0x587077]
V  [jvm.dll+0x222d32]
V  [jvm.dll+0x22311f]
V  [jvm.dll+0x21c1dc]
V  [jvm.dll+0x219711]
V  [jvm.dll+0x1a5176]
V  [jvm.dll+0x22957e]
V  [jvm.dll+0x22774c]
V  [jvm.dll+0x7ec5d7]
V  [jvm.dll+0x7e69da]
V  [jvm.dll+0x67e715]
C  [ucrtbase.dll+0x29333]
C  [KERNEL32.DLL+0x1259d]
C  [ntdll.dll+0x5af38]


---------------  P R O C E S S  ---------------

Threads class SMR info:
_java_thread_list=0x00000218b13c96f0, length=26, elements={
0x00000218f0e4fb10, 0x000002188f87a050, 0x000002188f87aed0, 0x000002188f9864c0,
0x000002188f98a100, 0x000002188f98aac0, 0x000002188f98b480, 0x000002188f98d580,
0x000002188f99a110, 0x000002188f98ecc0, 0x000002188f85e340, 0x000002188fbf67a0,
0x000002188fc19280, 0x00000218b0d07180, 0x00000218afbd6ff0, 0x00000218b0d660f0,
0x00000218af8a79b0, 0x00000218af1650d0, 0x00000218b05cbb00, 0x00000218b05ccf40,
0x00000218b05ce380, 0x00000218b05ce890, 0x00000218b05cd450, 0x00000218b05cca30,
0x00000218b05cb5f0, 0x00000218b05cb0e0
}

Java Threads: ( => current thread )
  0x00000218f0e4fb10 JavaThread "main" [_thread_blocked, id=18804, stack(0x000000a1b6600000,0x000000a1b6700000)]
  0x000002188f87a050 JavaThread "Reference Handler" daemon [_thread_blocked, id=20108, stack(0x000000a1b6d00000,0x000000a1b6e00000)]
  0x000002188f87aed0 JavaThread "Finalizer" daemon [_thread_blocked, id=4876, stack(0x000000a1b6e00000,0x000000a1b6f00000)]
  0x000002188f9864c0 JavaThread "Signal Dispatcher" daemon [_thread_blocked, id=18124, stack(0x000000a1b6f00000,0x000000a1b7000000)]
  0x000002188f98a100 JavaThread "Attach Listener" daemon [_thread_blocked, id=11896, stack(0x000000a1b7000000,0x000000a1b7100000)]
  0x000002188f98aac0 JavaThread "Service Thread" daemon [_thread_blocked, id=12016, stack(0x000000a1b7100000,0x000000a1b7200000)]
  0x000002188f98b480 JavaThread "Monitor Deflation Thread" daemon [_thread_blocked, id=8400, stack(0x000000a1b7200000,0x000000a1b7300000)]
  0x000002188f98d580 JavaThread "C2 CompilerThread0" daemon [_thread_in_native, id=12556, stack(0x000000a1b7300000,0x000000a1b7400000)]
  0x000002188f99a110 JavaThread "C1 CompilerThread0" daemon [_thread_blocked, id=12112, stack(0x000000a1b7400000,0x000000a1b7500000)]
  0x000002188f98ecc0 JavaThread "Sweeper thread" daemon [_thread_blocked, id=17876, stack(0x000000a1b7500000,0x000000a1b7600000)]
  0x000002188f85e340 JavaThread "Common-Cleaner" daemon [_thread_blocked, id=14672, stack(0x000000a1b7600000,0x000000a1b7700000)]
  0x000002188fbf67a0 JavaThread "Notification Thread" daemon [_thread_blocked, id=19440, stack(0x000000a1b7700000,0x000000a1b7800000)]
=>0x000002188fc19280 JavaThread "C2 CompilerThread1" daemon [_thread_in_native, id=18336, stack(0x000000a1b7900000,0x000000a1b7a00000)]
  0x00000218b0d07180 JavaThread "Daemon health stats" [_thread_blocked, id=18864, stack(0x000000a1b7a00000,0x000000a1b7b00000)]
  0x00000218afbd6ff0 JavaThread "Incoming local TCP Connector on port 63726" [_thread_in_native, id=13116, stack(0x000000a1b8000000,0x000000a1b8100000)]
  0x00000218b0d660f0 JavaThread "Daemon periodic checks" [_thread_blocked, id=4416, stack(0x000000a1b8100000,0x000000a1b8200000)]
  0x00000218af8a79b0 JavaThread "Daemon" [_thread_blocked, id=12140, stack(0x000000a1b8200000,0x000000a1b8300000)]
  0x00000218af1650d0 JavaThread "Handler for socket connection from /127.0.0.1:63726 to /127.0.0.1:63727" [_thread_in_native, id=3920, stack(0x000000a1b8300000,0x000000a1b8400000)]
  0x00000218b05cbb00 JavaThread "Cancel handler" [_thread_blocked, id=18032, stack(0x000000a1b8400000,0x000000a1b8500000)]
  0x00000218b05ccf40 JavaThread "Daemon worker" [_thread_in_vm, id=11128, stack(0x000000a1b8500000,0x000000a1b8600000)]
  0x00000218b05ce380 JavaThread "Asynchronous log dispatcher for DefaultDaemonConnection: socket connection from /127.0.0.1:63726 to /127.0.0.1:63727" [_thread_blocked, id=15104, stack(0x000000a1b8600000,0x000000a1b8700000)]
  0x00000218b05ce890 JavaThread "Stdin handler" [_thread_blocked, id=13592, stack(0x000000a1b8700000,0x000000a1b8800000)]
  0x00000218b05cd450 JavaThread "Daemon client event forwarder" [_thread_blocked, id=8564, stack(0x000000a1b8800000,0x000000a1b8900000)]
  0x00000218b05cca30 JavaThread "Cache worker for journal cache (C:\Users\zinzi\.gradle\caches\journal-1)" [_thread_blocked, id=12852, stack(0x000000a1b8900000,0x000000a1b8a00000)]
  0x00000218b05cb5f0 JavaThread "File lock request listener" [_thread_in_native, id=3260, stack(0x000000a1b8a00000,0x000000a1b8b00000)]
  0x00000218b05cb0e0 JavaThread "Cache worker for file hash cache (C:\Users\zinzi\.gradle\caches\8.12\fileHashes)" [_thread_blocked, id=19920, stack(0x000000a1b8b00000,0x000000a1b8c00000)]

Other Threads:
  0x000002188f872860 VMThread "VM Thread" [stack: 0x000000a1b6c00000,0x000000a1b6d00000] [id=11252]
  0x00000218f0e50990 WatcherThread [stack: 0x000000a1b7800000,0x000000a1b7900000] [id=8320]
  0x00000218f0eadf40 GCTaskThread "GC Thread#0" [stack: 0x000000a1b6700000,0x000000a1b6800000] [id=10512]
  0x00000218af27b640 GCTaskThread "GC Thread#1" [stack: 0x000000a1b7b00000,0x000000a1b7c00000] [id=3304]
  0x00000218af8655e0 GCTaskThread "GC Thread#2" [stack: 0x000000a1b7c00000,0x000000a1b7d00000] [id=11596]
  0x00000218af9f5a40 GCTaskThread "GC Thread#3" [stack: 0x000000a1b7d00000,0x000000a1b7e00000] [id=1460]
  0x00000218af9f5d00 GCTaskThread "GC Thread#4" [stack: 0x000000a1b7e00000,0x000000a1b7f00000] [id=17984]
  0x00000218af5b37f0 GCTaskThread "GC Thread#5" [stack: 0x000000a1b7f00000,0x000000a1b8000000] [id=19376]
  0x00000218f0ebfea0 ConcurrentGCThread "G1 Main Marker" [stack: 0x000000a1b6800000,0x000000a1b6900000] [id=10776]
  0x00000218f0ec1060 ConcurrentGCThread "G1 Conc#0" [stack: 0x000000a1b6900000,0x000000a1b6a00000] [id=1232]
  0x00000218f0efd790 ConcurrentGCThread "G1 Refine#0" [stack: 0x000000a1b6a00000,0x000000a1b6b00000] [id=16168]
  0x00000218f0efe1c0 ConcurrentGCThread "G1 Service" [stack: 0x000000a1b6b00000,0x000000a1b6c00000] [id=15212]

Threads with active compile tasks:
C2 CompilerThread0     2219 2350   !   4       java.lang.ClassLoader::loadClass (121 bytes)
C2 CompilerThread1     2220 2430   !   4       java.net.URLClassLoader::findClass (47 bytes)

VM state: not at safepoint (normal execution)

VM Mutex/Monitor currently owned by a thread: None

Heap address: 0x0000000080000000, size: 2048 MB, Compressed Oops mode: 32-bit

CDS archive(s) mapped at: [0x0000021890000000-0x0000021890bb0000-0x0000021890bb0000), size 12255232, SharedBaseAddress: 0x0000021890000000, ArchiveRelocationMode: 1.
Compressed class space mapped at: 0x0000021891000000-0x00000218ab000000, reserved size: 436207616
Narrow klass base: 0x0000021890000000, Narrow klass shift: 0, Narrow klass range: 0x100000000

GC Precious Log:
 CPUs: 12 total, 12 available
 Memory: 16205M
 Large Page Support: Disabled
 NUMA Support: Disabled
 Compressed Oops: Enabled (32-bit)
 Heap Region Size: 1M
 Heap Min Capacity: 8M
 Heap Initial Capacity: 254M
 Heap Max Capacity: 2G
 Pre-touch: Disabled
 Parallel Workers: 10
 Concurrent Workers: 3
 Concurrent Refinement Workers: 10
 Periodic GC: Disabled

Heap:
 garbage-first heap   total 260096K, used 87854K [0x0000000080000000, 0x0000000100000000)
  region size 1024K, 75 young (76800K), 5 survivors (5120K)
 Metaspace       used 17478K, committed 17792K, reserved 491520K
  class space    used 2485K, committed 2624K, reserved 425984K

Heap Regions: E=young(eden), S=young(survivor), O=old, HS=humongous(starts), HC=humongous(continues), CS=collection set, F=free, OA=open archive, CA=closed archive, TAMS=top-at-mark-start (previous, next)
|   0|0x0000000080000000, 0x0000000080100000, 0x0000000080100000|100%| O|  |TAMS 0x0000000080000000, 0x0000000080000000| Untracked 
|   1|0x0000000080100000, 0x0000000080200000, 0x0000000080200000|100%|HS|  |TAMS 0x0000000080100000, 0x0000000080100000| Complete 
|   2|0x0000000080200000, 0x0000000080300000, 0x0000000080300000|100%|HC|  |TAMS 0x0000000080200000, 0x0000000080200000| Complete 
|   3|0x0000000080300000, 0x0000000080400000, 0x0000000080400000|100%|HC|  |TAMS 0x0000000080300000, 0x0000000080300000| Complete 
|   4|0x0000000080400000, 0x0000000080500000, 0x0000000080500000|100%| O|  |TAMS 0x0000000080400000, 0x0000000080400000| Untracked 
|   5|0x0000000080500000, 0x0000000080600000, 0x0000000080600000|100%| O|  |TAMS 0x0000000080500000, 0x0000000080500000| Untracked 
|   6|0x0000000080600000, 0x0000000080700000, 0x0000000080700000|100%| O|  |TAMS 0x0000000080600000, 0x0000000080600000| Untracked 
|   7|0x0000000080700000, 0x0000000080800000, 0x0000000080800000|100%| O|  |TAMS 0x0000000080700000, 0x0000000080700000| Untracked 
|   8|0x0000000080800000, 0x0000000080900000, 0x0000000080900000|100%|HS|  |TAMS 0x0000000080800000, 0x0000000080800000| Complete 
|   9|0x0000000080900000, 0x0000000080900000, 0x0000000080a00000|  0%| F|  |TAMS 0x0000000080900000, 0x0000000080900000| Untracked 
|  10|0x0000000080a00000, 0x0000000080b00000, 0x0000000080b00000|100%| O|  |TAMS 0x0000000080a00000, 0x0000000080a00000| Untracked 
|  11|0x0000000080b00000, 0x0000000080c00000, 0x0000000080c00000|100%| O|  |TAMS 0x0000000080b00000, 0x0000000080b00000| Untracked 
|  12|0x0000000080c00000, 0x0000000080d00000, 0x0000000080d00000|100%| O|  |TAMS 0x0000000080c00000, 0x0000000080c00000| Untracked 
|  13|0x0000000080d00000, 0x0000000080d28a00, 0x0000000080e00000| 15%| O|  |TAMS 0x0000000080d00000, 0x0000000080d00000| Untracked 
|  14|0x0000000080e00000, 0x0000000080e00000, 0x0000000080f00000|  0%| F|  |TAMS 0x0000000080e00000, 0x0000000080e00000| Untracked 
|  15|0x0000000080f00000, 0x0000000080f00000, 0x0000000081000000|  0%| F|  |TAMS 0x0000000080f00000, 0x0000000080f00000| Untracked 
|  16|0x0000000081000000, 0x0000000081000000, 0x0000000081100000|  0%| F|  |TAMS 0x0000000081000000, 0x0000000081000000| Untracked 
|  17|0x0000000081100000, 0x0000000081100000, 0x0000000081200000|  0%| F|  |TAMS 0x0000000081100000, 0x0000000081100000| Untracked 
|  18|0x0000000081200000, 0x0000000081200000, 0x0000000081300000|  0%| F|  |TAMS 0x0000000081200000, 0x0000000081200000| Untracked 
|  19|0x0000000081300000, 0x0000000081300000, 0x0000000081400000|  0%| F|  |TAMS 0x0000000081300000, 0x0000000081300000| Untracked 
|  20|0x0000000081400000, 0x0000000081400000, 0x0000000081500000|  0%| F|  |TAMS 0x0000000081400000, 0x0000000081400000| Untracked 
|  21|0x0000000081500000, 0x0000000081500000, 0x0000000081600000|  0%| F|  |TAMS 0x0000000081500000, 0x0000000081500000| Untracked 
|  22|0x0000000081600000, 0x0000000081600000, 0x0000000081700000|  0%| F|  |TAMS 0x0000000081600000, 0x0000000081600000| Untracked 
|  23|0x0000000081700000, 0x0000000081700000, 0x0000000081800000|  0%| F|  |TAMS 0x0000000081700000, 0x0000000081700000| Untracked 
|  24|0x0000000081800000, 0x0000000081800000, 0x0000000081900000|  0%| F|  |TAMS 0x0000000081800000, 0x0000000081800000| Untracked 
|  25|0x0000000081900000, 0x0000000081900000, 0x0000000081a00000|  0%| F|  |TAMS 0x0000000081900000, 0x0000000081900000| Untracked 
|  26|0x0000000081a00000, 0x0000000081a00000, 0x0000000081b00000|  0%| F|  |TAMS 0x0000000081a00000, 0x0000000081a00000| Untracked 
|  27|0x0000000081b00000, 0x0000000081b00000, 0x0000000081c00000|  0%| F|  |TAMS 0x0000000081b00000, 0x0000000081b00000| Untracked 
|  28|0x0000000081c00000, 0x0000000081c00000, 0x0000000081d00000|  0%| F|  |TAMS 0x0000000081c00000, 0x0000000081c00000| Untracked 
|  29|0x0000000081d00000, 0x0000000081d00000, 0x0000000081e00000|  0%| F|  |TAMS 0x0000000081d00000, 0x0000000081d00000| Untracked 
|  30|0x0000000081e00000, 0x0000000081e00000, 0x0000000081f00000|  0%| F|  |TAMS 0x0000000081e00000, 0x0000000081e00000| Untracked 
|  31|0x0000000081f00000, 0x0000000081f00000, 0x0000000082000000|  0%| F|  |TAMS 0x0000000081f00000, 0x0000000081f00000| Untracked 
|  32|0x0000000082000000, 0x0000000082000000, 0x0000000082100000|  0%| F|  |TAMS 0x0000000082000000, 0x0000000082000000| Untracked 
|  33|0x0000000082100000, 0x0000000082100000, 0x0000000082200000|  0%| F|  |TAMS 0x0000000082100000, 0x0000000082100000| Untracked 
|  34|0x0000000082200000, 0x0000000082200000, 0x0000000082300000|  0%| F|  |TAMS 0x0000000082200000, 0x0000000082200000| Untracked 
|  35|0x0000000082300000, 0x0000000082300000, 0x0000000082400000|  0%| F|  |TAMS 0x0000000082300000, 0x0000000082300000| Untracked 
|  36|0x0000000082400000, 0x0000000082400000, 0x0000000082500000|  0%| F|  |TAMS 0x0000000082400000, 0x0000000082400000| Untracked 
|  37|0x0000000082500000, 0x0000000082500000, 0x0000000082600000|  0%| F|  |TAMS 0x0000000082500000, 0x0000000082500000| Untracked 
|  38|0x0000000082600000, 0x0000000082600000, 0x0000000082700000|  0%| F|  |TAMS 0x0000000082600000, 0x0000000082600000| Untracked 
|  39|0x0000000082700000, 0x0000000082700000, 0x0000000082800000|  0%| F|  |TAMS 0x0000000082700000, 0x0000000082700000| Untracked 
|  40|0x0000000082800000, 0x0000000082800000, 0x0000000082900000|  0%| F|  |TAMS 0x0000000082800000, 0x0000000082800000| Untracked 
|  41|0x0000000082900000, 0x0000000082900000, 0x0000000082a00000|  0%| F|  |TAMS 0x0000000082900000, 0x0000000082900000| Untracked 
|  42|0x0000000082a00000, 0x0000000082a00000, 0x0000000082b00000|  0%| F|  |TAMS 0x0000000082a00000, 0x0000000082a00000| Untracked 
|  43|0x0000000082b00000, 0x0000000082b00000, 0x0000000082c00000|  0%| F|  |TAMS 0x0000000082b00000, 0x0000000082b00000| Untracked 
|  44|0x0000000082c00000, 0x0000000082c00000, 0x0000000082d00000|  0%| F|  |TAMS 0x0000000082c00000, 0x0000000082c00000| Untracked 
|  45|0x0000000082d00000, 0x0000000082d00000, 0x0000000082e00000|  0%| F|  |TAMS 0x0000000082d00000, 0x0000000082d00000| Untracked 
|  46|0x0000000082e00000, 0x0000000082e00000, 0x0000000082f00000|  0%| F|  |TAMS 0x0000000082e00000, 0x0000000082e00000| Untracked 
|  47|0x0000000082f00000, 0x0000000082f00000, 0x0000000083000000|  0%| F|  |TAMS 0x0000000082f00000, 0x0000000082f00000| Untracked 
|  48|0x0000000083000000, 0x0000000083000000, 0x0000000083100000|  0%| F|  |TAMS 0x0000000083000000, 0x0000000083000000| Untracked 
|  49|0x0000000083100000, 0x0000000083100000, 0x0000000083200000|  0%| F|  |TAMS 0x0000000083100000, 0x0000000083100000| Untracked 
|  50|0x0000000083200000, 0x0000000083200000, 0x0000000083300000|  0%| F|  |TAMS 0x0000000083200000, 0x0000000083200000| Untracked 
|  51|0x0000000083300000, 0x0000000083300000, 0x0000000083400000|  0%| F|  |TAMS 0x0000000083300000, 0x0000000083300000| Untracked 
|  52|0x0000000083400000, 0x0000000083400000, 0x0000000083500000|  0%| F|  |TAMS 0x0000000083400000, 0x0000000083400000| Untracked 
|  53|0x0000000083500000, 0x0000000083500000, 0x0000000083600000|  0%| F|  |TAMS 0x0000000083500000, 0x0000000083500000| Untracked 
|  54|0x0000000083600000, 0x0000000083600000, 0x0000000083700000|  0%| F|  |TAMS 0x0000000083600000, 0x0000000083600000| Untracked 
|  55|0x0000000083700000, 0x0000000083700000, 0x0000000083800000|  0%| F|  |TAMS 0x0000000083700000, 0x0000000083700000| Untracked 
|  56|0x0000000083800000, 0x0000000083800000, 0x0000000083900000|  0%| F|  |TAMS 0x0000000083800000, 0x0000000083800000| Untracked 
|  57|0x0000000083900000, 0x0000000083900000, 0x0000000083a00000|  0%| F|  |TAMS 0x0000000083900000, 0x0000000083900000| Untracked 
|  58|0x0000000083a00000, 0x0000000083a00000, 0x0000000083b00000|  0%| F|  |TAMS 0x0000000083a00000, 0x0000000083a00000| Untracked 
|  59|0x0000000083b00000, 0x0000000083b00000, 0x0000000083c00000|  0%| F|  |TAMS 0x0000000083b00000, 0x0000000083b00000| Untracked 
|  60|0x0000000083c00000, 0x0000000083c00000, 0x0000000083d00000|  0%| F|  |TAMS 0x0000000083c00000, 0x0000000083c00000| Untracked 
|  61|0x0000000083d00000, 0x0000000083d00000, 0x0000000083e00000|  0%| F|  |TAMS 0x0000000083d00000, 0x0000000083d00000| Untracked 
|  62|0x0000000083e00000, 0x0000000083e00000, 0x0000000083f00000|  0%| F|  |TAMS 0x0000000083e00000, 0x0000000083e00000| Untracked 
|  63|0x0000000083f00000, 0x0000000083f00000, 0x0000000084000000|  0%| F|  |TAMS 0x0000000083f00000, 0x0000000083f00000| Untracked 
|  64|0x0000000084000000, 0x0000000084000000, 0x0000000084100000|  0%| F|  |TAMS 0x0000000084000000, 0x0000000084000000| Untracked 
|  65|0x0000000084100000, 0x0000000084100000, 0x0000000084200000|  0%| F|  |TAMS 0x0000000084100000, 0x0000000084100000| Untracked 
|  66|0x0000000084200000, 0x0000000084200000, 0x0000000084300000|  0%| F|  |TAMS 0x0000000084200000, 0x0000000084200000| Untracked 
|  67|0x0000000084300000, 0x0000000084300000, 0x0000000084400000|  0%| F|  |TAMS 0x0000000084300000, 0x0000000084300000| Untracked 
|  68|0x0000000084400000, 0x0000000084400000, 0x0000000084500000|  0%| F|  |TAMS 0x0000000084400000, 0x0000000084400000| Untracked 
|  69|0x0000000084500000, 0x0000000084500000, 0x0000000084600000|  0%| F|  |TAMS 0x0000000084500000, 0x0000000084500000| Untracked 
|  70|0x0000000084600000, 0x0000000084600000, 0x0000000084700000|  0%| F|  |TAMS 0x0000000084600000, 0x0000000084600000| Untracked 
|  71|0x0000000084700000, 0x0000000084700000, 0x0000000084800000|  0%| F|  |TAMS 0x0000000084700000, 0x0000000084700000| Untracked 
|  72|0x0000000084800000, 0x0000000084800000, 0x0000000084900000|  0%| F|  |TAMS 0x0000000084800000, 0x0000000084800000| Untracked 
|  73|0x0000000084900000, 0x0000000084900000, 0x0000000084a00000|  0%| F|  |TAMS 0x0000000084900000, 0x0000000084900000| Untracked 
|  74|0x0000000084a00000, 0x0000000084a00000, 0x0000000084b00000|  0%| F|  |TAMS 0x0000000084a00000, 0x0000000084a00000| Untracked 
|  75|0x0000000084b00000, 0x0000000084b00000, 0x0000000084c00000|  0%| F|  |TAMS 0x0000000084b00000, 0x0000000084b00000| Untracked 
|  76|0x0000000084c00000, 0x0000000084c00000, 0x0000000084d00000|  0%| F|  |TAMS 0x0000000084c00000, 0x0000000084c00000| Untracked 
|  77|0x0000000084d00000, 0x0000000084d00000, 0x0000000084e00000|  0%| F|  |TAMS 0x0000000084d00000, 0x0000000084d00000| Untracked 
|  78|0x0000000084e00000, 0x0000000084e00000, 0x0000000084f00000|  0%| F|  |TAMS 0x0000000084e00000, 0x0000000084e00000| Untracked 
|  79|0x0000000084f00000, 0x0000000084f00000, 0x0000000085000000|  0%| F|  |TAMS 0x0000000084f00000, 0x0000000084f00000| Untracked 
|  80|0x0000000085000000, 0x0000000085000000, 0x0000000085100000|  0%| F|  |TAMS 0x0000000085000000, 0x0000000085000000| Untracked 
|  81|0x0000000085100000, 0x0000000085100000, 0x0000000085200000|  0%| F|  |TAMS 0x0000000085100000, 0x0000000085100000| Untracked 
|  82|0x0000000085200000, 0x0000000085200000, 0x0000000085300000|  0%| F|  |TAMS 0x0000000085200000, 0x0000000085200000| Untracked 
|  83|0x0000000085300000, 0x0000000085300000, 0x0000000085400000|  0%| F|  |TAMS 0x0000000085300000, 0x0000000085300000| Untracked 
|  84|0x0000000085400000, 0x0000000085400000, 0x0000000085500000|  0%| F|  |TAMS 0x0000000085400000, 0x0000000085400000| Untracked 
|  85|0x0000000085500000, 0x0000000085500000, 0x0000000085600000|  0%| F|  |TAMS 0x0000000085500000, 0x0000000085500000| Untracked 
|  86|0x0000000085600000, 0x0000000085600000, 0x0000000085700000|  0%| F|  |TAMS 0x0000000085600000, 0x0000000085600000| Untracked 
|  87|0x0000000085700000, 0x0000000085700000, 0x0000000085800000|  0%| F|  |TAMS 0x0000000085700000, 0x0000000085700000| Untracked 
|  88|0x0000000085800000, 0x0000000085800000, 0x0000000085900000|  0%| F|  |TAMS 0x0000000085800000, 0x0000000085800000| Untracked 
|  89|0x0000000085900000, 0x0000000085900000, 0x0000000085a00000|  0%| F|  |TAMS 0x0000000085900000, 0x0000000085900000| Untracked 
|  90|0x0000000085a00000, 0x0000000085a00000, 0x0000000085b00000|  0%| F|  |TAMS 0x0000000085a00000, 0x0000000085a00000| Untracked 
|  91|0x0000000085b00000, 0x0000000085b00000, 0x0000000085c00000|  0%| F|  |TAMS 0x0000000085b00000, 0x0000000085b00000| Untracked 
|  92|0x0000000085c00000, 0x0000000085c00000, 0x0000000085d00000|  0%| F|  |TAMS 0x0000000085c00000, 0x0000000085c00000| Untracked 
|  93|0x0000000085d00000, 0x0000000085d00000, 0x0000000085e00000|  0%| F|  |TAMS 0x0000000085d00000, 0x0000000085d00000| Untracked 
|  94|0x0000000085e00000, 0x0000000085e00000, 0x0000000085f00000|  0%| F|  |TAMS 0x0000000085e00000, 0x0000000085e00000| Untracked 
|  95|0x0000000085f00000, 0x0000000085f00000, 0x0000000086000000|  0%| F|  |TAMS 0x0000000085f00000, 0x0000000085f00000| Untracked 
|  96|0x0000000086000000, 0x0000000086000000, 0x0000000086100000|  0%| F|  |TAMS 0x0000000086000000, 0x0000000086000000| Untracked 
|  97|0x0000000086100000, 0x0000000086100000, 0x0000000086200000|  0%| F|  |TAMS 0x0000000086100000, 0x0000000086100000| Untracked 
|  98|0x0000000086200000, 0x0000000086200000, 0x0000000086300000|  0%| F|  |TAMS 0x0000000086200000, 0x0000000086200000| Untracked 
|  99|0x0000000086300000, 0x0000000086300000, 0x0000000086400000|  0%| F|  |TAMS 0x0000000086300000, 0x0000000086300000| Untracked 
| 100|0x0000000086400000, 0x0000000086400000, 0x0000000086500000|  0%| F|  |TAMS 0x0000000086400000, 0x0000000086400000| Untracked 
| 101|0x0000000086500000, 0x0000000086500000, 0x0000000086600000|  0%| F|  |TAMS 0x0000000086500000, 0x0000000086500000| Untracked 
| 102|0x0000000086600000, 0x0000000086600000, 0x0000000086700000|  0%| F|  |TAMS 0x0000000086600000, 0x0000000086600000| Untracked 
| 103|0x0000000086700000, 0x0000000086700000, 0x0000000086800000|  0%| F|  |TAMS 0x0000000086700000, 0x0000000086700000| Untracked 
| 104|0x0000000086800000, 0x0000000086800000, 0x0000000086900000|  0%| F|  |TAMS 0x0000000086800000, 0x0000000086800000| Untracked 
| 105|0x0000000086900000, 0x0000000086900000, 0x0000000086a00000|  0%| F|  |TAMS 0x0000000086900000, 0x0000000086900000| Untracked 
| 106|0x0000000086a00000, 0x0000000086a00000, 0x0000000086b00000|  0%| F|  |TAMS 0x0000000086a00000, 0x0000000086a00000| Untracked 
| 107|0x0000000086b00000, 0x0000000086b00000, 0x0000000086c00000|  0%| F|  |TAMS 0x0000000086b00000, 0x0000000086b00000| Untracked 
| 108|0x0000000086c00000, 0x0000000086c00000, 0x0000000086d00000|  0%| F|  |TAMS 0x0000000086c00000, 0x0000000086c00000| Untracked 
| 109|0x0000000086d00000, 0x0000000086d00000, 0x0000000086e00000|  0%| F|  |TAMS 0x0000000086d00000, 0x0000000086d00000| Untracked 
| 110|0x0000000086e00000, 0x0000000086e00000, 0x0000000086f00000|  0%| F|  |TAMS 0x0000000086e00000, 0x0000000086e00000| Untracked 
| 111|0x0000000086f00000, 0x0000000086f00000, 0x0000000087000000|  0%| F|  |TAMS 0x0000000086f00000, 0x0000000086f00000| Untracked 
| 112|0x0000000087000000, 0x0000000087000000, 0x0000000087100000|  0%| F|  |TAMS 0x0000000087000000, 0x0000000087000000| Untracked 
| 113|0x0000000087100000, 0x0000000087100000, 0x0000000087200000|  0%| F|  |TAMS 0x0000000087100000, 0x0000000087100000| Untracked 
| 114|0x0000000087200000, 0x0000000087200000, 0x0000000087300000|  0%| F|  |TAMS 0x0000000087200000, 0x0000000087200000| Untracked 
| 115|0x0000000087300000, 0x0000000087300000, 0x0000000087400000|  0%| F|  |TAMS 0x0000000087300000, 0x0000000087300000| Untracked 
| 116|0x0000000087400000, 0x0000000087400000, 0x0000000087500000|  0%| F|  |TAMS 0x0000000087400000, 0x0000000087400000| Untracked 
| 117|0x0000000087500000, 0x0000000087500000, 0x0000000087600000|  0%| F|  |TAMS 0x0000000087500000, 0x0000000087500000| Untracked 
| 118|0x0000000087600000, 0x0000000087600000, 0x0000000087700000|  0%| F|  |TAMS 0x0000000087600000, 0x0000000087600000| Untracked 
| 119|0x0000000087700000, 0x0000000087700000, 0x0000000087800000|  0%| F|  |TAMS 0x0000000087700000, 0x0000000087700000| Untracked 
| 120|0x0000000087800000, 0x0000000087800000, 0x0000000087900000|  0%| F|  |TAMS 0x0000000087800000, 0x0000000087800000| Untracked 
| 121|0x0000000087900000, 0x0000000087900000, 0x0000000087a00000|  0%| F|  |TAMS 0x0000000087900000, 0x0000000087900000| Untracked 
| 122|0x0000000087a00000, 0x0000000087a00000, 0x0000000087b00000|  0%| F|  |TAMS 0x0000000087a00000, 0x0000000087a00000| Untracked 
| 123|0x0000000087b00000, 0x0000000087b00000, 0x0000000087c00000|  0%| F|  |TAMS 0x0000000087b00000, 0x0000000087b00000| Untracked 
| 124|0x0000000087c00000, 0x0000000087c00000, 0x0000000087d00000|  0%| F|  |TAMS 0x0000000087c00000, 0x0000000087c00000| Untracked 
| 125|0x0000000087d00000, 0x0000000087d00000, 0x0000000087e00000|  0%| F|  |TAMS 0x0000000087d00000, 0x0000000087d00000| Untracked 
| 126|0x0000000087e00000, 0x0000000087e00000, 0x0000000087f00000|  0%| F|  |TAMS 0x0000000087e00000, 0x0000000087e00000| Untracked 
| 127|0x0000000087f00000, 0x0000000087f00000, 0x0000000088000000|  0%| F|  |TAMS 0x0000000087f00000, 0x0000000087f00000| Untracked 
| 128|0x0000000088000000, 0x0000000088000000, 0x0000000088100000|  0%| F|  |TAMS 0x0000000088000000, 0x0000000088000000| Untracked 
| 129|0x0000000088100000, 0x0000000088100000, 0x0000000088200000|  0%| F|  |TAMS 0x0000000088100000, 0x0000000088100000| Untracked 
| 130|0x0000000088200000, 0x0000000088200000, 0x0000000088300000|  0%| F|  |TAMS 0x0000000088200000, 0x0000000088200000| Untracked 
| 131|0x0000000088300000, 0x0000000088300000, 0x0000000088400000|  0%| F|  |TAMS 0x0000000088300000, 0x0000000088300000| Untracked 
| 132|0x0000000088400000, 0x0000000088400000, 0x0000000088500000|  0%| F|  |TAMS 0x0000000088400000, 0x0000000088400000| Untracked 
| 133|0x0000000088500000, 0x0000000088500000, 0x0000000088600000|  0%| F|  |TAMS 0x0000000088500000, 0x0000000088500000| Untracked 
| 134|0x0000000088600000, 0x0000000088600000, 0x0000000088700000|  0%| F|  |TAMS 0x0000000088600000, 0x0000000088600000| Untracked 
| 135|0x0000000088700000, 0x0000000088700000, 0x0000000088800000|  0%| F|  |TAMS 0x0000000088700000, 0x0000000088700000| Untracked 
| 136|0x0000000088800000, 0x0000000088800000, 0x0000000088900000|  0%| F|  |TAMS 0x0000000088800000, 0x0000000088800000| Untracked 
| 137|0x0000000088900000, 0x0000000088900000, 0x0000000088a00000|  0%| F|  |TAMS 0x0000000088900000, 0x0000000088900000| Untracked 
| 138|0x0000000088a00000, 0x0000000088a00000, 0x0000000088b00000|  0%| F|  |TAMS 0x0000000088a00000, 0x0000000088a00000| Untracked 
| 139|0x0000000088b00000, 0x0000000088b00000, 0x0000000088c00000|  0%| F|  |TAMS 0x0000000088b00000, 0x0000000088b00000| Untracked 
| 140|0x0000000088c00000, 0x0000000088c00000, 0x0000000088d00000|  0%| F|  |TAMS 0x0000000088c00000, 0x0000000088c00000| Untracked 
| 141|0x0000000088d00000, 0x0000000088d00000, 0x0000000088e00000|  0%| F|  |TAMS 0x0000000088d00000, 0x0000000088d00000| Untracked 
| 142|0x0000000088e00000, 0x0000000088e00000, 0x0000000088f00000|  0%| F|  |TAMS 0x0000000088e00000, 0x0000000088e00000| Untracked 
| 143|0x0000000088f00000, 0x0000000088f00000, 0x0000000089000000|  0%| F|  |TAMS 0x0000000088f00000, 0x0000000088f00000| Untracked 
| 144|0x0000000089000000, 0x0000000089000000, 0x0000000089100000|  0%| F|  |TAMS 0x0000000089000000, 0x0000000089000000| Untracked 
| 145|0x0000000089100000, 0x0000000089100000, 0x0000000089200000|  0%| F|  |TAMS 0x0000000089100000, 0x0000000089100000| Untracked 
| 146|0x0000000089200000, 0x0000000089200000, 0x0000000089300000|  0%| F|  |TAMS 0x0000000089200000, 0x0000000089200000| Untracked 
| 147|0x0000000089300000, 0x0000000089300000, 0x0000000089400000|  0%| F|  |TAMS 0x0000000089300000, 0x0000000089300000| Untracked 
| 148|0x0000000089400000, 0x0000000089400000, 0x0000000089500000|  0%| F|  |TAMS 0x0000000089400000, 0x0000000089400000| Untracked 
| 149|0x0000000089500000, 0x0000000089500000, 0x0000000089600000|  0%| F|  |TAMS 0x0000000089500000, 0x0000000089500000| Untracked 
| 150|0x0000000089600000, 0x0000000089600000, 0x0000000089700000|  0%| F|  |TAMS 0x0000000089600000, 0x0000000089600000| Untracked 
| 151|0x0000000089700000, 0x0000000089700000, 0x0000000089800000|  0%| F|  |TAMS 0x0000000089700000, 0x0000000089700000| Untracked 
| 152|0x0000000089800000, 0x0000000089800000, 0x0000000089900000|  0%| F|  |TAMS 0x0000000089800000, 0x0000000089800000| Untracked 
| 153|0x0000000089900000, 0x0000000089900000, 0x0000000089a00000|  0%| F|  |TAMS 0x0000000089900000, 0x0000000089900000| Untracked 
| 154|0x0000000089a00000, 0x0000000089a00000, 0x0000000089b00000|  0%| F|  |TAMS 0x0000000089a00000, 0x0000000089a00000| Untracked 
| 155|0x0000000089b00000, 0x0000000089b00000, 0x0000000089c00000|  0%| F|  |TAMS 0x0000000089b00000, 0x0000000089b00000| Untracked 
| 156|0x0000000089c00000, 0x0000000089c00000, 0x0000000089d00000|  0%| F|  |TAMS 0x0000000089c00000, 0x0000000089c00000| Untracked 
| 157|0x0000000089d00000, 0x0000000089d00000, 0x0000000089e00000|  0%| F|  |TAMS 0x0000000089d00000, 0x0000000089d00000| Untracked 
| 158|0x0000000089e00000, 0x0000000089e00000, 0x0000000089f00000|  0%| F|  |TAMS 0x0000000089e00000, 0x0000000089e00000| Untracked 
| 159|0x0000000089f00000, 0x0000000089f00000, 0x000000008a000000|  0%| F|  |TAMS 0x0000000089f00000, 0x0000000089f00000| Untracked 
| 160|0x000000008a000000, 0x000000008a000000, 0x000000008a100000|  0%| F|  |TAMS 0x000000008a000000, 0x000000008a000000| Untracked 
| 161|0x000000008a100000, 0x000000008a100000, 0x000000008a200000|  0%| F|  |TAMS 0x000000008a100000, 0x000000008a100000| Untracked 
| 162|0x000000008a200000, 0x000000008a200000, 0x000000008a300000|  0%| F|  |TAMS 0x000000008a200000, 0x000000008a200000| Untracked 
| 163|0x000000008a300000, 0x000000008a300000, 0x000000008a400000|  0%| F|  |TAMS 0x000000008a300000, 0x000000008a300000| Untracked 
| 164|0x000000008a400000, 0x000000008a400000, 0x000000008a500000|  0%| F|  |TAMS 0x000000008a400000, 0x000000008a400000| Untracked 
| 165|0x000000008a500000, 0x000000008a500000, 0x000000008a600000|  0%| F|  |TAMS 0x000000008a500000, 0x000000008a500000| Untracked 
| 166|0x000000008a600000, 0x000000008a600000, 0x000000008a700000|  0%| F|  |TAMS 0x000000008a600000, 0x000000008a600000| Untracked 
| 167|0x000000008a700000, 0x000000008a700000, 0x000000008a800000|  0%| F|  |TAMS 0x000000008a700000, 0x000000008a700000| Untracked 
| 168|0x000000008a800000, 0x000000008a800000, 0x000000008a900000|  0%| F|  |TAMS 0x000000008a800000, 0x000000008a800000| Untracked 
| 169|0x000000008a900000, 0x000000008a900000, 0x000000008aa00000|  0%| F|  |TAMS 0x000000008a900000, 0x000000008a900000| Untracked 
| 170|0x000000008aa00000, 0x000000008aa00000, 0x000000008ab00000|  0%| F|  |TAMS 0x000000008aa00000, 0x000000008aa00000| Untracked 
| 171|0x000000008ab00000, 0x000000008ab00000, 0x000000008ac00000|  0%| F|  |TAMS 0x000000008ab00000, 0x000000008ab00000| Untracked 
| 172|0x000000008ac00000, 0x000000008ac00000, 0x000000008ad00000|  0%| F|  |TAMS 0x000000008ac00000, 0x000000008ac00000| Untracked 
| 173|0x000000008ad00000, 0x000000008ad00000, 0x000000008ae00000|  0%| F|  |TAMS 0x000000008ad00000, 0x000000008ad00000| Untracked 
| 174|0x000000008ae00000, 0x000000008ae00000, 0x000000008af00000|  0%| F|  |TAMS 0x000000008ae00000, 0x000000008ae00000| Untracked 
| 175|0x000000008af00000, 0x000000008af00000, 0x000000008b000000|  0%| F|  |TAMS 0x000000008af00000, 0x000000008af00000| Untracked 
| 176|0x000000008b000000, 0x000000008b000000, 0x000000008b100000|  0%| F|  |TAMS 0x000000008b000000, 0x000000008b000000| Untracked 
| 177|0x000000008b100000, 0x000000008b100000, 0x000000008b200000|  0%| F|  |TAMS 0x000000008b100000, 0x000000008b100000| Untracked 
| 178|0x000000008b200000, 0x000000008b200000, 0x000000008b300000|  0%| F|  |TAMS 0x000000008b200000, 0x000000008b200000| Untracked 
| 179|0x000000008b300000, 0x000000008b400000, 0x000000008b400000|100%| E|  |TAMS 0x000000008b300000, 0x000000008b300000| Complete 
| 180|0x000000008b400000, 0x000000008b500000, 0x000000008b500000|100%| E|CS|TAMS 0x000000008b400000, 0x000000008b400000| Complete 
| 181|0x000000008b500000, 0x000000008b600000, 0x000000008b600000|100%| E|CS|TAMS 0x000000008b500000, 0x000000008b500000| Complete 
| 182|0x000000008b600000, 0x000000008b700000, 0x000000008b700000|100%| E|CS|TAMS 0x000000008b600000, 0x000000008b600000| Complete 
| 183|0x000000008b700000, 0x000000008b800000, 0x000000008b800000|100%| E|CS|TAMS 0x000000008b700000, 0x000000008b700000| Complete 
| 184|0x000000008b800000, 0x000000008b900000, 0x000000008b900000|100%| E|CS|TAMS 0x000000008b800000, 0x000000008b800000| Complete 
| 185|0x000000008b900000, 0x000000008ba00000, 0x000000008ba00000|100%| E|CS|TAMS 0x000000008b900000, 0x000000008b900000| Complete 
| 186|0x000000008ba00000, 0x000000008bb00000, 0x000000008bb00000|100%| E|CS|TAMS 0x000000008ba00000, 0x000000008ba00000| Complete 
| 187|0x000000008bb00000, 0x000000008bc00000, 0x000000008bc00000|100%| E|CS|TAMS 0x000000008bb00000, 0x000000008bb00000| Complete 
| 188|0x000000008bc00000, 0x000000008bd00000, 0x000000008bd00000|100%| E|CS|TAMS 0x000000008bc00000, 0x000000008bc00000| Complete 
| 189|0x000000008bd00000, 0x000000008be00000, 0x000000008be00000|100%| E|CS|TAMS 0x000000008bd00000, 0x000000008bd00000| Complete 
| 190|0x000000008be00000, 0x000000008bf00000, 0x000000008bf00000|100%| E|CS|TAMS 0x000000008be00000, 0x000000008be00000| Complete 
| 191|0x000000008bf00000, 0x000000008c000000, 0x000000008c000000|100%| E|CS|TAMS 0x000000008bf00000, 0x000000008bf00000| Complete 
| 192|0x000000008c000000, 0x000000008c100000, 0x000000008c100000|100%| E|CS|TAMS 0x000000008c000000, 0x000000008c000000| Complete 
| 193|0x000000008c100000, 0x000000008c200000, 0x000000008c200000|100%| E|CS|TAMS 0x000000008c100000, 0x000000008c100000| Complete 
| 194|0x000000008c200000, 0x000000008c300000, 0x000000008c300000|100%| E|CS|TAMS 0x000000008c200000, 0x000000008c200000| Complete 
| 195|0x000000008c300000, 0x000000008c400000, 0x000000008c400000|100%| E|CS|TAMS 0x000000008c300000, 0x000000008c300000| Complete 
| 196|0x000000008c400000, 0x000000008c500000, 0x000000008c500000|100%| E|CS|TAMS 0x000000008c400000, 0x000000008c400000| Complete 
| 197|0x000000008c500000, 0x000000008c600000, 0x000000008c600000|100%| E|CS|TAMS 0x000000008c500000, 0x000000008c500000| Complete 
| 198|0x000000008c600000, 0x000000008c6a3020, 0x000000008c700000| 63%| S|CS|TAMS 0x000000008c600000, 0x000000008c600000| Complete 
| 199|0x000000008c700000, 0x000000008c800000, 0x000000008c800000|100%| S|CS|TAMS 0x000000008c700000, 0x000000008c700000| Complete 
| 200|0x000000008c800000, 0x000000008c900000, 0x000000008c900000|100%| S|CS|TAMS 0x000000008c800000, 0x000000008c800000| Complete 
| 201|0x000000008c900000, 0x000000008ca00000, 0x000000008ca00000|100%| S|CS|TAMS 0x000000008c900000, 0x000000008c900000| Complete 
| 202|0x000000008ca00000, 0x000000008cb00000, 0x000000008cb00000|100%| S|CS|TAMS 0x000000008ca00000, 0x000000008ca00000| Complete 
| 203|0x000000008cb00000, 0x000000008cc00000, 0x000000008cc00000|100%| E|CS|TAMS 0x000000008cb00000, 0x000000008cb00000| Complete 
| 204|0x000000008cc00000, 0x000000008cd00000, 0x000000008cd00000|100%| E|CS|TAMS 0x000000008cc00000, 0x000000008cc00000| Complete 
| 205|0x000000008cd00000, 0x000000008ce00000, 0x000000008ce00000|100%| E|CS|TAMS 0x000000008cd00000, 0x000000008cd00000| Complete 
| 206|0x000000008ce00000, 0x000000008cf00000, 0x000000008cf00000|100%| E|CS|TAMS 0x000000008ce00000, 0x000000008ce00000| Complete 
| 207|0x000000008cf00000, 0x000000008d000000, 0x000000008d000000|100%| E|CS|TAMS 0x000000008cf00000, 0x000000008cf00000| Complete 
| 208|0x000000008d000000, 0x000000008d100000, 0x000000008d100000|100%| E|CS|TAMS 0x000000008d000000, 0x000000008d000000| Complete 
| 209|0x000000008d100000, 0x000000008d200000, 0x000000008d200000|100%| E|CS|TAMS 0x000000008d100000, 0x000000008d100000| Complete 
| 210|0x000000008d200000, 0x000000008d300000, 0x000000008d300000|100%| E|CS|TAMS 0x000000008d200000, 0x000000008d200000| Complete 
| 211|0x000000008d300000, 0x000000008d400000, 0x000000008d400000|100%| E|CS|TAMS 0x000000008d300000, 0x000000008d300000| Complete 
| 212|0x000000008d400000, 0x000000008d500000, 0x000000008d500000|100%| E|CS|TAMS 0x000000008d400000, 0x000000008d400000| Complete 
| 213|0x000000008d500000, 0x000000008d600000, 0x000000008d600000|100%| E|CS|TAMS 0x000000008d500000, 0x000000008d500000| Complete 
| 214|0x000000008d600000, 0x000000008d700000, 0x000000008d700000|100%| E|CS|TAMS 0x000000008d600000, 0x000000008d600000| Complete 
| 215|0x000000008d700000, 0x000000008d800000, 0x000000008d800000|100%| E|CS|TAMS 0x000000008d700000, 0x000000008d700000| Complete 
| 216|0x000000008d800000, 0x000000008d900000, 0x000000008d900000|100%| E|CS|TAMS 0x000000008d800000, 0x000000008d800000| Complete 
| 217|0x000000008d900000, 0x000000008da00000, 0x000000008da00000|100%| E|CS|TAMS 0x000000008d900000, 0x000000008d900000| Complete 
| 218|0x000000008da00000, 0x000000008db00000, 0x000000008db00000|100%| E|CS|TAMS 0x000000008da00000, 0x000000008da00000| Complete 
| 219|0x000000008db00000, 0x000000008dc00000, 0x000000008dc00000|100%| E|CS|TAMS 0x000000008db00000, 0x000000008db00000| Complete 
| 220|0x000000008dc00000, 0x000000008dd00000, 0x000000008dd00000|100%| E|CS|TAMS 0x000000008dc00000, 0x000000008dc00000| Complete 
| 221|0x000000008dd00000, 0x000000008de00000, 0x000000008de00000|100%| E|CS|TAMS 0x000000008dd00000, 0x000000008dd00000| Complete 
| 222|0x000000008de00000, 0x000000008df00000, 0x000000008df00000|100%| E|CS|TAMS 0x000000008de00000, 0x000000008de00000| Complete 
| 223|0x000000008df00000, 0x000000008e000000, 0x000000008e000000|100%| E|CS|TAMS 0x000000008df00000, 0x000000008df00000| Complete 
| 224|0x000000008e000000, 0x000000008e100000, 0x000000008e100000|100%| E|CS|TAMS 0x000000008e000000, 0x000000008e000000| Complete 
| 225|0x000000008e100000, 0x000000008e200000, 0x000000008e200000|100%| E|CS|TAMS 0x000000008e100000, 0x000000008e100000| Complete 
| 226|0x000000008e200000, 0x000000008e300000, 0x000000008e300000|100%| E|CS|TAMS 0x000000008e200000, 0x000000008e200000| Complete 
| 227|0x000000008e300000, 0x000000008e400000, 0x000000008e400000|100%| E|CS|TAMS 0x000000008e300000, 0x000000008e300000| Complete 
| 228|0x000000008e400000, 0x000000008e500000, 0x000000008e500000|100%| E|CS|TAMS 0x000000008e400000, 0x000000008e400000| Complete 
| 229|0x000000008e500000, 0x000000008e600000, 0x000000008e600000|100%| E|CS|TAMS 0x000000008e500000, 0x000000008e500000| Complete 
| 230|0x000000008e600000, 0x000000008e700000, 0x000000008e700000|100%| E|CS|TAMS 0x000000008e600000, 0x000000008e600000| Complete 
| 231|0x000000008e700000, 0x000000008e800000, 0x000000008e800000|100%| E|CS|TAMS 0x000000008e700000, 0x000000008e700000| Complete 
| 232|0x000000008e800000, 0x000000008e900000, 0x000000008e900000|100%| E|CS|TAMS 0x000000008e800000, 0x000000008e800000| Complete 
| 233|0x000000008e900000, 0x000000008ea00000, 0x000000008ea00000|100%| E|CS|TAMS 0x000000008e900000, 0x000000008e900000| Complete 
| 234|0x000000008ea00000, 0x000000008eb00000, 0x000000008eb00000|100%| E|CS|TAMS 0x000000008ea00000, 0x000000008ea00000| Complete 
| 235|0x000000008eb00000, 0x000000008ec00000, 0x000000008ec00000|100%| E|CS|TAMS 0x000000008eb00000, 0x000000008eb00000| Complete 
| 236|0x000000008ec00000, 0x000000008ed00000, 0x000000008ed00000|100%| E|CS|TAMS 0x000000008ec00000, 0x000000008ec00000| Complete 
| 237|0x000000008ed00000, 0x000000008ee00000, 0x000000008ee00000|100%| E|CS|TAMS 0x000000008ed00000, 0x000000008ed00000| Complete 
| 238|0x000000008ee00000, 0x000000008ef00000, 0x000000008ef00000|100%| E|CS|TAMS 0x000000008ee00000, 0x000000008ee00000| Complete 
| 239|0x000000008ef00000, 0x000000008f000000, 0x000000008f000000|100%| E|CS|TAMS 0x000000008ef00000, 0x000000008ef00000| Complete 
| 240|0x000000008f000000, 0x000000008f100000, 0x000000008f100000|100%| E|CS|TAMS 0x000000008f000000, 0x000000008f000000| Complete 
| 241|0x000000008f100000, 0x000000008f200000, 0x000000008f200000|100%| E|CS|TAMS 0x000000008f100000, 0x000000008f100000| Complete 
| 242|0x000000008f200000, 0x000000008f300000, 0x000000008f300000|100%| E|CS|TAMS 0x000000008f200000, 0x000000008f200000| Complete 
| 243|0x000000008f300000, 0x000000008f400000, 0x000000008f400000|100%| E|CS|TAMS 0x000000008f300000, 0x000000008f300000| Complete 
| 244|0x000000008f400000, 0x000000008f500000, 0x000000008f500000|100%| E|CS|TAMS 0x000000008f400000, 0x000000008f400000| Complete 
| 245|0x000000008f500000, 0x000000008f600000, 0x000000008f600000|100%| E|CS|TAMS 0x000000008f500000, 0x000000008f500000| Complete 
| 246|0x000000008f600000, 0x000000008f700000, 0x000000008f700000|100%| E|CS|TAMS 0x000000008f600000, 0x000000008f600000| Complete 
| 247|0x000000008f700000, 0x000000008f800000, 0x000000008f800000|100%| E|CS|TAMS 0x000000008f700000, 0x000000008f700000| Complete 
| 248|0x000000008f800000, 0x000000008f900000, 0x000000008f900000|100%| E|CS|TAMS 0x000000008f800000, 0x000000008f800000| Complete 
| 249|0x000000008f900000, 0x000000008fa00000, 0x000000008fa00000|100%| E|CS|TAMS 0x000000008f900000, 0x000000008f900000| Complete 
| 250|0x000000008fa00000, 0x000000008fb00000, 0x000000008fb00000|100%| E|CS|TAMS 0x000000008fa00000, 0x000000008fa00000| Complete 
| 251|0x000000008fb00000, 0x000000008fc00000, 0x000000008fc00000|100%| E|CS|TAMS 0x000000008fb00000, 0x000000008fb00000| Complete 
| 252|0x000000008fc00000, 0x000000008fd00000, 0x000000008fd00000|100%| E|CS|TAMS 0x000000008fc00000, 0x000000008fc00000| Complete 
| 253|0x000000008fd00000, 0x000000008fe00000, 0x000000008fe00000|100%| E|CS|TAMS 0x000000008fd00000, 0x000000008fd00000| Complete 

Card table byte_map: [0x00000218f92c0000,0x00000218f96c0000] _byte_map_base: 0x00000218f8ec0000

Marking Bits (Prev, Next): (CMBitMap*) 0x00000218f0eae560, (CMBitMap*) 0x00000218f0eae5a0
 Prev Bits: [0x00000218f9ac0000, 0x00000218fbac0000)
 Next Bits: [0x00000218fbac0000, 0x00000218fdac0000)

Polling page: 0x00000218f0600000

Metaspace:

Usage:
  Non-class:     14.67 MB used.
      Class:      2.43 MB used.
       Both:     17.10 MB used.

Virtual space:
  Non-class space:       64.00 MB reserved,      14.81 MB ( 23%) committed,  1 nodes.
      Class space:      416.00 MB reserved,       2.62 MB ( <1%) committed,  1 nodes.
             Both:      480.00 MB reserved,      17.44 MB (  4%) committed. 

Chunk freelists:
   Non-Class:  1.09 MB
       Class:  13.42 MB
        Both:  14.51 MB

MaxMetaspaceSize: 512.00 MB
CompressedClassSpaceSize: 416.00 MB
Initial GC threshold: 21.00 MB
Current GC threshold: 21.00 MB
CDS: on
MetaspaceReclaimPolicy: balanced
 - commit_granule_bytes: 65536.
 - commit_granule_words: 8192.
 - virtual_space_node_default_size: 8388608.
 - enlarge_chunks_in_place: 1.
 - new_chunks_are_fully_committed: 0.
 - uncommit_free_chunks: 1.
 - use_allocation_guard: 0.
 - handle_deallocations: 1.


Internal statistics:

num_allocs_failed_limit: 0.
num_arena_births: 196.
num_arena_deaths: 0.
num_vsnodes_births: 2.
num_vsnodes_deaths: 0.
num_space_committed: 279.
num_space_uncommitted: 0.
num_chunks_returned_to_freelist: 0.
num_chunks_taken_from_freelist: 767.
num_chunk_merges: 0.
num_chunk_splits: 523.
num_chunks_enlarged: 388.
num_inconsistent_stats: 0.

CodeHeap 'non-profiled nmethods': size=120000Kb used=1292Kb max_used=1292Kb free=118707Kb
 bounds [0x0000021887ad0000, 0x0000021887d40000, 0x000002188f000000]
CodeHeap 'profiled nmethods': size=120000Kb used=5006Kb max_used=5006Kb free=114993Kb
 bounds [0x0000021880000000, 0x00000218804f0000, 0x0000021887530000]
CodeHeap 'non-nmethods': size=5760Kb used=1234Kb max_used=1294Kb free=4525Kb
 bounds [0x0000021887530000, 0x00000218877a0000, 0x0000021887ad0000]
 total_blobs=3003 nmethods=2462 adapters=453
 compilation: enabled
              stopped_count=0, restarted_count=0
 full_count=0

Compilation events (20 events):
Event: 2.163 Thread 0x000002188f99a110 2451       3       java.lang.Class::copyConstructors (38 bytes)
Event: 2.164 Thread 0x000002188f99a110 nmethod 2451 0x00000218804da510 code [0x00000218804da780, 0x00000218804db328]
Event: 2.173 Thread 0x000002188f99a110 2452       3       java.lang.Class::isLocalOrAnonymousClass (5 bytes)
Event: 2.174 Thread 0x000002188f99a110 nmethod 2452 0x00000218804db790 code [0x00000218804db940, 0x00000218804dbb58]
Event: 2.174 Thread 0x000002188f99a110 2453       3       java.lang.Class::hasEnclosingMethodInfo (17 bytes)
Event: 2.174 Thread 0x000002188f99a110 nmethod 2453 0x00000218804dbc10 code [0x00000218804dbdc0, 0x00000218804dbf98]
Event: 2.176 Thread 0x000002188f99a110 2454       3       sun.reflect.annotation.AnnotationParser::parseArrayElements (101 bytes)
Event: 2.177 Thread 0x000002188f99a110 nmethod 2454 0x00000218804dc090 code [0x00000218804dc2a0, 0x00000218804dcbb8]
Event: 2.179 Thread 0x000002188f99a110 2455       3       org.gradle.internal.service.ServiceAccess::getPublicScope (4 bytes)
Event: 2.180 Thread 0x000002188f99a110 nmethod 2455 0x00000218804dce10 code [0x00000218804dcfa0, 0x00000218804dd098]
Event: 2.181 Thread 0x000002188f99a110 2456       3       sun.reflect.annotation.AnnotationParser::parseClassArray (19 bytes)
Event: 2.181 Thread 0x000002188f99a110 nmethod 2456 0x00000218804dd110 code [0x00000218804dd320, 0x00000218804ddc18]
Event: 2.181 Thread 0x000002188f99a110 2457       3       sun.reflect.annotation.AnnotationParser$$Lambda$31/0x00000218910534d8::<init> (20 bytes)
Event: 2.182 Thread 0x000002188f99a110 nmethod 2457 0x00000218804ddf10 code [0x00000218804de0c0, 0x00000218804de338]
Event: 2.185 Thread 0x000002188f99a110 2458       3       jdk.proxy1.$Proxy4::<init> (6 bytes)
Event: 2.186 Thread 0x000002188f99a110 nmethod 2458 0x00000218804de410 code [0x00000218804de5e0, 0x00000218804de968]
Event: 2.186 Thread 0x000002188f99a110 2459   !   3       jdk.proxy1.$Proxy4::annotationType (29 bytes)
Event: 2.186 Thread 0x000002188f99a110 nmethod 2459 0x00000218804deb10 code [0x00000218804dece0, 0x00000218804df0d8]
Event: 2.196 Thread 0x000002188f99a110 2460       1       java.util.concurrent.atomic.AtomicInteger::get (5 bytes)
Event: 2.196 Thread 0x000002188f99a110 nmethod 2460 0x0000021887c13010 code [0x0000021887c131a0, 0x0000021887c13278]

GC Heap History (6 events):
Event: 0.309 GC heap before
{Heap before GC invocations=0 (full 0):
 garbage-first heap   total 260096K, used 22528K [0x0000000080000000, 0x0000000100000000)
  region size 1024K, 23 young (23552K), 0 survivors (0K)
 Metaspace       used 1056K, committed 1216K, reserved 491520K
  class space    used 73K, committed 128K, reserved 425984K
}
Event: 0.311 GC heap after
{Heap after GC invocations=1 (full 0):
 garbage-first heap   total 260096K, used 3856K [0x0000000080000000, 0x0000000100000000)
  region size 1024K, 3 young (3072K), 3 survivors (3072K)
 Metaspace       used 1056K, committed 1216K, reserved 491520K
  class space    used 73K, committed 128K, reserved 425984K
}
Event: 0.760 GC heap before
{Heap before GC invocations=1 (full 0):
 garbage-first heap   total 260096K, used 40720K [0x0000000080000000, 0x0000000100000000)
  region size 1024K, 36 young (36864K), 3 survivors (3072K)
 Metaspace       used 4357K, committed 4544K, reserved 491520K
  class space    used 545K, committed 640K, reserved 425984K
}
Event: 0.763 GC heap after
{Heap after GC invocations=2 (full 0):
 garbage-first heap   total 260096K, used 11608K [0x0000000080000000, 0x0000000100000000)
  region size 1024K, 5 young (5120K), 5 survivors (5120K)
 Metaspace       used 4357K, committed 4544K, reserved 491520K
  class space    used 545K, committed 640K, reserved 425984K
}
Event: 1.150 GC heap before
{Heap before GC invocations=2 (full 0):
 garbage-first heap   total 260096K, used 60760K [0x0000000080000000, 0x0000000100000000)
  region size 1024K, 51 young (52224K), 5 survivors (5120K)
 Metaspace       used 5170K, committed 5376K, reserved 491520K
  class space    used 686K, committed 768K, reserved 425984K
}
Event: 1.153 GC heap after
{Heap after GC invocations=3 (full 0):
 garbage-first heap   total 260096K, used 17198K [0x0000000080000000, 0x0000000100000000)
  region size 1024K, 5 young (5120K), 5 survivors (5120K)
 Metaspace       used 5170K, committed 5376K, reserved 491520K
  class space    used 686K, committed 768K, reserved 425984K
}

Dll operation events (16 events):
Event: 0.006 Loaded shared library C:\Program Files\Microsoft\jdk-17.0.10.7-hotspot\bin\java.dll
Event: 0.022 Loaded shared library C:\Program Files\Microsoft\jdk-17.0.10.7-hotspot\bin\jsvml.dll
Event: 0.064 Loaded shared library C:\Program Files\Microsoft\jdk-17.0.10.7-hotspot\bin\zip.dll
Event: 0.066 Loaded shared library C:\Program Files\Microsoft\jdk-17.0.10.7-hotspot\bin\instrument.dll
Event: 0.070 Loaded shared library C:\Program Files\Microsoft\jdk-17.0.10.7-hotspot\bin\net.dll
Event: 0.072 Loaded shared library C:\Program Files\Microsoft\jdk-17.0.10.7-hotspot\bin\nio.dll
Event: 0.073 Loaded shared library C:\Program Files\Microsoft\jdk-17.0.10.7-hotspot\bin\zip.dll
Event: 0.244 Loaded shared library C:\Program Files\Microsoft\jdk-17.0.10.7-hotspot\bin\jimage.dll
Event: 0.356 Loaded shared library C:\Program Files\Microsoft\jdk-17.0.10.7-hotspot\bin\verify.dll
Event: 0.491 Loaded shared library C:\Users\zinzi\.gradle\native\1def1411415f61bf3af743bc5b6707747c0891f09f0c88961ee8f79bc544acac\windows-amd64\native-platform.dll
Event: 0.497 Loaded shared library C:\Users\zinzi\.gradle\native\0.2.5\x86_64-windows-gnu\gradle-fileevents.dll
Event: 1.211 Loaded shared library C:\Program Files\Microsoft\jdk-17.0.10.7-hotspot\bin\management.dll
Event: 1.213 Loaded shared library C:\Program Files\Microsoft\jdk-17.0.10.7-hotspot\bin\management_ext.dll
Event: 1.347 Loaded shared library C:\Program Files\Microsoft\jdk-17.0.10.7-hotspot\bin\extnet.dll
Event: 1.547 Loaded shared library C:\Program Files\Microsoft\jdk-17.0.10.7-hotspot\bin\sunmscapi.dll
Event: 1.989 Loaded shared library C:\Users\zinzi\AppData\Local\Temp\native-platform10965477190783291260dir\gradle-fileevents.dll

Deoptimization events (20 events):
Event: 1.967 Thread 0x00000218b05ccf40 Uncommon trap: trap_request=0xffffff45 fr.pc=0x0000021887aee2e8 relative=0x0000000000000ae8
Event: 1.967 Thread 0x00000218b05ccf40 Uncommon trap: reason=unstable_if action=reinterpret pc=0x0000021887aee2e8 method=java.io.WinNTFileSystem.resolve(Ljava/lang/String;Ljava/lang/String;)Ljava/lang/String; @ 19 c2
Event: 1.967 Thread 0x00000218b05ccf40 DEOPT PACKING pc=0x0000021887aee2e8 sp=0x000000a1b85fb3b0
Event: 1.968 Thread 0x00000218b05ccf40 DEOPT UNPACKING pc=0x00000218875869a3 sp=0x000000a1b85fb358 mode 2
Event: 1.968 Thread 0x00000218b05ccf40 Uncommon trap: trap_request=0xffffff45 fr.pc=0x0000021887b64fe0 relative=0x0000000000000620
Event: 1.968 Thread 0x00000218b05ccf40 Uncommon trap: reason=unstable_if action=reinterpret pc=0x0000021887b64fe0 method=java.io.File.getName()Ljava/lang/String; @ 16 c2
Event: 1.968 Thread 0x00000218b05ccf40 DEOPT PACKING pc=0x0000021887b64fe0 sp=0x000000a1b85fb360
Event: 1.968 Thread 0x00000218b05ccf40 DEOPT UNPACKING pc=0x00000218875869a3 sp=0x000000a1b85fb330 mode 2
Event: 1.981 Thread 0x00000218b05ccf40 DEOPT PACKING pc=0x00000218800e053d sp=0x000000a1b85faca0
Event: 1.981 Thread 0x00000218b05ccf40 DEOPT UNPACKING pc=0x0000021887587143 sp=0x000000a1b85fa138 mode 0
Event: 2.020 Thread 0x00000218b05ccf40 Uncommon trap: trap_request=0xffffff45 fr.pc=0x0000021887b09d04 relative=0x00000000000000e4
Event: 2.020 Thread 0x00000218b05ccf40 Uncommon trap: reason=unstable_if action=reinterpret pc=0x0000021887b09d04 method=java.util.HashMap.hash(Ljava/lang/Object;)I @ 1 c2
Event: 2.020 Thread 0x00000218b05ccf40 DEOPT PACKING pc=0x0000021887b09d04 sp=0x000000a1b85fc3d0
Event: 2.020 Thread 0x00000218b05ccf40 DEOPT UNPACKING pc=0x00000218875869a3 sp=0x000000a1b85fc310 mode 2
Event: 2.129 Thread 0x00000218b05ccf40 DEOPT PACKING pc=0x00000218803f1bc9 sp=0x000000a1b85f69e0
Event: 2.129 Thread 0x00000218b05ccf40 DEOPT UNPACKING pc=0x0000021887587143 sp=0x000000a1b85f5ef0 mode 0
Event: 2.143 Thread 0x00000218b05ccf40 DEOPT PACKING pc=0x00000218803f1bc9 sp=0x000000a1b85f79d0
Event: 2.143 Thread 0x00000218b05ccf40 DEOPT UNPACKING pc=0x0000021887587143 sp=0x000000a1b85f6ee0 mode 0
Event: 2.152 Thread 0x00000218b05ccf40 DEOPT PACKING pc=0x00000218803f1bc9 sp=0x000000a1b85fb380
Event: 2.152 Thread 0x00000218b05ccf40 DEOPT UNPACKING pc=0x0000021887587143 sp=0x000000a1b85fa890 mode 0

Classes unloaded (0 events):
No events

Classes redefined (0 events):
No events

Internal exceptions (20 events):
Event: 1.654 Thread 0x00000218b05ccf40 Exception <a 'java/lang/NoSuchMethodError'{0x000000008e5dc7e8}: 'long java.lang.invoke.DirectMethodHandle$Holder.invokeInterface(java.lang.Object, java.lang.Object)'> (0x000000008e5dc7e8) 
thrown [s\src\hotspot\share\interpreter\linkResolver.cpp, line 759]
Event: 1.703 Thread 0x00000218b05ccf40 Exception <a 'java/lang/NoSuchMethodError'{0x000000008e05a9d0}: 'void java.lang.invoke.DirectMethodHandle$Holder.invokeStatic(java.lang.Object, java.lang.Object)'> (0x000000008e05a9d0) 
thrown [s\src\hotspot\share\interpreter\linkResolver.cpp, line 759]
Event: 1.731 Thread 0x00000218b05ccf40 Exception <a 'java/lang/NoSuchMethodError'{0x000000008de71198}: 'int java.lang.invoke.DirectMethodHandle$Holder.invokeVirtual(java.lang.Object, java.lang.Object, java.lang.Object)'> (0x000000008de71198) 
thrown [s\src\hotspot\share\interpreter\linkResolver.cpp, line 759]
Event: 1.763 Thread 0x00000218b05ccf40 Exception <a 'java/lang/NoSuchMethodError'{0x000000008db090d0}: 'java.lang.Object java.lang.invoke.DirectMethodHandle$Holder.newInvokeSpecial(java.lang.Object, java.lang.Object, java.lang.Object, java.lang.Object, java.lang.Object, java.lang.Object)'> (0x000000008db090d0) 
thrown [s\src\hotspot\share\interpreter\linkResolver.cpp, line 759]
Event: 1.806 Thread 0x00000218b05ccf40 Exception <a 'java/lang/NoSuchMethodError'{0x000000008d8128f8}: 'void java.lang.invoke.DelegatingMethodHandle$Holder.reinvoke_L(java.lang.Object, java.lang.Object, java.lang.Object, java.lang.Object, java.lang.Object, java.lang.Object, java.lang.Object, java.lang.Object, java.lang.Object, java.lang.Object)'> (0x000000008d8128f8) 
thrown [s\src\hotspot\share\interpreter\linkResolver.cpp, line 759]
Event: 1.807 Thread 0x00000218b05ccf40 Exception <a 'java/lang/NoSuchMethodError'{0x000000008d81ad68}: 'java.lang.Object java.lang.invoke.DirectMethodHandle$Holder.invokeSpecial(java.lang.Object, java.lang.Object, java.lang.Object, java.lang.Object, java.lang.Object, java.lang.Object, java.lang.Object, java.lang.Object, java.lang.Object, java.lang.Object)'> (0x000000008d81ad68) 
thrown [s\src\hotspot\share\interpreter\linkResolver.cpp, line 759]
Event: 1.807 Thread 0x00000218b05ccf40 Exception <a 'java/lang/NoSuchMethodError'{0x000000008d81f638}: 'java.lang.Object java.lang.invoke.Invokers$Holder.invoker(java.lang.Object, java.lang.Object, java.lang.Object, java.lang.Object, java.lang.Object, java.lang.Object, java.lang.Object, java.lang.Object, java.lang.Object, java.lang.Object)'> (0x000000008d81f638) 
thrown [s\src\hotspot\share\interpreter\linkResolver.cpp, line 759]
Event: 1.808 Thread 0x00000218b05ccf40 Exception <a 'java/lang/NoSuchMethodError'{0x000000008d825240}: 'java.lang.Object java.lang.invoke.DirectMethodHandle$Holder.invokeSpecial(java.lang.Object, java.lang.Object, java.lang.Object, java.lang.Object, java.lang.Object, java.lang.Object, java.lang.Object, java.lang.Object, java.lang.Object, java.lang.Object, java.lang.Object)'> (0x000000008d825240) 
thrown [s\src\hotspot\share\interpreter\linkResolver.cpp, line 759]
Event: 1.917 Thread 0x00000218b05ccf40 Exception <a 'java/lang/NoSuchMethodError'{0x000000008d011850}: 'java.lang.Object java.lang.invoke.DirectMethodHandle$Holder.newInvokeSpecial(java.lang.Object, java.lang.Object, int)'> (0x000000008d011850) 
thrown [s\src\hotspot\share\interpreter\linkResolver.cpp, line 759]
Event: 2.002 Thread 0x00000218b05ccf40 Exception <a 'java/lang/NoSuchMethodError'{0x000000008c5b6010}: 'int java.lang.invoke.DirectMethodHandle$Holder.invokeSpecialIFC(java.lang.Object, java.lang.Object, java.lang.Object, java.lang.Object)'> (0x000000008c5b6010) 
thrown [s\src\hotspot\share\interpreter\linkResolver.cpp, line 759]
Event: 2.003 Thread 0x00000218b05ccf40 Exception <a 'java/lang/NoSuchMethodError'{0x000000008c5c5128}: 'java.lang.Object java.lang.invoke.DirectMethodHandle$Holder.invokeInterface(java.lang.Object, java.lang.Object, java.lang.Object)'> (0x000000008c5c5128) 
thrown [s\src\hotspot\share\interpreter\linkResolver.cpp, line 759]
Event: 2.004 Thread 0x00000218b05ccf40 Exception <a 'java/lang/IncompatibleClassChangeError'{0x000000008c5c8fe8}: Found class java.lang.Object, but interface was expected> (0x000000008c5c8fe8) 
thrown [s\src\hotspot\share\interpreter\linkResolver.cpp, line 826]
Event: 2.020 Thread 0x00000218b05ccf40 Implicit null exception at 0x0000021887b09c60 to 0x0000021887b09cfa
Event: 2.031 Thread 0x00000218b05ccf40 Exception <a 'java/lang/NoSuchMethodError'{0x000000008c3c4410}: 'int java.lang.invoke.DirectMethodHandle$Holder.invokeStatic(java.lang.Object, java.lang.Object, java.lang.Object, java.lang.Object)'> (0x000000008c3c4410) 
thrown [s\src\hotspot\share\interpreter\linkResolver.cpp, line 759]
Event: 2.031 Thread 0x00000218b05ccf40 Exception <a 'java/lang/NoSuchMethodError'{0x000000008c3c82e0}: 'java.lang.Object java.lang.invoke.Invokers$Holder.invokeExact_MT(java.lang.Object, java.lang.Object, java.lang.Object, java.lang.Object, java.lang.Object, java.lang.Object)'> (0x000000008c3c82e0) 
thrown [s\src\hotspot\share\interpreter\linkResolver.cpp, line 759]
Event: 2.077 Thread 0x00000218b05ccf40 Exception <a 'java/lang/IncompatibleClassChangeError'{0x000000008bf96b98}: Found class java.lang.Object, but interface was expected> (0x000000008bf96b98) 
thrown [s\src\hotspot\share\interpreter\linkResolver.cpp, line 826]
Event: 2.110 Thread 0x00000218b05cd450 Exception <a 'java/lang/NoSuchMethodError'{0x000000008e73a530}: static Lorg/gradle/internal/build/event/types/DefaultOperationStartedProgressEvent;.<clinit>()V> (0x000000008e73a530) 
thrown [s\src\hotspot\share\prims\jni.cpp, line 1107]
Event: 2.110 Thread 0x00000218b05cd450 Exception <a 'java/lang/NoSuchMethodError'{0x000000008e73c5b8}: static Lorg/gradle/internal/build/event/types/AbstractProgressEvent;.<clinit>()V> (0x000000008e73c5b8) 
thrown [s\src\hotspot\share\prims\jni.cpp, line 1107]
Event: 2.111 Thread 0x00000218b05cd450 Exception <a 'java/lang/NoSuchMethodError'{0x000000008e745678}: static Lorg/gradle/internal/build/event/types/DefaultOperationDescriptor;.<clinit>()V> (0x000000008e745678) 
thrown [s\src\hotspot\share\prims\jni.cpp, line 1107]
Event: 2.112 Thread 0x00000218b05cd450 Exception <a 'java/lang/NoSuchMethodError'{0x000000008e75c450}: static Lorg/gradle/internal/operations/OperationIdentifier;.<clinit>()V> (0x000000008e75c450) 
thrown [s\src\hotspot\share\prims\jni.cpp, line 1107]

VM Operations (20 events):
Event: 1.222 Executing VM operation: HandshakeAllThreads
Event: 1.222 Executing VM operation: HandshakeAllThreads done
Event: 1.246 Executing VM operation: HandshakeAllThreads
Event: 1.246 Executing VM operation: HandshakeAllThreads done
Event: 1.285 Executing VM operation: HandshakeAllThreads
Event: 1.285 Executing VM operation: HandshakeAllThreads done
Event: 1.300 Executing VM operation: HandshakeAllThreads
Event: 1.300 Executing VM operation: HandshakeAllThreads done
Event: 1.328 Executing VM operation: HandshakeAllThreads
Event: 1.328 Executing VM operation: HandshakeAllThreads done
Event: 1.490 Executing VM operation: HandshakeAllThreads
Event: 1.490 Executing VM operation: HandshakeAllThreads done
Event: 1.552 Executing VM operation: HandshakeAllThreads
Event: 1.552 Executing VM operation: HandshakeAllThreads done
Event: 1.726 Executing VM operation: ICBufferFull
Event: 1.726 Executing VM operation: ICBufferFull done
Event: 2.067 Executing VM operation: HandshakeAllThreads
Event: 2.067 Executing VM operation: HandshakeAllThreads done
Event: 2.067 Executing VM operation: HandshakeAllThreads
Event: 2.068 Executing VM operation: HandshakeAllThreads done

Events (20 events):
Event: 2.110 loading class java/io/ObjectStreamClass$3
Event: 2.110 loading class java/io/ObjectStreamClass$3 done
Event: 2.110 loading class java/io/ObjectStreamClass$4
Event: 2.110 loading class java/io/ObjectStreamClass$4 done
Event: 2.110 loading class java/io/ObjectStreamClass$5
Event: 2.110 loading class java/io/ObjectStreamClass$5 done
Event: 2.110 loading class java/io/ObjectStreamClass$ClassDataSlot
Event: 2.111 loading class java/io/ObjectStreamClass$ClassDataSlot done
Event: 2.111 loading class jdk/internal/reflect/UnsafeQualifiedStaticLongFieldAccessorImpl
Event: 2.111 loading class jdk/internal/reflect/UnsafeQualifiedStaticLongFieldAccessorImpl done
Event: 2.112 loading class java/io/UnsupportedEncodingException
Event: 2.112 loading class java/io/UnsupportedEncodingException done
Event: 2.112 loading class java/nio/charset/CharacterCodingException
Event: 2.112 loading class java/nio/charset/CharacterCodingException done
Event: 2.148 loading class java/util/function/LongFunction
Event: 2.148 loading class java/util/function/LongFunction done
Event: 2.200 loading class java/security/InvalidKeyException
Event: 2.200 loading class java/security/KeyException
Event: 2.200 loading class java/security/KeyException done
Event: 2.200 loading class java/security/InvalidKeyException done


Dynamic libraries:
0x00007ff79a8b0000 - 0x00007ff79a8be000 	C:\Program Files\Microsoft\jdk-17.0.10.7-hotspot\bin\java.exe
0x00007ff8bef30000 - 0x00007ff8bf147000 	C:\WINDOWS\SYSTEM32\ntdll.dll
0x00007ff8bd770000 - 0x00007ff8bd834000 	C:\WINDOWS\System32\KERNEL32.DLL
0x00007ff8bc500000 - 0x00007ff8bc8d1000 	C:\WINDOWS\System32\KERNELBASE.dll
0x00007ff8bc3b0000 - 0x00007ff8bc4c1000 	C:\WINDOWS\System32\ucrtbase.dll
0x00007ff8b7ef0000 - 0x00007ff8b7f07000 	C:\Program Files\Microsoft\jdk-17.0.10.7-hotspot\bin\jli.dll
0x00007ff8b7e90000 - 0x00007ff8b7eab000 	C:\Program Files\Microsoft\jdk-17.0.10.7-hotspot\bin\VCRUNTIME140.dll
0x00007ff8be240000 - 0x00007ff8be3f1000 	C:\WINDOWS\System32\USER32.dll
0x00007ff8bc300000 - 0x00007ff8bc326000 	C:\WINDOWS\System32\win32u.dll
0x00007ff8a9b50000 - 0x00007ff8a9de2000 	C:\WINDOWS\WinSxS\amd64_microsoft.windows.common-controls_6595b64144ccf1df_6.0.22621.4830_none_270fe7d773858e80\COMCTL32.dll
0x00007ff8bcc00000 - 0x00007ff8bcc29000 	C:\WINDOWS\System32\GDI32.dll
0x00007ff8be190000 - 0x00007ff8be237000 	C:\WINDOWS\System32\msvcrt.dll
0x00007ff8bc070000 - 0x00007ff8bc18b000 	C:\WINDOWS\System32\gdi32full.dll
0x00007ff8bc960000 - 0x00007ff8bc9fa000 	C:\WINDOWS\System32\msvcp_win.dll
0x00007ff8bcd50000 - 0x00007ff8bcd81000 	C:\WINDOWS\System32\IMM32.DLL
0x00007ff8b81a0000 - 0x00007ff8b81ac000 	C:\Program Files\Microsoft\jdk-17.0.10.7-hotspot\bin\vcruntime140_1.dll
0x00007ff8a5a00000 - 0x00007ff8a5a8d000 	C:\Program Files\Microsoft\jdk-17.0.10.7-hotspot\bin\msvcp140.dll
0x00007ff83f1e0000 - 0x00007ff83fe45000 	C:\Program Files\Microsoft\jdk-17.0.10.7-hotspot\bin\server\jvm.dll
0x00007ff8bee30000 - 0x00007ff8beee1000 	C:\WINDOWS\System32\ADVAPI32.dll
0x00007ff8bcd90000 - 0x00007ff8bce37000 	C:\WINDOWS\System32\sechost.dll
0x00007ff8bc4d0000 - 0x00007ff8bc4f8000 	C:\WINDOWS\System32\bcrypt.dll
0x00007ff8bcc30000 - 0x00007ff8bcd44000 	C:\WINDOWS\System32\RPCRT4.dll
0x00007ff8baee0000 - 0x00007ff8baf2d000 	C:\WINDOWS\SYSTEM32\POWRPROF.dll
0x00007ff89c920000 - 0x00007ff89c929000 	C:\WINDOWS\SYSTEM32\WSOCK32.dll
0x00007ff8acbb0000 - 0x00007ff8acbe4000 	C:\WINDOWS\SYSTEM32\WINMM.dll
0x00007ff8b9c70000 - 0x00007ff8b9c7a000 	C:\WINDOWS\SYSTEM32\VERSION.dll
0x00007ff8be110000 - 0x00007ff8be181000 	C:\WINDOWS\System32\WS2_32.dll
0x00007ff8baec0000 - 0x00007ff8baed3000 	C:\WINDOWS\SYSTEM32\UMPDC.dll
0x00007ff8bb170000 - 0x00007ff8bb188000 	C:\WINDOWS\SYSTEM32\kernel.appcore.dll
0x00007ff8b7ee0000 - 0x00007ff8b7eea000 	C:\Program Files\Microsoft\jdk-17.0.10.7-hotspot\bin\jimage.dll
0x00007ff8ac0a0000 - 0x00007ff8ac2d2000 	C:\WINDOWS\SYSTEM32\DBGHELP.DLL
0x00007ff8be990000 - 0x00007ff8bed20000 	C:\WINDOWS\System32\combase.dll
0x00007ff8be400000 - 0x00007ff8be4d7000 	C:\WINDOWS\System32\OLEAUT32.dll
0x00007ff8a2290000 - 0x00007ff8a22c2000 	C:\WINDOWS\SYSTEM32\dbgcore.DLL
0x00007ff8bc330000 - 0x00007ff8bc3ab000 	C:\WINDOWS\System32\bcryptPrimitives.dll
0x00007ff8a5d70000 - 0x00007ff8a5d7e000 	C:\Program Files\Microsoft\jdk-17.0.10.7-hotspot\bin\instrument.dll
0x00007ff8a8fb0000 - 0x00007ff8a8fd5000 	C:\Program Files\Microsoft\jdk-17.0.10.7-hotspot\bin\java.dll
0x00007ff8a5920000 - 0x00007ff8a59f7000 	C:\Program Files\Microsoft\jdk-17.0.10.7-hotspot\bin\jsvml.dll
0x00007ff8bcee0000 - 0x00007ff8bd768000 	C:\WINDOWS\System32\SHELL32.dll
0x00007ff8bca00000 - 0x00007ff8bcb3f000 	C:\WINDOWS\System32\wintypes.dll
0x00007ff8b9f90000 - 0x00007ff8ba89d000 	C:\WINDOWS\SYSTEM32\windows.storage.dll
0x00007ff8be650000 - 0x00007ff8be75a000 	C:\WINDOWS\System32\SHCORE.dll
0x00007ff8be5f0000 - 0x00007ff8be64e000 	C:\WINDOWS\System32\shlwapi.dll
0x00007ff8bbfa0000 - 0x00007ff8bbfcb000 	C:\WINDOWS\SYSTEM32\profapi.dll
0x00007ff8a6250000 - 0x00007ff8a6268000 	C:\Program Files\Microsoft\jdk-17.0.10.7-hotspot\bin\zip.dll
0x00007ff8a8f90000 - 0x00007ff8a8fa9000 	C:\Program Files\Microsoft\jdk-17.0.10.7-hotspot\bin\net.dll
0x00007ff8b83f0000 - 0x00007ff8b851c000 	C:\WINDOWS\SYSTEM32\WINHTTP.dll
0x00007ff8bb5d0000 - 0x00007ff8bb63a000 	C:\WINDOWS\system32\mswsock.dll
0x00007ff8a8e80000 - 0x00007ff8a8e96000 	C:\Program Files\Microsoft\jdk-17.0.10.7-hotspot\bin\nio.dll
0x00007ff8b7e80000 - 0x00007ff8b7e90000 	C:\Program Files\Microsoft\jdk-17.0.10.7-hotspot\bin\verify.dll
0x00007ff87a520000 - 0x00007ff87a547000 	C:\Users\zinzi\.gradle\native\1def1411415f61bf3af743bc5b6707747c0891f09f0c88961ee8f79bc544acac\windows-amd64\native-platform.dll
0x0000000068250000 - 0x00000000682c3000 	C:\Users\zinzi\.gradle\native\0.2.5\x86_64-windows-gnu\gradle-fileevents.dll
0x00007ff8a8f80000 - 0x00007ff8a8f89000 	C:\Program Files\Microsoft\jdk-17.0.10.7-hotspot\bin\management.dll
0x00007ff8a8e70000 - 0x00007ff8a8e7b000 	C:\Program Files\Microsoft\jdk-17.0.10.7-hotspot\bin\management_ext.dll
0x00007ff8bced0000 - 0x00007ff8bced8000 	C:\WINDOWS\System32\PSAPI.DLL
0x00007ff8bb7f0000 - 0x00007ff8bb80b000 	C:\WINDOWS\SYSTEM32\CRYPTSP.dll
0x00007ff8bb0d0000 - 0x00007ff8bb107000 	C:\WINDOWS\system32\rsaenh.dll
0x00007ff8bb680000 - 0x00007ff8bb6a8000 	C:\WINDOWS\SYSTEM32\USERENV.dll
0x00007ff8bb7e0000 - 0x00007ff8bb7ec000 	C:\WINDOWS\SYSTEM32\CRYPTBASE.dll
0x00007ff8bab70000 - 0x00007ff8bab9d000 	C:\WINDOWS\SYSTEM32\IPHLPAPI.DLL
0x00007ff8bdc50000 - 0x00007ff8bdc59000 	C:\WINDOWS\System32\NSI.dll
0x00007ff8b8290000 - 0x00007ff8b82a9000 	C:\WINDOWS\SYSTEM32\dhcpcsvc6.DLL
0x00007ff8b8270000 - 0x00007ff8b828f000 	C:\WINDOWS\SYSTEM32\dhcpcsvc.DLL
0x00007ff8babe0000 - 0x00007ff8bace2000 	C:\WINDOWS\SYSTEM32\DNSAPI.dll
0x00007ff8a8ac0000 - 0x00007ff8a8ac9000 	C:\Program Files\Microsoft\jdk-17.0.10.7-hotspot\bin\extnet.dll
0x00007ff8a5890000 - 0x00007ff8a589e000 	C:\Program Files\Microsoft\jdk-17.0.10.7-hotspot\bin\sunmscapi.dll
0x00007ff8bc190000 - 0x00007ff8bc2f6000 	C:\WINDOWS\System32\CRYPT32.dll
0x00007ff8bba10000 - 0x00007ff8bba3d000 	C:\WINDOWS\SYSTEM32\ncrypt.dll
0x00007ff8bb9d0000 - 0x00007ff8bba07000 	C:\WINDOWS\SYSTEM32\NTASN1.dll
0x00007ff8a6800000 - 0x00007ff8a6808000 	C:\WINDOWS\system32\wshunix.dll
0x0000000068150000 - 0x00000000681c3000 	C:\Users\zinzi\AppData\Local\Temp\native-platform10965477190783291260dir\gradle-fileevents.dll

dbghelp: loaded successfully - version: 4.0.5 - missing functions: none
symbol engine: initialized successfully - sym options: 0x614 - pdb path: .;C:\Program Files\Microsoft\jdk-17.0.10.7-hotspot\bin;C:\WINDOWS\SYSTEM32;C:\WINDOWS\WinSxS\amd64_microsoft.windows.common-controls_6595b64144ccf1df_6.0.22621.4830_none_270fe7d773858e80;C:\Program Files\Microsoft\jdk-17.0.10.7-hotspot\bin\server;C:\Users\zinzi\.gradle\native\1def1411415f61bf3af743bc5b6707747c0891f09f0c88961ee8f79bc544acac\windows-amd64;C:\Users\zinzi\.gradle\native\0.2.5\x86_64-windows-gnu;C:\Users\zinzi\AppData\Local\Temp\native-platform10965477190783291260dir

VM Arguments:
jvm_args: --add-opens=java.base/java.lang=ALL-UNNAMED --add-opens=java.base/java.lang.invoke=ALL-UNNAMED --add-opens=java.base/java.util=ALL-UNNAMED --add-opens=java.prefs/java.util.prefs=ALL-UNNAMED --add-exports=jdk.compiler/com.sun.tools.javac.api=ALL-UNNAMED --add-exports=jdk.compiler/com.sun.tools.javac.util=ALL-UNNAMED --add-opens=java.base/java.util=ALL-UNNAMED --add-opens=java.prefs/java.util.prefs=ALL-UNNAMED --add-opens=java.base/java.nio.charset=ALL-UNNAMED --add-opens=java.base/java.net=ALL-UNNAMED --add-opens=java.base/java.util.concurrent.atomic=ALL-UNNAMED --add-opens=java.xml/javax.xml.namespace=ALL-UNNAMED -XX:MaxMetaspaceSize=512m -Xmx2048m -Dfile.encoding=UTF-8 -Duser.country=US -Duser.language=en -Duser.variant -javaagent:C:\Users\zinzi\.gradle\wrapper\dists\gradle-8.12-all\ejduaidbjup3bmmkhw3rie4zb\gradle-8.12\lib\agents\gradle-instrumentation-agent-8.12.jar 
java_command: org.gradle.launcher.daemon.bootstrap.GradleDaemon 8.12
java_class_path (initial): C:\Users\zinzi\.gradle\wrapper\dists\gradle-8.12-all\ejduaidbjup3bmmkhw3rie4zb\gradle-8.12\lib\gradle-daemon-main-8.12.jar
Launcher Type: SUN_STANDARD

[Global flags]
     intx CICompilerCount                          = 4                                         {product} {ergonomic}
   size_t CompressedClassSpaceSize                 = 436207616                                 {product} {ergonomic}
     uint ConcGCThreads                            = 3                                         {product} {ergonomic}
     uint G1ConcRefinementThreads                  = 10                                        {product} {ergonomic}
   size_t G1HeapRegionSize                         = 1048576                                   {product} {ergonomic}
    uintx GCDrainStackTargetSize                   = 64                                        {product} {ergonomic}
   size_t InitialHeapSize                          = 266338304                                 {product} {ergonomic}
   size_t MarkStackSize                            = 4194304                                   {product} {ergonomic}
   size_t MaxHeapSize                              = 2147483648                                {product} {command line}
   size_t MaxMetaspaceSize                         = 536870912                                 {product} {command line}
   size_t MaxNewSize                               = 1287651328                                {product} {ergonomic}
   size_t MinHeapDeltaBytes                        = 1048576                                   {product} {ergonomic}
   size_t MinHeapSize                              = 8388608                                   {product} {ergonomic}
    uintx NonNMethodCodeHeapSize                   = 5839372                                {pd product} {ergonomic}
    uintx NonProfiledCodeHeapSize                  = 122909434                              {pd product} {ergonomic}
    uintx ProfiledCodeHeapSize                     = 122909434                              {pd product} {ergonomic}
    uintx ReservedCodeCacheSize                    = 251658240                              {pd product} {ergonomic}
     bool SegmentedCodeCache                       = true                                      {product} {ergonomic}
   size_t SoftMaxHeapSize                          = 2147483648                             {manageable} {ergonomic}
     bool UseCompressedClassPointers               = true                           {product lp64_product} {ergonomic}
     bool UseCompressedOops                        = true                           {product lp64_product} {ergonomic}
     bool UseG1GC                                  = true                                      {product} {ergonomic}
     bool UseLargePagesIndividualAllocation        = false                                  {pd product} {ergonomic}

Logging:
Log output configuration:
 #0: stdout all=warning uptime,level,tags
 #1: stderr all=off uptime,level,tags

Environment Variables:
JAVA_HOME=C:\Program Files\Microsoft\jdk-17.0.10.7-hotspot\
PATH=C:\Program Files\Microsoft\jdk-17.0.10.7-hotspot\bin;C:\WINDOWS\system32;C:\WINDOWS;C:\WINDOWS\System32\Wbem;C:\WINDOWS\System32\WindowsPowerShell\v1.0\;C:\WINDOWS\System32\OpenSSH\;C:\ProgramData\chocolatey\bin;C:\Program Files\Microsoft SQL Server\150\Tools\Binn\;C:\Program Files\Microsoft SQL Server\Client SDK\ODBC\170\Tools\Binn\;C:\Program Files (x86)\Microsoft SQL Server\160\Tools\Binn\;C:\Program Files\Microsoft SQL Server\160\Tools\Binn\;C:\Program Files\Microsoft SQL Server\160\DTS\Binn\;C:\Program Files (x86)\NVIDIA Corporation\PhysX\Common;C:\Users\zinzi\AppData\Roaming\nvm;C:\Program Files\nodejs;C:\Program Files\Amazon\AWSCLIV2\;C:\Program Files\starship\bin\;C:\Program Files (x86)\oh-my-posh\bin;D:\Git\Git\cmd;C:\Program Files\Amazon\SessionManagerPlugin\bin\;C:\Program Files\dotnet\;C:\Program Files\Amazon\SessionManagerPlugin\bin;C:\Program Files\MySQL\MySQL Shell 8.0\bin\;C:\Users\zinzi\AppData\Local\Android\Sdk\platform-tools;C:\Users\zinzi\AppData\Local\Microsoft\WindowsApps;C:\Users\zinzi\AppData\Local\Programs\Microsoft VS Code\bin;C:\Users\zinzi\AppData\Local\GitHubDesktop\bin;C:\Users\zinzi\AppData\Roaming\npm;C:\Users\zinzi\AppData\Roaming\nvm;C:\Program Files\nodejs;C:\Users\zinzi\AppData\Local\Programs\oh-my-posh\bin;C:\Users\zinzi\AppData\Local\Packages\PythonSoftwareFoundation.Python.3.13_qbz5n2kfra8p0\LocalCache\local-packages\Python313\Scripts;C:\Gradle\gradle-8.13\bin;C:\Users\zinzi\.dotnet\tools
USERNAME=zinzi
OS=Windows_NT
PROCESSOR_IDENTIFIER=Intel64 Family 6 Model 165 Stepping 2, GenuineIntel
TMP=C:\Users\zinzi\AppData\Local\Temp
TEMP=C:\Users\zinzi\AppData\Local\Temp



Periodic native trim disabled


---------------  S Y S T E M  ---------------

OS:
 Windows 11 , 64 bit Build 22621 (10.0.22621.4974)
OS uptime: 0 days 0:23 hours
Hyper-V role detected

CPU: total 12 (initial active 12) (6 cores per cpu, 2 threads per core) family 6 model 165 stepping 2 microcode 0xe0, cx8, cmov, fxsr, ht, mmx, 3dnowpref, sse, sse2, sse3, ssse3, sse4.1, sse4.2, popcnt, lzcnt, tsc, tscinvbit, avx, avx2, aes, erms, clmul, bmi1, bmi2, adx, fma, vzeroupper, clflush, clflushopt, hv
Processor Information for all 12 processors :
  Max Mhz: 2592, Current Mhz: 2592, Mhz Limit: 2592

Memory: 4k page, system-wide physical 16205M (5831M free)
TotalPageFile size 18253M (AvailPageFile size 5M)
current process WorkingSet (physical memory assigned to process): 211M, peak: 211M
current process commit charge ("private bytes"): 433M, peak: 433M

vm_info: OpenJDK 64-Bit Server VM (17.0.10+7-LTS) for windows-amd64 JRE (17.0.10+7-LTS), built on Jan 10 2024 19:47:12 by "MicrosoftCorporation" with MS VC++ 16.10 / 16.11 (VS2019)

END.
