#
# There is insufficient memory for the Java Runtime Environment to continue.
# Native memory allocation (malloc) failed to allocate 432800 bytes. Error detail: Chunk::new
# Possible reasons:
#   The system is out of physical RAM or swap space
#   This process is running with CompressedOops enabled, and the Java Heap may be blocking the growth of the native heap
# Possible solutions:
#   Reduce memory load on the system
#   Increase physical memory or swap space
#   Check if swap backing store is full
#   Decrease Java heap size (-Xmx/-Xms)
#   Decrease number of Java threads
#   Decrease Java thread stack sizes (-Xss)
#   Set larger code cache with -XX:ReservedCodeCacheSize=
#   JVM is running with Unscaled Compressed Oops mode in which the Java heap is
#     placed in the first 4GB address space. The Java Heap base address is the
#     maximum limit for the native heap growth. Please use -XX:HeapBaseMinAddress
#     to set the Java Heap base and to place the Java Heap above 4GB virtual address.
# This output file may be truncated or incomplete.
#
#  Out of Memory Error (arena.cpp:168), pid=9904, tid=17944
#
# JRE version: OpenJDK Runtime Environment Temurin-21.0.6+7 (21.0.6+7) (build 21.0.6+7-LTS)
# Java VM: OpenJDK 64-Bit Server VM Temurin-21.0.6+7 (21.0.6+7-LTS, mixed mode, sharing, tiered, compressed oops, compressed class ptrs, parallel gc, windows-amd64)
# No core dump will be written. Minidumps are not enabled by default on client versions of Windows
#

---------------  S U M M A R Y ------------

Command Line: --add-modules=ALL-SYSTEM --add-opens=java.base/java.util=ALL-UNNAMED --add-opens=java.base/java.lang=ALL-UNNAMED --add-opens=java.base/sun.nio.fs=ALL-UNNAMED -Declipse.application=org.eclipse.jdt.ls.core.id1 -Dosgi.bundles.defaultStartLevel=4 -Declipse.product=org.eclipse.jdt.ls.core.product -Djava.import.generatesMetadataFilesAtProjectRoot=false -DDetectVMInstallationsJob.disabled=true -Dfile.encoding=utf8 -XX:+UseParallelGC -XX:GCTimeRatio=4 -XX:AdaptiveSizePolicyWeight=90 -Dsun.zip.disableMemoryMapping=true -Xmx1G -Xms100m -Xlog:disable -javaagent:c:\Users\zinzi\.vscode\extensions\redhat.java-1.40.0-win32-x64\lombok\lombok-1.18.36.jar -XX:+HeapDumpOnOutOfMemoryError -XX:HeapDumpPath=c:\Users\zinzi\AppData\Roaming\Code\User\workspaceStorage\1531145508dfbda3fe65cda5b18105b1\redhat.java -Daether.dependencyCollector.impl=bf c:\Users\zinzi\.vscode\extensions\redhat.java-1.40.0-win32-x64\server\plugins\org.eclipse.equinox.launcher_1.6.1000.v20250131-0606.jar -configuration c:\Users\zinzi\AppData\Roaming\Code\User\globalStorage\redhat.java\1.40.0\config_win -data c:\Users\zinzi\AppData\Roaming\Code\User\workspaceStorage\1531145508dfbda3fe65cda5b18105b1\redhat.java\jdt_ws --pipe=\\.\pipe\lsp-8f34068902776b43899c9bcf79320368-sock

Host: Intel(R) Core(TM) i7-10750H CPU @ 2.60GHz, 12 cores, 15G,  Windows 11 , 64 bit Build 22621 (10.0.22621.4974)
Time: Fri Mar 21 22:35:51 2025 SE Asia Standard Time elapsed time: 7.606238 seconds (0d 0h 0m 7s)

---------------  T H R E A D  ---------------

Current thread (0x0000022fc51b3ff0):  JavaThread "C2 CompilerThread1" daemon [_thread_in_native, id=17944, stack(0x000000cc65800000,0x000000cc65900000) (1024K)]


Current CompileTask:
C2:7606 4589       4       org.eclipse.core.runtime.Path::<init> (161 bytes)

Stack: [0x000000cc65800000,0x000000cc65900000]
Native frames: (J=compiled Java code, j=interpreted, Vv=VM code, C=native code)
V  [jvm.dll+0x6cdee9]
V  [jvm.dll+0x8a83d1]
V  [jvm.dll+0x8aa8fe]
V  [jvm.dll+0x8aafe3]
V  [jvm.dll+0x27f706]
V  [jvm.dll+0xc500d]
V  [jvm.dll+0xc5543]
V  [jvm.dll+0x3b678c]
V  [jvm.dll+0x382935]
V  [jvm.dll+0x381d9a]
V  [jvm.dll+0x2479f0]
V  [jvm.dll+0x246fcf]
V  [jvm.dll+0x1c75ee]
V  [jvm.dll+0x25685a]
V  [jvm.dll+0x254dfa]
V  [jvm.dll+0x3f0256]
V  [jvm.dll+0x851f8b]
V  [jvm.dll+0x6cc5ed]
C  [ucrtbase.dll+0x29333]
C  [KERNEL32.DLL+0x1259d]
C  [ntdll.dll+0x5af38]


---------------  P R O C E S S  ---------------

Threads class SMR info:
_java_thread_list=0x0000022fc5b35fe0, length=24, elements={
0x0000022fe8e8f3b0, 0x0000022fff2744b0, 0x0000022ffd27c7a0, 0x0000022ffd27d840,
0x0000022ffd27e5f0, 0x0000022fff2773b0, 0x0000022fff279e10, 0x0000022fff27ab90,
0x0000022fff29a3b0, 0x0000022fff37e110, 0x0000022fff6217b0, 0x0000022fffd59670,
0x0000022fffe62860, 0x0000022fffdcb030, 0x0000022fffdcbaa0, 0x0000022fffe61000,
0x0000022fc570c730, 0x0000022fc57d1910, 0x0000022fc57d2cc0, 0x0000022fc51b3ff0,
0x0000022fc57d4070, 0x0000022fc57d3350, 0x0000022fc57d4700, 0x0000022fc57d39e0
}

Java Threads: ( => current thread )
  0x0000022fe8e8f3b0 JavaThread "main"                              [_thread_blocked, id=19128, stack(0x000000cc64b00000,0x000000cc64c00000) (1024K)]
  0x0000022fff2744b0 JavaThread "Reference Handler"          daemon [_thread_blocked, id=15344, stack(0x000000cc64f00000,0x000000cc65000000) (1024K)]
  0x0000022ffd27c7a0 JavaThread "Finalizer"                  daemon [_thread_blocked, id=10228, stack(0x000000cc65000000,0x000000cc65100000) (1024K)]
  0x0000022ffd27d840 JavaThread "Signal Dispatcher"          daemon [_thread_blocked, id=2244, stack(0x000000cc65100000,0x000000cc65200000) (1024K)]
  0x0000022ffd27e5f0 JavaThread "Attach Listener"            daemon [_thread_blocked, id=7024, stack(0x000000cc65200000,0x000000cc65300000) (1024K)]
  0x0000022fff2773b0 JavaThread "Service Thread"             daemon [_thread_blocked, id=9360, stack(0x000000cc65300000,0x000000cc65400000) (1024K)]
  0x0000022fff279e10 JavaThread "Monitor Deflation Thread"   daemon [_thread_blocked, id=20296, stack(0x000000cc65400000,0x000000cc65500000) (1024K)]
  0x0000022fff27ab90 JavaThread "C2 CompilerThread0"         daemon [_thread_in_native, id=10156, stack(0x000000cc65500000,0x000000cc65600000) (1024K)]
  0x0000022fff29a3b0 JavaThread "C1 CompilerThread0"         daemon [_thread_blocked, id=16104, stack(0x000000cc65600000,0x000000cc65700000) (1024K)]
  0x0000022fff37e110 JavaThread "Common-Cleaner"             daemon [_thread_blocked, id=17460, stack(0x000000cc65700000,0x000000cc65800000) (1024K)]
  0x0000022fff6217b0 JavaThread "Notification Thread"        daemon [_thread_blocked, id=13040, stack(0x000000cc65900000,0x000000cc65a00000) (1024K)]
  0x0000022fffd59670 JavaThread "Active Thread: Equinox Container: 81320a0e-fa3c-47c1-8ad9-374d327a6b9e"        [_thread_blocked, id=1636, stack(0x000000cc66100000,0x000000cc66200000) (1024K)]
  0x0000022fffe62860 JavaThread "Refresh Thread: Equinox Container: 81320a0e-fa3c-47c1-8ad9-374d327a6b9e" daemon [_thread_blocked, id=19144, stack(0x000000cc66200000,0x000000cc66300000) (1024K)]
  0x0000022fffdcb030 JavaThread "Framework Event Dispatcher: Equinox Container: 81320a0e-fa3c-47c1-8ad9-374d327a6b9e" daemon [_thread_blocked, id=13524, stack(0x000000cc66400000,0x000000cc66500000) (1024K)]
  0x0000022fffdcbaa0 JavaThread "Start Level: Equinox Container: 81320a0e-fa3c-47c1-8ad9-374d327a6b9e" daemon [_thread_in_vm, id=6252, stack(0x000000cc66500000,0x000000cc66600000) (1024K)]
  0x0000022fffe61000 JavaThread "Bundle File Closer"         daemon [_thread_blocked, id=17264, stack(0x000000cc66600000,0x000000cc66700000) (1024K)]
  0x0000022fc570c730 JavaThread "SCR Component Actor"        daemon [_thread_blocked, id=17300, stack(0x000000cc66900000,0x000000cc66a00000) (1024K)]
  0x0000022fc57d1910 JavaThread "SCR Component Registry"     daemon [_thread_blocked, id=18880, stack(0x000000cc66a00000,0x000000cc66b00000) (1024K)]
  0x0000022fc57d2cc0 JavaThread "Worker-JM"                         [_thread_blocked, id=12548, stack(0x000000cc65a00000,0x000000cc65b00000) (1024K)]
=>0x0000022fc51b3ff0 JavaThread "C2 CompilerThread1"         daemon [_thread_in_native, id=17944, stack(0x000000cc65800000,0x000000cc65900000) (1024K)]
  0x0000022fc57d4070 JavaThread "JNA Cleaner"                daemon [_thread_blocked, id=20272, stack(0x000000cc66b00000,0x000000cc66c00000) (1024K)]
  0x0000022fc57d3350 JavaThread "Worker-0"                          [_thread_blocked, id=16956, stack(0x000000cc66c00000,0x000000cc66d00000) (1024K)]
  0x0000022fc57d4700 JavaThread "Worker-1: Refreshing workspace"        [_thread_in_native, id=2428, stack(0x000000cc66d00000,0x000000cc66e00000) (1024K)]
  0x0000022fc57d39e0 JavaThread "Worker-2"                          [_thread_blocked, id=18124, stack(0x000000cc66e00000,0x000000cc66f00000) (1024K)]
Total: 24

Other Threads:
  0x0000022fe8f4eab0 VMThread "VM Thread"                           [id=20164, stack(0x000000cc64e00000,0x000000cc64f00000) (1024K)]
  0x0000022ffd15ca00 WatcherThread "VM Periodic Task Thread"        [id=13468, stack(0x000000cc64d00000,0x000000cc64e00000) (1024K)]
  0x0000022fe8eac830 WorkerThread "GC Thread#0"                     [id=3080, stack(0x000000cc64c00000,0x000000cc64d00000) (1024K)]
  0x0000022fff7c49f0 WorkerThread "GC Thread#1"                     [id=12136, stack(0x000000cc65b00000,0x000000cc65c00000) (1024K)]
  0x0000022fc5036520 WorkerThread "GC Thread#2"                     [id=17932, stack(0x000000cc65c00000,0x000000cc65d00000) (1024K)]
  0x0000022fc50368c0 WorkerThread "GC Thread#3"                     [id=20392, stack(0x000000cc65d00000,0x000000cc65e00000) (1024K)]
  0x0000022fc5036c60 WorkerThread "GC Thread#4"                     [id=11504, stack(0x000000cc65e00000,0x000000cc65f00000) (1024K)]
  0x0000022fc5037000 WorkerThread "GC Thread#5"                     [id=1788, stack(0x000000cc65f00000,0x000000cc66000000) (1024K)]
  0x0000022fc50373a0 WorkerThread "GC Thread#6"                     [id=6280, stack(0x000000cc66000000,0x000000cc66100000) (1024K)]
  0x0000022fffbe5e70 WorkerThread "GC Thread#7"                     [id=11880, stack(0x000000cc66300000,0x000000cc66400000) (1024K)]
  0x0000022fc5651b40 WorkerThread "GC Thread#8"                     [id=16048, stack(0x000000cc66700000,0x000000cc66800000) (1024K)]
  0x0000022fc57a0300 WorkerThread "GC Thread#9"                     [id=12056, stack(0x000000cc66800000,0x000000cc66900000) (1024K)]
Total: 12

Threads with active compile tasks:
C2 CompilerThread0  7632 4600       4       org.lombokweb.asm.ClassReader::readMethod (1070 bytes)
C2 CompilerThread1  7632 4589       4       org.eclipse.core.runtime.Path::<init> (161 bytes)
Total: 2

VM state: not at safepoint (normal execution)

VM Mutex/Monitor currently owned by a thread: None

Heap address: 0x00000000c0000000, size: 1024 MB, Compressed Oops mode: 32-bit

CDS archive(s) mapped at: [0x0000022f80000000-0x0000022f80ba0000-0x0000022f80ba0000), size 12189696, SharedBaseAddress: 0x0000022f80000000, ArchiveRelocationMode: 1.
Compressed class space mapped at: 0x0000022f81000000-0x0000022fc1000000, reserved size: 1073741824
Narrow klass base: 0x0000022f80000000, Narrow klass shift: 0, Narrow klass range: 0x100000000

GC Precious Log:
 CardTable entry size: 512
 CPUs: 12 total, 12 available
 Memory: 16205M
 Large Page Support: Disabled
 NUMA Support: Disabled
 Compressed Oops: Enabled (32-bit)
 Alignments: Space 512K, Generation 512K, Heap 2M
 Heap Min Capacity: 100M
 Heap Initial Capacity: 100M
 Heap Max Capacity: 1G
 Pre-touch: Disabled
 Parallel Workers: 10

Heap:
 PSYoungGen      total 34304K, used 23280K [0x00000000eab00000, 0x00000000ed180000, 0x0000000100000000)
  eden space 31232K, 72% used [0x00000000eab00000,0x00000000ec10fc60,0x00000000ec980000)
  from space 3072K, 22% used [0x00000000ecd00000,0x00000000ecdac720,0x00000000ed000000)
  to   space 1536K, 0% used [0x00000000ed000000,0x00000000ed000000,0x00000000ed180000)
 ParOldGen       total 68608K, used 18092K [0x00000000c0000000, 0x00000000c4300000, 0x00000000eab00000)
  object space 68608K, 26% used [0x00000000c0000000,0x00000000c11ab0d0,0x00000000c4300000)
 Metaspace       used 26218K, committed 27008K, reserved 1114112K
  class space    used 2470K, committed 2816K, reserved 1048576K

Card table byte_map: [0x0000022fe8860000,0x0000022fe8a70000] _byte_map_base: 0x0000022fe8260000

Marking Bits: (ParMarkBitMap*) 0x00007ff841833260
 Begin Bits: [0x0000022ffb080000, 0x0000022ffc080000)
 End Bits:   [0x0000022ffc080000, 0x0000022ffd080000)

Polling page: 0x0000022fe8650000

Metaspace:

Usage:
  Non-class:     23.19 MB used.
      Class:      2.41 MB used.
       Both:     25.60 MB used.

Virtual space:
  Non-class space:       64.00 MB reserved,      23.62 MB ( 37%) committed,  1 nodes.
      Class space:        1.00 GB reserved,       2.75 MB ( <1%) committed,  1 nodes.
             Both:        1.06 GB reserved,      26.38 MB (  2%) committed. 

Chunk freelists:
   Non-Class:  8.00 MB
       Class:  13.08 MB
        Both:  21.08 MB

MaxMetaspaceSize: unlimited
CompressedClassSpaceSize: 1.00 GB
Initial GC threshold: 21.00 MB
Current GC threshold: 35.00 MB
CDS: on
 - commit_granule_bytes: 65536.
 - commit_granule_words: 8192.
 - virtual_space_node_default_size: 8388608.
 - enlarge_chunks_in_place: 1.
 - use_allocation_guard: 0.


Internal statistics:

num_allocs_failed_limit: 3.
num_arena_births: 590.
num_arena_deaths: 14.
num_vsnodes_births: 2.
num_vsnodes_deaths: 0.
num_space_committed: 423.
num_space_uncommitted: 0.
num_chunks_returned_to_freelist: 17.
num_chunks_taken_from_freelist: 1614.
num_chunk_merges: 9.
num_chunk_splits: 1057.
num_chunks_enlarged: 686.
num_inconsistent_stats: 0.

CodeHeap 'non-profiled nmethods': size=120000Kb used=2251Kb max_used=2251Kb free=117748Kb
 bounds [0x0000022ff3b50000, 0x0000022ff3dc0000, 0x0000022ffb080000]
CodeHeap 'profiled nmethods': size=120000Kb used=9633Kb max_used=9633Kb free=110366Kb
 bounds [0x0000022fec080000, 0x0000022fec9f0000, 0x0000022ff35b0000]
CodeHeap 'non-nmethods': size=5760Kb used=1327Kb max_used=1358Kb free=4432Kb
 bounds [0x0000022ff35b0000, 0x0000022ff3820000, 0x0000022ff3b50000]
 total_blobs=5238 nmethods=4620 adapters=524
 compilation: enabled
              stopped_count=0, restarted_count=0
 full_count=0

Compilation events (20 events):
Event: 7.579 Thread 0x0000022fff29a3b0 4617       3       org.eclipse.core.internal.jobs.ThreadJob::push (123 bytes)
Event: 7.580 Thread 0x0000022fff29a3b0 nmethod 4617 0x0000022fec9e1790 code [0x0000022fec9e19e0, 0x0000022fec9e24e8]
Event: 7.580 Thread 0x0000022fff29a3b0 4618       3       org.eclipse.core.internal.resources.Rules::refreshRule (28 bytes)
Event: 7.580 Thread 0x0000022fff29a3b0 nmethod 4618 0x0000022fec9e2790 code [0x0000022fec9e2960, 0x0000022fec9e2cb0]
Event: 7.580 Thread 0x0000022fff29a3b0 4616       3       org.eclipse.core.internal.jobs.ThreadJob::pop (53 bytes)
Event: 7.581 Thread 0x0000022fff29a3b0 nmethod 4616 0x0000022fec9e2e10 code [0x0000022fec9e2fe0, 0x0000022fec9e3398]
Event: 7.581 Thread 0x0000022fff29a3b0 4619       3       org.eclipse.core.resources.team.ResourceRuleFactory::refreshRule (6 bytes)
Event: 7.581 Thread 0x0000022fff29a3b0 nmethod 4619 0x0000022fec9e3510 code [0x0000022fec9e36c0, 0x0000022fec9e37f8]
Event: 7.581 Thread 0x0000022fff29a3b0 4620       3       org.eclipse.core.resources.team.ResourceRuleFactory::parent (49 bytes)
Event: 7.581 Thread 0x0000022fff29a3b0 nmethod 4620 0x0000022fec9e3890 code [0x0000022fec9e3a60, 0x0000022fec9e3dc0]
Event: 7.592 Thread 0x0000022fff29a3b0 4621       3       java.lang.ThreadLocal::remove (8 bytes)
Event: 7.596 Thread 0x0000022fff29a3b0 nmethod 4621 0x0000022fec9e3e90 code [0x0000022fec9e4060, 0x0000022fec9e4328]
Event: 7.596 Thread 0x0000022fff29a3b0 4623       3       java.lang.ThreadLocal$ThreadLocalMap::remove (68 bytes)
Event: 7.597 Thread 0x0000022fff29a3b0 nmethod 4623 0x0000022fec9e4490 code [0x0000022fec9e46a0, 0x0000022fec9e4c58]
Event: 7.597 Thread 0x0000022fff29a3b0 4624       3       org.eclipse.core.runtime.Path::toString (210 bytes)
Event: 7.598 Thread 0x0000022fff29a3b0 nmethod 4624 0x0000022fec9e4f10 code [0x0000022fec9e5180, 0x0000022fec9e5b90]
Event: 7.598 Thread 0x0000022fff29a3b0 4622       3       java.lang.ThreadLocal::remove (16 bytes)
Event: 7.598 Thread 0x0000022fff29a3b0 nmethod 4622 0x0000022fec9e6010 code [0x0000022fec9e61e0, 0x0000022fec9e6430]
Event: 7.600 Thread 0x0000022fff29a3b0 4626       3       org.eclipse.core.runtime.SubMonitor::eq (24 bytes)
Event: 7.601 Thread 0x0000022fff29a3b0 nmethod 4626 0x0000022fec9e6510 code [0x0000022fec9e66e0, 0x0000022fec9e69b0]

GC Heap History (20 events):
Event: 4.864 GC heap before
{Heap before GC invocations=9 (full 0):
 PSYoungGen      total 31744K, used 28191K [0x00000000eab00000, 0x00000000ee100000, 0x0000000100000000)
  eden space 24064K, 99% used [0x00000000eab00000,0x00000000ec25bc28,0x00000000ec280000)
  from space 7680K, 55% used [0x00000000ec800000,0x00000000ecc2c000,0x00000000ecf80000)
  to   space 5632K, 0% used [0x00000000ec280000,0x00000000ec280000,0x00000000ec800000)
 ParOldGen       total 68608K, used 14193K [0x00000000c0000000, 0x00000000c4300000, 0x00000000eab00000)
  object space 68608K, 20% used [0x00000000c0000000,0x00000000c0ddc488,0x00000000c4300000)
 Metaspace       used 15432K, committed 16000K, reserved 1114112K
  class space    used 1509K, committed 1792K, reserved 1048576K
}
Event: 4.869 GC heap after
{Heap after GC invocations=9 (full 0):
 PSYoungGen      total 27648K, used 3911K [0x00000000eab00000, 0x00000000ecb00000, 0x0000000100000000)
  eden space 23552K, 0% used [0x00000000eab00000,0x00000000eab00000,0x00000000ec200000)
  from space 4096K, 95% used [0x00000000ec280000,0x00000000ec651ff0,0x00000000ec680000)
  to   space 4608K, 0% used [0x00000000ec680000,0x00000000ec680000,0x00000000ecb00000)
 ParOldGen       total 68608K, used 15689K [0x00000000c0000000, 0x00000000c4300000, 0x00000000eab00000)
  object space 68608K, 22% used [0x00000000c0000000,0x00000000c0f524a8,0x00000000c4300000)
 Metaspace       used 15432K, committed 16000K, reserved 1114112K
  class space    used 1509K, committed 1792K, reserved 1048576K
}
Event: 4.876 GC heap before
{Heap before GC invocations=10 (full 0):
 PSYoungGen      total 27648K, used 27024K [0x00000000eab00000, 0x00000000ecb00000, 0x0000000100000000)
  eden space 23552K, 98% used [0x00000000eab00000,0x00000000ec1921d0,0x00000000ec200000)
  from space 4096K, 95% used [0x00000000ec280000,0x00000000ec651ff0,0x00000000ec680000)
  to   space 4608K, 0% used [0x00000000ec680000,0x00000000ec680000,0x00000000ecb00000)
 ParOldGen       total 68608K, used 15689K [0x00000000c0000000, 0x00000000c4300000, 0x00000000eab00000)
  object space 68608K, 22% used [0x00000000c0000000,0x00000000c0f524a8,0x00000000c4300000)
 Metaspace       used 15432K, committed 16000K, reserved 1114112K
  class space    used 1509K, committed 1792K, reserved 1048576K
}
Event: 4.878 GC heap after
{Heap after GC invocations=10 (full 0):
 PSYoungGen      total 27648K, used 4287K [0x00000000eab00000, 0x00000000ecb00000, 0x0000000100000000)
  eden space 23040K, 0% used [0x00000000eab00000,0x00000000eab00000,0x00000000ec180000)
  from space 4608K, 93% used [0x00000000ec680000,0x00000000ecaafff0,0x00000000ecb00000)
  to   space 4608K, 0% used [0x00000000ec200000,0x00000000ec200000,0x00000000ec680000)
 ParOldGen       total 68608K, used 15689K [0x00000000c0000000, 0x00000000c4300000, 0x00000000eab00000)
  object space 68608K, 22% used [0x00000000c0000000,0x00000000c0f524a8,0x00000000c4300000)
 Metaspace       used 15432K, committed 16000K, reserved 1114112K
  class space    used 1509K, committed 1792K, reserved 1048576K
}
Event: 4.883 GC heap before
{Heap before GC invocations=11 (full 0):
 PSYoungGen      total 27648K, used 26763K [0x00000000eab00000, 0x00000000ecb00000, 0x0000000100000000)
  eden space 23040K, 97% used [0x00000000eab00000,0x00000000ec0f2e90,0x00000000ec180000)
  from space 4608K, 93% used [0x00000000ec680000,0x00000000ecaafff0,0x00000000ecb00000)
  to   space 4608K, 0% used [0x00000000ec200000,0x00000000ec200000,0x00000000ec680000)
 ParOldGen       total 68608K, used 15689K [0x00000000c0000000, 0x00000000c4300000, 0x00000000eab00000)
  object space 68608K, 22% used [0x00000000c0000000,0x00000000c0f524a8,0x00000000c4300000)
 Metaspace       used 15432K, committed 16000K, reserved 1114112K
  class space    used 1509K, committed 1792K, reserved 1048576K
}
Event: 4.886 GC heap after
{Heap after GC invocations=11 (full 0):
 PSYoungGen      total 28160K, used 919K [0x00000000eab00000, 0x00000000ed400000, 0x0000000100000000)
  eden space 23552K, 0% used [0x00000000eab00000,0x00000000eab00000,0x00000000ec200000)
  from space 4608K, 19% used [0x00000000ec200000,0x00000000ec2e5ff0,0x00000000ec680000)
  to   space 2560K, 0% used [0x00000000ed180000,0x00000000ed180000,0x00000000ed400000)
 ParOldGen       total 68608K, used 19193K [0x00000000c0000000, 0x00000000c4300000, 0x00000000eab00000)
  object space 68608K, 27% used [0x00000000c0000000,0x00000000c12be4a8,0x00000000c4300000)
 Metaspace       used 15432K, committed 16000K, reserved 1114112K
  class space    used 1509K, committed 1792K, reserved 1048576K
}
Event: 4.979 GC heap before
{Heap before GC invocations=12 (full 0):
 PSYoungGen      total 28160K, used 24296K [0x00000000eab00000, 0x00000000ed400000, 0x0000000100000000)
  eden space 23552K, 99% used [0x00000000eab00000,0x00000000ec1d4170,0x00000000ec200000)
  from space 4608K, 19% used [0x00000000ec200000,0x00000000ec2e5ff0,0x00000000ec680000)
  to   space 2560K, 0% used [0x00000000ed180000,0x00000000ed180000,0x00000000ed400000)
 ParOldGen       total 68608K, used 19193K [0x00000000c0000000, 0x00000000c4300000, 0x00000000eab00000)
  object space 68608K, 27% used [0x00000000c0000000,0x00000000c12be4a8,0x00000000c4300000)
 Metaspace       used 15435K, committed 16000K, reserved 1114112K
  class space    used 1509K, committed 1792K, reserved 1048576K
}
Event: 4.983 GC heap after
{Heap after GC invocations=12 (full 0):
 PSYoungGen      total 25600K, used 2535K [0x00000000eab00000, 0x00000000ed400000, 0x0000000100000000)
  eden space 23040K, 0% used [0x00000000eab00000,0x00000000eab00000,0x00000000ec180000)
  from space 2560K, 99% used [0x00000000ed180000,0x00000000ed3f9fe8,0x00000000ed400000)
  to   space 4608K, 0% used [0x00000000ecb00000,0x00000000ecb00000,0x00000000ecf80000)
 ParOldGen       total 68608K, used 20409K [0x00000000c0000000, 0x00000000c4300000, 0x00000000eab00000)
  object space 68608K, 29% used [0x00000000c0000000,0x00000000c13ee4a8,0x00000000c4300000)
 Metaspace       used 15435K, committed 16000K, reserved 1114112K
  class space    used 1509K, committed 1792K, reserved 1048576K
}
Event: 4.987 GC heap before
{Heap before GC invocations=13 (full 0):
 PSYoungGen      total 25600K, used 25432K [0x00000000eab00000, 0x00000000ed400000, 0x0000000100000000)
  eden space 23040K, 99% used [0x00000000eab00000,0x00000000ec15c3f0,0x00000000ec180000)
  from space 2560K, 99% used [0x00000000ed180000,0x00000000ed3f9fe8,0x00000000ed400000)
  to   space 4608K, 0% used [0x00000000ecb00000,0x00000000ecb00000,0x00000000ecf80000)
 ParOldGen       total 68608K, used 20409K [0x00000000c0000000, 0x00000000c4300000, 0x00000000eab00000)
  object space 68608K, 29% used [0x00000000c0000000,0x00000000c13ee4a8,0x00000000c4300000)
 Metaspace       used 15435K, committed 16000K, reserved 1114112K
  class space    used 1509K, committed 1792K, reserved 1048576K
}
Event: 4.990 GC heap after
{Heap after GC invocations=13 (full 0):
 PSYoungGen      total 37376K, used 1311K [0x00000000eab00000, 0x00000000ed400000, 0x0000000100000000)
  eden space 32768K, 0% used [0x00000000eab00000,0x00000000eab00000,0x00000000ecb00000)
  from space 4608K, 28% used [0x00000000ecb00000,0x00000000ecc47fd0,0x00000000ecf80000)
  to   space 2560K, 0% used [0x00000000ed180000,0x00000000ed180000,0x00000000ed400000)
 ParOldGen       total 68608K, used 22721K [0x00000000c0000000, 0x00000000c4300000, 0x00000000eab00000)
  object space 68608K, 33% used [0x00000000c0000000,0x00000000c16304a8,0x00000000c4300000)
 Metaspace       used 15435K, committed 16000K, reserved 1114112K
  class space    used 1509K, committed 1792K, reserved 1048576K
}
Event: 4.997 GC heap before
{Heap before GC invocations=14 (full 0):
 PSYoungGen      total 37376K, used 33777K [0x00000000eab00000, 0x00000000ed400000, 0x0000000100000000)
  eden space 32768K, 99% used [0x00000000eab00000,0x00000000ecab46c8,0x00000000ecb00000)
  from space 4608K, 28% used [0x00000000ecb00000,0x00000000ecc47fd0,0x00000000ecf80000)
  to   space 2560K, 0% used [0x00000000ed180000,0x00000000ed180000,0x00000000ed400000)
 ParOldGen       total 68608K, used 22721K [0x00000000c0000000, 0x00000000c4300000, 0x00000000eab00000)
  object space 68608K, 33% used [0x00000000c0000000,0x00000000c16304a8,0x00000000c4300000)
 Metaspace       used 15435K, committed 16000K, reserved 1114112K
  class space    used 1509K, committed 1792K, reserved 1048576K
}
Event: 4.998 GC heap after
{Heap after GC invocations=14 (full 0):
 PSYoungGen      total 34304K, used 1935K [0x00000000eab00000, 0x00000000ed380000, 0x0000000100000000)
  eden space 32256K, 0% used [0x00000000eab00000,0x00000000eab00000,0x00000000eca80000)
  from space 2048K, 94% used [0x00000000ed180000,0x00000000ed363fd0,0x00000000ed380000)
  to   space 2560K, 0% used [0x00000000ece80000,0x00000000ece80000,0x00000000ed100000)
 ParOldGen       total 68608K, used 22721K [0x00000000c0000000, 0x00000000c4300000, 0x00000000eab00000)
  object space 68608K, 33% used [0x00000000c0000000,0x00000000c16304a8,0x00000000c4300000)
 Metaspace       used 15435K, committed 16000K, reserved 1114112K
  class space    used 1509K, committed 1792K, reserved 1048576K
}
Event: 6.235 GC heap before
{Heap before GC invocations=15 (full 0):
 PSYoungGen      total 34304K, used 34191K [0x00000000eab00000, 0x00000000ed380000, 0x0000000100000000)
  eden space 32256K, 100% used [0x00000000eab00000,0x00000000eca80000,0x00000000eca80000)
  from space 2048K, 94% used [0x00000000ed180000,0x00000000ed363fd0,0x00000000ed380000)
  to   space 2560K, 0% used [0x00000000ece80000,0x00000000ece80000,0x00000000ed100000)
 ParOldGen       total 68608K, used 22721K [0x00000000c0000000, 0x00000000c4300000, 0x00000000eab00000)
  object space 68608K, 33% used [0x00000000c0000000,0x00000000c16304a8,0x00000000c4300000)
 Metaspace       used 17738K, committed 18432K, reserved 1114112K
  class space    used 1752K, committed 2048K, reserved 1048576K
}
Event: 6.240 GC heap after
{Heap after GC invocations=15 (full 0):
 PSYoungGen      total 34304K, used 2531K [0x00000000eab00000, 0x00000000ed400000, 0x0000000100000000)
  eden space 31744K, 0% used [0x00000000eab00000,0x00000000eab00000,0x00000000eca00000)
  from space 2560K, 98% used [0x00000000ece80000,0x00000000ed0f8ec8,0x00000000ed100000)
  to   space 3072K, 0% used [0x00000000ed100000,0x00000000ed100000,0x00000000ed400000)
 ParOldGen       total 68608K, used 24801K [0x00000000c0000000, 0x00000000c4300000, 0x00000000eab00000)
  object space 68608K, 36% used [0x00000000c0000000,0x00000000c18384a8,0x00000000c4300000)
 Metaspace       used 17738K, committed 18432K, reserved 1114112K
  class space    used 1752K, committed 2048K, reserved 1048576K
}
Event: 6.922 GC heap before
{Heap before GC invocations=16 (full 0):
 PSYoungGen      total 34304K, used 32840K [0x00000000eab00000, 0x00000000ed400000, 0x0000000100000000)
  eden space 31744K, 95% used [0x00000000eab00000,0x00000000ec899488,0x00000000eca00000)
  from space 2560K, 98% used [0x00000000ece80000,0x00000000ed0f8ec8,0x00000000ed100000)
  to   space 3072K, 0% used [0x00000000ed100000,0x00000000ed100000,0x00000000ed400000)
 ParOldGen       total 68608K, used 24801K [0x00000000c0000000, 0x00000000c4300000, 0x00000000eab00000)
  object space 68608K, 36% used [0x00000000c0000000,0x00000000c18384a8,0x00000000c4300000)
 Metaspace       used 20687K, committed 21504K, reserved 1114112K
  class space    used 2075K, committed 2432K, reserved 1048576K
}
Event: 6.926 GC heap after
{Heap after GC invocations=16 (full 0):
 PSYoungGen      total 33792K, used 1986K [0x00000000eab00000, 0x00000000ed300000, 0x0000000100000000)
  eden space 31744K, 0% used [0x00000000eab00000,0x00000000eab00000,0x00000000eca00000)
  from space 2048K, 97% used [0x00000000ed100000,0x00000000ed2f0a90,0x00000000ed300000)
  to   space 3072K, 0% used [0x00000000ecd00000,0x00000000ecd00000,0x00000000ed000000)
 ParOldGen       total 68608K, used 27316K [0x00000000c0000000, 0x00000000c4300000, 0x00000000eab00000)
  object space 68608K, 39% used [0x00000000c0000000,0x00000000c1aad1c0,0x00000000c4300000)
 Metaspace       used 20687K, committed 21504K, reserved 1114112K
  class space    used 2075K, committed 2432K, reserved 1048576K
}
Event: 6.926 GC heap before
{Heap before GC invocations=17 (full 1):
 PSYoungGen      total 33792K, used 1986K [0x00000000eab00000, 0x00000000ed300000, 0x0000000100000000)
  eden space 31744K, 0% used [0x00000000eab00000,0x00000000eab00000,0x00000000eca00000)
  from space 2048K, 97% used [0x00000000ed100000,0x00000000ed2f0a90,0x00000000ed300000)
  to   space 3072K, 0% used [0x00000000ecd00000,0x00000000ecd00000,0x00000000ed000000)
 ParOldGen       total 68608K, used 27316K [0x00000000c0000000, 0x00000000c4300000, 0x00000000eab00000)
  object space 68608K, 39% used [0x00000000c0000000,0x00000000c1aad1c0,0x00000000c4300000)
 Metaspace       used 20687K, committed 21504K, reserved 1114112K
  class space    used 2075K, committed 2432K, reserved 1048576K
}
Event: 6.981 GC heap after
{Heap after GC invocations=17 (full 1):
 PSYoungGen      total 33792K, used 0K [0x00000000eab00000, 0x00000000ed300000, 0x0000000100000000)
  eden space 31744K, 0% used [0x00000000eab00000,0x00000000eab00000,0x00000000eca00000)
  from space 2048K, 0% used [0x00000000ed100000,0x00000000ed100000,0x00000000ed300000)
  to   space 3072K, 0% used [0x00000000ecd00000,0x00000000ecd00000,0x00000000ed000000)
 ParOldGen       total 68608K, used 18084K [0x00000000c0000000, 0x00000000c4300000, 0x00000000eab00000)
  object space 68608K, 26% used [0x00000000c0000000,0x00000000c11a90d0,0x00000000c4300000)
 Metaspace       used 20674K, committed 21504K, reserved 1114112K
  class space    used 2071K, committed 2432K, reserved 1048576K
}
Event: 7.349 GC heap before
{Heap before GC invocations=18 (full 1):
 PSYoungGen      total 33792K, used 31744K [0x00000000eab00000, 0x00000000ed300000, 0x0000000100000000)
  eden space 31744K, 100% used [0x00000000eab00000,0x00000000eca00000,0x00000000eca00000)
  from space 2048K, 0% used [0x00000000ed100000,0x00000000ed100000,0x00000000ed300000)
  to   space 3072K, 0% used [0x00000000ecd00000,0x00000000ecd00000,0x00000000ed000000)
 ParOldGen       total 68608K, used 18084K [0x00000000c0000000, 0x00000000c4300000, 0x00000000eab00000)
  object space 68608K, 26% used [0x00000000c0000000,0x00000000c11a90d0,0x00000000c4300000)
 Metaspace       used 23757K, committed 24640K, reserved 1114112K
  class space    used 2258K, committed 2624K, reserved 1048576K
}
Event: 7.351 GC heap after
{Heap after GC invocations=18 (full 1):
 PSYoungGen      total 34304K, used 689K [0x00000000eab00000, 0x00000000ed180000, 0x0000000100000000)
  eden space 31232K, 0% used [0x00000000eab00000,0x00000000eab00000,0x00000000ec980000)
  from space 3072K, 22% used [0x00000000ecd00000,0x00000000ecdac720,0x00000000ed000000)
  to   space 1536K, 0% used [0x00000000ed000000,0x00000000ed000000,0x00000000ed180000)
 ParOldGen       total 68608K, used 18092K [0x00000000c0000000, 0x00000000c4300000, 0x00000000eab00000)
  object space 68608K, 26% used [0x00000000c0000000,0x00000000c11ab0d0,0x00000000c4300000)
 Metaspace       used 23757K, committed 24640K, reserved 1114112K
  class space    used 2258K, committed 2624K, reserved 1048576K
}

Dll operation events (10 events):
Event: 0.019 Loaded shared library c:\Users\zinzi\.vscode\extensions\redhat.java-1.40.0-win32-x64\jre\21.0.6-win32-x86_64\bin\java.dll
Event: 0.151 Loaded shared library c:\Users\zinzi\.vscode\extensions\redhat.java-1.40.0-win32-x64\jre\21.0.6-win32-x86_64\bin\zip.dll
Event: 0.191 Loaded shared library C:\Users\zinzi\.vscode\extensions\redhat.java-1.40.0-win32-x64\jre\21.0.6-win32-x86_64\bin\instrument.dll
Event: 0.199 Loaded shared library C:\Users\zinzi\.vscode\extensions\redhat.java-1.40.0-win32-x64\jre\21.0.6-win32-x86_64\bin\net.dll
Event: 0.202 Loaded shared library C:\Users\zinzi\.vscode\extensions\redhat.java-1.40.0-win32-x64\jre\21.0.6-win32-x86_64\bin\nio.dll
Event: 0.212 Loaded shared library C:\Users\zinzi\.vscode\extensions\redhat.java-1.40.0-win32-x64\jre\21.0.6-win32-x86_64\bin\zip.dll
Event: 0.248 Loaded shared library C:\Users\zinzi\.vscode\extensions\redhat.java-1.40.0-win32-x64\jre\21.0.6-win32-x86_64\bin\jimage.dll
Event: 0.414 Loaded shared library c:\Users\zinzi\.vscode\extensions\redhat.java-1.40.0-win32-x64\jre\21.0.6-win32-x86_64\bin\verify.dll
Event: 2.418 Loaded shared library C:\Users\zinzi\AppData\Roaming\Code\User\globalStorage\redhat.java\1.40.0\config_win\org.eclipse.equinox.launcher\org.eclipse.equinox.launcher.win32.win32.x86_64_1.2.1200.v20250212-0927\eclipse_11909.dll
Event: 5.668 Loaded shared library C:\Users\zinzi\AppData\Local\Temp\jna-115907214\jna18129316998030262712.dll

Deoptimization events (20 events):
Event: 6.697 Thread 0x0000022fffdcbaa0 Uncommon trap: trap_request=0xffffff45 fr.pc=0x0000022ff3b81168 relative=0x0000000000000048
Event: 6.697 Thread 0x0000022fffdcbaa0 Uncommon trap: reason=unstable_if action=reinterpret pc=0x0000022ff3b81168 method=java.lang.StringLatin1.canEncode(I)Z @ 4 c2
Event: 6.697 Thread 0x0000022fffdcbaa0 DEOPT PACKING pc=0x0000022ff3b81168 sp=0x000000cc665f2ee0
Event: 6.697 Thread 0x0000022fffdcbaa0 DEOPT UNPACKING pc=0x0000022ff3603aa2 sp=0x000000cc665f2e70 mode 2
Event: 7.022 Thread 0x0000022fffdcbaa0 Uncommon trap: trap_request=0xffffff45 fr.pc=0x0000022ff3cea554 relative=0x0000000000000b94
Event: 7.022 Thread 0x0000022fffdcbaa0 Uncommon trap: reason=unstable_if action=reinterpret pc=0x0000022ff3cea554 method=jdk.internal.org.objectweb.asm.Frame.execute(IILjdk/internal/org/objectweb/asm/Symbol;Ljdk/internal/org/objectweb/asm/SymbolTable;)V @ 1 c2
Event: 7.022 Thread 0x0000022fffdcbaa0 DEOPT PACKING pc=0x0000022ff3cea554 sp=0x000000cc665f8020
Event: 7.023 Thread 0x0000022fffdcbaa0 DEOPT UNPACKING pc=0x0000022ff3603aa2 sp=0x000000cc665f7fa8 mode 2
Event: 7.331 Thread 0x0000022fc57d4700 Uncommon trap: trap_request=0xffffffde fr.pc=0x0000022ff3d658d4 relative=0x0000000000000b34
Event: 7.331 Thread 0x0000022fc57d4700 Uncommon trap: reason=class_check action=maybe_recompile pc=0x0000022ff3d658d4 method=org.eclipse.core.internal.dtree.DeltaDataTree.lookup(Lorg/eclipse/core/runtime/IPath;)Lorg/eclipse/core/internal/dtree/DataTreeLookup; @ 125 c2
Event: 7.331 Thread 0x0000022fc57d4700 DEOPT PACKING pc=0x0000022ff3d658d4 sp=0x000000cc66dfec50
Event: 7.331 Thread 0x0000022fc57d4700 DEOPT UNPACKING pc=0x0000022ff3603aa2 sp=0x000000cc66dfeb18 mode 2
Event: 7.331 Thread 0x0000022fc57d4700 Uncommon trap: trap_request=0xffffffde fr.pc=0x0000022ff3d658d4 relative=0x0000000000000b34
Event: 7.331 Thread 0x0000022fc57d4700 Uncommon trap: reason=class_check action=maybe_recompile pc=0x0000022ff3d658d4 method=org.eclipse.core.internal.dtree.DeltaDataTree.lookup(Lorg/eclipse/core/runtime/IPath;)Lorg/eclipse/core/internal/dtree/DataTreeLookup; @ 125 c2
Event: 7.331 Thread 0x0000022fc57d4700 DEOPT PACKING pc=0x0000022ff3d658d4 sp=0x000000cc66dfebc0
Event: 7.331 Thread 0x0000022fc57d4700 DEOPT UNPACKING pc=0x0000022ff3603aa2 sp=0x000000cc66dfea88 mode 2
Event: 7.510 Thread 0x0000022fffdcbaa0 Uncommon trap: trap_request=0xffffff45 fr.pc=0x0000022ff3d7af84 relative=0x0000000000000164
Event: 7.510 Thread 0x0000022fffdcbaa0 Uncommon trap: reason=unstable_if action=reinterpret pc=0x0000022ff3d7af84 method=org.lombokweb.asm.ByteVector.putByteArray([BII)Lorg/lombokweb/asm/ByteVector; @ 20 c2
Event: 7.510 Thread 0x0000022fffdcbaa0 DEOPT PACKING pc=0x0000022ff3d7af84 sp=0x000000cc665f2890
Event: 7.510 Thread 0x0000022fffdcbaa0 DEOPT UNPACKING pc=0x0000022ff3603aa2 sp=0x000000cc665f2860 mode 2

Classes loaded (20 events):
Event: 7.072 Loading class java/net/SocketTimeoutException
Event: 7.072 Loading class java/io/InterruptedIOException
Event: 7.072 Loading class java/io/InterruptedIOException done
Event: 7.072 Loading class java/net/SocketTimeoutException done
Event: 7.072 Loading class java/net/SocketException
Event: 7.072 Loading class java/net/SocketException done
Event: 7.072 Loading class java/net/UnknownHostException
Event: 7.072 Loading class java/net/UnknownHostException done
Event: 7.072 Loading class java/net/ProtocolException
Event: 7.072 Loading class java/net/ProtocolException done
Event: 7.101 Loading class java/lang/ThreadLocal$SuppliedThreadLocal
Event: 7.101 Loading class java/lang/ThreadLocal$SuppliedThreadLocal done
Event: 7.108 Loading class java/io/FileWriter
Event: 7.109 Loading class java/io/FileWriter done
Event: 7.109 Loading class java/lang/NegativeArraySizeException
Event: 7.109 Loading class java/lang/NegativeArraySizeException done
Event: 7.136 Loading class java/util/ArrayDeque$DeqSpliterator
Event: 7.137 Loading class java/util/ArrayDeque$DeqSpliterator done
Event: 7.168 Loading class java/util/ImmutableCollections$SubList
Event: 7.169 Loading class java/util/ImmutableCollections$SubList done

Classes unloaded (7 events):
Event: 6.937 Thread 0x0000022fe8f4eab0 Unloading class 0x0000022f81199c00 'java/lang/invoke/LambdaForm$MH+0x0000022f81199c00'
Event: 6.937 Thread 0x0000022fe8f4eab0 Unloading class 0x0000022f81199800 'java/lang/invoke/LambdaForm$MH+0x0000022f81199800'
Event: 6.937 Thread 0x0000022fe8f4eab0 Unloading class 0x0000022f81199400 'java/lang/invoke/LambdaForm$MH+0x0000022f81199400'
Event: 6.937 Thread 0x0000022fe8f4eab0 Unloading class 0x0000022f81199000 'java/lang/invoke/LambdaForm$MH+0x0000022f81199000'
Event: 6.937 Thread 0x0000022fe8f4eab0 Unloading class 0x0000022f81198c00 'java/lang/invoke/LambdaForm$BMH+0x0000022f81198c00'
Event: 6.937 Thread 0x0000022fe8f4eab0 Unloading class 0x0000022f81198800 'java/lang/invoke/LambdaForm$DMH+0x0000022f81198800'
Event: 6.937 Thread 0x0000022fe8f4eab0 Unloading class 0x0000022f81197400 'java/lang/invoke/LambdaForm$DMH+0x0000022f81197400'

Classes redefined (0 events):
No events

Internal exceptions (20 events):
Event: 5.847 Thread 0x0000022fffdcbaa0 Exception <a 'java/lang/NoSuchMethodError'{0x00000000ec268748}: 'java.lang.Object java.lang.invoke.Invokers$Holder.linkToTargetMethod(java.lang.Object, java.lang.Object, long, java.lang.Object)'> (0x00000000ec268748) 
thrown [s\src\hotspot\share\interpreter\linkResolver.cpp, line 773]
Event: 5.875 Thread 0x0000022fffdcbaa0 Exception <a 'java/lang/NoSuchMethodError'{0x00000000ec371628}: 'int java.lang.invoke.DirectMethodHandle$Holder.invokeStaticInit(java.lang.Object, java.lang.Object, java.lang.Object)'> (0x00000000ec371628) 
thrown [s\src\hotspot\share\interpreter\linkResolver.cpp, line 773]
Event: 5.903 Thread 0x0000022fffdcbaa0 Exception <a 'java/lang/IncompatibleClassChangeError'{0x00000000ec40fe28}: Found class java.lang.Object, but interface was expected> (0x00000000ec40fe28) 
thrown [s\src\hotspot\share\interpreter\linkResolver.cpp, line 840]
Event: 6.106 Thread 0x0000022fffdcbaa0 Exception <a 'java/lang/NoSuchMethodError'{0x00000000ec5bb858}: 'java.lang.Object java.lang.invoke.DirectMethodHandle$Holder.invokeSpecial(java.lang.Object, java.lang.Object, java.lang.Object, int, java.lang.Object, java.lang.Object)'> (0x00000000ec5bb858) 
thrown [s\src\hotspot\share\interpreter\linkResolver.cpp, line 773]
Event: 6.107 Thread 0x0000022fffdcbaa0 Exception <a 'java/lang/NoSuchMethodError'{0x00000000ec5c3168}: 'java.lang.Object java.lang.invoke.DirectMethodHandle$Holder.newInvokeSpecial(java.lang.Object, java.lang.Object, java.lang.Object, int, java.lang.Object)'> (0x00000000ec5c3168) 
thrown [s\src\hotspot\share\interpreter\linkResolver.cpp, line 773]
Event: 6.107 Thread 0x0000022fffdcbaa0 Exception <a 'java/lang/NoSuchMethodError'{0x00000000ec5c6c58}: 'java.lang.Object java.lang.invoke.Invokers$Holder.linkToTargetMethod(java.lang.Object, java.lang.Object, int, java.lang.Object, java.lang.Object)'> (0x00000000ec5c6c58) 
thrown [s\src\hotspot\share\interpreter\linkResolver.cpp, line 773]
Event: 6.108 Thread 0x0000022fc57d3350 Exception <a 'java/lang/NoSuchMethodError'{0x00000000ec2c2e08}: 'java.lang.Object java.lang.invoke.DirectMethodHandle$Holder.invokeSpecial(java.lang.Object, java.lang.Object, int, java.lang.Object, java.lang.Object)'> (0x00000000ec2c2e08) 
thrown [s\src\hotspot\share\interpreter\linkResolver.cpp, line 773]
Event: 6.127 Thread 0x0000022fffdcbaa0 Exception <a 'java/lang/NoSuchMethodError'{0x00000000ec74c588}: 'void java.lang.invoke.DirectMethodHandle$Holder.invokeSpecial(java.lang.Object, java.lang.Object, java.lang.Object, java.lang.Object, java.lang.Object)'> (0x00000000ec74c588) 
thrown [s\src\hotspot\share\interpreter\linkResolver.cpp, line 773]
Event: 6.363 Thread 0x0000022fffdcbaa0 Exception <a 'java/lang/NoSuchMethodError'{0x00000000eb047990}: 'java.lang.Object java.lang.invoke.DirectMethodHandle$Holder.invokeInterface(java.lang.Object, java.lang.Object, java.lang.Object)'> (0x00000000eb047990) 
thrown [s\src\hotspot\share\interpreter\linkResolver.cpp, line 773]
Event: 6.503 Thread 0x0000022fffdcbaa0 Exception <a 'java/lang/NoSuchMethodError'{0x00000000eb435eb8}: 'java.lang.Object java.lang.invoke.Invokers$Holder.linkToTargetMethod(java.lang.Object, long, java.lang.Object, java.lang.Object)'> (0x00000000eb435eb8) 
thrown [s\src\hotspot\share\interpreter\linkResolver.cpp, line 773]
Event: 6.662 Thread 0x0000022fffdcbaa0 Exception <a 'java/io/FileNotFoundException'{0x00000000ebbf1e68}> (0x00000000ebbf1e68) 
thrown [s\src\hotspot\share\prims\jni.cpp, line 520]
Event: 6.663 Thread 0x0000022fffdcbaa0 Exception <a 'java/lang/NoSuchMethodError'{0x00000000ebbfa420}: 'java.lang.Object java.lang.invoke.DirectMethodHandle$Holder.newInvokeSpecial(java.lang.Object, int, java.lang.Object, java.lang.Object)'> (0x00000000ebbfa420) 
thrown [s\src\hotspot\share\interpreter\linkResolver.cpp, line 773]
Event: 6.825 Thread 0x0000022fffdcbaa0 Exception <a 'java/lang/NoSuchMethodError'{0x00000000ec32fbd0}: 'long java.lang.invoke.DirectMethodHandle$Holder.invokeSpecial(java.lang.Object, java.lang.Object)'> (0x00000000ec32fbd0) 
thrown [s\src\hotspot\share\interpreter\linkResolver.cpp, line 773]
Event: 6.826 Thread 0x0000022fffdcbaa0 Exception <a 'java/lang/NoSuchMethodError'{0x00000000ec333d68}: 'long java.lang.invoke.Invokers$Holder.invokeExact_MT(java.lang.Object, java.lang.Object)'> (0x00000000ec333d68) 
thrown [s\src\hotspot\share\interpreter\linkResolver.cpp, line 773]
Event: 7.022 Thread 0x0000022fffdcbaa0 Exception <a 'java/lang/NoSuchMethodError'{0x00000000ead23e48}: 'double java.lang.invoke.DirectMethodHandle$Holder.invokeStatic(java.lang.Object, java.lang.Object)'> (0x00000000ead23e48) 
thrown [s\src\hotspot\share\interpreter\linkResolver.cpp, line 773]
Event: 7.023 Thread 0x0000022fffdcbaa0 Exception <a 'java/lang/NoSuchMethodError'{0x00000000ead274d8}: 'double java.lang.invoke.DirectMethodHandle$Holder.invokeStaticInit(java.lang.Object, java.lang.Object)'> (0x00000000ead274d8) 
thrown [s\src\hotspot\share\interpreter\linkResolver.cpp, line 773]
Event: 7.217 Thread 0x0000022fffdcbaa0 Exception <a 'java/io/FileNotFoundException'{0x00000000ec00ff50}> (0x00000000ec00ff50) 
thrown [s\src\hotspot\share\prims\jni.cpp, line 520]
Event: 7.217 Thread 0x0000022fffdcbaa0 Exception <a 'java/io/FileNotFoundException'{0x00000000ec010d80}> (0x00000000ec010d80) 
thrown [s\src\hotspot\share\prims\jni.cpp, line 520]
Event: 7.218 Thread 0x0000022fffdcbaa0 Exception <a 'java/io/FileNotFoundException'{0x00000000ec011cb8}> (0x00000000ec011cb8) 
thrown [s\src\hotspot\share\prims\jni.cpp, line 520]
Event: 7.510 Thread 0x0000022fffdcbaa0 Implicit null exception at 0x0000022ff3d7ae75 to 0x0000022ff3d7af68

ZGC Phase Switch (0 events):
No events

VM Operations (20 events):
Event: 5.683 Executing VM operation: HandshakeAllThreads (Deoptimize)
Event: 5.684 Executing VM operation: HandshakeAllThreads (Deoptimize) done
Event: 6.225 Executing VM operation: HandshakeAllThreads (Deoptimize)
Event: 6.225 Executing VM operation: HandshakeAllThreads (Deoptimize) done
Event: 6.225 Executing VM operation: Cleanup
Event: 6.225 Executing VM operation: Cleanup done
Event: 6.235 Executing VM operation: ParallelGCFailedAllocation (Allocation Failure)
Event: 6.240 Executing VM operation: ParallelGCFailedAllocation (Allocation Failure) done
Event: 6.302 Executing VM operation: HandshakeAllThreads (Deoptimize)
Event: 6.302 Executing VM operation: HandshakeAllThreads (Deoptimize) done
Event: 6.312 Executing VM operation: HandshakeAllThreads (Deoptimize)
Event: 6.312 Executing VM operation: HandshakeAllThreads (Deoptimize) done
Event: 6.844 Executing VM operation: ICBufferFull
Event: 6.844 Executing VM operation: ICBufferFull done
Event: 6.922 Executing VM operation: CollectForMetadataAllocation (Metadata GC Threshold)
Event: 6.981 Executing VM operation: CollectForMetadataAllocation (Metadata GC Threshold) done
Event: 6.990 Executing VM operation: HandshakeAllThreads (Deoptimize)
Event: 6.993 Executing VM operation: HandshakeAllThreads (Deoptimize) done
Event: 7.349 Executing VM operation: ParallelGCFailedAllocation (Allocation Failure)
Event: 7.351 Executing VM operation: ParallelGCFailedAllocation (Allocation Failure) done

Memory protections (0 events):
No events

Nmethod flushes (0 events):
No events

Events (20 events):
Event: 1.809 Thread 0x0000022fff29a3b0 Thread added: 0x0000022fc50ebce0
Event: 2.141 Thread 0x0000022fe8e8f3b0 Thread added: 0x0000022fffd59670
Event: 2.413 Thread 0x0000022fe8e8f3b0 Thread added: 0x0000022fffe62860
Event: 2.461 Thread 0x0000022fffe62860 Thread added: 0x0000022fffdcb030
Event: 2.466 Thread 0x0000022fe8e8f3b0 Thread added: 0x0000022fffdcbaa0
Event: 2.652 Thread 0x0000022fc50ebce0 Thread exited: 0x0000022fc50ebce0
Event: 2.800 Thread 0x0000022fff29a3b0 Thread added: 0x0000022fc53288c0
Event: 3.036 Thread 0x0000022fffdcbaa0 Thread added: 0x0000022fffe61000
Event: 3.341 Thread 0x0000022fffdcbaa0 Thread added: 0x0000022fc570c730
Event: 3.523 Thread 0x0000022fffdcbaa0 Thread added: 0x0000022fc57d1910
Event: 3.600 Thread 0x0000022fc53288c0 Thread exited: 0x0000022fc53288c0
Event: 4.232 Thread 0x0000022fffdcbaa0 Thread added: 0x0000022fc57d2cc0
Event: 4.516 Thread 0x0000022fff27ab90 Thread added: 0x0000022fc51b3ff0
Event: 5.025 Thread 0x0000022fc51b3ff0 Thread exited: 0x0000022fc51b3ff0
Event: 5.077 Thread 0x0000022fff5352c0 Thread exited: 0x0000022fff5352c0
Event: 5.496 Thread 0x0000022fff29a3b0 Thread added: 0x0000022fc51b3ff0
Event: 5.722 Thread 0x0000022fffdcbaa0 Thread added: 0x0000022fc57d4070
Event: 5.863 Thread 0x0000022fffdcbaa0 Thread added: 0x0000022fc57d3350
Event: 6.108 Thread 0x0000022fffdcbaa0 Thread added: 0x0000022fc57d4700
Event: 6.319 Thread 0x0000022fc57d4700 Thread added: 0x0000022fc57d39e0


Dynamic libraries:
0x00007ff7cec30000 - 0x00007ff7cec3e000 	c:\Users\zinzi\.vscode\extensions\redhat.java-1.40.0-win32-x64\jre\21.0.6-win32-x86_64\bin\java.exe
0x00007ff8bef30000 - 0x00007ff8bf147000 	C:\WINDOWS\SYSTEM32\ntdll.dll
0x00007ff8bd770000 - 0x00007ff8bd834000 	C:\WINDOWS\System32\KERNEL32.DLL
0x00007ff8bc500000 - 0x00007ff8bc8d1000 	C:\WINDOWS\System32\KERNELBASE.dll
0x00007ff8bc3b0000 - 0x00007ff8bc4c1000 	C:\WINDOWS\System32\ucrtbase.dll
0x00007ff86c920000 - 0x00007ff86c938000 	c:\Users\zinzi\.vscode\extensions\redhat.java-1.40.0-win32-x64\jre\21.0.6-win32-x86_64\bin\jli.dll
0x00007ff8be240000 - 0x00007ff8be3f1000 	C:\WINDOWS\System32\USER32.dll
0x00007ff8bc300000 - 0x00007ff8bc326000 	C:\WINDOWS\System32\win32u.dll
0x00007ff8bcc00000 - 0x00007ff8bcc29000 	C:\WINDOWS\System32\GDI32.dll
0x00007ff8bc070000 - 0x00007ff8bc18b000 	C:\WINDOWS\System32\gdi32full.dll
0x00007ff8bc960000 - 0x00007ff8bc9fa000 	C:\WINDOWS\System32\msvcp_win.dll
0x00007ff86c940000 - 0x00007ff86c95e000 	c:\Users\zinzi\.vscode\extensions\redhat.java-1.40.0-win32-x64\jre\21.0.6-win32-x86_64\bin\VCRUNTIME140.dll
0x00007ff8a9b50000 - 0x00007ff8a9de2000 	C:\WINDOWS\WinSxS\amd64_microsoft.windows.common-controls_6595b64144ccf1df_6.0.22621.4830_none_270fe7d773858e80\COMCTL32.dll
0x00007ff8be190000 - 0x00007ff8be237000 	C:\WINDOWS\System32\msvcrt.dll
0x00007ff8bcd50000 - 0x00007ff8bcd81000 	C:\WINDOWS\System32\IMM32.DLL
0x00007ff86c910000 - 0x00007ff86c91c000 	c:\Users\zinzi\.vscode\extensions\redhat.java-1.40.0-win32-x64\jre\21.0.6-win32-x86_64\bin\vcruntime140_1.dll
0x00007ff86c860000 - 0x00007ff86c8ed000 	c:\Users\zinzi\.vscode\extensions\redhat.java-1.40.0-win32-x64\jre\21.0.6-win32-x86_64\bin\msvcp140.dll
0x00007ff840b80000 - 0x00007ff841910000 	c:\Users\zinzi\.vscode\extensions\redhat.java-1.40.0-win32-x64\jre\21.0.6-win32-x86_64\bin\server\jvm.dll
0x00007ff8bee30000 - 0x00007ff8beee1000 	C:\WINDOWS\System32\ADVAPI32.dll
0x00007ff8bcd90000 - 0x00007ff8bce37000 	C:\WINDOWS\System32\sechost.dll
0x00007ff8bc4d0000 - 0x00007ff8bc4f8000 	C:\WINDOWS\System32\bcrypt.dll
0x00007ff8bcc30000 - 0x00007ff8bcd44000 	C:\WINDOWS\System32\RPCRT4.dll
0x00007ff8be110000 - 0x00007ff8be181000 	C:\WINDOWS\System32\WS2_32.dll
0x00007ff8baee0000 - 0x00007ff8baf2d000 	C:\WINDOWS\SYSTEM32\POWRPROF.dll
0x00007ff8acbb0000 - 0x00007ff8acbe4000 	C:\WINDOWS\SYSTEM32\WINMM.dll
0x00007ff8b9c70000 - 0x00007ff8b9c7a000 	C:\WINDOWS\SYSTEM32\VERSION.dll
0x00007ff8baec0000 - 0x00007ff8baed3000 	C:\WINDOWS\SYSTEM32\UMPDC.dll
0x00007ff8bb170000 - 0x00007ff8bb188000 	C:\WINDOWS\SYSTEM32\kernel.appcore.dll
0x00007ff86c850000 - 0x00007ff86c85a000 	c:\Users\zinzi\.vscode\extensions\redhat.java-1.40.0-win32-x64\jre\21.0.6-win32-x86_64\bin\jimage.dll
0x00007ff8ac0a0000 - 0x00007ff8ac2d2000 	C:\WINDOWS\SYSTEM32\DBGHELP.DLL
0x00007ff8be990000 - 0x00007ff8bed20000 	C:\WINDOWS\System32\combase.dll
0x00007ff8be400000 - 0x00007ff8be4d7000 	C:\WINDOWS\System32\OLEAUT32.dll
0x00007ff8a2290000 - 0x00007ff8a22c2000 	C:\WINDOWS\SYSTEM32\dbgcore.DLL
0x00007ff8bc330000 - 0x00007ff8bc3ab000 	C:\WINDOWS\System32\bcryptPrimitives.dll
0x00007ff851c30000 - 0x00007ff851c3f000 	c:\Users\zinzi\.vscode\extensions\redhat.java-1.40.0-win32-x64\jre\21.0.6-win32-x86_64\bin\instrument.dll
0x00007ff851d00000 - 0x00007ff851d1f000 	c:\Users\zinzi\.vscode\extensions\redhat.java-1.40.0-win32-x64\jre\21.0.6-win32-x86_64\bin\java.dll
0x00007ff8bcee0000 - 0x00007ff8bd768000 	C:\WINDOWS\System32\SHELL32.dll
0x00007ff8bca00000 - 0x00007ff8bcb3f000 	C:\WINDOWS\System32\wintypes.dll
0x00007ff8b9f90000 - 0x00007ff8ba89d000 	C:\WINDOWS\SYSTEM32\windows.storage.dll
0x00007ff8be650000 - 0x00007ff8be75a000 	C:\WINDOWS\System32\SHCORE.dll
0x00007ff8be5f0000 - 0x00007ff8be64e000 	C:\WINDOWS\System32\shlwapi.dll
0x00007ff8bbfa0000 - 0x00007ff8bbfcb000 	C:\WINDOWS\SYSTEM32\profapi.dll
0x00007ff851ce0000 - 0x00007ff851cf8000 	c:\Users\zinzi\.vscode\extensions\redhat.java-1.40.0-win32-x64\jre\21.0.6-win32-x86_64\bin\zip.dll
0x00007ff869df0000 - 0x00007ff869e00000 	C:\Users\zinzi\.vscode\extensions\redhat.java-1.40.0-win32-x64\jre\21.0.6-win32-x86_64\bin\net.dll
0x00007ff8b83f0000 - 0x00007ff8b851c000 	C:\WINDOWS\SYSTEM32\WINHTTP.dll
0x00007ff8bb5d0000 - 0x00007ff8bb63a000 	C:\WINDOWS\system32\mswsock.dll
0x00007ff851cc0000 - 0x00007ff851cd6000 	C:\Users\zinzi\.vscode\extensions\redhat.java-1.40.0-win32-x64\jre\21.0.6-win32-x86_64\bin\nio.dll
0x00007ff851cb0000 - 0x00007ff851cc0000 	c:\Users\zinzi\.vscode\extensions\redhat.java-1.40.0-win32-x64\jre\21.0.6-win32-x86_64\bin\verify.dll
0x00007ff879620000 - 0x00007ff879665000 	C:\Users\zinzi\AppData\Roaming\Code\User\globalStorage\redhat.java\1.40.0\config_win\org.eclipse.equinox.launcher\org.eclipse.equinox.launcher.win32.win32.x86_64_1.2.1200.v20250212-0927\eclipse_11909.dll
0x00007ff8bd840000 - 0x00007ff8bd9e1000 	C:\WINDOWS\System32\ole32.dll
0x00007ff8bb7f0000 - 0x00007ff8bb80b000 	C:\WINDOWS\SYSTEM32\CRYPTSP.dll
0x00007ff8bb0d0000 - 0x00007ff8bb107000 	C:\WINDOWS\system32\rsaenh.dll
0x00007ff8bb680000 - 0x00007ff8bb6a8000 	C:\WINDOWS\SYSTEM32\USERENV.dll
0x00007ff8bb7e0000 - 0x00007ff8bb7ec000 	C:\WINDOWS\SYSTEM32\CRYPTBASE.dll
0x00007ff8bab70000 - 0x00007ff8bab9d000 	C:\WINDOWS\SYSTEM32\IPHLPAPI.DLL
0x00007ff8bdc50000 - 0x00007ff8bdc59000 	C:\WINDOWS\System32\NSI.dll
0x00007ff88b360000 - 0x00007ff88b3a9000 	C:\Users\zinzi\AppData\Local\Temp\jna-115907214\jna18129316998030262712.dll
0x00007ff8bced0000 - 0x00007ff8bced8000 	C:\WINDOWS\System32\PSAPI.DLL

dbghelp: loaded successfully - version: 4.0.5 - missing functions: none
symbol engine: initialized successfully - sym options: 0x614 - pdb path: .;c:\Users\zinzi\.vscode\extensions\redhat.java-1.40.0-win32-x64\jre\21.0.6-win32-x86_64\bin;C:\WINDOWS\SYSTEM32;C:\WINDOWS\WinSxS\amd64_microsoft.windows.common-controls_6595b64144ccf1df_6.0.22621.4830_none_270fe7d773858e80;c:\Users\zinzi\.vscode\extensions\redhat.java-1.40.0-win32-x64\jre\21.0.6-win32-x86_64\bin\server;C:\Users\zinzi\AppData\Roaming\Code\User\globalStorage\redhat.java\1.40.0\config_win\org.eclipse.equinox.launcher\org.eclipse.equinox.launcher.win32.win32.x86_64_1.2.1200.v20250212-0927;C:\Users\zinzi\AppData\Local\Temp\jna-115907214

VM Arguments:
jvm_args: --add-modules=ALL-SYSTEM --add-opens=java.base/java.util=ALL-UNNAMED --add-opens=java.base/java.lang=ALL-UNNAMED --add-opens=java.base/sun.nio.fs=ALL-UNNAMED -Declipse.application=org.eclipse.jdt.ls.core.id1 -Dosgi.bundles.defaultStartLevel=4 -Declipse.product=org.eclipse.jdt.ls.core.product -Djava.import.generatesMetadataFilesAtProjectRoot=false -DDetectVMInstallationsJob.disabled=true -Dfile.encoding=utf8 -XX:+UseParallelGC -XX:GCTimeRatio=4 -XX:AdaptiveSizePolicyWeight=90 -Dsun.zip.disableMemoryMapping=true -Xmx1G -Xms100m -Xlog:disable -javaagent:c:\Users\zinzi\.vscode\extensions\redhat.java-1.40.0-win32-x64\lombok\lombok-1.18.36.jar -XX:+HeapDumpOnOutOfMemoryError -XX:HeapDumpPath=c:\Users\zinzi\AppData\Roaming\Code\User\workspaceStorage\1531145508dfbda3fe65cda5b18105b1\redhat.java -Daether.dependencyCollector.impl=bf 
java_command: c:\Users\zinzi\.vscode\extensions\redhat.java-1.40.0-win32-x64\server\plugins\org.eclipse.equinox.launcher_1.6.1000.v20250131-0606.jar -configuration c:\Users\zinzi\AppData\Roaming\Code\User\globalStorage\redhat.java\1.40.0\config_win -data c:\Users\zinzi\AppData\Roaming\Code\User\workspaceStorage\1531145508dfbda3fe65cda5b18105b1\redhat.java\jdt_ws --pipe=\\.\pipe\lsp-8f34068902776b43899c9bcf79320368-sock
java_class_path (initial): c:\Users\zinzi\.vscode\extensions\redhat.java-1.40.0-win32-x64\server\plugins\org.eclipse.equinox.launcher_1.6.1000.v20250131-0606.jar
Launcher Type: SUN_STANDARD

[Global flags]
    uintx AdaptiveSizePolicyWeight                 = 90                                        {product} {command line}
     intx CICompilerCount                          = 4                                         {product} {ergonomic}
    uintx GCTimeRatio                              = 4                                         {product} {command line}
     bool HeapDumpOnOutOfMemoryError               = true                                   {manageable} {command line}
    ccstr HeapDumpPath                             = c:\Users\zinzi\AppData\Roaming\Code\User\workspaceStorage\1531145508dfbda3fe65cda5b18105b1\redhat.java         {manageable} {command line}
   size_t InitialHeapSize                          = 104857600                                 {product} {command line}
   size_t MaxHeapSize                              = 1073741824                                {product} {command line}
   size_t MaxNewSize                               = 357564416                                 {product} {ergonomic}
   size_t MinHeapDeltaBytes                        = 524288                                    {product} {ergonomic}
   size_t MinHeapSize                              = 104857600                                 {product} {command line}
   size_t NewSize                                  = 34603008                                  {product} {ergonomic}
    uintx NonNMethodCodeHeapSize                   = 5839372                                {pd product} {ergonomic}
    uintx NonProfiledCodeHeapSize                  = 122909434                              {pd product} {ergonomic}
   size_t OldSize                                  = 70254592                                  {product} {ergonomic}
    uintx ProfiledCodeHeapSize                     = 122909434                              {pd product} {ergonomic}
    uintx ReservedCodeCacheSize                    = 251658240                              {pd product} {ergonomic}
     bool SegmentedCodeCache                       = true                                      {product} {ergonomic}
   size_t SoftMaxHeapSize                          = 1073741824                             {manageable} {ergonomic}
     bool UseCompressedOops                        = true                           {product lp64_product} {ergonomic}
     bool UseLargePagesIndividualAllocation        = false                                  {pd product} {ergonomic}
     bool UseParallelGC                            = true                                      {product} {command line}

Logging:
Log output configuration:
 #0: stdout all=off uptime,level,tags foldmultilines=false
 #1: stderr all=off uptime,level,tags foldmultilines=false

Environment Variables:
JAVA_HOME=C:\Program Files\Microsoft\jdk-17.0.10.7-hotspot\
PATH=C:\Program Files\Microsoft\jdk-17.0.10.7-hotspot\bin;C:\WINDOWS\system32;C:\WINDOWS;C:\WINDOWS\System32\Wbem;C:\WINDOWS\System32\WindowsPowerShell\v1.0\;C:\WINDOWS\System32\OpenSSH\;C:\ProgramData\chocolatey\bin;C:\Program Files\Microsoft SQL Server\150\Tools\Binn\;C:\Program Files\Microsoft SQL Server\Client SDK\ODBC\170\Tools\Binn\;C:\Program Files (x86)\Microsoft SQL Server\160\Tools\Binn\;C:\Program Files\Microsoft SQL Server\160\Tools\Binn\;C:\Program Files\Microsoft SQL Server\160\DTS\Binn\;C:\Program Files (x86)\NVIDIA Corporation\PhysX\Common;C:\Users\zinzi\AppData\Roaming\nvm;C:\Program Files\nodejs;C:\Program Files\Amazon\AWSCLIV2\;C:\Program Files\starship\bin\;C:\Program Files (x86)\oh-my-posh\bin;D:\Git\Git\cmd;C:\Program Files\Amazon\SessionManagerPlugin\bin\;C:\Program Files\dotnet\;C:\Program Files\Amazon\SessionManagerPlugin\bin;C:\Program Files\MySQL\MySQL Shell 8.0\bin\;C:\Users\zinzi\AppData\Local\Android\Sdk\platform-tools;C:\Users\zinzi\AppData\Local\Microsoft\WindowsApps;C:\Users\zinzi\AppData\Local\Programs\Microsoft VS Code\bin;C:\Users\zinzi\AppData\Local\GitHubDesktop\bin;C:\Users\zinzi\AppData\Roaming\npm;C:\Users\zinzi\AppData\Roaming\nvm;C:\Program Files\nodejs;C:\Users\zinzi\AppData\Local\Programs\oh-my-posh\bin;C:\Users\zinzi\AppData\Local\Packages\PythonSoftwareFoundation.Python.3.13_qbz5n2kfra8p0\LocalCache\local-packages\Python313\Scripts;C:\Gradle\gradle-8.13\bin;C:\Users\zinzi\.dotnet\tools
USERNAME=zinzi
OS=Windows_NT
PROCESSOR_IDENTIFIER=Intel64 Family 6 Model 165 Stepping 2, GenuineIntel
TMP=C:\Users\zinzi\AppData\Local\Temp
TEMP=C:\Users\zinzi\AppData\Local\Temp




Periodic native trim disabled

---------------  S Y S T E M  ---------------

OS:
 Windows 11 , 64 bit Build 22621 (10.0.22621.4974)
OS uptime: 0 days 0:24 hours
Hyper-V role detected

CPU: total 12 (initial active 12) (6 cores per cpu, 2 threads per core) family 6 model 165 stepping 2 microcode 0xe0, cx8, cmov, fxsr, ht, mmx, 3dnowpref, sse, sse2, sse3, ssse3, sse4.1, sse4.2, popcnt, lzcnt, tsc, tscinvbit, avx, avx2, aes, erms, clmul, bmi1, bmi2, adx, fma, vzeroupper, clflush, clflushopt, hv, rdtscp, f16c
Processor Information for the first 12 processors :
  Max Mhz: 2592, Current Mhz: 2592, Mhz Limit: 2592

Memory: 4k page, system-wide physical 16205M (6328M free)
TotalPageFile size 18253M (AvailPageFile size 127M)
current process WorkingSet (physical memory assigned to process): 179M, peak: 179M
current process commit charge ("private bytes"): 268M, peak: 269M

vm_info: OpenJDK 64-Bit Server VM (21.0.6+7-LTS) for windows-amd64 JRE (21.0.6+7-LTS), built on 2025-01-21T00:00:00Z by "admin" with MS VC++ 17.7 (VS2022)

END.
