#
# There is insufficient memory for the Java Runtime Environment to continue.
# Native memory allocation (malloc) failed to allocate 1086464 bytes. Error detail: Chunk::new
# Possible reasons:
#   The system is out of physical RAM or swap space
#   This process is running with CompressedOops enabled, and the Java Heap may be blocking the growth of the native heap
# Possible solutions:
#   Reduce memory load on the system
#   Increase physical memory or swap space
#   Check if swap backing store is full
#   Decrease Java heap size (-Xmx/-Xms)
#   Decrease number of Java threads
#   Decrease Java thread stack sizes (-Xss)
#   Set larger code cache with -XX:ReservedCodeCacheSize=
#   JVM is running with Unscaled Compressed Oops mode in which the Java heap is
#     placed in the first 4GB address space. The Java Heap base address is the
#     maximum limit for the native heap growth. Please use -XX:HeapBaseMinAddress
#     to set the Java Heap base and to place the Java Heap above 4GB virtual address.
# This output file may be truncated or incomplete.
#
#  Out of Memory Error (arena.cpp:168), pid=11156, tid=14416
#
# JRE version: OpenJDK Runtime Environment Temurin-21.0.6+7 (21.0.6+7) (build 21.0.6+7-LTS)
# Java VM: OpenJDK 64-Bit Server VM Temurin-21.0.6+7 (21.0.6+7-LTS, mixed mode, sharing, tiered, compressed oops, compressed class ptrs, parallel gc, windows-amd64)
# No core dump will be written. Minidumps are not enabled by default on client versions of Windows
#

---------------  S U M M A R Y ------------

Command Line: --add-modules=ALL-SYSTEM --add-opens=java.base/java.util=ALL-UNNAMED --add-opens=java.base/java.lang=ALL-UNNAMED --add-opens=java.base/sun.nio.fs=ALL-UNNAMED -Declipse.application=org.eclipse.jdt.ls.core.id1 -Dosgi.bundles.defaultStartLevel=4 -Declipse.product=org.eclipse.jdt.ls.core.product -Djava.import.generatesMetadataFilesAtProjectRoot=false -DDetectVMInstallationsJob.disabled=true -Dfile.encoding=utf8 -XX:+UseParallelGC -XX:GCTimeRatio=4 -XX:AdaptiveSizePolicyWeight=90 -Dsun.zip.disableMemoryMapping=true -Xmx1G -Xms100m -Xlog:disable -javaagent:c:\Users\zinzi\.vscode\extensions\redhat.java-1.40.0-win32-x64\lombok\lombok-1.18.36.jar c:\Users\zinzi\.vscode\extensions\redhat.java-1.40.0-win32-x64\server\plugins\org.eclipse.equinox.launcher_1.6.1000.v20250131-0606.jar -configuration c:\Users\zinzi\AppData\Roaming\Code\User\globalStorage\redhat.java\1.40.0\config_ss_win -data c:\Users\zinzi\AppData\Roaming\Code\User\workspaceStorage\1531145508dfbda3fe65cda5b18105b1\redhat.java\ss_ws --pipe=\\.\pipe\lsp-0d15fbce8ac0caf78667d8a04d812484-sock

Host: Intel(R) Core(TM) i7-10750H CPU @ 2.60GHz, 12 cores, 15G,  Windows 11 , 64 bit Build 22621 (10.0.22621.4974)
Time: Sun Mar 23 22:55:48 2025 SE Asia Standard Time elapsed time: 4.309103 seconds (0d 0h 0m 4s)

---------------  T H R E A D  ---------------

Current thread (0x0000025d33fd9fa0):  JavaThread "C2 CompilerThread0" daemon [_thread_in_native, id=14416, stack(0x000000ec7d600000,0x000000ec7d700000) (1024K)]


Current CompileTask:
C2:4309 2931       4       java.lang.invoke.MethodType::makeImpl (109 bytes)

Stack: [0x000000ec7d600000,0x000000ec7d700000]
Native frames: (J=compiled Java code, j=interpreted, Vv=VM code, C=native code)
V  [jvm.dll+0x6cdee9]
V  [jvm.dll+0x8a83d1]
V  [jvm.dll+0x8aa8fe]
V  [jvm.dll+0x8aafe3]
V  [jvm.dll+0x27f706]
V  [jvm.dll+0xc500d]
V  [jvm.dll+0xc5543]
V  [jvm.dll+0x3b678c]
V  [jvm.dll+0x1dfe13]
V  [jvm.dll+0x247b42]
V  [jvm.dll+0x246fcf]
V  [jvm.dll+0x1c75ee]
V  [jvm.dll+0x25685a]
V  [jvm.dll+0x254dfa]
V  [jvm.dll+0x3f0256]
V  [jvm.dll+0x851f8b]
V  [jvm.dll+0x6cc5ed]
C  [ucrtbase.dll+0x29333]
C  [KERNEL32.DLL+0x1259d]
C  [ntdll.dll+0x5af38]


---------------  P R O C E S S  ---------------

Threads class SMR info:
_java_thread_list=0x0000025d90ed4c80, length=22, elements={
0x0000025d33f2fdf0, 0x0000025d33fd01a0, 0x0000025d33fd1840, 0x0000025d33fd3ae0,
0x0000025d33fd49f0, 0x0000025d33fd7710, 0x0000025d33fd9170, 0x0000025d33fd9fa0,
0x0000025d33fec8e0, 0x0000025d33f9b740, 0x0000025d8aab7e30, 0x0000025d8bb33860,
0x0000025d8bf08c60, 0x0000025d901e5e80, 0x0000025d900323d0, 0x0000025d901e5070,
0x0000025d9045af30, 0x0000025d90265f50, 0x0000025d90596ca0, 0x0000025d904210b0,
0x0000025d90575080, 0x0000025d92080c30
}

Java Threads: ( => current thread )
  0x0000025d33f2fdf0 JavaThread "main"                              [_thread_blocked, id=11932, stack(0x000000ec7cc00000,0x000000ec7cd00000) (1024K)]
  0x0000025d33fd01a0 JavaThread "Reference Handler"          daemon [_thread_blocked, id=8740, stack(0x000000ec7d000000,0x000000ec7d100000) (1024K)]
  0x0000025d33fd1840 JavaThread "Finalizer"                  daemon [_thread_blocked, id=16832, stack(0x000000ec7d100000,0x000000ec7d200000) (1024K)]
  0x0000025d33fd3ae0 JavaThread "Signal Dispatcher"          daemon [_thread_blocked, id=1288, stack(0x000000ec7d200000,0x000000ec7d300000) (1024K)]
  0x0000025d33fd49f0 JavaThread "Attach Listener"            daemon [_thread_blocked, id=8320, stack(0x000000ec7d300000,0x000000ec7d400000) (1024K)]
  0x0000025d33fd7710 JavaThread "Service Thread"             daemon [_thread_blocked, id=16836, stack(0x000000ec7d400000,0x000000ec7d500000) (1024K)]
  0x0000025d33fd9170 JavaThread "Monitor Deflation Thread"   daemon [_thread_blocked, id=1260, stack(0x000000ec7d500000,0x000000ec7d600000) (1024K)]
=>0x0000025d33fd9fa0 JavaThread "C2 CompilerThread0"         daemon [_thread_in_native, id=14416, stack(0x000000ec7d600000,0x000000ec7d700000) (1024K)]
  0x0000025d33fec8e0 JavaThread "C1 CompilerThread0"         daemon [_thread_blocked, id=19712, stack(0x000000ec7d700000,0x000000ec7d800000) (1024K)]
  0x0000025d33f9b740 JavaThread "Common-Cleaner"             daemon [_thread_blocked, id=17112, stack(0x000000ec7d800000,0x000000ec7d900000) (1024K)]
  0x0000025d8aab7e30 JavaThread "Notification Thread"        daemon [_thread_blocked, id=17904, stack(0x000000ec7da00000,0x000000ec7db00000) (1024K)]
  0x0000025d8bb33860 JavaThread "Active Thread: Equinox Container: 813a225d-ef14-48fd-8b6c-a7a374a19974"        [_thread_blocked, id=13844, stack(0x000000ec7e200000,0x000000ec7e300000) (1024K)]
  0x0000025d8bf08c60 JavaThread "Framework Event Dispatcher: Equinox Container: 813a225d-ef14-48fd-8b6c-a7a374a19974" daemon [_thread_blocked, id=15664, stack(0x000000ec7e300000,0x000000ec7e400000) (1024K)]
  0x0000025d901e5e80 JavaThread "Start Level: Equinox Container: 813a225d-ef14-48fd-8b6c-a7a374a19974" daemon [_thread_in_vm, id=18972, stack(0x000000ec7e400000,0x000000ec7e500000) (1024K)]
  0x0000025d900323d0 JavaThread "SCR Component Actor"        daemon [_thread_blocked, id=2420, stack(0x000000ec7e500000,0x000000ec7e600000) (1024K)]
  0x0000025d901e5070 JavaThread "SCR Component Registry"     daemon [_thread_blocked, id=14520, stack(0x000000ec7db00000,0x000000ec7dc00000) (1024K)]
  0x0000025d9045af30 JavaThread "Worker-JM"                         [_thread_blocked, id=14056, stack(0x000000ec7e800000,0x000000ec7e900000) (1024K)]
  0x0000025d90265f50 JavaThread "JNA Cleaner"                daemon [_thread_blocked, id=11028, stack(0x000000ec7d900000,0x000000ec7da00000) (1024K)]
  0x0000025d90596ca0 JavaThread "Worker-0"                          [_thread_blocked, id=2648, stack(0x000000ec7ea00000,0x000000ec7eb00000) (1024K)]
  0x0000025d904210b0 JavaThread "C2 CompilerThread1"         daemon [_thread_in_native, id=8860, stack(0x000000ec7eb00000,0x000000ec7ec00000) (1024K)]
  0x0000025d90575080 JavaThread "Worker-1"                          [_thread_blocked, id=13248, stack(0x000000ec7ec00000,0x000000ec7ed00000) (1024K)]
  0x0000025d92080c30 JavaThread "C2 CompilerThread2"         daemon [_thread_in_native, id=20148, stack(0x000000ec7ed00000,0x000000ec7ee00000) (1024K)]
Total: 22

Other Threads:
  0x0000025d8a7a0d70 VMThread "VM Thread"                           [id=11876, stack(0x000000ec7cf00000,0x000000ec7d000000) (1024K)]
  0x0000025d481fca00 WatcherThread "VM Periodic Task Thread"        [id=6196, stack(0x000000ec7ce00000,0x000000ec7cf00000) (1024K)]
  0x0000025d33f4e810 WorkerThread "GC Thread#0"                     [id=13256, stack(0x000000ec7cd00000,0x000000ec7ce00000) (1024K)]
  0x0000025d8bd738c0 WorkerThread "GC Thread#1"                     [id=6580, stack(0x000000ec7dc00000,0x000000ec7dd00000) (1024K)]
  0x0000025d8bd73c60 WorkerThread "GC Thread#2"                     [id=8404, stack(0x000000ec7dd00000,0x000000ec7de00000) (1024K)]
  0x0000025d8bd74000 WorkerThread "GC Thread#3"                     [id=15476, stack(0x000000ec7de00000,0x000000ec7df00000) (1024K)]
  0x0000025d8bbd1de0 WorkerThread "GC Thread#4"                     [id=9388, stack(0x000000ec7df00000,0x000000ec7e000000) (1024K)]
  0x0000025d8bbd2180 WorkerThread "GC Thread#5"                     [id=16416, stack(0x000000ec7e000000,0x000000ec7e100000) (1024K)]
  0x0000025d8bbd2520 WorkerThread "GC Thread#6"                     [id=7068, stack(0x000000ec7e100000,0x000000ec7e200000) (1024K)]
  0x0000025d8b8a9880 WorkerThread "GC Thread#7"                     [id=11196, stack(0x000000ec7e600000,0x000000ec7e700000) (1024K)]
  0x0000025d90385120 WorkerThread "GC Thread#8"                     [id=13504, stack(0x000000ec7e700000,0x000000ec7e800000) (1024K)]
  0x0000025d90300700 WorkerThread "GC Thread#9"                     [id=5416, stack(0x000000ec7e900000,0x000000ec7ea00000) (1024K)]
Total: 12

Threads with active compile tasks:
C2 CompilerThread0  4335 2931       4       java.lang.invoke.MethodType::makeImpl (109 bytes)
C2 CompilerThread1  4335 2788       4       org.lombokweb.asm.ClassReader::readMethod (1070 bytes)
C2 CompilerThread2  4335 3129       4       java.util.TreeMap::addEntry (59 bytes)
Total: 3

VM state: not at safepoint (normal execution)

VM Mutex/Monitor currently owned by a thread: None

Heap address: 0x00000000c0000000, size: 1024 MB, Compressed Oops mode: 32-bit

CDS archive(s) mapped at: [0x0000025d49000000-0x0000025d49ba0000-0x0000025d49ba0000), size 12189696, SharedBaseAddress: 0x0000025d49000000, ArchiveRelocationMode: 1.
Compressed class space mapped at: 0x0000025d4a000000-0x0000025d8a000000, reserved size: 1073741824
Narrow klass base: 0x0000025d49000000, Narrow klass shift: 0, Narrow klass range: 0x100000000

GC Precious Log:
 CardTable entry size: 512
 CPUs: 12 total, 12 available
 Memory: 16205M
 Large Page Support: Disabled
 NUMA Support: Disabled
 Compressed Oops: Enabled (32-bit)
 Alignments: Space 512K, Generation 512K, Heap 2M
 Heap Min Capacity: 100M
 Heap Initial Capacity: 100M
 Heap Max Capacity: 1G
 Pre-touch: Disabled
 Parallel Workers: 10

Heap:
 PSYoungGen      total 27648K, used 14119K [0x00000000eab00000, 0x00000000eca00000, 0x0000000100000000)
  eden space 24576K, 46% used [0x00000000eab00000,0x00000000eb62f5a0,0x00000000ec300000)
  from space 3072K, 86% used [0x00000000ec480000,0x00000000ec71a920,0x00000000ec780000)
  to   space 2560K, 0% used [0x00000000ec780000,0x00000000ec780000,0x00000000eca00000)
 ParOldGen       total 68608K, used 10513K [0x00000000c0000000, 0x00000000c4300000, 0x00000000eab00000)
  object space 68608K, 15% used [0x00000000c0000000,0x00000000c0a44738,0x00000000c4300000)
 Metaspace       used 24753K, committed 25536K, reserved 1114112K
  class space    used 2307K, committed 2624K, reserved 1048576K

Card table byte_map: [0x0000025d338d0000,0x0000025d33ae0000] _byte_map_base: 0x0000025d332d0000

Marking Bits: (ParMarkBitMap*) 0x00007ffa98433260
 Begin Bits: [0x0000025d46120000, 0x0000025d47120000)
 End Bits:   [0x0000025d47120000, 0x0000025d48120000)

Polling page: 0x0000025d31de0000

Metaspace:

Usage:
  Non-class:     21.92 MB used.
      Class:      2.25 MB used.
       Both:     24.17 MB used.

Virtual space:
  Non-class space:       64.00 MB reserved,      22.38 MB ( 35%) committed,  1 nodes.
      Class space:        1.00 GB reserved,       2.56 MB ( <1%) committed,  1 nodes.
             Both:        1.06 GB reserved,      24.94 MB (  2%) committed. 

Chunk freelists:
   Non-Class:  8.73 MB
       Class:  13.40 MB
        Both:  22.14 MB

MaxMetaspaceSize: unlimited
CompressedClassSpaceSize: 1.00 GB
Initial GC threshold: 21.00 MB
Current GC threshold: 35.00 MB
CDS: on
 - commit_granule_bytes: 65536.
 - commit_granule_words: 8192.
 - virtual_space_node_default_size: 8388608.
 - enlarge_chunks_in_place: 1.
 - use_allocation_guard: 0.


Internal statistics:

num_allocs_failed_limit: 3.
num_arena_births: 516.
num_arena_deaths: 14.
num_vsnodes_births: 2.
num_vsnodes_deaths: 0.
num_space_committed: 399.
num_space_uncommitted: 0.
num_chunks_returned_to_freelist: 17.
num_chunks_taken_from_freelist: 1428.
num_chunk_merges: 8.
num_chunk_splits: 945.
num_chunks_enlarged: 623.
num_inconsistent_stats: 0.

CodeHeap 'non-profiled nmethods': size=120000Kb used=1353Kb max_used=1353Kb free=118646Kb
 bounds [0x0000025d3ebf0000, 0x0000025d3ee60000, 0x0000025d46120000]
CodeHeap 'profiled nmethods': size=120000Kb used=6415Kb max_used=6415Kb free=113584Kb
 bounds [0x0000025d37120000, 0x0000025d37770000, 0x0000025d3e650000]
CodeHeap 'non-nmethods': size=5760Kb used=1327Kb max_used=1352Kb free=4432Kb
 bounds [0x0000025d3e650000, 0x0000025d3e8c0000, 0x0000025d3ebf0000]
 total_blobs=3770 nmethods=3154 adapters=522
 compilation: enabled
              stopped_count=0, restarted_count=0
 full_count=0

Compilation events (20 events):
Event: 4.300 Thread 0x0000025d33fec8e0 nmethod 3136 0x0000025d37753e10 code [0x0000025d37754000, 0x0000025d37754458]
Event: 4.300 Thread 0x0000025d33fec8e0 3140  s    3       java.lang.StringBuffer::append (13 bytes)
Event: 4.300 Thread 0x0000025d33fec8e0 nmethod 3140 0x0000025d37754610 code [0x0000025d377547c0, 0x0000025d377549f0]
Event: 4.300 Thread 0x0000025d33fec8e0 3139       3       java.io.StringWriter::write (11 bytes)
Event: 4.300 Thread 0x0000025d33fec8e0 nmethod 3139 0x0000025d37754a90 code [0x0000025d37754c40, 0x0000025d37754ef8]
Event: 4.300 Thread 0x0000025d33fec8e0 3141       3       com.sun.org.apache.xml.internal.serializer.ToStream::escapingNotNeeded (51 bytes)
Event: 4.301 Thread 0x0000025d33fec8e0 nmethod 3141 0x0000025d37755010 code [0x0000025d377551e0, 0x0000025d37755598]
Event: 4.301 Thread 0x0000025d33fec8e0 3142       3       com.sun.org.apache.xml.internal.serializer.CharInfo::isSpecialAttrChar (20 bytes)
Event: 4.301 Thread 0x0000025d33fec8e0 nmethod 3142 0x0000025d37755710 code [0x0000025d377558c0, 0x0000025d37755a88]
Event: 4.301 Thread 0x0000025d33fec8e0 3143       1       org.xml.sax.helpers.AttributesImpl::getLength (5 bytes)
Event: 4.301 Thread 0x0000025d33fec8e0 nmethod 3143 0x0000025d3ed3f490 code [0x0000025d3ed3f620, 0x0000025d3ed3f6e8]
Event: 4.301 Thread 0x0000025d33fec8e0 3144       3       com.sun.org.apache.xml.internal.serializer.CharInfo::isTextASCIIClean (7 bytes)
Event: 4.301 Thread 0x0000025d33fec8e0 nmethod 3144 0x0000025d37755b90 code [0x0000025d37755d40, 0x0000025d37755e80]
Event: 4.301 Thread 0x0000025d33fec8e0 3137       3       java.lang.invoke.BoundMethodHandle::fieldCount (8 bytes)
Event: 4.301 Thread 0x0000025d33fec8e0 nmethod 3137 0x0000025d37755f90 code [0x0000025d37756160, 0x0000025d37756450]
Event: 4.301 Thread 0x0000025d33fec8e0 3138       3       java.lang.invoke.LambdaForm::expressionCount (11 bytes)
Event: 4.302 Thread 0x0000025d33fec8e0 nmethod 3138 0x0000025d37756590 code [0x0000025d37756720, 0x0000025d37756838]
Event: 4.302 Thread 0x0000025d33fec8e0 3145       1       com.sun.org.apache.xerces.internal.dom.NodeImpl::getNamespaceURI (2 bytes)
Event: 4.302 Thread 0x0000025d33fec8e0 nmethod 3145 0x0000025d3ed3f790 code [0x0000025d3ed3f920, 0x0000025d3ed3f9f0]
Event: 4.303 Thread 0x0000025d33fec8e0 3146   !   3       jdk.xml.internal.SecuritySupport::readConfig (150 bytes)

GC Heap History (16 events):
Event: 1.341 GC heap before
{Heap before GC invocations=1 (full 0):
 PSYoungGen      total 29696K, used 25600K [0x00000000eab00000, 0x00000000ecc00000, 0x0000000100000000)
  eden space 25600K, 100% used [0x00000000eab00000,0x00000000ec400000,0x00000000ec400000)
  from space 4096K, 0% used [0x00000000ec800000,0x00000000ec800000,0x00000000ecc00000)
  to   space 4096K, 0% used [0x00000000ec400000,0x00000000ec400000,0x00000000ec800000)
 ParOldGen       total 68608K, used 0K [0x00000000c0000000, 0x00000000c4300000, 0x00000000eab00000)
  object space 68608K, 0% used [0x00000000c0000000,0x00000000c0000000,0x00000000c4300000)
 Metaspace       used 4343K, committed 4544K, reserved 1114112K
  class space    used 436K, committed 512K, reserved 1048576K
}
Event: 1.353 GC heap after
{Heap after GC invocations=1 (full 0):
 PSYoungGen      total 29696K, used 3205K [0x00000000eab00000, 0x00000000ecc00000, 0x0000000100000000)
  eden space 25600K, 0% used [0x00000000eab00000,0x00000000eab00000,0x00000000ec400000)
  from space 4096K, 78% used [0x00000000ec400000,0x00000000ec7217f0,0x00000000ec800000)
  to   space 4096K, 0% used [0x00000000ec800000,0x00000000ec800000,0x00000000ecc00000)
 ParOldGen       total 68608K, used 8K [0x00000000c0000000, 0x00000000c4300000, 0x00000000eab00000)
  object space 68608K, 0% used [0x00000000c0000000,0x00000000c0002000,0x00000000c4300000)
 Metaspace       used 4343K, committed 4544K, reserved 1114112K
  class space    used 436K, committed 512K, reserved 1048576K
}
Event: 2.092 GC heap before
{Heap before GC invocations=2 (full 0):
 PSYoungGen      total 29696K, used 28805K [0x00000000eab00000, 0x00000000ecc00000, 0x0000000100000000)
  eden space 25600K, 100% used [0x00000000eab00000,0x00000000ec400000,0x00000000ec400000)
  from space 4096K, 78% used [0x00000000ec400000,0x00000000ec7217f0,0x00000000ec800000)
  to   space 4096K, 0% used [0x00000000ec800000,0x00000000ec800000,0x00000000ecc00000)
 ParOldGen       total 68608K, used 8K [0x00000000c0000000, 0x00000000c4300000, 0x00000000eab00000)
  object space 68608K, 0% used [0x00000000c0000000,0x00000000c0002000,0x00000000c4300000)
 Metaspace       used 8192K, committed 8512K, reserved 1114112K
  class space    used 812K, committed 960K, reserved 1048576K
}
Event: 2.099 GC heap after
{Heap after GC invocations=2 (full 0):
 PSYoungGen      total 29696K, used 4084K [0x00000000eab00000, 0x00000000ecc00000, 0x0000000100000000)
  eden space 25600K, 0% used [0x00000000eab00000,0x00000000eab00000,0x00000000ec400000)
  from space 4096K, 99% used [0x00000000ec800000,0x00000000ecbfd168,0x00000000ecc00000)
  to   space 4096K, 0% used [0x00000000ec400000,0x00000000ec400000,0x00000000ec800000)
 ParOldGen       total 68608K, used 863K [0x00000000c0000000, 0x00000000c4300000, 0x00000000eab00000)
  object space 68608K, 1% used [0x00000000c0000000,0x00000000c00d7ea8,0x00000000c4300000)
 Metaspace       used 8192K, committed 8512K, reserved 1114112K
  class space    used 812K, committed 960K, reserved 1048576K
}
Event: 2.709 GC heap before
{Heap before GC invocations=3 (full 0):
 PSYoungGen      total 29696K, used 29684K [0x00000000eab00000, 0x00000000ecc00000, 0x0000000100000000)
  eden space 25600K, 100% used [0x00000000eab00000,0x00000000ec400000,0x00000000ec400000)
  from space 4096K, 99% used [0x00000000ec800000,0x00000000ecbfd168,0x00000000ecc00000)
  to   space 4096K, 0% used [0x00000000ec400000,0x00000000ec400000,0x00000000ec800000)
 ParOldGen       total 68608K, used 863K [0x00000000c0000000, 0x00000000c4300000, 0x00000000eab00000)
  object space 68608K, 1% used [0x00000000c0000000,0x00000000c00d7ea8,0x00000000c4300000)
 Metaspace       used 12915K, committed 13376K, reserved 1114112K
  class space    used 1302K, committed 1472K, reserved 1048576K
}
Event: 2.715 GC heap after
{Heap after GC invocations=3 (full 0):
 PSYoungGen      total 29696K, used 4076K [0x00000000eab00000, 0x00000000ecc00000, 0x0000000100000000)
  eden space 25600K, 0% used [0x00000000eab00000,0x00000000eab00000,0x00000000ec400000)
  from space 4096K, 99% used [0x00000000ec400000,0x00000000ec7fb250,0x00000000ec800000)
  to   space 4096K, 0% used [0x00000000ec800000,0x00000000ec800000,0x00000000ecc00000)
 ParOldGen       total 68608K, used 2714K [0x00000000c0000000, 0x00000000c4300000, 0x00000000eab00000)
  object space 68608K, 3% used [0x00000000c0000000,0x00000000c02a6a00,0x00000000c4300000)
 Metaspace       used 12915K, committed 13376K, reserved 1114112K
  class space    used 1302K, committed 1472K, reserved 1048576K
}
Event: 3.349 GC heap before
{Heap before GC invocations=4 (full 0):
 PSYoungGen      total 29696K, used 29676K [0x00000000eab00000, 0x00000000ecc00000, 0x0000000100000000)
  eden space 25600K, 100% used [0x00000000eab00000,0x00000000ec400000,0x00000000ec400000)
  from space 4096K, 99% used [0x00000000ec400000,0x00000000ec7fb250,0x00000000ec800000)
  to   space 4096K, 0% used [0x00000000ec800000,0x00000000ec800000,0x00000000ecc00000)
 ParOldGen       total 68608K, used 2714K [0x00000000c0000000, 0x00000000c4300000, 0x00000000eab00000)
  object space 68608K, 3% used [0x00000000c0000000,0x00000000c02a6a00,0x00000000c4300000)
 Metaspace       used 16071K, committed 16704K, reserved 1114112K
  class space    used 1620K, committed 1856K, reserved 1048576K
}
Event: 3.353 GC heap after
{Heap after GC invocations=4 (full 0):
 PSYoungGen      total 29696K, used 4078K [0x00000000eab00000, 0x00000000ecc00000, 0x0000000100000000)
  eden space 25600K, 0% used [0x00000000eab00000,0x00000000eab00000,0x00000000ec400000)
  from space 4096K, 99% used [0x00000000ec800000,0x00000000ecbfba10,0x00000000ecc00000)
  to   space 4096K, 0% used [0x00000000ec400000,0x00000000ec400000,0x00000000ec800000)
 ParOldGen       total 68608K, used 6363K [0x00000000c0000000, 0x00000000c4300000, 0x00000000eab00000)
  object space 68608K, 9% used [0x00000000c0000000,0x00000000c0636de0,0x00000000c4300000)
 Metaspace       used 16071K, committed 16704K, reserved 1114112K
  class space    used 1620K, committed 1856K, reserved 1048576K
}
Event: 3.579 GC heap before
{Heap before GC invocations=5 (full 0):
 PSYoungGen      total 29696K, used 29678K [0x00000000eab00000, 0x00000000ecc00000, 0x0000000100000000)
  eden space 25600K, 100% used [0x00000000eab00000,0x00000000ec400000,0x00000000ec400000)
  from space 4096K, 99% used [0x00000000ec800000,0x00000000ecbfba10,0x00000000ecc00000)
  to   space 4096K, 0% used [0x00000000ec400000,0x00000000ec400000,0x00000000ec800000)
 ParOldGen       total 68608K, used 6363K [0x00000000c0000000, 0x00000000c4300000, 0x00000000eab00000)
  object space 68608K, 9% used [0x00000000c0000000,0x00000000c0636de0,0x00000000c4300000)
 Metaspace       used 19374K, committed 20032K, reserved 1114112K
  class space    used 1832K, committed 2112K, reserved 1048576K
}
Event: 3.583 GC heap after
{Heap after GC invocations=5 (full 0):
 PSYoungGen      total 29184K, used 4094K [0x00000000eab00000, 0x00000000ece80000, 0x0000000100000000)
  eden space 25088K, 0% used [0x00000000eab00000,0x00000000eab00000,0x00000000ec380000)
  from space 4096K, 99% used [0x00000000ec400000,0x00000000ec7ffa20,0x00000000ec800000)
  to   space 5632K, 0% used [0x00000000ec900000,0x00000000ec900000,0x00000000ece80000)
 ParOldGen       total 68608K, used 6557K [0x00000000c0000000, 0x00000000c4300000, 0x00000000eab00000)
  object space 68608K, 9% used [0x00000000c0000000,0x00000000c0667540,0x00000000c4300000)
 Metaspace       used 19374K, committed 20032K, reserved 1114112K
  class space    used 1832K, committed 2112K, reserved 1048576K
}
Event: 3.674 GC heap before
{Heap before GC invocations=6 (full 0):
 PSYoungGen      total 29184K, used 14483K [0x00000000eab00000, 0x00000000ece80000, 0x0000000100000000)
  eden space 25088K, 41% used [0x00000000eab00000,0x00000000eb525250,0x00000000ec380000)
  from space 4096K, 99% used [0x00000000ec400000,0x00000000ec7ffa20,0x00000000ec800000)
  to   space 5632K, 0% used [0x00000000ec900000,0x00000000ec900000,0x00000000ece80000)
 ParOldGen       total 68608K, used 6557K [0x00000000c0000000, 0x00000000c4300000, 0x00000000eab00000)
  object space 68608K, 9% used [0x00000000c0000000,0x00000000c0667540,0x00000000c4300000)
 Metaspace       used 20878K, committed 21504K, reserved 1114112K
  class space    used 1964K, committed 2240K, reserved 1048576K
}
Event: 3.678 GC heap after
{Heap after GC invocations=6 (full 0):
 PSYoungGen      total 29696K, used 4414K [0x00000000eab00000, 0x00000000ecd80000, 0x0000000100000000)
  eden space 25088K, 0% used [0x00000000eab00000,0x00000000eab00000,0x00000000ec380000)
  from space 4608K, 95% used [0x00000000ec900000,0x00000000ecd4faf8,0x00000000ecd80000)
  to   space 4608K, 0% used [0x00000000ec480000,0x00000000ec480000,0x00000000ec900000)
 ParOldGen       total 68608K, used 6565K [0x00000000c0000000, 0x00000000c4300000, 0x00000000eab00000)
  object space 68608K, 9% used [0x00000000c0000000,0x00000000c0669540,0x00000000c4300000)
 Metaspace       used 20878K, committed 21504K, reserved 1114112K
  class space    used 1964K, committed 2240K, reserved 1048576K
}
Event: 3.678 GC heap before
{Heap before GC invocations=7 (full 1):
 PSYoungGen      total 29696K, used 4414K [0x00000000eab00000, 0x00000000ecd80000, 0x0000000100000000)
  eden space 25088K, 0% used [0x00000000eab00000,0x00000000eab00000,0x00000000ec380000)
  from space 4608K, 95% used [0x00000000ec900000,0x00000000ecd4faf8,0x00000000ecd80000)
  to   space 4608K, 0% used [0x00000000ec480000,0x00000000ec480000,0x00000000ec900000)
 ParOldGen       total 68608K, used 6565K [0x00000000c0000000, 0x00000000c4300000, 0x00000000eab00000)
  object space 68608K, 9% used [0x00000000c0000000,0x00000000c0669540,0x00000000c4300000)
 Metaspace       used 20878K, committed 21504K, reserved 1114112K
  class space    used 1964K, committed 2240K, reserved 1048576K
}
Event: 3.711 GC heap after
{Heap after GC invocations=7 (full 1):
 PSYoungGen      total 29696K, used 0K [0x00000000eab00000, 0x00000000ecd80000, 0x0000000100000000)
  eden space 25088K, 0% used [0x00000000eab00000,0x00000000eab00000,0x00000000ec380000)
  from space 4608K, 0% used [0x00000000ec900000,0x00000000ec900000,0x00000000ecd80000)
  to   space 4608K, 0% used [0x00000000ec480000,0x00000000ec480000,0x00000000ec900000)
 ParOldGen       total 68608K, used 10505K [0x00000000c0000000, 0x00000000c4300000, 0x00000000eab00000)
  object space 68608K, 15% used [0x00000000c0000000,0x00000000c0a42738,0x00000000c4300000)
 Metaspace       used 20865K, committed 21504K, reserved 1114112K
  class space    used 1960K, committed 2240K, reserved 1048576K
}
Event: 4.016 GC heap before
{Heap before GC invocations=8 (full 1):
 PSYoungGen      total 29696K, used 25088K [0x00000000eab00000, 0x00000000ecd80000, 0x0000000100000000)
  eden space 25088K, 100% used [0x00000000eab00000,0x00000000ec380000,0x00000000ec380000)
  from space 4608K, 0% used [0x00000000ec900000,0x00000000ec900000,0x00000000ecd80000)
  to   space 4608K, 0% used [0x00000000ec480000,0x00000000ec480000,0x00000000ec900000)
 ParOldGen       total 68608K, used 10505K [0x00000000c0000000, 0x00000000c4300000, 0x00000000eab00000)
  object space 68608K, 15% used [0x00000000c0000000,0x00000000c0a42738,0x00000000c4300000)
 Metaspace       used 22788K, committed 23488K, reserved 1114112K
  class space    used 2111K, committed 2368K, reserved 1048576K
}
Event: 4.018 GC heap after
{Heap after GC invocations=8 (full 1):
 PSYoungGen      total 27648K, used 2666K [0x00000000eab00000, 0x00000000eca00000, 0x0000000100000000)
  eden space 24576K, 0% used [0x00000000eab00000,0x00000000eab00000,0x00000000ec300000)
  from space 3072K, 86% used [0x00000000ec480000,0x00000000ec71a920,0x00000000ec780000)
  to   space 2560K, 0% used [0x00000000ec780000,0x00000000ec780000,0x00000000eca00000)
 ParOldGen       total 68608K, used 10513K [0x00000000c0000000, 0x00000000c4300000, 0x00000000eab00000)
  object space 68608K, 15% used [0x00000000c0000000,0x00000000c0a44738,0x00000000c4300000)
 Metaspace       used 22788K, committed 23488K, reserved 1114112K
  class space    used 2111K, committed 2368K, reserved 1048576K
}

Dll operation events (10 events):
Event: 0.015 Loaded shared library c:\Users\zinzi\.vscode\extensions\redhat.java-1.40.0-win32-x64\jre\21.0.6-win32-x86_64\bin\java.dll
Event: 0.152 Loaded shared library c:\Users\zinzi\.vscode\extensions\redhat.java-1.40.0-win32-x64\jre\21.0.6-win32-x86_64\bin\zip.dll
Event: 0.185 Loaded shared library C:\Users\zinzi\.vscode\extensions\redhat.java-1.40.0-win32-x64\jre\21.0.6-win32-x86_64\bin\instrument.dll
Event: 0.192 Loaded shared library C:\Users\zinzi\.vscode\extensions\redhat.java-1.40.0-win32-x64\jre\21.0.6-win32-x86_64\bin\net.dll
Event: 0.194 Loaded shared library C:\Users\zinzi\.vscode\extensions\redhat.java-1.40.0-win32-x64\jre\21.0.6-win32-x86_64\bin\nio.dll
Event: 0.199 Loaded shared library C:\Users\zinzi\.vscode\extensions\redhat.java-1.40.0-win32-x64\jre\21.0.6-win32-x86_64\bin\zip.dll
Event: 0.228 Loaded shared library C:\Users\zinzi\.vscode\extensions\redhat.java-1.40.0-win32-x64\jre\21.0.6-win32-x86_64\bin\jimage.dll
Event: 0.380 Loaded shared library c:\Users\zinzi\.vscode\extensions\redhat.java-1.40.0-win32-x64\jre\21.0.6-win32-x86_64\bin\verify.dll
Event: 2.011 Loaded shared library C:\Users\zinzi\AppData\Roaming\Code\User\globalStorage\redhat.java\1.40.0\config_ss_win\org.eclipse.equinox.launcher\org.eclipse.equinox.launcher.win32.win32.x86_64_1.2.1200.v20250212-0927\eclipse_11909.dll
Event: 3.085 Loaded shared library C:\Users\zinzi\AppData\Local\Temp\jna-115907214\jna1647684039746969325.dll

Deoptimization events (20 events):
Event: 4.048 Thread 0x0000025d901e5e80 Uncommon trap: trap_request=0xffffff45 fr.pc=0x0000025d3ec1773c relative=0x000000000000045c
Event: 4.048 Thread 0x0000025d901e5e80 Uncommon trap: reason=unstable_if action=reinterpret pc=0x0000025d3ec1773c method=java.lang.StringLatin1.canEncode(I)Z @ 4 c2
Event: 4.048 Thread 0x0000025d901e5e80 DEOPT PACKING pc=0x0000025d3ec1773c sp=0x000000ec7e4fe3d0
Event: 4.048 Thread 0x0000025d901e5e80 DEOPT UNPACKING pc=0x0000025d3e6a3aa2 sp=0x000000ec7e4fe308 mode 2
Event: 4.048 Thread 0x0000025d901e5e80 Uncommon trap: trap_request=0xffffff45 fr.pc=0x0000025d3ec16ca8 relative=0x0000000000000448
Event: 4.048 Thread 0x0000025d901e5e80 Uncommon trap: reason=unstable_if action=reinterpret pc=0x0000025d3ec16ca8 method=java.lang.AbstractStringBuilder.isLatin1()Z @ 10 c2
Event: 4.048 Thread 0x0000025d901e5e80 DEOPT PACKING pc=0x0000025d3ec16ca8 sp=0x000000ec7e4fe3f0
Event: 4.048 Thread 0x0000025d901e5e80 DEOPT UNPACKING pc=0x0000025d3e6a3aa2 sp=0x000000ec7e4fe380 mode 2
Event: 4.052 Thread 0x0000025d901e5e80 Uncommon trap: trap_request=0xffffffc6 fr.pc=0x0000025d3ec6066c relative=0x0000000000000a6c
Event: 4.052 Thread 0x0000025d901e5e80 Uncommon trap: reason=bimorphic_or_optimized_type_check action=maybe_recompile pc=0x0000025d3ec6066c method=java.util.HashMap.putVal(ILjava/lang/Object;Ljava/lang/Object;ZZ)Ljava/lang/Object; @ 56 c2
Event: 4.052 Thread 0x0000025d901e5e80 DEOPT PACKING pc=0x0000025d3ec6066c sp=0x000000ec7e4fda80
Event: 4.052 Thread 0x0000025d901e5e80 DEOPT UNPACKING pc=0x0000025d3e6a3aa2 sp=0x000000ec7e4fd9e8 mode 2
Event: 4.052 Thread 0x0000025d901e5e80 Uncommon trap: trap_request=0xffffffc6 fr.pc=0x0000025d3ec6066c relative=0x0000000000000a6c
Event: 4.052 Thread 0x0000025d901e5e80 Uncommon trap: reason=bimorphic_or_optimized_type_check action=maybe_recompile pc=0x0000025d3ec6066c method=java.util.HashMap.putVal(ILjava/lang/Object;Ljava/lang/Object;ZZ)Ljava/lang/Object; @ 56 c2
Event: 4.052 Thread 0x0000025d901e5e80 DEOPT PACKING pc=0x0000025d3ec6066c sp=0x000000ec7e4fda80
Event: 4.052 Thread 0x0000025d901e5e80 DEOPT UNPACKING pc=0x0000025d3e6a3aa2 sp=0x000000ec7e4fd9e8 mode 2
Event: 4.069 Thread 0x0000025d901e5e80 Uncommon trap: trap_request=0xffffff45 fr.pc=0x0000025d3ed34cf4 relative=0x00000000000009f4
Event: 4.069 Thread 0x0000025d901e5e80 Uncommon trap: reason=unstable_if action=reinterpret pc=0x0000025d3ed34cf4 method=java.util.regex.Pattern$BmpCharPropertyGreedy.match(Ljava/util/regex/Matcher;ILjava/lang/CharSequence;)Z @ 12 c2
Event: 4.069 Thread 0x0000025d901e5e80 DEOPT PACKING pc=0x0000025d3ed34cf4 sp=0x000000ec7e4fd790
Event: 4.069 Thread 0x0000025d901e5e80 DEOPT UNPACKING pc=0x0000025d3e6a3aa2 sp=0x000000ec7e4fd658 mode 2

Classes loaded (20 events):
Event: 4.281 Loading class sun/nio/cs/KOI8_R
Event: 4.281 Loading class sun/nio/cs/KOI8_R done
Event: 4.296 Loading class com/sun/org/apache/xml/internal/serializer/NamespaceMappings
Event: 4.296 Loading class com/sun/org/apache/xml/internal/serializer/NamespaceMappings done
Event: 4.297 Loading class com/sun/org/apache/xml/internal/serializer/NamespaceMappings$MappingRecord
Event: 4.297 Loading class com/sun/org/apache/xml/internal/serializer/NamespaceMappings$MappingRecord done
Event: 4.297 Loading class javax/xml/transform/stream/StreamSource
Event: 4.297 Loading class javax/xml/transform/stream/StreamSource done
Event: 4.297 Loading class javax/xml/transform/sax/SAXSource
Event: 4.297 Loading class javax/xml/transform/sax/SAXSource done
Event: 4.298 Loading class javax/xml/transform/stax/StAXSource
Event: 4.298 Loading class javax/xml/transform/stax/StAXSource done
Event: 4.298 Loading class com/sun/org/apache/xalan/internal/xsltc/trax/DOM2TO
Event: 4.298 Loading class com/sun/org/apache/xalan/internal/xsltc/trax/DOM2TO done
Event: 4.301 Loading class com/sun/org/apache/xml/internal/serializer/WriterToUTF8Buffered
Event: 4.301 Loading class com/sun/org/apache/xml/internal/serializer/WriterChain
Event: 4.302 Loading class com/sun/org/apache/xml/internal/serializer/WriterChain done
Event: 4.302 Loading class com/sun/org/apache/xml/internal/serializer/WriterToUTF8Buffered done
Event: 4.302 Loading class com/sun/org/apache/xml/internal/serializer/WriterToASCI
Event: 4.302 Loading class com/sun/org/apache/xml/internal/serializer/WriterToASCI done

Classes unloaded (7 events):
Event: 3.685 Thread 0x0000025d8a7a0d70 Unloading class 0x0000025d4a17a800 'java/lang/invoke/LambdaForm$MH+0x0000025d4a17a800'
Event: 3.685 Thread 0x0000025d8a7a0d70 Unloading class 0x0000025d4a17a400 'java/lang/invoke/LambdaForm$MH+0x0000025d4a17a400'
Event: 3.685 Thread 0x0000025d8a7a0d70 Unloading class 0x0000025d4a17a000 'java/lang/invoke/LambdaForm$MH+0x0000025d4a17a000'
Event: 3.685 Thread 0x0000025d8a7a0d70 Unloading class 0x0000025d4a179c00 'java/lang/invoke/LambdaForm$MH+0x0000025d4a179c00'
Event: 3.685 Thread 0x0000025d8a7a0d70 Unloading class 0x0000025d4a179800 'java/lang/invoke/LambdaForm$BMH+0x0000025d4a179800'
Event: 3.685 Thread 0x0000025d8a7a0d70 Unloading class 0x0000025d4a179400 'java/lang/invoke/LambdaForm$DMH+0x0000025d4a179400'
Event: 3.685 Thread 0x0000025d8a7a0d70 Unloading class 0x0000025d4a178000 'java/lang/invoke/LambdaForm$DMH+0x0000025d4a178000'

Classes redefined (0 events):
No events

Internal exceptions (20 events):
Event: 3.141 Thread 0x0000025d901e5e80 Exception <a 'java/lang/NoSuchMethodError'{0x00000000ebcc1530}: 'java.lang.Object java.lang.invoke.DirectMethodHandle$Holder.invokeSpecial(java.lang.Object, java.lang.Object, java.lang.Object, long, java.lang.Object)'> (0x00000000ebcc1530) 
thrown [s\src\hotspot\share\interpreter\linkResolver.cpp, line 773]
Event: 3.141 Thread 0x0000025d901e5e80 Exception <a 'java/lang/NoSuchMethodError'{0x00000000ebcc8cc0}: 'java.lang.Object java.lang.invoke.DirectMethodHandle$Holder.newInvokeSpecial(java.lang.Object, java.lang.Object, java.lang.Object, long)'> (0x00000000ebcc8cc0) 
thrown [s\src\hotspot\share\interpreter\linkResolver.cpp, line 773]
Event: 3.142 Thread 0x0000025d901e5e80 Exception <a 'java/lang/NoSuchMethodError'{0x00000000ebccc940}: 'java.lang.Object java.lang.invoke.Invokers$Holder.linkToTargetMethod(java.lang.Object, java.lang.Object, long, java.lang.Object)'> (0x00000000ebccc940) 
thrown [s\src\hotspot\share\interpreter\linkResolver.cpp, line 773]
Event: 3.151 Thread 0x0000025d901e5e80 Exception <a 'java/lang/NoSuchMethodError'{0x00000000ebd3e708}: 'int java.lang.invoke.DirectMethodHandle$Holder.invokeStaticInit(java.lang.Object, java.lang.Object, java.lang.Object)'> (0x00000000ebd3e708) 
thrown [s\src\hotspot\share\interpreter\linkResolver.cpp, line 773]
Event: 3.183 Thread 0x0000025d901e5e80 Exception <a 'java/lang/IncompatibleClassChangeError'{0x00000000ebf13900}: Found class java.lang.Object, but interface was expected> (0x00000000ebf13900) 
thrown [s\src\hotspot\share\interpreter\linkResolver.cpp, line 840]
Event: 3.302 Thread 0x0000025d901e5e80 Exception <a 'java/lang/NoSuchMethodError'{0x00000000ec04d5f8}: 'java.lang.Object java.lang.invoke.DirectMethodHandle$Holder.invokeSpecial(java.lang.Object, java.lang.Object, java.lang.Object, int, java.lang.Object, java.lang.Object)'> (0x00000000ec04d5f8) 
thrown [s\src\hotspot\share\interpreter\linkResolver.cpp, line 773]
Event: 3.303 Thread 0x0000025d901e5e80 Exception <a 'java/lang/NoSuchMethodError'{0x00000000ec059338}: 'java.lang.Object java.lang.invoke.DirectMethodHandle$Holder.newInvokeSpecial(java.lang.Object, java.lang.Object, java.lang.Object, int, java.lang.Object)'> (0x00000000ec059338) 
thrown [s\src\hotspot\share\interpreter\linkResolver.cpp, line 773]
Event: 3.304 Thread 0x0000025d901e5e80 Exception <a 'java/lang/NoSuchMethodError'{0x00000000ec05ce28}: 'java.lang.Object java.lang.invoke.Invokers$Holder.linkToTargetMethod(java.lang.Object, java.lang.Object, int, java.lang.Object, java.lang.Object)'> (0x00000000ec05ce28) 
thrown [s\src\hotspot\share\interpreter\linkResolver.cpp, line 773]
Event: 3.305 Thread 0x0000025d90596ca0 Exception <a 'java/lang/NoSuchMethodError'{0x00000000ebcf44c8}: 'java.lang.Object java.lang.invoke.DirectMethodHandle$Holder.invokeSpecial(java.lang.Object, java.lang.Object, int, java.lang.Object, java.lang.Object)'> (0x00000000ebcf44c8) 
thrown [s\src\hotspot\share\interpreter\linkResolver.cpp, line 773]
Event: 3.306 Thread 0x0000025d90596ca0 Exception <a 'java/lang/NoSuchMethodError'{0x00000000ebcfb200}: 'java.lang.Object java.lang.invoke.DirectMethodHandle$Holder.newInvokeSpecial(java.lang.Object, java.lang.Object, int, java.lang.Object)'> (0x00000000ebcfb200) 
thrown [s\src\hotspot\share\interpreter\linkResolver.cpp, line 773]
Event: 3.322 Thread 0x0000025d901e5e80 Exception <a 'java/lang/NoSuchMethodError'{0x00000000ec15e4f0}: 'void java.lang.invoke.DirectMethodHandle$Holder.invokeSpecial(java.lang.Object, java.lang.Object, java.lang.Object, java.lang.Object, java.lang.Object)'> (0x00000000ec15e4f0) 
thrown [s\src\hotspot\share\interpreter\linkResolver.cpp, line 773]
Event: 3.362 Thread 0x0000025d901e5e80 Exception <a 'java/lang/NoSuchMethodError'{0x00000000eab44fe8}: 'double java.lang.invoke.DirectMethodHandle$Holder.invokeStatic(java.lang.Object, java.lang.Object)'> (0x00000000eab44fe8) 
thrown [s\src\hotspot\share\interpreter\linkResolver.cpp, line 773]
Event: 3.363 Thread 0x0000025d901e5e80 Exception <a 'java/lang/NoSuchMethodError'{0x00000000eab486a8}: 'double java.lang.invoke.DirectMethodHandle$Holder.invokeStaticInit(java.lang.Object, java.lang.Object)'> (0x00000000eab486a8) 
thrown [s\src\hotspot\share\interpreter\linkResolver.cpp, line 773]
Event: 3.633 Thread 0x0000025d901e5e80 Implicit null exception at 0x0000025d3ed1b475 to 0x0000025d3ed1b568
Event: 3.978 Thread 0x0000025d901e5e80 Exception <a 'java/lang/ClassNotFoundException'{0x00000000ec105fd8}: com/sun/org/apache/xerces/internal/impl/msg/spi/DOMMessagesProvider> (0x00000000ec105fd8) 
thrown [s\src\hotspot\share\classfile\systemDictionary.cpp, line 312]
Event: 3.980 Thread 0x0000025d901e5e80 Exception <a 'java/lang/ClassNotFoundException'{0x00000000ec121150}: com/sun/org/apache/xerces/internal/impl/msg/spi/XMLSerializerMessagesProvider> (0x00000000ec121150) 
thrown [s\src\hotspot\share\classfile\systemDictionary.cpp, line 312]
Event: 3.981 Thread 0x0000025d901e5e80 Exception <a 'java/lang/ClassNotFoundException'{0x00000000ec12f1a8}: com/sun/org/apache/xerces/internal/impl/msg/spi/XMLMessagesProvider> (0x00000000ec12f1a8) 
thrown [s\src\hotspot\share\classfile\systemDictionary.cpp, line 312]
Event: 4.002 Thread 0x0000025d901e5e80 Exception <a 'java/lang/NoSuchMethodError'{0x00000000ec292a00}: 'java.lang.Object java.lang.invoke.DirectMethodHandle$Holder.newInvokeSpecial(java.lang.Object, int, java.lang.Object, java.lang.Object)'> (0x00000000ec292a00) 
thrown [s\src\hotspot\share\interpreter\linkResolver.cpp, line 773]
Event: 4.060 Thread 0x0000025d901e5e80 Exception <a 'sun/nio/fs/WindowsException'{0x00000000eac771e8}> (0x00000000eac771e8) 
thrown [s\src\hotspot\share\prims\jni.cpp, line 520]
Event: 4.201 Thread 0x0000025d901e5e80 Exception <a 'java/lang/ClassNotFoundException'{0x00000000eb260810}: com/sun/org/apache/xml/internal/serializer/spi/XMLEntitiesProvider> (0x00000000eb260810) 
thrown [s\src\hotspot\share\classfile\systemDictionary.cpp, line 312]

ZGC Phase Switch (0 events):
No events

VM Operations (20 events):
Event: 3.579 Executing VM operation: ParallelGCFailedAllocation (Allocation Failure)
Event: 3.583 Executing VM operation: ParallelGCFailedAllocation (Allocation Failure) done
Event: 3.674 Executing VM operation: CollectForMetadataAllocation (Metadata GC Threshold)
Event: 3.711 Executing VM operation: CollectForMetadataAllocation (Metadata GC Threshold) done
Event: 3.914 Executing VM operation: HandshakeAllThreads (Deoptimize)
Event: 3.914 Executing VM operation: HandshakeAllThreads (Deoptimize) done
Event: 4.016 Executing VM operation: ParallelGCFailedAllocation (Allocation Failure)
Event: 4.018 Executing VM operation: ParallelGCFailedAllocation (Allocation Failure) done
Event: 4.047 Executing VM operation: HandshakeAllThreads (Deoptimize)
Event: 4.047 Executing VM operation: HandshakeAllThreads (Deoptimize) done
Event: 4.051 Executing VM operation: HandshakeAllThreads (Deoptimize)
Event: 4.051 Executing VM operation: HandshakeAllThreads (Deoptimize) done
Event: 4.061 Executing VM operation: HandshakeAllThreads (Deoptimize)
Event: 4.062 Executing VM operation: HandshakeAllThreads (Deoptimize) done
Event: 4.112 Executing VM operation: HandshakeAllThreads (Deoptimize)
Event: 4.113 Executing VM operation: HandshakeAllThreads (Deoptimize) done
Event: 4.113 Executing VM operation: HandshakeAllThreads (Deoptimize)
Event: 4.113 Executing VM operation: HandshakeAllThreads (Deoptimize) done
Event: 4.249 Executing VM operation: HandshakeAllThreads (Deoptimize)
Event: 4.249 Executing VM operation: HandshakeAllThreads (Deoptimize) done

Memory protections (0 events):
No events

Nmethod flushes (0 events):
No events

Events (20 events):
Event: 1.554 Thread 0x0000025d33fec8e0 Thread added: 0x0000025d90133ed0
Event: 1.790 Thread 0x0000025d33f2fdf0 Thread added: 0x0000025d8bb33860
Event: 2.001 Thread 0x0000025d33f2fdf0 Thread added: 0x0000025d8bf08c60
Event: 2.006 Thread 0x0000025d33f2fdf0 Thread added: 0x0000025d901e5e80
Event: 2.048 Thread 0x0000025d901e5e80 Thread added: 0x0000025d900323d0
Event: 2.102 Thread 0x0000025d90133ed0 Thread exited: 0x0000025d90133ed0
Event: 2.217 Thread 0x0000025d901e5e80 Thread added: 0x0000025d901e5070
Event: 2.315 Thread 0x0000025d33fec8e0 Thread added: 0x0000025d90300700
Event: 2.529 Thread 0x0000025d901e5e80 Thread added: 0x0000025d9045af30
Event: 2.597 Thread 0x0000025d90300700 Thread exited: 0x0000025d90300700
Event: 2.819 Thread 0x0000025d33fec8e0 Thread added: 0x0000025d90265f50
Event: 3.092 Thread 0x0000025d90265f50 Thread exited: 0x0000025d90265f50
Event: 3.095 Thread 0x0000025d8a99c680 Thread exited: 0x0000025d8a99c680
Event: 3.113 Thread 0x0000025d901e5e80 Thread added: 0x0000025d90265f50
Event: 3.145 Thread 0x0000025d901e5e80 Thread added: 0x0000025d90596ca0
Event: 3.263 Thread 0x0000025d33fec8e0 Thread added: 0x0000025d904210b0
Event: 3.306 Thread 0x0000025d901e5e80 Thread added: 0x0000025d90575080
Event: 3.992 Thread 0x0000025d901e5e80 Thread added: 0x0000025d90575710
Event: 4.086 Thread 0x0000025d90575710 Thread exited: 0x0000025d90575710
Event: 4.169 Thread 0x0000025d33fec8e0 Thread added: 0x0000025d92080c30


Dynamic libraries:
0x00007ff7f3aa0000 - 0x00007ff7f3aae000 	c:\Users\zinzi\.vscode\extensions\redhat.java-1.40.0-win32-x64\jre\21.0.6-win32-x86_64\bin\java.exe
0x00007ffb19690000 - 0x00007ffb198a7000 	C:\WINDOWS\SYSTEM32\ntdll.dll
0x00007ffb17470000 - 0x00007ffb17534000 	C:\WINDOWS\System32\KERNEL32.DLL
0x00007ffb16910000 - 0x00007ffb16ce1000 	C:\WINDOWS\System32\KERNELBASE.dll
0x00007ffb17050000 - 0x00007ffb17161000 	C:\WINDOWS\System32\ucrtbase.dll
0x00007ffb04b00000 - 0x00007ffb04b18000 	c:\Users\zinzi\.vscode\extensions\redhat.java-1.40.0-win32-x64\jre\21.0.6-win32-x86_64\bin\jli.dll
0x00007ffaff980000 - 0x00007ffaff99e000 	c:\Users\zinzi\.vscode\extensions\redhat.java-1.40.0-win32-x64\jre\21.0.6-win32-x86_64\bin\VCRUNTIME140.dll
0x00007ffb187d0000 - 0x00007ffb18981000 	C:\WINDOWS\System32\USER32.dll
0x00007ffb03f70000 - 0x00007ffb04202000 	C:\WINDOWS\WinSxS\amd64_microsoft.windows.common-controls_6595b64144ccf1df_6.0.22621.4830_none_270fe7d773858e80\COMCTL32.dll
0x00007ffb16d90000 - 0x00007ffb16db6000 	C:\WINDOWS\System32\win32u.dll
0x00007ffb17b30000 - 0x00007ffb17b59000 	C:\WINDOWS\System32\GDI32.dll
0x00007ffb17550000 - 0x00007ffb175f7000 	C:\WINDOWS\System32\msvcrt.dll
0x00007ffb16f30000 - 0x00007ffb1704b000 	C:\WINDOWS\System32\gdi32full.dll
0x00007ffb16cf0000 - 0x00007ffb16d8a000 	C:\WINDOWS\System32\msvcp_win.dll
0x00007ffb18790000 - 0x00007ffb187c1000 	C:\WINDOWS\System32\IMM32.DLL
0x00007ffb068f0000 - 0x00007ffb068fc000 	c:\Users\zinzi\.vscode\extensions\redhat.java-1.40.0-win32-x64\jre\21.0.6-win32-x86_64\bin\vcruntime140_1.dll
0x00007ffadc920000 - 0x00007ffadc9ad000 	c:\Users\zinzi\.vscode\extensions\redhat.java-1.40.0-win32-x64\jre\21.0.6-win32-x86_64\bin\msvcp140.dll
0x00007ffa97780000 - 0x00007ffa98510000 	c:\Users\zinzi\.vscode\extensions\redhat.java-1.40.0-win32-x64\jre\21.0.6-win32-x86_64\bin\server\jvm.dll
0x00007ffb17360000 - 0x00007ffb17411000 	C:\WINDOWS\System32\ADVAPI32.dll
0x00007ffb180f0000 - 0x00007ffb18197000 	C:\WINDOWS\System32\sechost.dll
0x00007ffb17330000 - 0x00007ffb17358000 	C:\WINDOWS\System32\bcrypt.dll
0x00007ffb18ca0000 - 0x00007ffb18db4000 	C:\WINDOWS\System32\RPCRT4.dll
0x00007ffb18060000 - 0x00007ffb180d1000 	C:\WINDOWS\System32\WS2_32.dll
0x00007ffb15640000 - 0x00007ffb1568d000 	C:\WINDOWS\SYSTEM32\POWRPROF.dll
0x00007ffb085c0000 - 0x00007ffb085f4000 	C:\WINDOWS\SYSTEM32\WINMM.dll
0x00007ffb14420000 - 0x00007ffb1442a000 	C:\WINDOWS\SYSTEM32\VERSION.dll
0x00007ffb15620000 - 0x00007ffb15633000 	C:\WINDOWS\SYSTEM32\UMPDC.dll
0x00007ffb158d0000 - 0x00007ffb158e8000 	C:\WINDOWS\SYSTEM32\kernel.appcore.dll
0x00007ffb05870000 - 0x00007ffb0587a000 	c:\Users\zinzi\.vscode\extensions\redhat.java-1.40.0-win32-x64\jre\21.0.6-win32-x86_64\bin\jimage.dll
0x00007ffb07290000 - 0x00007ffb074c2000 	C:\WINDOWS\SYSTEM32\DBGHELP.DLL
0x00007ffb182f0000 - 0x00007ffb18680000 	C:\WINDOWS\System32\combase.dll
0x00007ffb181a0000 - 0x00007ffb18277000 	C:\WINDOWS\System32\OLEAUT32.dll
0x00007ffafbba0000 - 0x00007ffafbbd2000 	C:\WINDOWS\SYSTEM32\dbgcore.DLL
0x00007ffb17230000 - 0x00007ffb172ab000 	C:\WINDOWS\System32\bcryptPrimitives.dll
0x00007ffb13cf0000 - 0x00007ffb13cff000 	c:\Users\zinzi\.vscode\extensions\redhat.java-1.40.0-win32-x64\jre\21.0.6-win32-x86_64\bin\instrument.dll
0x00007ffaea8d0000 - 0x00007ffaea8ef000 	c:\Users\zinzi\.vscode\extensions\redhat.java-1.40.0-win32-x64\jre\21.0.6-win32-x86_64\bin\java.dll
0x00007ffb18dc0000 - 0x00007ffb19648000 	C:\WINDOWS\System32\SHELL32.dll
0x00007ffb167d0000 - 0x00007ffb1690f000 	C:\WINDOWS\System32\wintypes.dll
0x00007ffb146f0000 - 0x00007ffb14ffd000 	C:\WINDOWS\SYSTEM32\windows.storage.dll
0x00007ffb18680000 - 0x00007ffb1878a000 	C:\WINDOWS\System32\SHCORE.dll
0x00007ffb17b70000 - 0x00007ffb17bce000 	C:\WINDOWS\System32\shlwapi.dll
0x00007ffb16700000 - 0x00007ffb1672b000 	C:\WINDOWS\SYSTEM32\profapi.dll
0x00007ffaea610000 - 0x00007ffaea628000 	c:\Users\zinzi\.vscode\extensions\redhat.java-1.40.0-win32-x64\jre\21.0.6-win32-x86_64\bin\zip.dll
0x00007ffb01320000 - 0x00007ffb01330000 	C:\Users\zinzi\.vscode\extensions\redhat.java-1.40.0-win32-x64\jre\21.0.6-win32-x86_64\bin\net.dll
0x00007ffb12990000 - 0x00007ffb12abc000 	C:\WINDOWS\SYSTEM32\WINHTTP.dll
0x00007ffb15d30000 - 0x00007ffb15d9a000 	C:\WINDOWS\system32\mswsock.dll
0x00007ffae0200000 - 0x00007ffae0216000 	C:\Users\zinzi\.vscode\extensions\redhat.java-1.40.0-win32-x64\jre\21.0.6-win32-x86_64\bin\nio.dll
0x00007ffb01270000 - 0x00007ffb01280000 	c:\Users\zinzi\.vscode\extensions\redhat.java-1.40.0-win32-x64\jre\21.0.6-win32-x86_64\bin\verify.dll
0x00007ffadc8d0000 - 0x00007ffadc915000 	C:\Users\zinzi\AppData\Roaming\Code\User\globalStorage\redhat.java\1.40.0\config_ss_win\org.eclipse.equinox.launcher\org.eclipse.equinox.launcher.win32.win32.x86_64_1.2.1200.v20250212-0927\eclipse_11909.dll
0x00007ffb17660000 - 0x00007ffb17801000 	C:\WINDOWS\System32\ole32.dll
0x00007ffb15f40000 - 0x00007ffb15f5b000 	C:\WINDOWS\SYSTEM32\CRYPTSP.dll
0x00007ffb15830000 - 0x00007ffb15867000 	C:\WINDOWS\system32\rsaenh.dll
0x00007ffb15de0000 - 0x00007ffb15e08000 	C:\WINDOWS\SYSTEM32\USERENV.dll
0x00007ffb15f60000 - 0x00007ffb15f6c000 	C:\WINDOWS\SYSTEM32\CRYPTBASE.dll
0x00007ffb152d0000 - 0x00007ffb152fd000 	C:\WINDOWS\SYSTEM32\IPHLPAPI.DLL
0x00007ffb180e0000 - 0x00007ffb180e9000 	C:\WINDOWS\System32\NSI.dll
0x00007ffac6570000 - 0x00007ffac65b9000 	C:\Users\zinzi\AppData\Local\Temp\jna-115907214\jna1647684039746969325.dll
0x00007ffb18050000 - 0x00007ffb18058000 	C:\WINDOWS\System32\PSAPI.DLL

dbghelp: loaded successfully - version: 4.0.5 - missing functions: none
symbol engine: initialized successfully - sym options: 0x614 - pdb path: .;c:\Users\zinzi\.vscode\extensions\redhat.java-1.40.0-win32-x64\jre\21.0.6-win32-x86_64\bin;C:\WINDOWS\SYSTEM32;C:\WINDOWS\WinSxS\amd64_microsoft.windows.common-controls_6595b64144ccf1df_6.0.22621.4830_none_270fe7d773858e80;c:\Users\zinzi\.vscode\extensions\redhat.java-1.40.0-win32-x64\jre\21.0.6-win32-x86_64\bin\server;C:\Users\zinzi\AppData\Roaming\Code\User\globalStorage\redhat.java\1.40.0\config_ss_win\org.eclipse.equinox.launcher\org.eclipse.equinox.launcher.win32.win32.x86_64_1.2.1200.v20250212-0927;C:\Users\zinzi\AppData\Local\Temp\jna-115907214

VM Arguments:
jvm_args: --add-modules=ALL-SYSTEM --add-opens=java.base/java.util=ALL-UNNAMED --add-opens=java.base/java.lang=ALL-UNNAMED --add-opens=java.base/sun.nio.fs=ALL-UNNAMED -Declipse.application=org.eclipse.jdt.ls.core.id1 -Dosgi.bundles.defaultStartLevel=4 -Declipse.product=org.eclipse.jdt.ls.core.product -Djava.import.generatesMetadataFilesAtProjectRoot=false -DDetectVMInstallationsJob.disabled=true -Dfile.encoding=utf8 -XX:+UseParallelGC -XX:GCTimeRatio=4 -XX:AdaptiveSizePolicyWeight=90 -Dsun.zip.disableMemoryMapping=true -Xmx1G -Xms100m -Xlog:disable -javaagent:c:\Users\zinzi\.vscode\extensions\redhat.java-1.40.0-win32-x64\lombok\lombok-1.18.36.jar 
java_command: c:\Users\zinzi\.vscode\extensions\redhat.java-1.40.0-win32-x64\server\plugins\org.eclipse.equinox.launcher_1.6.1000.v20250131-0606.jar -configuration c:\Users\zinzi\AppData\Roaming\Code\User\globalStorage\redhat.java\1.40.0\config_ss_win -data c:\Users\zinzi\AppData\Roaming\Code\User\workspaceStorage\1531145508dfbda3fe65cda5b18105b1\redhat.java\ss_ws --pipe=\\.\pipe\lsp-0d15fbce8ac0caf78667d8a04d812484-sock
java_class_path (initial): c:\Users\zinzi\.vscode\extensions\redhat.java-1.40.0-win32-x64\server\plugins\org.eclipse.equinox.launcher_1.6.1000.v20250131-0606.jar
Launcher Type: SUN_STANDARD

[Global flags]
    uintx AdaptiveSizePolicyWeight                 = 90                                        {product} {command line}
     intx CICompilerCount                          = 4                                         {product} {ergonomic}
    uintx GCTimeRatio                              = 4                                         {product} {command line}
   size_t InitialHeapSize                          = 104857600                                 {product} {command line}
   size_t MaxHeapSize                              = 1073741824                                {product} {command line}
   size_t MaxNewSize                               = 357564416                                 {product} {ergonomic}
   size_t MinHeapDeltaBytes                        = 524288                                    {product} {ergonomic}
   size_t MinHeapSize                              = 104857600                                 {product} {command line}
   size_t NewSize                                  = 34603008                                  {product} {ergonomic}
    uintx NonNMethodCodeHeapSize                   = 5839372                                {pd product} {ergonomic}
    uintx NonProfiledCodeHeapSize                  = 122909434                              {pd product} {ergonomic}
   size_t OldSize                                  = 70254592                                  {product} {ergonomic}
    uintx ProfiledCodeHeapSize                     = 122909434                              {pd product} {ergonomic}
    uintx ReservedCodeCacheSize                    = 251658240                              {pd product} {ergonomic}
     bool SegmentedCodeCache                       = true                                      {product} {ergonomic}
   size_t SoftMaxHeapSize                          = 1073741824                             {manageable} {ergonomic}
     bool UseCompressedOops                        = true                           {product lp64_product} {ergonomic}
     bool UseLargePagesIndividualAllocation        = false                                  {pd product} {ergonomic}
     bool UseParallelGC                            = true                                      {product} {command line}

Logging:
Log output configuration:
 #0: stdout all=off uptime,level,tags foldmultilines=false
 #1: stderr all=off uptime,level,tags foldmultilines=false

Environment Variables:
JAVA_HOME=C:\Program Files\Microsoft\jdk-17.0.10.7-hotspot\
PATH=C:\Program Files\Microsoft\jdk-17.0.10.7-hotspot\bin;C:\WINDOWS\system32;C:\WINDOWS;C:\WINDOWS\System32\Wbem;C:\WINDOWS\System32\WindowsPowerShell\v1.0\;C:\WINDOWS\System32\OpenSSH\;C:\ProgramData\chocolatey\bin;C:\Program Files\Microsoft SQL Server\150\Tools\Binn\;C:\Program Files\Microsoft SQL Server\Client SDK\ODBC\170\Tools\Binn\;C:\Program Files (x86)\Microsoft SQL Server\160\Tools\Binn\;C:\Program Files\Microsoft SQL Server\160\Tools\Binn\;C:\Program Files\Microsoft SQL Server\160\DTS\Binn\;C:\Program Files (x86)\NVIDIA Corporation\PhysX\Common;C:\Users\zinzi\AppData\Roaming\nvm;C:\Program Files\nodejs;C:\Program Files\Amazon\AWSCLIV2\;C:\Program Files\starship\bin\;C:\Program Files (x86)\oh-my-posh\bin;D:\Git\Git\cmd;C:\Program Files\Amazon\SessionManagerPlugin\bin\;C:\Program Files\dotnet\;C:\Program Files\Amazon\SessionManagerPlugin\bin;C:\Program Files\MySQL\MySQL Shell 8.0\bin\;C:\Users\zinzi\AppData\Local\Android\Sdk\platform-tools;C:\Users\zinzi\AppData\Local\Microsoft\WindowsApps;C:\Users\zinzi\AppData\Local\Programs\Microsoft VS Code\bin;C:\Users\zinzi\AppData\Local\GitHubDesktop\bin;C:\Users\zinzi\AppData\Roaming\npm;C:\Users\zinzi\AppData\Roaming\nvm;C:\Program Files\nodejs;C:\Users\zinzi\AppData\Local\Programs\oh-my-posh\bin;C:\Users\zinzi\AppData\Local\Packages\PythonSoftwareFoundation.Python.3.13_qbz5n2kfra8p0\LocalCache\local-packages\Python313\Scripts;C:\Gradle\gradle-8.13\bin;C:\Users\zinzi\.dotnet\tools
USERNAME=zinzi
OS=Windows_NT
PROCESSOR_IDENTIFIER=Intel64 Family 6 Model 165 Stepping 2, GenuineIntel
TMP=C:\Users\zinzi\AppData\Local\Temp
TEMP=C:\Users\zinzi\AppData\Local\Temp




Periodic native trim disabled

---------------  S Y S T E M  ---------------

OS:
 Windows 11 , 64 bit Build 22621 (10.0.22621.4974)
OS uptime: 1 days 23:20 hours
Hyper-V role detected

CPU: total 12 (initial active 12) (6 cores per cpu, 2 threads per core) family 6 model 165 stepping 2 microcode 0xe0, cx8, cmov, fxsr, ht, mmx, 3dnowpref, sse, sse2, sse3, ssse3, sse4.1, sse4.2, popcnt, lzcnt, tsc, tscinvbit, avx, avx2, aes, erms, clmul, bmi1, bmi2, adx, fma, vzeroupper, clflush, clflushopt, hv, rdtscp, f16c
Processor Information for the first 12 processors :
  Max Mhz: 2592, Current Mhz: 2292, Mhz Limit: 2592

Memory: 4k page, system-wide physical 16205M (2159M free)
TotalPageFile size 18253M (AvailPageFile size 13M)
current process WorkingSet (physical memory assigned to process): 170M, peak: 171M
current process commit charge ("private bytes"): 276M, peak: 277M

vm_info: OpenJDK 64-Bit Server VM (21.0.6+7-LTS) for windows-amd64 JRE (21.0.6+7-LTS), built on 2025-01-21T00:00:00Z by "admin" with MS VC++ 17.7 (VS2022)

END.
