#
# There is insufficient memory for the Java Runtime Environment to continue.
# Native memory allocation (malloc) failed to allocate 640816 bytes. Error detail: Chunk::new
# Possible reasons:
#   The system is out of physical RAM or swap space
#   This process is running with CompressedOops enabled, and the Java Heap may be blocking the growth of the native heap
# Possible solutions:
#   Reduce memory load on the system
#   Increase physical memory or swap space
#   Check if swap backing store is full
#   Decrease Java heap size (-Xmx/-Xms)
#   Decrease number of Java threads
#   Decrease Java thread stack sizes (-Xss)
#   Set larger code cache with -XX:ReservedCodeCacheSize=
#   JVM is running with Unscaled Compressed Oops mode in which the Java heap is
#     placed in the first 4GB address space. The Java Heap base address is the
#     maximum limit for the native heap growth. Please use -XX:HeapBaseMinAddress
#     to set the Java Heap base and to place the Java Heap above 4GB virtual address.
# This output file may be truncated or incomplete.
#
#  Out of Memory Error (arena.cpp:168), pid=16188, tid=14664
#
# JRE version: OpenJDK Runtime Environment Temurin-21.0.6+7 (21.0.6+7) (build 21.0.6+7-LTS)
# Java VM: OpenJDK 64-Bit Server VM Temurin-21.0.6+7 (21.0.6+7-LTS, mixed mode, sharing, tiered, compressed oops, compressed class ptrs, parallel gc, windows-amd64)
# No core dump will be written. Minidumps are not enabled by default on client versions of Windows
#

---------------  S U M M A R Y ------------

Command Line: --add-modules=ALL-SYSTEM --add-opens=java.base/java.util=ALL-UNNAMED --add-opens=java.base/java.lang=ALL-UNNAMED --add-opens=java.base/sun.nio.fs=ALL-UNNAMED -Declipse.application=org.eclipse.jdt.ls.core.id1 -Dosgi.bundles.defaultStartLevel=4 -Declipse.product=org.eclipse.jdt.ls.core.product -Djava.import.generatesMetadataFilesAtProjectRoot=false -DDetectVMInstallationsJob.disabled=true -Dfile.encoding=utf8 -XX:+UseParallelGC -XX:GCTimeRatio=4 -XX:AdaptiveSizePolicyWeight=90 -Dsun.zip.disableMemoryMapping=true -Xmx1G -Xms100m -Xlog:disable -javaagent:c:\Users\zinzi\.vscode\extensions\redhat.java-1.40.0-win32-x64\lombok\lombok-1.18.36.jar c:\Users\zinzi\.vscode\extensions\redhat.java-1.40.0-win32-x64\server\plugins\org.eclipse.equinox.launcher_1.6.1000.v20250131-0606.jar -configuration c:\Users\zinzi\AppData\Roaming\Code\User\globalStorage\redhat.java\1.40.0\config_ss_win -data c:\Users\zinzi\AppData\Roaming\Code\User\workspaceStorage\1531145508dfbda3fe65cda5b18105b1\redhat.java\ss_ws --pipe=\\.\pipe\lsp-b00e6d6739ae027d34092f8df7bbf3df-sock

Host: Intel(R) Core(TM) i7-10750H CPU @ 2.60GHz, 12 cores, 15G,  Windows 11 , 64 bit Build 22621 (10.0.22621.4974)
Time: Fri Mar 21 22:35:00 2025 SE Asia Standard Time elapsed time: 1.205829 seconds (0d 0h 0m 1s)

---------------  T H R E A D  ---------------

Current thread (0x0000020d7d6ebf20):  JavaThread "C2 CompilerThread1" daemon [_thread_in_native, id=14664, stack(0x0000007eacd00000,0x0000007eace00000) (1024K)]


Current CompileTask:
C2:1205 1229       4       java.io.DataInputStream::readUTF (501 bytes)

Stack: [0x0000007eacd00000,0x0000007eace00000]
Native frames: (J=compiled Java code, j=interpreted, Vv=VM code, C=native code)
V  [jvm.dll+0x6cdee9]
V  [jvm.dll+0x8a83d1]
V  [jvm.dll+0x8aa8fe]
V  [jvm.dll+0x8aafe3]
V  [jvm.dll+0x27f706]
V  [jvm.dll+0xc500d]
V  [jvm.dll+0xc5543]
V  [jvm.dll+0x3b6752]
V  [jvm.dll+0x382935]
V  [jvm.dll+0x381d9a]
V  [jvm.dll+0x2479f0]
V  [jvm.dll+0x246fcf]
V  [jvm.dll+0x1c75ee]
V  [jvm.dll+0x25685a]
V  [jvm.dll+0x254dfa]
V  [jvm.dll+0x3f0256]
V  [jvm.dll+0x851f8b]
V  [jvm.dll+0x6cc5ed]
C  [ucrtbase.dll+0x29333]
C  [KERNEL32.DLL+0x1259d]
C  [ntdll.dll+0x5af38]


---------------  P R O C E S S  ---------------

Threads class SMR info:
_java_thread_list=0x0000020d7d717e10, length=13, elements={
0x0000020d711d07e0, 0x0000020d765be5b0, 0x0000020d71275ac0, 0x0000020d71277210,
0x0000020d712784d0, 0x0000020d7127b790, 0x0000020d7127d450, 0x0000020d71283b50,
0x0000020d712848e0, 0x0000020d77ad0c30, 0x0000020d7d09b840, 0x0000020d7d6ebf20,
0x0000020d7d6ec5c0
}

Java Threads: ( => current thread )
  0x0000020d711d07e0 JavaThread "main"                              [_thread_in_vm, id=2584, stack(0x0000007eac000000,0x0000007eac100000) (1024K)]
  0x0000020d765be5b0 JavaThread "Reference Handler"          daemon [_thread_blocked, id=6176, stack(0x0000007eac400000,0x0000007eac500000) (1024K)]
  0x0000020d71275ac0 JavaThread "Finalizer"                  daemon [_thread_blocked, id=5336, stack(0x0000007eac500000,0x0000007eac600000) (1024K)]
  0x0000020d71277210 JavaThread "Signal Dispatcher"          daemon [_thread_blocked, id=2448, stack(0x0000007eac600000,0x0000007eac700000) (1024K)]
  0x0000020d712784d0 JavaThread "Attach Listener"            daemon [_thread_blocked, id=4852, stack(0x0000007eac700000,0x0000007eac800000) (1024K)]
  0x0000020d7127b790 JavaThread "Service Thread"             daemon [_thread_blocked, id=9528, stack(0x0000007eac800000,0x0000007eac900000) (1024K)]
  0x0000020d7127d450 JavaThread "Monitor Deflation Thread"   daemon [_thread_blocked, id=15080, stack(0x0000007eac900000,0x0000007eaca00000) (1024K)]
  0x0000020d71283b50 JavaThread "C2 CompilerThread0"         daemon [_thread_blocked, id=19272, stack(0x0000007eaca00000,0x0000007eacb00000) (1024K)]
  0x0000020d712848e0 JavaThread "C1 CompilerThread0"         daemon [_thread_blocked, id=16296, stack(0x0000007eacb00000,0x0000007eacc00000) (1024K)]
  0x0000020d77ad0c30 JavaThread "Common-Cleaner"             daemon [_thread_blocked, id=16084, stack(0x0000007eacc00000,0x0000007eacd00000) (1024K)]
  0x0000020d7d09b840 JavaThread "Notification Thread"        daemon [_thread_blocked, id=13552, stack(0x0000007eace00000,0x0000007eacf00000) (1024K)]
=>0x0000020d7d6ebf20 JavaThread "C2 CompilerThread1"         daemon [_thread_in_native, id=14664, stack(0x0000007eacd00000,0x0000007eace00000) (1024K)]
  0x0000020d7d6ec5c0 JavaThread "C2 CompilerThread2"         daemon [_thread_in_native, id=11028, stack(0x0000007eacf00000,0x0000007ead000000) (1024K)]
Total: 13

Other Threads:
  0x0000020d765a4400 VMThread "VM Thread"                           [id=19248, stack(0x0000007eac300000,0x0000007eac400000) (1024K)]
  0x0000020d7649c8d0 WatcherThread "VM Periodic Task Thread"        [id=13576, stack(0x0000007eac200000,0x0000007eac300000) (1024K)]
  0x0000020d711eda20 WorkerThread "GC Thread#0"                     [id=16580, stack(0x0000007eac100000,0x0000007eac200000) (1024K)]
  0x0000020d7d34f520 WorkerThread "GC Thread#1"                     [id=8332, stack(0x0000007ead000000,0x0000007ead100000) (1024K)]
  0x0000020d7d34f8c0 WorkerThread "GC Thread#2"                     [id=19508, stack(0x0000007ead100000,0x0000007ead200000) (1024K)]
  0x0000020d7d34fc60 WorkerThread "GC Thread#3"                     [id=13924, stack(0x0000007ead200000,0x0000007ead300000) (1024K)]
  0x0000020d7d5d8fc0 WorkerThread "GC Thread#4"                     [id=19476, stack(0x0000007ead300000,0x0000007ead400000) (1024K)]
  0x0000020d7d5d9360 WorkerThread "GC Thread#5"                     [id=8568, stack(0x0000007ead400000,0x0000007ead500000) (1024K)]
  0x0000020d7d5d9700 WorkerThread "GC Thread#6"                     [id=15324, stack(0x0000007ead500000,0x0000007ead600000) (1024K)]
Total: 9

Threads with active compile tasks:
C2 CompilerThread1  1226 1229       4       java.io.DataInputStream::readUTF (501 bytes)
C2 CompilerThread2  1227 1289       4       lombok.launch.PackageShader::apply (252 bytes)
Total: 2

VM state: not at safepoint (normal execution)

VM Mutex/Monitor currently owned by a thread: None

Heap address: 0x00000000c0000000, size: 1024 MB, Compressed Oops mode: 32-bit

CDS archive(s) mapped at: [0x0000020d0f000000-0x0000020d0fba0000-0x0000020d0fba0000), size 12189696, SharedBaseAddress: 0x0000020d0f000000, ArchiveRelocationMode: 1.
Compressed class space mapped at: 0x0000020d10000000-0x0000020d50000000, reserved size: 1073741824
Narrow klass base: 0x0000020d0f000000, Narrow klass shift: 0, Narrow klass range: 0x100000000

GC Precious Log:
 CardTable entry size: 512
 CPUs: 12 total, 12 available
 Memory: 16205M
 Large Page Support: Disabled
 NUMA Support: Disabled
 Compressed Oops: Enabled (32-bit)
 Alignments: Space 512K, Generation 512K, Heap 2M
 Heap Min Capacity: 100M
 Heap Initial Capacity: 100M
 Heap Max Capacity: 1G
 Pre-touch: Disabled
 Parallel Workers: 10

Heap:
 PSYoungGen      total 29696K, used 12957K [0x00000000eab00000, 0x00000000ecc00000, 0x0000000100000000)
  eden space 25600K, 38% used [0x00000000eab00000,0x00000000eb48ded0,0x00000000ec400000)
  from space 4096K, 77% used [0x00000000ec400000,0x00000000ec7197f0,0x00000000ec800000)
  to   space 4096K, 0% used [0x00000000ec800000,0x00000000ec800000,0x00000000ecc00000)
 ParOldGen       total 68608K, used 16K [0x00000000c0000000, 0x00000000c4300000, 0x00000000eab00000)
  object space 68608K, 0% used [0x00000000c0000000,0x00000000c0004000,0x00000000c4300000)
 Metaspace       used 5973K, committed 6272K, reserved 1114112K
  class space    used 569K, committed 704K, reserved 1048576K

Card table byte_map: [0x0000020d70b70000,0x0000020d70d80000] _byte_map_base: 0x0000020d70570000

Marking Bits: (ParMarkBitMap*) 0x00007ff841833260
 Begin Bits: [0x0000020d743c0000, 0x0000020d753c0000)
 End Bits:   [0x0000020d753c0000, 0x0000020d763c0000)

Polling page: 0x0000020d6ee10000

Metaspace:

Usage:
  Non-class:      5.28 MB used.
      Class:    569.84 KB used.
       Both:      5.83 MB used.

Virtual space:
  Non-class space:       64.00 MB reserved,       5.44 MB (  8%) committed,  1 nodes.
      Class space:        1.00 GB reserved,     704.00 KB ( <1%) committed,  1 nodes.
             Both:        1.06 GB reserved,       6.12 MB ( <1%) committed. 

Chunk freelists:
   Non-Class:  9.98 MB
       Class:  15.36 MB
        Both:  25.34 MB

MaxMetaspaceSize: unlimited
CompressedClassSpaceSize: 1.00 GB
Initial GC threshold: 21.00 MB
Current GC threshold: 21.00 MB
CDS: on
 - commit_granule_bytes: 65536.
 - commit_granule_words: 8192.
 - virtual_space_node_default_size: 8388608.
 - enlarge_chunks_in_place: 1.
 - use_allocation_guard: 0.


Internal statistics:

num_allocs_failed_limit: 0.
num_arena_births: 148.
num_arena_deaths: 0.
num_vsnodes_births: 2.
num_vsnodes_deaths: 0.
num_space_committed: 98.
num_space_uncommitted: 0.
num_chunks_returned_to_freelist: 0.
num_chunks_taken_from_freelist: 256.
num_chunk_merges: 0.
num_chunk_splits: 177.
num_chunks_enlarged: 126.
num_inconsistent_stats: 0.

CodeHeap 'non-profiled nmethods': size=120000Kb used=510Kb max_used=510Kb free=119489Kb
 bounds [0x0000020d07ad0000, 0x0000020d07d40000, 0x0000020d0f000000]
CodeHeap 'profiled nmethods': size=120000Kb used=2230Kb max_used=2230Kb free=117769Kb
 bounds [0x0000020d00000000, 0x0000020d00270000, 0x0000020d07530000]
CodeHeap 'non-nmethods': size=5760Kb used=1204Kb max_used=1234Kb free=4555Kb
 bounds [0x0000020d07530000, 0x0000020d077a0000, 0x0000020d07ad0000]
 total_blobs=1755 nmethods=1289 adapters=373
 compilation: enabled
              stopped_count=0, restarted_count=0
 full_count=0

Compilation events (20 events):
Event: 1.172 Thread 0x0000020d71283b50 1255       4       java.io.DataInputStream::readByte (6 bytes)
Event: 1.175 Thread 0x0000020d712848e0 1273       3       sun.net.util.URLUtil::urlNoFragString (143 bytes)
Event: 1.177 Thread 0x0000020d712848e0 nmethod 1273 0x0000020d00225e90 code [0x0000020d002261c0, 0x0000020d00227138]
Event: 1.188 Thread 0x0000020d712848e0 1274       1       java.net.JarURLConnection::getJarFileURL (5 bytes)
Event: 1.188 Thread 0x0000020d712848e0 nmethod 1274 0x0000020d07b4b210 code [0x0000020d07b4b3a0, 0x0000020d07b4b468]
Event: 1.192 Thread 0x0000020d712848e0 1275       3       java.net.URI::quote (214 bytes)
Event: 1.193 Thread 0x0000020d71283b50 nmethod 1255 0x0000020d07b4b510 code [0x0000020d07b4b720, 0x0000020d07b4bb68]
Event: 1.193 Thread 0x0000020d71283b50 1256       4       java.util.ArrayList::get (15 bytes)
Event: 1.195 Thread 0x0000020d71283b50 nmethod 1256 0x0000020d07b4c090 code [0x0000020d07b4c220, 0x0000020d07b4c340]
Event: 1.196 Thread 0x0000020d712848e0 nmethod 1275 0x0000020d00227710 code [0x0000020d00227ac0, 0x0000020d00229208]
Event: 1.196 Thread 0x0000020d71283b50 1272       4       java.lang.StringUTF16::compress (20 bytes)
Event: 1.196 Thread 0x0000020d712848e0 1277       3       java.lang.StringCoding::hasNegatives (16 bytes)
Event: 1.197 Thread 0x0000020d712848e0 nmethod 1277 0x0000020d00229b90 code [0x0000020d00229d40, 0x0000020d00229eb0]
Event: 1.197 Thread 0x0000020d712848e0 1278       3       java.io.File::isDirectory (34 bytes)
Event: 1.197 Thread 0x0000020d712848e0 nmethod 1278 0x0000020d00229f90 code [0x0000020d0022a180, 0x0000020d0022a588]
Event: 1.198 Thread 0x0000020d712848e0 1276       1       java.net.JarURLConnection::getEntryName (5 bytes)
Event: 1.198 Thread 0x0000020d712848e0 nmethod 1276 0x0000020d07b4c490 code [0x0000020d07b4c620, 0x0000020d07b4c6e8]
Event: 1.198 Thread 0x0000020d71283b50 nmethod 1272 0x0000020d07b4c790 code [0x0000020d07b4c920, 0x0000020d07b4cb80]
Event: 1.198 Thread 0x0000020d71283b50 1279       4       java.net.URI::match (56 bytes)
Event: 1.199 Thread 0x0000020d71283b50 nmethod 1279 0x0000020d07b4cc90 code [0x0000020d07b4ce20, 0x0000020d07b4cef8]

GC Heap History (2 events):
Event: 0.911 GC heap before
{Heap before GC invocations=1 (full 0):
 PSYoungGen      total 29696K, used 25600K [0x00000000eab00000, 0x00000000ecc00000, 0x0000000100000000)
  eden space 25600K, 100% used [0x00000000eab00000,0x00000000ec400000,0x00000000ec400000)
  from space 4096K, 0% used [0x00000000ec800000,0x00000000ec800000,0x00000000ecc00000)
  to   space 4096K, 0% used [0x00000000ec400000,0x00000000ec400000,0x00000000ec800000)
 ParOldGen       total 68608K, used 0K [0x00000000c0000000, 0x00000000c4300000, 0x00000000eab00000)
  object space 68608K, 0% used [0x00000000c0000000,0x00000000c0000000,0x00000000c4300000)
 Metaspace       used 4338K, committed 4544K, reserved 1114112K
  class space    used 436K, committed 512K, reserved 1048576K
}
Event: 0.919 GC heap after
{Heap after GC invocations=1 (full 0):
 PSYoungGen      total 29696K, used 3173K [0x00000000eab00000, 0x00000000ecc00000, 0x0000000100000000)
  eden space 25600K, 0% used [0x00000000eab00000,0x00000000eab00000,0x00000000ec400000)
  from space 4096K, 77% used [0x00000000ec400000,0x00000000ec7197f0,0x00000000ec800000)
  to   space 4096K, 0% used [0x00000000ec800000,0x00000000ec800000,0x00000000ecc00000)
 ParOldGen       total 68608K, used 16K [0x00000000c0000000, 0x00000000c4300000, 0x00000000eab00000)
  object space 68608K, 0% used [0x00000000c0000000,0x00000000c0004000,0x00000000c4300000)
 Metaspace       used 4338K, committed 4544K, reserved 1114112K
  class space    used 436K, committed 512K, reserved 1048576K
}

Dll operation events (8 events):
Event: 0.010 Loaded shared library c:\Users\zinzi\.vscode\extensions\redhat.java-1.40.0-win32-x64\jre\21.0.6-win32-x86_64\bin\java.dll
Event: 0.095 Loaded shared library c:\Users\zinzi\.vscode\extensions\redhat.java-1.40.0-win32-x64\jre\21.0.6-win32-x86_64\bin\zip.dll
Event: 0.123 Loaded shared library C:\Users\zinzi\.vscode\extensions\redhat.java-1.40.0-win32-x64\jre\21.0.6-win32-x86_64\bin\instrument.dll
Event: 0.129 Loaded shared library C:\Users\zinzi\.vscode\extensions\redhat.java-1.40.0-win32-x64\jre\21.0.6-win32-x86_64\bin\net.dll
Event: 0.131 Loaded shared library C:\Users\zinzi\.vscode\extensions\redhat.java-1.40.0-win32-x64\jre\21.0.6-win32-x86_64\bin\nio.dll
Event: 0.135 Loaded shared library C:\Users\zinzi\.vscode\extensions\redhat.java-1.40.0-win32-x64\jre\21.0.6-win32-x86_64\bin\zip.dll
Event: 0.160 Loaded shared library C:\Users\zinzi\.vscode\extensions\redhat.java-1.40.0-win32-x64\jre\21.0.6-win32-x86_64\bin\jimage.dll
Event: 0.262 Loaded shared library c:\Users\zinzi\.vscode\extensions\redhat.java-1.40.0-win32-x64\jre\21.0.6-win32-x86_64\bin\verify.dll

Deoptimization events (20 events):
Event: 1.027 Thread 0x0000020d711d07e0 Uncommon trap: trap_request=0xffffff45 fr.pc=0x0000020d07b13c08 relative=0x00000000000001a8
Event: 1.027 Thread 0x0000020d711d07e0 Uncommon trap: reason=unstable_if action=reinterpret pc=0x0000020d07b13c08 method=java.lang.invoke.VarHandle.checkAccessModeThenIsDirect(Ljava/lang/invoke/VarHandle$AccessDescriptor;)Z @ 4 c2
Event: 1.027 Thread 0x0000020d711d07e0 DEOPT PACKING pc=0x0000020d07b13c08 sp=0x0000007eac0fec40
Event: 1.027 Thread 0x0000020d711d07e0 DEOPT UNPACKING pc=0x0000020d07583aa2 sp=0x0000007eac0feb78 mode 2
Event: 1.074 Thread 0x0000020d711d07e0 Uncommon trap: trap_request=0xffffffde fr.pc=0x0000020d07b16cf0 relative=0x0000000000000550
Event: 1.074 Thread 0x0000020d711d07e0 Uncommon trap: reason=class_check action=maybe_recompile pc=0x0000020d07b16cf0 method=java.util.Collections$UnmodifiableCollection$1.<init>(Ljava/util/Collections$UnmodifiableCollection;)V @ 17 c2
Event: 1.074 Thread 0x0000020d711d07e0 DEOPT PACKING pc=0x0000020d07b16cf0 sp=0x0000007eac0fecd0
Event: 1.074 Thread 0x0000020d711d07e0 DEOPT UNPACKING pc=0x0000020d07583aa2 sp=0x0000007eac0fec88 mode 2
Event: 1.143 Thread 0x0000020d711d07e0 Uncommon trap: trap_request=0xffffff45 fr.pc=0x0000020d07b19664 relative=0x0000000000001064
Event: 1.143 Thread 0x0000020d711d07e0 Uncommon trap: reason=unstable_if action=reinterpret pc=0x0000020d07b19664 method=lombok.patcher.PatchScript.classMatches(Ljava/lang/String;Ljava/util/Collection;)Z @ 25 c2
Event: 1.143 Thread 0x0000020d711d07e0 DEOPT PACKING pc=0x0000020d07b19664 sp=0x0000007eac0f8e50
Event: 1.143 Thread 0x0000020d711d07e0 DEOPT UNPACKING pc=0x0000020d07583aa2 sp=0x0000007eac0f8db8 mode 2
Event: 1.145 Thread 0x0000020d711d07e0 DEOPT PACKING pc=0x0000020d0009638d sp=0x0000007eac0f8260
Event: 1.145 Thread 0x0000020d711d07e0 DEOPT UNPACKING pc=0x0000020d07584242 sp=0x0000007eac0f7710 mode 0
Event: 1.173 Thread 0x0000020d711d07e0 DEOPT PACKING pc=0x0000020d0009638d sp=0x0000007eac0f46b0
Event: 1.173 Thread 0x0000020d711d07e0 DEOPT UNPACKING pc=0x0000020d07584242 sp=0x0000007eac0f3b60 mode 0
Event: 1.177 Thread 0x0000020d711d07e0 DEOPT PACKING pc=0x0000020d0009638d sp=0x0000007eac0f46b0
Event: 1.177 Thread 0x0000020d711d07e0 DEOPT UNPACKING pc=0x0000020d07584242 sp=0x0000007eac0f3b60 mode 0
Event: 1.198 Thread 0x0000020d711d07e0 DEOPT PACKING pc=0x0000020d0009638d sp=0x0000007eac0f8170
Event: 1.198 Thread 0x0000020d711d07e0 DEOPT UNPACKING pc=0x0000020d07584242 sp=0x0000007eac0f7620 mode 0

Classes loaded (20 events):
Event: 1.076 Loading class java/util/concurrent/SynchronousQueue$Transferer
Event: 1.077 Loading class java/util/concurrent/LinkedTransferQueue
Event: 1.077 Loading class java/util/concurrent/TransferQueue
Event: 1.077 Loading class java/util/concurrent/TransferQueue done
Event: 1.077 Loading class java/util/concurrent/LinkedTransferQueue done
Event: 1.077 Loading class java/util/concurrent/SynchronousQueue$Transferer done
Event: 1.077 Loading class java/util/concurrent/LinkedTransferQueue$DualNode
Event: 1.078 Loading class java/util/concurrent/LinkedTransferQueue$DualNode done
Event: 1.079 Loading class java/util/concurrent/RejectedExecutionHandler
Event: 1.079 Loading class java/util/concurrent/RejectedExecutionHandler done
Event: 1.079 Loading class java/util/concurrent/LinkedBlockingQueue
Event: 1.079 Loading class java/util/concurrent/LinkedBlockingQueue done
Event: 1.079 Loading class java/util/concurrent/LinkedBlockingQueue$Node
Event: 1.080 Loading class java/util/concurrent/LinkedBlockingQueue$Node done
Event: 1.093 Loading class java/util/concurrent/Semaphore$NonfairSync
Event: 1.093 Loading class java/util/concurrent/Semaphore$Sync
Event: 1.094 Loading class java/util/concurrent/Semaphore$Sync done
Event: 1.094 Loading class java/util/concurrent/Semaphore$NonfairSync done
Event: 1.158 Loading class java/lang/TypeNotPresentException
Event: 1.158 Loading class java/lang/TypeNotPresentException done

Classes unloaded (0 events):
No events

Classes redefined (0 events):
No events

Internal exceptions (20 events):
Event: 0.853 Thread 0x0000020d711d07e0 Exception <a 'java/lang/ClassNotFoundException'{0x00000000ec258780}: sun/net/www/protocol/c/Handler> (0x00000000ec258780) 
thrown [s\src\hotspot\share\classfile\systemDictionary.cpp, line 312]
Event: 0.853 Thread 0x0000020d711d07e0 Exception <a 'java/lang/ClassNotFoundException'{0x00000000ec259b08}: sun/net/www/protocol/d/Handler> (0x00000000ec259b08) 
thrown [s\src\hotspot\share\classfile\systemDictionary.cpp, line 312]
Event: 0.854 Thread 0x0000020d711d07e0 Exception <a 'java/lang/ClassNotFoundException'{0x00000000ec25acc8}: sun/net/www/protocol/c/Handler> (0x00000000ec25acc8) 
thrown [s\src\hotspot\share\classfile\systemDictionary.cpp, line 312]
Event: 0.862 Thread 0x0000020d711d07e0 Exception <a 'java/io/FileNotFoundException'{0x00000000ec27f268}> (0x00000000ec27f268) 
thrown [s\src\hotspot\share\prims\jni.cpp, line 520]
Event: 0.897 Thread 0x0000020d711d07e0 Implicit null exception at 0x0000020d07b1cfc9 to 0x0000020d07b1d97c
Event: 0.897 Thread 0x0000020d711d07e0 Implicit null exception at 0x0000020d07b26220 to 0x0000020d07b2643c
Event: 0.898 Thread 0x0000020d711d07e0 Exception <a 'java/lang/NoSuchMethodError'{0x00000000ec3a9798}: 'void java.lang.invoke.DirectMethodHandle$Holder.invokeStatic(java.lang.Object, java.lang.Object, java.lang.Object, java.lang.Object)'> (0x00000000ec3a9798) 
thrown [s\src\hotspot\share\interpreter\linkResolver.cpp, line 773]
Event: 0.899 Thread 0x0000020d711d07e0 Implicit null exception at 0x0000020d07b26920 to 0x0000020d07b26b3c
Event: 0.899 Thread 0x0000020d711d07e0 Implicit null exception at 0x0000020d07b1f1c0 to 0x0000020d07b1f245
Event: 0.963 Thread 0x0000020d711d07e0 Exception <a 'java/lang/NoSuchMethodError'{0x00000000ead2a398}: 'long java.lang.invoke.DirectMethodHandle$Holder.invokeStatic(java.lang.Object, java.lang.Object, int)'> (0x00000000ead2a398) 
thrown [s\src\hotspot\share\interpreter\linkResolver.cpp, line 773]
Event: 0.966 Thread 0x0000020d711d07e0 Exception <a 'java/lang/NoSuchMethodError'{0x00000000ead32160}: 'java.lang.Object java.lang.invoke.DirectMethodHandle$Holder.invokeSpecial(java.lang.Object, java.lang.Object, java.lang.Object, java.lang.Object, long)'> (0x00000000ead32160) 
thrown [s\src\hotspot\share\interpreter\linkResolver.cpp, line 773]
Event: 0.969 Thread 0x0000020d711d07e0 Exception <a 'java/lang/NoSuchMethodError'{0x00000000ead3fde0}: 'java.lang.Object java.lang.invoke.DirectMethodHandle$Holder.invokeSpecial(java.lang.Object, java.lang.Object, java.lang.Object, int, java.lang.Object)'> (0x00000000ead3fde0) 
thrown [s\src\hotspot\share\interpreter\linkResolver.cpp, line 773]
Event: 0.972 Thread 0x0000020d711d07e0 Exception <a 'java/lang/NoSuchMethodError'{0x00000000ead597e0}: 'java.lang.Object java.lang.invoke.Invokers$Holder.invokeExact_MT(java.lang.Object, java.lang.Object, java.lang.Object, java.lang.Object, java.lang.Object, java.lang.Object)'> (0x00000000ead597e0) 
thrown [s\src\hotspot\share\interpreter\linkResolver.cpp, line 773]
Event: 0.977 Thread 0x0000020d711d07e0 Exception <a 'java/lang/NoSuchMethodError'{0x00000000ead73098}: 'int java.lang.invoke.DirectMethodHandle$Holder.invokeStaticInit(java.lang.Object, java.lang.Object, java.lang.Object, java.lang.Object)'> (0x00000000ead73098) 
thrown [s\src\hotspot\share\interpreter\linkResolver.cpp, line 773]
Event: 0.978 Thread 0x0000020d711d07e0 Exception <a 'java/lang/NoSuchMethodError'{0x00000000ead7bae8}: 'java.lang.Object java.lang.invoke.DirectMethodHandle$Holder.invokeInterface(java.lang.Object, java.lang.Object)'> (0x00000000ead7bae8) 
thrown [s\src\hotspot\share\interpreter\linkResolver.cpp, line 773]
Event: 0.978 Thread 0x0000020d711d07e0 Exception <a 'java/lang/IncompatibleClassChangeError'{0x00000000ead7f020}: Found class java.lang.Object, but interface was expected> (0x00000000ead7f020) 
thrown [s\src\hotspot\share\interpreter\linkResolver.cpp, line 840]
Event: 0.979 Thread 0x0000020d711d07e0 Exception <a 'java/lang/NoSuchMethodError'{0x00000000ead831d8}: 'void java.lang.invoke.DirectMethodHandle$Holder.invokeStatic(java.lang.Object, java.lang.Object)'> (0x00000000ead831d8) 
thrown [s\src\hotspot\share\interpreter\linkResolver.cpp, line 773]
Event: 0.979 Thread 0x0000020d711d07e0 Exception <a 'java/lang/NoSuchMethodError'{0x00000000ead86580}: 'void java.lang.invoke.DirectMethodHandle$Holder.invokeStaticInit(java.lang.Object, java.lang.Object)'> (0x00000000ead86580) 
thrown [s\src\hotspot\share\interpreter\linkResolver.cpp, line 773]
Event: 0.980 Thread 0x0000020d711d07e0 Exception <a 'java/lang/NoSuchMethodError'{0x00000000ead8d5e0}: 'int java.lang.invoke.DirectMethodHandle$Holder.invokeStaticInit(java.lang.Object, java.lang.Object)'> (0x00000000ead8d5e0) 
thrown [s\src\hotspot\share\interpreter\linkResolver.cpp, line 773]
Event: 1.047 Thread 0x0000020d711d07e0 Exception <a 'java/lang/NoSuchMethodError'{0x00000000eaecb398}: 'void java.lang.invoke.DirectMethodHandle$Holder.invokeSpecial(java.lang.Object, java.lang.Object, java.lang.Object)'> (0x00000000eaecb398) 
thrown [s\src\hotspot\share\interpreter\linkResolver.cpp, line 773]

ZGC Phase Switch (0 events):
No events

VM Operations (14 events):
Event: 0.093 Executing VM operation: HandshakeAllThreads (Deoptimize)
Event: 0.093 Executing VM operation: HandshakeAllThreads (Deoptimize) done
Event: 0.178 Executing VM operation: HandshakeAllThreads (Deoptimize)
Event: 0.178 Executing VM operation: HandshakeAllThreads (Deoptimize) done
Event: 0.588 Executing VM operation: HandshakeAllThreads (Deoptimize)
Event: 0.588 Executing VM operation: HandshakeAllThreads (Deoptimize) done
Event: 0.611 Executing VM operation: HandshakeAllThreads (Deoptimize)
Event: 0.611 Executing VM operation: HandshakeAllThreads (Deoptimize) done
Event: 0.835 Executing VM operation: HandshakeAllThreads (Deoptimize)
Event: 0.836 Executing VM operation: HandshakeAllThreads (Deoptimize) done
Event: 0.857 Executing VM operation: ICBufferFull
Event: 0.857 Executing VM operation: ICBufferFull done
Event: 0.911 Executing VM operation: ParallelGCFailedAllocation (Allocation Failure)
Event: 0.919 Executing VM operation: ParallelGCFailedAllocation (Allocation Failure) done

Memory protections (0 events):
No events

Nmethod flushes (0 events):
No events

Events (17 events):
Event: 0.028 Thread 0x0000020d711d07e0 Thread added: 0x0000020d711d07e0
Event: 0.048 Thread 0x0000020d711d07e0 Thread added: 0x0000020d765be5b0
Event: 0.048 Thread 0x0000020d711d07e0 Thread added: 0x0000020d71275ac0
Event: 0.049 Thread 0x0000020d711d07e0 Thread added: 0x0000020d71277210
Event: 0.049 Thread 0x0000020d711d07e0 Thread added: 0x0000020d712784d0
Event: 0.049 Thread 0x0000020d711d07e0 Thread added: 0x0000020d7127b790
Event: 0.049 Thread 0x0000020d711d07e0 Thread added: 0x0000020d7127d450
Event: 0.049 Thread 0x0000020d711d07e0 Thread added: 0x0000020d71283b50
Event: 0.049 Thread 0x0000020d711d07e0 Thread added: 0x0000020d712848e0
Event: 0.077 Thread 0x0000020d711d07e0 Thread added: 0x0000020d77ad0c30
Event: 0.258 Thread 0x0000020d712848e0 Thread added: 0x0000020d77cccf80
Event: 0.371 Thread 0x0000020d711d07e0 Thread added: 0x0000020d7d09b840
Event: 0.583 Thread 0x0000020d712848e0 Thread added: 0x0000020d77d70470
Event: 1.022 Thread 0x0000020d77d70470 Thread exited: 0x0000020d77d70470
Event: 1.028 Thread 0x0000020d77cccf80 Thread exited: 0x0000020d77cccf80
Event: 1.111 Thread 0x0000020d712848e0 Thread added: 0x0000020d7d6ebf20
Event: 1.116 Thread 0x0000020d71283b50 Thread added: 0x0000020d7d6ec5c0


Dynamic libraries:
0x00007ff7cec30000 - 0x00007ff7cec3e000 	c:\Users\zinzi\.vscode\extensions\redhat.java-1.40.0-win32-x64\jre\21.0.6-win32-x86_64\bin\java.exe
0x00007ff8bef30000 - 0x00007ff8bf147000 	C:\WINDOWS\SYSTEM32\ntdll.dll
0x00007ff8bd770000 - 0x00007ff8bd834000 	C:\WINDOWS\System32\KERNEL32.DLL
0x00007ff8bc500000 - 0x00007ff8bc8d1000 	C:\WINDOWS\System32\KERNELBASE.dll
0x00007ff8bc3b0000 - 0x00007ff8bc4c1000 	C:\WINDOWS\System32\ucrtbase.dll
0x00007ff86c920000 - 0x00007ff86c938000 	c:\Users\zinzi\.vscode\extensions\redhat.java-1.40.0-win32-x64\jre\21.0.6-win32-x86_64\bin\jli.dll
0x00007ff8be240000 - 0x00007ff8be3f1000 	C:\WINDOWS\System32\USER32.dll
0x00007ff8bc300000 - 0x00007ff8bc326000 	C:\WINDOWS\System32\win32u.dll
0x00007ff8bcc00000 - 0x00007ff8bcc29000 	C:\WINDOWS\System32\GDI32.dll
0x00007ff8bc070000 - 0x00007ff8bc18b000 	C:\WINDOWS\System32\gdi32full.dll
0x00007ff8bc960000 - 0x00007ff8bc9fa000 	C:\WINDOWS\System32\msvcp_win.dll
0x00007ff86c940000 - 0x00007ff86c95e000 	c:\Users\zinzi\.vscode\extensions\redhat.java-1.40.0-win32-x64\jre\21.0.6-win32-x86_64\bin\VCRUNTIME140.dll
0x00007ff8a9b50000 - 0x00007ff8a9de2000 	C:\WINDOWS\WinSxS\amd64_microsoft.windows.common-controls_6595b64144ccf1df_6.0.22621.4830_none_270fe7d773858e80\COMCTL32.dll
0x00007ff8be190000 - 0x00007ff8be237000 	C:\WINDOWS\System32\msvcrt.dll
0x00007ff8bcd50000 - 0x00007ff8bcd81000 	C:\WINDOWS\System32\IMM32.DLL
0x00007ff86c910000 - 0x00007ff86c91c000 	c:\Users\zinzi\.vscode\extensions\redhat.java-1.40.0-win32-x64\jre\21.0.6-win32-x86_64\bin\vcruntime140_1.dll
0x00007ff86c860000 - 0x00007ff86c8ed000 	c:\Users\zinzi\.vscode\extensions\redhat.java-1.40.0-win32-x64\jre\21.0.6-win32-x86_64\bin\msvcp140.dll
0x00007ff840b80000 - 0x00007ff841910000 	c:\Users\zinzi\.vscode\extensions\redhat.java-1.40.0-win32-x64\jre\21.0.6-win32-x86_64\bin\server\jvm.dll
0x00007ff8bee30000 - 0x00007ff8beee1000 	C:\WINDOWS\System32\ADVAPI32.dll
0x00007ff8bcd90000 - 0x00007ff8bce37000 	C:\WINDOWS\System32\sechost.dll
0x00007ff8bc4d0000 - 0x00007ff8bc4f8000 	C:\WINDOWS\System32\bcrypt.dll
0x00007ff8bcc30000 - 0x00007ff8bcd44000 	C:\WINDOWS\System32\RPCRT4.dll
0x00007ff8be110000 - 0x00007ff8be181000 	C:\WINDOWS\System32\WS2_32.dll
0x00007ff8baee0000 - 0x00007ff8baf2d000 	C:\WINDOWS\SYSTEM32\POWRPROF.dll
0x00007ff8acbb0000 - 0x00007ff8acbe4000 	C:\WINDOWS\SYSTEM32\WINMM.dll
0x00007ff8b9c70000 - 0x00007ff8b9c7a000 	C:\WINDOWS\SYSTEM32\VERSION.dll
0x00007ff8baec0000 - 0x00007ff8baed3000 	C:\WINDOWS\SYSTEM32\UMPDC.dll
0x00007ff8bb170000 - 0x00007ff8bb188000 	C:\WINDOWS\SYSTEM32\kernel.appcore.dll
0x00007ff86c850000 - 0x00007ff86c85a000 	c:\Users\zinzi\.vscode\extensions\redhat.java-1.40.0-win32-x64\jre\21.0.6-win32-x86_64\bin\jimage.dll
0x00007ff8ac0a0000 - 0x00007ff8ac2d2000 	C:\WINDOWS\SYSTEM32\DBGHELP.DLL
0x00007ff8be990000 - 0x00007ff8bed20000 	C:\WINDOWS\System32\combase.dll
0x00007ff8be400000 - 0x00007ff8be4d7000 	C:\WINDOWS\System32\OLEAUT32.dll
0x00007ff8a2290000 - 0x00007ff8a22c2000 	C:\WINDOWS\SYSTEM32\dbgcore.DLL
0x00007ff8bc330000 - 0x00007ff8bc3ab000 	C:\WINDOWS\System32\bcryptPrimitives.dll
0x00007ff851c30000 - 0x00007ff851c3f000 	c:\Users\zinzi\.vscode\extensions\redhat.java-1.40.0-win32-x64\jre\21.0.6-win32-x86_64\bin\instrument.dll
0x00007ff851d00000 - 0x00007ff851d1f000 	c:\Users\zinzi\.vscode\extensions\redhat.java-1.40.0-win32-x64\jre\21.0.6-win32-x86_64\bin\java.dll
0x00007ff8bcee0000 - 0x00007ff8bd768000 	C:\WINDOWS\System32\SHELL32.dll
0x00007ff8bca00000 - 0x00007ff8bcb3f000 	C:\WINDOWS\System32\wintypes.dll
0x00007ff8b9f90000 - 0x00007ff8ba89d000 	C:\WINDOWS\SYSTEM32\windows.storage.dll
0x00007ff8be650000 - 0x00007ff8be75a000 	C:\WINDOWS\System32\SHCORE.dll
0x00007ff8be5f0000 - 0x00007ff8be64e000 	C:\WINDOWS\System32\shlwapi.dll
0x00007ff8bbfa0000 - 0x00007ff8bbfcb000 	C:\WINDOWS\SYSTEM32\profapi.dll
0x00007ff851ce0000 - 0x00007ff851cf8000 	c:\Users\zinzi\.vscode\extensions\redhat.java-1.40.0-win32-x64\jre\21.0.6-win32-x86_64\bin\zip.dll
0x00007ff869df0000 - 0x00007ff869e00000 	C:\Users\zinzi\.vscode\extensions\redhat.java-1.40.0-win32-x64\jre\21.0.6-win32-x86_64\bin\net.dll
0x00007ff8b83f0000 - 0x00007ff8b851c000 	C:\WINDOWS\SYSTEM32\WINHTTP.dll
0x00007ff8bb5d0000 - 0x00007ff8bb63a000 	C:\WINDOWS\system32\mswsock.dll
0x00007ff851cc0000 - 0x00007ff851cd6000 	C:\Users\zinzi\.vscode\extensions\redhat.java-1.40.0-win32-x64\jre\21.0.6-win32-x86_64\bin\nio.dll
0x00007ff851cb0000 - 0x00007ff851cc0000 	c:\Users\zinzi\.vscode\extensions\redhat.java-1.40.0-win32-x64\jre\21.0.6-win32-x86_64\bin\verify.dll

dbghelp: loaded successfully - version: 4.0.5 - missing functions: none
symbol engine: initialized successfully - sym options: 0x614 - pdb path: .;c:\Users\zinzi\.vscode\extensions\redhat.java-1.40.0-win32-x64\jre\21.0.6-win32-x86_64\bin;C:\WINDOWS\SYSTEM32;C:\WINDOWS\WinSxS\amd64_microsoft.windows.common-controls_6595b64144ccf1df_6.0.22621.4830_none_270fe7d773858e80;c:\Users\zinzi\.vscode\extensions\redhat.java-1.40.0-win32-x64\jre\21.0.6-win32-x86_64\bin\server

VM Arguments:
jvm_args: --add-modules=ALL-SYSTEM --add-opens=java.base/java.util=ALL-UNNAMED --add-opens=java.base/java.lang=ALL-UNNAMED --add-opens=java.base/sun.nio.fs=ALL-UNNAMED -Declipse.application=org.eclipse.jdt.ls.core.id1 -Dosgi.bundles.defaultStartLevel=4 -Declipse.product=org.eclipse.jdt.ls.core.product -Djava.import.generatesMetadataFilesAtProjectRoot=false -DDetectVMInstallationsJob.disabled=true -Dfile.encoding=utf8 -XX:+UseParallelGC -XX:GCTimeRatio=4 -XX:AdaptiveSizePolicyWeight=90 -Dsun.zip.disableMemoryMapping=true -Xmx1G -Xms100m -Xlog:disable -javaagent:c:\Users\zinzi\.vscode\extensions\redhat.java-1.40.0-win32-x64\lombok\lombok-1.18.36.jar 
java_command: c:\Users\zinzi\.vscode\extensions\redhat.java-1.40.0-win32-x64\server\plugins\org.eclipse.equinox.launcher_1.6.1000.v20250131-0606.jar -configuration c:\Users\zinzi\AppData\Roaming\Code\User\globalStorage\redhat.java\1.40.0\config_ss_win -data c:\Users\zinzi\AppData\Roaming\Code\User\workspaceStorage\1531145508dfbda3fe65cda5b18105b1\redhat.java\ss_ws --pipe=\\.\pipe\lsp-b00e6d6739ae027d34092f8df7bbf3df-sock
java_class_path (initial): c:\Users\zinzi\.vscode\extensions\redhat.java-1.40.0-win32-x64\server\plugins\org.eclipse.equinox.launcher_1.6.1000.v20250131-0606.jar
Launcher Type: SUN_STANDARD

[Global flags]
    uintx AdaptiveSizePolicyWeight                 = 90                                        {product} {command line}
     intx CICompilerCount                          = 4                                         {product} {ergonomic}
    uintx GCTimeRatio                              = 4                                         {product} {command line}
   size_t InitialHeapSize                          = 104857600                                 {product} {command line}
   size_t MaxHeapSize                              = 1073741824                                {product} {command line}
   size_t MaxNewSize                               = 357564416                                 {product} {ergonomic}
   size_t MinHeapDeltaBytes                        = 524288                                    {product} {ergonomic}
   size_t MinHeapSize                              = 104857600                                 {product} {command line}
   size_t NewSize                                  = 34603008                                  {product} {ergonomic}
    uintx NonNMethodCodeHeapSize                   = 5839372                                {pd product} {ergonomic}
    uintx NonProfiledCodeHeapSize                  = 122909434                              {pd product} {ergonomic}
   size_t OldSize                                  = 70254592                                  {product} {ergonomic}
    uintx ProfiledCodeHeapSize                     = 122909434                              {pd product} {ergonomic}
    uintx ReservedCodeCacheSize                    = 251658240                              {pd product} {ergonomic}
     bool SegmentedCodeCache                       = true                                      {product} {ergonomic}
   size_t SoftMaxHeapSize                          = 1073741824                             {manageable} {ergonomic}
     bool UseCompressedOops                        = true                           {product lp64_product} {ergonomic}
     bool UseLargePagesIndividualAllocation        = false                                  {pd product} {ergonomic}
     bool UseParallelGC                            = true                                      {product} {command line}

Logging:
Log output configuration:
 #0: stdout all=off uptime,level,tags foldmultilines=false
 #1: stderr all=off uptime,level,tags foldmultilines=false

Environment Variables:
JAVA_HOME=C:\Program Files\Microsoft\jdk-17.0.10.7-hotspot\
PATH=C:\Program Files\Microsoft\jdk-17.0.10.7-hotspot\bin;C:\WINDOWS\system32;C:\WINDOWS;C:\WINDOWS\System32\Wbem;C:\WINDOWS\System32\WindowsPowerShell\v1.0\;C:\WINDOWS\System32\OpenSSH\;C:\ProgramData\chocolatey\bin;C:\Program Files\Microsoft SQL Server\150\Tools\Binn\;C:\Program Files\Microsoft SQL Server\Client SDK\ODBC\170\Tools\Binn\;C:\Program Files (x86)\Microsoft SQL Server\160\Tools\Binn\;C:\Program Files\Microsoft SQL Server\160\Tools\Binn\;C:\Program Files\Microsoft SQL Server\160\DTS\Binn\;C:\Program Files (x86)\NVIDIA Corporation\PhysX\Common;C:\Users\zinzi\AppData\Roaming\nvm;C:\Program Files\nodejs;C:\Program Files\Amazon\AWSCLIV2\;C:\Program Files\starship\bin\;C:\Program Files (x86)\oh-my-posh\bin;D:\Git\Git\cmd;C:\Program Files\Amazon\SessionManagerPlugin\bin\;C:\Program Files\dotnet\;C:\Program Files\Amazon\SessionManagerPlugin\bin;C:\Program Files\MySQL\MySQL Shell 8.0\bin\;C:\Users\zinzi\AppData\Local\Android\Sdk\platform-tools;C:\Users\zinzi\AppData\Local\Microsoft\WindowsApps;C:\Users\zinzi\AppData\Local\Programs\Microsoft VS Code\bin;C:\Users\zinzi\AppData\Local\GitHubDesktop\bin;C:\Users\zinzi\AppData\Roaming\npm;C:\Users\zinzi\AppData\Roaming\nvm;C:\Program Files\nodejs;C:\Users\zinzi\AppData\Local\Programs\oh-my-posh\bin;C:\Users\zinzi\AppData\Local\Packages\PythonSoftwareFoundation.Python.3.13_qbz5n2kfra8p0\LocalCache\local-packages\Python313\Scripts;C:\Gradle\gradle-8.13\bin;C:\Users\zinzi\.dotnet\tools
USERNAME=zinzi
OS=Windows_NT
PROCESSOR_IDENTIFIER=Intel64 Family 6 Model 165 Stepping 2, GenuineIntel
TMP=C:\Users\zinzi\AppData\Local\Temp
TEMP=C:\Users\zinzi\AppData\Local\Temp




Periodic native trim disabled

---------------  S Y S T E M  ---------------

OS:
 Windows 11 , 64 bit Build 22621 (10.0.22621.4974)
OS uptime: 0 days 0:23 hours
Hyper-V role detected

CPU: total 12 (initial active 12) (6 cores per cpu, 2 threads per core) family 6 model 165 stepping 2 microcode 0xe0, cx8, cmov, fxsr, ht, mmx, 3dnowpref, sse, sse2, sse3, ssse3, sse4.1, sse4.2, popcnt, lzcnt, tsc, tscinvbit, avx, avx2, aes, erms, clmul, bmi1, bmi2, adx, fma, vzeroupper, clflush, clflushopt, hv, rdtscp, f16c
Processor Information for the first 12 processors :
  Max Mhz: 2592, Current Mhz: 2592, Mhz Limit: 2592

Memory: 4k page, system-wide physical 16205M (5750M free)
TotalPageFile size 18253M (AvailPageFile size 4M)
current process WorkingSet (physical memory assigned to process): 84M, peak: 84M
current process commit charge ("private bytes"): 210M, peak: 211M

vm_info: OpenJDK 64-Bit Server VM (21.0.6+7-LTS) for windows-amd64 JRE (21.0.6+7-LTS), built on 2025-01-21T00:00:00Z by "admin" with MS VC++ 17.7 (VS2022)

END.
