#
# There is insufficient memory for the Java Runtime Environment to continue.
# Native memory allocation (malloc) failed to allocate 1251376 bytes for Chunk::new
# Possible reasons:
#   The system is out of physical RAM or swap space
#   The process is running with CompressedOops enabled, and the Java Heap may be blocking the growth of the native heap
# Possible solutions:
#   Reduce memory load on the system
#   Increase physical memory or swap space
#   Check if swap backing store is full
#   Decrease Java heap size (-Xmx/-Xms)
#   Decrease number of Java threads
#   Decrease Java thread stack sizes (-Xss)
#   Set larger code cache with -XX:ReservedCodeCacheSize=
#   JVM is running with Unscaled Compressed Oops mode in which the Java heap is
#     placed in the first 4GB address space. The Java Heap base address is the
#     maximum limit for the native heap growth. Please use -XX:HeapBaseMinAddress
#     to set the Java Heap base and to place the Java Heap above 4GB virtual address.
# This output file may be truncated or incomplete.
#
#  Out of Memory Error (arena.cpp:191), pid=1728, tid=12144
#
# JRE version: OpenJDK Runtime Environment Microsoft-8902769 (17.0.10+7) (build 17.0.10+7-LTS)
# Java VM: OpenJDK 64-Bit Server VM Microsoft-8902769 (17.0.10+7-LTS, mixed mode, sharing, tiered, compressed oops, compressed class ptrs, g1 gc, windows-amd64)
# No core dump will be written. Minidumps are not enabled by default on client versions of Windows
#

---------------  S U M M A R Y ------------

Command Line: --add-opens=java.base/java.lang=ALL-UNNAMED --add-opens=java.base/java.lang.invoke=ALL-UNNAMED --add-opens=java.base/java.util=ALL-UNNAMED --add-opens=java.prefs/java.util.prefs=ALL-UNNAMED --add-exports=jdk.compiler/com.sun.tools.javac.api=ALL-UNNAMED --add-exports=jdk.compiler/com.sun.tools.javac.util=ALL-UNNAMED --add-opens=java.base/java.util=ALL-UNNAMED --add-opens=java.prefs/java.util.prefs=ALL-UNNAMED --add-opens=java.base/java.nio.charset=ALL-UNNAMED --add-opens=java.base/java.net=ALL-UNNAMED --add-opens=java.base/java.util.concurrent.atomic=ALL-UNNAMED --add-opens=java.xml/javax.xml.namespace=ALL-UNNAMED -XX:MaxMetaspaceSize=512m -Xmx2048m -Dfile.encoding=UTF-8 -Duser.country=US -Duser.language=en -Duser.variant -javaagent:C:\Users\zinzi\.gradle\wrapper\dists\gradle-8.12-all\ejduaidbjup3bmmkhw3rie4zb\gradle-8.12\lib\agents\gradle-instrumentation-agent-8.12.jar org.gradle.launcher.daemon.bootstrap.GradleDaemon 8.12

Host: Intel(R) Core(TM) i7-10750H CPU @ 2.60GHz, 12 cores, 15G,  Windows 11 , 64 bit Build 22621 (10.0.22621.4974)
Time: Fri Mar 21 22:35:51 2025 SE Asia Standard Time elapsed time: 5.205561 seconds (0d 0h 0m 5s)

---------------  T H R E A D  ---------------

Current thread (0x000001e1ca0bdf80):  JavaThread "C2 CompilerThread0" daemon [_thread_in_native, id=12144, stack(0x000000b92fb00000,0x000000b92fc00000)]


Current CompileTask:
C2:   5205 2303       4       jdk.internal.org.objectweb.asm.Frame::execute (2305 bytes)

Stack: [0x000000b92fb00000,0x000000b92fc00000]
Native frames: (J=compiled Java code, j=interpreted, Vv=VM code, C=native code)
V  [jvm.dll+0x67f829]
V  [jvm.dll+0x83750a]
V  [jvm.dll+0x838fce]
V  [jvm.dll+0x839633]
V  [jvm.dll+0x247cbf]
V  [jvm.dll+0xac524]
V  [jvm.dll+0xacb6c]
V  [jvm.dll+0x368ca2]
V  [jvm.dll+0x1bd1c2]
V  [jvm.dll+0x21a559]
V  [jvm.dll+0x219821]
V  [jvm.dll+0x1a5176]
V  [jvm.dll+0x22957e]
V  [jvm.dll+0x22774c]
V  [jvm.dll+0x7ec5d7]
V  [jvm.dll+0x7e69da]
V  [jvm.dll+0x67e715]
C  [ucrtbase.dll+0x29333]
C  [KERNEL32.DLL+0x1259d]
C  [ntdll.dll+0x5af38]


---------------  P R O C E S S  ---------------

Threads class SMR info:
_java_thread_list=0x000001e1eba374e0, length=26, elements={
0x000001e1ab7a0b90, 0x000001e1ca0aadd0, 0x000001e1ca0abc50, 0x000001e1ca0b8220,
0x000001e1ca0bbe60, 0x000001e1ca0bc820, 0x000001e1ca0bd1e0, 0x000001e1ca0bdf80,
0x000001e1ca0bea30, 0x000001e1ca0c3140, 0x000001e1ca08fd70, 0x000001e1ca2a1340,
0x000001e1ea936d60, 0x000001e1eb755660, 0x000001e1ea1ba850, 0x000001e1ea1aadd0,
0x000001e1ea1a8850, 0x000001e1eb56d8f0, 0x000001e1eb56e820, 0x000001e1eb56de00,
0x000001e1eb56bfa0, 0x000001e1eb56ced0, 0x000001e1eb56b070, 0x000001e1eb56b580,
0x000001e1eba49ce0, 0x000001e1eb56c9c0
}

Java Threads: ( => current thread )
  0x000001e1ab7a0b90 JavaThread "main" [_thread_blocked, id=20180, stack(0x000000b92ee00000,0x000000b92ef00000)]
  0x000001e1ca0aadd0 JavaThread "Reference Handler" daemon [_thread_blocked, id=16964, stack(0x000000b92f500000,0x000000b92f600000)]
  0x000001e1ca0abc50 JavaThread "Finalizer" daemon [_thread_blocked, id=10184, stack(0x000000b92f600000,0x000000b92f700000)]
  0x000001e1ca0b8220 JavaThread "Signal Dispatcher" daemon [_thread_blocked, id=4684, stack(0x000000b92f700000,0x000000b92f800000)]
  0x000001e1ca0bbe60 JavaThread "Attach Listener" daemon [_thread_blocked, id=6552, stack(0x000000b92f800000,0x000000b92f900000)]
  0x000001e1ca0bc820 JavaThread "Service Thread" daemon [_thread_blocked, id=13844, stack(0x000000b92f900000,0x000000b92fa00000)]
  0x000001e1ca0bd1e0 JavaThread "Monitor Deflation Thread" daemon [_thread_blocked, id=17704, stack(0x000000b92fa00000,0x000000b92fb00000)]
=>0x000001e1ca0bdf80 JavaThread "C2 CompilerThread0" daemon [_thread_in_native, id=12144, stack(0x000000b92fb00000,0x000000b92fc00000)]
  0x000001e1ca0bea30 JavaThread "C1 CompilerThread0" daemon [_thread_in_native, id=15208, stack(0x000000b92fc00000,0x000000b92fd00000)]
  0x000001e1ca0c3140 JavaThread "Sweeper thread" daemon [_thread_blocked, id=6236, stack(0x000000b92fd00000,0x000000b92fe00000)]
  0x000001e1ca08fd70 JavaThread "Common-Cleaner" daemon [_thread_blocked, id=10816, stack(0x000000b92fe00000,0x000000b92ff00000)]
  0x000001e1ca2a1340 JavaThread "Notification Thread" daemon [_thread_blocked, id=7032, stack(0x000000b92ff00000,0x000000b930000000)]
  0x000001e1ea936d60 JavaThread "Daemon health stats" [_thread_blocked, id=5056, stack(0x000000b930200000,0x000000b930300000)]
  0x000001e1eb755660 JavaThread "Incoming local TCP Connector on port 63889" [_thread_in_native, id=4408, stack(0x000000b930800000,0x000000b930900000)]
  0x000001e1ea1ba850 JavaThread "Daemon periodic checks" [_thread_blocked, id=8888, stack(0x000000b930100000,0x000000b930200000)]
  0x000001e1ea1aadd0 JavaThread "Daemon" [_thread_blocked, id=7664, stack(0x000000b930900000,0x000000b930a00000)]
  0x000001e1ea1a8850 JavaThread "Handler for socket connection from /127.0.0.1:63889 to /127.0.0.1:63891" [_thread_in_native, id=20160, stack(0x000000b930a00000,0x000000b930b00000)]
  0x000001e1eb56d8f0 JavaThread "Cancel handler" [_thread_blocked, id=10172, stack(0x000000b930b00000,0x000000b930c00000)]
  0x000001e1eb56e820 JavaThread "Daemon worker" [_thread_in_Java, id=18400, stack(0x000000b930c00000,0x000000b930d00000)]
  0x000001e1eb56de00 JavaThread "Asynchronous log dispatcher for DefaultDaemonConnection: socket connection from /127.0.0.1:63889 to /127.0.0.1:63891" [_thread_blocked, id=3788, stack(0x000000b930d00000,0x000000b930e00000)]
  0x000001e1eb56bfa0 JavaThread "Stdin handler" [_thread_blocked, id=11896, stack(0x000000b930e00000,0x000000b930f00000)]
  0x000001e1eb56ced0 JavaThread "Daemon client event forwarder" [_thread_blocked, id=19300, stack(0x000000b930f00000,0x000000b931000000)]
  0x000001e1eb56b070 JavaThread "Cache worker for journal cache (C:\Users\zinzi\.gradle\caches\journal-1)" [_thread_blocked, id=3920, stack(0x000000b931000000,0x000000b931100000)]
  0x000001e1eb56b580 JavaThread "File lock request listener" [_thread_in_native, id=11724, stack(0x000000b931100000,0x000000b931200000)]
  0x000001e1eba49ce0 JavaThread "C2 CompilerThread1" daemon [_thread_blocked, id=12016, stack(0x000000b931200000,0x000000b931300000)]
  0x000001e1eb56c9c0 JavaThread "Cache worker for file hash cache (C:\Users\zinzi\.gradle\caches\8.12\fileHashes)" [_thread_blocked, id=3540, stack(0x000000b931300000,0x000000b931400000)]

Other Threads:
  0x000001e1ca09fdb0 VMThread "VM Thread" [stack: 0x000000b92f400000,0x000000b92f500000] [id=11020]
  0x000001e1ca254de0 WatcherThread [stack: 0x000000b930000000,0x000000b930100000] [id=13508]
  0x000001e1ab7fda70 GCTaskThread "GC Thread#0" [stack: 0x000000b92ef00000,0x000000b92f000000] [id=15040]
  0x000001e1caa7a1a0 GCTaskThread "GC Thread#1" [stack: 0x000000b930300000,0x000000b930400000] [id=1696]
  0x000001e1cacaa720 GCTaskThread "GC Thread#2" [stack: 0x000000b930400000,0x000000b930500000] [id=3320]
  0x000001e1cacaa9e0 GCTaskThread "GC Thread#3" [stack: 0x000000b930500000,0x000000b930600000] [id=8044]
  0x000001e1ca3c2fb0 GCTaskThread "GC Thread#4" [stack: 0x000000b930600000,0x000000b930700000] [id=2180]
  0x000001e1ca3c3270 GCTaskThread "GC Thread#5" [stack: 0x000000b930700000,0x000000b930800000] [id=19400]
  0x000001e1ab80f9d0 ConcurrentGCThread "G1 Main Marker" [stack: 0x000000b92f000000,0x000000b92f100000] [id=10640]
  0x000001e1ab8103f0 ConcurrentGCThread "G1 Conc#0" [stack: 0x000000b92f100000,0x000000b92f200000] [id=18340]
  0x000001e1ab84e040 ConcurrentGCThread "G1 Refine#0" [stack: 0x000000b92f200000,0x000000b92f300000] [id=12752]
  0x000001e1ab84ea70 ConcurrentGCThread "G1 Service" [stack: 0x000000b92f300000,0x000000b92f400000] [id=10484]

Threads with active compile tasks:
C2 CompilerThread0     5233 2303       4       jdk.internal.org.objectweb.asm.Frame::execute (2305 bytes)

VM state: not at safepoint (normal execution)

VM Mutex/Monitor currently owned by a thread: None

Heap address: 0x0000000080000000, size: 2048 MB, Compressed Oops mode: 32-bit

CDS archive(s) mapped at: [0x000001e1cb000000-0x000001e1cbbb0000-0x000001e1cbbb0000), size 12255232, SharedBaseAddress: 0x000001e1cb000000, ArchiveRelocationMode: 1.
Compressed class space mapped at: 0x000001e1cc000000-0x000001e1e6000000, reserved size: 436207616
Narrow klass base: 0x000001e1cb000000, Narrow klass shift: 0, Narrow klass range: 0x100000000

GC Precious Log:
 CPUs: 12 total, 12 available
 Memory: 16205M
 Large Page Support: Disabled
 NUMA Support: Disabled
 Compressed Oops: Enabled (32-bit)
 Heap Region Size: 1M
 Heap Min Capacity: 8M
 Heap Initial Capacity: 254M
 Heap Max Capacity: 2G
 Pre-touch: Disabled
 Parallel Workers: 10
 Concurrent Workers: 3
 Concurrent Refinement Workers: 10
 Periodic GC: Disabled

Heap:
 garbage-first heap   total 260096K, used 70255K [0x0000000080000000, 0x0000000100000000)
  region size 1024K, 58 young (59392K), 5 survivors (5120K)
 Metaspace       used 15411K, committed 15744K, reserved 491520K
  class space    used 2117K, committed 2304K, reserved 425984K

Heap Regions: E=young(eden), S=young(survivor), O=old, HS=humongous(starts), HC=humongous(continues), CS=collection set, F=free, OA=open archive, CA=closed archive, TAMS=top-at-mark-start (previous, next)
|   0|0x0000000080000000, 0x0000000080100000, 0x0000000080100000|100%| O|  |TAMS 0x0000000080000000, 0x0000000080000000| Untracked 
|   1|0x0000000080100000, 0x0000000080200000, 0x0000000080200000|100%|HS|  |TAMS 0x0000000080100000, 0x0000000080100000| Complete 
|   2|0x0000000080200000, 0x0000000080300000, 0x0000000080300000|100%|HC|  |TAMS 0x0000000080200000, 0x0000000080200000| Complete 
|   3|0x0000000080300000, 0x0000000080400000, 0x0000000080400000|100%|HC|  |TAMS 0x0000000080300000, 0x0000000080300000| Complete 
|   4|0x0000000080400000, 0x0000000080500000, 0x0000000080500000|100%| O|  |TAMS 0x0000000080400000, 0x0000000080400000| Untracked 
|   5|0x0000000080500000, 0x0000000080600000, 0x0000000080600000|100%| O|  |TAMS 0x0000000080500000, 0x0000000080500000| Untracked 
|   6|0x0000000080600000, 0x0000000080700000, 0x0000000080700000|100%| O|  |TAMS 0x0000000080600000, 0x0000000080600000| Untracked 
|   7|0x0000000080700000, 0x0000000080800000, 0x0000000080800000|100%|HS|  |TAMS 0x0000000080700000, 0x0000000080700000| Complete 
|   8|0x0000000080800000, 0x0000000080800000, 0x0000000080900000|  0%| F|  |TAMS 0x0000000080800000, 0x0000000080800000| Untracked 
|   9|0x0000000080900000, 0x0000000080a00000, 0x0000000080a00000|100%| O|  |TAMS 0x0000000080900000, 0x0000000080900000| Untracked 
|  10|0x0000000080a00000, 0x0000000080b00000, 0x0000000080b00000|100%| O|  |TAMS 0x0000000080a00000, 0x0000000080a00000| Untracked 
|  11|0x0000000080b00000, 0x0000000080c00000, 0x0000000080c00000|100%| O|  |TAMS 0x0000000080b00000, 0x0000000080b00000| Untracked 
|  12|0x0000000080c00000, 0x0000000080ce4600, 0x0000000080d00000| 89%| O|  |TAMS 0x0000000080c00000, 0x0000000080c00000| Untracked 
|  13|0x0000000080d00000, 0x0000000080d00000, 0x0000000080e00000|  0%| F|  |TAMS 0x0000000080d00000, 0x0000000080d00000| Untracked 
|  14|0x0000000080e00000, 0x0000000080e00000, 0x0000000080f00000|  0%| F|  |TAMS 0x0000000080e00000, 0x0000000080e00000| Untracked 
|  15|0x0000000080f00000, 0x0000000080f00000, 0x0000000081000000|  0%| F|  |TAMS 0x0000000080f00000, 0x0000000080f00000| Untracked 
|  16|0x0000000081000000, 0x0000000081000000, 0x0000000081100000|  0%| F|  |TAMS 0x0000000081000000, 0x0000000081000000| Untracked 
|  17|0x0000000081100000, 0x0000000081100000, 0x0000000081200000|  0%| F|  |TAMS 0x0000000081100000, 0x0000000081100000| Untracked 
|  18|0x0000000081200000, 0x0000000081200000, 0x0000000081300000|  0%| F|  |TAMS 0x0000000081200000, 0x0000000081200000| Untracked 
|  19|0x0000000081300000, 0x0000000081300000, 0x0000000081400000|  0%| F|  |TAMS 0x0000000081300000, 0x0000000081300000| Untracked 
|  20|0x0000000081400000, 0x0000000081400000, 0x0000000081500000|  0%| F|  |TAMS 0x0000000081400000, 0x0000000081400000| Untracked 
|  21|0x0000000081500000, 0x0000000081500000, 0x0000000081600000|  0%| F|  |TAMS 0x0000000081500000, 0x0000000081500000| Untracked 
|  22|0x0000000081600000, 0x0000000081600000, 0x0000000081700000|  0%| F|  |TAMS 0x0000000081600000, 0x0000000081600000| Untracked 
|  23|0x0000000081700000, 0x0000000081700000, 0x0000000081800000|  0%| F|  |TAMS 0x0000000081700000, 0x0000000081700000| Untracked 
|  24|0x0000000081800000, 0x0000000081800000, 0x0000000081900000|  0%| F|  |TAMS 0x0000000081800000, 0x0000000081800000| Untracked 
|  25|0x0000000081900000, 0x0000000081900000, 0x0000000081a00000|  0%| F|  |TAMS 0x0000000081900000, 0x0000000081900000| Untracked 
|  26|0x0000000081a00000, 0x0000000081a00000, 0x0000000081b00000|  0%| F|  |TAMS 0x0000000081a00000, 0x0000000081a00000| Untracked 
|  27|0x0000000081b00000, 0x0000000081b00000, 0x0000000081c00000|  0%| F|  |TAMS 0x0000000081b00000, 0x0000000081b00000| Untracked 
|  28|0x0000000081c00000, 0x0000000081c00000, 0x0000000081d00000|  0%| F|  |TAMS 0x0000000081c00000, 0x0000000081c00000| Untracked 
|  29|0x0000000081d00000, 0x0000000081d00000, 0x0000000081e00000|  0%| F|  |TAMS 0x0000000081d00000, 0x0000000081d00000| Untracked 
|  30|0x0000000081e00000, 0x0000000081e00000, 0x0000000081f00000|  0%| F|  |TAMS 0x0000000081e00000, 0x0000000081e00000| Untracked 
|  31|0x0000000081f00000, 0x0000000081f00000, 0x0000000082000000|  0%| F|  |TAMS 0x0000000081f00000, 0x0000000081f00000| Untracked 
|  32|0x0000000082000000, 0x0000000082000000, 0x0000000082100000|  0%| F|  |TAMS 0x0000000082000000, 0x0000000082000000| Untracked 
|  33|0x0000000082100000, 0x0000000082100000, 0x0000000082200000|  0%| F|  |TAMS 0x0000000082100000, 0x0000000082100000| Untracked 
|  34|0x0000000082200000, 0x0000000082200000, 0x0000000082300000|  0%| F|  |TAMS 0x0000000082200000, 0x0000000082200000| Untracked 
|  35|0x0000000082300000, 0x0000000082300000, 0x0000000082400000|  0%| F|  |TAMS 0x0000000082300000, 0x0000000082300000| Untracked 
|  36|0x0000000082400000, 0x0000000082400000, 0x0000000082500000|  0%| F|  |TAMS 0x0000000082400000, 0x0000000082400000| Untracked 
|  37|0x0000000082500000, 0x0000000082500000, 0x0000000082600000|  0%| F|  |TAMS 0x0000000082500000, 0x0000000082500000| Untracked 
|  38|0x0000000082600000, 0x0000000082600000, 0x0000000082700000|  0%| F|  |TAMS 0x0000000082600000, 0x0000000082600000| Untracked 
|  39|0x0000000082700000, 0x0000000082700000, 0x0000000082800000|  0%| F|  |TAMS 0x0000000082700000, 0x0000000082700000| Untracked 
|  40|0x0000000082800000, 0x0000000082800000, 0x0000000082900000|  0%| F|  |TAMS 0x0000000082800000, 0x0000000082800000| Untracked 
|  41|0x0000000082900000, 0x0000000082900000, 0x0000000082a00000|  0%| F|  |TAMS 0x0000000082900000, 0x0000000082900000| Untracked 
|  42|0x0000000082a00000, 0x0000000082a00000, 0x0000000082b00000|  0%| F|  |TAMS 0x0000000082a00000, 0x0000000082a00000| Untracked 
|  43|0x0000000082b00000, 0x0000000082b00000, 0x0000000082c00000|  0%| F|  |TAMS 0x0000000082b00000, 0x0000000082b00000| Untracked 
|  44|0x0000000082c00000, 0x0000000082c00000, 0x0000000082d00000|  0%| F|  |TAMS 0x0000000082c00000, 0x0000000082c00000| Untracked 
|  45|0x0000000082d00000, 0x0000000082d00000, 0x0000000082e00000|  0%| F|  |TAMS 0x0000000082d00000, 0x0000000082d00000| Untracked 
|  46|0x0000000082e00000, 0x0000000082e00000, 0x0000000082f00000|  0%| F|  |TAMS 0x0000000082e00000, 0x0000000082e00000| Untracked 
|  47|0x0000000082f00000, 0x0000000082f00000, 0x0000000083000000|  0%| F|  |TAMS 0x0000000082f00000, 0x0000000082f00000| Untracked 
|  48|0x0000000083000000, 0x0000000083000000, 0x0000000083100000|  0%| F|  |TAMS 0x0000000083000000, 0x0000000083000000| Untracked 
|  49|0x0000000083100000, 0x0000000083100000, 0x0000000083200000|  0%| F|  |TAMS 0x0000000083100000, 0x0000000083100000| Untracked 
|  50|0x0000000083200000, 0x0000000083200000, 0x0000000083300000|  0%| F|  |TAMS 0x0000000083200000, 0x0000000083200000| Untracked 
|  51|0x0000000083300000, 0x0000000083300000, 0x0000000083400000|  0%| F|  |TAMS 0x0000000083300000, 0x0000000083300000| Untracked 
|  52|0x0000000083400000, 0x0000000083400000, 0x0000000083500000|  0%| F|  |TAMS 0x0000000083400000, 0x0000000083400000| Untracked 
|  53|0x0000000083500000, 0x0000000083500000, 0x0000000083600000|  0%| F|  |TAMS 0x0000000083500000, 0x0000000083500000| Untracked 
|  54|0x0000000083600000, 0x0000000083600000, 0x0000000083700000|  0%| F|  |TAMS 0x0000000083600000, 0x0000000083600000| Untracked 
|  55|0x0000000083700000, 0x0000000083700000, 0x0000000083800000|  0%| F|  |TAMS 0x0000000083700000, 0x0000000083700000| Untracked 
|  56|0x0000000083800000, 0x0000000083800000, 0x0000000083900000|  0%| F|  |TAMS 0x0000000083800000, 0x0000000083800000| Untracked 
|  57|0x0000000083900000, 0x0000000083900000, 0x0000000083a00000|  0%| F|  |TAMS 0x0000000083900000, 0x0000000083900000| Untracked 
|  58|0x0000000083a00000, 0x0000000083a00000, 0x0000000083b00000|  0%| F|  |TAMS 0x0000000083a00000, 0x0000000083a00000| Untracked 
|  59|0x0000000083b00000, 0x0000000083b00000, 0x0000000083c00000|  0%| F|  |TAMS 0x0000000083b00000, 0x0000000083b00000| Untracked 
|  60|0x0000000083c00000, 0x0000000083c00000, 0x0000000083d00000|  0%| F|  |TAMS 0x0000000083c00000, 0x0000000083c00000| Untracked 
|  61|0x0000000083d00000, 0x0000000083d00000, 0x0000000083e00000|  0%| F|  |TAMS 0x0000000083d00000, 0x0000000083d00000| Untracked 
|  62|0x0000000083e00000, 0x0000000083e00000, 0x0000000083f00000|  0%| F|  |TAMS 0x0000000083e00000, 0x0000000083e00000| Untracked 
|  63|0x0000000083f00000, 0x0000000083f00000, 0x0000000084000000|  0%| F|  |TAMS 0x0000000083f00000, 0x0000000083f00000| Untracked 
|  64|0x0000000084000000, 0x0000000084000000, 0x0000000084100000|  0%| F|  |TAMS 0x0000000084000000, 0x0000000084000000| Untracked 
|  65|0x0000000084100000, 0x0000000084100000, 0x0000000084200000|  0%| F|  |TAMS 0x0000000084100000, 0x0000000084100000| Untracked 
|  66|0x0000000084200000, 0x0000000084200000, 0x0000000084300000|  0%| F|  |TAMS 0x0000000084200000, 0x0000000084200000| Untracked 
|  67|0x0000000084300000, 0x0000000084300000, 0x0000000084400000|  0%| F|  |TAMS 0x0000000084300000, 0x0000000084300000| Untracked 
|  68|0x0000000084400000, 0x0000000084400000, 0x0000000084500000|  0%| F|  |TAMS 0x0000000084400000, 0x0000000084400000| Untracked 
|  69|0x0000000084500000, 0x0000000084500000, 0x0000000084600000|  0%| F|  |TAMS 0x0000000084500000, 0x0000000084500000| Untracked 
|  70|0x0000000084600000, 0x0000000084600000, 0x0000000084700000|  0%| F|  |TAMS 0x0000000084600000, 0x0000000084600000| Untracked 
|  71|0x0000000084700000, 0x0000000084700000, 0x0000000084800000|  0%| F|  |TAMS 0x0000000084700000, 0x0000000084700000| Untracked 
|  72|0x0000000084800000, 0x0000000084800000, 0x0000000084900000|  0%| F|  |TAMS 0x0000000084800000, 0x0000000084800000| Untracked 
|  73|0x0000000084900000, 0x0000000084900000, 0x0000000084a00000|  0%| F|  |TAMS 0x0000000084900000, 0x0000000084900000| Untracked 
|  74|0x0000000084a00000, 0x0000000084a00000, 0x0000000084b00000|  0%| F|  |TAMS 0x0000000084a00000, 0x0000000084a00000| Untracked 
|  75|0x0000000084b00000, 0x0000000084b00000, 0x0000000084c00000|  0%| F|  |TAMS 0x0000000084b00000, 0x0000000084b00000| Untracked 
|  76|0x0000000084c00000, 0x0000000084c00000, 0x0000000084d00000|  0%| F|  |TAMS 0x0000000084c00000, 0x0000000084c00000| Untracked 
|  77|0x0000000084d00000, 0x0000000084d00000, 0x0000000084e00000|  0%| F|  |TAMS 0x0000000084d00000, 0x0000000084d00000| Untracked 
|  78|0x0000000084e00000, 0x0000000084e00000, 0x0000000084f00000|  0%| F|  |TAMS 0x0000000084e00000, 0x0000000084e00000| Untracked 
|  79|0x0000000084f00000, 0x0000000084f00000, 0x0000000085000000|  0%| F|  |TAMS 0x0000000084f00000, 0x0000000084f00000| Untracked 
|  80|0x0000000085000000, 0x0000000085000000, 0x0000000085100000|  0%| F|  |TAMS 0x0000000085000000, 0x0000000085000000| Untracked 
|  81|0x0000000085100000, 0x0000000085100000, 0x0000000085200000|  0%| F|  |TAMS 0x0000000085100000, 0x0000000085100000| Untracked 
|  82|0x0000000085200000, 0x0000000085200000, 0x0000000085300000|  0%| F|  |TAMS 0x0000000085200000, 0x0000000085200000| Untracked 
|  83|0x0000000085300000, 0x0000000085300000, 0x0000000085400000|  0%| F|  |TAMS 0x0000000085300000, 0x0000000085300000| Untracked 
|  84|0x0000000085400000, 0x0000000085400000, 0x0000000085500000|  0%| F|  |TAMS 0x0000000085400000, 0x0000000085400000| Untracked 
|  85|0x0000000085500000, 0x0000000085500000, 0x0000000085600000|  0%| F|  |TAMS 0x0000000085500000, 0x0000000085500000| Untracked 
|  86|0x0000000085600000, 0x0000000085600000, 0x0000000085700000|  0%| F|  |TAMS 0x0000000085600000, 0x0000000085600000| Untracked 
|  87|0x0000000085700000, 0x0000000085700000, 0x0000000085800000|  0%| F|  |TAMS 0x0000000085700000, 0x0000000085700000| Untracked 
|  88|0x0000000085800000, 0x0000000085800000, 0x0000000085900000|  0%| F|  |TAMS 0x0000000085800000, 0x0000000085800000| Untracked 
|  89|0x0000000085900000, 0x0000000085900000, 0x0000000085a00000|  0%| F|  |TAMS 0x0000000085900000, 0x0000000085900000| Untracked 
|  90|0x0000000085a00000, 0x0000000085a00000, 0x0000000085b00000|  0%| F|  |TAMS 0x0000000085a00000, 0x0000000085a00000| Untracked 
|  91|0x0000000085b00000, 0x0000000085b00000, 0x0000000085c00000|  0%| F|  |TAMS 0x0000000085b00000, 0x0000000085b00000| Untracked 
|  92|0x0000000085c00000, 0x0000000085c00000, 0x0000000085d00000|  0%| F|  |TAMS 0x0000000085c00000, 0x0000000085c00000| Untracked 
|  93|0x0000000085d00000, 0x0000000085d00000, 0x0000000085e00000|  0%| F|  |TAMS 0x0000000085d00000, 0x0000000085d00000| Untracked 
|  94|0x0000000085e00000, 0x0000000085e00000, 0x0000000085f00000|  0%| F|  |TAMS 0x0000000085e00000, 0x0000000085e00000| Untracked 
|  95|0x0000000085f00000, 0x0000000085f00000, 0x0000000086000000|  0%| F|  |TAMS 0x0000000085f00000, 0x0000000085f00000| Untracked 
|  96|0x0000000086000000, 0x0000000086000000, 0x0000000086100000|  0%| F|  |TAMS 0x0000000086000000, 0x0000000086000000| Untracked 
|  97|0x0000000086100000, 0x0000000086100000, 0x0000000086200000|  0%| F|  |TAMS 0x0000000086100000, 0x0000000086100000| Untracked 
|  98|0x0000000086200000, 0x0000000086200000, 0x0000000086300000|  0%| F|  |TAMS 0x0000000086200000, 0x0000000086200000| Untracked 
|  99|0x0000000086300000, 0x0000000086300000, 0x0000000086400000|  0%| F|  |TAMS 0x0000000086300000, 0x0000000086300000| Untracked 
| 100|0x0000000086400000, 0x0000000086400000, 0x0000000086500000|  0%| F|  |TAMS 0x0000000086400000, 0x0000000086400000| Untracked 
| 101|0x0000000086500000, 0x0000000086500000, 0x0000000086600000|  0%| F|  |TAMS 0x0000000086500000, 0x0000000086500000| Untracked 
| 102|0x0000000086600000, 0x0000000086600000, 0x0000000086700000|  0%| F|  |TAMS 0x0000000086600000, 0x0000000086600000| Untracked 
| 103|0x0000000086700000, 0x0000000086700000, 0x0000000086800000|  0%| F|  |TAMS 0x0000000086700000, 0x0000000086700000| Untracked 
| 104|0x0000000086800000, 0x0000000086800000, 0x0000000086900000|  0%| F|  |TAMS 0x0000000086800000, 0x0000000086800000| Untracked 
| 105|0x0000000086900000, 0x0000000086900000, 0x0000000086a00000|  0%| F|  |TAMS 0x0000000086900000, 0x0000000086900000| Untracked 
| 106|0x0000000086a00000, 0x0000000086a00000, 0x0000000086b00000|  0%| F|  |TAMS 0x0000000086a00000, 0x0000000086a00000| Untracked 
| 107|0x0000000086b00000, 0x0000000086b00000, 0x0000000086c00000|  0%| F|  |TAMS 0x0000000086b00000, 0x0000000086b00000| Untracked 
| 108|0x0000000086c00000, 0x0000000086c00000, 0x0000000086d00000|  0%| F|  |TAMS 0x0000000086c00000, 0x0000000086c00000| Untracked 
| 109|0x0000000086d00000, 0x0000000086d00000, 0x0000000086e00000|  0%| F|  |TAMS 0x0000000086d00000, 0x0000000086d00000| Untracked 
| 110|0x0000000086e00000, 0x0000000086e00000, 0x0000000086f00000|  0%| F|  |TAMS 0x0000000086e00000, 0x0000000086e00000| Untracked 
| 111|0x0000000086f00000, 0x0000000086f00000, 0x0000000087000000|  0%| F|  |TAMS 0x0000000086f00000, 0x0000000086f00000| Untracked 
| 112|0x0000000087000000, 0x0000000087000000, 0x0000000087100000|  0%| F|  |TAMS 0x0000000087000000, 0x0000000087000000| Untracked 
| 113|0x0000000087100000, 0x0000000087100000, 0x0000000087200000|  0%| F|  |TAMS 0x0000000087100000, 0x0000000087100000| Untracked 
| 114|0x0000000087200000, 0x0000000087200000, 0x0000000087300000|  0%| F|  |TAMS 0x0000000087200000, 0x0000000087200000| Untracked 
| 115|0x0000000087300000, 0x0000000087300000, 0x0000000087400000|  0%| F|  |TAMS 0x0000000087300000, 0x0000000087300000| Untracked 
| 116|0x0000000087400000, 0x0000000087400000, 0x0000000087500000|  0%| F|  |TAMS 0x0000000087400000, 0x0000000087400000| Untracked 
| 117|0x0000000087500000, 0x0000000087500000, 0x0000000087600000|  0%| F|  |TAMS 0x0000000087500000, 0x0000000087500000| Untracked 
| 118|0x0000000087600000, 0x0000000087600000, 0x0000000087700000|  0%| F|  |TAMS 0x0000000087600000, 0x0000000087600000| Untracked 
| 119|0x0000000087700000, 0x0000000087700000, 0x0000000087800000|  0%| F|  |TAMS 0x0000000087700000, 0x0000000087700000| Untracked 
| 120|0x0000000087800000, 0x0000000087800000, 0x0000000087900000|  0%| F|  |TAMS 0x0000000087800000, 0x0000000087800000| Untracked 
| 121|0x0000000087900000, 0x0000000087900000, 0x0000000087a00000|  0%| F|  |TAMS 0x0000000087900000, 0x0000000087900000| Untracked 
| 122|0x0000000087a00000, 0x0000000087a00000, 0x0000000087b00000|  0%| F|  |TAMS 0x0000000087a00000, 0x0000000087a00000| Untracked 
| 123|0x0000000087b00000, 0x0000000087b00000, 0x0000000087c00000|  0%| F|  |TAMS 0x0000000087b00000, 0x0000000087b00000| Untracked 
| 124|0x0000000087c00000, 0x0000000087c00000, 0x0000000087d00000|  0%| F|  |TAMS 0x0000000087c00000, 0x0000000087c00000| Untracked 
| 125|0x0000000087d00000, 0x0000000087d00000, 0x0000000087e00000|  0%| F|  |TAMS 0x0000000087d00000, 0x0000000087d00000| Untracked 
| 126|0x0000000087e00000, 0x0000000087e00000, 0x0000000087f00000|  0%| F|  |TAMS 0x0000000087e00000, 0x0000000087e00000| Untracked 
| 127|0x0000000087f00000, 0x0000000087f00000, 0x0000000088000000|  0%| F|  |TAMS 0x0000000087f00000, 0x0000000087f00000| Untracked 
| 128|0x0000000088000000, 0x0000000088000000, 0x0000000088100000|  0%| F|  |TAMS 0x0000000088000000, 0x0000000088000000| Untracked 
| 129|0x0000000088100000, 0x0000000088100000, 0x0000000088200000|  0%| F|  |TAMS 0x0000000088100000, 0x0000000088100000| Untracked 
| 130|0x0000000088200000, 0x0000000088200000, 0x0000000088300000|  0%| F|  |TAMS 0x0000000088200000, 0x0000000088200000| Untracked 
| 131|0x0000000088300000, 0x0000000088300000, 0x0000000088400000|  0%| F|  |TAMS 0x0000000088300000, 0x0000000088300000| Untracked 
| 132|0x0000000088400000, 0x0000000088400000, 0x0000000088500000|  0%| F|  |TAMS 0x0000000088400000, 0x0000000088400000| Untracked 
| 133|0x0000000088500000, 0x0000000088500000, 0x0000000088600000|  0%| F|  |TAMS 0x0000000088500000, 0x0000000088500000| Untracked 
| 134|0x0000000088600000, 0x0000000088600000, 0x0000000088700000|  0%| F|  |TAMS 0x0000000088600000, 0x0000000088600000| Untracked 
| 135|0x0000000088700000, 0x0000000088700000, 0x0000000088800000|  0%| F|  |TAMS 0x0000000088700000, 0x0000000088700000| Untracked 
| 136|0x0000000088800000, 0x0000000088800000, 0x0000000088900000|  0%| F|  |TAMS 0x0000000088800000, 0x0000000088800000| Untracked 
| 137|0x0000000088900000, 0x0000000088900000, 0x0000000088a00000|  0%| F|  |TAMS 0x0000000088900000, 0x0000000088900000| Untracked 
| 138|0x0000000088a00000, 0x0000000088a00000, 0x0000000088b00000|  0%| F|  |TAMS 0x0000000088a00000, 0x0000000088a00000| Untracked 
| 139|0x0000000088b00000, 0x0000000088b00000, 0x0000000088c00000|  0%| F|  |TAMS 0x0000000088b00000, 0x0000000088b00000| Untracked 
| 140|0x0000000088c00000, 0x0000000088c00000, 0x0000000088d00000|  0%| F|  |TAMS 0x0000000088c00000, 0x0000000088c00000| Untracked 
| 141|0x0000000088d00000, 0x0000000088d00000, 0x0000000088e00000|  0%| F|  |TAMS 0x0000000088d00000, 0x0000000088d00000| Untracked 
| 142|0x0000000088e00000, 0x0000000088e00000, 0x0000000088f00000|  0%| F|  |TAMS 0x0000000088e00000, 0x0000000088e00000| Untracked 
| 143|0x0000000088f00000, 0x0000000088f00000, 0x0000000089000000|  0%| F|  |TAMS 0x0000000088f00000, 0x0000000088f00000| Untracked 
| 144|0x0000000089000000, 0x0000000089000000, 0x0000000089100000|  0%| F|  |TAMS 0x0000000089000000, 0x0000000089000000| Untracked 
| 145|0x0000000089100000, 0x0000000089100000, 0x0000000089200000|  0%| F|  |TAMS 0x0000000089100000, 0x0000000089100000| Untracked 
| 146|0x0000000089200000, 0x0000000089200000, 0x0000000089300000|  0%| F|  |TAMS 0x0000000089200000, 0x0000000089200000| Untracked 
| 147|0x0000000089300000, 0x0000000089300000, 0x0000000089400000|  0%| F|  |TAMS 0x0000000089300000, 0x0000000089300000| Untracked 
| 148|0x0000000089400000, 0x0000000089400000, 0x0000000089500000|  0%| F|  |TAMS 0x0000000089400000, 0x0000000089400000| Untracked 
| 149|0x0000000089500000, 0x0000000089500000, 0x0000000089600000|  0%| F|  |TAMS 0x0000000089500000, 0x0000000089500000| Untracked 
| 150|0x0000000089600000, 0x0000000089600000, 0x0000000089700000|  0%| F|  |TAMS 0x0000000089600000, 0x0000000089600000| Untracked 
| 151|0x0000000089700000, 0x0000000089700000, 0x0000000089800000|  0%| F|  |TAMS 0x0000000089700000, 0x0000000089700000| Untracked 
| 152|0x0000000089800000, 0x0000000089800000, 0x0000000089900000|  0%| F|  |TAMS 0x0000000089800000, 0x0000000089800000| Untracked 
| 153|0x0000000089900000, 0x0000000089900000, 0x0000000089a00000|  0%| F|  |TAMS 0x0000000089900000, 0x0000000089900000| Untracked 
| 154|0x0000000089a00000, 0x0000000089a00000, 0x0000000089b00000|  0%| F|  |TAMS 0x0000000089a00000, 0x0000000089a00000| Untracked 
| 155|0x0000000089b00000, 0x0000000089b00000, 0x0000000089c00000|  0%| F|  |TAMS 0x0000000089b00000, 0x0000000089b00000| Untracked 
| 156|0x0000000089c00000, 0x0000000089c00000, 0x0000000089d00000|  0%| F|  |TAMS 0x0000000089c00000, 0x0000000089c00000| Untracked 
| 157|0x0000000089d00000, 0x0000000089d00000, 0x0000000089e00000|  0%| F|  |TAMS 0x0000000089d00000, 0x0000000089d00000| Untracked 
| 158|0x0000000089e00000, 0x0000000089e00000, 0x0000000089f00000|  0%| F|  |TAMS 0x0000000089e00000, 0x0000000089e00000| Untracked 
| 159|0x0000000089f00000, 0x0000000089f00000, 0x000000008a000000|  0%| F|  |TAMS 0x0000000089f00000, 0x0000000089f00000| Untracked 
| 160|0x000000008a000000, 0x000000008a000000, 0x000000008a100000|  0%| F|  |TAMS 0x000000008a000000, 0x000000008a000000| Untracked 
| 161|0x000000008a100000, 0x000000008a100000, 0x000000008a200000|  0%| F|  |TAMS 0x000000008a100000, 0x000000008a100000| Untracked 
| 162|0x000000008a200000, 0x000000008a200000, 0x000000008a300000|  0%| F|  |TAMS 0x000000008a200000, 0x000000008a200000| Untracked 
| 163|0x000000008a300000, 0x000000008a300000, 0x000000008a400000|  0%| F|  |TAMS 0x000000008a300000, 0x000000008a300000| Untracked 
| 164|0x000000008a400000, 0x000000008a400000, 0x000000008a500000|  0%| F|  |TAMS 0x000000008a400000, 0x000000008a400000| Untracked 
| 165|0x000000008a500000, 0x000000008a500000, 0x000000008a600000|  0%| F|  |TAMS 0x000000008a500000, 0x000000008a500000| Untracked 
| 166|0x000000008a600000, 0x000000008a600000, 0x000000008a700000|  0%| F|  |TAMS 0x000000008a600000, 0x000000008a600000| Untracked 
| 167|0x000000008a700000, 0x000000008a700000, 0x000000008a800000|  0%| F|  |TAMS 0x000000008a700000, 0x000000008a700000| Untracked 
| 168|0x000000008a800000, 0x000000008a800000, 0x000000008a900000|  0%| F|  |TAMS 0x000000008a800000, 0x000000008a800000| Untracked 
| 169|0x000000008a900000, 0x000000008a900000, 0x000000008aa00000|  0%| F|  |TAMS 0x000000008a900000, 0x000000008a900000| Untracked 
| 170|0x000000008aa00000, 0x000000008aa00000, 0x000000008ab00000|  0%| F|  |TAMS 0x000000008aa00000, 0x000000008aa00000| Untracked 
| 171|0x000000008ab00000, 0x000000008ab00000, 0x000000008ac00000|  0%| F|  |TAMS 0x000000008ab00000, 0x000000008ab00000| Untracked 
| 172|0x000000008ac00000, 0x000000008ac00000, 0x000000008ad00000|  0%| F|  |TAMS 0x000000008ac00000, 0x000000008ac00000| Untracked 
| 173|0x000000008ad00000, 0x000000008ad00000, 0x000000008ae00000|  0%| F|  |TAMS 0x000000008ad00000, 0x000000008ad00000| Untracked 
| 174|0x000000008ae00000, 0x000000008ae00000, 0x000000008af00000|  0%| F|  |TAMS 0x000000008ae00000, 0x000000008ae00000| Untracked 
| 175|0x000000008af00000, 0x000000008af00000, 0x000000008b000000|  0%| F|  |TAMS 0x000000008af00000, 0x000000008af00000| Untracked 
| 176|0x000000008b000000, 0x000000008b000000, 0x000000008b100000|  0%| F|  |TAMS 0x000000008b000000, 0x000000008b000000| Untracked 
| 177|0x000000008b100000, 0x000000008b100000, 0x000000008b200000|  0%| F|  |TAMS 0x000000008b100000, 0x000000008b100000| Untracked 
| 178|0x000000008b200000, 0x000000008b200000, 0x000000008b300000|  0%| F|  |TAMS 0x000000008b200000, 0x000000008b200000| Untracked 
| 179|0x000000008b300000, 0x000000008b300000, 0x000000008b400000|  0%| F|  |TAMS 0x000000008b300000, 0x000000008b300000| Untracked 
| 180|0x000000008b400000, 0x000000008b400000, 0x000000008b500000|  0%| F|  |TAMS 0x000000008b400000, 0x000000008b400000| Untracked 
| 181|0x000000008b500000, 0x000000008b500000, 0x000000008b600000|  0%| F|  |TAMS 0x000000008b500000, 0x000000008b500000| Untracked 
| 182|0x000000008b600000, 0x000000008b600000, 0x000000008b700000|  0%| F|  |TAMS 0x000000008b600000, 0x000000008b600000| Untracked 
| 183|0x000000008b700000, 0x000000008b700000, 0x000000008b800000|  0%| F|  |TAMS 0x000000008b700000, 0x000000008b700000| Untracked 
| 184|0x000000008b800000, 0x000000008b800000, 0x000000008b900000|  0%| F|  |TAMS 0x000000008b800000, 0x000000008b800000| Untracked 
| 185|0x000000008b900000, 0x000000008b900000, 0x000000008ba00000|  0%| F|  |TAMS 0x000000008b900000, 0x000000008b900000| Untracked 
| 186|0x000000008ba00000, 0x000000008ba00000, 0x000000008bb00000|  0%| F|  |TAMS 0x000000008ba00000, 0x000000008ba00000| Untracked 
| 187|0x000000008bb00000, 0x000000008bb00000, 0x000000008bc00000|  0%| F|  |TAMS 0x000000008bb00000, 0x000000008bb00000| Untracked 
| 188|0x000000008bc00000, 0x000000008bc00000, 0x000000008bd00000|  0%| F|  |TAMS 0x000000008bc00000, 0x000000008bc00000| Untracked 
| 189|0x000000008bd00000, 0x000000008bd00000, 0x000000008be00000|  0%| F|  |TAMS 0x000000008bd00000, 0x000000008bd00000| Untracked 
| 190|0x000000008be00000, 0x000000008be00000, 0x000000008bf00000|  0%| F|  |TAMS 0x000000008be00000, 0x000000008be00000| Untracked 
| 191|0x000000008bf00000, 0x000000008bf00000, 0x000000008c000000|  0%| F|  |TAMS 0x000000008bf00000, 0x000000008bf00000| Untracked 
| 192|0x000000008c000000, 0x000000008c000000, 0x000000008c100000|  0%| F|  |TAMS 0x000000008c000000, 0x000000008c000000| Untracked 
| 193|0x000000008c100000, 0x000000008c100000, 0x000000008c200000|  0%| F|  |TAMS 0x000000008c100000, 0x000000008c100000| Untracked 
| 194|0x000000008c200000, 0x000000008c200000, 0x000000008c300000|  0%| F|  |TAMS 0x000000008c200000, 0x000000008c200000| Untracked 
| 195|0x000000008c300000, 0x000000008c300000, 0x000000008c400000|  0%| F|  |TAMS 0x000000008c300000, 0x000000008c300000| Untracked 
| 196|0x000000008c400000, 0x000000008c500000, 0x000000008c500000|100%| E|  |TAMS 0x000000008c400000, 0x000000008c400000| Complete 
| 197|0x000000008c500000, 0x000000008c600000, 0x000000008c600000|100%| E|CS|TAMS 0x000000008c500000, 0x000000008c500000| Complete 
| 198|0x000000008c600000, 0x000000008c6b7660, 0x000000008c700000| 71%| S|CS|TAMS 0x000000008c600000, 0x000000008c600000| Complete 
| 199|0x000000008c700000, 0x000000008c800000, 0x000000008c800000|100%| S|CS|TAMS 0x000000008c700000, 0x000000008c700000| Complete 
| 200|0x000000008c800000, 0x000000008c900000, 0x000000008c900000|100%| S|CS|TAMS 0x000000008c800000, 0x000000008c800000| Complete 
| 201|0x000000008c900000, 0x000000008ca00000, 0x000000008ca00000|100%| S|CS|TAMS 0x000000008c900000, 0x000000008c900000| Complete 
| 202|0x000000008ca00000, 0x000000008cb00000, 0x000000008cb00000|100%| S|CS|TAMS 0x000000008ca00000, 0x000000008ca00000| Complete 
| 203|0x000000008cb00000, 0x000000008cc00000, 0x000000008cc00000|100%| E|CS|TAMS 0x000000008cb00000, 0x000000008cb00000| Complete 
| 204|0x000000008cc00000, 0x000000008cd00000, 0x000000008cd00000|100%| E|CS|TAMS 0x000000008cc00000, 0x000000008cc00000| Complete 
| 205|0x000000008cd00000, 0x000000008ce00000, 0x000000008ce00000|100%| E|CS|TAMS 0x000000008cd00000, 0x000000008cd00000| Complete 
| 206|0x000000008ce00000, 0x000000008cf00000, 0x000000008cf00000|100%| E|CS|TAMS 0x000000008ce00000, 0x000000008ce00000| Complete 
| 207|0x000000008cf00000, 0x000000008d000000, 0x000000008d000000|100%| E|CS|TAMS 0x000000008cf00000, 0x000000008cf00000| Complete 
| 208|0x000000008d000000, 0x000000008d100000, 0x000000008d100000|100%| E|CS|TAMS 0x000000008d000000, 0x000000008d000000| Complete 
| 209|0x000000008d100000, 0x000000008d200000, 0x000000008d200000|100%| E|CS|TAMS 0x000000008d100000, 0x000000008d100000| Complete 
| 210|0x000000008d200000, 0x000000008d300000, 0x000000008d300000|100%| E|CS|TAMS 0x000000008d200000, 0x000000008d200000| Complete 
| 211|0x000000008d300000, 0x000000008d400000, 0x000000008d400000|100%| E|CS|TAMS 0x000000008d300000, 0x000000008d300000| Complete 
| 212|0x000000008d400000, 0x000000008d500000, 0x000000008d500000|100%| E|CS|TAMS 0x000000008d400000, 0x000000008d400000| Complete 
| 213|0x000000008d500000, 0x000000008d600000, 0x000000008d600000|100%| E|CS|TAMS 0x000000008d500000, 0x000000008d500000| Complete 
| 214|0x000000008d600000, 0x000000008d700000, 0x000000008d700000|100%| E|CS|TAMS 0x000000008d600000, 0x000000008d600000| Complete 
| 215|0x000000008d700000, 0x000000008d800000, 0x000000008d800000|100%| E|CS|TAMS 0x000000008d700000, 0x000000008d700000| Complete 
| 216|0x000000008d800000, 0x000000008d900000, 0x000000008d900000|100%| E|CS|TAMS 0x000000008d800000, 0x000000008d800000| Complete 
| 217|0x000000008d900000, 0x000000008da00000, 0x000000008da00000|100%| E|CS|TAMS 0x000000008d900000, 0x000000008d900000| Complete 
| 218|0x000000008da00000, 0x000000008db00000, 0x000000008db00000|100%| E|CS|TAMS 0x000000008da00000, 0x000000008da00000| Complete 
| 219|0x000000008db00000, 0x000000008dc00000, 0x000000008dc00000|100%| E|CS|TAMS 0x000000008db00000, 0x000000008db00000| Complete 
| 220|0x000000008dc00000, 0x000000008dd00000, 0x000000008dd00000|100%| E|CS|TAMS 0x000000008dc00000, 0x000000008dc00000| Complete 
| 221|0x000000008dd00000, 0x000000008de00000, 0x000000008de00000|100%| E|CS|TAMS 0x000000008dd00000, 0x000000008dd00000| Complete 
| 222|0x000000008de00000, 0x000000008df00000, 0x000000008df00000|100%| E|CS|TAMS 0x000000008de00000, 0x000000008de00000| Complete 
| 223|0x000000008df00000, 0x000000008e000000, 0x000000008e000000|100%| E|CS|TAMS 0x000000008df00000, 0x000000008df00000| Complete 
| 224|0x000000008e000000, 0x000000008e100000, 0x000000008e100000|100%| E|CS|TAMS 0x000000008e000000, 0x000000008e000000| Complete 
| 225|0x000000008e100000, 0x000000008e200000, 0x000000008e200000|100%| E|CS|TAMS 0x000000008e100000, 0x000000008e100000| Complete 
| 226|0x000000008e200000, 0x000000008e300000, 0x000000008e300000|100%| E|CS|TAMS 0x000000008e200000, 0x000000008e200000| Complete 
| 227|0x000000008e300000, 0x000000008e400000, 0x000000008e400000|100%| E|CS|TAMS 0x000000008e300000, 0x000000008e300000| Complete 
| 228|0x000000008e400000, 0x000000008e500000, 0x000000008e500000|100%| E|CS|TAMS 0x000000008e400000, 0x000000008e400000| Complete 
| 229|0x000000008e500000, 0x000000008e600000, 0x000000008e600000|100%| E|CS|TAMS 0x000000008e500000, 0x000000008e500000| Complete 
| 230|0x000000008e600000, 0x000000008e700000, 0x000000008e700000|100%| E|CS|TAMS 0x000000008e600000, 0x000000008e600000| Complete 
| 231|0x000000008e700000, 0x000000008e800000, 0x000000008e800000|100%| E|CS|TAMS 0x000000008e700000, 0x000000008e700000| Complete 
| 232|0x000000008e800000, 0x000000008e900000, 0x000000008e900000|100%| E|CS|TAMS 0x000000008e800000, 0x000000008e800000| Complete 
| 233|0x000000008e900000, 0x000000008ea00000, 0x000000008ea00000|100%| E|CS|TAMS 0x000000008e900000, 0x000000008e900000| Complete 
| 234|0x000000008ea00000, 0x000000008eb00000, 0x000000008eb00000|100%| E|CS|TAMS 0x000000008ea00000, 0x000000008ea00000| Complete 
| 235|0x000000008eb00000, 0x000000008ec00000, 0x000000008ec00000|100%| E|CS|TAMS 0x000000008eb00000, 0x000000008eb00000| Complete 
| 236|0x000000008ec00000, 0x000000008ed00000, 0x000000008ed00000|100%| E|CS|TAMS 0x000000008ec00000, 0x000000008ec00000| Complete 
| 237|0x000000008ed00000, 0x000000008ee00000, 0x000000008ee00000|100%| E|CS|TAMS 0x000000008ed00000, 0x000000008ed00000| Complete 
| 238|0x000000008ee00000, 0x000000008ef00000, 0x000000008ef00000|100%| E|CS|TAMS 0x000000008ee00000, 0x000000008ee00000| Complete 
| 239|0x000000008ef00000, 0x000000008f000000, 0x000000008f000000|100%| E|CS|TAMS 0x000000008ef00000, 0x000000008ef00000| Complete 
| 240|0x000000008f000000, 0x000000008f100000, 0x000000008f100000|100%| E|CS|TAMS 0x000000008f000000, 0x000000008f000000| Complete 
| 241|0x000000008f100000, 0x000000008f200000, 0x000000008f200000|100%| E|CS|TAMS 0x000000008f100000, 0x000000008f100000| Complete 
| 242|0x000000008f200000, 0x000000008f300000, 0x000000008f300000|100%| E|CS|TAMS 0x000000008f200000, 0x000000008f200000| Complete 
| 243|0x000000008f300000, 0x000000008f400000, 0x000000008f400000|100%| E|CS|TAMS 0x000000008f300000, 0x000000008f300000| Complete 
| 244|0x000000008f400000, 0x000000008f500000, 0x000000008f500000|100%| E|CS|TAMS 0x000000008f400000, 0x000000008f400000| Complete 
| 245|0x000000008f500000, 0x000000008f600000, 0x000000008f600000|100%| E|CS|TAMS 0x000000008f500000, 0x000000008f500000| Complete 
| 246|0x000000008f600000, 0x000000008f700000, 0x000000008f700000|100%| E|CS|TAMS 0x000000008f600000, 0x000000008f600000| Complete 
| 247|0x000000008f700000, 0x000000008f800000, 0x000000008f800000|100%| E|CS|TAMS 0x000000008f700000, 0x000000008f700000| Complete 
| 248|0x000000008f800000, 0x000000008f900000, 0x000000008f900000|100%| E|CS|TAMS 0x000000008f800000, 0x000000008f800000| Complete 
| 249|0x000000008f900000, 0x000000008fa00000, 0x000000008fa00000|100%| E|CS|TAMS 0x000000008f900000, 0x000000008f900000| Complete 
| 250|0x000000008fa00000, 0x000000008fb00000, 0x000000008fb00000|100%| E|CS|TAMS 0x000000008fa00000, 0x000000008fa00000| Complete 
| 251|0x000000008fb00000, 0x000000008fc00000, 0x000000008fc00000|100%| E|CS|TAMS 0x000000008fb00000, 0x000000008fb00000| Complete 
| 252|0x000000008fc00000, 0x000000008fd00000, 0x000000008fd00000|100%| E|CS|TAMS 0x000000008fc00000, 0x000000008fc00000| Complete 
| 253|0x000000008fd00000, 0x000000008fe00000, 0x000000008fe00000|100%| E|CS|TAMS 0x000000008fd00000, 0x000000008fd00000| Complete 

Card table byte_map: [0x000001e1c2c00000,0x000001e1c3000000] _byte_map_base: 0x000001e1c2800000

Marking Bits (Prev, Next): (CMBitMap*) 0x000001e1ab7fe090, (CMBitMap*) 0x000001e1ab7fe0d0
 Prev Bits: [0x000001e1c3400000, 0x000001e1c5400000)
 Next Bits: [0x000001e1c5400000, 0x000001e1c7400000)

Polling page: 0x000001e1a9770000

Metaspace:

Usage:
  Non-class:     13.04 MB used.
      Class:      2.08 MB used.
       Both:     15.12 MB used.

Virtual space:
  Non-class space:       64.00 MB reserved,      13.19 MB ( 21%) committed,  1 nodes.
      Class space:      416.00 MB reserved,       2.25 MB ( <1%) committed,  1 nodes.
             Both:      480.00 MB reserved,      15.44 MB (  3%) committed. 

Chunk freelists:
   Non-Class:  2.77 MB
       Class:  13.79 MB
        Both:  16.56 MB

MaxMetaspaceSize: 512.00 MB
CompressedClassSpaceSize: 416.00 MB
Initial GC threshold: 21.00 MB
Current GC threshold: 21.00 MB
CDS: on
MetaspaceReclaimPolicy: balanced
 - commit_granule_bytes: 65536.
 - commit_granule_words: 8192.
 - virtual_space_node_default_size: 8388608.
 - enlarge_chunks_in_place: 1.
 - new_chunks_are_fully_committed: 0.
 - uncommit_free_chunks: 1.
 - use_allocation_guard: 0.
 - handle_deallocations: 1.


Internal statistics:

num_allocs_failed_limit: 0.
num_arena_births: 204.
num_arena_deaths: 0.
num_vsnodes_births: 2.
num_vsnodes_deaths: 0.
num_space_committed: 247.
num_space_uncommitted: 0.
num_chunks_returned_to_freelist: 0.
num_chunks_taken_from_freelist: 690.
num_chunk_merges: 0.
num_chunk_splits: 457.
num_chunks_enlarged: 339.
num_inconsistent_stats: 0.

CodeHeap 'non-profiled nmethods': size=120000Kb used=1243Kb max_used=1243Kb free=118756Kb
 bounds [0x000001e1bad80000, 0x000001e1baff0000, 0x000001e1c22b0000]
CodeHeap 'profiled nmethods': size=120000Kb used=4973Kb max_used=4973Kb free=115027Kb
 bounds [0x000001e1b32b0000, 0x000001e1b3790000, 0x000001e1ba7e0000]
CodeHeap 'non-nmethods': size=5760Kb used=1226Kb max_used=1248Kb free=4533Kb
 bounds [0x000001e1ba7e0000, 0x000001e1baa50000, 0x000001e1bad80000]
 total_blobs=2956 nmethods=2425 adapters=443
 compilation: enabled
              stopped_count=0, restarted_count=0
 full_count=0

Compilation events (20 events):
Event: 5.144 Thread 0x000001e1ca0bea30 2413       3       com.google.common.collect.ImmutableList$Builder::add (34 bytes)
Event: 5.145 Thread 0x000001e1ca0bea30 nmethod 2413 0x000001e1b3785590 code [0x000001e1b3785760, 0x000001e1b3785bd8]
Event: 5.145 Thread 0x000001e1ca0bea30 2415       3       org.gradle.internal.file.FilePathUtil::sizeOfCommonPrefix (142 bytes)
Event: 5.148 Thread 0x000001e1ca0bea30 nmethod 2415 0x000001e1b3785d90 code [0x000001e1b37861e0, 0x000001e1b3788418]
Event: 5.148 Thread 0x000001e1ca0bea30 2416       3       org.gradle.internal.file.FileHierarchySet$Node::sizeOfCommonPrefix (10 bytes)
Event: 5.148 Thread 0x000001e1ca0bea30 nmethod 2416 0x000001e1b3789190 code [0x000001e1b3789340, 0x000001e1b37894e8]
Event: 5.148 Thread 0x000001e1ca0bea30 2417       3       org.gradle.internal.file.FilePathUtil::sizeOfCommonPrefix (10 bytes)
Event: 5.148 Thread 0x000001e1ca0bea30 nmethod 2417 0x000001e1b3789610 code [0x000001e1b37897a0, 0x000001e1b37898c8]
Event: 5.148 Thread 0x000001e1ca0bea30 2414       3       com.google.common.collect.ImmutableList$Builder::add (6 bytes)
Event: 5.148 Thread 0x000001e1ca0bea30 nmethod 2414 0x000001e1b3789990 code [0x000001e1b3789b20, 0x000001e1b3789c68]
Event: 5.153 Thread 0x000001e1ca0bea30 2418       3       com.google.common.collect.Hashing::smear (19 bytes)
Event: 5.154 Thread 0x000001e1ca0bea30 nmethod 2418 0x000001e1b3789d10 code [0x000001e1b3789ea0, 0x000001e1b378a018]
Event: 5.154 Thread 0x000001e1ca0bea30 2419       3       java.lang.Integer::rotateLeft (9 bytes)
Event: 5.154 Thread 0x000001e1ca0bea30 nmethod 2419 0x000001e1b378a110 code [0x000001e1b378a2a0, 0x000001e1b378a398]
Event: 5.171 Thread 0x000001e1eba49ce0 2420       4       jdk.internal.perf.PerfCounter::addElapsedTimeFrom (10 bytes)
Event: 5.177 Thread 0x000001e1eba49ce0 nmethod 2420 0x000001e1baeb5190 code [0x000001e1baeb5300, 0x000001e1baeb5558]
Event: 5.183 Thread 0x000001e1eba49ce0 2421 %     4       java.util.Arrays::fill @ 5 (21 bytes)
Event: 5.189 Thread 0x000001e1eba49ce0 nmethod 2421% 0x000001e1baeb5790 code [0x000001e1baeb5920, 0x000001e1baeb5b38]
Event: 5.200 Thread 0x000001e1ca0bea30 2422       3       java.io.FilterInputStream::read (11 bytes)
Event: 5.200 Thread 0x000001e1ca0bea30 nmethod 2422 0x000001e1b378a410 code [0x000001e1b378a5c0, 0x000001e1b378a788]

GC Heap History (6 events):
Event: 0.792 GC heap before
{Heap before GC invocations=0 (full 0):
 garbage-first heap   total 260096K, used 22528K [0x0000000080000000, 0x0000000100000000)
  region size 1024K, 23 young (23552K), 0 survivors (0K)
 Metaspace       used 1077K, committed 1216K, reserved 491520K
  class space    used 73K, committed 128K, reserved 425984K
}
Event: 0.798 GC heap after
{Heap after GC invocations=1 (full 0):
 garbage-first heap   total 260096K, used 3880K [0x0000000080000000, 0x0000000100000000)
  region size 1024K, 3 young (3072K), 3 survivors (3072K)
 Metaspace       used 1077K, committed 1216K, reserved 491520K
  class space    used 73K, committed 128K, reserved 425984K
}
Event: 1.849 GC heap before
{Heap before GC invocations=1 (full 0):
 garbage-first heap   total 260096K, used 40744K [0x0000000080000000, 0x0000000100000000)
  region size 1024K, 36 young (36864K), 3 survivors (3072K)
 Metaspace       used 4374K, committed 4544K, reserved 491520K
  class space    used 546K, committed 640K, reserved 425984K
}
Event: 1.854 GC heap after
{Heap after GC invocations=2 (full 0):
 garbage-first heap   total 260096K, used 11228K [0x0000000080000000, 0x0000000100000000)
  region size 1024K, 5 young (5120K), 5 survivors (5120K)
 Metaspace       used 4374K, committed 4544K, reserved 491520K
  class space    used 546K, committed 640K, reserved 425984K
}
Event: 3.083 GC heap before
{Heap before GC invocations=2 (full 0):
 garbage-first heap   total 260096K, used 60380K [0x0000000080000000, 0x0000000100000000)
  region size 1024K, 51 young (52224K), 5 survivors (5120K)
 Metaspace       used 5260K, committed 5440K, reserved 491520K
  class space    used 697K, committed 768K, reserved 425984K
}
Event: 3.088 GC heap after
{Heap after GC invocations=3 (full 0):
 garbage-first heap   total 260096K, used 17007K [0x0000000080000000, 0x0000000100000000)
  region size 1024K, 5 young (5120K), 5 survivors (5120K)
 Metaspace       used 5260K, committed 5440K, reserved 491520K
  class space    used 697K, committed 768K, reserved 425984K
}

Dll operation events (15 events):
Event: 0.013 Loaded shared library C:\Program Files\Microsoft\jdk-17.0.10.7-hotspot\bin\java.dll
Event: 0.041 Loaded shared library C:\Program Files\Microsoft\jdk-17.0.10.7-hotspot\bin\jsvml.dll
Event: 0.137 Loaded shared library C:\Program Files\Microsoft\jdk-17.0.10.7-hotspot\bin\zip.dll
Event: 0.141 Loaded shared library C:\Program Files\Microsoft\jdk-17.0.10.7-hotspot\bin\instrument.dll
Event: 0.156 Loaded shared library C:\Program Files\Microsoft\jdk-17.0.10.7-hotspot\bin\net.dll
Event: 0.160 Loaded shared library C:\Program Files\Microsoft\jdk-17.0.10.7-hotspot\bin\nio.dll
Event: 0.167 Loaded shared library C:\Program Files\Microsoft\jdk-17.0.10.7-hotspot\bin\zip.dll
Event: 0.642 Loaded shared library C:\Program Files\Microsoft\jdk-17.0.10.7-hotspot\bin\jimage.dll
Event: 0.881 Loaded shared library C:\Program Files\Microsoft\jdk-17.0.10.7-hotspot\bin\verify.dll
Event: 1.106 Loaded shared library C:\Users\zinzi\.gradle\native\1def1411415f61bf3af743bc5b6707747c0891f09f0c88961ee8f79bc544acac\windows-amd64\native-platform.dll
Event: 1.119 Loaded shared library C:\Users\zinzi\.gradle\native\0.2.5\x86_64-windows-gnu\gradle-fileevents.dll
Event: 3.216 Loaded shared library C:\Program Files\Microsoft\jdk-17.0.10.7-hotspot\bin\management.dll
Event: 3.220 Loaded shared library C:\Program Files\Microsoft\jdk-17.0.10.7-hotspot\bin\management_ext.dll
Event: 3.590 Loaded shared library C:\Program Files\Microsoft\jdk-17.0.10.7-hotspot\bin\extnet.dll
Event: 4.047 Loaded shared library C:\Program Files\Microsoft\jdk-17.0.10.7-hotspot\bin\sunmscapi.dll

Deoptimization events (20 events):
Event: 4.623 Thread 0x000001e1eb56e820 DEOPT PACKING pc=0x000001e1bae1ca10 sp=0x000000b930cfb6d0
Event: 4.623 Thread 0x000001e1eb56e820 DEOPT UNPACKING pc=0x000001e1ba8369a3 sp=0x000000b930cfb638 mode 2
Event: 4.959 Thread 0x000001e1eb56e820 DEOPT PACKING pc=0x000001e1b36ae949 sp=0x000000b930cfcf80
Event: 4.959 Thread 0x000001e1eb56e820 DEOPT UNPACKING pc=0x000001e1ba837143 sp=0x000000b930cfc490 mode 0
Event: 5.120 Thread 0x000001e1eb56e820 Uncommon trap: trap_request=0xffffff45 fr.pc=0x000001e1bae7bec8 relative=0x00000000000000a8
Event: 5.120 Thread 0x000001e1eb56e820 Uncommon trap: reason=unstable_if action=reinterpret pc=0x000001e1bae7bec8 method=jdk.internal.misc.Unsafe.convEndian(ZI)I @ 4 c2
Event: 5.120 Thread 0x000001e1eb56e820 DEOPT PACKING pc=0x000001e1bae7bec8 sp=0x000000b930cfacd0
Event: 5.120 Thread 0x000001e1eb56e820 DEOPT UNPACKING pc=0x000001e1ba8369a3 sp=0x000000b930cfab80 mode 2
Event: 5.120 Thread 0x000001e1eb56e820 Uncommon trap: trap_request=0xffffff45 fr.pc=0x000001e1bae7b374 relative=0x0000000000000074
Event: 5.120 Thread 0x000001e1eb56e820 Uncommon trap: reason=unstable_if action=reinterpret pc=0x000001e1bae7b374 method=jdk.internal.misc.Unsafe.convEndian(ZI)I @ 4 c2
Event: 5.120 Thread 0x000001e1eb56e820 DEOPT PACKING pc=0x000001e1bae7b374 sp=0x000000b930cfac50
Event: 5.120 Thread 0x000001e1eb56e820 DEOPT UNPACKING pc=0x000001e1ba8369a3 sp=0x000000b930cfab80 mode 2
Event: 5.155 Thread 0x000001e1eb56e820 Uncommon trap: trap_request=0xffffff45 fr.pc=0x000001e1bada18e8 relative=0x0000000000000ae8
Event: 5.155 Thread 0x000001e1eb56e820 Uncommon trap: reason=unstable_if action=reinterpret pc=0x000001e1bada18e8 method=java.io.WinNTFileSystem.resolve(Ljava/lang/String;Ljava/lang/String;)Ljava/lang/String; @ 19 c2
Event: 5.155 Thread 0x000001e1eb56e820 DEOPT PACKING pc=0x000001e1bada18e8 sp=0x000000b930cfb100
Event: 5.155 Thread 0x000001e1eb56e820 DEOPT UNPACKING pc=0x000001e1ba8369a3 sp=0x000000b930cfb0a8 mode 2
Event: 5.157 Thread 0x000001e1eb56e820 Uncommon trap: trap_request=0xffffff45 fr.pc=0x000001e1bae118e0 relative=0x0000000000000620
Event: 5.157 Thread 0x000001e1eb56e820 Uncommon trap: reason=unstable_if action=reinterpret pc=0x000001e1bae118e0 method=java.io.File.getName()Ljava/lang/String; @ 16 c2
Event: 5.157 Thread 0x000001e1eb56e820 DEOPT PACKING pc=0x000001e1bae118e0 sp=0x000000b930cfb0b0
Event: 5.157 Thread 0x000001e1eb56e820 DEOPT UNPACKING pc=0x000001e1ba8369a3 sp=0x000000b930cfb080 mode 2

Classes unloaded (0 events):
No events

Classes redefined (0 events):
No events

Internal exceptions (20 events):
Event: 3.450 Thread 0x000001e1ab7a0b90 Exception <a 'java/lang/NoSuchMethodError'{0x000000008f3142e0}: 'java.lang.Object java.lang.invoke.DirectMethodHandle$Holder.invokeStaticInit(java.lang.Object, int, int, int, int)'> (0x000000008f3142e0) 
thrown [s\src\hotspot\share\interpreter\linkResolver.cpp, line 759]
Event: 3.569 Thread 0x000001e1ab7a0b90 Exception <a 'java/lang/NoSuchMethodError'{0x000000008f22eb28}: 'java.lang.Object java.lang.invoke.DirectMethodHandle$Holder.invokeStaticInit(java.lang.Object, java.lang.Object, int, int, int, int)'> (0x000000008f22eb28) 
thrown [s\src\hotspot\share\interpreter\linkResolver.cpp, line 759]
Event: 3.916 Thread 0x000001e1ab7a0b90 Exception <a 'java/lang/NoSuchMethodError'{0x000000008f0c1b28}: 'void java.lang.invoke.DirectMethodHandle$Holder.invokeStatic(java.lang.Object, java.lang.Object, java.lang.Object)'> (0x000000008f0c1b28) 
thrown [s\src\hotspot\share\interpreter\linkResolver.cpp, line 759]
Event: 3.972 Thread 0x000001e1ab7a0b90 Exception <a 'java/io/IOException'{0x000000008efe5700}> (0x000000008efe5700) 
thrown [s\src\hotspot\share\prims\jni.cpp, line 516]
Event: 3.980 Thread 0x000001e1ab7a0b90 Implicit null exception at 0x000001e1badc9ff2 to 0x000001e1badca60c
Event: 3.987 Thread 0x000001e1ab7a0b90 Exception <a 'java/lang/NoSuchMethodError'{0x000000008ee46d58}: 'java.lang.Object java.lang.invoke.DirectMethodHandle$Holder.newInvokeSpecial(java.lang.Object, java.lang.Object, java.lang.Object, java.lang.Object, java.lang.Object)'> (0x000000008ee46d58) 
thrown [s\src\hotspot\share\interpreter\linkResolver.cpp, line 759]
Event: 4.272 Thread 0x000001e1ea1a8850 Exception <a 'java/lang/NoSuchMethodError'{0x000000008e92e660}: static Lorg/gradle/tooling/internal/provider/serialization/ClassLoaderDetails;.<clinit>()V> (0x000000008e92e660) 
thrown [s\src\hotspot\share\prims\jni.cpp, line 1107]
Event: 4.278 Thread 0x000001e1ea1a8850 Exception <a 'java/lang/NoSuchMethodError'{0x000000008e948b98}: static Lorg/gradle/internal/classloader/ClassLoaderSpec;.<clinit>()V> (0x000000008e948b98) 
thrown [s\src\hotspot\share\prims\jni.cpp, line 1107]
Event: 4.280 Thread 0x000001e1ea1a8850 Exception <a 'java/lang/NoSuchMethodError'{0x000000008e952398}: static Lorg/gradle/tooling/internal/provider/serialization/WellKnownClassLoaderRegistry$KnownClassLoaderSpec;.<clinit>()V> (0x000000008e952398) 
thrown [s\src\hotspot\share\prims\jni.cpp, line 1107]
Event: 4.284 Thread 0x000001e1ea1a8850 Exception <a 'java/lang/NoSuchMethodError'{0x000000008e969700}: static Lorg/gradle/tooling/internal/provider/serialization/ClientOwnedClassLoaderSpec;.<clinit>()V> (0x000000008e969700) 
thrown [s\src\hotspot\share\prims\jni.cpp, line 1107]
Event: 4.323 Thread 0x000001e1ea1aadd0 Exception <a 'java/lang/NoSuchMethodError'{0x000000008e7014e8}: 'void java.lang.invoke.DirectMethodHandle$Holder.invokeSpecial(java.lang.Object, java.lang.Object, java.lang.Object)'> (0x000000008e7014e8) 
thrown [s\src\hotspot\share\interpreter\linkResolver.cpp, line 759]
Event: 4.429 Thread 0x000001e1eb56e820 Exception <a 'java/lang/NoSuchMethodError'{0x000000008e4d46a8}: 'long java.lang.invoke.DirectMethodHandle$Holder.invokeInterface(java.lang.Object, java.lang.Object)'> (0x000000008e4d46a8) 
thrown [s\src\hotspot\share\interpreter\linkResolver.cpp, line 759]
Event: 4.553 Thread 0x000001e1eb56e820 Exception <a 'java/lang/NoSuchMethodError'{0x000000008df52780}: 'void java.lang.invoke.DirectMethodHandle$Holder.invokeStatic(java.lang.Object, java.lang.Object)'> (0x000000008df52780) 
thrown [s\src\hotspot\share\interpreter\linkResolver.cpp, line 759]
Event: 4.631 Thread 0x000001e1eb56e820 Exception <a 'java/lang/NoSuchMethodError'{0x000000008dd689f0}: 'int java.lang.invoke.DirectMethodHandle$Holder.invokeVirtual(java.lang.Object, java.lang.Object, java.lang.Object)'> (0x000000008dd689f0) 
thrown [s\src\hotspot\share\interpreter\linkResolver.cpp, line 759]
Event: 4.708 Thread 0x000001e1eb56e820 Exception <a 'java/lang/NoSuchMethodError'{0x000000008dbfdde0}: 'java.lang.Object java.lang.invoke.DirectMethodHandle$Holder.newInvokeSpecial(java.lang.Object, java.lang.Object, java.lang.Object, java.lang.Object, java.lang.Object, java.lang.Object)'> (0x000000008dbfdde0) 
thrown [s\src\hotspot\share\interpreter\linkResolver.cpp, line 759]
Event: 4.824 Thread 0x000001e1eb56e820 Exception <a 'java/lang/NoSuchMethodError'{0x000000008d705368}: 'void java.lang.invoke.DelegatingMethodHandle$Holder.reinvoke_L(java.lang.Object, java.lang.Object, java.lang.Object, java.lang.Object, java.lang.Object, java.lang.Object, java.lang.Object, java.lang.Object, java.lang.Object, java.lang.Object)'> (0x000000008d705368) 
thrown [s\src\hotspot\share\interpreter\linkResolver.cpp, line 759]
Event: 4.825 Thread 0x000001e1eb56e820 Exception <a 'java/lang/NoSuchMethodError'{0x000000008d70d7d8}: 'java.lang.Object java.lang.invoke.DirectMethodHandle$Holder.invokeSpecial(java.lang.Object, java.lang.Object, java.lang.Object, java.lang.Object, java.lang.Object, java.lang.Object, java.lang.Object, java.lang.Object, java.lang.Object, java.lang.Object)'> (0x000000008d70d7d8) 
thrown [s\src\hotspot\share\interpreter\linkResolver.cpp, line 759]
Event: 4.825 Thread 0x000001e1eb56e820 Exception <a 'java/lang/NoSuchMethodError'{0x000000008d7120a8}: 'java.lang.Object java.lang.invoke.Invokers$Holder.invoker(java.lang.Object, java.lang.Object, java.lang.Object, java.lang.Object, java.lang.Object, java.lang.Object, java.lang.Object, java.lang.Object, java.lang.Object, java.lang.Object)'> (0x000000008d7120a8) 
thrown [s\src\hotspot\share\interpreter\linkResolver.cpp, line 759]
Event: 4.826 Thread 0x000001e1eb56e820 Exception <a 'java/lang/NoSuchMethodError'{0x000000008d717cb0}: 'java.lang.Object java.lang.invoke.DirectMethodHandle$Holder.invokeSpecial(java.lang.Object, java.lang.Object, java.lang.Object, java.lang.Object, java.lang.Object, java.lang.Object, java.lang.Object, java.lang.Object, java.lang.Object, java.lang.Object, java.lang.Object)'> (0x000000008d717cb0) 
thrown [s\src\hotspot\share\interpreter\linkResolver.cpp, line 759]
Event: 5.035 Thread 0x000001e1eb56e820 Exception <a 'java/lang/NoSuchMethodError'{0x000000008cf04518}: 'java.lang.Object java.lang.invoke.DirectMethodHandle$Holder.newInvokeSpecial(java.lang.Object, java.lang.Object, int)'> (0x000000008cf04518) 
thrown [s\src\hotspot\share\interpreter\linkResolver.cpp, line 759]

VM Operations (20 events):
Event: 3.167 Executing VM operation: HandshakeAllThreads
Event: 3.167 Executing VM operation: HandshakeAllThreads done
Event: 3.169 Executing VM operation: HandshakeAllThreads
Event: 3.169 Executing VM operation: HandshakeAllThreads done
Event: 3.252 Executing VM operation: HandshakeAllThreads
Event: 3.252 Executing VM operation: HandshakeAllThreads done
Event: 3.310 Executing VM operation: HandshakeAllThreads
Event: 3.310 Executing VM operation: HandshakeAllThreads done
Event: 3.422 Executing VM operation: HandshakeAllThreads
Event: 3.422 Executing VM operation: HandshakeAllThreads done
Event: 3.463 Executing VM operation: HandshakeAllThreads
Event: 3.463 Executing VM operation: HandshakeAllThreads done
Event: 3.550 Executing VM operation: HandshakeAllThreads
Event: 3.550 Executing VM operation: HandshakeAllThreads done
Event: 3.914 Executing VM operation: HandshakeAllThreads
Event: 3.914 Executing VM operation: HandshakeAllThreads done
Event: 4.057 Executing VM operation: HandshakeAllThreads
Event: 4.057 Executing VM operation: HandshakeAllThreads done
Event: 4.621 Executing VM operation: ICBufferFull
Event: 4.621 Executing VM operation: ICBufferFull done

Events (20 events):
Event: 5.053 loading class sun/nio/ch/DatagramSocketAdaptor$DatagramPackets
Event: 5.054 loading class sun/nio/ch/DatagramSocketAdaptor$DatagramPackets done
Event: 5.083 Thread 0x000001e1eba49ce0 Thread added: 0x000001e1eba49ce0
Event: 5.107 Thread 0x000001e1eb56c9c0 Thread added: 0x000001e1eb56c9c0
Event: 5.117 loading class sun/security/provider/MD5
Event: 5.117 loading class sun/security/provider/MD5 done
Event: 5.117 loading class sun/security/provider/SHA5$SHA512
Event: 5.117 loading class sun/security/provider/SHA5
Event: 5.118 loading class sun/security/provider/SHA5 done
Event: 5.118 loading class sun/security/provider/SHA5$SHA512 done
Event: 5.120 loading class sun/security/provider/ByteArrayAccess$LE
Event: 5.120 loading class sun/security/provider/ByteArrayAccess$LE done
Event: 5.156 loading class java/io/File$TempDirectory
Event: 5.156 loading class java/io/File$TempDirectory done
Event: 5.161 loading class java/io/PrintWriter
Event: 5.161 loading class java/io/PrintWriter done
Event: 5.185 loading class java/io/DeleteOnExitHook
Event: 5.185 loading class java/io/DeleteOnExitHook done
Event: 5.185 loading class java/io/DeleteOnExitHook$1
Event: 5.185 loading class java/io/DeleteOnExitHook$1 done


Dynamic libraries:
0x00007ff79a8b0000 - 0x00007ff79a8be000 	C:\Program Files\Microsoft\jdk-17.0.10.7-hotspot\bin\java.exe
0x00007ff8bef30000 - 0x00007ff8bf147000 	C:\WINDOWS\SYSTEM32\ntdll.dll
0x00007ff8bd770000 - 0x00007ff8bd834000 	C:\WINDOWS\System32\KERNEL32.DLL
0x00007ff8bc500000 - 0x00007ff8bc8d1000 	C:\WINDOWS\System32\KERNELBASE.dll
0x00007ff8bc3b0000 - 0x00007ff8bc4c1000 	C:\WINDOWS\System32\ucrtbase.dll
0x00007ff8b7ef0000 - 0x00007ff8b7f07000 	C:\Program Files\Microsoft\jdk-17.0.10.7-hotspot\bin\jli.dll
0x00007ff8b7e90000 - 0x00007ff8b7eab000 	C:\Program Files\Microsoft\jdk-17.0.10.7-hotspot\bin\VCRUNTIME140.dll
0x00007ff8be240000 - 0x00007ff8be3f1000 	C:\WINDOWS\System32\USER32.dll
0x00007ff8bc300000 - 0x00007ff8bc326000 	C:\WINDOWS\System32\win32u.dll
0x00007ff8a9b50000 - 0x00007ff8a9de2000 	C:\WINDOWS\WinSxS\amd64_microsoft.windows.common-controls_6595b64144ccf1df_6.0.22621.4830_none_270fe7d773858e80\COMCTL32.dll
0x00007ff8bcc00000 - 0x00007ff8bcc29000 	C:\WINDOWS\System32\GDI32.dll
0x00007ff8bc070000 - 0x00007ff8bc18b000 	C:\WINDOWS\System32\gdi32full.dll
0x00007ff8be190000 - 0x00007ff8be237000 	C:\WINDOWS\System32\msvcrt.dll
0x00007ff8bc960000 - 0x00007ff8bc9fa000 	C:\WINDOWS\System32\msvcp_win.dll
0x00007ff8bcd50000 - 0x00007ff8bcd81000 	C:\WINDOWS\System32\IMM32.DLL
0x00007ff8b81a0000 - 0x00007ff8b81ac000 	C:\Program Files\Microsoft\jdk-17.0.10.7-hotspot\bin\vcruntime140_1.dll
0x00007ff8a5a00000 - 0x00007ff8a5a8d000 	C:\Program Files\Microsoft\jdk-17.0.10.7-hotspot\bin\msvcp140.dll
0x00007ff83f1e0000 - 0x00007ff83fe45000 	C:\Program Files\Microsoft\jdk-17.0.10.7-hotspot\bin\server\jvm.dll
0x00007ff8bee30000 - 0x00007ff8beee1000 	C:\WINDOWS\System32\ADVAPI32.dll
0x00007ff8bcd90000 - 0x00007ff8bce37000 	C:\WINDOWS\System32\sechost.dll
0x00007ff8bc4d0000 - 0x00007ff8bc4f8000 	C:\WINDOWS\System32\bcrypt.dll
0x00007ff8bcc30000 - 0x00007ff8bcd44000 	C:\WINDOWS\System32\RPCRT4.dll
0x00007ff8baee0000 - 0x00007ff8baf2d000 	C:\WINDOWS\SYSTEM32\POWRPROF.dll
0x00007ff89c920000 - 0x00007ff89c929000 	C:\WINDOWS\SYSTEM32\WSOCK32.dll
0x00007ff8be110000 - 0x00007ff8be181000 	C:\WINDOWS\System32\WS2_32.dll
0x00007ff8b9c70000 - 0x00007ff8b9c7a000 	C:\WINDOWS\SYSTEM32\VERSION.dll
0x00007ff8acbb0000 - 0x00007ff8acbe4000 	C:\WINDOWS\SYSTEM32\WINMM.dll
0x00007ff8baec0000 - 0x00007ff8baed3000 	C:\WINDOWS\SYSTEM32\UMPDC.dll
0x00007ff8bb170000 - 0x00007ff8bb188000 	C:\WINDOWS\SYSTEM32\kernel.appcore.dll
0x00007ff8b7ee0000 - 0x00007ff8b7eea000 	C:\Program Files\Microsoft\jdk-17.0.10.7-hotspot\bin\jimage.dll
0x00007ff8ac0a0000 - 0x00007ff8ac2d2000 	C:\WINDOWS\SYSTEM32\DBGHELP.DLL
0x00007ff8be990000 - 0x00007ff8bed20000 	C:\WINDOWS\System32\combase.dll
0x00007ff8be400000 - 0x00007ff8be4d7000 	C:\WINDOWS\System32\OLEAUT32.dll
0x00007ff8a2290000 - 0x00007ff8a22c2000 	C:\WINDOWS\SYSTEM32\dbgcore.DLL
0x00007ff8bc330000 - 0x00007ff8bc3ab000 	C:\WINDOWS\System32\bcryptPrimitives.dll
0x00007ff8a5d70000 - 0x00007ff8a5d7e000 	C:\Program Files\Microsoft\jdk-17.0.10.7-hotspot\bin\instrument.dll
0x00007ff8a8fb0000 - 0x00007ff8a8fd5000 	C:\Program Files\Microsoft\jdk-17.0.10.7-hotspot\bin\java.dll
0x00007ff8a5920000 - 0x00007ff8a59f7000 	C:\Program Files\Microsoft\jdk-17.0.10.7-hotspot\bin\jsvml.dll
0x00007ff8bcee0000 - 0x00007ff8bd768000 	C:\WINDOWS\System32\SHELL32.dll
0x00007ff8bca00000 - 0x00007ff8bcb3f000 	C:\WINDOWS\System32\wintypes.dll
0x00007ff8b9f90000 - 0x00007ff8ba89d000 	C:\WINDOWS\SYSTEM32\windows.storage.dll
0x00007ff8be650000 - 0x00007ff8be75a000 	C:\WINDOWS\System32\SHCORE.dll
0x00007ff8be5f0000 - 0x00007ff8be64e000 	C:\WINDOWS\System32\shlwapi.dll
0x00007ff8bbfa0000 - 0x00007ff8bbfcb000 	C:\WINDOWS\SYSTEM32\profapi.dll
0x00007ff8a6250000 - 0x00007ff8a6268000 	C:\Program Files\Microsoft\jdk-17.0.10.7-hotspot\bin\zip.dll
0x00007ff8a8f90000 - 0x00007ff8a8fa9000 	C:\Program Files\Microsoft\jdk-17.0.10.7-hotspot\bin\net.dll
0x00007ff8b83f0000 - 0x00007ff8b851c000 	C:\WINDOWS\SYSTEM32\WINHTTP.dll
0x00007ff8bb5d0000 - 0x00007ff8bb63a000 	C:\WINDOWS\system32\mswsock.dll
0x00007ff8a8e80000 - 0x00007ff8a8e96000 	C:\Program Files\Microsoft\jdk-17.0.10.7-hotspot\bin\nio.dll
0x00007ff8b7e80000 - 0x00007ff8b7e90000 	C:\Program Files\Microsoft\jdk-17.0.10.7-hotspot\bin\verify.dll
0x00007ff87a520000 - 0x00007ff87a547000 	C:\Users\zinzi\.gradle\native\1def1411415f61bf3af743bc5b6707747c0891f09f0c88961ee8f79bc544acac\windows-amd64\native-platform.dll
0x0000000068250000 - 0x00000000682c3000 	C:\Users\zinzi\.gradle\native\0.2.5\x86_64-windows-gnu\gradle-fileevents.dll
0x00007ff8a8f80000 - 0x00007ff8a8f89000 	C:\Program Files\Microsoft\jdk-17.0.10.7-hotspot\bin\management.dll
0x00007ff8a8e70000 - 0x00007ff8a8e7b000 	C:\Program Files\Microsoft\jdk-17.0.10.7-hotspot\bin\management_ext.dll
0x00007ff8bced0000 - 0x00007ff8bced8000 	C:\WINDOWS\System32\PSAPI.DLL
0x00007ff8bb7f0000 - 0x00007ff8bb80b000 	C:\WINDOWS\SYSTEM32\CRYPTSP.dll
0x00007ff8bb0d0000 - 0x00007ff8bb107000 	C:\WINDOWS\system32\rsaenh.dll
0x00007ff8bb680000 - 0x00007ff8bb6a8000 	C:\WINDOWS\SYSTEM32\USERENV.dll
0x00007ff8bb7e0000 - 0x00007ff8bb7ec000 	C:\WINDOWS\SYSTEM32\CRYPTBASE.dll
0x00007ff8bab70000 - 0x00007ff8bab9d000 	C:\WINDOWS\SYSTEM32\IPHLPAPI.DLL
0x00007ff8bdc50000 - 0x00007ff8bdc59000 	C:\WINDOWS\System32\NSI.dll
0x00007ff8b8290000 - 0x00007ff8b82a9000 	C:\WINDOWS\SYSTEM32\dhcpcsvc6.DLL
0x00007ff8b8270000 - 0x00007ff8b828f000 	C:\WINDOWS\SYSTEM32\dhcpcsvc.DLL
0x00007ff8babe0000 - 0x00007ff8bace2000 	C:\WINDOWS\SYSTEM32\DNSAPI.dll
0x00007ff8a8ac0000 - 0x00007ff8a8ac9000 	C:\Program Files\Microsoft\jdk-17.0.10.7-hotspot\bin\extnet.dll
0x00007ff8a5b10000 - 0x00007ff8a5b1e000 	C:\Program Files\Microsoft\jdk-17.0.10.7-hotspot\bin\sunmscapi.dll
0x00007ff8bc190000 - 0x00007ff8bc2f6000 	C:\WINDOWS\System32\CRYPT32.dll
0x00007ff8bba10000 - 0x00007ff8bba3d000 	C:\WINDOWS\SYSTEM32\ncrypt.dll
0x00007ff8bb9d0000 - 0x00007ff8bba07000 	C:\WINDOWS\SYSTEM32\NTASN1.dll
0x00007ff8a6800000 - 0x00007ff8a6808000 	C:\WINDOWS\system32\wshunix.dll
0x00000000681d0000 - 0x0000000068243000 	C:\Users\zinzi\AppData\Local\Temp\native-platform13590542080320141650dir\gradle-fileevents.dll

dbghelp: loaded successfully - version: 4.0.5 - missing functions: none
symbol engine: initialized successfully - sym options: 0x614 - pdb path: .;C:\Program Files\Microsoft\jdk-17.0.10.7-hotspot\bin;C:\WINDOWS\SYSTEM32;C:\WINDOWS\WinSxS\amd64_microsoft.windows.common-controls_6595b64144ccf1df_6.0.22621.4830_none_270fe7d773858e80;C:\Program Files\Microsoft\jdk-17.0.10.7-hotspot\bin\server;C:\Users\zinzi\.gradle\native\1def1411415f61bf3af743bc5b6707747c0891f09f0c88961ee8f79bc544acac\windows-amd64;C:\Users\zinzi\.gradle\native\0.2.5\x86_64-windows-gnu;C:\Users\zinzi\AppData\Local\Temp\native-platform13590542080320141650dir

VM Arguments:
jvm_args: --add-opens=java.base/java.lang=ALL-UNNAMED --add-opens=java.base/java.lang.invoke=ALL-UNNAMED --add-opens=java.base/java.util=ALL-UNNAMED --add-opens=java.prefs/java.util.prefs=ALL-UNNAMED --add-exports=jdk.compiler/com.sun.tools.javac.api=ALL-UNNAMED --add-exports=jdk.compiler/com.sun.tools.javac.util=ALL-UNNAMED --add-opens=java.base/java.util=ALL-UNNAMED --add-opens=java.prefs/java.util.prefs=ALL-UNNAMED --add-opens=java.base/java.nio.charset=ALL-UNNAMED --add-opens=java.base/java.net=ALL-UNNAMED --add-opens=java.base/java.util.concurrent.atomic=ALL-UNNAMED --add-opens=java.xml/javax.xml.namespace=ALL-UNNAMED -XX:MaxMetaspaceSize=512m -Xmx2048m -Dfile.encoding=UTF-8 -Duser.country=US -Duser.language=en -Duser.variant -javaagent:C:\Users\zinzi\.gradle\wrapper\dists\gradle-8.12-all\ejduaidbjup3bmmkhw3rie4zb\gradle-8.12\lib\agents\gradle-instrumentation-agent-8.12.jar 
java_command: org.gradle.launcher.daemon.bootstrap.GradleDaemon 8.12
java_class_path (initial): C:\Users\zinzi\.gradle\wrapper\dists\gradle-8.12-all\ejduaidbjup3bmmkhw3rie4zb\gradle-8.12\lib\gradle-daemon-main-8.12.jar
Launcher Type: SUN_STANDARD

[Global flags]
     intx CICompilerCount                          = 4                                         {product} {ergonomic}
   size_t CompressedClassSpaceSize                 = 436207616                                 {product} {ergonomic}
     uint ConcGCThreads                            = 3                                         {product} {ergonomic}
     uint G1ConcRefinementThreads                  = 10                                        {product} {ergonomic}
   size_t G1HeapRegionSize                         = 1048576                                   {product} {ergonomic}
    uintx GCDrainStackTargetSize                   = 64                                        {product} {ergonomic}
   size_t InitialHeapSize                          = 266338304                                 {product} {ergonomic}
   size_t MarkStackSize                            = 4194304                                   {product} {ergonomic}
   size_t MaxHeapSize                              = 2147483648                                {product} {command line}
   size_t MaxMetaspaceSize                         = 536870912                                 {product} {command line}
   size_t MaxNewSize                               = 1287651328                                {product} {ergonomic}
   size_t MinHeapDeltaBytes                        = 1048576                                   {product} {ergonomic}
   size_t MinHeapSize                              = 8388608                                   {product} {ergonomic}
    uintx NonNMethodCodeHeapSize                   = 5839372                                {pd product} {ergonomic}
    uintx NonProfiledCodeHeapSize                  = 122909434                              {pd product} {ergonomic}
    uintx ProfiledCodeHeapSize                     = 122909434                              {pd product} {ergonomic}
    uintx ReservedCodeCacheSize                    = 251658240                              {pd product} {ergonomic}
     bool SegmentedCodeCache                       = true                                      {product} {ergonomic}
   size_t SoftMaxHeapSize                          = 2147483648                             {manageable} {ergonomic}
     bool UseCompressedClassPointers               = true                           {product lp64_product} {ergonomic}
     bool UseCompressedOops                        = true                           {product lp64_product} {ergonomic}
     bool UseG1GC                                  = true                                      {product} {ergonomic}
     bool UseLargePagesIndividualAllocation        = false                                  {pd product} {ergonomic}

Logging:
Log output configuration:
 #0: stdout all=warning uptime,level,tags
 #1: stderr all=off uptime,level,tags

Environment Variables:
JAVA_HOME=C:\Program Files\Microsoft\jdk-17.0.10.7-hotspot\
PATH=C:\Program Files\Microsoft\jdk-17.0.10.7-hotspot\bin;C:\WINDOWS\system32;C:\WINDOWS;C:\WINDOWS\System32\Wbem;C:\WINDOWS\System32\WindowsPowerShell\v1.0\;C:\WINDOWS\System32\OpenSSH\;C:\ProgramData\chocolatey\bin;C:\Program Files\Microsoft SQL Server\150\Tools\Binn\;C:\Program Files\Microsoft SQL Server\Client SDK\ODBC\170\Tools\Binn\;C:\Program Files (x86)\Microsoft SQL Server\160\Tools\Binn\;C:\Program Files\Microsoft SQL Server\160\Tools\Binn\;C:\Program Files\Microsoft SQL Server\160\DTS\Binn\;C:\Program Files (x86)\NVIDIA Corporation\PhysX\Common;C:\Users\zinzi\AppData\Roaming\nvm;C:\Program Files\nodejs;C:\Program Files\Amazon\AWSCLIV2\;C:\Program Files\starship\bin\;C:\Program Files (x86)\oh-my-posh\bin;D:\Git\Git\cmd;C:\Program Files\Amazon\SessionManagerPlugin\bin\;C:\Program Files\dotnet\;C:\Program Files\Amazon\SessionManagerPlugin\bin;C:\Program Files\MySQL\MySQL Shell 8.0\bin\;C:\Users\zinzi\AppData\Local\Android\Sdk\platform-tools;C:\Users\zinzi\AppData\Local\Microsoft\WindowsApps;C:\Users\zinzi\AppData\Local\Programs\Microsoft VS Code\bin;C:\Users\zinzi\AppData\Local\GitHubDesktop\bin;C:\Users\zinzi\AppData\Roaming\npm;C:\Users\zinzi\AppData\Roaming\nvm;C:\Program Files\nodejs;C:\Users\zinzi\AppData\Local\Programs\oh-my-posh\bin;C:\Users\zinzi\AppData\Local\Packages\PythonSoftwareFoundation.Python.3.13_qbz5n2kfra8p0\LocalCache\local-packages\Python313\Scripts;C:\Gradle\gradle-8.13\bin;C:\Users\zinzi\.dotnet\tools
USERNAME=zinzi
OS=Windows_NT
PROCESSOR_IDENTIFIER=Intel64 Family 6 Model 165 Stepping 2, GenuineIntel
TMP=C:\Users\zinzi\AppData\Local\Temp
TEMP=C:\Users\zinzi\AppData\Local\Temp



Periodic native trim disabled


---------------  S Y S T E M  ---------------

OS:
 Windows 11 , 64 bit Build 22621 (10.0.22621.4974)
OS uptime: 0 days 0:24 hours
Hyper-V role detected

CPU: total 12 (initial active 12) (6 cores per cpu, 2 threads per core) family 6 model 165 stepping 2 microcode 0xe0, cx8, cmov, fxsr, ht, mmx, 3dnowpref, sse, sse2, sse3, ssse3, sse4.1, sse4.2, popcnt, lzcnt, tsc, tscinvbit, avx, avx2, aes, erms, clmul, bmi1, bmi2, adx, fma, vzeroupper, clflush, clflushopt, hv
Processor Information for all 12 processors :
  Max Mhz: 2592, Current Mhz: 2592, Mhz Limit: 2592

Memory: 4k page, system-wide physical 16205M (6426M free)
TotalPageFile size 18253M (AvailPageFile size 255M)
current process WorkingSet (physical memory assigned to process): 170M, peak: 170M
current process commit charge ("private bytes"): 406M, peak: 408M

vm_info: OpenJDK 64-Bit Server VM (17.0.10+7-LTS) for windows-amd64 JRE (17.0.10+7-LTS), built on Jan 10 2024 19:47:12 by "MicrosoftCorporation" with MS VC++ 16.10 / 16.11 (VS2019)

END.
