#
# There is insufficient memory for the Java Runtime Environment to continue.
# Native memory allocation (malloc) failed to allocate 80800 bytes. Error detail: Chunk::new
# Possible reasons:
#   The system is out of physical RAM or swap space
#   This process is running with CompressedOops enabled, and the Java Heap may be blocking the growth of the native heap
# Possible solutions:
#   Reduce memory load on the system
#   Increase physical memory or swap space
#   Check if swap backing store is full
#   Decrease Java heap size (-Xmx/-Xms)
#   Decrease number of Java threads
#   Decrease Java thread stack sizes (-Xss)
#   Set larger code cache with -XX:ReservedCodeCacheSize=
#   JVM is running with Unscaled Compressed Oops mode in which the Java heap is
#     placed in the first 4GB address space. The Java Heap base address is the
#     maximum limit for the native heap growth. Please use -XX:HeapBaseMinAddress
#     to set the Java Heap base and to place the Java Heap above 4GB virtual address.
# This output file may be truncated or incomplete.
#
#  Out of Memory Error (arena.cpp:168), pid=10612, tid=4644
#
# JRE version: OpenJDK Runtime Environment Temurin-21.0.6+7 (21.0.6+7) (build 21.0.6+7-LTS)
# Java VM: OpenJDK 64-Bit Server VM Temurin-21.0.6+7 (21.0.6+7-LTS, mixed mode, sharing, tiered, compressed oops, compressed class ptrs, parallel gc, windows-amd64)
# No core dump will be written. Minidumps are not enabled by default on client versions of Windows
#

---------------  S U M M A R Y ------------

Command Line: --add-modules=ALL-SYSTEM --add-opens=java.base/java.util=ALL-UNNAMED --add-opens=java.base/java.lang=ALL-UNNAMED --add-opens=java.base/sun.nio.fs=ALL-UNNAMED -Declipse.application=org.eclipse.jdt.ls.core.id1 -Dosgi.bundles.defaultStartLevel=4 -Declipse.product=org.eclipse.jdt.ls.core.product -Djava.import.generatesMetadataFilesAtProjectRoot=false -DDetectVMInstallationsJob.disabled=true -Dfile.encoding=utf8 -XX:+UseParallelGC -XX:GCTimeRatio=4 -XX:AdaptiveSizePolicyWeight=90 -Dsun.zip.disableMemoryMapping=true -Xmx1G -Xms100m -Xlog:disable -javaagent:c:\Users\zinzi\.vscode\extensions\redhat.java-1.40.0-win32-x64\lombok\lombok-1.18.36.jar c:\Users\zinzi\.vscode\extensions\redhat.java-1.40.0-win32-x64\server\plugins\org.eclipse.equinox.launcher_1.6.1000.v20250131-0606.jar -configuration c:\Users\zinzi\AppData\Roaming\Code\User\globalStorage\redhat.java\1.40.0\config_ss_win -data c:\Users\zinzi\AppData\Roaming\Code\User\workspaceStorage\1531145508dfbda3fe65cda5b18105b1\redhat.java\ss_ws --pipe=\\.\pipe\lsp-ba0954bb438e6d650ac1955ede485958-sock

Host: Intel(R) Core(TM) i7-10750H CPU @ 2.60GHz, 12 cores, 15G,  Windows 11 , 64 bit Build 22621 (10.0.22621.4974)
Time: Fri Mar 21 23:06:38 2025 SE Asia Standard Time elapsed time: 0.530466 seconds (0d 0h 0m 0s)

---------------  T H R E A D  ---------------

Current thread (0x0000025774239090):  JavaThread "C2 CompilerThread1" daemon [_thread_in_native, id=4644, stack(0x000000f800b00000,0x000000f800c00000) (1024K)]


Current CompileTask:
C2:530  631       4       java.util.Collections$UnmodifiableCollection$1::next (10 bytes)

Stack: [0x000000f800b00000,0x000000f800c00000]
Native frames: (J=compiled Java code, j=interpreted, Vv=VM code, C=native code)
V  [jvm.dll+0x6cdee9]
V  [jvm.dll+0x8a83d1]
V  [jvm.dll+0x8aa8fe]
V  [jvm.dll+0x8aafe3]
V  [jvm.dll+0x27f706]
V  [jvm.dll+0xc500d]
V  [jvm.dll+0xc5543]
V  [jvm.dll+0x3b678c]
V  [jvm.dll+0x382935]
V  [jvm.dll+0x381d9a]
V  [jvm.dll+0x2479f0]
V  [jvm.dll+0x246fcf]
V  [jvm.dll+0x1c75ee]
V  [jvm.dll+0x25685a]
V  [jvm.dll+0x254dfa]
V  [jvm.dll+0x3f0256]
V  [jvm.dll+0x851f8b]
V  [jvm.dll+0x6cc5ed]
C  [ucrtbase.dll+0x29333]
C  [KERNEL32.DLL+0x1259d]
C  [ntdll.dll+0x5af38]


---------------  P R O C E S S  ---------------

Threads class SMR info:
_java_thread_list=0x00000257744f0860, length=13, elements={
0x000002571ce2fc20, 0x00000257742244b0, 0x0000025774225510, 0x000002573121d9e0,
0x0000025774225f60, 0x000002577422bc50, 0x000002577422c970, 0x0000025774234150,
0x000002577423abd0, 0x000002577422d000, 0x0000025774239090, 0x000002577422a8a0,
0x0000025774237550
}

Java Threads: ( => current thread )
  0x000002571ce2fc20 JavaThread "main"                              [_thread_in_vm, id=3388, stack(0x000000f87fe00000,0x000000f87ff00000) (1024K)]
  0x00000257742244b0 JavaThread "Reference Handler"          daemon [_thread_blocked, id=7340, stack(0x000000f800200000,0x000000f800300000) (1024K)]
  0x0000025774225510 JavaThread "Finalizer"                  daemon [_thread_blocked, id=19760, stack(0x000000f800300000,0x000000f800400000) (1024K)]
  0x000002573121d9e0 JavaThread "Signal Dispatcher"          daemon [_thread_blocked, id=19256, stack(0x000000f800400000,0x000000f800500000) (1024K)]
  0x0000025774225f60 JavaThread "Attach Listener"            daemon [_thread_blocked, id=10672, stack(0x000000f800500000,0x000000f800600000) (1024K)]
  0x000002577422bc50 JavaThread "Service Thread"             daemon [_thread_blocked, id=10144, stack(0x000000f800600000,0x000000f800700000) (1024K)]
  0x000002577422c970 JavaThread "Monitor Deflation Thread"   daemon [_thread_blocked, id=4452, stack(0x000000f800700000,0x000000f800800000) (1024K)]
  0x0000025774234150 JavaThread "C2 CompilerThread0"         daemon [_thread_in_native, id=10504, stack(0x000000f800800000,0x000000f800900000) (1024K)]
  0x000002577423abd0 JavaThread "C1 CompilerThread0"         daemon [_thread_blocked, id=5036, stack(0x000000f800900000,0x000000f800a00000) (1024K)]
  0x000002577422d000 JavaThread "Common-Cleaner"             daemon [_thread_blocked, id=19792, stack(0x000000f800a00000,0x000000f800b00000) (1024K)]
=>0x0000025774239090 JavaThread "C2 CompilerThread1"         daemon [_thread_in_native, id=4644, stack(0x000000f800b00000,0x000000f800c00000) (1024K)]
  0x000002577422a8a0 JavaThread "Notification Thread"        daemon [_thread_blocked, id=12400, stack(0x000000f800c00000,0x000000f800d00000) (1024K)]
  0x0000025774237550 JavaThread "C2 CompilerThread2"         daemon [_thread_in_vm, id=816, stack(0x000000f800d00000,0x000000f800e00000) (1024K)]
Total: 13

Other Threads:
  0x000002571ceee080 VMThread "VM Thread"                           [id=16804, stack(0x000000f800100000,0x000000f800200000) (1024K)]
  0x00000257310fca00 WatcherThread "VM Periodic Task Thread"        [id=5588, stack(0x000000f800000000,0x000000f800100000) (1024K)]
  0x000002571ce4c8f0 WorkerThread "GC Thread#0"                     [id=6488, stack(0x000000f87ff00000,0x000000f880000000) (1024K)]
Total: 3

Threads with active compile tasks:
C2 CompilerThread0  555  636       4       java.util.HashSet::iterator (13 bytes)
C2 CompilerThread1  555  631       4       java.util.Collections$UnmodifiableCollection$1::next (10 bytes)
C2 CompilerThread2  555  639       4       lombok.patcher.PatchScript::classMatches (41 bytes)
Total: 3

VM state: not at safepoint (normal execution)

VM Mutex/Monitor currently owned by a thread: None

Heap address: 0x00000000c0000000, size: 1024 MB, Compressed Oops mode: 32-bit

CDS archive(s) mapped at: [0x0000025732000000-0x0000025732ba0000-0x0000025732ba0000), size 12189696, SharedBaseAddress: 0x0000025732000000, ArchiveRelocationMode: 1.
Compressed class space mapped at: 0x0000025733000000-0x0000025773000000, reserved size: 1073741824
Narrow klass base: 0x0000025732000000, Narrow klass shift: 0, Narrow klass range: 0x100000000

GC Precious Log:
 CardTable entry size: 512
 CPUs: 12 total, 12 available
 Memory: 16205M
 Large Page Support: Disabled
 NUMA Support: Disabled
 Compressed Oops: Enabled (32-bit)
 Alignments: Space 512K, Generation 512K, Heap 2M
 Heap Min Capacity: 100M
 Heap Initial Capacity: 100M
 Heap Max Capacity: 1G
 Pre-touch: Disabled
 Parallel Workers: 10

Heap:
 PSYoungGen      total 29696K, used 13310K [0x00000000eab00000, 0x00000000ecc00000, 0x0000000100000000)
  eden space 25600K, 51% used [0x00000000eab00000,0x00000000eb7ff8e8,0x00000000ec400000)
  from space 4096K, 0% used [0x00000000ec800000,0x00000000ec800000,0x00000000ecc00000)
  to   space 4096K, 0% used [0x00000000ec400000,0x00000000ec400000,0x00000000ec800000)
 ParOldGen       total 68608K, used 0K [0x00000000c0000000, 0x00000000c4300000, 0x00000000eab00000)
  object space 68608K, 0% used [0x00000000c0000000,0x00000000c0000000,0x00000000c4300000)
 Metaspace       used 2313K, committed 2496K, reserved 1114112K
  class space    used 228K, committed 320K, reserved 1048576K

Card table byte_map: [0x000002571c7d0000,0x000002571c9e0000] _byte_map_base: 0x000002571c1d0000

Marking Bits: (ParMarkBitMap*) 0x00007ff841833260
 Begin Bits: [0x000002572f020000, 0x0000025730020000)
 End Bits:   [0x0000025730020000, 0x0000025731020000)

Polling page: 0x000002571ad10000

Metaspace:

Usage:
  Non-class:      2.04 MB used.
      Class:    228.94 KB used.
       Both:      2.26 MB used.

Virtual space:
  Non-class space:       64.00 MB reserved,       2.12 MB (  3%) committed,  1 nodes.
      Class space:        1.00 GB reserved,     320.00 KB ( <1%) committed,  1 nodes.
             Both:        1.06 GB reserved,       2.44 MB ( <1%) committed. 

Chunk freelists:
   Non-Class:  11.65 MB
       Class:  15.67 MB
        Both:  27.32 MB

MaxMetaspaceSize: unlimited
CompressedClassSpaceSize: 1.00 GB
Initial GC threshold: 21.00 MB
Current GC threshold: 21.00 MB
CDS: on
 - commit_granule_bytes: 65536.
 - commit_granule_words: 8192.
 - virtual_space_node_default_size: 8388608.
 - enlarge_chunks_in_place: 1.
 - use_allocation_guard: 0.


Internal statistics:

num_allocs_failed_limit: 0.
num_arena_births: 80.
num_arena_deaths: 0.
num_vsnodes_births: 2.
num_vsnodes_deaths: 0.
num_space_committed: 39.
num_space_uncommitted: 0.
num_chunks_returned_to_freelist: 0.
num_chunks_taken_from_freelist: 102.
num_chunk_merges: 0.
num_chunk_splits: 71.
num_chunks_enlarged: 46.
num_inconsistent_stats: 0.

CodeHeap 'non-profiled nmethods': size=120000Kb used=224Kb max_used=224Kb free=119775Kb
 bounds [0x0000025727af0000, 0x0000025727d60000, 0x000002572f020000]
CodeHeap 'profiled nmethods': size=120000Kb used=985Kb max_used=985Kb free=119014Kb
 bounds [0x0000025720020000, 0x0000025720290000, 0x0000025727550000]
CodeHeap 'non-nmethods': size=5760Kb used=1178Kb max_used=1191Kb free=4581Kb
 bounds [0x0000025727550000, 0x00000257277c0000, 0x0000025727af0000]
 total_blobs=1093 nmethods=658 adapters=342
 compilation: enabled
              stopped_count=0, restarted_count=0
 full_count=0

Compilation events (20 events):
Event: 0.513 Thread 0x000002577423abd0 nmethod 625 0x0000025720104e10 code [0x0000025720104fc0, 0x0000025720105158]
Event: 0.513 Thread 0x0000025774239090  627       4       java.util.HashMap$KeyIterator::next (8 bytes)
Event: 0.517 Thread 0x000002577423abd0  628       3       java.lang.reflect.Modifier::isProtected (12 bytes)
Event: 0.518 Thread 0x000002577423abd0 nmethod 628 0x0000025720105210 code [0x00000257201053a0, 0x00000257201054e0]
Event: 0.519 Thread 0x000002577423abd0  629       3       sun.security.util.DerInputStream::<init> (38 bytes)
Event: 0.519 Thread 0x0000025774239090 nmethod 627 0x0000025727b25490 code [0x0000025727b25620, 0x0000025727b258b8]
Event: 0.519 Thread 0x000002577423abd0 nmethod 629 0x0000025720105590 code [0x0000025720105740, 0x00000257201058e0]
Event: 0.520 Thread 0x000002577423abd0  630       3       java.net.URI::match (56 bytes)
Event: 0.520 Thread 0x0000025774239090  631       4       java.util.Collections$UnmodifiableCollection$1::next (10 bytes)
Event: 0.520 Thread 0x000002577423abd0 nmethod 630 0x0000025720105990 code [0x0000025720105b40, 0x0000025720105e10]
Event: 0.523 Thread 0x000002577423abd0  632       3       sun.security.util.DerValue::data (29 bytes)
Event: 0.523 Thread 0x000002577423abd0 nmethod 632 0x0000025720105e90 code [0x0000025720106040, 0x0000025720106210]
Event: 0.523 Thread 0x0000025774234150 nmethod 617 0x0000025727b25a10 code [0x0000025727b25c20, 0x0000025727b26510]
Event: 0.524 Thread 0x000002577423abd0  633       3       sun.security.util.DerValue::<init> (445 bytes)
Event: 0.525 Thread 0x000002577423abd0 nmethod 633 0x0000025720106310 code [0x0000025720106740, 0x00000257201080f8]
Event: 0.525 Thread 0x000002577423abd0  634       3       sun.security.util.DerInputStream::getDerValue (76 bytes)
Event: 0.525 Thread 0x000002577423abd0 nmethod 634 0x0000025720108a90 code [0x0000025720108c40, 0x0000025720108ea0]
Event: 0.526 Thread 0x0000025774234150  636       4       java.util.HashSet::iterator (13 bytes)
Event: 0.527 Thread 0x000002577423abd0  638       3       sun.invoke.util.VerifyAccess::isSamePackage (37 bytes)
Event: 0.527 Thread 0x000002577423abd0 nmethod 638 0x0000025720108f90 code [0x00000257201091a0, 0x0000025720109710]

GC Heap History (0 events):
No events

Dll operation events (8 events):
Event: 0.010 Loaded shared library c:\Users\zinzi\.vscode\extensions\redhat.java-1.40.0-win32-x64\jre\21.0.6-win32-x86_64\bin\java.dll
Event: 0.108 Loaded shared library c:\Users\zinzi\.vscode\extensions\redhat.java-1.40.0-win32-x64\jre\21.0.6-win32-x86_64\bin\zip.dll
Event: 0.137 Loaded shared library C:\Users\zinzi\.vscode\extensions\redhat.java-1.40.0-win32-x64\jre\21.0.6-win32-x86_64\bin\instrument.dll
Event: 0.143 Loaded shared library C:\Users\zinzi\.vscode\extensions\redhat.java-1.40.0-win32-x64\jre\21.0.6-win32-x86_64\bin\net.dll
Event: 0.146 Loaded shared library C:\Users\zinzi\.vscode\extensions\redhat.java-1.40.0-win32-x64\jre\21.0.6-win32-x86_64\bin\nio.dll
Event: 0.150 Loaded shared library C:\Users\zinzi\.vscode\extensions\redhat.java-1.40.0-win32-x64\jre\21.0.6-win32-x86_64\bin\zip.dll
Event: 0.172 Loaded shared library C:\Users\zinzi\.vscode\extensions\redhat.java-1.40.0-win32-x64\jre\21.0.6-win32-x86_64\bin\jimage.dll
Event: 0.270 Loaded shared library c:\Users\zinzi\.vscode\extensions\redhat.java-1.40.0-win32-x64\jre\21.0.6-win32-x86_64\bin\verify.dll

Deoptimization events (20 events):
Event: 0.179 Thread 0x000002571ce2fc20 DEOPT PACKING pc=0x0000025720055dc9 sp=0x000000f87fefe670
Event: 0.180 Thread 0x000002571ce2fc20 DEOPT UNPACKING pc=0x00000257275a4242 sp=0x000000f87fefdaf8 mode 0
Event: 0.180 Thread 0x000002571ce2fc20 DEOPT PACKING pc=0x0000025720055dc9 sp=0x000000f87fefe670
Event: 0.180 Thread 0x000002571ce2fc20 DEOPT UNPACKING pc=0x00000257275a4242 sp=0x000000f87fefdaf8 mode 0
Event: 0.181 Thread 0x000002571ce2fc20 DEOPT PACKING pc=0x0000025720055dc9 sp=0x000000f87fefe670
Event: 0.181 Thread 0x000002571ce2fc20 DEOPT UNPACKING pc=0x00000257275a4242 sp=0x000000f87fefdaf8 mode 0
Event: 0.181 Thread 0x000002571ce2fc20 DEOPT PACKING pc=0x0000025720055dc9 sp=0x000000f87fefe670
Event: 0.181 Thread 0x000002571ce2fc20 DEOPT UNPACKING pc=0x00000257275a4242 sp=0x000000f87fefdaf8 mode 0
Event: 0.390 Thread 0x000002571ce2fc20 Uncommon trap: trap_request=0xffffff45 fr.pc=0x0000025727b01ae4 relative=0x00000000000000c4
Event: 0.390 Thread 0x000002571ce2fc20 Uncommon trap: reason=unstable_if action=reinterpret pc=0x0000025727b01ae4 method=java.lang.String.isLatin1()Z @ 10 c2
Event: 0.390 Thread 0x000002571ce2fc20 DEOPT PACKING pc=0x0000025727b01ae4 sp=0x000000f87feff270
Event: 0.390 Thread 0x000002571ce2fc20 DEOPT UNPACKING pc=0x00000257275a3aa2 sp=0x000000f87feff1b0 mode 2
Event: 0.510 Thread 0x000002571ce2fc20 Uncommon trap: trap_request=0xffffff45 fr.pc=0x0000025727b21684 relative=0x0000000000000164
Event: 0.510 Thread 0x000002571ce2fc20 Uncommon trap: reason=unstable_if action=reinterpret pc=0x0000025727b21684 method=jdk.internal.util.ArraysSupport.vectorizedHashCode(Ljava/lang/Object;IIII)I @ 2 c2
Event: 0.510 Thread 0x000002571ce2fc20 DEOPT PACKING pc=0x0000025727b21684 sp=0x000000f87fefcf10
Event: 0.510 Thread 0x000002571ce2fc20 DEOPT UNPACKING pc=0x00000257275a3aa2 sp=0x000000f87fefcec0 mode 2
Event: 0.520 Thread 0x000002571ce2fc20 Uncommon trap: trap_request=0xffffff45 fr.pc=0x0000025727b11a04 relative=0x00000000000000e4
Event: 0.520 Thread 0x000002571ce2fc20 Uncommon trap: reason=unstable_if action=reinterpret pc=0x0000025727b11a04 method=java.net.URI.match(CJJ)Z @ 45 c2
Event: 0.520 Thread 0x000002571ce2fc20 DEOPT PACKING pc=0x0000025727b11a04 sp=0x000000f87fefd1b0
Event: 0.520 Thread 0x000002571ce2fc20 DEOPT UNPACKING pc=0x00000257275a3aa2 sp=0x000000f87fefd118 mode 2

Classes loaded (20 events):
Event: 0.523 Loading class sun/security/x509/PolicyInformation
Event: 0.523 Loading class sun/security/x509/PolicyInformation done
Event: 0.523 Loading class sun/security/x509/CertificatePolicyId
Event: 0.523 Loading class sun/security/x509/CertificatePolicyId done
Event: 0.524 Loading class java/security/cert/PolicyQualifierInfo
Event: 0.524 Loading class java/security/cert/PolicyQualifierInfo done
Event: 0.525 Loading class sun/security/pkcs/SignerInfo
Event: 0.525 Loading class sun/security/pkcs/SignerInfo done
Event: 0.525 Loading class sun/security/util/DisabledAlgorithmConstraints
Event: 0.526 Loading class sun/security/util/AbstractAlgorithmConstraints
Event: 0.526 Loading class java/security/AlgorithmConstraints
Event: 0.526 Loading class java/security/AlgorithmConstraints done
Event: 0.526 Loading class sun/security/util/AbstractAlgorithmConstraints done
Event: 0.526 Loading class sun/security/util/DisabledAlgorithmConstraints done
Event: 0.526 Loading class java/util/regex/Pattern$SliceI
Event: 0.526 Loading class java/util/regex/Pattern$SliceI done
Event: 0.527 Loading class sun/security/util/DisabledAlgorithmConstraints$JarHolder
Event: 0.527 Loading class sun/security/util/DisabledAlgorithmConstraints$JarHolder done
Event: 0.527 Loading class sun/security/util/AlgorithmDecomposer
Event: 0.528 Loading class sun/security/util/AlgorithmDecomposer done

Classes unloaded (0 events):
No events

Classes redefined (0 events):
No events

Internal exceptions (12 events):
Event: 0.103 Thread 0x000002571ce2fc20 Exception <a 'java/lang/NoSuchMethodError'{0x00000000ead2a358}: 'void java.lang.invoke.DirectMethodHandle$Holder.invokeStatic(java.lang.Object, java.lang.Object, java.lang.Object)'> (0x00000000ead2a358) 
thrown [s\src\hotspot\share\interpreter\linkResolver.cpp, line 773]
Event: 0.164 Thread 0x000002571ce2fc20 Exception <a 'java/lang/NoSuchMethodError'{0x00000000eae92c38}: 'java.lang.Object java.lang.invoke.Invokers$Holder.invokeExact_MT(java.lang.Object, java.lang.Object, java.lang.Object, java.lang.Object, java.lang.Object)'> (0x00000000eae92c38) 
thrown [s\src\hotspot\share\interpreter\linkResolver.cpp, line 773]
Event: 0.215 Thread 0x000002571ce2fc20 Exception <a 'java/lang/NoSuchMethodError'{0x00000000eaf4bc60}: 'int java.lang.invoke.DirectMethodHandle$Holder.invokeSpecial(java.lang.Object, java.lang.Object, java.lang.Object, int)'> (0x00000000eaf4bc60) 
thrown [s\src\hotspot\share\interpreter\linkResolver.cpp, line 773]
Event: 0.218 Thread 0x000002571ce2fc20 Exception <a 'java/lang/NoSuchMethodError'{0x00000000eaf5e648}: 'java.lang.Object java.lang.invoke.DirectMethodHandle$Holder.invokeStatic(java.lang.Object, java.lang.Object, java.lang.Object, java.lang.Object, int)'> (0x00000000eaf5e648) 
thrown [s\src\hotspot\share\interpreter\linkResolver.cpp, line 773]
Event: 0.220 Thread 0x000002571ce2fc20 Exception <a 'java/lang/NoSuchMethodError'{0x00000000eaf69a88}: 'void java.lang.invoke.DelegatingMethodHandle$Holder.reinvoke_L(java.lang.Object, java.lang.Object, java.lang.Object, int, java.lang.Object)'> (0x00000000eaf69a88) 
thrown [s\src\hotspot\share\interpreter\linkResolver.cpp, line 773]
Event: 0.225 Thread 0x000002571ce2fc20 Exception <a 'java/lang/NoSuchMethodError'{0x00000000eaf7a3d8}: 'int java.lang.invoke.DirectMethodHandle$Holder.invokeSpecial(java.lang.Object, java.lang.Object, java.lang.Object)'> (0x00000000eaf7a3d8) 
thrown [s\src\hotspot\share\interpreter\linkResolver.cpp, line 773]
Event: 0.228 Thread 0x000002571ce2fc20 Exception <a 'java/lang/NoSuchMethodError'{0x00000000eaf86098}: 'java.lang.Object java.lang.invoke.DirectMethodHandle$Holder.invokeStatic(java.lang.Object, java.lang.Object, int)'> (0x00000000eaf86098) 
thrown [s\src\hotspot\share\interpreter\linkResolver.cpp, line 773]
Event: 0.229 Thread 0x000002571ce2fc20 Exception <a 'java/lang/NoSuchMethodError'{0x00000000eaf8a9e8}: 'void java.lang.invoke.DirectMethodHandle$Holder.invokeStatic(java.lang.Object, java.lang.Object, int, java.lang.Object)'> (0x00000000eaf8a9e8) 
thrown [s\src\hotspot\share\interpreter\linkResolver.cpp, line 773]
Event: 0.230 Thread 0x000002571ce2fc20 Exception <a 'java/lang/NoSuchMethodError'{0x00000000eaf8e578}: 'void java.lang.invoke.DirectMethodHandle$Holder.invokeSpecial(java.lang.Object, java.lang.Object, java.lang.Object, int, java.lang.Object)'> (0x00000000eaf8e578) 
thrown [s\src\hotspot\share\interpreter\linkResolver.cpp, line 773]
Event: 0.231 Thread 0x000002571ce2fc20 Exception <a 'java/lang/NoSuchMethodError'{0x00000000eaf919e8}: 'void java.lang.invoke.DelegatingMethodHandle$Holder.delegate(java.lang.Object, java.lang.Object, int, java.lang.Object)'> (0x00000000eaf919e8) 
thrown [s\src\hotspot\share\interpreter\linkResolver.cpp, line 773]
Event: 0.295 Thread 0x000002571ce2fc20 Exception <a 'java/lang/NoSuchMethodError'{0x00000000eb14e4e8}: 'void java.lang.invoke.DelegatingMethodHandle$Holder.reinvoke_L(java.lang.Object, java.lang.Object, java.lang.Object, int)'> (0x00000000eb14e4e8) 
thrown [s\src\hotspot\share\interpreter\linkResolver.cpp, line 773]
Event: 0.499 Thread 0x000002571ce2fc20 Exception <a 'java/lang/NoSuchMethodError'{0x00000000eb5d62f0}: 'void java.lang.invoke.DirectMethodHandle$Holder.invokeVirtual(java.lang.Object, java.lang.Object)'> (0x00000000eb5d62f0) 
thrown [s\src\hotspot\share\interpreter\linkResolver.cpp, line 773]

ZGC Phase Switch (0 events):
No events

VM Operations (4 events):
Event: 0.106 Executing VM operation: HandshakeAllThreads (Deoptimize)
Event: 0.106 Executing VM operation: HandshakeAllThreads (Deoptimize) done
Event: 0.187 Executing VM operation: HandshakeAllThreads (Deoptimize)
Event: 0.187 Executing VM operation: HandshakeAllThreads (Deoptimize) done

Memory protections (0 events):
No events

Nmethod flushes (0 events):
No events

Events (12 events):
Event: 0.042 Thread 0x000002571ce2fc20 Thread added: 0x000002571ce2fc20
Event: 0.059 Thread 0x000002571ce2fc20 Thread added: 0x00000257742244b0
Event: 0.059 Thread 0x000002571ce2fc20 Thread added: 0x0000025774225510
Event: 0.060 Thread 0x000002571ce2fc20 Thread added: 0x000002573121d9e0
Event: 0.060 Thread 0x000002571ce2fc20 Thread added: 0x0000025774225f60
Event: 0.060 Thread 0x000002571ce2fc20 Thread added: 0x000002577422bc50
Event: 0.060 Thread 0x000002571ce2fc20 Thread added: 0x000002577422c970
Event: 0.060 Thread 0x000002571ce2fc20 Thread added: 0x0000025774234150
Event: 0.060 Thread 0x000002571ce2fc20 Thread added: 0x000002577423abd0
Event: 0.092 Thread 0x000002571ce2fc20 Thread added: 0x000002577422d000
Event: 0.121 Thread 0x000002577423abd0 Thread added: 0x0000025774239090
Event: 0.387 Thread 0x000002571ce2fc20 Thread added: 0x000002577422a8a0


Dynamic libraries:
0x00007ff7cec30000 - 0x00007ff7cec3e000 	c:\Users\zinzi\.vscode\extensions\redhat.java-1.40.0-win32-x64\jre\21.0.6-win32-x86_64\bin\java.exe
0x00007ff8bef30000 - 0x00007ff8bf147000 	C:\WINDOWS\SYSTEM32\ntdll.dll
0x00007ff8bd770000 - 0x00007ff8bd834000 	C:\WINDOWS\System32\KERNEL32.DLL
0x00007ff8bc500000 - 0x00007ff8bc8d1000 	C:\WINDOWS\System32\KERNELBASE.dll
0x00007ff8bc3b0000 - 0x00007ff8bc4c1000 	C:\WINDOWS\System32\ucrtbase.dll
0x00007ff86c940000 - 0x00007ff86c95e000 	c:\Users\zinzi\.vscode\extensions\redhat.java-1.40.0-win32-x64\jre\21.0.6-win32-x86_64\bin\VCRUNTIME140.dll
0x00007ff86c920000 - 0x00007ff86c938000 	c:\Users\zinzi\.vscode\extensions\redhat.java-1.40.0-win32-x64\jre\21.0.6-win32-x86_64\bin\jli.dll
0x00007ff8be240000 - 0x00007ff8be3f1000 	C:\WINDOWS\System32\USER32.dll
0x00007ff8a9b50000 - 0x00007ff8a9de2000 	C:\WINDOWS\WinSxS\amd64_microsoft.windows.common-controls_6595b64144ccf1df_6.0.22621.4830_none_270fe7d773858e80\COMCTL32.dll
0x00007ff8bc300000 - 0x00007ff8bc326000 	C:\WINDOWS\System32\win32u.dll
0x00007ff8be190000 - 0x00007ff8be237000 	C:\WINDOWS\System32\msvcrt.dll
0x00007ff8bcc00000 - 0x00007ff8bcc29000 	C:\WINDOWS\System32\GDI32.dll
0x00007ff8bc070000 - 0x00007ff8bc18b000 	C:\WINDOWS\System32\gdi32full.dll
0x00007ff8bc960000 - 0x00007ff8bc9fa000 	C:\WINDOWS\System32\msvcp_win.dll
0x00007ff8bcd50000 - 0x00007ff8bcd81000 	C:\WINDOWS\System32\IMM32.DLL
0x00007ff86c910000 - 0x00007ff86c91c000 	c:\Users\zinzi\.vscode\extensions\redhat.java-1.40.0-win32-x64\jre\21.0.6-win32-x86_64\bin\vcruntime140_1.dll
0x00007ff86c860000 - 0x00007ff86c8ed000 	c:\Users\zinzi\.vscode\extensions\redhat.java-1.40.0-win32-x64\jre\21.0.6-win32-x86_64\bin\msvcp140.dll
0x00007ff840b80000 - 0x00007ff841910000 	c:\Users\zinzi\.vscode\extensions\redhat.java-1.40.0-win32-x64\jre\21.0.6-win32-x86_64\bin\server\jvm.dll
0x00007ff8bee30000 - 0x00007ff8beee1000 	C:\WINDOWS\System32\ADVAPI32.dll
0x00007ff8bcd90000 - 0x00007ff8bce37000 	C:\WINDOWS\System32\sechost.dll
0x00007ff8bc4d0000 - 0x00007ff8bc4f8000 	C:\WINDOWS\System32\bcrypt.dll
0x00007ff8bcc30000 - 0x00007ff8bcd44000 	C:\WINDOWS\System32\RPCRT4.dll
0x00007ff8be110000 - 0x00007ff8be181000 	C:\WINDOWS\System32\WS2_32.dll
0x00007ff8baee0000 - 0x00007ff8baf2d000 	C:\WINDOWS\SYSTEM32\POWRPROF.dll
0x00007ff8b9c70000 - 0x00007ff8b9c7a000 	C:\WINDOWS\SYSTEM32\VERSION.dll
0x00007ff8acbb0000 - 0x00007ff8acbe4000 	C:\WINDOWS\SYSTEM32\WINMM.dll
0x00007ff8baec0000 - 0x00007ff8baed3000 	C:\WINDOWS\SYSTEM32\UMPDC.dll
0x00007ff8bb170000 - 0x00007ff8bb188000 	C:\WINDOWS\SYSTEM32\kernel.appcore.dll
0x00007ff86c850000 - 0x00007ff86c85a000 	c:\Users\zinzi\.vscode\extensions\redhat.java-1.40.0-win32-x64\jre\21.0.6-win32-x86_64\bin\jimage.dll
0x00007ff8ac0a0000 - 0x00007ff8ac2d2000 	C:\WINDOWS\SYSTEM32\DBGHELP.DLL
0x00007ff8be990000 - 0x00007ff8bed20000 	C:\WINDOWS\System32\combase.dll
0x00007ff8be400000 - 0x00007ff8be4d7000 	C:\WINDOWS\System32\OLEAUT32.dll
0x00007ff8a2290000 - 0x00007ff8a22c2000 	C:\WINDOWS\SYSTEM32\dbgcore.DLL
0x00007ff8bc330000 - 0x00007ff8bc3ab000 	C:\WINDOWS\System32\bcryptPrimitives.dll
0x00007ff8a8f20000 - 0x00007ff8a8f2f000 	c:\Users\zinzi\.vscode\extensions\redhat.java-1.40.0-win32-x64\jre\21.0.6-win32-x86_64\bin\instrument.dll
0x00007ff851d00000 - 0x00007ff851d1f000 	c:\Users\zinzi\.vscode\extensions\redhat.java-1.40.0-win32-x64\jre\21.0.6-win32-x86_64\bin\java.dll
0x00007ff8bcee0000 - 0x00007ff8bd768000 	C:\WINDOWS\System32\SHELL32.dll
0x00007ff8bca00000 - 0x00007ff8bcb3f000 	C:\WINDOWS\System32\wintypes.dll
0x00007ff8b9f90000 - 0x00007ff8ba89d000 	C:\WINDOWS\SYSTEM32\windows.storage.dll
0x00007ff8be650000 - 0x00007ff8be75a000 	C:\WINDOWS\System32\SHCORE.dll
0x00007ff8be5f0000 - 0x00007ff8be64e000 	C:\WINDOWS\System32\shlwapi.dll
0x00007ff8bbfa0000 - 0x00007ff8bbfcb000 	C:\WINDOWS\SYSTEM32\profapi.dll
0x00007ff851ce0000 - 0x00007ff851cf8000 	c:\Users\zinzi\.vscode\extensions\redhat.java-1.40.0-win32-x64\jre\21.0.6-win32-x86_64\bin\zip.dll
0x00007ff869df0000 - 0x00007ff869e00000 	C:\Users\zinzi\.vscode\extensions\redhat.java-1.40.0-win32-x64\jre\21.0.6-win32-x86_64\bin\net.dll
0x00007ff8b83f0000 - 0x00007ff8b851c000 	C:\WINDOWS\SYSTEM32\WINHTTP.dll
0x00007ff8bb5d0000 - 0x00007ff8bb63a000 	C:\WINDOWS\system32\mswsock.dll
0x00007ff851cc0000 - 0x00007ff851cd6000 	C:\Users\zinzi\.vscode\extensions\redhat.java-1.40.0-win32-x64\jre\21.0.6-win32-x86_64\bin\nio.dll
0x00007ff851cb0000 - 0x00007ff851cc0000 	c:\Users\zinzi\.vscode\extensions\redhat.java-1.40.0-win32-x64\jre\21.0.6-win32-x86_64\bin\verify.dll

dbghelp: loaded successfully - version: 4.0.5 - missing functions: none
symbol engine: initialized successfully - sym options: 0x614 - pdb path: .;c:\Users\zinzi\.vscode\extensions\redhat.java-1.40.0-win32-x64\jre\21.0.6-win32-x86_64\bin;C:\WINDOWS\SYSTEM32;C:\WINDOWS\WinSxS\amd64_microsoft.windows.common-controls_6595b64144ccf1df_6.0.22621.4830_none_270fe7d773858e80;c:\Users\zinzi\.vscode\extensions\redhat.java-1.40.0-win32-x64\jre\21.0.6-win32-x86_64\bin\server

VM Arguments:
jvm_args: --add-modules=ALL-SYSTEM --add-opens=java.base/java.util=ALL-UNNAMED --add-opens=java.base/java.lang=ALL-UNNAMED --add-opens=java.base/sun.nio.fs=ALL-UNNAMED -Declipse.application=org.eclipse.jdt.ls.core.id1 -Dosgi.bundles.defaultStartLevel=4 -Declipse.product=org.eclipse.jdt.ls.core.product -Djava.import.generatesMetadataFilesAtProjectRoot=false -DDetectVMInstallationsJob.disabled=true -Dfile.encoding=utf8 -XX:+UseParallelGC -XX:GCTimeRatio=4 -XX:AdaptiveSizePolicyWeight=90 -Dsun.zip.disableMemoryMapping=true -Xmx1G -Xms100m -Xlog:disable -javaagent:c:\Users\zinzi\.vscode\extensions\redhat.java-1.40.0-win32-x64\lombok\lombok-1.18.36.jar 
java_command: c:\Users\zinzi\.vscode\extensions\redhat.java-1.40.0-win32-x64\server\plugins\org.eclipse.equinox.launcher_1.6.1000.v20250131-0606.jar -configuration c:\Users\zinzi\AppData\Roaming\Code\User\globalStorage\redhat.java\1.40.0\config_ss_win -data c:\Users\zinzi\AppData\Roaming\Code\User\workspaceStorage\1531145508dfbda3fe65cda5b18105b1\redhat.java\ss_ws --pipe=\\.\pipe\lsp-ba0954bb438e6d650ac1955ede485958-sock
java_class_path (initial): c:\Users\zinzi\.vscode\extensions\redhat.java-1.40.0-win32-x64\server\plugins\org.eclipse.equinox.launcher_1.6.1000.v20250131-0606.jar
Launcher Type: SUN_STANDARD

[Global flags]
    uintx AdaptiveSizePolicyWeight                 = 90                                        {product} {command line}
     intx CICompilerCount                          = 4                                         {product} {ergonomic}
    uintx GCTimeRatio                              = 4                                         {product} {command line}
   size_t InitialHeapSize                          = 104857600                                 {product} {command line}
   size_t MaxHeapSize                              = 1073741824                                {product} {command line}
   size_t MaxNewSize                               = 357564416                                 {product} {ergonomic}
   size_t MinHeapDeltaBytes                        = 524288                                    {product} {ergonomic}
   size_t MinHeapSize                              = 104857600                                 {product} {command line}
   size_t NewSize                                  = 34603008                                  {product} {ergonomic}
    uintx NonNMethodCodeHeapSize                   = 5839372                                {pd product} {ergonomic}
    uintx NonProfiledCodeHeapSize                  = 122909434                              {pd product} {ergonomic}
   size_t OldSize                                  = 70254592                                  {product} {ergonomic}
    uintx ProfiledCodeHeapSize                     = 122909434                              {pd product} {ergonomic}
    uintx ReservedCodeCacheSize                    = 251658240                              {pd product} {ergonomic}
     bool SegmentedCodeCache                       = true                                      {product} {ergonomic}
   size_t SoftMaxHeapSize                          = 1073741824                             {manageable} {ergonomic}
     bool UseCompressedOops                        = true                           {product lp64_product} {ergonomic}
     bool UseLargePagesIndividualAllocation        = false                                  {pd product} {ergonomic}
     bool UseParallelGC                            = true                                      {product} {command line}

Logging:
Log output configuration:
 #0: stdout all=off uptime,level,tags foldmultilines=false
 #1: stderr all=off uptime,level,tags foldmultilines=false

Environment Variables:
JAVA_HOME=C:\Program Files\Microsoft\jdk-17.0.10.7-hotspot\
PATH=C:\Program Files\Microsoft\jdk-17.0.10.7-hotspot\bin;C:\WINDOWS\system32;C:\WINDOWS;C:\WINDOWS\System32\Wbem;C:\WINDOWS\System32\WindowsPowerShell\v1.0\;C:\WINDOWS\System32\OpenSSH\;C:\ProgramData\chocolatey\bin;C:\Program Files\Microsoft SQL Server\150\Tools\Binn\;C:\Program Files\Microsoft SQL Server\Client SDK\ODBC\170\Tools\Binn\;C:\Program Files (x86)\Microsoft SQL Server\160\Tools\Binn\;C:\Program Files\Microsoft SQL Server\160\Tools\Binn\;C:\Program Files\Microsoft SQL Server\160\DTS\Binn\;C:\Program Files (x86)\NVIDIA Corporation\PhysX\Common;C:\Users\zinzi\AppData\Roaming\nvm;C:\Program Files\nodejs;C:\Program Files\Amazon\AWSCLIV2\;C:\Program Files\starship\bin\;C:\Program Files (x86)\oh-my-posh\bin;D:\Git\Git\cmd;C:\Program Files\Amazon\SessionManagerPlugin\bin\;C:\Program Files\dotnet\;C:\Program Files\Amazon\SessionManagerPlugin\bin;C:\Program Files\MySQL\MySQL Shell 8.0\bin\;C:\Users\zinzi\AppData\Local\Android\Sdk\platform-tools;C:\Users\zinzi\AppData\Local\Microsoft\WindowsApps;C:\Users\zinzi\AppData\Local\Programs\Microsoft VS Code\bin;C:\Users\zinzi\AppData\Local\GitHubDesktop\bin;C:\Users\zinzi\AppData\Roaming\npm;C:\Users\zinzi\AppData\Roaming\nvm;C:\Program Files\nodejs;C:\Users\zinzi\AppData\Local\Programs\oh-my-posh\bin;C:\Users\zinzi\AppData\Local\Packages\PythonSoftwareFoundation.Python.3.13_qbz5n2kfra8p0\LocalCache\local-packages\Python313\Scripts;C:\Gradle\gradle-8.13\bin;C:\Users\zinzi\.dotnet\tools
USERNAME=zinzi
OS=Windows_NT
PROCESSOR_IDENTIFIER=Intel64 Family 6 Model 165 Stepping 2, GenuineIntel
TMP=C:\Users\zinzi\AppData\Local\Temp
TEMP=C:\Users\zinzi\AppData\Local\Temp




Periodic native trim disabled

---------------  S Y S T E M  ---------------

OS:
 Windows 11 , 64 bit Build 22621 (10.0.22621.4974)
OS uptime: 0 days 0:55 hours
Hyper-V role detected

CPU: total 12 (initial active 12) (6 cores per cpu, 2 threads per core) family 6 model 165 stepping 2 microcode 0xe0, cx8, cmov, fxsr, ht, mmx, 3dnowpref, sse, sse2, sse3, ssse3, sse4.1, sse4.2, popcnt, lzcnt, tsc, tscinvbit, avx, avx2, aes, erms, clmul, bmi1, bmi2, adx, fma, vzeroupper, clflush, clflushopt, hv, rdtscp, f16c
Processor Information for the first 12 processors :
  Max Mhz: 2592, Current Mhz: 2592, Mhz Limit: 2592

Memory: 4k page, system-wide physical 16205M (4147M free)
TotalPageFile size 18253M (AvailPageFile size 5M)
current process WorkingSet (physical memory assigned to process): 54M, peak: 54M
current process commit charge ("private bytes"): 199M, peak: 199M

vm_info: OpenJDK 64-Bit Server VM (21.0.6+7-LTS) for windows-amd64 JRE (21.0.6+7-LTS), built on 2025-01-21T00:00:00Z by "admin" with MS VC++ 17.7 (VS2022)

END.
