#
# There is insufficient memory for the Java Runtime Environment to continue.
# Native memory allocation (malloc) failed to allocate 356064 bytes. Error detail: Chunk::new
# Possible reasons:
#   The system is out of physical RAM or swap space
#   This process is running with CompressedOops enabled, and the Java Heap may be blocking the growth of the native heap
# Possible solutions:
#   Reduce memory load on the system
#   Increase physical memory or swap space
#   Check if swap backing store is full
#   Decrease Java heap size (-Xmx/-Xms)
#   Decrease number of Java threads
#   Decrease Java thread stack sizes (-Xss)
#   Set larger code cache with -XX:ReservedCodeCacheSize=
#   JVM is running with Unscaled Compressed Oops mode in which the Java heap is
#     placed in the first 4GB address space. The Java Heap base address is the
#     maximum limit for the native heap growth. Please use -XX:HeapBaseMinAddress
#     to set the Java Heap base and to place the Java Heap above 4GB virtual address.
# This output file may be truncated or incomplete.
#
#  Out of Memory Error (arena.cpp:168), pid=8236, tid=14768
#
# JRE version: OpenJDK Runtime Environment Temurin-21.0.6+7 (21.0.6+7) (build 21.0.6+7-LTS)
# Java VM: OpenJDK 64-Bit Server VM Temurin-21.0.6+7 (21.0.6+7-LTS, mixed mode, sharing, tiered, compressed oops, compressed class ptrs, parallel gc, windows-amd64)
# No core dump will be written. Minidumps are not enabled by default on client versions of Windows
#

---------------  S U M M A R Y ------------

Command Line: --add-modules=ALL-SYSTEM --add-opens=java.base/java.util=ALL-UNNAMED --add-opens=java.base/java.lang=ALL-UNNAMED --add-opens=java.base/sun.nio.fs=ALL-UNNAMED -Declipse.application=org.eclipse.jdt.ls.core.id1 -Dosgi.bundles.defaultStartLevel=4 -Declipse.product=org.eclipse.jdt.ls.core.product -Djava.import.generatesMetadataFilesAtProjectRoot=false -DDetectVMInstallationsJob.disabled=true -Dfile.encoding=utf8 -XX:+UseParallelGC -XX:GCTimeRatio=4 -XX:AdaptiveSizePolicyWeight=90 -Dsun.zip.disableMemoryMapping=true -Xmx1G -Xms100m -Xlog:disable -javaagent:c:\Users\zinzi\.vscode\extensions\redhat.java-1.40.0-win32-x64\lombok\lombok-1.18.36.jar c:\Users\zinzi\.vscode\extensions\redhat.java-1.40.0-win32-x64\server\plugins\org.eclipse.equinox.launcher_1.6.1000.v20250131-0606.jar -configuration c:\Users\zinzi\AppData\Roaming\Code\User\globalStorage\redhat.java\1.40.0\config_ss_win -data c:\Users\zinzi\AppData\Roaming\Code\User\workspaceStorage\1531145508dfbda3fe65cda5b18105b1\redhat.java\ss_ws --pipe=\\.\pipe\lsp-12ddcbcb2a9344e79203007b1ad4a30d-sock

Host: Intel(R) Core(TM) i7-10750H CPU @ 2.60GHz, 12 cores, 15G,  Windows 11 , 64 bit Build 22621 (10.0.22621.4974)
Time: Sun Mar 23 23:02:54 2025 SE Asia Standard Time elapsed time: 0.792885 seconds (0d 0h 0m 0s)

---------------  T H R E A D  ---------------

Current thread (0x000001b3f7998c90):  JavaThread "C2 CompilerThread1" daemon [_thread_in_native, id=14768, stack(0x000000800aa00000,0x000000800ab00000) (1024K)]


Current CompileTask:
C2:793  737       4       lombok.patcher.scripts.MethodLevelPatchScript::patch (21 bytes)

Stack: [0x000000800aa00000,0x000000800ab00000]
Native frames: (J=compiled Java code, j=interpreted, Vv=VM code, C=native code)
V  [jvm.dll+0x6cdee9]
V  [jvm.dll+0x8a83d1]
V  [jvm.dll+0x8aa8fe]
V  [jvm.dll+0x8aafe3]
V  [jvm.dll+0x27f706]
V  [jvm.dll+0xc500d]
V  [jvm.dll+0xc5543]
V  [jvm.dll+0x3b678c]
V  [jvm.dll+0x382935]
V  [jvm.dll+0x381d9a]
V  [jvm.dll+0x2479f0]
V  [jvm.dll+0x246fcf]
V  [jvm.dll+0x1c75ee]
V  [jvm.dll+0x25685a]
V  [jvm.dll+0x254dfa]
V  [jvm.dll+0x3f0256]
V  [jvm.dll+0x851f8b]
V  [jvm.dll+0x6cc5ed]
C  [ucrtbase.dll+0x29333]
C  [KERNEL32.DLL+0x1259d]
C  [ntdll.dll+0x5af38]


---------------  P R O C E S S  ---------------

Threads class SMR info:
_java_thread_list=0x000001b3f7a5ecc0, length=13, elements={
0x000001b3a0e7faa0, 0x000001b3a0f243d0, 0x000001b3b526c640, 0x000001b3b526e420,
0x000001b3a0f277a0, 0x000001b3a0f29560, 0x000001b3a0f2bfc0, 0x000001b3a0f2d630,
0x000001b3a0f37590, 0x000001b3f784e000, 0x000001b3f7998c90, 0x000001b3f7a4df20,
0x000001b3f87a0810
}

Java Threads: ( => current thread )
  0x000001b3a0e7faa0 JavaThread "main"                              [_thread_in_vm, id=1476, stack(0x0000008009d00000,0x0000008009e00000) (1024K)]
  0x000001b3a0f243d0 JavaThread "Reference Handler"          daemon [_thread_blocked, id=8428, stack(0x000000800a100000,0x000000800a200000) (1024K)]
  0x000001b3b526c640 JavaThread "Finalizer"                  daemon [_thread_blocked, id=16180, stack(0x000000800a200000,0x000000800a300000) (1024K)]
  0x000001b3b526e420 JavaThread "Signal Dispatcher"          daemon [_thread_blocked, id=4360, stack(0x000000800a300000,0x000000800a400000) (1024K)]
  0x000001b3a0f277a0 JavaThread "Attach Listener"            daemon [_thread_blocked, id=14632, stack(0x000000800a400000,0x000000800a500000) (1024K)]
  0x000001b3a0f29560 JavaThread "Service Thread"             daemon [_thread_blocked, id=19732, stack(0x000000800a500000,0x000000800a600000) (1024K)]
  0x000001b3a0f2bfc0 JavaThread "Monitor Deflation Thread"   daemon [_thread_blocked, id=13856, stack(0x000000800a600000,0x000000800a700000) (1024K)]
  0x000001b3a0f2d630 JavaThread "C2 CompilerThread0"         daemon [_thread_blocked, id=1920, stack(0x000000800a700000,0x000000800a800000) (1024K)]
  0x000001b3a0f37590 JavaThread "C1 CompilerThread0"         daemon [_thread_in_native, id=15324, stack(0x000000800a800000,0x000000800a900000) (1024K)]
  0x000001b3f784e000 JavaThread "Common-Cleaner"             daemon [_thread_blocked, id=14508, stack(0x000000800a900000,0x000000800aa00000) (1024K)]
=>0x000001b3f7998c90 JavaThread "C2 CompilerThread1"         daemon [_thread_in_native, id=14768, stack(0x000000800aa00000,0x000000800ab00000) (1024K)]
  0x000001b3f7a4df20 JavaThread "Notification Thread"        daemon [_thread_blocked, id=12708, stack(0x000000800ab00000,0x000000800ac00000) (1024K)]
  0x000001b3f87a0810 JavaThread "C2 CompilerThread2"         daemon [_thread_in_native, id=15260, stack(0x000000800ac00000,0x000000800ad00000) (1024K)]
Total: 13

Other Threads:
  0x000001b3f7790d70 VMThread "VM Thread"                           [id=17328, stack(0x000000800a000000,0x000000800a100000) (1024K)]
  0x000001b3b514ca00 WatcherThread "VM Periodic Task Thread"        [id=18592, stack(0x0000008009f00000,0x000000800a000000) (1024K)]
  0x000001b3a0e9cd90 WorkerThread "GC Thread#0"                     [id=9880, stack(0x0000008009e00000,0x0000008009f00000) (1024K)]
Total: 3

Threads with active compile tasks:
C1 CompilerThread0  812  868       3       jdk.internal.org.objectweb.asm.Label::resolve (219 bytes)
C2 CompilerThread1  812  737       4       lombok.patcher.scripts.MethodLevelPatchScript::patch (21 bytes)
C2 CompilerThread2  812  849       4       lombok.patcher.PatchScript::classMatches (41 bytes)
Total: 3

VM state: not at safepoint (normal execution)

VM Mutex/Monitor currently owned by a thread:  ([mutex/lock_event])
[0x00007ffa9842cf00] MethodCompileQueue_lock - owner thread: 0x000001b3a0f37590

Heap address: 0x00000000c0000000, size: 1024 MB, Compressed Oops mode: 32-bit

CDS archive(s) mapped at: [0x000001b3b6000000-0x000001b3b6ba0000-0x000001b3b6ba0000), size 12189696, SharedBaseAddress: 0x000001b3b6000000, ArchiveRelocationMode: 1.
Compressed class space mapped at: 0x000001b3b7000000-0x000001b3f7000000, reserved size: 1073741824
Narrow klass base: 0x000001b3b6000000, Narrow klass shift: 0, Narrow klass range: 0x100000000

GC Precious Log:
 CardTable entry size: 512
 CPUs: 12 total, 12 available
 Memory: 16205M
 Large Page Support: Disabled
 NUMA Support: Disabled
 Compressed Oops: Enabled (32-bit)
 Alignments: Space 512K, Generation 512K, Heap 2M
 Heap Min Capacity: 100M
 Heap Initial Capacity: 100M
 Heap Max Capacity: 1G
 Pre-touch: Disabled
 Parallel Workers: 10

Heap:
 PSYoungGen      total 29696K, used 20040K [0x00000000eab00000, 0x00000000ecc00000, 0x0000000100000000)
  eden space 25600K, 78% used [0x00000000eab00000,0x00000000ebe92028,0x00000000ec400000)
  from space 4096K, 0% used [0x00000000ec800000,0x00000000ec800000,0x00000000ecc00000)
  to   space 4096K, 0% used [0x00000000ec400000,0x00000000ec400000,0x00000000ec800000)
 ParOldGen       total 68608K, used 0K [0x00000000c0000000, 0x00000000c4300000, 0x00000000eab00000)
  object space 68608K, 0% used [0x00000000c0000000,0x00000000c0000000,0x00000000c4300000)
 Metaspace       used 3522K, committed 3776K, reserved 1114112K
  class space    used 361K, committed 448K, reserved 1048576K

Card table byte_map: [0x000001b3a0830000,0x000001b3a0a40000] _byte_map_base: 0x000001b3a0230000

Marking Bits: (ParMarkBitMap*) 0x00007ffa98433260
 Begin Bits: [0x000001b3b3070000, 0x000001b3b4070000)
 End Bits:   [0x000001b3b4070000, 0x000001b3b5070000)

Polling page: 0x000001b39ed70000

Metaspace:

Usage:
  Non-class:      3.09 MB used.
      Class:    361.02 KB used.
       Both:      3.44 MB used.

Virtual space:
  Non-class space:       64.00 MB reserved,       3.25 MB (  5%) committed,  1 nodes.
      Class space:        1.00 GB reserved,     448.00 KB ( <1%) committed,  1 nodes.
             Both:        1.06 GB reserved,       3.69 MB ( <1%) committed. 

Chunk freelists:
   Non-Class:  11.42 MB
       Class:  15.52 MB
        Both:  26.94 MB

MaxMetaspaceSize: unlimited
CompressedClassSpaceSize: 1.00 GB
Initial GC threshold: 21.00 MB
Current GC threshold: 21.00 MB
CDS: on
 - commit_granule_bytes: 65536.
 - commit_granule_words: 8192.
 - virtual_space_node_default_size: 8388608.
 - enlarge_chunks_in_place: 1.
 - use_allocation_guard: 0.


Internal statistics:

num_allocs_failed_limit: 0.
num_arena_births: 90.
num_arena_deaths: 0.
num_vsnodes_births: 2.
num_vsnodes_deaths: 0.
num_space_committed: 59.
num_space_uncommitted: 0.
num_chunks_returned_to_freelist: 0.
num_chunks_taken_from_freelist: 130.
num_chunk_merges: 0.
num_chunk_splits: 87.
num_chunks_enlarged: 56.
num_inconsistent_stats: 0.

CodeHeap 'non-profiled nmethods': size=120000Kb used=327Kb max_used=327Kb free=119672Kb
 bounds [0x000001b3abb40000, 0x000001b3abdb0000, 0x000001b3b3070000]
CodeHeap 'profiled nmethods': size=120000Kb used=1394Kb max_used=1394Kb free=118605Kb
 bounds [0x000001b3a4070000, 0x000001b3a42e0000, 0x000001b3ab5a0000]
CodeHeap 'non-nmethods': size=5760Kb used=1188Kb max_used=1216Kb free=4571Kb
 bounds [0x000001b3ab5a0000, 0x000001b3ab810000, 0x000001b3abb40000]
 total_blobs=1313 nmethods=868 adapters=352
 compilation: enabled
              stopped_count=0, restarted_count=0
 full_count=0

Compilation events (20 events):
Event: 0.782 Thread 0x000001b3a0f37590  843       1       java.lang.reflect.Method::getName (5 bytes)
Event: 0.782 Thread 0x000001b3a0f37590 nmethod 843 0x000001b3abb8f910 code [0x000001b3abb8faa0, 0x000001b3abb8fb68]
Event: 0.782 Thread 0x000001b3a0f37590  844       3       java.lang.invoke.LambdaForm::internArgument (85 bytes)
Event: 0.782 Thread 0x000001b3a0f37590 nmethod 844 0x000001b3a41c2b90 code [0x000001b3a41c2d60, 0x000001b3a41c30a8]
Event: 0.782 Thread 0x000001b3a0f37590  842       1       java.net.URLStreamHandler::getDefaultPort (2 bytes)
Event: 0.783 Thread 0x000001b3a0f37590 nmethod 842 0x000001b3abb8fc10 code [0x000001b3abb8fda0, 0x000001b3abb8fe68]
Event: 0.783 Thread 0x000001b3a0f37590  845       3       java.lang.invoke.LambdaForm$BasicType::basicTypeSlots (8 bytes)
Event: 0.783 Thread 0x000001b3a0f2d630  847       4       java.lang.String::getBytes (44 bytes)
Event: 0.783 Thread 0x000001b3a0f37590 nmethod 845 0x000001b3a41c3290 code [0x000001b3a41c3440, 0x000001b3a41c35b8]
Event: 0.783 Thread 0x000001b3a0f37590  846       3       sun.invoke.util.Wrapper::stackSlots (9 bytes)
Event: 0.784 Thread 0x000001b3a0f37590 nmethod 846 0x000001b3a41c3690 code [0x000001b3a41c3820, 0x000001b3a41c3930]
Event: 0.784 Thread 0x000001b3f87a0810  848       4       java.nio.Buffer::checkIndex (12 bytes)
Event: 0.786 Thread 0x000001b3a0f2d630 nmethod 847 0x000001b3abb8ff10 code [0x000001b3abb900a0, 0x000001b3abb90210]
Event: 0.786 Thread 0x000001b3f87a0810 nmethod 848 0x000001b3abb90310 code [0x000001b3abb904a0, 0x000001b3abb90570]
Event: 0.787 Thread 0x000001b3f87a0810  849       4       lombok.patcher.PatchScript::classMatches (41 bytes)
Event: 0.788 Thread 0x000001b3a0f2d630  850       4       sun.security.provider.SHA2::implCompress (13 bytes)
Event: 0.790 Thread 0x000001b3a0f2d630 nmethod 850 0x000001b3abb90610 code [0x000001b3abb907a0, 0x000001b3abb908e0]
Event: 0.790 Thread 0x000001b3a0f37590  851       3       java.util.ArrayDeque::inc (12 bytes)
Event: 0.790 Thread 0x000001b3a0f37590 nmethod 851 0x000001b3a41c3990 code [0x000001b3a41c3b20, 0x000001b3a41c3c48]
Event: 0.791 Thread 0x000001b3a0f37590  852       3       java.util.WeakHashMap::getTable (9 bytes)

GC Heap History (0 events):
No events

Dll operation events (8 events):
Event: 0.013 Loaded shared library c:\Users\zinzi\.vscode\extensions\redhat.java-1.40.0-win32-x64\jre\21.0.6-win32-x86_64\bin\java.dll
Event: 0.109 Loaded shared library c:\Users\zinzi\.vscode\extensions\redhat.java-1.40.0-win32-x64\jre\21.0.6-win32-x86_64\bin\zip.dll
Event: 0.135 Loaded shared library C:\Users\zinzi\.vscode\extensions\redhat.java-1.40.0-win32-x64\jre\21.0.6-win32-x86_64\bin\instrument.dll
Event: 0.140 Loaded shared library C:\Users\zinzi\.vscode\extensions\redhat.java-1.40.0-win32-x64\jre\21.0.6-win32-x86_64\bin\net.dll
Event: 0.143 Loaded shared library C:\Users\zinzi\.vscode\extensions\redhat.java-1.40.0-win32-x64\jre\21.0.6-win32-x86_64\bin\nio.dll
Event: 0.149 Loaded shared library C:\Users\zinzi\.vscode\extensions\redhat.java-1.40.0-win32-x64\jre\21.0.6-win32-x86_64\bin\zip.dll
Event: 0.173 Loaded shared library C:\Users\zinzi\.vscode\extensions\redhat.java-1.40.0-win32-x64\jre\21.0.6-win32-x86_64\bin\jimage.dll
Event: 0.272 Loaded shared library c:\Users\zinzi\.vscode\extensions\redhat.java-1.40.0-win32-x64\jre\21.0.6-win32-x86_64\bin\verify.dll

Deoptimization events (20 events):
Event: 0.617 Thread 0x000001b3a0e7faa0 DEOPT PACKING pc=0x000001b3a4165404 sp=0x0000008009dfd220
Event: 0.617 Thread 0x000001b3a0e7faa0 DEOPT UNPACKING pc=0x000001b3ab5f4242 sp=0x0000008009dfc678 mode 0
Event: 0.617 Thread 0x000001b3a0e7faa0 DEOPT PACKING pc=0x000001b3a4165404 sp=0x0000008009dfd340
Event: 0.617 Thread 0x000001b3a0e7faa0 DEOPT UNPACKING pc=0x000001b3ab5f4242 sp=0x0000008009dfc798 mode 0
Event: 0.617 Thread 0x000001b3a0e7faa0 DEOPT PACKING pc=0x000001b3a4165404 sp=0x0000008009dfd340
Event: 0.617 Thread 0x000001b3a0e7faa0 DEOPT UNPACKING pc=0x000001b3ab5f4242 sp=0x0000008009dfc798 mode 0
Event: 0.626 Thread 0x000001b3a0e7faa0 Uncommon trap: trap_request=0xffffff6e fr.pc=0x000001b3abb7ef2c relative=0x000000000000020c
Event: 0.626 Thread 0x000001b3a0e7faa0 Uncommon trap: reason=loop_limit_check action=maybe_recompile pc=0x000001b3abb7ef2c method=java.math.BigInteger.implMulAdd([I[IIII)I @ 26 c2
Event: 0.626 Thread 0x000001b3a0e7faa0 DEOPT PACKING pc=0x000001b3abb7ef2c sp=0x0000008009dfd410
Event: 0.626 Thread 0x000001b3a0e7faa0 DEOPT UNPACKING pc=0x000001b3ab5f3aa2 sp=0x0000008009dfd360 mode 2
Event: 0.679 Thread 0x000001b3a0e7faa0 Uncommon trap: trap_request=0xffffff45 fr.pc=0x000001b3abb833b0 relative=0x0000000000000090
Event: 0.679 Thread 0x000001b3a0e7faa0 Uncommon trap: reason=unstable_if action=reinterpret pc=0x000001b3abb833b0 method=jdk.internal.misc.Unsafe.convEndian(ZI)I @ 4 c2
Event: 0.679 Thread 0x000001b3a0e7faa0 DEOPT PACKING pc=0x000001b3abb833b0 sp=0x0000008009dfd6b0
Event: 0.679 Thread 0x000001b3a0e7faa0 DEOPT UNPACKING pc=0x000001b3ab5f3aa2 sp=0x0000008009dfd5e0 mode 2
Event: 0.682 Thread 0x000001b3a0e7faa0 Uncommon trap: trap_request=0xffffff45 fr.pc=0x000001b3abb6c304 relative=0x0000000000000624
Event: 0.682 Thread 0x000001b3a0e7faa0 Uncommon trap: reason=unstable_if action=reinterpret pc=0x000001b3abb6c304 method=java.lang.AbstractStringBuilder.append(Ljava/lang/String;)Ljava/lang/AbstractStringBuilder; @ 1 c2
Event: 0.682 Thread 0x000001b3a0e7faa0 DEOPT PACKING pc=0x000001b3abb6c304 sp=0x0000008009dfda10
Event: 0.682 Thread 0x000001b3a0e7faa0 DEOPT UNPACKING pc=0x000001b3ab5f3aa2 sp=0x0000008009dfd9a0 mode 2
Event: 0.706 Thread 0x000001b3a0e7faa0 DEOPT PACKING pc=0x000001b3a4179ffb sp=0x0000008009dfdd10
Event: 0.706 Thread 0x000001b3a0e7faa0 DEOPT UNPACKING pc=0x000001b3ab5f4242 sp=0x0000008009dfd188 mode 0

Classes loaded (20 events):
Event: 0.711 Loading class sun/nio/fs/WindowsFileStore
Event: 0.711 Loading class java/nio/file/FileStore
Event: 0.711 Loading class java/nio/file/FileStore done
Event: 0.711 Loading class sun/nio/fs/WindowsFileStore done
Event: 0.716 Loading class java/net/URLClassLoader$1
Event: 0.716 Loading class java/net/URLClassLoader$1 done
Event: 0.769 Loading class java/io/FilePermission$1
Event: 0.769 Loading class jdk/internal/access/JavaIOFilePermissionAccess
Event: 0.769 Loading class jdk/internal/access/JavaIOFilePermissionAccess done
Event: 0.769 Loading class java/io/FilePermission$1 done
Event: 0.770 Loading class java/io/FilePermissionCollection
Event: 0.770 Loading class java/io/FilePermissionCollection done
Event: 0.774 Loading class java/util/EventListener
Event: 0.775 Loading class java/util/EventListener done
Event: 0.776 Loading class java/lang/InterruptedException
Event: 0.777 Loading class java/lang/InterruptedException done
Event: 0.778 Loading class java/util/concurrent/Semaphore
Event: 0.778 Loading class java/util/concurrent/Semaphore done
Event: 0.780 Loading class java/util/EventObject
Event: 0.780 Loading class java/util/EventObject done

Classes unloaded (0 events):
No events

Classes redefined (0 events):
No events

Internal exceptions (19 events):
Event: 0.104 Thread 0x000001b3a0e7faa0 Exception <a 'java/lang/NoSuchMethodError'{0x00000000ead2a358}: 'void java.lang.invoke.DirectMethodHandle$Holder.invokeStatic(java.lang.Object, java.lang.Object, java.lang.Object)'> (0x00000000ead2a358) 
thrown [s\src\hotspot\share\interpreter\linkResolver.cpp, line 773]
Event: 0.164 Thread 0x000001b3a0e7faa0 Exception <a 'java/lang/NoSuchMethodError'{0x00000000eae92c38}: 'java.lang.Object java.lang.invoke.Invokers$Holder.invokeExact_MT(java.lang.Object, java.lang.Object, java.lang.Object, java.lang.Object, java.lang.Object)'> (0x00000000eae92c38) 
thrown [s\src\hotspot\share\interpreter\linkResolver.cpp, line 773]
Event: 0.214 Thread 0x000001b3a0e7faa0 Exception <a 'java/lang/NoSuchMethodError'{0x00000000eaf4bc60}: 'int java.lang.invoke.DirectMethodHandle$Holder.invokeSpecial(java.lang.Object, java.lang.Object, java.lang.Object, int)'> (0x00000000eaf4bc60) 
thrown [s\src\hotspot\share\interpreter\linkResolver.cpp, line 773]
Event: 0.218 Thread 0x000001b3a0e7faa0 Exception <a 'java/lang/NoSuchMethodError'{0x00000000eaf5e648}: 'java.lang.Object java.lang.invoke.DirectMethodHandle$Holder.invokeStatic(java.lang.Object, java.lang.Object, java.lang.Object, java.lang.Object, int)'> (0x00000000eaf5e648) 
thrown [s\src\hotspot\share\interpreter\linkResolver.cpp, line 773]
Event: 0.221 Thread 0x000001b3a0e7faa0 Exception <a 'java/lang/NoSuchMethodError'{0x00000000eaf69a88}: 'void java.lang.invoke.DelegatingMethodHandle$Holder.reinvoke_L(java.lang.Object, java.lang.Object, java.lang.Object, int, java.lang.Object)'> (0x00000000eaf69a88) 
thrown [s\src\hotspot\share\interpreter\linkResolver.cpp, line 773]
Event: 0.225 Thread 0x000001b3a0e7faa0 Exception <a 'java/lang/NoSuchMethodError'{0x00000000eaf7a3d8}: 'int java.lang.invoke.DirectMethodHandle$Holder.invokeSpecial(java.lang.Object, java.lang.Object, java.lang.Object)'> (0x00000000eaf7a3d8) 
thrown [s\src\hotspot\share\interpreter\linkResolver.cpp, line 773]
Event: 0.228 Thread 0x000001b3a0e7faa0 Exception <a 'java/lang/NoSuchMethodError'{0x00000000eaf86098}: 'java.lang.Object java.lang.invoke.DirectMethodHandle$Holder.invokeStatic(java.lang.Object, java.lang.Object, int)'> (0x00000000eaf86098) 
thrown [s\src\hotspot\share\interpreter\linkResolver.cpp, line 773]
Event: 0.229 Thread 0x000001b3a0e7faa0 Exception <a 'java/lang/NoSuchMethodError'{0x00000000eaf8a9e8}: 'void java.lang.invoke.DirectMethodHandle$Holder.invokeStatic(java.lang.Object, java.lang.Object, int, java.lang.Object)'> (0x00000000eaf8a9e8) 
thrown [s\src\hotspot\share\interpreter\linkResolver.cpp, line 773]
Event: 0.230 Thread 0x000001b3a0e7faa0 Exception <a 'java/lang/NoSuchMethodError'{0x00000000eaf8e578}: 'void java.lang.invoke.DirectMethodHandle$Holder.invokeSpecial(java.lang.Object, java.lang.Object, java.lang.Object, int, java.lang.Object)'> (0x00000000eaf8e578) 
thrown [s\src\hotspot\share\interpreter\linkResolver.cpp, line 773]
Event: 0.231 Thread 0x000001b3a0e7faa0 Exception <a 'java/lang/NoSuchMethodError'{0x00000000eaf919e8}: 'void java.lang.invoke.DelegatingMethodHandle$Holder.delegate(java.lang.Object, java.lang.Object, int, java.lang.Object)'> (0x00000000eaf919e8) 
thrown [s\src\hotspot\share\interpreter\linkResolver.cpp, line 773]
Event: 0.297 Thread 0x000001b3a0e7faa0 Exception <a 'java/lang/NoSuchMethodError'{0x00000000eb14e4a0}: 'void java.lang.invoke.DelegatingMethodHandle$Holder.reinvoke_L(java.lang.Object, java.lang.Object, java.lang.Object, int)'> (0x00000000eb14e4a0) 
thrown [s\src\hotspot\share\interpreter\linkResolver.cpp, line 773]
Event: 0.507 Thread 0x000001b3a0e7faa0 Exception <a 'java/lang/NoSuchMethodError'{0x00000000eb5d62a8}: 'void java.lang.invoke.DirectMethodHandle$Holder.invokeVirtual(java.lang.Object, java.lang.Object)'> (0x00000000eb5d62a8) 
thrown [s\src\hotspot\share\interpreter\linkResolver.cpp, line 773]
Event: 0.671 Thread 0x000001b3a0e7faa0 Exception <a 'java/lang/ClassNotFoundException'{0x00000000eb9d0ec0}: sun/net/www/protocol/c/Handler> (0x00000000eb9d0ec0) 
thrown [s\src\hotspot\share\classfile\systemDictionary.cpp, line 312]
Event: 0.676 Thread 0x000001b3a0e7faa0 Exception <a 'java/io/FileNotFoundException'{0x00000000eb9e61a8}> (0x00000000eb9e61a8) 
thrown [s\src\hotspot\share\prims\jni.cpp, line 520]
Event: 0.676 Thread 0x000001b3a0e7faa0 Exception <a 'java/io/FileNotFoundException'{0x00000000eb9e6ed8}> (0x00000000eb9e6ed8) 
thrown [s\src\hotspot\share\prims\jni.cpp, line 520]
Event: 0.677 Thread 0x000001b3a0e7faa0 Exception <a 'java/io/FileNotFoundException'{0x00000000eb9e7be8}> (0x00000000eb9e7be8) 
thrown [s\src\hotspot\share\prims\jni.cpp, line 520]
Event: 0.677 Thread 0x000001b3a0e7faa0 Exception <a 'java/io/FileNotFoundException'{0x00000000eb9e8728}> (0x00000000eb9e8728) 
thrown [s\src\hotspot\share\prims\jni.cpp, line 520]
Event: 0.682 Thread 0x000001b3a0e7faa0 Implicit null exception at 0x000001b3abb6bd24 to 0x000001b3abb6c2ec
Event: 0.686 Thread 0x000001b3a0e7faa0 Exception <a 'java/io/FileNotFoundException'{0x00000000eba22c90}> (0x00000000eba22c90) 
thrown [s\src\hotspot\share\prims\jni.cpp, line 520]

ZGC Phase Switch (0 events):
No events

VM Operations (8 events):
Event: 0.108 Executing VM operation: HandshakeAllThreads (Deoptimize)
Event: 0.108 Executing VM operation: HandshakeAllThreads (Deoptimize) done
Event: 0.192 Executing VM operation: HandshakeAllThreads (Deoptimize)
Event: 0.192 Executing VM operation: HandshakeAllThreads (Deoptimize) done
Event: 0.635 Executing VM operation: HandshakeAllThreads (Deoptimize)
Event: 0.635 Executing VM operation: HandshakeAllThreads (Deoptimize) done
Event: 0.658 Executing VM operation: HandshakeAllThreads (Deoptimize)
Event: 0.658 Executing VM operation: HandshakeAllThreads (Deoptimize) done

Memory protections (0 events):
No events

Nmethod flushes (0 events):
No events

Events (13 events):
Event: 0.034 Thread 0x000001b3a0e7faa0 Thread added: 0x000001b3a0e7faa0
Event: 0.057 Thread 0x000001b3a0e7faa0 Thread added: 0x000001b3a0f243d0
Event: 0.057 Thread 0x000001b3a0e7faa0 Thread added: 0x000001b3b526c640
Event: 0.058 Thread 0x000001b3a0e7faa0 Thread added: 0x000001b3b526e420
Event: 0.058 Thread 0x000001b3a0e7faa0 Thread added: 0x000001b3a0f277a0
Event: 0.058 Thread 0x000001b3a0e7faa0 Thread added: 0x000001b3a0f29560
Event: 0.058 Thread 0x000001b3a0e7faa0 Thread added: 0x000001b3a0f2bfc0
Event: 0.058 Thread 0x000001b3a0e7faa0 Thread added: 0x000001b3a0f2d630
Event: 0.058 Thread 0x000001b3a0e7faa0 Thread added: 0x000001b3a0f37590
Event: 0.094 Thread 0x000001b3a0e7faa0 Thread added: 0x000001b3f784e000
Event: 0.123 Thread 0x000001b3a0f37590 Thread added: 0x000001b3f7998c90
Event: 0.393 Thread 0x000001b3a0e7faa0 Thread added: 0x000001b3f7a4df20
Event: 0.551 Thread 0x000001b3a0f37590 Thread added: 0x000001b3f87a0810


Dynamic libraries:
0x00007ff7f3aa0000 - 0x00007ff7f3aae000 	c:\Users\zinzi\.vscode\extensions\redhat.java-1.40.0-win32-x64\jre\21.0.6-win32-x86_64\bin\java.exe
0x00007ffb19690000 - 0x00007ffb198a7000 	C:\WINDOWS\SYSTEM32\ntdll.dll
0x00007ffb17470000 - 0x00007ffb17534000 	C:\WINDOWS\System32\KERNEL32.DLL
0x00007ffb16910000 - 0x00007ffb16ce1000 	C:\WINDOWS\System32\KERNELBASE.dll
0x00007ffb17050000 - 0x00007ffb17161000 	C:\WINDOWS\System32\ucrtbase.dll
0x00007ffb04b00000 - 0x00007ffb04b18000 	c:\Users\zinzi\.vscode\extensions\redhat.java-1.40.0-win32-x64\jre\21.0.6-win32-x86_64\bin\jli.dll
0x00007ffaff980000 - 0x00007ffaff99e000 	c:\Users\zinzi\.vscode\extensions\redhat.java-1.40.0-win32-x64\jre\21.0.6-win32-x86_64\bin\VCRUNTIME140.dll
0x00007ffb187d0000 - 0x00007ffb18981000 	C:\WINDOWS\System32\USER32.dll
0x00007ffb16d90000 - 0x00007ffb16db6000 	C:\WINDOWS\System32\win32u.dll
0x00007ffb03f70000 - 0x00007ffb04202000 	C:\WINDOWS\WinSxS\amd64_microsoft.windows.common-controls_6595b64144ccf1df_6.0.22621.4830_none_270fe7d773858e80\COMCTL32.dll
0x00007ffb17b30000 - 0x00007ffb17b59000 	C:\WINDOWS\System32\GDI32.dll
0x00007ffb17550000 - 0x00007ffb175f7000 	C:\WINDOWS\System32\msvcrt.dll
0x00007ffb16f30000 - 0x00007ffb1704b000 	C:\WINDOWS\System32\gdi32full.dll
0x00007ffb16cf0000 - 0x00007ffb16d8a000 	C:\WINDOWS\System32\msvcp_win.dll
0x00007ffb18790000 - 0x00007ffb187c1000 	C:\WINDOWS\System32\IMM32.DLL
0x00007ffb068f0000 - 0x00007ffb068fc000 	c:\Users\zinzi\.vscode\extensions\redhat.java-1.40.0-win32-x64\jre\21.0.6-win32-x86_64\bin\vcruntime140_1.dll
0x00007ffadc920000 - 0x00007ffadc9ad000 	c:\Users\zinzi\.vscode\extensions\redhat.java-1.40.0-win32-x64\jre\21.0.6-win32-x86_64\bin\msvcp140.dll
0x00007ffa97780000 - 0x00007ffa98510000 	c:\Users\zinzi\.vscode\extensions\redhat.java-1.40.0-win32-x64\jre\21.0.6-win32-x86_64\bin\server\jvm.dll
0x00007ffb17360000 - 0x00007ffb17411000 	C:\WINDOWS\System32\ADVAPI32.dll
0x00007ffb180f0000 - 0x00007ffb18197000 	C:\WINDOWS\System32\sechost.dll
0x00007ffb17330000 - 0x00007ffb17358000 	C:\WINDOWS\System32\bcrypt.dll
0x00007ffb18ca0000 - 0x00007ffb18db4000 	C:\WINDOWS\System32\RPCRT4.dll
0x00007ffb18060000 - 0x00007ffb180d1000 	C:\WINDOWS\System32\WS2_32.dll
0x00007ffb15640000 - 0x00007ffb1568d000 	C:\WINDOWS\SYSTEM32\POWRPROF.dll
0x00007ffb14420000 - 0x00007ffb1442a000 	C:\WINDOWS\SYSTEM32\VERSION.dll
0x00007ffb085c0000 - 0x00007ffb085f4000 	C:\WINDOWS\SYSTEM32\WINMM.dll
0x00007ffb15620000 - 0x00007ffb15633000 	C:\WINDOWS\SYSTEM32\UMPDC.dll
0x00007ffb158d0000 - 0x00007ffb158e8000 	C:\WINDOWS\SYSTEM32\kernel.appcore.dll
0x00007ffb05870000 - 0x00007ffb0587a000 	c:\Users\zinzi\.vscode\extensions\redhat.java-1.40.0-win32-x64\jre\21.0.6-win32-x86_64\bin\jimage.dll
0x00007ffb07290000 - 0x00007ffb074c2000 	C:\WINDOWS\SYSTEM32\DBGHELP.DLL
0x00007ffb182f0000 - 0x00007ffb18680000 	C:\WINDOWS\System32\combase.dll
0x00007ffb181a0000 - 0x00007ffb18277000 	C:\WINDOWS\System32\OLEAUT32.dll
0x00007ffafbba0000 - 0x00007ffafbbd2000 	C:\WINDOWS\SYSTEM32\dbgcore.DLL
0x00007ffb17230000 - 0x00007ffb172ab000 	C:\WINDOWS\System32\bcryptPrimitives.dll
0x00007ffb013a0000 - 0x00007ffb013af000 	c:\Users\zinzi\.vscode\extensions\redhat.java-1.40.0-win32-x64\jre\21.0.6-win32-x86_64\bin\instrument.dll
0x00007ffaea8d0000 - 0x00007ffaea8ef000 	c:\Users\zinzi\.vscode\extensions\redhat.java-1.40.0-win32-x64\jre\21.0.6-win32-x86_64\bin\java.dll
0x00007ffb18dc0000 - 0x00007ffb19648000 	C:\WINDOWS\System32\SHELL32.dll
0x00007ffb167d0000 - 0x00007ffb1690f000 	C:\WINDOWS\System32\wintypes.dll
0x00007ffb146f0000 - 0x00007ffb14ffd000 	C:\WINDOWS\SYSTEM32\windows.storage.dll
0x00007ffb18680000 - 0x00007ffb1878a000 	C:\WINDOWS\System32\SHCORE.dll
0x00007ffb17b70000 - 0x00007ffb17bce000 	C:\WINDOWS\System32\shlwapi.dll
0x00007ffb16700000 - 0x00007ffb1672b000 	C:\WINDOWS\SYSTEM32\profapi.dll
0x00007ffaea610000 - 0x00007ffaea628000 	c:\Users\zinzi\.vscode\extensions\redhat.java-1.40.0-win32-x64\jre\21.0.6-win32-x86_64\bin\zip.dll
0x00007ffb01320000 - 0x00007ffb01330000 	C:\Users\zinzi\.vscode\extensions\redhat.java-1.40.0-win32-x64\jre\21.0.6-win32-x86_64\bin\net.dll
0x00007ffb12990000 - 0x00007ffb12abc000 	C:\WINDOWS\SYSTEM32\WINHTTP.dll
0x00007ffb15d30000 - 0x00007ffb15d9a000 	C:\WINDOWS\system32\mswsock.dll
0x00007ffae0200000 - 0x00007ffae0216000 	C:\Users\zinzi\.vscode\extensions\redhat.java-1.40.0-win32-x64\jre\21.0.6-win32-x86_64\bin\nio.dll
0x00007ffb01270000 - 0x00007ffb01280000 	c:\Users\zinzi\.vscode\extensions\redhat.java-1.40.0-win32-x64\jre\21.0.6-win32-x86_64\bin\verify.dll

dbghelp: loaded successfully - version: 4.0.5 - missing functions: none
symbol engine: initialized successfully - sym options: 0x614 - pdb path: .;c:\Users\zinzi\.vscode\extensions\redhat.java-1.40.0-win32-x64\jre\21.0.6-win32-x86_64\bin;C:\WINDOWS\SYSTEM32;C:\WINDOWS\WinSxS\amd64_microsoft.windows.common-controls_6595b64144ccf1df_6.0.22621.4830_none_270fe7d773858e80;c:\Users\zinzi\.vscode\extensions\redhat.java-1.40.0-win32-x64\jre\21.0.6-win32-x86_64\bin\server

VM Arguments:
jvm_args: --add-modules=ALL-SYSTEM --add-opens=java.base/java.util=ALL-UNNAMED --add-opens=java.base/java.lang=ALL-UNNAMED --add-opens=java.base/sun.nio.fs=ALL-UNNAMED -Declipse.application=org.eclipse.jdt.ls.core.id1 -Dosgi.bundles.defaultStartLevel=4 -Declipse.product=org.eclipse.jdt.ls.core.product -Djava.import.generatesMetadataFilesAtProjectRoot=false -DDetectVMInstallationsJob.disabled=true -Dfile.encoding=utf8 -XX:+UseParallelGC -XX:GCTimeRatio=4 -XX:AdaptiveSizePolicyWeight=90 -Dsun.zip.disableMemoryMapping=true -Xmx1G -Xms100m -Xlog:disable -javaagent:c:\Users\zinzi\.vscode\extensions\redhat.java-1.40.0-win32-x64\lombok\lombok-1.18.36.jar 
java_command: c:\Users\zinzi\.vscode\extensions\redhat.java-1.40.0-win32-x64\server\plugins\org.eclipse.equinox.launcher_1.6.1000.v20250131-0606.jar -configuration c:\Users\zinzi\AppData\Roaming\Code\User\globalStorage\redhat.java\1.40.0\config_ss_win -data c:\Users\zinzi\AppData\Roaming\Code\User\workspaceStorage\1531145508dfbda3fe65cda5b18105b1\redhat.java\ss_ws --pipe=\\.\pipe\lsp-12ddcbcb2a9344e79203007b1ad4a30d-sock
java_class_path (initial): c:\Users\zinzi\.vscode\extensions\redhat.java-1.40.0-win32-x64\server\plugins\org.eclipse.equinox.launcher_1.6.1000.v20250131-0606.jar
Launcher Type: SUN_STANDARD

[Global flags]
    uintx AdaptiveSizePolicyWeight                 = 90                                        {product} {command line}
     intx CICompilerCount                          = 4                                         {product} {ergonomic}
    uintx GCTimeRatio                              = 4                                         {product} {command line}
   size_t InitialHeapSize                          = 104857600                                 {product} {command line}
   size_t MaxHeapSize                              = 1073741824                                {product} {command line}
   size_t MaxNewSize                               = 357564416                                 {product} {ergonomic}
   size_t MinHeapDeltaBytes                        = 524288                                    {product} {ergonomic}
   size_t MinHeapSize                              = 104857600                                 {product} {command line}
   size_t NewSize                                  = 34603008                                  {product} {ergonomic}
    uintx NonNMethodCodeHeapSize                   = 5839372                                {pd product} {ergonomic}
    uintx NonProfiledCodeHeapSize                  = 122909434                              {pd product} {ergonomic}
   size_t OldSize                                  = 70254592                                  {product} {ergonomic}
    uintx ProfiledCodeHeapSize                     = 122909434                              {pd product} {ergonomic}
    uintx ReservedCodeCacheSize                    = 251658240                              {pd product} {ergonomic}
     bool SegmentedCodeCache                       = true                                      {product} {ergonomic}
   size_t SoftMaxHeapSize                          = 1073741824                             {manageable} {ergonomic}
     bool UseCompressedOops                        = true                           {product lp64_product} {ergonomic}
     bool UseLargePagesIndividualAllocation        = false                                  {pd product} {ergonomic}
     bool UseParallelGC                            = true                                      {product} {command line}

Logging:
Log output configuration:
 #0: stdout all=off uptime,level,tags foldmultilines=false
 #1: stderr all=off uptime,level,tags foldmultilines=false

Environment Variables:
JAVA_HOME=C:\Program Files\Microsoft\jdk-17.0.10.7-hotspot\
PATH=C:\Program Files\Microsoft\jdk-17.0.10.7-hotspot\bin;C:\WINDOWS\system32;C:\WINDOWS;C:\WINDOWS\System32\Wbem;C:\WINDOWS\System32\WindowsPowerShell\v1.0\;C:\WINDOWS\System32\OpenSSH\;C:\ProgramData\chocolatey\bin;C:\Program Files\Microsoft SQL Server\150\Tools\Binn\;C:\Program Files\Microsoft SQL Server\Client SDK\ODBC\170\Tools\Binn\;C:\Program Files (x86)\Microsoft SQL Server\160\Tools\Binn\;C:\Program Files\Microsoft SQL Server\160\Tools\Binn\;C:\Program Files\Microsoft SQL Server\160\DTS\Binn\;C:\Program Files (x86)\NVIDIA Corporation\PhysX\Common;C:\Users\zinzi\AppData\Roaming\nvm;C:\Program Files\nodejs;C:\Program Files\Amazon\AWSCLIV2\;C:\Program Files\starship\bin\;C:\Program Files (x86)\oh-my-posh\bin;D:\Git\Git\cmd;C:\Program Files\Amazon\SessionManagerPlugin\bin\;C:\Program Files\dotnet\;C:\Program Files\Amazon\SessionManagerPlugin\bin;C:\Program Files\MySQL\MySQL Shell 8.0\bin\;C:\Users\zinzi\AppData\Local\Android\Sdk\platform-tools;C:\Users\zinzi\AppData\Local\Microsoft\WindowsApps;C:\Users\zinzi\AppData\Local\Programs\Microsoft VS Code\bin;C:\Users\zinzi\AppData\Local\GitHubDesktop\bin;C:\Users\zinzi\AppData\Roaming\npm;C:\Users\zinzi\AppData\Roaming\nvm;C:\Program Files\nodejs;C:\Users\zinzi\AppData\Local\Programs\oh-my-posh\bin;C:\Users\zinzi\AppData\Local\Packages\PythonSoftwareFoundation.Python.3.13_qbz5n2kfra8p0\LocalCache\local-packages\Python313\Scripts;C:\Gradle\gradle-8.13\bin;C:\Users\zinzi\.dotnet\tools
USERNAME=zinzi
OS=Windows_NT
PROCESSOR_IDENTIFIER=Intel64 Family 6 Model 165 Stepping 2, GenuineIntel
TMP=C:\Users\zinzi\AppData\Local\Temp
TEMP=C:\Users\zinzi\AppData\Local\Temp




Periodic native trim disabled

---------------  S Y S T E M  ---------------

OS:
 Windows 11 , 64 bit Build 22621 (10.0.22621.4974)
OS uptime: 1 days 23:27 hours
Hyper-V role detected

CPU: total 12 (initial active 12) (6 cores per cpu, 2 threads per core) family 6 model 165 stepping 2 microcode 0xe0, cx8, cmov, fxsr, ht, mmx, 3dnowpref, sse, sse2, sse3, ssse3, sse4.1, sse4.2, popcnt, lzcnt, tsc, tscinvbit, avx, avx2, aes, erms, clmul, bmi1, bmi2, adx, fma, vzeroupper, clflush, clflushopt, hv, rdtscp, f16c
Processor Information for the first 12 processors :
  Max Mhz: 2592, Current Mhz: 2292, Mhz Limit: 2592

Memory: 4k page, system-wide physical 16205M (5423M free)
TotalPageFile size 18253M (AvailPageFile size 1M)
current process WorkingSet (physical memory assigned to process): 70M, peak: 70M
current process commit charge ("private bytes"): 207M, peak: 208M

vm_info: OpenJDK 64-Bit Server VM (21.0.6+7-LTS) for windows-amd64 JRE (21.0.6+7-LTS), built on 2025-01-21T00:00:00Z by "admin" with MS VC++ 17.7 (VS2022)

END.
