#
# There is insufficient memory for the Java Runtime Environment to continue.
# Native memory allocation (malloc) failed to allocate 1623616 bytes. Error detail: Chunk::new
# Possible reasons:
#   The system is out of physical RAM or swap space
#   This process is running with CompressedOops enabled, and the Java Heap may be blocking the growth of the native heap
# Possible solutions:
#   Reduce memory load on the system
#   Increase physical memory or swap space
#   Check if swap backing store is full
#   Decrease Java heap size (-Xmx/-Xms)
#   Decrease number of Java threads
#   Decrease Java thread stack sizes (-Xss)
#   Set larger code cache with -XX:ReservedCodeCacheSize=
#   JVM is running with Unscaled Compressed Oops mode in which the Java heap is
#     placed in the first 4GB address space. The Java Heap base address is the
#     maximum limit for the native heap growth. Please use -XX:HeapBaseMinAddress
#     to set the Java Heap base and to place the Java Heap above 4GB virtual address.
# This output file may be truncated or incomplete.
#
#  Out of Memory Error (arena.cpp:168), pid=3920, tid=11992
#
# JRE version: OpenJDK Runtime Environment Temurin-21.0.6+7 (21.0.6+7) (build 21.0.6+7-LTS)
# Java VM: OpenJDK 64-Bit Server VM Temurin-21.0.6+7 (21.0.6+7-LTS, mixed mode, sharing, tiered, compressed oops, compressed class ptrs, parallel gc, windows-amd64)
# No core dump will be written. Minidumps are not enabled by default on client versions of Windows
#

---------------  S U M M A R Y ------------

Command Line: --add-modules=ALL-SYSTEM --add-opens=java.base/java.util=ALL-UNNAMED --add-opens=java.base/java.lang=ALL-UNNAMED --add-opens=java.base/sun.nio.fs=ALL-UNNAMED -Declipse.application=org.eclipse.jdt.ls.core.id1 -Dosgi.bundles.defaultStartLevel=4 -Declipse.product=org.eclipse.jdt.ls.core.product -Djava.import.generatesMetadataFilesAtProjectRoot=false -DDetectVMInstallationsJob.disabled=true -Dfile.encoding=utf8 -XX:+UseParallelGC -XX:GCTimeRatio=4 -XX:AdaptiveSizePolicyWeight=90 -Dsun.zip.disableMemoryMapping=true -Xmx1G -Xms100m -Xlog:disable -javaagent:c:\Users\zinzi\.vscode\extensions\redhat.java-1.40.0-win32-x64\lombok\lombok-1.18.36.jar c:\Users\zinzi\.vscode\extensions\redhat.java-1.40.0-win32-x64\server\plugins\org.eclipse.equinox.launcher_1.6.1000.v20250131-0606.jar -configuration c:\Users\zinzi\AppData\Roaming\Code\User\globalStorage\redhat.java\1.40.0\config_ss_win -data c:\Users\zinzi\AppData\Roaming\Code\User\workspaceStorage\1531145508dfbda3fe65cda5b18105b1\redhat.java\ss_ws --pipe=\\.\pipe\lsp-5b7b275d2fb361ec8959947d22393f6c-sock

Host: Intel(R) Core(TM) i7-10750H CPU @ 2.60GHz, 12 cores, 15G,  Windows 11 , 64 bit Build 22621 (10.0.22621.4974)
Time: Fri Mar 21 22:34:59 2025 SE Asia Standard Time elapsed time: 5.260317 seconds (0d 0h 0m 5s)

---------------  T H R E A D  ---------------

Current thread (0x00000271748d33f0):  JavaThread "C2 CompilerThread1" daemon [_thread_in_native, id=11992, stack(0x0000009b33f00000,0x0000009b34000000) (1024K)]


Current CompileTask:
C2:5260 3301       4       java.lang.invoke.MethodType::makeImpl (109 bytes)

Stack: [0x0000009b33f00000,0x0000009b34000000]
Native frames: (J=compiled Java code, j=interpreted, Vv=VM code, C=native code)
V  [jvm.dll+0x6cdee9]
V  [jvm.dll+0x8a83d1]
V  [jvm.dll+0x8aa8fe]
V  [jvm.dll+0x8aafe3]
V  [jvm.dll+0x27f706]
V  [jvm.dll+0xc500d]
V  [jvm.dll+0xc5543]
V  [jvm.dll+0x3b678c]
V  [jvm.dll+0x382935]
V  [jvm.dll+0x381d9a]
V  [jvm.dll+0x2479f0]
V  [jvm.dll+0x246fcf]
V  [jvm.dll+0x1c75ee]
V  [jvm.dll+0x25685a]
V  [jvm.dll+0x254dfa]
V  [jvm.dll+0x3f0256]
V  [jvm.dll+0x851f8b]
V  [jvm.dll+0x6cc5ed]
C  [ucrtbase.dll+0x29333]
C  [KERNEL32.DLL+0x1259d]
C  [ntdll.dll+0x5af38]


---------------  P R O C E S S  ---------------

Threads class SMR info:
_java_thread_list=0x0000027174ed0740, length=37, elements={
0x0000027118480fb0, 0x000002712c86e970, 0x0000027118522170, 0x0000027118525d00,
0x0000027118526c10, 0x000002711852c070, 0x000002711852e810, 0x000002711853a7e0,
0x000002711853bb60, 0x00000271184eb600, 0x000002716f041aa0, 0x0000027174bbe310,
0x00000271746a1dc0, 0x00000271746572a0, 0x000002717483c4a0, 0x000002717461c350,
0x00000271749d8ac0, 0x00000271748d33f0, 0x0000027174a00d40, 0x0000027174a013a0,
0x00000271753cd9a0, 0x00000271753cf3e0, 0x00000271753ce030, 0x00000271753cc5f0,
0x00000271753cd310, 0x00000271753ce6c0, 0x00000271753ccc80, 0x00000271753ced50,
0x00000271753cbf60, 0x00000271762e0be0, 0x00000271762e2620, 0x00000271762df830,
0x00000271762de480, 0x00000271762e1270, 0x00000271762e2cb0, 0x00000271762e1900,
0x00000271762e39d0
}

Java Threads: ( => current thread )
  0x0000027118480fb0 JavaThread "main"                              [_thread_blocked, id=19920, stack(0x0000009b33200000,0x0000009b33300000) (1024K)]
  0x000002712c86e970 JavaThread "Reference Handler"          daemon [_thread_blocked, id=15980, stack(0x0000009b33600000,0x0000009b33700000) (1024K)]
  0x0000027118522170 JavaThread "Finalizer"                  daemon [_thread_blocked, id=3520, stack(0x0000009b33700000,0x0000009b33800000) (1024K)]
  0x0000027118525d00 JavaThread "Signal Dispatcher"          daemon [_thread_blocked, id=16900, stack(0x0000009b33800000,0x0000009b33900000) (1024K)]
  0x0000027118526c10 JavaThread "Attach Listener"            daemon [_thread_blocked, id=13376, stack(0x0000009b33900000,0x0000009b33a00000) (1024K)]
  0x000002711852c070 JavaThread "Service Thread"             daemon [_thread_blocked, id=4148, stack(0x0000009b33a00000,0x0000009b33b00000) (1024K)]
  0x000002711852e810 JavaThread "Monitor Deflation Thread"   daemon [_thread_blocked, id=10940, stack(0x0000009b33b00000,0x0000009b33c00000) (1024K)]
  0x000002711853a7e0 JavaThread "C2 CompilerThread0"         daemon [_thread_in_native, id=17196, stack(0x0000009b33c00000,0x0000009b33d00000) (1024K)]
  0x000002711853bb60 JavaThread "C1 CompilerThread0"         daemon [_thread_blocked, id=7840, stack(0x0000009b33d00000,0x0000009b33e00000) (1024K)]
  0x00000271184eb600 JavaThread "Common-Cleaner"             daemon [_thread_blocked, id=4264, stack(0x0000009b33e00000,0x0000009b33f00000) (1024K)]
  0x000002716f041aa0 JavaThread "Notification Thread"        daemon [_thread_blocked, id=3316, stack(0x0000009b34000000,0x0000009b34100000) (1024K)]
  0x0000027174bbe310 JavaThread "Active Thread: Equinox Container: 4e104098-9879-48ad-8cac-c61e7c411d7e"        [_thread_blocked, id=6500, stack(0x0000009b34800000,0x0000009b34900000) (1024K)]
  0x00000271746a1dc0 JavaThread "Framework Event Dispatcher: Equinox Container: 4e104098-9879-48ad-8cac-c61e7c411d7e" daemon [_thread_blocked, id=19904, stack(0x0000009b34100000,0x0000009b34200000) (1024K)]
  0x00000271746572a0 JavaThread "Start Level: Equinox Container: 4e104098-9879-48ad-8cac-c61e7c411d7e" daemon [_thread_blocked, id=3120, stack(0x0000009b34900000,0x0000009b34a00000) (1024K)]
  0x000002717483c4a0 JavaThread "SCR Component Actor"        daemon [_thread_blocked, id=7972, stack(0x0000009b34a00000,0x0000009b34b00000) (1024K)]
  0x000002717461c350 JavaThread "SCR Component Registry"     daemon [_thread_blocked, id=2504, stack(0x0000009b34c00000,0x0000009b34d00000) (1024K)]
  0x00000271749d8ac0 JavaThread "Worker-JM"                         [_thread_blocked, id=1700, stack(0x0000009b34e00000,0x0000009b34f00000) (1024K)]
=>0x00000271748d33f0 JavaThread "C2 CompilerThread1"         daemon [_thread_in_native, id=11992, stack(0x0000009b33f00000,0x0000009b34000000) (1024K)]
  0x0000027174a00d40 JavaThread "Worker-0"                          [_thread_blocked, id=1800, stack(0x0000009b35000000,0x0000009b35100000) (1024K)]
  0x0000027174a013a0 JavaThread "Worker-1: Building"                [_thread_in_vm, id=1132, stack(0x0000009b35100000,0x0000009b35200000) (1024K)]
  0x00000271753cd9a0 JavaThread "JNA Cleaner"                daemon [_thread_blocked, id=11044, stack(0x0000009b35200000,0x0000009b35300000) (1024K)]
  0x00000271753cf3e0 JavaThread "Thread-2"                   daemon [_thread_in_native, id=8012, stack(0x0000009b35300000,0x0000009b35400000) (1024K)]
  0x00000271753ce030 JavaThread "Thread-3"                   daemon [_thread_in_native, id=12776, stack(0x0000009b35400000,0x0000009b35500000) (1024K)]
  0x00000271753cc5f0 JavaThread "Thread-4"                   daemon [_thread_in_native, id=17844, stack(0x0000009b35500000,0x0000009b35600000) (1024K)]
  0x00000271753cd310 JavaThread "Thread-5"                   daemon [_thread_in_native, id=16224, stack(0x0000009b35600000,0x0000009b35700000) (1024K)]
  0x00000271753ce6c0 JavaThread "Thread-6"                   daemon [_thread_in_native, id=8244, stack(0x0000009b35700000,0x0000009b35800000) (1024K)]
  0x00000271753ccc80 JavaThread "Thread-7"                   daemon [_thread_in_native, id=10924, stack(0x0000009b35800000,0x0000009b35900000) (1024K)]
  0x00000271753ced50 JavaThread "Thread-8"                   daemon [_thread_in_native, id=11896, stack(0x0000009b35900000,0x0000009b35a00000) (1024K)]
  0x00000271753cbf60 JavaThread "Thread-9"                   daemon [_thread_in_native, id=3540, stack(0x0000009b35a00000,0x0000009b35b00000) (1024K)]
  0x00000271762e0be0 JavaThread "Thread-10"                  daemon [_thread_in_native, id=12016, stack(0x0000009b35b00000,0x0000009b35c00000) (1024K)]
  0x00000271762e2620 JavaThread "Thread-11"                  daemon [_thread_in_native, id=11092, stack(0x0000009b35c00000,0x0000009b35d00000) (1024K)]
  0x00000271762df830 JavaThread "Thread-12"                  daemon [_thread_in_native, id=10304, stack(0x0000009b35d00000,0x0000009b35e00000) (1024K)]
  0x00000271762de480 JavaThread "Thread-13"                  daemon [_thread_in_native, id=1460, stack(0x0000009b35e00000,0x0000009b35f00000) (1024K)]
  0x00000271762e1270 JavaThread "Thread-14"                  daemon [_thread_in_native, id=17984, stack(0x0000009b35f00000,0x0000009b36000000) (1024K)]
  0x00000271762e2cb0 JavaThread "pool-2-thread-1"                   [_thread_blocked, id=4316, stack(0x0000009b36000000,0x0000009b36100000) (1024K)]
  0x00000271762e1900 JavaThread "WorkspaceEventsHandler"            [_thread_blocked, id=4348, stack(0x0000009b36100000,0x0000009b36200000) (1024K)]
  0x00000271762e39d0 JavaThread "pool-1-thread-1"                   [_thread_blocked, id=19940, stack(0x0000009b36200000,0x0000009b36300000) (1024K)]
Total: 37

Other Threads:
  0x000002712c8543d0 VMThread "VM Thread"                           [id=9952, stack(0x0000009b33500000,0x0000009b33600000) (1024K)]
  0x000002712c74ca00 WatcherThread "VM Periodic Task Thread"        [id=15104, stack(0x0000009b33400000,0x0000009b33500000) (1024K)]
  0x000002711849dee0 WorkerThread "GC Thread#0"                     [id=8564, stack(0x0000009b33300000,0x0000009b33400000) (1024K)]
  0x000002717467a8c0 WorkerThread "GC Thread#1"                     [id=11504, stack(0x0000009b34200000,0x0000009b34300000) (1024K)]
  0x00000271745546f0 WorkerThread "GC Thread#2"                     [id=14332, stack(0x0000009b34300000,0x0000009b34400000) (1024K)]
  0x000002717467bce0 WorkerThread "GC Thread#3"                     [id=18176, stack(0x0000009b34400000,0x0000009b34500000) (1024K)]
  0x000002717467c080 WorkerThread "GC Thread#4"                     [id=17080, stack(0x0000009b34500000,0x0000009b34600000) (1024K)]
  0x000002717467c420 WorkerThread "GC Thread#5"                     [id=13348, stack(0x0000009b34600000,0x0000009b34700000) (1024K)]
  0x0000027174671420 WorkerThread "GC Thread#6"                     [id=5744, stack(0x0000009b34700000,0x0000009b34800000) (1024K)]
  0x00000271745cd7c0 WorkerThread "GC Thread#7"                     [id=8236, stack(0x0000009b34b00000,0x0000009b34c00000) (1024K)]
  0x00000271749d7f80 WorkerThread "GC Thread#8"                     [id=9864, stack(0x0000009b34d00000,0x0000009b34e00000) (1024K)]
  0x00000271749074e0 WorkerThread "GC Thread#9"                     [id=2892, stack(0x0000009b34f00000,0x0000009b35000000) (1024K)]
Total: 12

Threads with active compile tasks:
C2 CompilerThread0  5284 3334       4       java.lang.invoke.MethodType::methodType (69 bytes)
C2 CompilerThread1  5284 3301       4       java.lang.invoke.MethodType::makeImpl (109 bytes)
Total: 2

VM state: not at safepoint (normal execution)

VM Mutex/Monitor currently owned by a thread: None

Heap address: 0x00000000c0000000, size: 1024 MB, Compressed Oops mode: 32-bit

CDS archive(s) mapped at: [0x000002712d000000-0x000002712dba0000-0x000002712dba0000), size 12189696, SharedBaseAddress: 0x000002712d000000, ArchiveRelocationMode: 1.
Compressed class space mapped at: 0x000002712e000000-0x000002716e000000, reserved size: 1073741824
Narrow klass base: 0x000002712d000000, Narrow klass shift: 0, Narrow klass range: 0x100000000

GC Precious Log:
 CardTable entry size: 512
 CPUs: 12 total, 12 available
 Memory: 16205M
 Large Page Support: Disabled
 NUMA Support: Disabled
 Compressed Oops: Enabled (32-bit)
 Alignments: Space 512K, Generation 512K, Heap 2M
 Heap Min Capacity: 100M
 Heap Initial Capacity: 100M
 Heap Max Capacity: 1G
 Pre-touch: Disabled
 Parallel Workers: 10

Heap:
 PSYoungGen      total 26624K, used 23694K [0x00000000eab00000, 0x00000000eca80000, 0x0000000100000000)
  eden space 24576K, 90% used [0x00000000eab00000,0x00000000ec0a2fb0,0x00000000ec300000)
  from space 2048K, 75% used [0x00000000ec380000,0x00000000ec500a70,0x00000000ec580000)
  to   space 3072K, 0% used [0x00000000ec780000,0x00000000ec780000,0x00000000eca80000)
 ParOldGen       total 68608K, used 10771K [0x00000000c0000000, 0x00000000c4300000, 0x00000000eab00000)
  object space 68608K, 15% used [0x00000000c0000000,0x00000000c0a84d10,0x00000000c4300000)
 Metaspace       used 28459K, committed 29184K, reserved 1114112K
  class space    used 2769K, committed 3072K, reserved 1048576K

Card table byte_map: [0x0000027117e20000,0x0000027118030000] _byte_map_base: 0x0000027117820000

Marking Bits: (ParMarkBitMap*) 0x00007ff841833260
 Begin Bits: [0x000002712a670000, 0x000002712b670000)
 End Bits:   [0x000002712b670000, 0x000002712c670000)

Polling page: 0x0000027116460000

Metaspace:

Usage:
  Non-class:     25.09 MB used.
      Class:      2.70 MB used.
       Both:     27.79 MB used.

Virtual space:
  Non-class space:       64.00 MB reserved,      25.50 MB ( 40%) committed,  1 nodes.
      Class space:        1.00 GB reserved,       3.00 MB ( <1%) committed,  1 nodes.
             Both:        1.06 GB reserved,      28.50 MB (  3%) committed. 

Chunk freelists:
   Non-Class:  5.67 MB
       Class:  12.94 MB
        Both:  18.62 MB

MaxMetaspaceSize: unlimited
CompressedClassSpaceSize: 1.00 GB
Initial GC threshold: 21.00 MB
Current GC threshold: 35.00 MB
CDS: on
 - commit_granule_bytes: 65536.
 - commit_granule_words: 8192.
 - virtual_space_node_default_size: 8388608.
 - enlarge_chunks_in_place: 1.
 - use_allocation_guard: 0.


Internal statistics:

num_allocs_failed_limit: 3.
num_arena_births: 548.
num_arena_deaths: 14.
num_vsnodes_births: 2.
num_vsnodes_deaths: 0.
num_space_committed: 456.
num_space_uncommitted: 0.
num_chunks_returned_to_freelist: 17.
num_chunks_taken_from_freelist: 1616.
num_chunk_merges: 6.
num_chunk_splits: 1078.
num_chunks_enlarged: 680.
num_inconsistent_stats: 0.

CodeHeap 'non-profiled nmethods': size=120000Kb used=1606Kb max_used=1606Kb free=118393Kb
 bounds [0x0000027123140000, 0x00000271233b0000, 0x000002712a670000]
CodeHeap 'profiled nmethods': size=120000Kb used=6874Kb max_used=6874Kb free=113126Kb
 bounds [0x000002711b670000, 0x000002711bd30000, 0x0000027122ba0000]
CodeHeap 'non-nmethods': size=5760Kb used=1341Kb max_used=1365Kb free=4418Kb
 bounds [0x0000027122ba0000, 0x0000027122e10000, 0x0000027123140000]
 total_blobs=4111 nmethods=3479 adapters=538
 compilation: enabled
              stopped_count=0, restarted_count=0
 full_count=0

Compilation events (20 events):
Event: 5.245 Thread 0x000002711853bb60 3482       3       com.google.gson.internal.bind.JsonTreeReader::hasNext (32 bytes)
Event: 5.246 Thread 0x000002711853bb60 nmethod 3482 0x000002711bd23190 code [0x000002711bd23340, 0x000002711bd23548]
Event: 5.246 Thread 0x000002711853bb60 3477       3       com.google.gson.stream.JsonReader::isLiteral (148 bytes)
Event: 5.246 Thread 0x000002711853bb60 nmethod 3477 0x000002711bd23610 code [0x000002711bd237e0, 0x000002711bd23be8]
Event: 5.246 Thread 0x000002711853bb60 3484       3       com.google.gson.internal.LinkedTreeMap$EntrySet$1::next (5 bytes)
Event: 5.246 Thread 0x000002711853bb60 nmethod 3484 0x000002711bd23d10 code [0x000002711bd23ec0, 0x000002711bd24058]
Event: 5.246 Thread 0x000002711853bb60 3485       3       com.google.gson.internal.LinkedTreeMap$EntrySet$1::next (5 bytes)
Event: 5.246 Thread 0x000002711853bb60 nmethod 3485 0x000002711bd24110 code [0x000002711bd242c0, 0x000002711bd243f8]
Event: 5.246 Thread 0x000002711853bb60 3483       3       com.google.gson.internal.bind.JsonTreeReader::push (76 bytes)
Event: 5.247 Thread 0x000002711853bb60 nmethod 3483 0x000002711bd24490 code [0x000002711bd24680, 0x000002711bd24c78]
Event: 5.247 Thread 0x000002711853bb60 3481       3       com.google.gson.internal.bind.ObjectTypeAdapter::tryBeginNesting (62 bytes)
Event: 5.247 Thread 0x000002711853bb60 nmethod 3481 0x000002711bd24f10 code [0x000002711bd25140, 0x000002711bd257f0]
Event: 5.247 Thread 0x000002711853bb60 3479       1       sun.util.calendar.CalendarDate::setNormalized (6 bytes)
Event: 5.247 Thread 0x000002711853bb60 nmethod 3479 0x00000271232d1790 code [0x00000271232d1920, 0x00000271232d19f0]
Event: 5.248 Thread 0x000002711853bb60 3486       3       java.nio.CharBuffer::position (8 bytes)
Event: 5.249 Thread 0x000002711853bb60 nmethod 3486 0x000002711bd25a90 code [0x000002711bd25c40, 0x000002711bd25d90]
Event: 5.249 Thread 0x000002711853bb60 3487       3       java.nio.ByteBuffer::array (35 bytes)
Event: 5.249 Thread 0x000002711853bb60 nmethod 3487 0x000002711bd25e10 code [0x000002711bd25fe0, 0x000002711bd26298]
Event: 5.249 Thread 0x000002711853bb60 3488       3       java.nio.CharBuffer::position (6 bytes)
Event: 5.249 Thread 0x000002711853bb60 nmethod 3488 0x000002711bd26390 code [0x000002711bd26540, 0x000002711bd266f0]

GC Heap History (16 events):
Event: 1.065 GC heap before
{Heap before GC invocations=1 (full 0):
 PSYoungGen      total 29696K, used 25600K [0x00000000eab00000, 0x00000000ecc00000, 0x0000000100000000)
  eden space 25600K, 100% used [0x00000000eab00000,0x00000000ec400000,0x00000000ec400000)
  from space 4096K, 0% used [0x00000000ec800000,0x00000000ec800000,0x00000000ecc00000)
  to   space 4096K, 0% used [0x00000000ec400000,0x00000000ec400000,0x00000000ec800000)
 ParOldGen       total 68608K, used 0K [0x00000000c0000000, 0x00000000c4300000, 0x00000000eab00000)
  object space 68608K, 0% used [0x00000000c0000000,0x00000000c0000000,0x00000000c4300000)
 Metaspace       used 4341K, committed 4544K, reserved 1114112K
  class space    used 436K, committed 512K, reserved 1048576K
}
Event: 1.078 GC heap after
{Heap after GC invocations=1 (full 0):
 PSYoungGen      total 29696K, used 3182K [0x00000000eab00000, 0x00000000ecc00000, 0x0000000100000000)
  eden space 25600K, 0% used [0x00000000eab00000,0x00000000eab00000,0x00000000ec400000)
  from space 4096K, 77% used [0x00000000ec400000,0x00000000ec71baa0,0x00000000ec800000)
  to   space 4096K, 0% used [0x00000000ec800000,0x00000000ec800000,0x00000000ecc00000)
 ParOldGen       total 68608K, used 8K [0x00000000c0000000, 0x00000000c4300000, 0x00000000eab00000)
  object space 68608K, 0% used [0x00000000c0000000,0x00000000c0002000,0x00000000c4300000)
 Metaspace       used 4341K, committed 4544K, reserved 1114112K
  class space    used 436K, committed 512K, reserved 1048576K
}
Event: 2.024 GC heap before
{Heap before GC invocations=2 (full 0):
 PSYoungGen      total 29696K, used 28782K [0x00000000eab00000, 0x00000000ecc00000, 0x0000000100000000)
  eden space 25600K, 100% used [0x00000000eab00000,0x00000000ec400000,0x00000000ec400000)
  from space 4096K, 77% used [0x00000000ec400000,0x00000000ec71baa0,0x00000000ec800000)
  to   space 4096K, 0% used [0x00000000ec800000,0x00000000ec800000,0x00000000ecc00000)
 ParOldGen       total 68608K, used 8K [0x00000000c0000000, 0x00000000c4300000, 0x00000000eab00000)
  object space 68608K, 0% used [0x00000000c0000000,0x00000000c0002000,0x00000000c4300000)
 Metaspace       used 8141K, committed 8448K, reserved 1114112K
  class space    used 802K, committed 960K, reserved 1048576K
}
Event: 2.031 GC heap after
{Heap after GC invocations=2 (full 0):
 PSYoungGen      total 29696K, used 4090K [0x00000000eab00000, 0x00000000ecc00000, 0x0000000100000000)
  eden space 25600K, 0% used [0x00000000eab00000,0x00000000eab00000,0x00000000ec400000)
  from space 4096K, 99% used [0x00000000ec800000,0x00000000ecbfe938,0x00000000ecc00000)
  to   space 4096K, 0% used [0x00000000ec400000,0x00000000ec400000,0x00000000ec800000)
 ParOldGen       total 68608K, used 851K [0x00000000c0000000, 0x00000000c4300000, 0x00000000eab00000)
  object space 68608K, 1% used [0x00000000c0000000,0x00000000c00d4eb8,0x00000000c4300000)
 Metaspace       used 8141K, committed 8448K, reserved 1114112K
  class space    used 802K, committed 960K, reserved 1048576K
}
Event: 2.763 GC heap before
{Heap before GC invocations=3 (full 0):
 PSYoungGen      total 29696K, used 29690K [0x00000000eab00000, 0x00000000ecc00000, 0x0000000100000000)
  eden space 25600K, 100% used [0x00000000eab00000,0x00000000ec400000,0x00000000ec400000)
  from space 4096K, 99% used [0x00000000ec800000,0x00000000ecbfe938,0x00000000ecc00000)
  to   space 4096K, 0% used [0x00000000ec400000,0x00000000ec400000,0x00000000ec800000)
 ParOldGen       total 68608K, used 851K [0x00000000c0000000, 0x00000000c4300000, 0x00000000eab00000)
  object space 68608K, 1% used [0x00000000c0000000,0x00000000c00d4eb8,0x00000000c4300000)
 Metaspace       used 12867K, committed 13440K, reserved 1114112K
  class space    used 1294K, committed 1536K, reserved 1048576K
}
Event: 2.768 GC heap after
{Heap after GC invocations=3 (full 0):
 PSYoungGen      total 29696K, used 4067K [0x00000000eab00000, 0x00000000ecc00000, 0x0000000100000000)
  eden space 25600K, 0% used [0x00000000eab00000,0x00000000eab00000,0x00000000ec400000)
  from space 4096K, 99% used [0x00000000ec400000,0x00000000ec7f8df8,0x00000000ec800000)
  to   space 4096K, 0% used [0x00000000ec800000,0x00000000ec800000,0x00000000ecc00000)
 ParOldGen       total 68608K, used 2725K [0x00000000c0000000, 0x00000000c4300000, 0x00000000eab00000)
  object space 68608K, 3% used [0x00000000c0000000,0x00000000c02a9728,0x00000000c4300000)
 Metaspace       used 12867K, committed 13440K, reserved 1114112K
  class space    used 1294K, committed 1536K, reserved 1048576K
}
Event: 3.176 GC heap before
{Heap before GC invocations=4 (full 0):
 PSYoungGen      total 29696K, used 29625K [0x00000000eab00000, 0x00000000ecc00000, 0x0000000100000000)
  eden space 25600K, 99% used [0x00000000eab00000,0x00000000ec3f5730,0x00000000ec400000)
  from space 4096K, 99% used [0x00000000ec400000,0x00000000ec7f8df8,0x00000000ec800000)
  to   space 4096K, 0% used [0x00000000ec800000,0x00000000ec800000,0x00000000ecc00000)
 ParOldGen       total 68608K, used 2725K [0x00000000c0000000, 0x00000000c4300000, 0x00000000eab00000)
  object space 68608K, 3% used [0x00000000c0000000,0x00000000c02a9728,0x00000000c4300000)
 Metaspace       used 15586K, committed 16192K, reserved 1114112K
  class space    used 1549K, committed 1792K, reserved 1048576K
}
Event: 3.181 GC heap after
{Heap after GC invocations=4 (full 0):
 PSYoungGen      total 29696K, used 4090K [0x00000000eab00000, 0x00000000ecc00000, 0x0000000100000000)
  eden space 25600K, 0% used [0x00000000eab00000,0x00000000eab00000,0x00000000ec400000)
  from space 4096K, 99% used [0x00000000ec800000,0x00000000ecbfea70,0x00000000ecc00000)
  to   space 4096K, 0% used [0x00000000ec400000,0x00000000ec400000,0x00000000ec800000)
 ParOldGen       total 68608K, used 5481K [0x00000000c0000000, 0x00000000c4300000, 0x00000000eab00000)
  object space 68608K, 7% used [0x00000000c0000000,0x00000000c055a448,0x00000000c4300000)
 Metaspace       used 15586K, committed 16192K, reserved 1114112K
  class space    used 1549K, committed 1792K, reserved 1048576K
}
Event: 3.584 GC heap before
{Heap before GC invocations=5 (full 0):
 PSYoungGen      total 29696K, used 29690K [0x00000000eab00000, 0x00000000ecc00000, 0x0000000100000000)
  eden space 25600K, 100% used [0x00000000eab00000,0x00000000ec400000,0x00000000ec400000)
  from space 4096K, 99% used [0x00000000ec800000,0x00000000ecbfea70,0x00000000ecc00000)
  to   space 4096K, 0% used [0x00000000ec400000,0x00000000ec400000,0x00000000ec800000)
 ParOldGen       total 68608K, used 5481K [0x00000000c0000000, 0x00000000c4300000, 0x00000000eab00000)
  object space 68608K, 7% used [0x00000000c0000000,0x00000000c055a448,0x00000000c4300000)
 Metaspace       used 19946K, committed 20544K, reserved 1114112K
  class space    used 1855K, committed 2112K, reserved 1048576K
}
Event: 3.590 GC heap after
{Heap after GC invocations=5 (full 0):
 PSYoungGen      total 29184K, used 4088K [0x00000000eab00000, 0x00000000ed080000, 0x0000000100000000)
  eden space 25088K, 0% used [0x00000000eab00000,0x00000000eab00000,0x00000000ec380000)
  from space 4096K, 99% used [0x00000000ec400000,0x00000000ec7fe310,0x00000000ec800000)
  to   space 6656K, 0% used [0x00000000eca00000,0x00000000eca00000,0x00000000ed080000)
 ParOldGen       total 68608K, used 7443K [0x00000000c0000000, 0x00000000c4300000, 0x00000000eab00000)
  object space 68608K, 10% used [0x00000000c0000000,0x00000000c0744e88,0x00000000c4300000)
 Metaspace       used 19946K, committed 20544K, reserved 1114112K
  class space    used 1855K, committed 2112K, reserved 1048576K
}
Event: 3.912 GC heap before
{Heap before GC invocations=6 (full 0):
 PSYoungGen      total 29184K, used 24637K [0x00000000eab00000, 0x00000000ed080000, 0x0000000100000000)
  eden space 25088K, 81% used [0x00000000eab00000,0x00000000ebf110f0,0x00000000ec380000)
  from space 4096K, 99% used [0x00000000ec400000,0x00000000ec7fe310,0x00000000ec800000)
  to   space 6656K, 0% used [0x00000000eca00000,0x00000000eca00000,0x00000000ed080000)
 ParOldGen       total 68608K, used 7443K [0x00000000c0000000, 0x00000000c4300000, 0x00000000eab00000)
  object space 68608K, 10% used [0x00000000c0000000,0x00000000c0744e88,0x00000000c4300000)
 Metaspace       used 20921K, committed 21504K, reserved 1114112K
  class space    used 1929K, committed 2176K, reserved 1048576K
}
Event: 3.917 GC heap after
{Heap after GC invocations=6 (full 0):
 PSYoungGen      total 30720K, used 5459K [0x00000000eab00000, 0x00000000ecf80000, 0x0000000100000000)
  eden space 25088K, 0% used [0x00000000eab00000,0x00000000eab00000,0x00000000ec380000)
  from space 5632K, 96% used [0x00000000eca00000,0x00000000ecf54c00,0x00000000ecf80000)
  to   space 6144K, 0% used [0x00000000ec380000,0x00000000ec380000,0x00000000ec980000)
 ParOldGen       total 68608K, used 7451K [0x00000000c0000000, 0x00000000c4300000, 0x00000000eab00000)
  object space 68608K, 10% used [0x00000000c0000000,0x00000000c0746e88,0x00000000c4300000)
 Metaspace       used 20921K, committed 21504K, reserved 1114112K
  class space    used 1929K, committed 2176K, reserved 1048576K
}
Event: 3.917 GC heap before
{Heap before GC invocations=7 (full 1):
 PSYoungGen      total 30720K, used 5459K [0x00000000eab00000, 0x00000000ecf80000, 0x0000000100000000)
  eden space 25088K, 0% used [0x00000000eab00000,0x00000000eab00000,0x00000000ec380000)
  from space 5632K, 96% used [0x00000000eca00000,0x00000000ecf54c00,0x00000000ecf80000)
  to   space 6144K, 0% used [0x00000000ec380000,0x00000000ec380000,0x00000000ec980000)
 ParOldGen       total 68608K, used 7451K [0x00000000c0000000, 0x00000000c4300000, 0x00000000eab00000)
  object space 68608K, 10% used [0x00000000c0000000,0x00000000c0746e88,0x00000000c4300000)
 Metaspace       used 20921K, committed 21504K, reserved 1114112K
  class space    used 1929K, committed 2176K, reserved 1048576K
}
Event: 3.946 GC heap after
{Heap after GC invocations=7 (full 1):
 PSYoungGen      total 30720K, used 0K [0x00000000eab00000, 0x00000000ecf80000, 0x0000000100000000)
  eden space 25088K, 0% used [0x00000000eab00000,0x00000000eab00000,0x00000000ec380000)
  from space 5632K, 0% used [0x00000000eca00000,0x00000000eca00000,0x00000000ecf80000)
  to   space 6144K, 0% used [0x00000000ec380000,0x00000000ec380000,0x00000000ec980000)
 ParOldGen       total 68608K, used 10763K [0x00000000c0000000, 0x00000000c4300000, 0x00000000eab00000)
  object space 68608K, 15% used [0x00000000c0000000,0x00000000c0a82d10,0x00000000c4300000)
 Metaspace       used 20909K, committed 21504K, reserved 1114112K
  class space    used 1926K, committed 2176K, reserved 1048576K
}
Event: 4.756 GC heap before
{Heap before GC invocations=8 (full 1):
 PSYoungGen      total 30720K, used 25088K [0x00000000eab00000, 0x00000000ecf80000, 0x0000000100000000)
  eden space 25088K, 100% used [0x00000000eab00000,0x00000000ec380000,0x00000000ec380000)
  from space 5632K, 0% used [0x00000000eca00000,0x00000000eca00000,0x00000000ecf80000)
  to   space 6144K, 0% used [0x00000000ec380000,0x00000000ec380000,0x00000000ec980000)
 ParOldGen       total 68608K, used 10763K [0x00000000c0000000, 0x00000000c4300000, 0x00000000eab00000)
  object space 68608K, 15% used [0x00000000c0000000,0x00000000c0a82d10,0x00000000c4300000)
 Metaspace       used 25238K, committed 25920K, reserved 1114112K
  class space    used 2379K, committed 2688K, reserved 1048576K
}
Event: 4.759 GC heap after
{Heap after GC invocations=8 (full 1):
 PSYoungGen      total 26624K, used 1538K [0x00000000eab00000, 0x00000000eca80000, 0x0000000100000000)
  eden space 24576K, 0% used [0x00000000eab00000,0x00000000eab00000,0x00000000ec300000)
  from space 2048K, 75% used [0x00000000ec380000,0x00000000ec500a70,0x00000000ec580000)
  to   space 3072K, 0% used [0x00000000ec780000,0x00000000ec780000,0x00000000eca80000)
 ParOldGen       total 68608K, used 10771K [0x00000000c0000000, 0x00000000c4300000, 0x00000000eab00000)
  object space 68608K, 15% used [0x00000000c0000000,0x00000000c0a84d10,0x00000000c4300000)
 Metaspace       used 25238K, committed 25920K, reserved 1114112K
  class space    used 2379K, committed 2688K, reserved 1048576K
}

Dll operation events (10 events):
Event: 0.012 Loaded shared library c:\Users\zinzi\.vscode\extensions\redhat.java-1.40.0-win32-x64\jre\21.0.6-win32-x86_64\bin\java.dll
Event: 0.112 Loaded shared library c:\Users\zinzi\.vscode\extensions\redhat.java-1.40.0-win32-x64\jre\21.0.6-win32-x86_64\bin\zip.dll
Event: 0.143 Loaded shared library C:\Users\zinzi\.vscode\extensions\redhat.java-1.40.0-win32-x64\jre\21.0.6-win32-x86_64\bin\instrument.dll
Event: 0.149 Loaded shared library C:\Users\zinzi\.vscode\extensions\redhat.java-1.40.0-win32-x64\jre\21.0.6-win32-x86_64\bin\net.dll
Event: 0.152 Loaded shared library C:\Users\zinzi\.vscode\extensions\redhat.java-1.40.0-win32-x64\jre\21.0.6-win32-x86_64\bin\nio.dll
Event: 0.156 Loaded shared library C:\Users\zinzi\.vscode\extensions\redhat.java-1.40.0-win32-x64\jre\21.0.6-win32-x86_64\bin\zip.dll
Event: 0.186 Loaded shared library C:\Users\zinzi\.vscode\extensions\redhat.java-1.40.0-win32-x64\jre\21.0.6-win32-x86_64\bin\jimage.dll
Event: 0.308 Loaded shared library c:\Users\zinzi\.vscode\extensions\redhat.java-1.40.0-win32-x64\jre\21.0.6-win32-x86_64\bin\verify.dll
Event: 1.959 Loaded shared library C:\Users\zinzi\AppData\Roaming\Code\User\globalStorage\redhat.java\1.40.0\config_ss_win\org.eclipse.equinox.launcher\org.eclipse.equinox.launcher.win32.win32.x86_64_1.2.1200.v20250212-0927\eclipse_11909.dll
Event: 4.546 Loaded shared library C:\Users\zinzi\AppData\Local\Temp\jna-115907214\jna3150752551337738033.dll

Deoptimization events (20 events):
Event: 5.010 Thread 0x0000027118480fb0 Uncommon trap: trap_request=0xffffff45 fr.pc=0x00000271231739f0 relative=0x00000000000002d0
Event: 5.010 Thread 0x0000027118480fb0 Uncommon trap: reason=unstable_if action=reinterpret pc=0x00000271231739f0 method=java.util.HashMap$HashIterator.<init>(Ljava/util/HashMap;)V @ 45 c2
Event: 5.010 Thread 0x0000027118480fb0 DEOPT PACKING pc=0x00000271231739f0 sp=0x0000009b332fe880
Event: 5.010 Thread 0x0000027118480fb0 DEOPT UNPACKING pc=0x0000027122bf3aa2 sp=0x0000009b332fe818 mode 2
Event: 5.081 Thread 0x00000271762e39d0 Uncommon trap: trap_request=0xffffff45 fr.pc=0x0000027123262bdc relative=0x0000000000000bdc
Event: 5.081 Thread 0x00000271762e39d0 Uncommon trap: reason=unstable_if action=reinterpret pc=0x0000027123262bdc method=java.util.concurrent.ConcurrentHashMap.transfer([Ljava/util/concurrent/ConcurrentHashMap$Node;[Ljava/util/concurrent/ConcurrentHashMap$Node;)V @ 26 c2
Event: 5.081 Thread 0x00000271762e39d0 DEOPT PACKING pc=0x0000027123262bdc sp=0x0000009b362fd980
Event: 5.082 Thread 0x00000271762e39d0 DEOPT UNPACKING pc=0x0000027122bf3aa2 sp=0x0000009b362fd8e0 mode 2
Event: 5.093 Thread 0x00000271762e39d0 Uncommon trap: trap_request=0xffffffde fr.pc=0x00000271232abe74 relative=0x0000000000000054
Event: 5.093 Thread 0x00000271762e39d0 Uncommon trap: reason=class_check action=maybe_recompile pc=0x00000271232abe74 method=java.lang.invoke.DirectMethodHandle.internalMemberName(Ljava/lang/Object;)Ljava/lang/Object; @ 1 c2
Event: 5.094 Thread 0x00000271762e39d0 DEOPT PACKING pc=0x00000271232abe74 sp=0x0000009b362fe830
Event: 5.094 Thread 0x00000271762e39d0 DEOPT UNPACKING pc=0x0000027122bf3aa2 sp=0x0000009b362fe7c0 mode 2
Event: 5.108 Thread 0x00000271762e39d0 Uncommon trap: trap_request=0xffffff45 fr.pc=0x000002712322bbb0 relative=0x00000000000002f0
Event: 5.108 Thread 0x00000271762e39d0 Uncommon trap: reason=unstable_if action=reinterpret pc=0x000002712322bbb0 method=java.net.URI$Parser.scan(IIJJ)I @ 42 c2
Event: 5.108 Thread 0x00000271762e39d0 DEOPT PACKING pc=0x000002712322bbb0 sp=0x0000009b362fe310
Event: 5.108 Thread 0x00000271762e39d0 DEOPT UNPACKING pc=0x0000027122bf3aa2 sp=0x0000009b362fe280 mode 2
Event: 5.213 Thread 0x00000271762e39d0 Uncommon trap: trap_request=0xffffff45 fr.pc=0x0000027123181564 relative=0x00000000000004e4
Event: 5.213 Thread 0x00000271762e39d0 Uncommon trap: reason=unstable_if action=reinterpret pc=0x0000027123181564 method=java.util.HashMap$HashIterator.<init>(Ljava/util/HashMap;)V @ 45 c2
Event: 5.213 Thread 0x00000271762e39d0 DEOPT PACKING pc=0x0000027123181564 sp=0x0000009b362fe5d0
Event: 5.214 Thread 0x00000271762e39d0 DEOPT UNPACKING pc=0x0000027122bf3aa2 sp=0x0000009b362fe440 mode 2

Classes loaded (20 events):
Event: 5.008 Loading class java/time/format/Parsed
Event: 5.009 Loading class java/time/format/Parsed done
Event: 5.016 Loading class sun/reflect/generics/repository/FieldRepository
Event: 5.016 Loading class sun/reflect/generics/repository/FieldRepository done
Event: 5.022 Loading class jdk/internal/reflect/MethodHandleIntegerFieldAccessorImpl
Event: 5.022 Loading class jdk/internal/reflect/MethodHandleIntegerFieldAccessorImpl done
Event: 5.085 Loading class java/io/InvalidObjectException
Event: 5.086 Loading class java/io/ObjectStreamException
Event: 5.086 Loading class java/io/ObjectStreamException done
Event: 5.086 Loading class java/io/InvalidObjectException done
Event: 5.130 Loading class java/util/ServiceConfigurationError
Event: 5.130 Loading class java/util/ServiceConfigurationError done
Event: 5.162 Loading class java/util/concurrent/CompletableFuture$AltResult
Event: 5.162 Loading class java/util/concurrent/CompletableFuture$AltResult done
Event: 5.162 Loading class java/util/concurrent/CompletableFuture$Completion
Event: 5.162 Loading class java/util/concurrent/CompletableFuture$AsynchronousCompletionTask
Event: 5.163 Loading class java/util/concurrent/CompletableFuture$AsynchronousCompletionTask done
Event: 5.163 Loading class java/util/concurrent/CompletableFuture$Completion done
Event: 5.173 Loading class sun/nio/ch/WindowsAsynchronousFileChannelImpl$WriteTask
Event: 5.173 Loading class sun/nio/ch/WindowsAsynchronousFileChannelImpl$WriteTask done

Classes unloaded (7 events):
Event: 3.921 Thread 0x000002712c8543d0 Unloading class 0x000002712e187c00 'java/lang/invoke/LambdaForm$MH+0x000002712e187c00'
Event: 3.921 Thread 0x000002712c8543d0 Unloading class 0x000002712e187800 'java/lang/invoke/LambdaForm$MH+0x000002712e187800'
Event: 3.921 Thread 0x000002712c8543d0 Unloading class 0x000002712e187400 'java/lang/invoke/LambdaForm$MH+0x000002712e187400'
Event: 3.921 Thread 0x000002712c8543d0 Unloading class 0x000002712e187000 'java/lang/invoke/LambdaForm$MH+0x000002712e187000'
Event: 3.921 Thread 0x000002712c8543d0 Unloading class 0x000002712e186c00 'java/lang/invoke/LambdaForm$BMH+0x000002712e186c00'
Event: 3.921 Thread 0x000002712c8543d0 Unloading class 0x000002712e186800 'java/lang/invoke/LambdaForm$DMH+0x000002712e186800'
Event: 3.921 Thread 0x000002712c8543d0 Unloading class 0x000002712e185400 'java/lang/invoke/LambdaForm$DMH+0x000002712e185400'

Classes redefined (0 events):
No events

Internal exceptions (20 events):
Event: 4.633 Thread 0x00000271746572a0 Exception <a 'java/lang/UnsatisfiedLinkError'{0x00000000ebbe3dc0}: The specified procedure could not be found.
> (0x00000000ebbe3dc0) 
thrown [s\src\hotspot\share\prims\jni.cpp, line 539]
Event: 4.647 Thread 0x00000271746572a0 Exception <a 'java/lang/NoSuchMethodError'{0x00000000ebbefd48}: 'void java.lang.invoke.Invokers$Holder.invokeExact_MT(java.lang.Object, java.lang.Object, int, java.lang.Object)'> (0x00000000ebbefd48) 
thrown [s\src\hotspot\share\interpreter\linkResolver.cpp, line 773]
Event: 4.697 Thread 0x0000027118480fb0 Exception <a 'java/lang/NoSuchMethodError'{0x00000000ebf76bf8}: 'java.lang.Object java.lang.invoke.DirectMethodHandle$Holder.invokeStatic(java.lang.Object, long, java.lang.Object)'> (0x00000000ebf76bf8) 
thrown [s\src\hotspot\share\interpreter\linkResolver.cpp, line 773]
Event: 4.698 Thread 0x0000027118480fb0 Exception <a 'java/lang/NoSuchMethodError'{0x00000000ebf7a290}: 'java.lang.Object java.lang.invoke.DirectMethodHandle$Holder.invokeStaticInit(java.lang.Object, long, java.lang.Object)'> (0x00000000ebf7a290) 
thrown [s\src\hotspot\share\interpreter\linkResolver.cpp, line 773]
Event: 4.699 Thread 0x0000027118480fb0 Exception <a 'java/lang/NoSuchMethodError'{0x00000000ebf84eb8}: 'java.lang.Object java.lang.invoke.DirectMethodHandle$Holder.newInvokeSpecial(java.lang.Object, long)'> (0x00000000ebf84eb8) 
thrown [s\src\hotspot\share\interpreter\linkResolver.cpp, line 773]
Event: 4.730 Thread 0x0000027174a00d40 Exception <a 'java/io/FileNotFoundException'{0x00000000ec278480}> (0x00000000ec278480) 
thrown [s\src\hotspot\share\prims\jni.cpp, line 520]
Event: 4.731 Thread 0x0000027174a00d40 Exception <a 'java/io/FileNotFoundException'{0x00000000ec279708}> (0x00000000ec279708) 
thrown [s\src\hotspot\share\prims\jni.cpp, line 520]
Event: 4.734 Thread 0x0000027174a00d40 Exception <a 'java/lang/NoSuchMethodError'{0x00000000ec287aa8}: 'java.lang.Object java.lang.invoke.DirectMethodHandle$Holder.newInvokeSpecial(java.lang.Object, java.lang.Object, java.lang.Object, int)'> (0x00000000ec287aa8) 
thrown [s\src\hotspot\share\interpreter\linkResolver.cpp, line 773]
Event: 4.734 Thread 0x0000027174a00d40 Exception <a 'java/lang/NoSuchMethodError'{0x00000000ec28b760}: 'java.lang.Object java.lang.invoke.DirectMethodHandle$Holder.invokeSpecial(java.lang.Object, java.lang.Object, java.lang.Object, java.lang.Object, int)'> (0x00000000ec28b760) 
thrown [s\src\hotspot\share\interpreter\linkResolver.cpp, line 773]
Event: 4.734 Thread 0x0000027174a00d40 Exception <a 'java/lang/NoSuchMethodError'{0x00000000ec28ee50}: 'java.lang.Object java.lang.invoke.Invokers$Holder.linkToTargetMethod(java.lang.Object, java.lang.Object, int, java.lang.Object)'> (0x00000000ec28ee50) 
thrown [s\src\hotspot\share\interpreter\linkResolver.cpp, line 773]
Event: 4.736 Thread 0x0000027174a00d40 Exception <a 'java/lang/NoSuchMethodError'{0x00000000ec29a6d0}: 'void java.lang.invoke.DirectMethodHandle$Holder.invokeStaticInit(java.lang.Object, java.lang.Object, java.lang.Object)'> (0x00000000ec29a6d0) 
thrown [s\src\hotspot\share\interpreter\linkResolver.cpp, line 773]
Event: 4.742 Thread 0x0000027174a00d40 Exception <a 'java/io/FileNotFoundException'{0x00000000ec2c3608}> (0x00000000ec2c3608) 
thrown [s\src\hotspot\share\prims\jni.cpp, line 520]
Event: 4.742 Thread 0x0000027174a00d40 Exception <a 'java/io/FileNotFoundException'{0x00000000ec2c4358}> (0x00000000ec2c4358) 
thrown [s\src\hotspot\share\prims\jni.cpp, line 520]
Event: 4.955 Thread 0x0000027118480fb0 Exception <a 'java/lang/NoSuchMethodError'{0x00000000eb4db448}: 'void java.lang.invoke.DirectMethodHandle$Holder.invokeSpecial(java.lang.Object, java.lang.Object, java.lang.Object, java.lang.Object, java.lang.Object, java.lang.Object)'> (0x00000000eb4db448) 
thrown [s\src\hotspot\share\interpreter\linkResolver.cpp, line 773]
Event: 4.957 Thread 0x0000027118480fb0 Exception <a 'java/lang/IncompatibleClassChangeError'{0x00000000eb4e3988}: Found class java.lang.Object, but interface was expected> (0x00000000eb4e3988) 
thrown [s\src\hotspot\share\interpreter\linkResolver.cpp, line 840]
Event: 4.957 Thread 0x0000027118480fb0 Exception <a 'java/lang/IncompatibleClassChangeError'{0x00000000eb4e5888}: Found class java.lang.Object, but interface was expected> (0x00000000eb4e5888) 
thrown [s\src\hotspot\share\interpreter\linkResolver.cpp, line 840]
Event: 5.093 Thread 0x00000271762e39d0 Exception <a 'java/lang/NoSuchMethodError'{0x00000000ebae3940}: 'java.lang.Object java.lang.invoke.DirectMethodHandle$Holder.invokeInterface(java.lang.Object, java.lang.Object, java.lang.Object)'> (0x00000000ebae3940) 
thrown [s\src\hotspot\share\interpreter\linkResolver.cpp, line 773]
Event: 5.111 Thread 0x00000271762e39d0 Exception <a 'java/io/FileNotFoundException'{0x00000000ebb72758}> (0x00000000ebb72758) 
thrown [s\src\hotspot\share\prims\jni.cpp, line 520]
Event: 5.144 Thread 0x00000271762e39d0 Exception <a 'sun/nio/fs/WindowsException'{0x00000000ebcefda0}> (0x00000000ebcefda0) 
thrown [s\src\hotspot\share\prims\jni.cpp, line 520]
Event: 5.211 Thread 0x00000271762e39d0 Exception <a 'java/lang/IncompatibleClassChangeError'{0x00000000ebf7e188}: Found class java.lang.Object, but interface was expected> (0x00000000ebf7e188) 
thrown [s\src\hotspot\share\interpreter\linkResolver.cpp, line 840]

ZGC Phase Switch (0 events):
No events

VM Operations (20 events):
Event: 3.884 Executing VM operation: HandshakeAllThreads (Deoptimize)
Event: 3.884 Executing VM operation: HandshakeAllThreads (Deoptimize) done
Event: 3.888 Executing VM operation: HandshakeAllThreads (Deoptimize)
Event: 3.888 Executing VM operation: HandshakeAllThreads (Deoptimize) done
Event: 3.912 Executing VM operation: CollectForMetadataAllocation (Metadata GC Threshold)
Event: 3.946 Executing VM operation: CollectForMetadataAllocation (Metadata GC Threshold) done
Event: 4.040 Executing VM operation: HandshakeAllThreads (Deoptimize)
Event: 4.040 Executing VM operation: HandshakeAllThreads (Deoptimize) done
Event: 4.043 Executing VM operation: HandshakeAllThreads (Deoptimize)
Event: 4.043 Executing VM operation: HandshakeAllThreads (Deoptimize) done
Event: 4.216 Executing VM operation: HandshakeAllThreads (Deoptimize)
Event: 4.216 Executing VM operation: HandshakeAllThreads (Deoptimize) done
Event: 4.300 Executing VM operation: HandshakeAllThreads (Deoptimize)
Event: 4.300 Executing VM operation: HandshakeAllThreads (Deoptimize) done
Event: 4.566 Executing VM operation: HandshakeAllThreads (Deoptimize)
Event: 4.568 Executing VM operation: HandshakeAllThreads (Deoptimize) done
Event: 4.756 Executing VM operation: ParallelGCFailedAllocation (Allocation Failure)
Event: 4.759 Executing VM operation: ParallelGCFailedAllocation (Allocation Failure) done
Event: 5.101 Executing VM operation: HandshakeAllThreads (Deoptimize)
Event: 5.101 Executing VM operation: HandshakeAllThreads (Deoptimize) done

Memory protections (0 events):
No events

Nmethod flushes (0 events):
No events

Events (20 events):
Event: 4.008 Thread 0x0000027174e39c60 Thread exited: 0x0000027174e39c60
Event: 4.039 Thread 0x000002711853bb60 Thread added: 0x0000027174e39c60
Event: 4.556 Thread 0x0000027174e39c60 Thread exited: 0x0000027174e39c60
Event: 4.578 Thread 0x00000271746572a0 Thread added: 0x00000271753cd9a0
Event: 4.709 Thread 0x0000027118480fb0 Thread added: 0x00000271753cf3e0
Event: 4.710 Thread 0x0000027118480fb0 Thread added: 0x00000271753ce030
Event: 4.710 Thread 0x0000027118480fb0 Thread added: 0x00000271753cc5f0
Event: 4.710 Thread 0x0000027118480fb0 Thread added: 0x00000271753cd310
Event: 4.710 Thread 0x0000027118480fb0 Thread added: 0x00000271753ce6c0
Event: 4.710 Thread 0x0000027118480fb0 Thread added: 0x00000271753ccc80
Event: 4.710 Thread 0x0000027118480fb0 Thread added: 0x00000271753ced50
Event: 4.710 Thread 0x0000027118480fb0 Thread added: 0x00000271753cbf60
Event: 4.711 Thread 0x0000027118480fb0 Thread added: 0x00000271762e0be0
Event: 4.711 Thread 0x0000027118480fb0 Thread added: 0x00000271762e2620
Event: 4.711 Thread 0x0000027118480fb0 Thread added: 0x00000271762df830
Event: 4.711 Thread 0x0000027118480fb0 Thread added: 0x00000271762de480
Event: 4.713 Thread 0x0000027118480fb0 Thread added: 0x00000271762e1270
Event: 4.748 Thread 0x0000027118480fb0 Thread added: 0x00000271762e2cb0
Event: 4.977 Thread 0x0000027118480fb0 Thread added: 0x00000271762e1900
Event: 4.977 Thread 0x0000027118480fb0 Thread added: 0x00000271762e39d0


Dynamic libraries:
0x00007ff7cec30000 - 0x00007ff7cec3e000 	c:\Users\zinzi\.vscode\extensions\redhat.java-1.40.0-win32-x64\jre\21.0.6-win32-x86_64\bin\java.exe
0x00007ff8bef30000 - 0x00007ff8bf147000 	C:\WINDOWS\SYSTEM32\ntdll.dll
0x00007ff8bd770000 - 0x00007ff8bd834000 	C:\WINDOWS\System32\KERNEL32.DLL
0x00007ff8bc500000 - 0x00007ff8bc8d1000 	C:\WINDOWS\System32\KERNELBASE.dll
0x00007ff8bc3b0000 - 0x00007ff8bc4c1000 	C:\WINDOWS\System32\ucrtbase.dll
0x00007ff86c920000 - 0x00007ff86c938000 	c:\Users\zinzi\.vscode\extensions\redhat.java-1.40.0-win32-x64\jre\21.0.6-win32-x86_64\bin\jli.dll
0x00007ff8be240000 - 0x00007ff8be3f1000 	C:\WINDOWS\System32\USER32.dll
0x00007ff8bc300000 - 0x00007ff8bc326000 	C:\WINDOWS\System32\win32u.dll
0x00007ff8bcc00000 - 0x00007ff8bcc29000 	C:\WINDOWS\System32\GDI32.dll
0x00007ff8bc070000 - 0x00007ff8bc18b000 	C:\WINDOWS\System32\gdi32full.dll
0x00007ff8bc960000 - 0x00007ff8bc9fa000 	C:\WINDOWS\System32\msvcp_win.dll
0x00007ff86c940000 - 0x00007ff86c95e000 	c:\Users\zinzi\.vscode\extensions\redhat.java-1.40.0-win32-x64\jre\21.0.6-win32-x86_64\bin\VCRUNTIME140.dll
0x00007ff8a9b50000 - 0x00007ff8a9de2000 	C:\WINDOWS\WinSxS\amd64_microsoft.windows.common-controls_6595b64144ccf1df_6.0.22621.4830_none_270fe7d773858e80\COMCTL32.dll
0x00007ff8be190000 - 0x00007ff8be237000 	C:\WINDOWS\System32\msvcrt.dll
0x00007ff8bcd50000 - 0x00007ff8bcd81000 	C:\WINDOWS\System32\IMM32.DLL
0x00007ff86c910000 - 0x00007ff86c91c000 	c:\Users\zinzi\.vscode\extensions\redhat.java-1.40.0-win32-x64\jre\21.0.6-win32-x86_64\bin\vcruntime140_1.dll
0x00007ff86c860000 - 0x00007ff86c8ed000 	c:\Users\zinzi\.vscode\extensions\redhat.java-1.40.0-win32-x64\jre\21.0.6-win32-x86_64\bin\msvcp140.dll
0x00007ff840b80000 - 0x00007ff841910000 	c:\Users\zinzi\.vscode\extensions\redhat.java-1.40.0-win32-x64\jre\21.0.6-win32-x86_64\bin\server\jvm.dll
0x00007ff8bee30000 - 0x00007ff8beee1000 	C:\WINDOWS\System32\ADVAPI32.dll
0x00007ff8bcd90000 - 0x00007ff8bce37000 	C:\WINDOWS\System32\sechost.dll
0x00007ff8bc4d0000 - 0x00007ff8bc4f8000 	C:\WINDOWS\System32\bcrypt.dll
0x00007ff8bcc30000 - 0x00007ff8bcd44000 	C:\WINDOWS\System32\RPCRT4.dll
0x00007ff8be110000 - 0x00007ff8be181000 	C:\WINDOWS\System32\WS2_32.dll
0x00007ff8baee0000 - 0x00007ff8baf2d000 	C:\WINDOWS\SYSTEM32\POWRPROF.dll
0x00007ff8acbb0000 - 0x00007ff8acbe4000 	C:\WINDOWS\SYSTEM32\WINMM.dll
0x00007ff8b9c70000 - 0x00007ff8b9c7a000 	C:\WINDOWS\SYSTEM32\VERSION.dll
0x00007ff8baec0000 - 0x00007ff8baed3000 	C:\WINDOWS\SYSTEM32\UMPDC.dll
0x00007ff8bb170000 - 0x00007ff8bb188000 	C:\WINDOWS\SYSTEM32\kernel.appcore.dll
0x00007ff86c850000 - 0x00007ff86c85a000 	c:\Users\zinzi\.vscode\extensions\redhat.java-1.40.0-win32-x64\jre\21.0.6-win32-x86_64\bin\jimage.dll
0x00007ff8ac0a0000 - 0x00007ff8ac2d2000 	C:\WINDOWS\SYSTEM32\DBGHELP.DLL
0x00007ff8be990000 - 0x00007ff8bed20000 	C:\WINDOWS\System32\combase.dll
0x00007ff8be400000 - 0x00007ff8be4d7000 	C:\WINDOWS\System32\OLEAUT32.dll
0x00007ff8a2290000 - 0x00007ff8a22c2000 	C:\WINDOWS\SYSTEM32\dbgcore.DLL
0x00007ff8bc330000 - 0x00007ff8bc3ab000 	C:\WINDOWS\System32\bcryptPrimitives.dll
0x00007ff851c30000 - 0x00007ff851c3f000 	c:\Users\zinzi\.vscode\extensions\redhat.java-1.40.0-win32-x64\jre\21.0.6-win32-x86_64\bin\instrument.dll
0x00007ff851d00000 - 0x00007ff851d1f000 	c:\Users\zinzi\.vscode\extensions\redhat.java-1.40.0-win32-x64\jre\21.0.6-win32-x86_64\bin\java.dll
0x00007ff8bcee0000 - 0x00007ff8bd768000 	C:\WINDOWS\System32\SHELL32.dll
0x00007ff8bca00000 - 0x00007ff8bcb3f000 	C:\WINDOWS\System32\wintypes.dll
0x00007ff8b9f90000 - 0x00007ff8ba89d000 	C:\WINDOWS\SYSTEM32\windows.storage.dll
0x00007ff8be650000 - 0x00007ff8be75a000 	C:\WINDOWS\System32\SHCORE.dll
0x00007ff8be5f0000 - 0x00007ff8be64e000 	C:\WINDOWS\System32\shlwapi.dll
0x00007ff8bbfa0000 - 0x00007ff8bbfcb000 	C:\WINDOWS\SYSTEM32\profapi.dll
0x00007ff851ce0000 - 0x00007ff851cf8000 	c:\Users\zinzi\.vscode\extensions\redhat.java-1.40.0-win32-x64\jre\21.0.6-win32-x86_64\bin\zip.dll
0x00007ff869df0000 - 0x00007ff869e00000 	C:\Users\zinzi\.vscode\extensions\redhat.java-1.40.0-win32-x64\jre\21.0.6-win32-x86_64\bin\net.dll
0x00007ff8b83f0000 - 0x00007ff8b851c000 	C:\WINDOWS\SYSTEM32\WINHTTP.dll
0x00007ff8bb5d0000 - 0x00007ff8bb63a000 	C:\WINDOWS\system32\mswsock.dll
0x00007ff851cc0000 - 0x00007ff851cd6000 	C:\Users\zinzi\.vscode\extensions\redhat.java-1.40.0-win32-x64\jre\21.0.6-win32-x86_64\bin\nio.dll
0x00007ff851cb0000 - 0x00007ff851cc0000 	c:\Users\zinzi\.vscode\extensions\redhat.java-1.40.0-win32-x64\jre\21.0.6-win32-x86_64\bin\verify.dll
0x00007ff8762e0000 - 0x00007ff876325000 	C:\Users\zinzi\AppData\Roaming\Code\User\globalStorage\redhat.java\1.40.0\config_ss_win\org.eclipse.equinox.launcher\org.eclipse.equinox.launcher.win32.win32.x86_64_1.2.1200.v20250212-0927\eclipse_11909.dll
0x00007ff8bd840000 - 0x00007ff8bd9e1000 	C:\WINDOWS\System32\ole32.dll
0x00007ff8bb7f0000 - 0x00007ff8bb80b000 	C:\WINDOWS\SYSTEM32\CRYPTSP.dll
0x00007ff8bb0d0000 - 0x00007ff8bb107000 	C:\WINDOWS\system32\rsaenh.dll
0x00007ff8bb680000 - 0x00007ff8bb6a8000 	C:\WINDOWS\SYSTEM32\USERENV.dll
0x00007ff8bb7e0000 - 0x00007ff8bb7ec000 	C:\WINDOWS\SYSTEM32\CRYPTBASE.dll
0x00007ff8bab70000 - 0x00007ff8bab9d000 	C:\WINDOWS\SYSTEM32\IPHLPAPI.DLL
0x00007ff8bdc50000 - 0x00007ff8bdc59000 	C:\WINDOWS\System32\NSI.dll
0x00007ff8a58d0000 - 0x00007ff8a5919000 	C:\Users\zinzi\AppData\Local\Temp\jna-115907214\jna3150752551337738033.dll
0x00007ff8bced0000 - 0x00007ff8bced8000 	C:\WINDOWS\System32\PSAPI.DLL
0x00007ff8b8290000 - 0x00007ff8b82a9000 	C:\WINDOWS\SYSTEM32\dhcpcsvc6.DLL
0x00007ff8b8270000 - 0x00007ff8b828f000 	C:\WINDOWS\SYSTEM32\dhcpcsvc.DLL

dbghelp: loaded successfully - version: 4.0.5 - missing functions: none
symbol engine: initialized successfully - sym options: 0x614 - pdb path: .;c:\Users\zinzi\.vscode\extensions\redhat.java-1.40.0-win32-x64\jre\21.0.6-win32-x86_64\bin;C:\WINDOWS\SYSTEM32;C:\WINDOWS\WinSxS\amd64_microsoft.windows.common-controls_6595b64144ccf1df_6.0.22621.4830_none_270fe7d773858e80;c:\Users\zinzi\.vscode\extensions\redhat.java-1.40.0-win32-x64\jre\21.0.6-win32-x86_64\bin\server;C:\Users\zinzi\AppData\Roaming\Code\User\globalStorage\redhat.java\1.40.0\config_ss_win\org.eclipse.equinox.launcher\org.eclipse.equinox.launcher.win32.win32.x86_64_1.2.1200.v20250212-0927;C:\Users\zinzi\AppData\Local\Temp\jna-115907214

VM Arguments:
jvm_args: --add-modules=ALL-SYSTEM --add-opens=java.base/java.util=ALL-UNNAMED --add-opens=java.base/java.lang=ALL-UNNAMED --add-opens=java.base/sun.nio.fs=ALL-UNNAMED -Declipse.application=org.eclipse.jdt.ls.core.id1 -Dosgi.bundles.defaultStartLevel=4 -Declipse.product=org.eclipse.jdt.ls.core.product -Djava.import.generatesMetadataFilesAtProjectRoot=false -DDetectVMInstallationsJob.disabled=true -Dfile.encoding=utf8 -XX:+UseParallelGC -XX:GCTimeRatio=4 -XX:AdaptiveSizePolicyWeight=90 -Dsun.zip.disableMemoryMapping=true -Xmx1G -Xms100m -Xlog:disable -javaagent:c:\Users\zinzi\.vscode\extensions\redhat.java-1.40.0-win32-x64\lombok\lombok-1.18.36.jar 
java_command: c:\Users\zinzi\.vscode\extensions\redhat.java-1.40.0-win32-x64\server\plugins\org.eclipse.equinox.launcher_1.6.1000.v20250131-0606.jar -configuration c:\Users\zinzi\AppData\Roaming\Code\User\globalStorage\redhat.java\1.40.0\config_ss_win -data c:\Users\zinzi\AppData\Roaming\Code\User\workspaceStorage\1531145508dfbda3fe65cda5b18105b1\redhat.java\ss_ws --pipe=\\.\pipe\lsp-5b7b275d2fb361ec8959947d22393f6c-sock
java_class_path (initial): c:\Users\zinzi\.vscode\extensions\redhat.java-1.40.0-win32-x64\server\plugins\org.eclipse.equinox.launcher_1.6.1000.v20250131-0606.jar
Launcher Type: SUN_STANDARD

[Global flags]
    uintx AdaptiveSizePolicyWeight                 = 90                                        {product} {command line}
     intx CICompilerCount                          = 4                                         {product} {ergonomic}
    uintx GCTimeRatio                              = 4                                         {product} {command line}
   size_t InitialHeapSize                          = 104857600                                 {product} {command line}
   size_t MaxHeapSize                              = 1073741824                                {product} {command line}
   size_t MaxNewSize                               = 357564416                                 {product} {ergonomic}
   size_t MinHeapDeltaBytes                        = 524288                                    {product} {ergonomic}
   size_t MinHeapSize                              = 104857600                                 {product} {command line}
   size_t NewSize                                  = 34603008                                  {product} {ergonomic}
    uintx NonNMethodCodeHeapSize                   = 5839372                                {pd product} {ergonomic}
    uintx NonProfiledCodeHeapSize                  = 122909434                              {pd product} {ergonomic}
   size_t OldSize                                  = 70254592                                  {product} {ergonomic}
    uintx ProfiledCodeHeapSize                     = 122909434                              {pd product} {ergonomic}
    uintx ReservedCodeCacheSize                    = 251658240                              {pd product} {ergonomic}
     bool SegmentedCodeCache                       = true                                      {product} {ergonomic}
   size_t SoftMaxHeapSize                          = 1073741824                             {manageable} {ergonomic}
     bool UseCompressedOops                        = true                           {product lp64_product} {ergonomic}
     bool UseLargePagesIndividualAllocation        = false                                  {pd product} {ergonomic}
     bool UseParallelGC                            = true                                      {product} {command line}

Logging:
Log output configuration:
 #0: stdout all=off uptime,level,tags foldmultilines=false
 #1: stderr all=off uptime,level,tags foldmultilines=false

Environment Variables:
JAVA_HOME=C:\Program Files\Microsoft\jdk-17.0.10.7-hotspot\
PATH=C:\Program Files\Microsoft\jdk-17.0.10.7-hotspot\bin;C:\WINDOWS\system32;C:\WINDOWS;C:\WINDOWS\System32\Wbem;C:\WINDOWS\System32\WindowsPowerShell\v1.0\;C:\WINDOWS\System32\OpenSSH\;C:\ProgramData\chocolatey\bin;C:\Program Files\Microsoft SQL Server\150\Tools\Binn\;C:\Program Files\Microsoft SQL Server\Client SDK\ODBC\170\Tools\Binn\;C:\Program Files (x86)\Microsoft SQL Server\160\Tools\Binn\;C:\Program Files\Microsoft SQL Server\160\Tools\Binn\;C:\Program Files\Microsoft SQL Server\160\DTS\Binn\;C:\Program Files (x86)\NVIDIA Corporation\PhysX\Common;C:\Users\zinzi\AppData\Roaming\nvm;C:\Program Files\nodejs;C:\Program Files\Amazon\AWSCLIV2\;C:\Program Files\starship\bin\;C:\Program Files (x86)\oh-my-posh\bin;D:\Git\Git\cmd;C:\Program Files\Amazon\SessionManagerPlugin\bin\;C:\Program Files\dotnet\;C:\Program Files\Amazon\SessionManagerPlugin\bin;C:\Program Files\MySQL\MySQL Shell 8.0\bin\;C:\Users\zinzi\AppData\Local\Android\Sdk\platform-tools;C:\Users\zinzi\AppData\Local\Microsoft\WindowsApps;C:\Users\zinzi\AppData\Local\Programs\Microsoft VS Code\bin;C:\Users\zinzi\AppData\Local\GitHubDesktop\bin;C:\Users\zinzi\AppData\Roaming\npm;C:\Users\zinzi\AppData\Roaming\nvm;C:\Program Files\nodejs;C:\Users\zinzi\AppData\Local\Programs\oh-my-posh\bin;C:\Users\zinzi\AppData\Local\Packages\PythonSoftwareFoundation.Python.3.13_qbz5n2kfra8p0\LocalCache\local-packages\Python313\Scripts;C:\Gradle\gradle-8.13\bin;C:\Users\zinzi\.dotnet\tools
USERNAME=zinzi
OS=Windows_NT
PROCESSOR_IDENTIFIER=Intel64 Family 6 Model 165 Stepping 2, GenuineIntel
TMP=C:\Users\zinzi\AppData\Local\Temp
TEMP=C:\Users\zinzi\AppData\Local\Temp




Periodic native trim disabled

---------------  S Y S T E M  ---------------

OS:
 Windows 11 , 64 bit Build 22621 (10.0.22621.4974)
OS uptime: 0 days 0:23 hours
Hyper-V role detected

CPU: total 12 (initial active 12) (6 cores per cpu, 2 threads per core) family 6 model 165 stepping 2 microcode 0xe0, cx8, cmov, fxsr, ht, mmx, 3dnowpref, sse, sse2, sse3, ssse3, sse4.1, sse4.2, popcnt, lzcnt, tsc, tscinvbit, avx, avx2, aes, erms, clmul, bmi1, bmi2, adx, fma, vzeroupper, clflush, clflushopt, hv, rdtscp, f16c
Processor Information for the first 12 processors :
  Max Mhz: 2592, Current Mhz: 2592, Mhz Limit: 2592

Memory: 4k page, system-wide physical 16205M (5754M free)
TotalPageFile size 18253M (AvailPageFile size 9M)
current process WorkingSet (physical memory assigned to process): 170M, peak: 170M
current process commit charge ("private bytes"): 276M, peak: 277M

vm_info: OpenJDK 64-Bit Server VM (21.0.6+7-LTS) for windows-amd64 JRE (21.0.6+7-LTS), built on 2025-01-21T00:00:00Z by "admin" with MS VC++ 17.7 (VS2022)

END.
