#
# There is insufficient memory for the Java Runtime Environment to continue.
# Native memory allocation (malloc) failed to allocate 1595216 bytes. Error detail: Chunk::new
# Possible reasons:
#   The system is out of physical RAM or swap space
#   This process is running with CompressedOops enabled, and the Java Heap may be blocking the growth of the native heap
# Possible solutions:
#   Reduce memory load on the system
#   Increase physical memory or swap space
#   Check if swap backing store is full
#   Decrease Java heap size (-Xmx/-Xms)
#   Decrease number of Java threads
#   Decrease Java thread stack sizes (-Xss)
#   Set larger code cache with -XX:ReservedCodeCacheSize=
#   JVM is running with Unscaled Compressed Oops mode in which the Java heap is
#     placed in the first 4GB address space. The Java Heap base address is the
#     maximum limit for the native heap growth. Please use -XX:HeapBaseMinAddress
#     to set the Java Heap base and to place the Java Heap above 4GB virtual address.
# This output file may be truncated or incomplete.
#
#  Out of Memory Error (arena.cpp:168), pid=11044, tid=328
#
# JRE version: OpenJDK Runtime Environment Temurin-21.0.6+7 (21.0.6+7) (build 21.0.6+7-LTS)
# Java VM: OpenJDK 64-Bit Server VM Temurin-21.0.6+7 (21.0.6+7-LTS, mixed mode, sharing, tiered, compressed oops, compressed class ptrs, parallel gc, windows-amd64)
# No core dump will be written. Minidumps are not enabled by default on client versions of Windows
#

---------------  S U M M A R Y ------------

Command Line: --add-modules=ALL-SYSTEM --add-opens=java.base/java.util=ALL-UNNAMED --add-opens=java.base/java.lang=ALL-UNNAMED --add-opens=java.base/sun.nio.fs=ALL-UNNAMED -Declipse.application=org.eclipse.jdt.ls.core.id1 -Dosgi.bundles.defaultStartLevel=4 -Declipse.product=org.eclipse.jdt.ls.core.product -Djava.import.generatesMetadataFilesAtProjectRoot=false -DDetectVMInstallationsJob.disabled=true -Dfile.encoding=utf8 -XX:+UseParallelGC -XX:GCTimeRatio=4 -XX:AdaptiveSizePolicyWeight=90 -Dsun.zip.disableMemoryMapping=true -Xmx1G -Xms100m -Xlog:disable -javaagent:c:\Users\zinzi\.vscode\extensions\redhat.java-1.40.0-win32-x64\lombok\lombok-1.18.36.jar -XX:+HeapDumpOnOutOfMemoryError -XX:HeapDumpPath=c:\Users\zinzi\AppData\Roaming\Code\User\workspaceStorage\1531145508dfbda3fe65cda5b18105b1\redhat.java -Daether.dependencyCollector.impl=bf c:\Users\zinzi\.vscode\extensions\redhat.java-1.40.0-win32-x64\server\plugins\org.eclipse.equinox.launcher_1.6.1000.v20250131-0606.jar -configuration c:\Users\zinzi\AppData\Roaming\Code\User\globalStorage\redhat.java\1.40.0\config_win -data c:\Users\zinzi\AppData\Roaming\Code\User\workspaceStorage\1531145508dfbda3fe65cda5b18105b1\redhat.java\jdt_ws --pipe=\\.\pipe\lsp-829b5575a171af4c5922c82d629d4fe5-sock

Host: Intel(R) Core(TM) i7-10750H CPU @ 2.60GHz, 12 cores, 15G,  Windows 11 , 64 bit Build 22621 (10.0.22621.4974)
Time: Fri Mar 21 23:00:24 2025 SE Asia Standard Time elapsed time: 16.328478 seconds (0d 0h 0m 16s)

---------------  T H R E A D  ---------------

Current thread (0x00000230dd9da210):  JavaThread "C2 CompilerThread2" daemon [_thread_in_native, id=328, stack(0x0000004057800000,0x0000004057900000) (1024K)]


Current CompileTask:
C2:16328 10325       4       org.eclipse.jdt.internal.compiler.parser.Parser::consumeRule (7755 bytes)

Stack: [0x0000004057800000,0x0000004057900000]
Native frames: (J=compiled Java code, j=interpreted, Vv=VM code, C=native code)
V  [jvm.dll+0x6cdee9]
V  [jvm.dll+0x8a83d1]
V  [jvm.dll+0x8aa8fe]
V  [jvm.dll+0x8aafe3]
V  [jvm.dll+0x27f706]
V  [jvm.dll+0xc500d]
V  [jvm.dll+0xc5543]
V  [jvm.dll+0x3b6752]
V  [jvm.dll+0x382935]
V  [jvm.dll+0x381d9a]
V  [jvm.dll+0x2479f0]
V  [jvm.dll+0x246fcf]
V  [jvm.dll+0x1c75ee]
V  [jvm.dll+0x25685a]
V  [jvm.dll+0x254dfa]
V  [jvm.dll+0x3f0256]
V  [jvm.dll+0x851f8b]
V  [jvm.dll+0x6cc5ed]
C  [ucrtbase.dll+0x29333]
C  [KERNEL32.DLL+0x1259d]
C  [ntdll.dll+0x5af38]


---------------  P R O C E S S  ---------------

Threads class SMR info:
_java_thread_list=0x00000230ff6b4270, length=67, elements={
0x00000230f57cf3b0, 0x00000230fcbb44b0, 0x00000230fabbc7a0, 0x00000230fcbb5fb0,
0x00000230fcbb78a0, 0x00000230fcbb9370, 0x00000230fcbbbdd0, 0x00000230fcbbcc00,
0x00000230fcbee130, 0x00000230fccc3a50, 0x00000230fce58670, 0x00000230fd7145a0,
0x00000230fd713880, 0x00000230fd713f10, 0x00000230fd7152c0, 0x00000230fd715fe0,
0x00000230fd715950, 0x00000230fd712b60, 0x00000230fdcd05e0, 0x00000230fdcce510,
0x00000230fdcd0c70, 0x00000230fdccd7f0, 0x00000230fdcceba0, 0x00000230fdccb090,
0x00000230fdccf230, 0x00000230fdccf8c0, 0x00000230fdcccad0, 0x00000230fdcd1990,
0x00000230fdcd2020, 0x00000230fdcd26b0, 0x00000230fdccff50, 0x00000230fdccb720,
0x00000230fdccc440, 0x00000230fdccd160, 0x00000230fdccde80, 0x00000230fffc1790,
0x00000230fffbe310, 0x00000230fffbf030, 0x00000230fffbf6c0, 0x00000230fffc3ef0,
0x00000230fffbe9a0, 0x00000230fffbfd50, 0x00000230fffc03e0, 0x00000230fffc31d0,
0x00000230fffc4580, 0x00000230fffc1e20, 0x00000230fffc0a70, 0x00000230fffc1100,
0x00000230fffc24b0, 0x00000230fffc3860, 0x00000230fffc4c10, 0x00000230fffbdc80,
0x00000230fffc52a0, 0x00000230dcc18550, 0x00000230dcc171a0, 0x00000230dcc18be0,
0x00000230dcc19270, 0x00000230dcc15760, 0x00000230dcc19f90, 0x00000230dcc13000,
0x00000230dcc19900, 0x00000230dcc16b10, 0x00000230dcc17830, 0x00000230dcc143b0,
0x00000230ff6a8d30, 0x00000230dd9da210, 0x00000230dcc150d0
}

Java Threads: ( => current thread )
  0x00000230f57cf3b0 JavaThread "main"                              [_thread_blocked, id=10924, stack(0x0000004056300000,0x0000004056400000) (1024K)]
  0x00000230fcbb44b0 JavaThread "Reference Handler"          daemon [_thread_blocked, id=17792, stack(0x0000004056700000,0x0000004056800000) (1024K)]
  0x00000230fabbc7a0 JavaThread "Finalizer"                  daemon [_thread_blocked, id=9856, stack(0x0000004056800000,0x0000004056900000) (1024K)]
  0x00000230fcbb5fb0 JavaThread "Signal Dispatcher"          daemon [_thread_blocked, id=16912, stack(0x0000004056900000,0x0000004056a00000) (1024K)]
  0x00000230fcbb78a0 JavaThread "Attach Listener"            daemon [_thread_blocked, id=15340, stack(0x0000004056a00000,0x0000004056b00000) (1024K)]
  0x00000230fcbb9370 JavaThread "Service Thread"             daemon [_thread_blocked, id=12472, stack(0x0000004056b00000,0x0000004056c00000) (1024K)]
  0x00000230fcbbbdd0 JavaThread "Monitor Deflation Thread"   daemon [_thread_blocked, id=7880, stack(0x0000004056c00000,0x0000004056d00000) (1024K)]
  0x00000230fcbbcc00 JavaThread "C2 CompilerThread0"         daemon [_thread_in_native, id=4788, stack(0x0000004056d00000,0x0000004056e00000) (1024K)]
  0x00000230fcbee130 JavaThread "C1 CompilerThread0"         daemon [_thread_in_vm, id=17964, stack(0x0000004056e00000,0x0000004056f00000) (1024K)]
  0x00000230fccc3a50 JavaThread "Common-Cleaner"             daemon [_thread_blocked, id=16280, stack(0x0000004056f00000,0x0000004057000000) (1024K)]
  0x00000230fce58670 JavaThread "Notification Thread"        daemon [_thread_blocked, id=13508, stack(0x0000004057000000,0x0000004057100000) (1024K)]
  0x00000230fd7145a0 JavaThread "Active Thread: Equinox Container: 38253999-a90e-43e4-ad29-270059cf06cd"        [_thread_blocked, id=9940, stack(0x0000004057900000,0x0000004057a00000) (1024K)]
  0x00000230fd713880 JavaThread "Refresh Thread: Equinox Container: 38253999-a90e-43e4-ad29-270059cf06cd" daemon [_thread_blocked, id=19996, stack(0x0000004057a00000,0x0000004057b00000) (1024K)]
  0x00000230fd713f10 JavaThread "Framework Event Dispatcher: Equinox Container: 38253999-a90e-43e4-ad29-270059cf06cd" daemon [_thread_blocked, id=15924, stack(0x0000004057c00000,0x0000004057d00000) (1024K)]
  0x00000230fd7152c0 JavaThread "Start Level: Equinox Container: 38253999-a90e-43e4-ad29-270059cf06cd" daemon [_thread_blocked, id=16508, stack(0x0000004057d00000,0x0000004057e00000) (1024K)]
  0x00000230fd715fe0 JavaThread "Bundle File Closer"         daemon [_thread_blocked, id=13672, stack(0x0000004057e00000,0x0000004057f00000) (1024K)]
  0x00000230fd715950 JavaThread "SCR Component Actor"        daemon [_thread_blocked, id=10676, stack(0x0000004058100000,0x0000004058200000) (1024K)]
  0x00000230fd712b60 JavaThread "Worker-JM"                         [_thread_blocked, id=9180, stack(0x0000004058300000,0x0000004058400000) (1024K)]
  0x00000230fdcd05e0 JavaThread "JNA Cleaner"                daemon [_thread_blocked, id=17512, stack(0x0000004058400000,0x0000004058500000) (1024K)]
  0x00000230fdcce510 JavaThread "Worker-0"                          [_thread_blocked, id=19256, stack(0x0000004058500000,0x0000004058600000) (1024K)]
  0x00000230fdcd0c70 JavaThread "Worker-1: Refreshing workspace"        [_thread_blocked, id=18284, stack(0x0000004058600000,0x0000004058700000) (1024K)]
  0x00000230fdccd7f0 JavaThread "Worker-2: Initialize Workspace"        [_thread_in_native, id=4336, stack(0x0000004058700000,0x0000004058800000) (1024K)]
  0x00000230fdcceba0 JavaThread "Java indexing"              daemon [_thread_in_Java, id=9196, stack(0x0000004058800000,0x0000004058900000) (1024K)]
  0x00000230fdccb090 JavaThread "Worker-3: Download Gradle Wrapper checksums"        [_thread_in_vm, id=15868, stack(0x0000004058900000,0x0000004058a00000) (1024K)]
  0x00000230fdccf230 JavaThread "Worker-4: Java indexing... "        [_thread_blocked, id=3872, stack(0x0000004058a00000,0x0000004058b00000) (1024K)]
  0x00000230fdccf8c0 JavaThread "Thread-2"                   daemon [_thread_in_native, id=20064, stack(0x0000004058b00000,0x0000004058c00000) (1024K)]
  0x00000230fdcccad0 JavaThread "Thread-3"                   daemon [_thread_in_native, id=5804, stack(0x0000004058c00000,0x0000004058d00000) (1024K)]
  0x00000230fdcd1990 JavaThread "Thread-4"                   daemon [_thread_in_native, id=12804, stack(0x0000004058d00000,0x0000004058e00000) (1024K)]
  0x00000230fdcd2020 JavaThread "Thread-5"                   daemon [_thread_in_native, id=7608, stack(0x0000004058e00000,0x0000004058f00000) (1024K)]
  0x00000230fdcd26b0 JavaThread "Thread-6"                   daemon [_thread_in_native, id=10640, stack(0x0000004058f00000,0x0000004059000000) (1024K)]
  0x00000230fdccff50 JavaThread "Thread-7"                   daemon [_thread_in_native, id=18784, stack(0x0000004059000000,0x0000004059100000) (1024K)]
  0x00000230fdccb720 JavaThread "Thread-8"                   daemon [_thread_in_native, id=13264, stack(0x0000004059100000,0x0000004059200000) (1024K)]
  0x00000230fdccc440 JavaThread "Thread-9"                   daemon [_thread_in_native, id=16804, stack(0x0000004059200000,0x0000004059300000) (1024K)]
  0x00000230fdccd160 JavaThread "Thread-10"                  daemon [_thread_in_native, id=11260, stack(0x0000004059300000,0x0000004059400000) (1024K)]
  0x00000230fdccde80 JavaThread "Thread-11"                  daemon [_thread_in_native, id=1372, stack(0x0000004059400000,0x0000004059500000) (1024K)]
  0x00000230fffc1790 JavaThread "Thread-12"                  daemon [_thread_in_native, id=12852, stack(0x0000004059500000,0x0000004059600000) (1024K)]
  0x00000230fffbe310 JavaThread "Thread-13"                  daemon [_thread_in_native, id=18260, stack(0x0000004059600000,0x0000004059700000) (1024K)]
  0x00000230fffbf030 JavaThread "Thread-14"                  daemon [_thread_in_native, id=17488, stack(0x0000004059700000,0x0000004059800000) (1024K)]
  0x00000230fffbf6c0 JavaThread "pool-2-thread-1"                   [_thread_blocked, id=18656, stack(0x0000004059800000,0x0000004059900000) (1024K)]
  0x00000230fffc3ef0 JavaThread "Worker-5: Validating Gradle wrapper checksum..."        [_thread_blocked, id=11272, stack(0x0000004059900000,0x0000004059a00000) (1024K)]
  0x00000230fffbe9a0 JavaThread "WorkspaceEventsHandler"            [_thread_blocked, id=15068, stack(0x0000004059a00000,0x0000004059b00000) (1024K)]
  0x00000230fffbfd50 JavaThread "pool-1-thread-1"                   [_thread_blocked, id=5968, stack(0x0000004059b00000,0x0000004059c00000) (1024K)]
  0x00000230fffc03e0 JavaThread "LocalFile Deleter"          daemon [_thread_blocked, id=3100, stack(0x0000004059c00000,0x0000004059d00000) (1024K)]
  0x00000230fffc31d0 JavaThread "LocalFile Deleter"          daemon [_thread_blocked, id=19676, stack(0x0000004059d00000,0x0000004059e00000) (1024K)]
  0x00000230fffc4580 JavaThread "LocalFile Deleter"          daemon [_thread_blocked, id=6812, stack(0x0000004059e00000,0x0000004059f00000) (1024K)]
  0x00000230fffc1e20 JavaThread "LocalFile Deleter"          daemon [_thread_blocked, id=16412, stack(0x0000004059f00000,0x000000405a000000) (1024K)]
  0x00000230fffc0a70 JavaThread "LocalFile Deleter"          daemon [_thread_blocked, id=4424, stack(0x000000405a000000,0x000000405a100000) (1024K)]
  0x00000230fffc1100 JavaThread "LocalFile Deleter"          daemon [_thread_blocked, id=19480, stack(0x000000405a100000,0x000000405a200000) (1024K)]
  0x00000230fffc24b0 JavaThread "LocalFile Deleter"          daemon [_thread_blocked, id=17212, stack(0x000000405a200000,0x000000405a300000) (1024K)]
  0x00000230fffc3860 JavaThread "LocalFile Deleter"          daemon [_thread_blocked, id=18208, stack(0x000000405a300000,0x000000405a400000) (1024K)]
  0x00000230fffc4c10 JavaThread "LocalFile Deleter"          daemon [_thread_blocked, id=18460, stack(0x000000405a400000,0x000000405a500000) (1024K)]
  0x00000230fffbdc80 JavaThread "LocalFile Deleter"          daemon [_thread_blocked, id=17948, stack(0x000000405a500000,0x000000405a600000) (1024K)]
  0x00000230fffc52a0 JavaThread "LocalFile Deleter"          daemon [_thread_blocked, id=11064, stack(0x000000405a600000,0x000000405a700000) (1024K)]
  0x00000230dcc18550 JavaThread "LocalFile Deleter"          daemon [_thread_blocked, id=16368, stack(0x000000405a700000,0x000000405a800000) (1024K)]
  0x00000230dcc171a0 JavaThread "Compiler Source File Reader" daemon [_thread_blocked, id=19844, stack(0x000000405a800000,0x000000405a900000) (1024K)]
  0x00000230dcc18be0 JavaThread "Compiler Source File Reader" daemon [_thread_blocked, id=2356, stack(0x000000405a900000,0x000000405aa00000) (1024K)]
  0x00000230dcc19270 JavaThread "Compiler Source File Reader" daemon [_thread_blocked, id=14644, stack(0x000000405aa00000,0x000000405ab00000) (1024K)]
  0x00000230dcc15760 JavaThread "Compiler Source File Reader" daemon [_thread_blocked, id=4488, stack(0x000000405ab00000,0x000000405ac00000) (1024K)]
  0x00000230dcc19f90 JavaThread "Compiler Source File Reader" daemon [_thread_blocked, id=20112, stack(0x000000405ac00000,0x000000405ad00000) (1024K)]
  0x00000230dcc13000 JavaThread "Compiler Source File Reader" daemon [_thread_blocked, id=15152, stack(0x000000405ad00000,0x000000405ae00000) (1024K)]
  0x00000230dcc19900 JavaThread "Compiler Source File Reader" daemon [_thread_blocked, id=12964, stack(0x000000405ae00000,0x000000405af00000) (1024K)]
  0x00000230dcc16b10 JavaThread "Compiler Source File Reader" daemon [_thread_blocked, id=19876, stack(0x000000405af00000,0x000000405b000000) (1024K)]
  0x00000230dcc17830 JavaThread "Compiler Source File Reader" daemon [_thread_blocked, id=9472, stack(0x000000405b000000,0x000000405b100000) (1024K)]
  0x00000230dcc143b0 JavaThread "Compiler Source File Reader" daemon [_thread_blocked, id=17760, stack(0x000000405b100000,0x000000405b200000) (1024K)]
  0x00000230ff6a8d30 JavaThread "C2 CompilerThread1"         daemon [_thread_in_native, id=11580, stack(0x0000004057100000,0x0000004057200000) (1024K)]
=>0x00000230dd9da210 JavaThread "C2 CompilerThread2"         daemon [_thread_in_native, id=328, stack(0x0000004057800000,0x0000004057900000) (1024K)]
  0x00000230dcc150d0 JavaThread "Timer-0"                           [_thread_blocked, id=10880, stack(0x0000004058200000,0x0000004058300000) (1024K)]
Total: 67

Other Threads:
  0x00000230f588eab0 VMThread "VM Thread"                           [id=19576, stack(0x0000004056600000,0x0000004056700000) (1024K)]
  0x00000230faa9ca00 WatcherThread "VM Periodic Task Thread"        [id=17324, stack(0x0000004056500000,0x0000004056600000) (1024K)]
  0x00000230f57ec830 WorkerThread "GC Thread#0"                     [id=18248, stack(0x0000004056400000,0x0000004056500000) (1024K)]
  0x00000230fcf583f0 WorkerThread "GC Thread#1"                     [id=15128, stack(0x0000004057200000,0x0000004057300000) (1024K)]
  0x00000230fd7d4510 WorkerThread "GC Thread#2"                     [id=14748, stack(0x0000004057300000,0x0000004057400000) (1024K)]
  0x00000230fd7d48b0 WorkerThread "GC Thread#3"                     [id=8620, stack(0x0000004057400000,0x0000004057500000) (1024K)]
  0x00000230fd7d4c50 WorkerThread "GC Thread#4"                     [id=11172, stack(0x0000004057500000,0x0000004057600000) (1024K)]
  0x00000230fd33d680 WorkerThread "GC Thread#5"                     [id=17340, stack(0x0000004057600000,0x0000004057700000) (1024K)]
  0x00000230fd33da20 WorkerThread "GC Thread#6"                     [id=7692, stack(0x0000004057700000,0x0000004057800000) (1024K)]
  0x00000230fd817160 WorkerThread "GC Thread#7"                     [id=9012, stack(0x0000004057b00000,0x0000004057c00000) (1024K)]
  0x00000230fd840f30 WorkerThread "GC Thread#8"                     [id=4924, stack(0x0000004057f00000,0x0000004058000000) (1024K)]
  0x00000230fd8412d0 WorkerThread "GC Thread#9"                     [id=6056, stack(0x0000004058000000,0x0000004058100000) (1024K)]
Total: 12

Threads with active compile tasks:
C2 CompilerThread0  16369 10386   !   4       org.eclipse.jdt.internal.compiler.parser.Scanner::getNextToken0 (3018 bytes)
C2 CompilerThread1  16369 10380       4       java.util.regex.Pattern::compile (537 bytes)
C2 CompilerThread2  16369 10325       4       org.eclipse.jdt.internal.compiler.parser.Parser::consumeRule (7755 bytes)
Total: 3

VM state: not at safepoint (normal execution)

VM Mutex/Monitor currently owned by a thread: None

Heap address: 0x00000000c0000000, size: 1024 MB, Compressed Oops mode: 32-bit

CDS archive(s) mapped at: [0x000002308f000000-0x000002308fba0000-0x000002308fba0000), size 12189696, SharedBaseAddress: 0x000002308f000000, ArchiveRelocationMode: 1.
Compressed class space mapped at: 0x0000023090000000-0x00000230d0000000, reserved size: 1073741824
Narrow klass base: 0x000002308f000000, Narrow klass shift: 0, Narrow klass range: 0x100000000

GC Precious Log:
 CardTable entry size: 512
 CPUs: 12 total, 12 available
 Memory: 16205M
 Large Page Support: Disabled
 NUMA Support: Disabled
 Compressed Oops: Enabled (32-bit)
 Alignments: Space 512K, Generation 512K, Heap 2M
 Heap Min Capacity: 100M
 Heap Initial Capacity: 100M
 Heap Max Capacity: 1G
 Pre-touch: Disabled
 Parallel Workers: 10

Heap:
 PSYoungGen      total 5120K, used 1410K [0x00000000eab00000, 0x00000000eb100000, 0x0000000100000000)
  eden space 4096K, 15% used [0x00000000eab00000,0x00000000eaba3b28,0x00000000eaf00000)
  from space 1024K, 73% used [0x00000000eaf00000,0x00000000eafbcee8,0x00000000eb000000)
  to   space 1024K, 0% used [0x00000000eb000000,0x00000000eb000000,0x00000000eb100000)
 ParOldGen       total 415232K, used 190798K [0x00000000c0000000, 0x00000000d9580000, 0x00000000eab00000)
  object space 415232K, 45% used [0x00000000c0000000,0x00000000cba53a80,0x00000000d9580000)
 Metaspace       used 64772K, committed 66112K, reserved 1114112K
  class space    used 7170K, committed 7808K, reserved 1048576K

Card table byte_map: [0x00000230f5170000,0x00000230f5380000] _byte_map_base: 0x00000230f4b70000

Marking Bits: (ParMarkBitMap*) 0x00007ff841833260
 Begin Bits: [0x00000230f89c0000, 0x00000230f99c0000)
 End Bits:   [0x00000230f99c0000, 0x00000230fa9c0000)

Polling page: 0x00000230f3410000

Metaspace:

Usage:
  Non-class:     56.25 MB used.
      Class:      7.00 MB used.
       Both:     63.26 MB used.

Virtual space:
  Non-class space:       64.00 MB reserved,      56.94 MB ( 89%) committed,  1 nodes.
      Class space:        1.00 GB reserved,       7.62 MB ( <1%) committed,  1 nodes.
             Both:        1.06 GB reserved,      64.56 MB (  6%) committed. 

Chunk freelists:
   Non-Class:  6.19 MB
       Class:  8.32 MB
        Both:  14.52 MB

MaxMetaspaceSize: unlimited
CompressedClassSpaceSize: 1.00 GB
Initial GC threshold: 21.00 MB
Current GC threshold: 98.12 MB
CDS: on
 - commit_granule_bytes: 65536.
 - commit_granule_words: 8192.
 - virtual_space_node_default_size: 8388608.
 - enlarge_chunks_in_place: 1.
 - use_allocation_guard: 0.


Internal statistics:

num_allocs_failed_limit: 15.
num_arena_births: 1052.
num_arena_deaths: 14.
num_vsnodes_births: 2.
num_vsnodes_deaths: 0.
num_space_committed: 1033.
num_space_uncommitted: 0.
num_chunks_returned_to_freelist: 29.
num_chunks_taken_from_freelist: 3910.
num_chunk_merges: 17.
num_chunk_splits: 2485.
num_chunks_enlarged: 1496.
num_inconsistent_stats: 0.

CodeHeap 'non-profiled nmethods': size=120000Kb used=7320Kb max_used=7320Kb free=112679Kb
 bounds [0x0000023087ad0000, 0x0000023088210000, 0x000002308f000000]
CodeHeap 'profiled nmethods': size=120000Kb used=20207Kb max_used=20207Kb free=99792Kb
 bounds [0x0000023080000000, 0x00000230813c0000, 0x0000023087530000]
CodeHeap 'non-nmethods': size=5760Kb used=1429Kb max_used=1536Kb free=4330Kb
 bounds [0x0000023087530000, 0x00000230877a0000, 0x0000023087ad0000]
 total_blobs=10299 nmethods=9562 adapters=642
 compilation: enabled
              stopped_count=0, restarted_count=0
 full_count=0

Compilation events (20 events):
Event: 16.324 Thread 0x00000230fcbee130 nmethod 10508 0x0000023087d38610 code [0x0000023087d387a0, 0x0000023087d38868]
Event: 16.324 Thread 0x00000230fcbee130 10509       1       sun.util.calendar.CalendarDate::getSeconds (5 bytes)
Event: 16.324 Thread 0x00000230fcbee130 nmethod 10509 0x0000023087d38310 code [0x0000023087d384a0, 0x0000023087d38568]
Event: 16.324 Thread 0x00000230fcbee130 10510       1       sun.util.calendar.CalendarDate::getMillis (5 bytes)
Event: 16.324 Thread 0x00000230fcbee130 nmethod 10510 0x0000023087d38010 code [0x0000023087d381a0, 0x0000023087d38268]
Event: 16.324 Thread 0x00000230fcbee130 10511       1       sun.util.calendar.CalendarDate::setZoneOffset (6 bytes)
Event: 16.324 Thread 0x00000230fcbee130 nmethod 10511 0x0000023087d37d10 code [0x0000023087d37ea0, 0x0000023087d37f68]
Event: 16.324 Thread 0x00000230fcbee130 10512       1       sun.util.calendar.CalendarDate::setDaylightSaving (6 bytes)
Event: 16.324 Thread 0x00000230fcbee130 nmethod 10512 0x0000023087d37a10 code [0x0000023087d37ba0, 0x0000023087d37c68]
Event: 16.324 Thread 0x00000230fcbee130 10513       1       sun.util.calendar.BaseCalendar$Date::getCachedYear (5 bytes)
Event: 16.324 Thread 0x00000230fcbee130 nmethod 10513 0x0000023087d37710 code [0x0000023087d378a0, 0x0000023087d37968]
Event: 16.325 Thread 0x00000230fcbee130 10518       2       sun.security.util.ObjectIdentifier::toString (285 bytes)
Event: 16.326 Thread 0x00000230fcbee130 nmethod 10518 0x000002308043fd90 code [0x0000023080440060, 0x00000230804408f0]
Event: 16.326 Thread 0x00000230fcbee130 10520       2       sun.security.util.BitArray::get (35 bytes)
Event: 16.326 Thread 0x00000230fcbee130 nmethod 10520 0x000002308043f890 code [0x000002308043fa40, 0x000002308043fc20]
Event: 16.326 Thread 0x00000230fcbee130 10519       2       sun.security.jca.Providers::getSystemProviderList (4 bytes)
Event: 16.327 Thread 0x00000230fcbee130 nmethod 10519 0x0000023080b05210 code [0x0000023080b053a0, 0x0000023080b05490]
Event: 16.327 Thread 0x00000230fcbee130 10522       2       sun.security.util.DerInputStream::getSequence (11 bytes)
Event: 16.327 Thread 0x00000230fcbee130 nmethod 10522 0x000002308043f490 code [0x000002308043f640, 0x000002308043f7a0]
Event: 16.327 Thread 0x00000230fcbee130 10525       2       sun.security.jca.ProviderList::getProvider (22 bytes)

GC Heap History (20 events):
Event: 16.026 GC heap before
{Heap before GC invocations=405 (full 3):
 PSYoungGen      total 4608K, used 4608K [0x00000000eab00000, 0x00000000eb200000, 0x0000000100000000)
  eden space 4096K, 100% used [0x00000000eab00000,0x00000000eaf00000,0x00000000eaf00000)
  from space 512K, 100% used [0x00000000eb000000,0x00000000eb080000,0x00000000eb080000)
  to   space 1536K, 0% used [0x00000000eb080000,0x00000000eb080000,0x00000000eb200000)
 ParOldGen       total 415232K, used 183239K [0x00000000c0000000, 0x00000000d9580000, 0x00000000eab00000)
  object space 415232K, 44% used [0x00000000c0000000,0x00000000cb2f1dd0,0x00000000d9580000)
 Metaspace       used 62212K, committed 63552K, reserved 1114112K
  class space    used 6851K, committed 7424K, reserved 1048576K
}
Event: 16.028 GC heap after
{Heap after GC invocations=405 (full 3):
 PSYoungGen      total 4608K, used 416K [0x00000000eab00000, 0x00000000eb100000, 0x0000000100000000)
  eden space 4096K, 0% used [0x00000000eab00000,0x00000000eab00000,0x00000000eaf00000)
  from space 512K, 81% used [0x00000000eb080000,0x00000000eb0e83a8,0x00000000eb100000)
  to   space 1024K, 0% used [0x00000000eaf00000,0x00000000eaf00000,0x00000000eb000000)
 ParOldGen       total 415232K, used 183791K [0x00000000c0000000, 0x00000000d9580000, 0x00000000eab00000)
  object space 415232K, 44% used [0x00000000c0000000,0x00000000cb37be00,0x00000000d9580000)
 Metaspace       used 62212K, committed 63552K, reserved 1114112K
  class space    used 6851K, committed 7424K, reserved 1048576K
}
Event: 16.066 GC heap before
{Heap before GC invocations=406 (full 3):
 PSYoungGen      total 4608K, used 4512K [0x00000000eab00000, 0x00000000eb100000, 0x0000000100000000)
  eden space 4096K, 100% used [0x00000000eab00000,0x00000000eaf00000,0x00000000eaf00000)
  from space 512K, 81% used [0x00000000eb080000,0x00000000eb0e83a8,0x00000000eb100000)
  to   space 1024K, 0% used [0x00000000eaf00000,0x00000000eaf00000,0x00000000eb000000)
 ParOldGen       total 415232K, used 183791K [0x00000000c0000000, 0x00000000d9580000, 0x00000000eab00000)
  object space 415232K, 44% used [0x00000000c0000000,0x00000000cb37be00,0x00000000d9580000)
 Metaspace       used 62632K, committed 64000K, reserved 1114112K
  class space    used 6930K, committed 7552K, reserved 1048576K
}
Event: 16.068 GC heap after
{Heap after GC invocations=406 (full 3):
 PSYoungGen      total 5120K, used 352K [0x00000000eab00000, 0x00000000eb100000, 0x0000000100000000)
  eden space 4096K, 0% used [0x00000000eab00000,0x00000000eab00000,0x00000000eaf00000)
  from space 1024K, 34% used [0x00000000eaf00000,0x00000000eaf58000,0x00000000eb000000)
  to   space 512K, 0% used [0x00000000eb080000,0x00000000eb080000,0x00000000eb100000)
 ParOldGen       total 415232K, used 184128K [0x00000000c0000000, 0x00000000d9580000, 0x00000000eab00000)
  object space 415232K, 44% used [0x00000000c0000000,0x00000000cb3d01c8,0x00000000d9580000)
 Metaspace       used 62632K, committed 64000K, reserved 1114112K
  class space    used 6930K, committed 7552K, reserved 1048576K
}
Event: 16.114 GC heap before
{Heap before GC invocations=407 (full 3):
 PSYoungGen      total 5120K, used 4446K [0x00000000eab00000, 0x00000000eb100000, 0x0000000100000000)
  eden space 4096K, 99% used [0x00000000eab00000,0x00000000eaeffa60,0x00000000eaf00000)
  from space 1024K, 34% used [0x00000000eaf00000,0x00000000eaf58000,0x00000000eb000000)
  to   space 512K, 0% used [0x00000000eb080000,0x00000000eb080000,0x00000000eb100000)
 ParOldGen       total 415232K, used 184128K [0x00000000c0000000, 0x00000000d9580000, 0x00000000eab00000)
  object space 415232K, 44% used [0x00000000c0000000,0x00000000cb3d01c8,0x00000000d9580000)
 Metaspace       used 63024K, committed 64384K, reserved 1114112K
  class space    used 6999K, committed 7616K, reserved 1048576K
}
Event: 16.115 GC heap after
{Heap after GC invocations=407 (full 3):
 PSYoungGen      total 4608K, used 448K [0x00000000eab00000, 0x00000000eb100000, 0x0000000100000000)
  eden space 4096K, 0% used [0x00000000eab00000,0x00000000eab00000,0x00000000eaf00000)
  from space 512K, 87% used [0x00000000eb080000,0x00000000eb0f0000,0x00000000eb100000)
  to   space 512K, 0% used [0x00000000eb000000,0x00000000eb000000,0x00000000eb080000)
 ParOldGen       total 415232K, used 184272K [0x00000000c0000000, 0x00000000d9580000, 0x00000000eab00000)
  object space 415232K, 44% used [0x00000000c0000000,0x00000000cb3f41c8,0x00000000d9580000)
 Metaspace       used 63024K, committed 64384K, reserved 1114112K
  class space    used 6999K, committed 7616K, reserved 1048576K
}
Event: 16.156 GC heap before
{Heap before GC invocations=408 (full 3):
 PSYoungGen      total 4608K, used 4381K [0x00000000eab00000, 0x00000000eb100000, 0x0000000100000000)
  eden space 4096K, 96% used [0x00000000eab00000,0x00000000eaed7578,0x00000000eaf00000)
  from space 512K, 87% used [0x00000000eb080000,0x00000000eb0f0000,0x00000000eb100000)
  to   space 512K, 0% used [0x00000000eb000000,0x00000000eb000000,0x00000000eb080000)
 ParOldGen       total 415232K, used 184272K [0x00000000c0000000, 0x00000000d9580000, 0x00000000eab00000)
  object space 415232K, 44% used [0x00000000c0000000,0x00000000cb3f41c8,0x00000000d9580000)
 Metaspace       used 63352K, committed 64704K, reserved 1114112K
  class space    used 7031K, committed 7680K, reserved 1048576K
}
Event: 16.158 GC heap after
{Heap after GC invocations=408 (full 3):
 PSYoungGen      total 4608K, used 480K [0x00000000eab00000, 0x00000000eb100000, 0x0000000100000000)
  eden space 4096K, 0% used [0x00000000eab00000,0x00000000eab00000,0x00000000eaf00000)
  from space 512K, 93% used [0x00000000eb000000,0x00000000eb078110,0x00000000eb080000)
  to   space 512K, 0% used [0x00000000eb080000,0x00000000eb080000,0x00000000eb100000)
 ParOldGen       total 415232K, used 184620K [0x00000000c0000000, 0x00000000d9580000, 0x00000000eab00000)
  object space 415232K, 44% used [0x00000000c0000000,0x00000000cb44b0d0,0x00000000d9580000)
 Metaspace       used 63352K, committed 64704K, reserved 1114112K
  class space    used 7031K, committed 7680K, reserved 1048576K
}
Event: 16.184 GC heap before
{Heap before GC invocations=409 (full 3):
 PSYoungGen      total 4608K, used 4576K [0x00000000eab00000, 0x00000000eb100000, 0x0000000100000000)
  eden space 4096K, 100% used [0x00000000eab00000,0x00000000eaf00000,0x00000000eaf00000)
  from space 512K, 93% used [0x00000000eb000000,0x00000000eb078110,0x00000000eb080000)
  to   space 512K, 0% used [0x00000000eb080000,0x00000000eb080000,0x00000000eb100000)
 ParOldGen       total 415232K, used 184620K [0x00000000c0000000, 0x00000000d9580000, 0x00000000eab00000)
  object space 415232K, 44% used [0x00000000c0000000,0x00000000cb44b0d0,0x00000000d9580000)
 Metaspace       used 63514K, committed 64896K, reserved 1114112K
  class space    used 7055K, committed 7680K, reserved 1048576K
}
Event: 16.186 GC heap after
{Heap after GC invocations=409 (full 3):
 PSYoungGen      total 4608K, used 485K [0x00000000eab00000, 0x00000000eb200000, 0x0000000100000000)
  eden space 4096K, 0% used [0x00000000eab00000,0x00000000eab00000,0x00000000eaf00000)
  from space 512K, 94% used [0x00000000eb080000,0x00000000eb0f9428,0x00000000eb100000)
  to   space 1536K, 0% used [0x00000000eaf00000,0x00000000eaf00000,0x00000000eb080000)
 ParOldGen       total 415232K, used 185444K [0x00000000c0000000, 0x00000000d9580000, 0x00000000eab00000)
  object space 415232K, 44% used [0x00000000c0000000,0x00000000cb5190e0,0x00000000d9580000)
 Metaspace       used 63514K, committed 64896K, reserved 1114112K
  class space    used 7055K, committed 7680K, reserved 1048576K
}
Event: 16.219 GC heap before
{Heap before GC invocations=410 (full 3):
 PSYoungGen      total 4608K, used 4581K [0x00000000eab00000, 0x00000000eb200000, 0x0000000100000000)
  eden space 4096K, 100% used [0x00000000eab00000,0x00000000eaf00000,0x00000000eaf00000)
  from space 512K, 94% used [0x00000000eb080000,0x00000000eb0f9428,0x00000000eb100000)
  to   space 1536K, 0% used [0x00000000eaf00000,0x00000000eaf00000,0x00000000eb080000)
 ParOldGen       total 415232K, used 185444K [0x00000000c0000000, 0x00000000d9580000, 0x00000000eab00000)
  object space 415232K, 44% used [0x00000000c0000000,0x00000000cb5190e0,0x00000000d9580000)
 Metaspace       used 63786K, committed 65152K, reserved 1114112K
  class space    used 7073K, committed 7680K, reserved 1048576K
}
Event: 16.222 GC heap after
{Heap after GC invocations=410 (full 3):
 PSYoungGen      total 4608K, used 443K [0x00000000eab00000, 0x00000000eb100000, 0x0000000100000000)
  eden space 4096K, 0% used [0x00000000eab00000,0x00000000eab00000,0x00000000eaf00000)
  from space 512K, 86% used [0x00000000eaf00000,0x00000000eaf6ec08,0x00000000eaf80000)
  to   space 1024K, 0% used [0x00000000eb000000,0x00000000eb000000,0x00000000eb100000)
 ParOldGen       total 415232K, used 185945K [0x00000000c0000000, 0x00000000d9580000, 0x00000000eab00000)
  object space 415232K, 44% used [0x00000000c0000000,0x00000000cb596508,0x00000000d9580000)
 Metaspace       used 63786K, committed 65152K, reserved 1114112K
  class space    used 7073K, committed 7680K, reserved 1048576K
}
Event: 16.258 GC heap before
{Heap before GC invocations=411 (full 3):
 PSYoungGen      total 4608K, used 4539K [0x00000000eab00000, 0x00000000eb100000, 0x0000000100000000)
  eden space 4096K, 100% used [0x00000000eab00000,0x00000000eaf00000,0x00000000eaf00000)
  from space 512K, 86% used [0x00000000eaf00000,0x00000000eaf6ec08,0x00000000eaf80000)
  to   space 1024K, 0% used [0x00000000eb000000,0x00000000eb000000,0x00000000eb100000)
 ParOldGen       total 415232K, used 185945K [0x00000000c0000000, 0x00000000d9580000, 0x00000000eab00000)
  object space 415232K, 44% used [0x00000000c0000000,0x00000000cb596508,0x00000000d9580000)
 Metaspace       used 64165K, committed 65536K, reserved 1114112K
  class space    used 7112K, committed 7744K, reserved 1048576K
}
Event: 16.259 GC heap after
{Heap after GC invocations=411 (full 3):
 PSYoungGen      total 4608K, used 352K [0x00000000eab00000, 0x00000000eb080000, 0x0000000100000000)
  eden space 4096K, 0% used [0x00000000eab00000,0x00000000eab00000,0x00000000eaf00000)
  from space 512K, 68% used [0x00000000eb000000,0x00000000eb058000,0x00000000eb080000)
  to   space 512K, 0% used [0x00000000eaf00000,0x00000000eaf00000,0x00000000eaf80000)
 ParOldGen       total 415232K, used 186268K [0x00000000c0000000, 0x00000000d9580000, 0x00000000eab00000)
  object space 415232K, 44% used [0x00000000c0000000,0x00000000cb5e7110,0x00000000d9580000)
 Metaspace       used 64165K, committed 65536K, reserved 1114112K
  class space    used 7112K, committed 7744K, reserved 1048576K
}
Event: 16.285 GC heap before
{Heap before GC invocations=412 (full 3):
 PSYoungGen      total 4608K, used 4448K [0x00000000eab00000, 0x00000000eb080000, 0x0000000100000000)
  eden space 4096K, 100% used [0x00000000eab00000,0x00000000eaf00000,0x00000000eaf00000)
  from space 512K, 68% used [0x00000000eb000000,0x00000000eb058000,0x00000000eb080000)
  to   space 512K, 0% used [0x00000000eaf00000,0x00000000eaf00000,0x00000000eaf80000)
 ParOldGen       total 415232K, used 186268K [0x00000000c0000000, 0x00000000d9580000, 0x00000000eab00000)
  object space 415232K, 44% used [0x00000000c0000000,0x00000000cb5e7110,0x00000000d9580000)
 Metaspace       used 64394K, committed 65728K, reserved 1114112K
  class space    used 7135K, committed 7744K, reserved 1048576K
}
Event: 16.286 GC heap after
{Heap after GC invocations=412 (full 3):
 PSYoungGen      total 4608K, used 288K [0x00000000eab00000, 0x00000000eb080000, 0x0000000100000000)
  eden space 4096K, 0% used [0x00000000eab00000,0x00000000eab00000,0x00000000eaf00000)
  from space 512K, 56% used [0x00000000eaf00000,0x00000000eaf48000,0x00000000eaf80000)
  to   space 512K, 0% used [0x00000000eb000000,0x00000000eb000000,0x00000000eb080000)
 ParOldGen       total 415232K, used 186484K [0x00000000c0000000, 0x00000000d9580000, 0x00000000eab00000)
  object space 415232K, 44% used [0x00000000c0000000,0x00000000cb61d110,0x00000000d9580000)
 Metaspace       used 64394K, committed 65728K, reserved 1114112K
  class space    used 7135K, committed 7744K, reserved 1048576K
}
Event: 16.300 GC heap before
{Heap before GC invocations=413 (full 3):
 PSYoungGen      total 4608K, used 4384K [0x00000000eab00000, 0x00000000eb080000, 0x0000000100000000)
  eden space 4096K, 100% used [0x00000000eab00000,0x00000000eaf00000,0x00000000eaf00000)
  from space 512K, 56% used [0x00000000eaf00000,0x00000000eaf48000,0x00000000eaf80000)
  to   space 512K, 0% used [0x00000000eb000000,0x00000000eb000000,0x00000000eb080000)
 ParOldGen       total 415232K, used 186484K [0x00000000c0000000, 0x00000000d9580000, 0x00000000eab00000)
  object space 415232K, 44% used [0x00000000c0000000,0x00000000cb61d110,0x00000000d9580000)
 Metaspace       used 64518K, committed 65856K, reserved 1114112K
  class space    used 7144K, committed 7744K, reserved 1048576K
}
Event: 16.302 GC heap after
{Heap after GC invocations=413 (full 3):
 PSYoungGen      total 4608K, used 483K [0x00000000eab00000, 0x00000000eb100000, 0x0000000100000000)
  eden space 4096K, 0% used [0x00000000eab00000,0x00000000eab00000,0x00000000eaf00000)
  from space 512K, 94% used [0x00000000eb000000,0x00000000eb078dc8,0x00000000eb080000)
  to   space 1024K, 0% used [0x00000000eaf00000,0x00000000eaf00000,0x00000000eb000000)
 ParOldGen       total 415232K, used 189783K [0x00000000c0000000, 0x00000000d9580000, 0x00000000eab00000)
  object space 415232K, 45% used [0x00000000c0000000,0x00000000cb955f18,0x00000000d9580000)
 Metaspace       used 64518K, committed 65856K, reserved 1114112K
  class space    used 7144K, committed 7744K, reserved 1048576K
}
Event: 16.320 GC heap before
{Heap before GC invocations=414 (full 3):
 PSYoungGen      total 4608K, used 4579K [0x00000000eab00000, 0x00000000eb100000, 0x0000000100000000)
  eden space 4096K, 100% used [0x00000000eab00000,0x00000000eaf00000,0x00000000eaf00000)
  from space 512K, 94% used [0x00000000eb000000,0x00000000eb078dc8,0x00000000eb080000)
  to   space 1024K, 0% used [0x00000000eaf00000,0x00000000eaf00000,0x00000000eb000000)
 ParOldGen       total 415232K, used 189783K [0x00000000c0000000, 0x00000000d9580000, 0x00000000eab00000)
  object space 415232K, 45% used [0x00000000c0000000,0x00000000cb955f18,0x00000000d9580000)
 Metaspace       used 64547K, committed 65856K, reserved 1114112K
  class space    used 7146K, committed 7744K, reserved 1048576K
}
Event: 16.321 GC heap after
{Heap after GC invocations=414 (full 3):
 PSYoungGen      total 5120K, used 544K [0x00000000eab00000, 0x00000000eb100000, 0x0000000100000000)
  eden space 4096K, 0% used [0x00000000eab00000,0x00000000eab00000,0x00000000eaf00000)
  from space 1024K, 53% used [0x00000000eaf00000,0x00000000eaf88000,0x00000000eb000000)
  to   space 1024K, 0% used [0x00000000eb000000,0x00000000eb000000,0x00000000eb100000)
 ParOldGen       total 415232K, used 189935K [0x00000000c0000000, 0x00000000d9580000, 0x00000000eab00000)
  object space 415232K, 45% used [0x00000000c0000000,0x00000000cb97bf18,0x00000000d9580000)
 Metaspace       used 64547K, committed 65856K, reserved 1114112K
  class space    used 7146K, committed 7744K, reserved 1048576K
}

Dll operation events (13 events):
Event: 0.012 Loaded shared library c:\Users\zinzi\.vscode\extensions\redhat.java-1.40.0-win32-x64\jre\21.0.6-win32-x86_64\bin\java.dll
Event: 0.111 Loaded shared library c:\Users\zinzi\.vscode\extensions\redhat.java-1.40.0-win32-x64\jre\21.0.6-win32-x86_64\bin\zip.dll
Event: 0.158 Loaded shared library C:\Users\zinzi\.vscode\extensions\redhat.java-1.40.0-win32-x64\jre\21.0.6-win32-x86_64\bin\instrument.dll
Event: 0.170 Loaded shared library C:\Users\zinzi\.vscode\extensions\redhat.java-1.40.0-win32-x64\jre\21.0.6-win32-x86_64\bin\net.dll
Event: 0.180 Loaded shared library C:\Users\zinzi\.vscode\extensions\redhat.java-1.40.0-win32-x64\jre\21.0.6-win32-x86_64\bin\nio.dll
Event: 0.188 Loaded shared library C:\Users\zinzi\.vscode\extensions\redhat.java-1.40.0-win32-x64\jre\21.0.6-win32-x86_64\bin\zip.dll
Event: 0.229 Loaded shared library C:\Users\zinzi\.vscode\extensions\redhat.java-1.40.0-win32-x64\jre\21.0.6-win32-x86_64\bin\jimage.dll
Event: 0.385 Loaded shared library c:\Users\zinzi\.vscode\extensions\redhat.java-1.40.0-win32-x64\jre\21.0.6-win32-x86_64\bin\verify.dll
Event: 1.966 Loaded shared library C:\Users\zinzi\AppData\Roaming\Code\User\globalStorage\redhat.java\1.40.0\config_win\org.eclipse.equinox.launcher\org.eclipse.equinox.launcher.win32.win32.x86_64_1.2.1200.v20250212-0927\eclipse_11909.dll
Event: 4.197 Loaded shared library C:\Users\zinzi\AppData\Local\Temp\jna-115907214\jna8904238408631518548.dll
Event: 14.498 Loaded shared library C:\Users\zinzi\.gradle\native\1def1411415f61bf3af743bc5b6707747c0891f09f0c88961ee8f79bc544acac\windows-amd64\native-platform.dll
Event: 16.021 Loaded shared library C:\Users\zinzi\.vscode\extensions\redhat.java-1.40.0-win32-x64\jre\21.0.6-win32-x86_64\bin\management.dll
Event: 16.024 Loaded shared library C:\Users\zinzi\.vscode\extensions\redhat.java-1.40.0-win32-x64\jre\21.0.6-win32-x86_64\bin\management_ext.dll

Deoptimization events (20 events):
Event: 16.231 Thread 0x00000230fdccb090 DEOPT PACKING pc=0x0000023087f9e3bc sp=0x00000040589faf30
Event: 16.231 Thread 0x00000230fdccb090 DEOPT UNPACKING pc=0x0000023087583aa2 sp=0x00000040589faf50 mode 2
Event: 16.232 Thread 0x00000230fdccb090 Uncommon trap: trap_request=0xffffffde fr.pc=0x00000230880b9f68 relative=0x0000000000000468
Event: 16.232 Thread 0x00000230fdccb090 Uncommon trap: reason=class_check action=maybe_recompile pc=0x00000230880b9f68 method=java.util.regex.Pattern$SliceU.match(Ljava/util/regex/Matcher;ILjava/lang/CharSequence;)Z @ 95 c2
Event: 16.232 Thread 0x00000230fdccb090 DEOPT PACKING pc=0x00000230880b9f68 sp=0x00000040589fb3a0
Event: 16.232 Thread 0x00000230fdccb090 DEOPT UNPACKING pc=0x0000023087583aa2 sp=0x00000040589fb328 mode 2
Event: 16.239 Thread 0x00000230fdcceba0 DEOPT PACKING pc=0x0000023081292fe1 sp=0x00000040588fe950
Event: 16.239 Thread 0x00000230fdcceba0 DEOPT UNPACKING pc=0x0000023087584242 sp=0x00000040588fdea0 mode 0
Event: 16.260 Thread 0x00000230fdcceba0 DEOPT PACKING pc=0x00000230812930ae sp=0x00000040588fe950
Event: 16.260 Thread 0x00000230fdcceba0 DEOPT UNPACKING pc=0x0000023087584242 sp=0x00000040588fdea8 mode 0
Event: 16.284 Thread 0x00000230fdcceba0 DEOPT PACKING pc=0x00000230812930ae sp=0x00000040588fea70
Event: 16.285 Thread 0x00000230fdcceba0 DEOPT UNPACKING pc=0x0000023087584242 sp=0x00000040588fdfd0 mode 0
Event: 16.309 Thread 0x00000230fdcceba0 Uncommon trap: trap_request=0xffffff45 fr.pc=0x0000023087b8077c relative=0x00000000000002dc
Event: 16.309 Thread 0x00000230fdcceba0 Uncommon trap: reason=unstable_if action=reinterpret pc=0x0000023087b8077c method=java.lang.String.decodeASCII([BI[CII)I @ 13 c2
Event: 16.309 Thread 0x00000230fdcceba0 DEOPT PACKING pc=0x0000023087b8077c sp=0x00000040588fe6e0
Event: 16.309 Thread 0x00000230fdcceba0 DEOPT UNPACKING pc=0x0000023087583aa2 sp=0x00000040588fe5e0 mode 2
Event: 16.313 Thread 0x00000230fdcceba0 DEOPT PACKING pc=0x00000230812930ae sp=0x00000040588fe950
Event: 16.313 Thread 0x00000230fdcceba0 DEOPT UNPACKING pc=0x0000023087584242 sp=0x00000040588fdea8 mode 0
Event: 16.325 Thread 0x00000230fdcceba0 DEOPT PACKING pc=0x00000230812930ae sp=0x00000040588fe950
Event: 16.325 Thread 0x00000230fdcceba0 DEOPT UNPACKING pc=0x0000023087584242 sp=0x00000040588fdea8 mode 0

Classes loaded (20 events):
Event: 16.291 Loading class sun/nio/cs/UnicodeDecoder done
Event: 16.291 Loading class sun/nio/cs/UTF_16BE$Decoder done
Event: 16.294 Loading class sun/security/pkcs12/PKCS12KeyStore$KeyEntry
Event: 16.294 Loading class sun/security/pkcs12/PKCS12KeyStore$Entry
Event: 16.294 Loading class sun/security/pkcs12/PKCS12KeyStore$Entry done
Event: 16.294 Loading class sun/security/pkcs12/PKCS12KeyStore$KeyEntry done
Event: 16.294 Loading class sun/security/pkcs12/PKCS12KeyStore$CertEntry
Event: 16.294 Loading class sun/security/pkcs12/PKCS12KeyStore$CertEntry done
Event: 16.295 Loading class java/security/interfaces/ECPublicKey
Event: 16.295 Loading class java/security/interfaces/ECPublicKey done
Event: 16.296 Loading class sun/security/x509/SubjectAlternativeNameExtension
Event: 16.297 Loading class sun/security/x509/SubjectAlternativeNameExtension done
Event: 16.297 Loading class sun/security/x509/RFC822Name
Event: 16.297 Loading class sun/security/x509/RFC822Name done
Event: 16.308 Loading class sun/security/x509/NetscapeCertTypeExtension
Event: 16.308 Loading class sun/security/x509/NetscapeCertTypeExtension done
Event: 16.308 Loading class sun/security/x509/NetscapeCertTypeExtension$MapEntry
Event: 16.308 Loading class sun/security/x509/NetscapeCertTypeExtension$MapEntry done
Event: 16.319 Loading class sun/security/x509/PrivateKeyUsageExtension
Event: 16.319 Loading class sun/security/x509/PrivateKeyUsageExtension done

Classes unloaded (7 events):
Event: 4.958 Thread 0x00000230f588eab0 Unloading class 0x0000023090199c00 'java/lang/invoke/LambdaForm$MH+0x0000023090199c00'
Event: 4.958 Thread 0x00000230f588eab0 Unloading class 0x0000023090199800 'java/lang/invoke/LambdaForm$MH+0x0000023090199800'
Event: 4.958 Thread 0x00000230f588eab0 Unloading class 0x0000023090199400 'java/lang/invoke/LambdaForm$MH+0x0000023090199400'
Event: 4.958 Thread 0x00000230f588eab0 Unloading class 0x0000023090199000 'java/lang/invoke/LambdaForm$MH+0x0000023090199000'
Event: 4.958 Thread 0x00000230f588eab0 Unloading class 0x0000023090198c00 'java/lang/invoke/LambdaForm$BMH+0x0000023090198c00'
Event: 4.958 Thread 0x00000230f588eab0 Unloading class 0x0000023090198800 'java/lang/invoke/LambdaForm$DMH+0x0000023090198800'
Event: 4.958 Thread 0x00000230f588eab0 Unloading class 0x0000023090193400 'java/lang/invoke/LambdaForm$DMH+0x0000023090193400'

Classes redefined (0 events):
No events

Internal exceptions (20 events):
Event: 16.209 Thread 0x00000230fdccd7f0 Exception <a 'sun/nio/fs/WindowsException'{0x00000000eadcacd8}> (0x00000000eadcacd8) 
thrown [s\src\hotspot\share\prims\jni.cpp, line 520]
Event: 16.209 Thread 0x00000230fdccd7f0 Exception <a 'sun/nio/fs/WindowsException'{0x00000000eade3608}> (0x00000000eade3608) 
thrown [s\src\hotspot\share\prims\jni.cpp, line 520]
Event: 16.210 Thread 0x00000230fdccd7f0 Exception <a 'sun/nio/fs/WindowsException'{0x00000000eadee700}> (0x00000000eadee700) 
thrown [s\src\hotspot\share\prims\jni.cpp, line 520]
Event: 16.211 Thread 0x00000230fdccd7f0 Exception <a 'sun/nio/fs/WindowsException'{0x00000000eae0afb8}> (0x00000000eae0afb8) 
thrown [s\src\hotspot\share\prims\jni.cpp, line 520]
Event: 16.212 Thread 0x00000230fdccd7f0 Exception <a 'sun/nio/fs/WindowsException'{0x00000000eae1dcf0}> (0x00000000eae1dcf0) 
thrown [s\src\hotspot\share\prims\jni.cpp, line 520]
Event: 16.213 Thread 0x00000230fdccd7f0 Exception <a 'sun/nio/fs/WindowsException'{0x00000000eae33d30}> (0x00000000eae33d30) 
thrown [s\src\hotspot\share\prims\jni.cpp, line 520]
Event: 16.213 Thread 0x00000230fdccd7f0 Exception <a 'sun/nio/fs/WindowsException'{0x00000000eae54318}> (0x00000000eae54318) 
thrown [s\src\hotspot\share\prims\jni.cpp, line 520]
Event: 16.214 Thread 0x00000230fdccd7f0 Exception <a 'sun/nio/fs/WindowsException'{0x00000000eae658e0}> (0x00000000eae658e0) 
thrown [s\src\hotspot\share\prims\jni.cpp, line 520]
Event: 16.214 Thread 0x00000230fdccd7f0 Exception <a 'sun/nio/fs/WindowsException'{0x00000000eae74718}> (0x00000000eae74718) 
thrown [s\src\hotspot\share\prims\jni.cpp, line 520]
Event: 16.215 Thread 0x00000230fdccd7f0 Exception <a 'sun/nio/fs/WindowsException'{0x00000000eae7f7b8}> (0x00000000eae7f7b8) 
thrown [s\src\hotspot\share\prims\jni.cpp, line 520]
Event: 16.215 Thread 0x00000230fdccd7f0 Exception <a 'sun/nio/fs/WindowsException'{0x00000000eae96dd0}> (0x00000000eae96dd0) 
thrown [s\src\hotspot\share\prims\jni.cpp, line 520]
Event: 16.216 Thread 0x00000230fdccd7f0 Exception <a 'sun/nio/fs/WindowsException'{0x00000000eaeae5b0}> (0x00000000eaeae5b0) 
thrown [s\src\hotspot\share\prims\jni.cpp, line 520]
Event: 16.217 Thread 0x00000230fdccd7f0 Exception <a 'sun/nio/fs/WindowsException'{0x00000000eaeb9998}> (0x00000000eaeb9998) 
thrown [s\src\hotspot\share\prims\jni.cpp, line 520]
Event: 16.218 Thread 0x00000230fdccd7f0 Exception <a 'sun/nio/fs/WindowsException'{0x00000000eaeca410}> (0x00000000eaeca410) 
thrown [s\src\hotspot\share\prims\jni.cpp, line 520]
Event: 16.219 Thread 0x00000230fdccd7f0 Exception <a 'sun/nio/fs/WindowsException'{0x00000000eaee6f70}> (0x00000000eaee6f70) 
thrown [s\src\hotspot\share\prims\jni.cpp, line 520]
Event: 16.222 Thread 0x00000230fdccd7f0 Exception <a 'sun/nio/fs/WindowsException'{0x00000000eab0ae90}> (0x00000000eab0ae90) 
thrown [s\src\hotspot\share\prims\jni.cpp, line 520]
Event: 16.223 Thread 0x00000230fdccd7f0 Exception <a 'sun/nio/fs/WindowsException'{0x00000000eab29b08}> (0x00000000eab29b08) 
thrown [s\src\hotspot\share\prims\jni.cpp, line 520]
Event: 16.224 Thread 0x00000230fdccb090 Exception <a 'sun/nio/fs/WindowsException'{0x00000000eab2f878}> (0x00000000eab2f878) 
thrown [s\src\hotspot\share\prims\jni.cpp, line 520]
Event: 16.224 Thread 0x00000230fdccd7f0 Exception <a 'sun/nio/fs/WindowsException'{0x00000000eab39d08}> (0x00000000eab39d08) 
thrown [s\src\hotspot\share\prims\jni.cpp, line 520]
Event: 16.225 Thread 0x00000230fdccd7f0 Exception <a 'sun/nio/fs/WindowsException'{0x00000000eab4e5d0}> (0x00000000eab4e5d0) 
thrown [s\src\hotspot\share\prims\jni.cpp, line 520]

ZGC Phase Switch (0 events):
No events

VM Operations (20 events):
Event: 16.156 Executing VM operation: ParallelGCFailedAllocation (Allocation Failure)
Event: 16.158 Executing VM operation: ParallelGCFailedAllocation (Allocation Failure) done
Event: 16.177 Executing VM operation: HandshakeAllThreads (Deoptimize)
Event: 16.177 Executing VM operation: HandshakeAllThreads (Deoptimize) done
Event: 16.184 Executing VM operation: ParallelGCFailedAllocation (Allocation Failure)
Event: 16.186 Executing VM operation: ParallelGCFailedAllocation (Allocation Failure) done
Event: 16.219 Executing VM operation: ParallelGCFailedAllocation (Allocation Failure)
Event: 16.222 Executing VM operation: ParallelGCFailedAllocation (Allocation Failure) done
Event: 16.226 Executing VM operation: HandshakeAllThreads (Deoptimize)
Event: 16.226 Executing VM operation: HandshakeAllThreads (Deoptimize) done
Event: 16.258 Executing VM operation: ParallelGCFailedAllocation (Allocation Failure)
Event: 16.259 Executing VM operation: ParallelGCFailedAllocation (Allocation Failure) done
Event: 16.284 Executing VM operation: ParallelGCFailedAllocation (Allocation Failure)
Event: 16.286 Executing VM operation: ParallelGCFailedAllocation (Allocation Failure) done
Event: 16.293 Executing VM operation: HandshakeAllThreads (Deoptimize)
Event: 16.294 Executing VM operation: HandshakeAllThreads (Deoptimize) done
Event: 16.300 Executing VM operation: ParallelGCFailedAllocation (Allocation Failure)
Event: 16.302 Executing VM operation: ParallelGCFailedAllocation (Allocation Failure) done
Event: 16.320 Executing VM operation: ParallelGCFailedAllocation (Allocation Failure)
Event: 16.321 Executing VM operation: ParallelGCFailedAllocation (Allocation Failure) done

Memory protections (0 events):
No events

Nmethod flushes (20 events):
Event: 15.655 Thread 0x00000230f588eab0 flushing  nmethod 0x0000023080adb190
Event: 15.655 Thread 0x00000230f588eab0 flushing  nmethod 0x0000023080adb590
Event: 15.655 Thread 0x00000230f588eab0 flushing  nmethod 0x0000023080adb990
Event: 15.655 Thread 0x00000230f588eab0 flushing  nmethod 0x0000023080adc010
Event: 15.655 Thread 0x00000230f588eab0 flushing  nmethod 0x0000023080adc690
Event: 15.655 Thread 0x00000230f588eab0 flushing  nmethod 0x0000023080adcb10
Event: 15.655 Thread 0x00000230f588eab0 flushing  nmethod 0x0000023080ae1290
Event: 15.655 Thread 0x00000230f588eab0 flushing  nmethod 0x0000023080ae1810
Event: 15.655 Thread 0x00000230f588eab0 flushing  nmethod 0x0000023080af0f90
Event: 15.655 Thread 0x00000230f588eab0 flushing  nmethod 0x0000023080af1c10
Event: 15.655 Thread 0x00000230f588eab0 flushing  nmethod 0x0000023080af2910
Event: 15.655 Thread 0x00000230f588eab0 flushing  nmethod 0x0000023080af4490
Event: 15.655 Thread 0x00000230f588eab0 flushing  nmethod 0x0000023080af6c90
Event: 15.655 Thread 0x00000230f588eab0 flushing  nmethod 0x0000023080af8f10
Event: 15.655 Thread 0x00000230f588eab0 flushing  nmethod 0x0000023080afaa90
Event: 15.655 Thread 0x00000230f588eab0 flushing  nmethod 0x0000023080afb390
Event: 15.655 Thread 0x00000230f588eab0 flushing  nmethod 0x0000023080b01190
Event: 15.655 Thread 0x00000230f588eab0 flushing  nmethod 0x0000023080b04610
Event: 15.655 Thread 0x00000230f588eab0 flushing  nmethod 0x0000023080b05210
Event: 15.655 Thread 0x00000230f588eab0 flushing  nmethod 0x0000023080b06f10

Events (20 events):
Event: 8.629 Thread 0x00000230fdcd0c70 Thread added: 0x00000230dcc19270
Event: 8.629 Thread 0x00000230fdcd0c70 Thread added: 0x00000230dcc15760
Event: 8.629 Thread 0x00000230fdcd0c70 Thread added: 0x00000230dcc19f90
Event: 8.630 Thread 0x00000230fdcd0c70 Thread added: 0x00000230dcc13000
Event: 8.630 Thread 0x00000230fdcd0c70 Thread added: 0x00000230dcc19900
Event: 8.630 Thread 0x00000230fdcd0c70 Thread added: 0x00000230dcc16b10
Event: 8.630 Thread 0x00000230fdcd0c70 Thread added: 0x00000230dcc17830
Event: 8.630 Thread 0x00000230fdcd0c70 Thread added: 0x00000230dcc143b0
Event: 9.935 Thread 0x00000230fd7131f0 Thread exited: 0x00000230fd7131f0
Event: 11.097 Thread 0x00000230fd01a9d0 Thread exited: 0x00000230fd01a9d0
Event: 11.368 Thread 0x00000230fd5bbd40 Thread exited: 0x00000230fd5bbd40
Event: 12.924 Thread 0x00000230fcbee130 Thread added: 0x00000230ff6a8d30
Event: 12.975 Thread 0x00000230fcbee130 Thread added: 0x00000230fff7c780
Event: 13.350 Thread 0x00000230fff7c780 Thread exited: 0x00000230fff7c780
Event: 13.350 Thread 0x00000230ff6a8d30 Thread exited: 0x00000230ff6a8d30
Event: 13.387 Thread 0x00000230fcbbcc00 Thread added: 0x00000230ff6a8d30
Event: 13.411 Thread 0x00000230fcbee130 Thread added: 0x00000230dd9da210
Event: 13.967 Thread 0x00000230fdccd7f0 Thread added: 0x00000230dcc150d0
Event: 14.047 Thread 0x00000230fdccd7f0 Thread added: 0x00000230dcc13690
Event: 16.140 Thread 0x00000230dcc13690 Thread exited: 0x00000230dcc13690


Dynamic libraries:
0x00007ff7cec30000 - 0x00007ff7cec3e000 	c:\Users\zinzi\.vscode\extensions\redhat.java-1.40.0-win32-x64\jre\21.0.6-win32-x86_64\bin\java.exe
0x00007ff8bef30000 - 0x00007ff8bf147000 	C:\WINDOWS\SYSTEM32\ntdll.dll
0x00007ff8bd770000 - 0x00007ff8bd834000 	C:\WINDOWS\System32\KERNEL32.DLL
0x00007ff8bc500000 - 0x00007ff8bc8d1000 	C:\WINDOWS\System32\KERNELBASE.dll
0x00007ff8bc3b0000 - 0x00007ff8bc4c1000 	C:\WINDOWS\System32\ucrtbase.dll
0x00007ff86c920000 - 0x00007ff86c938000 	c:\Users\zinzi\.vscode\extensions\redhat.java-1.40.0-win32-x64\jre\21.0.6-win32-x86_64\bin\jli.dll
0x00007ff8be240000 - 0x00007ff8be3f1000 	C:\WINDOWS\System32\USER32.dll
0x00007ff8bc300000 - 0x00007ff8bc326000 	C:\WINDOWS\System32\win32u.dll
0x00007ff8bcc00000 - 0x00007ff8bcc29000 	C:\WINDOWS\System32\GDI32.dll
0x00007ff8bc070000 - 0x00007ff8bc18b000 	C:\WINDOWS\System32\gdi32full.dll
0x00007ff8bc960000 - 0x00007ff8bc9fa000 	C:\WINDOWS\System32\msvcp_win.dll
0x00007ff86c940000 - 0x00007ff86c95e000 	c:\Users\zinzi\.vscode\extensions\redhat.java-1.40.0-win32-x64\jre\21.0.6-win32-x86_64\bin\VCRUNTIME140.dll
0x00007ff8a9b50000 - 0x00007ff8a9de2000 	C:\WINDOWS\WinSxS\amd64_microsoft.windows.common-controls_6595b64144ccf1df_6.0.22621.4830_none_270fe7d773858e80\COMCTL32.dll
0x00007ff8be190000 - 0x00007ff8be237000 	C:\WINDOWS\System32\msvcrt.dll
0x00007ff8bcd50000 - 0x00007ff8bcd81000 	C:\WINDOWS\System32\IMM32.DLL
0x00007ff86c910000 - 0x00007ff86c91c000 	c:\Users\zinzi\.vscode\extensions\redhat.java-1.40.0-win32-x64\jre\21.0.6-win32-x86_64\bin\vcruntime140_1.dll
0x00007ff86c860000 - 0x00007ff86c8ed000 	c:\Users\zinzi\.vscode\extensions\redhat.java-1.40.0-win32-x64\jre\21.0.6-win32-x86_64\bin\msvcp140.dll
0x00007ff840b80000 - 0x00007ff841910000 	c:\Users\zinzi\.vscode\extensions\redhat.java-1.40.0-win32-x64\jre\21.0.6-win32-x86_64\bin\server\jvm.dll
0x00007ff8bee30000 - 0x00007ff8beee1000 	C:\WINDOWS\System32\ADVAPI32.dll
0x00007ff8bcd90000 - 0x00007ff8bce37000 	C:\WINDOWS\System32\sechost.dll
0x00007ff8bc4d0000 - 0x00007ff8bc4f8000 	C:\WINDOWS\System32\bcrypt.dll
0x00007ff8bcc30000 - 0x00007ff8bcd44000 	C:\WINDOWS\System32\RPCRT4.dll
0x00007ff8be110000 - 0x00007ff8be181000 	C:\WINDOWS\System32\WS2_32.dll
0x00007ff8baee0000 - 0x00007ff8baf2d000 	C:\WINDOWS\SYSTEM32\POWRPROF.dll
0x00007ff8acbb0000 - 0x00007ff8acbe4000 	C:\WINDOWS\SYSTEM32\WINMM.dll
0x00007ff8b9c70000 - 0x00007ff8b9c7a000 	C:\WINDOWS\SYSTEM32\VERSION.dll
0x00007ff8baec0000 - 0x00007ff8baed3000 	C:\WINDOWS\SYSTEM32\UMPDC.dll
0x00007ff8bb170000 - 0x00007ff8bb188000 	C:\WINDOWS\SYSTEM32\kernel.appcore.dll
0x00007ff86c850000 - 0x00007ff86c85a000 	c:\Users\zinzi\.vscode\extensions\redhat.java-1.40.0-win32-x64\jre\21.0.6-win32-x86_64\bin\jimage.dll
0x00007ff8ac0a0000 - 0x00007ff8ac2d2000 	C:\WINDOWS\SYSTEM32\DBGHELP.DLL
0x00007ff8be990000 - 0x00007ff8bed20000 	C:\WINDOWS\System32\combase.dll
0x00007ff8be400000 - 0x00007ff8be4d7000 	C:\WINDOWS\System32\OLEAUT32.dll
0x00007ff8a2290000 - 0x00007ff8a22c2000 	C:\WINDOWS\SYSTEM32\dbgcore.DLL
0x00007ff8bc330000 - 0x00007ff8bc3ab000 	C:\WINDOWS\System32\bcryptPrimitives.dll
0x00007ff8a5860000 - 0x00007ff8a586f000 	c:\Users\zinzi\.vscode\extensions\redhat.java-1.40.0-win32-x64\jre\21.0.6-win32-x86_64\bin\instrument.dll
0x00007ff851d00000 - 0x00007ff851d1f000 	c:\Users\zinzi\.vscode\extensions\redhat.java-1.40.0-win32-x64\jre\21.0.6-win32-x86_64\bin\java.dll
0x00007ff8bcee0000 - 0x00007ff8bd768000 	C:\WINDOWS\System32\SHELL32.dll
0x00007ff8bca00000 - 0x00007ff8bcb3f000 	C:\WINDOWS\System32\wintypes.dll
0x00007ff8b9f90000 - 0x00007ff8ba89d000 	C:\WINDOWS\SYSTEM32\windows.storage.dll
0x00007ff8be650000 - 0x00007ff8be75a000 	C:\WINDOWS\System32\SHCORE.dll
0x00007ff8be5f0000 - 0x00007ff8be64e000 	C:\WINDOWS\System32\shlwapi.dll
0x00007ff8bbfa0000 - 0x00007ff8bbfcb000 	C:\WINDOWS\SYSTEM32\profapi.dll
0x00007ff851ce0000 - 0x00007ff851cf8000 	c:\Users\zinzi\.vscode\extensions\redhat.java-1.40.0-win32-x64\jre\21.0.6-win32-x86_64\bin\zip.dll
0x00007ff869df0000 - 0x00007ff869e00000 	C:\Users\zinzi\.vscode\extensions\redhat.java-1.40.0-win32-x64\jre\21.0.6-win32-x86_64\bin\net.dll
0x00007ff8b83f0000 - 0x00007ff8b851c000 	C:\WINDOWS\SYSTEM32\WINHTTP.dll
0x00007ff8bb5d0000 - 0x00007ff8bb63a000 	C:\WINDOWS\system32\mswsock.dll
0x00007ff851cc0000 - 0x00007ff851cd6000 	C:\Users\zinzi\.vscode\extensions\redhat.java-1.40.0-win32-x64\jre\21.0.6-win32-x86_64\bin\nio.dll
0x00007ff851cb0000 - 0x00007ff851cc0000 	c:\Users\zinzi\.vscode\extensions\redhat.java-1.40.0-win32-x64\jre\21.0.6-win32-x86_64\bin\verify.dll
0x00007ff88b1b0000 - 0x00007ff88b1f5000 	C:\Users\zinzi\AppData\Roaming\Code\User\globalStorage\redhat.java\1.40.0\config_win\org.eclipse.equinox.launcher\org.eclipse.equinox.launcher.win32.win32.x86_64_1.2.1200.v20250212-0927\eclipse_11909.dll
0x00007ff8bd840000 - 0x00007ff8bd9e1000 	C:\WINDOWS\System32\ole32.dll
0x00007ff8bb7f0000 - 0x00007ff8bb80b000 	C:\WINDOWS\SYSTEM32\CRYPTSP.dll
0x00007ff8bb0d0000 - 0x00007ff8bb107000 	C:\WINDOWS\system32\rsaenh.dll
0x00007ff8bb680000 - 0x00007ff8bb6a8000 	C:\WINDOWS\SYSTEM32\USERENV.dll
0x00007ff8bb7e0000 - 0x00007ff8bb7ec000 	C:\WINDOWS\SYSTEM32\CRYPTBASE.dll
0x00007ff8bab70000 - 0x00007ff8bab9d000 	C:\WINDOWS\SYSTEM32\IPHLPAPI.DLL
0x00007ff8bdc50000 - 0x00007ff8bdc59000 	C:\WINDOWS\System32\NSI.dll
0x00007ff88fee0000 - 0x00007ff88ff29000 	C:\Users\zinzi\AppData\Local\Temp\jna-115907214\jna8904238408631518548.dll
0x00007ff8bced0000 - 0x00007ff8bced8000 	C:\WINDOWS\System32\PSAPI.DLL
0x00007ff8b8290000 - 0x00007ff8b82a9000 	C:\WINDOWS\SYSTEM32\dhcpcsvc6.DLL
0x00007ff8b8270000 - 0x00007ff8b828f000 	C:\WINDOWS\SYSTEM32\dhcpcsvc.DLL
0x00007ff824ad0000 - 0x00007ff824af7000 	C:\Users\zinzi\.gradle\native\1def1411415f61bf3af743bc5b6707747c0891f09f0c88961ee8f79bc544acac\windows-amd64\native-platform.dll
0x00007ff8a6830000 - 0x00007ff8a683a000 	C:\Users\zinzi\.vscode\extensions\redhat.java-1.40.0-win32-x64\jre\21.0.6-win32-x86_64\bin\management.dll
0x00007ff8a6820000 - 0x00007ff8a682b000 	C:\Users\zinzi\.vscode\extensions\redhat.java-1.40.0-win32-x64\jre\21.0.6-win32-x86_64\bin\management_ext.dll

dbghelp: loaded successfully - version: 4.0.5 - missing functions: none
symbol engine: initialized successfully - sym options: 0x614 - pdb path: .;c:\Users\zinzi\.vscode\extensions\redhat.java-1.40.0-win32-x64\jre\21.0.6-win32-x86_64\bin;C:\WINDOWS\SYSTEM32;C:\WINDOWS\WinSxS\amd64_microsoft.windows.common-controls_6595b64144ccf1df_6.0.22621.4830_none_270fe7d773858e80;c:\Users\zinzi\.vscode\extensions\redhat.java-1.40.0-win32-x64\jre\21.0.6-win32-x86_64\bin\server;C:\Users\zinzi\AppData\Roaming\Code\User\globalStorage\redhat.java\1.40.0\config_win\org.eclipse.equinox.launcher\org.eclipse.equinox.launcher.win32.win32.x86_64_1.2.1200.v20250212-0927;C:\Users\zinzi\AppData\Local\Temp\jna-115907214;C:\Users\zinzi\.gradle\native\1def1411415f61bf3af743bc5b6707747c0891f09f0c88961ee8f79bc544acac\windows-amd64

VM Arguments:
jvm_args: --add-modules=ALL-SYSTEM --add-opens=java.base/java.util=ALL-UNNAMED --add-opens=java.base/java.lang=ALL-UNNAMED --add-opens=java.base/sun.nio.fs=ALL-UNNAMED -Declipse.application=org.eclipse.jdt.ls.core.id1 -Dosgi.bundles.defaultStartLevel=4 -Declipse.product=org.eclipse.jdt.ls.core.product -Djava.import.generatesMetadataFilesAtProjectRoot=false -DDetectVMInstallationsJob.disabled=true -Dfile.encoding=utf8 -XX:+UseParallelGC -XX:GCTimeRatio=4 -XX:AdaptiveSizePolicyWeight=90 -Dsun.zip.disableMemoryMapping=true -Xmx1G -Xms100m -Xlog:disable -javaagent:c:\Users\zinzi\.vscode\extensions\redhat.java-1.40.0-win32-x64\lombok\lombok-1.18.36.jar -XX:+HeapDumpOnOutOfMemoryError -XX:HeapDumpPath=c:\Users\zinzi\AppData\Roaming\Code\User\workspaceStorage\1531145508dfbda3fe65cda5b18105b1\redhat.java -Daether.dependencyCollector.impl=bf 
java_command: c:\Users\zinzi\.vscode\extensions\redhat.java-1.40.0-win32-x64\server\plugins\org.eclipse.equinox.launcher_1.6.1000.v20250131-0606.jar -configuration c:\Users\zinzi\AppData\Roaming\Code\User\globalStorage\redhat.java\1.40.0\config_win -data c:\Users\zinzi\AppData\Roaming\Code\User\workspaceStorage\1531145508dfbda3fe65cda5b18105b1\redhat.java\jdt_ws --pipe=\\.\pipe\lsp-829b5575a171af4c5922c82d629d4fe5-sock
java_class_path (initial): c:\Users\zinzi\.vscode\extensions\redhat.java-1.40.0-win32-x64\server\plugins\org.eclipse.equinox.launcher_1.6.1000.v20250131-0606.jar
Launcher Type: SUN_STANDARD

[Global flags]
    uintx AdaptiveSizePolicyWeight                 = 90                                        {product} {command line}
     intx CICompilerCount                          = 4                                         {product} {ergonomic}
    uintx GCTimeRatio                              = 4                                         {product} {command line}
     bool HeapDumpOnOutOfMemoryError               = true                                   {manageable} {command line}
    ccstr HeapDumpPath                             = c:\Users\zinzi\AppData\Roaming\Code\User\workspaceStorage\1531145508dfbda3fe65cda5b18105b1\redhat.java         {manageable} {command line}
   size_t InitialHeapSize                          = 104857600                                 {product} {command line}
   size_t MaxHeapSize                              = 1073741824                                {product} {command line}
   size_t MaxNewSize                               = 357564416                                 {product} {ergonomic}
   size_t MinHeapDeltaBytes                        = 524288                                    {product} {ergonomic}
   size_t MinHeapSize                              = 104857600                                 {product} {command line}
   size_t NewSize                                  = 34603008                                  {product} {ergonomic}
    uintx NonNMethodCodeHeapSize                   = 5839372                                {pd product} {ergonomic}
    uintx NonProfiledCodeHeapSize                  = 122909434                              {pd product} {ergonomic}
   size_t OldSize                                  = 70254592                                  {product} {ergonomic}
    uintx ProfiledCodeHeapSize                     = 122909434                              {pd product} {ergonomic}
    uintx ReservedCodeCacheSize                    = 251658240                              {pd product} {ergonomic}
     bool SegmentedCodeCache                       = true                                      {product} {ergonomic}
   size_t SoftMaxHeapSize                          = 1073741824                             {manageable} {ergonomic}
     bool UseCompressedOops                        = true                           {product lp64_product} {ergonomic}
     bool UseLargePagesIndividualAllocation        = false                                  {pd product} {ergonomic}
     bool UseParallelGC                            = true                                      {product} {command line}

Logging:
Log output configuration:
 #0: stdout all=off uptime,level,tags foldmultilines=false
 #1: stderr all=off uptime,level,tags foldmultilines=false

Environment Variables:
JAVA_HOME=C:\Program Files\Microsoft\jdk-17.0.10.7-hotspot\
PATH=C:\Program Files\Microsoft\jdk-17.0.10.7-hotspot\bin;C:\WINDOWS\system32;C:\WINDOWS;C:\WINDOWS\System32\Wbem;C:\WINDOWS\System32\WindowsPowerShell\v1.0\;C:\WINDOWS\System32\OpenSSH\;C:\ProgramData\chocolatey\bin;C:\Program Files\Microsoft SQL Server\150\Tools\Binn\;C:\Program Files\Microsoft SQL Server\Client SDK\ODBC\170\Tools\Binn\;C:\Program Files (x86)\Microsoft SQL Server\160\Tools\Binn\;C:\Program Files\Microsoft SQL Server\160\Tools\Binn\;C:\Program Files\Microsoft SQL Server\160\DTS\Binn\;C:\Program Files (x86)\NVIDIA Corporation\PhysX\Common;C:\Users\zinzi\AppData\Roaming\nvm;C:\Program Files\nodejs;C:\Program Files\Amazon\AWSCLIV2\;C:\Program Files\starship\bin\;C:\Program Files (x86)\oh-my-posh\bin;D:\Git\Git\cmd;C:\Program Files\Amazon\SessionManagerPlugin\bin\;C:\Program Files\dotnet\;C:\Program Files\Amazon\SessionManagerPlugin\bin;C:\Program Files\MySQL\MySQL Shell 8.0\bin\;C:\Users\zinzi\AppData\Local\Android\Sdk\platform-tools;C:\Users\zinzi\AppData\Local\Microsoft\WindowsApps;C:\Users\zinzi\AppData\Local\Programs\Microsoft VS Code\bin;C:\Users\zinzi\AppData\Local\GitHubDesktop\bin;C:\Users\zinzi\AppData\Roaming\npm;C:\Users\zinzi\AppData\Roaming\nvm;C:\Program Files\nodejs;C:\Users\zinzi\AppData\Local\Programs\oh-my-posh\bin;C:\Users\zinzi\AppData\Local\Packages\PythonSoftwareFoundation.Python.3.13_qbz5n2kfra8p0\LocalCache\local-packages\Python313\Scripts;C:\Gradle\gradle-8.13\bin;C:\Users\zinzi\.dotnet\tools
USERNAME=zinzi
OS=Windows_NT
PROCESSOR_IDENTIFIER=Intel64 Family 6 Model 165 Stepping 2, GenuineIntel
TMP=C:\Users\zinzi\AppData\Local\Temp
TEMP=C:\Users\zinzi\AppData\Local\Temp




Periodic native trim disabled

---------------  S Y S T E M  ---------------

OS:
 Windows 11 , 64 bit Build 22621 (10.0.22621.4974)
OS uptime: 0 days 0:49 hours
Hyper-V role detected

CPU: total 12 (initial active 12) (6 cores per cpu, 2 threads per core) family 6 model 165 stepping 2 microcode 0xe0, cx8, cmov, fxsr, ht, mmx, 3dnowpref, sse, sse2, sse3, ssse3, sse4.1, sse4.2, popcnt, lzcnt, tsc, tscinvbit, avx, avx2, aes, erms, clmul, bmi1, bmi2, adx, fma, vzeroupper, clflush, clflushopt, hv, rdtscp, f16c
Processor Information for the first 12 processors :
  Max Mhz: 2592, Current Mhz: 2592, Mhz Limit: 2592

Memory: 4k page, system-wide physical 16205M (3959M free)
TotalPageFile size 18253M (AvailPageFile size 3M)
current process WorkingSet (physical memory assigned to process): 784M, peak: 785M
current process commit charge ("private bytes"): 701M, peak: 702M

vm_info: OpenJDK 64-Bit Server VM (21.0.6+7-LTS) for windows-amd64 JRE (21.0.6+7-LTS), built on 2025-01-21T00:00:00Z by "admin" with MS VC++ 17.7 (VS2022)

END.
