#
# There is insufficient memory for the Java Runtime Environment to continue.
# Native memory allocation (malloc) failed to allocate 299376 bytes. Error detail: Chunk::new
# Possible reasons:
#   The system is out of physical RAM or swap space
#   This process is running with CompressedOops enabled, and the Java Heap may be blocking the growth of the native heap
# Possible solutions:
#   Reduce memory load on the system
#   Increase physical memory or swap space
#   Check if swap backing store is full
#   Decrease Java heap size (-Xmx/-Xms)
#   Decrease number of Java threads
#   Decrease Java thread stack sizes (-Xss)
#   Set larger code cache with -XX:ReservedCodeCacheSize=
#   JVM is running with Unscaled Compressed Oops mode in which the Java heap is
#     placed in the first 4GB address space. The Java Heap base address is the
#     maximum limit for the native heap growth. Please use -XX:HeapBaseMinAddress
#     to set the Java Heap base and to place the Java Heap above 4GB virtual address.
# This output file may be truncated or incomplete.
#
#  Out of Memory Error (arena.cpp:168), pid=5124, tid=14816
#
# JRE version: OpenJDK Runtime Environment Temurin-21.0.6+7 (21.0.6+7) (build 21.0.6+7-LTS)
# Java VM: OpenJDK 64-Bit Server VM Temurin-21.0.6+7 (21.0.6+7-LTS, mixed mode, sharing, tiered, compressed oops, compressed class ptrs, parallel gc, windows-amd64)
# No core dump will be written. Minidumps are not enabled by default on client versions of Windows
#

---------------  S U M M A R Y ------------

Command Line: --add-modules=ALL-SYSTEM --add-opens=java.base/java.util=ALL-UNNAMED --add-opens=java.base/java.lang=ALL-UNNAMED --add-opens=java.base/sun.nio.fs=ALL-UNNAMED -Declipse.application=org.eclipse.jdt.ls.core.id1 -Dosgi.bundles.defaultStartLevel=4 -Declipse.product=org.eclipse.jdt.ls.core.product -Djava.import.generatesMetadataFilesAtProjectRoot=false -DDetectVMInstallationsJob.disabled=true -Dfile.encoding=utf8 -XX:+UseParallelGC -XX:GCTimeRatio=4 -XX:AdaptiveSizePolicyWeight=90 -Dsun.zip.disableMemoryMapping=true -Xmx1G -Xms100m -Xlog:disable -javaagent:c:\Users\zinzi\.vscode\extensions\redhat.java-1.40.0-win32-x64\lombok\lombok-1.18.36.jar -XX:+HeapDumpOnOutOfMemoryError -XX:HeapDumpPath=c:\Users\zinzi\AppData\Roaming\Code\User\workspaceStorage\1531145508dfbda3fe65cda5b18105b1\redhat.java -Daether.dependencyCollector.impl=bf c:\Users\zinzi\.vscode\extensions\redhat.java-1.40.0-win32-x64\server\plugins\org.eclipse.equinox.launcher_1.6.1000.v20250131-0606.jar -configuration c:\Users\zinzi\AppData\Roaming\Code\User\globalStorage\redhat.java\1.40.0\config_win -data c:\Users\zinzi\AppData\Roaming\Code\User\workspaceStorage\1531145508dfbda3fe65cda5b18105b1\redhat.java\jdt_ws --pipe=\\.\pipe\lsp-c282b631510b3e13c57560a690e73486-sock

Host: Intel(R) Core(TM) i7-10750H CPU @ 2.60GHz, 12 cores, 15G,  Windows 11 , 64 bit Build 22621 (10.0.22621.4974)
Time: Sun Mar 23 22:51:56 2025 SE Asia Standard Time elapsed time: 1.947074 seconds (0d 0h 0m 1s)

---------------  T H R E A D  ---------------

Current thread (0x00000277dc820f30):  JavaThread "C2 CompilerThread1" daemon [_thread_in_native, id=14816, stack(0x0000009068b00000,0x0000009068c00000) (1024K)]


Current CompileTask:
C2:1947 1237       4       java.io.DataInputStream::readUTF (501 bytes)

Stack: [0x0000009068b00000,0x0000009068c00000]
Native frames: (J=compiled Java code, j=interpreted, Vv=VM code, C=native code)
V  [jvm.dll+0x6cdee9]
V  [jvm.dll+0x8a83d1]
V  [jvm.dll+0x8aa8fe]
V  [jvm.dll+0x8aafe3]
V  [jvm.dll+0x27f706]
V  [jvm.dll+0xc500d]
V  [jvm.dll+0xc5543]
V  [jvm.dll+0x3b6752]
V  [jvm.dll+0x1dfe13]
V  [jvm.dll+0x247b42]
V  [jvm.dll+0x246fcf]
V  [jvm.dll+0x1c75ee]
V  [jvm.dll+0x25685a]
V  [jvm.dll+0x254dfa]
V  [jvm.dll+0x3f0256]
V  [jvm.dll+0x851f8b]
V  [jvm.dll+0x6cc5ed]
C  [ucrtbase.dll+0x29333]
C  [KERNEL32.DLL+0x1259d]
C  [ntdll.dll+0x5af38]


---------------  P R O C E S S  ---------------

Threads class SMR info:
_java_thread_list=0x00000277dc4381f0, length=13, elements={
0x0000027784ac0070, 0x0000027784b65380, 0x0000027798eac960, 0x0000027784b65fd0,
0x0000027784b66b80, 0x0000027784b67a90, 0x0000027784b6b600, 0x0000027784b6c430,
0x00000277db351fd0, 0x0000027784b2c0c0, 0x00000277db71cf70, 0x00000277dc820f30,
0x00000277dc94b700
}

Java Threads: ( => current thread )
  0x0000027784ac0070 JavaThread "main"                              [_thread_in_native, id=18012, stack(0x0000009067e00000,0x0000009067f00000) (1024K)]
  0x0000027784b65380 JavaThread "Reference Handler"          daemon [_thread_blocked, id=17020, stack(0x0000009068200000,0x0000009068300000) (1024K)]
  0x0000027798eac960 JavaThread "Finalizer"                  daemon [_thread_blocked, id=10028, stack(0x0000009068300000,0x0000009068400000) (1024K)]
  0x0000027784b65fd0 JavaThread "Signal Dispatcher"          daemon [_thread_blocked, id=18884, stack(0x0000009068400000,0x0000009068500000) (1024K)]
  0x0000027784b66b80 JavaThread "Attach Listener"            daemon [_thread_blocked, id=10092, stack(0x0000009068500000,0x0000009068600000) (1024K)]
  0x0000027784b67a90 JavaThread "Service Thread"             daemon [_thread_blocked, id=13468, stack(0x0000009068600000,0x0000009068700000) (1024K)]
  0x0000027784b6b600 JavaThread "Monitor Deflation Thread"   daemon [_thread_blocked, id=15268, stack(0x0000009068700000,0x0000009068800000) (1024K)]
  0x0000027784b6c430 JavaThread "C2 CompilerThread0"         daemon [_thread_blocked, id=5456, stack(0x0000009068800000,0x0000009068900000) (1024K)]
  0x00000277db351fd0 JavaThread "C1 CompilerThread0"         daemon [_thread_blocked, id=16848, stack(0x0000009068900000,0x0000009068a00000) (1024K)]
  0x0000027784b2c0c0 JavaThread "Common-Cleaner"             daemon [_thread_blocked, id=20132, stack(0x0000009068a00000,0x0000009068b00000) (1024K)]
  0x00000277db71cf70 JavaThread "Notification Thread"        daemon [_thread_blocked, id=8360, stack(0x0000009068c00000,0x0000009068d00000) (1024K)]
=>0x00000277dc820f30 JavaThread "C2 CompilerThread1"         daemon [_thread_in_native, id=14816, stack(0x0000009068b00000,0x0000009068c00000) (1024K)]
  0x00000277dc94b700 JavaThread "C2 CompilerThread2"         daemon [_thread_in_native, id=13292, stack(0x0000009069300000,0x0000009069400000) (1024K)]
Total: 13

Other Threads:
  0x0000027798e96610 VMThread "VM Thread"                           [id=9308, stack(0x0000009068100000,0x0000009068200000) (1024K)]
  0x0000027798d8ca00 WatcherThread "VM Periodic Task Thread"        [id=19000, stack(0x0000009068000000,0x0000009068100000) (1024K)]
  0x0000027784adf110 WorkerThread "GC Thread#0"                     [id=9568, stack(0x0000009067f00000,0x0000009068000000) (1024K)]
  0x00000277dca95930 WorkerThread "GC Thread#1"                     [id=17664, stack(0x0000009068d00000,0x0000009068e00000) (1024K)]
  0x00000277dc8e9290 WorkerThread "GC Thread#2"                     [id=12524, stack(0x0000009068e00000,0x0000009068f00000) (1024K)]
  0x00000277dc8e9630 WorkerThread "GC Thread#3"                     [id=3028, stack(0x0000009068f00000,0x0000009069000000) (1024K)]
  0x00000277dc8e99d0 WorkerThread "GC Thread#4"                     [id=3572, stack(0x0000009069000000,0x0000009069100000) (1024K)]
  0x00000277dc8a4bb0 WorkerThread "GC Thread#5"                     [id=376, stack(0x0000009069100000,0x0000009069200000) (1024K)]
  0x00000277dc8a4f50 WorkerThread "GC Thread#6"                     [id=14628, stack(0x0000009069200000,0x0000009069300000) (1024K)]
Total: 9

Threads with active compile tasks:
C1 CompilerThread0  1970 1283       1       java.net.JarURLConnection::getJarFileURL (5 bytes)
C2 CompilerThread1  1970 1237       4       java.io.DataInputStream::readUTF (501 bytes)
C2 CompilerThread2  1970 1275 %     4       lombok.launch.PackageShader::apply @ 154 (252 bytes)
Total: 3

VM state: not at safepoint (normal execution)

VM Mutex/Monitor currently owned by a thread: None

Heap address: 0x00000000c0000000, size: 1024 MB, Compressed Oops mode: 32-bit

CDS archive(s) mapped at: [0x0000027799000000-0x0000027799ba0000-0x0000027799ba0000), size 12189696, SharedBaseAddress: 0x0000027799000000, ArchiveRelocationMode: 1.
Compressed class space mapped at: 0x000002779a000000-0x00000277da000000, reserved size: 1073741824
Narrow klass base: 0x0000027799000000, Narrow klass shift: 0, Narrow klass range: 0x100000000

GC Precious Log:
 CardTable entry size: 512
 CPUs: 12 total, 12 available
 Memory: 16205M
 Large Page Support: Disabled
 NUMA Support: Disabled
 Compressed Oops: Enabled (32-bit)
 Alignments: Space 512K, Generation 512K, Heap 2M
 Heap Min Capacity: 100M
 Heap Initial Capacity: 100M
 Heap Max Capacity: 1G
 Pre-touch: Disabled
 Parallel Workers: 10

Heap:
 PSYoungGen      total 29696K, used 11975K [0x00000000eab00000, 0x00000000ecc00000, 0x0000000100000000)
  eden space 25600K, 34% used [0x00000000eab00000,0x00000000eb396348,0x00000000ec400000)
  from space 4096K, 77% used [0x00000000ec400000,0x00000000ec71baa0,0x00000000ec800000)
  to   space 4096K, 0% used [0x00000000ec800000,0x00000000ec800000,0x00000000ecc00000)
 ParOldGen       total 68608K, used 0K [0x00000000c0000000, 0x00000000c4300000, 0x00000000eab00000)
  object space 68608K, 0% used [0x00000000c0000000,0x00000000c0000000,0x00000000c4300000)
 Metaspace       used 5881K, committed 6080K, reserved 1114112K
  class space    used 561K, committed 640K, reserved 1048576K

Card table byte_map: [0x0000027784480000,0x0000027784690000] _byte_map_base: 0x0000027783e80000

Marking Bits: (ParMarkBitMap*) 0x00007ffa98433260
 Begin Bits: [0x0000027796cb0000, 0x0000027797cb0000)
 End Bits:   [0x0000027797cb0000, 0x0000027798cb0000)

Polling page: 0x0000027782950000

Metaspace:

Usage:
  Non-class:      5.20 MB used.
      Class:    561.14 KB used.
       Both:      5.74 MB used.

Virtual space:
  Non-class space:       64.00 MB reserved,       5.31 MB (  8%) committed,  1 nodes.
      Class space:        1.00 GB reserved,     640.00 KB ( <1%) committed,  1 nodes.
             Both:        1.06 GB reserved,       5.94 MB ( <1%) committed. 

Chunk freelists:
   Non-Class:  10.08 MB
       Class:  15.38 MB
        Both:  25.45 MB

MaxMetaspaceSize: unlimited
CompressedClassSpaceSize: 1.00 GB
Initial GC threshold: 21.00 MB
Current GC threshold: 21.00 MB
CDS: on
 - commit_granule_bytes: 65536.
 - commit_granule_words: 8192.
 - virtual_space_node_default_size: 8388608.
 - enlarge_chunks_in_place: 1.
 - use_allocation_guard: 0.


Internal statistics:

num_allocs_failed_limit: 0.
num_arena_births: 148.
num_arena_deaths: 0.
num_vsnodes_births: 2.
num_vsnodes_deaths: 0.
num_space_committed: 95.
num_space_uncommitted: 0.
num_chunks_returned_to_freelist: 0.
num_chunks_taken_from_freelist: 252.
num_chunk_merges: 0.
num_chunk_splits: 173.
num_chunks_enlarged: 123.
num_inconsistent_stats: 0.

CodeHeap 'non-profiled nmethods': size=120000Kb used=515Kb max_used=515Kb free=119484Kb
 bounds [0x000002778f780000, 0x000002778f9f0000, 0x0000027796cb0000]
CodeHeap 'profiled nmethods': size=120000Kb used=2228Kb max_used=2228Kb free=117771Kb
 bounds [0x0000027787cb0000, 0x0000027787f20000, 0x000002778f1e0000]
CodeHeap 'non-nmethods': size=5760Kb used=1202Kb max_used=1234Kb free=4557Kb
 bounds [0x000002778f1e0000, 0x000002778f450000, 0x000002778f780000]
 total_blobs=1745 nmethods=1279 adapters=373
 compilation: enabled
              stopped_count=0, restarted_count=0
 full_count=0

Compilation events (20 events):
Event: 1.921 Thread 0x00000277db351fd0 1270       1       java.util.Collections$EmptyMap::size (2 bytes)
Event: 1.921 Thread 0x00000277db351fd0 nmethod 1270 0x000002778f7f8510 code [0x000002778f7f86a0, 0x000002778f7f8768]
Event: 1.921 Thread 0x00000277db351fd0 1271       3       java.util.Base64$Decoder::decodeBlock (186 bytes)
Event: 1.922 Thread 0x00000277db351fd0 nmethod 1271 0x0000027787ed4a10 code [0x0000027787ed4be0, 0x0000027787ed5050]
Event: 1.923 Thread 0x0000027784b6c430 nmethod 1248 0x000002778f7f8810 code [0x000002778f7f8ae0, 0x000002778f7fa4a0]
Event: 1.924 Thread 0x0000027784b6c430 1265       4       java.util.HashMap::put (13 bytes)
Event: 1.926 Thread 0x0000027784b6c430 nmethod 1265 0x000002778f7fb390 code [0x000002778f7fb520, 0x000002778f7fb680]
Event: 1.926 Thread 0x0000027784b6c430 1258   !   4       java.io.BufferedInputStream::read (54 bytes)
Event: 1.927 Thread 0x00000277dc94b700 nmethod 1249 0x000002778f7fb790 code [0x000002778f7fba20, 0x000002778f7fc600]
Event: 1.927 Thread 0x00000277dc94b700 1259       4       java.io.BufferedInputStream::implRead (49 bytes)
Event: 1.928 Thread 0x00000277db351fd0 1272       3       java.util.WeakHashMap::get (75 bytes)
Event: 1.929 Thread 0x00000277dc94b700 nmethod 1259 0x000002778f7fd110 code [0x000002778f7fd2a0, 0x000002778f7fd3d8]
Event: 1.929 Thread 0x00000277dc94b700 1268       4       java.io.DataInputStream::readInt (19 bytes)
Event: 1.929 Thread 0x00000277db351fd0 nmethod 1272 0x0000027787ed5310 code [0x0000027787ed5540, 0x0000027787ed5da8]
Event: 1.931 Thread 0x00000277dc94b700 nmethod 1268 0x000002778f7fd510 code [0x000002778f7fd6a0, 0x000002778f7fd7c8]
Event: 1.931 Thread 0x00000277dc94b700 1262       4       java.util.ArrayList::get (15 bytes)
Event: 1.932 Thread 0x00000277dc94b700 nmethod 1262 0x000002778f7fd990 code [0x000002778f7fdb20, 0x000002778f7fdc40]
Event: 1.932 Thread 0x00000277dc94b700 1263       4       org.eclipse.osgi.container.ModuleDatabase$Persistence::readString0 (98 bytes)
Event: 1.933 Thread 0x0000027784b6c430 nmethod 1258 0x000002778f7fdd90 code [0x000002778f7fdf60, 0x000002778f7fe2b0]
Event: 1.933 Thread 0x0000027784b6c430 1247       4       java.io.BufferedInputStream::read1 (121 bytes)

GC Heap History (2 events):
Event: 1.485 GC heap before
{Heap before GC invocations=1 (full 0):
 PSYoungGen      total 29696K, used 25600K [0x00000000eab00000, 0x00000000ecc00000, 0x0000000100000000)
  eden space 25600K, 100% used [0x00000000eab00000,0x00000000ec400000,0x00000000ec400000)
  from space 4096K, 0% used [0x00000000ec800000,0x00000000ec800000,0x00000000ecc00000)
  to   space 4096K, 0% used [0x00000000ec400000,0x00000000ec400000,0x00000000ec800000)
 ParOldGen       total 68608K, used 0K [0x00000000c0000000, 0x00000000c4300000, 0x00000000eab00000)
  object space 68608K, 0% used [0x00000000c0000000,0x00000000c0000000,0x00000000c4300000)
 Metaspace       used 4342K, committed 4544K, reserved 1114112K
  class space    used 436K, committed 512K, reserved 1048576K
}
Event: 1.512 GC heap after
{Heap after GC invocations=1 (full 0):
 PSYoungGen      total 29696K, used 3182K [0x00000000eab00000, 0x00000000ecc00000, 0x0000000100000000)
  eden space 25600K, 0% used [0x00000000eab00000,0x00000000eab00000,0x00000000ec400000)
  from space 4096K, 77% used [0x00000000ec400000,0x00000000ec71baa0,0x00000000ec800000)
  to   space 4096K, 0% used [0x00000000ec800000,0x00000000ec800000,0x00000000ecc00000)
 ParOldGen       total 68608K, used 0K [0x00000000c0000000, 0x00000000c4300000, 0x00000000eab00000)
  object space 68608K, 0% used [0x00000000c0000000,0x00000000c0000000,0x00000000c4300000)
 Metaspace       used 4342K, committed 4544K, reserved 1114112K
  class space    used 436K, committed 512K, reserved 1048576K
}

Dll operation events (8 events):
Event: 0.028 Loaded shared library c:\Users\zinzi\.vscode\extensions\redhat.java-1.40.0-win32-x64\jre\21.0.6-win32-x86_64\bin\java.dll
Event: 0.172 Loaded shared library c:\Users\zinzi\.vscode\extensions\redhat.java-1.40.0-win32-x64\jre\21.0.6-win32-x86_64\bin\zip.dll
Event: 0.225 Loaded shared library C:\Users\zinzi\.vscode\extensions\redhat.java-1.40.0-win32-x64\jre\21.0.6-win32-x86_64\bin\instrument.dll
Event: 0.233 Loaded shared library C:\Users\zinzi\.vscode\extensions\redhat.java-1.40.0-win32-x64\jre\21.0.6-win32-x86_64\bin\net.dll
Event: 0.237 Loaded shared library C:\Users\zinzi\.vscode\extensions\redhat.java-1.40.0-win32-x64\jre\21.0.6-win32-x86_64\bin\nio.dll
Event: 0.242 Loaded shared library C:\Users\zinzi\.vscode\extensions\redhat.java-1.40.0-win32-x64\jre\21.0.6-win32-x86_64\bin\zip.dll
Event: 0.284 Loaded shared library C:\Users\zinzi\.vscode\extensions\redhat.java-1.40.0-win32-x64\jre\21.0.6-win32-x86_64\bin\jimage.dll
Event: 0.456 Loaded shared library c:\Users\zinzi\.vscode\extensions\redhat.java-1.40.0-win32-x64\jre\21.0.6-win32-x86_64\bin\verify.dll

Deoptimization events (20 events):
Event: 1.467 Thread 0x0000027784ac0070 Uncommon trap: trap_request=0xffffff45 fr.pc=0x000002778f7d8a54 relative=0x0000000000000294
Event: 1.467 Thread 0x0000027784ac0070 Uncommon trap: reason=unstable_if action=reinterpret pc=0x000002778f7d8a54 method=java.util.HashMap.hash(Ljava/lang/Object;)I @ 1 c2
Event: 1.467 Thread 0x0000027784ac0070 DEOPT PACKING pc=0x000002778f7d8a54 sp=0x0000009067efe910
Event: 1.467 Thread 0x0000027784ac0070 DEOPT UNPACKING pc=0x000002778f233aa2 sp=0x0000009067efe818 mode 2
Event: 1.467 Thread 0x0000027784ac0070 Uncommon trap: trap_request=0xffffff45 fr.pc=0x000002778f7ce854 relative=0x00000000000000b4
Event: 1.467 Thread 0x0000027784ac0070 Uncommon trap: reason=unstable_if action=reinterpret pc=0x000002778f7ce854 method=java.util.HashMap.hash(Ljava/lang/Object;)I @ 1 c2
Event: 1.467 Thread 0x0000027784ac0070 DEOPT PACKING pc=0x000002778f7ce854 sp=0x0000009067efe990
Event: 1.467 Thread 0x0000027784ac0070 DEOPT UNPACKING pc=0x000002778f233aa2 sp=0x0000009067efe928 mode 2
Event: 1.467 Thread 0x0000027784ac0070 Uncommon trap: trap_request=0xffffffde fr.pc=0x000002778f7c4d3c relative=0x000000000000059c
Event: 1.467 Thread 0x0000027784ac0070 Uncommon trap: reason=class_check action=maybe_recompile pc=0x000002778f7c4d3c method=java.util.Collections$UnmodifiableCollection$1.<init>(Ljava/util/Collections$UnmodifiableCollection;)V @ 17 c2
Event: 1.467 Thread 0x0000027784ac0070 DEOPT PACKING pc=0x000002778f7c4d3c sp=0x0000009067efe9d0
Event: 1.467 Thread 0x0000027784ac0070 DEOPT UNPACKING pc=0x000002778f233aa2 sp=0x0000009067efe918 mode 2
Event: 1.763 Thread 0x0000027784ac0070 Uncommon trap: trap_request=0xffffff45 fr.pc=0x000002778f7c5f08 relative=0x00000000000001a8
Event: 1.763 Thread 0x0000027784ac0070 Uncommon trap: reason=unstable_if action=reinterpret pc=0x000002778f7c5f08 method=java.lang.invoke.VarHandle.checkAccessModeThenIsDirect(Ljava/lang/invoke/VarHandle$AccessDescriptor;)Z @ 4 c2
Event: 1.763 Thread 0x0000027784ac0070 DEOPT PACKING pc=0x000002778f7c5f08 sp=0x0000009067efe970
Event: 1.763 Thread 0x0000027784ac0070 DEOPT UNPACKING pc=0x000002778f233aa2 sp=0x0000009067efe8a8 mode 2
Event: 1.927 Thread 0x0000027784ac0070 Uncommon trap: trap_request=0xffffff45 fr.pc=0x000002778f7cbe24 relative=0x0000000000001164
Event: 1.927 Thread 0x0000027784ac0070 Uncommon trap: reason=unstable_if action=reinterpret pc=0x000002778f7cbe24 method=lombok.patcher.PatchScript.classMatches(Ljava/lang/String;Ljava/util/Collection;)Z @ 25 c2
Event: 1.927 Thread 0x0000027784ac0070 DEOPT PACKING pc=0x000002778f7cbe24 sp=0x0000009067ef8b80
Event: 1.927 Thread 0x0000027784ac0070 DEOPT UNPACKING pc=0x000002778f233aa2 sp=0x0000009067ef8ae8 mode 2

Classes loaded (20 events):
Event: 1.844 Loading class java/util/AbstractQueue done
Event: 1.844 Loading class java/util/concurrent/SynchronousQueue done
Event: 1.844 Loading class java/util/concurrent/SynchronousQueue$Transferer
Event: 1.844 Loading class java/util/concurrent/LinkedTransferQueue
Event: 1.844 Loading class java/util/concurrent/TransferQueue
Event: 1.845 Loading class java/util/concurrent/TransferQueue done
Event: 1.845 Loading class java/util/concurrent/LinkedTransferQueue done
Event: 1.845 Loading class java/util/concurrent/SynchronousQueue$Transferer done
Event: 1.845 Loading class java/util/concurrent/LinkedTransferQueue$DualNode
Event: 1.845 Loading class java/util/concurrent/LinkedTransferQueue$DualNode done
Event: 1.846 Loading class java/util/concurrent/RejectedExecutionHandler
Event: 1.846 Loading class java/util/concurrent/RejectedExecutionHandler done
Event: 1.846 Loading class java/util/concurrent/LinkedBlockingQueue
Event: 1.847 Loading class java/util/concurrent/LinkedBlockingQueue done
Event: 1.847 Loading class java/util/concurrent/LinkedBlockingQueue$Node
Event: 1.847 Loading class java/util/concurrent/LinkedBlockingQueue$Node done
Event: 1.865 Loading class java/util/concurrent/Semaphore$NonfairSync
Event: 1.865 Loading class java/util/concurrent/Semaphore$Sync
Event: 1.865 Loading class java/util/concurrent/Semaphore$Sync done
Event: 1.865 Loading class java/util/concurrent/Semaphore$NonfairSync done

Classes unloaded (0 events):
No events

Classes redefined (0 events):
No events

Internal exceptions (20 events):
Event: 1.383 Thread 0x0000027784ac0070 Exception <a 'java/lang/ClassNotFoundException'{0x00000000ec2595f0}: sun/net/www/protocol/c/Handler> (0x00000000ec2595f0) 
thrown [s\src\hotspot\share\classfile\systemDictionary.cpp, line 312]
Event: 1.383 Thread 0x0000027784ac0070 Exception <a 'java/lang/ClassNotFoundException'{0x00000000ec25a978}: sun/net/www/protocol/d/Handler> (0x00000000ec25a978) 
thrown [s\src\hotspot\share\classfile\systemDictionary.cpp, line 312]
Event: 1.384 Thread 0x0000027784ac0070 Exception <a 'java/lang/ClassNotFoundException'{0x00000000ec25bb38}: sun/net/www/protocol/c/Handler> (0x00000000ec25bb38) 
thrown [s\src\hotspot\share\classfile\systemDictionary.cpp, line 312]
Event: 1.396 Thread 0x0000027784ac0070 Exception <a 'java/io/FileNotFoundException'{0x00000000ec283d30}> (0x00000000ec283d30) 
thrown [s\src\hotspot\share\prims\jni.cpp, line 520]
Event: 1.463 Thread 0x0000027784ac0070 Implicit null exception at 0x000002778f7e0ac9 to 0x000002778f7e16d8
Event: 1.463 Thread 0x0000027784ac0070 Implicit null exception at 0x000002778f7ddaa0 to 0x000002778f7ddccc
Event: 1.464 Thread 0x0000027784ac0070 Exception <a 'java/lang/NoSuchMethodError'{0x00000000ec3aea50}: 'void java.lang.invoke.DirectMethodHandle$Holder.invokeStatic(java.lang.Object, java.lang.Object, java.lang.Object, java.lang.Object)'> (0x00000000ec3aea50) 
thrown [s\src\hotspot\share\interpreter\linkResolver.cpp, line 773]
Event: 1.467 Thread 0x0000027784ac0070 Implicit null exception at 0x000002778f7d8820 to 0x000002778f7d8a3c
Event: 1.467 Thread 0x0000027784ac0070 Implicit null exception at 0x000002778f7ce7c0 to 0x000002778f7ce845
Event: 1.595 Thread 0x0000027784ac0070 Exception <a 'java/lang/NoSuchMethodError'{0x00000000eacf19a8}: 'long java.lang.invoke.DirectMethodHandle$Holder.invokeStatic(java.lang.Object, java.lang.Object, int)'> (0x00000000eacf19a8) 
thrown [s\src\hotspot\share\interpreter\linkResolver.cpp, line 773]
Event: 1.600 Thread 0x0000027784ac0070 Exception <a 'java/lang/NoSuchMethodError'{0x00000000eacf9510}: 'java.lang.Object java.lang.invoke.DirectMethodHandle$Holder.invokeSpecial(java.lang.Object, java.lang.Object, java.lang.Object, java.lang.Object, long)'> (0x00000000eacf9510) 
thrown [s\src\hotspot\share\interpreter\linkResolver.cpp, line 773]
Event: 1.606 Thread 0x0000027784ac0070 Exception <a 'java/lang/NoSuchMethodError'{0x00000000ead07190}: 'java.lang.Object java.lang.invoke.DirectMethodHandle$Holder.invokeSpecial(java.lang.Object, java.lang.Object, java.lang.Object, int, java.lang.Object)'> (0x00000000ead07190) 
thrown [s\src\hotspot\share\interpreter\linkResolver.cpp, line 773]
Event: 1.615 Thread 0x0000027784ac0070 Exception <a 'java/lang/NoSuchMethodError'{0x00000000ead20dd8}: 'java.lang.Object java.lang.invoke.Invokers$Holder.invokeExact_MT(java.lang.Object, java.lang.Object, java.lang.Object, java.lang.Object, java.lang.Object, java.lang.Object)'> (0x00000000ead20dd8) 
thrown [s\src\hotspot\share\interpreter\linkResolver.cpp, line 773]
Event: 1.621 Thread 0x0000027784ac0070 Exception <a 'java/lang/NoSuchMethodError'{0x00000000ead3a690}: 'int java.lang.invoke.DirectMethodHandle$Holder.invokeStaticInit(java.lang.Object, java.lang.Object, java.lang.Object, java.lang.Object)'> (0x00000000ead3a690) 
thrown [s\src\hotspot\share\interpreter\linkResolver.cpp, line 773]
Event: 1.623 Thread 0x0000027784ac0070 Exception <a 'java/lang/NoSuchMethodError'{0x00000000ead430e0}: 'java.lang.Object java.lang.invoke.DirectMethodHandle$Holder.invokeInterface(java.lang.Object, java.lang.Object)'> (0x00000000ead430e0) 
thrown [s\src\hotspot\share\interpreter\linkResolver.cpp, line 773]
Event: 1.624 Thread 0x0000027784ac0070 Exception <a 'java/lang/IncompatibleClassChangeError'{0x00000000ead46618}: Found class java.lang.Object, but interface was expected> (0x00000000ead46618) 
thrown [s\src\hotspot\share\interpreter\linkResolver.cpp, line 840]
Event: 1.624 Thread 0x0000027784ac0070 Exception <a 'java/lang/NoSuchMethodError'{0x00000000ead4a7d0}: 'void java.lang.invoke.DirectMethodHandle$Holder.invokeStatic(java.lang.Object, java.lang.Object)'> (0x00000000ead4a7d0) 
thrown [s\src\hotspot\share\interpreter\linkResolver.cpp, line 773]
Event: 1.625 Thread 0x0000027784ac0070 Exception <a 'java/lang/NoSuchMethodError'{0x00000000ead4db78}: 'void java.lang.invoke.DirectMethodHandle$Holder.invokeStaticInit(java.lang.Object, java.lang.Object)'> (0x00000000ead4db78) 
thrown [s\src\hotspot\share\interpreter\linkResolver.cpp, line 773]
Event: 1.627 Thread 0x0000027784ac0070 Exception <a 'java/lang/NoSuchMethodError'{0x00000000ead54b98}: 'int java.lang.invoke.DirectMethodHandle$Holder.invokeStaticInit(java.lang.Object, java.lang.Object)'> (0x00000000ead54b98) 
thrown [s\src\hotspot\share\interpreter\linkResolver.cpp, line 773]
Event: 1.807 Thread 0x0000027784ac0070 Exception <a 'java/lang/NoSuchMethodError'{0x00000000eaeb55e0}: 'void java.lang.invoke.DirectMethodHandle$Holder.invokeSpecial(java.lang.Object, java.lang.Object, java.lang.Object)'> (0x00000000eaeb55e0) 
thrown [s\src\hotspot\share\interpreter\linkResolver.cpp, line 773]

ZGC Phase Switch (0 events):
No events

VM Operations (14 events):
Event: 0.170 Executing VM operation: HandshakeAllThreads (Deoptimize)
Event: 0.170 Executing VM operation: HandshakeAllThreads (Deoptimize) done
Event: 0.328 Executing VM operation: HandshakeAllThreads (Deoptimize)
Event: 0.328 Executing VM operation: HandshakeAllThreads (Deoptimize) done
Event: 1.012 Executing VM operation: HandshakeAllThreads (Deoptimize)
Event: 1.012 Executing VM operation: HandshakeAllThreads (Deoptimize) done
Event: 1.048 Executing VM operation: HandshakeAllThreads (Deoptimize)
Event: 1.048 Executing VM operation: HandshakeAllThreads (Deoptimize) done
Event: 1.329 Executing VM operation: ICBufferFull
Event: 1.329 Executing VM operation: ICBufferFull done
Event: 1.332 Executing VM operation: HandshakeAllThreads (Deoptimize)
Event: 1.332 Executing VM operation: HandshakeAllThreads (Deoptimize) done
Event: 1.485 Executing VM operation: ParallelGCFailedAllocation (Allocation Failure)
Event: 1.513 Executing VM operation: ParallelGCFailedAllocation (Allocation Failure) done

Memory protections (0 events):
No events

Nmethod flushes (0 events):
No events

Events (17 events):
Event: 0.052 Thread 0x0000027784ac0070 Thread added: 0x0000027784ac0070
Event: 0.080 Thread 0x0000027784ac0070 Thread added: 0x0000027784b65380
Event: 0.080 Thread 0x0000027784ac0070 Thread added: 0x0000027798eac960
Event: 0.081 Thread 0x0000027784ac0070 Thread added: 0x0000027784b65fd0
Event: 0.081 Thread 0x0000027784ac0070 Thread added: 0x0000027784b66b80
Event: 0.081 Thread 0x0000027784ac0070 Thread added: 0x0000027784b67a90
Event: 0.081 Thread 0x0000027784ac0070 Thread added: 0x0000027784b6b600
Event: 0.082 Thread 0x0000027784ac0070 Thread added: 0x0000027784b6c430
Event: 0.082 Thread 0x0000027784ac0070 Thread added: 0x00000277db351fd0
Event: 0.149 Thread 0x0000027784ac0070 Thread added: 0x0000027784b2c0c0
Event: 0.196 Thread 0x00000277db351fd0 Thread added: 0x00000277db484d10
Event: 0.656 Thread 0x0000027784ac0070 Thread added: 0x00000277db71cf70
Event: 0.980 Thread 0x00000277db351fd0 Thread added: 0x00000277db72d5b0
Event: 1.459 Thread 0x00000277db72d5b0 Thread exited: 0x00000277db72d5b0
Event: 1.707 Thread 0x00000277db484d10 Thread exited: 0x00000277db484d10
Event: 1.803 Thread 0x00000277db351fd0 Thread added: 0x00000277dc820f30
Event: 1.885 Thread 0x00000277db351fd0 Thread added: 0x00000277dc94b700


Dynamic libraries:
0x00007ff7f3aa0000 - 0x00007ff7f3aae000 	c:\Users\zinzi\.vscode\extensions\redhat.java-1.40.0-win32-x64\jre\21.0.6-win32-x86_64\bin\java.exe
0x00007ffb19690000 - 0x00007ffb198a7000 	C:\WINDOWS\SYSTEM32\ntdll.dll
0x00007ffb17470000 - 0x00007ffb17534000 	C:\WINDOWS\System32\KERNEL32.DLL
0x00007ffb16910000 - 0x00007ffb16ce1000 	C:\WINDOWS\System32\KERNELBASE.dll
0x00007ffb17050000 - 0x00007ffb17161000 	C:\WINDOWS\System32\ucrtbase.dll
0x00007ffb04b00000 - 0x00007ffb04b18000 	c:\Users\zinzi\.vscode\extensions\redhat.java-1.40.0-win32-x64\jre\21.0.6-win32-x86_64\bin\jli.dll
0x00007ffb187d0000 - 0x00007ffb18981000 	C:\WINDOWS\System32\USER32.dll
0x00007ffb16d90000 - 0x00007ffb16db6000 	C:\WINDOWS\System32\win32u.dll
0x00007ffb17b30000 - 0x00007ffb17b59000 	C:\WINDOWS\System32\GDI32.dll
0x00007ffb16f30000 - 0x00007ffb1704b000 	C:\WINDOWS\System32\gdi32full.dll
0x00007ffb16cf0000 - 0x00007ffb16d8a000 	C:\WINDOWS\System32\msvcp_win.dll
0x00007ffaff980000 - 0x00007ffaff99e000 	c:\Users\zinzi\.vscode\extensions\redhat.java-1.40.0-win32-x64\jre\21.0.6-win32-x86_64\bin\VCRUNTIME140.dll
0x00007ffb03f70000 - 0x00007ffb04202000 	C:\WINDOWS\WinSxS\amd64_microsoft.windows.common-controls_6595b64144ccf1df_6.0.22621.4830_none_270fe7d773858e80\COMCTL32.dll
0x00007ffb17550000 - 0x00007ffb175f7000 	C:\WINDOWS\System32\msvcrt.dll
0x00007ffb18790000 - 0x00007ffb187c1000 	C:\WINDOWS\System32\IMM32.DLL
0x00007ffb068f0000 - 0x00007ffb068fc000 	c:\Users\zinzi\.vscode\extensions\redhat.java-1.40.0-win32-x64\jre\21.0.6-win32-x86_64\bin\vcruntime140_1.dll
0x00007ffadc920000 - 0x00007ffadc9ad000 	c:\Users\zinzi\.vscode\extensions\redhat.java-1.40.0-win32-x64\jre\21.0.6-win32-x86_64\bin\msvcp140.dll
0x00007ffa97780000 - 0x00007ffa98510000 	c:\Users\zinzi\.vscode\extensions\redhat.java-1.40.0-win32-x64\jre\21.0.6-win32-x86_64\bin\server\jvm.dll
0x00007ffb17360000 - 0x00007ffb17411000 	C:\WINDOWS\System32\ADVAPI32.dll
0x00007ffb180f0000 - 0x00007ffb18197000 	C:\WINDOWS\System32\sechost.dll
0x00007ffb17330000 - 0x00007ffb17358000 	C:\WINDOWS\System32\bcrypt.dll
0x00007ffb18ca0000 - 0x00007ffb18db4000 	C:\WINDOWS\System32\RPCRT4.dll
0x00007ffb18060000 - 0x00007ffb180d1000 	C:\WINDOWS\System32\WS2_32.dll
0x00007ffb15640000 - 0x00007ffb1568d000 	C:\WINDOWS\SYSTEM32\POWRPROF.dll
0x00007ffb085c0000 - 0x00007ffb085f4000 	C:\WINDOWS\SYSTEM32\WINMM.dll
0x00007ffb14420000 - 0x00007ffb1442a000 	C:\WINDOWS\SYSTEM32\VERSION.dll
0x00007ffb15620000 - 0x00007ffb15633000 	C:\WINDOWS\SYSTEM32\UMPDC.dll
0x00007ffb158d0000 - 0x00007ffb158e8000 	C:\WINDOWS\SYSTEM32\kernel.appcore.dll
0x00007ffb05870000 - 0x00007ffb0587a000 	c:\Users\zinzi\.vscode\extensions\redhat.java-1.40.0-win32-x64\jre\21.0.6-win32-x86_64\bin\jimage.dll
0x00007ffb07290000 - 0x00007ffb074c2000 	C:\WINDOWS\SYSTEM32\DBGHELP.DLL
0x00007ffb182f0000 - 0x00007ffb18680000 	C:\WINDOWS\System32\combase.dll
0x00007ffb181a0000 - 0x00007ffb18277000 	C:\WINDOWS\System32\OLEAUT32.dll
0x00007ffafbba0000 - 0x00007ffafbbd2000 	C:\WINDOWS\SYSTEM32\dbgcore.DLL
0x00007ffb17230000 - 0x00007ffb172ab000 	C:\WINDOWS\System32\bcryptPrimitives.dll
0x00007ffb013a0000 - 0x00007ffb013af000 	c:\Users\zinzi\.vscode\extensions\redhat.java-1.40.0-win32-x64\jre\21.0.6-win32-x86_64\bin\instrument.dll
0x00007ffaea8d0000 - 0x00007ffaea8ef000 	c:\Users\zinzi\.vscode\extensions\redhat.java-1.40.0-win32-x64\jre\21.0.6-win32-x86_64\bin\java.dll
0x00007ffb18dc0000 - 0x00007ffb19648000 	C:\WINDOWS\System32\SHELL32.dll
0x00007ffb167d0000 - 0x00007ffb1690f000 	C:\WINDOWS\System32\wintypes.dll
0x00007ffb146f0000 - 0x00007ffb14ffd000 	C:\WINDOWS\SYSTEM32\windows.storage.dll
0x00007ffb18680000 - 0x00007ffb1878a000 	C:\WINDOWS\System32\SHCORE.dll
0x00007ffb17b70000 - 0x00007ffb17bce000 	C:\WINDOWS\System32\shlwapi.dll
0x00007ffb16700000 - 0x00007ffb1672b000 	C:\WINDOWS\SYSTEM32\profapi.dll
0x00007ffaea610000 - 0x00007ffaea628000 	c:\Users\zinzi\.vscode\extensions\redhat.java-1.40.0-win32-x64\jre\21.0.6-win32-x86_64\bin\zip.dll
0x00007ffb01320000 - 0x00007ffb01330000 	C:\Users\zinzi\.vscode\extensions\redhat.java-1.40.0-win32-x64\jre\21.0.6-win32-x86_64\bin\net.dll
0x00007ffb12990000 - 0x00007ffb12abc000 	C:\WINDOWS\SYSTEM32\WINHTTP.dll
0x00007ffb15d30000 - 0x00007ffb15d9a000 	C:\WINDOWS\system32\mswsock.dll
0x00007ffae0200000 - 0x00007ffae0216000 	C:\Users\zinzi\.vscode\extensions\redhat.java-1.40.0-win32-x64\jre\21.0.6-win32-x86_64\bin\nio.dll
0x00007ffb01270000 - 0x00007ffb01280000 	c:\Users\zinzi\.vscode\extensions\redhat.java-1.40.0-win32-x64\jre\21.0.6-win32-x86_64\bin\verify.dll

dbghelp: loaded successfully - version: 4.0.5 - missing functions: none
symbol engine: initialized successfully - sym options: 0x614 - pdb path: .;c:\Users\zinzi\.vscode\extensions\redhat.java-1.40.0-win32-x64\jre\21.0.6-win32-x86_64\bin;C:\WINDOWS\SYSTEM32;C:\WINDOWS\WinSxS\amd64_microsoft.windows.common-controls_6595b64144ccf1df_6.0.22621.4830_none_270fe7d773858e80;c:\Users\zinzi\.vscode\extensions\redhat.java-1.40.0-win32-x64\jre\21.0.6-win32-x86_64\bin\server

VM Arguments:
jvm_args: --add-modules=ALL-SYSTEM --add-opens=java.base/java.util=ALL-UNNAMED --add-opens=java.base/java.lang=ALL-UNNAMED --add-opens=java.base/sun.nio.fs=ALL-UNNAMED -Declipse.application=org.eclipse.jdt.ls.core.id1 -Dosgi.bundles.defaultStartLevel=4 -Declipse.product=org.eclipse.jdt.ls.core.product -Djava.import.generatesMetadataFilesAtProjectRoot=false -DDetectVMInstallationsJob.disabled=true -Dfile.encoding=utf8 -XX:+UseParallelGC -XX:GCTimeRatio=4 -XX:AdaptiveSizePolicyWeight=90 -Dsun.zip.disableMemoryMapping=true -Xmx1G -Xms100m -Xlog:disable -javaagent:c:\Users\zinzi\.vscode\extensions\redhat.java-1.40.0-win32-x64\lombok\lombok-1.18.36.jar -XX:+HeapDumpOnOutOfMemoryError -XX:HeapDumpPath=c:\Users\zinzi\AppData\Roaming\Code\User\workspaceStorage\1531145508dfbda3fe65cda5b18105b1\redhat.java -Daether.dependencyCollector.impl=bf 
java_command: c:\Users\zinzi\.vscode\extensions\redhat.java-1.40.0-win32-x64\server\plugins\org.eclipse.equinox.launcher_1.6.1000.v20250131-0606.jar -configuration c:\Users\zinzi\AppData\Roaming\Code\User\globalStorage\redhat.java\1.40.0\config_win -data c:\Users\zinzi\AppData\Roaming\Code\User\workspaceStorage\1531145508dfbda3fe65cda5b18105b1\redhat.java\jdt_ws --pipe=\\.\pipe\lsp-c282b631510b3e13c57560a690e73486-sock
java_class_path (initial): c:\Users\zinzi\.vscode\extensions\redhat.java-1.40.0-win32-x64\server\plugins\org.eclipse.equinox.launcher_1.6.1000.v20250131-0606.jar
Launcher Type: SUN_STANDARD

[Global flags]
    uintx AdaptiveSizePolicyWeight                 = 90                                        {product} {command line}
     intx CICompilerCount                          = 4                                         {product} {ergonomic}
    uintx GCTimeRatio                              = 4                                         {product} {command line}
     bool HeapDumpOnOutOfMemoryError               = true                                   {manageable} {command line}
    ccstr HeapDumpPath                             = c:\Users\zinzi\AppData\Roaming\Code\User\workspaceStorage\1531145508dfbda3fe65cda5b18105b1\redhat.java         {manageable} {command line}
   size_t InitialHeapSize                          = 104857600                                 {product} {command line}
   size_t MaxHeapSize                              = 1073741824                                {product} {command line}
   size_t MaxNewSize                               = 357564416                                 {product} {ergonomic}
   size_t MinHeapDeltaBytes                        = 524288                                    {product} {ergonomic}
   size_t MinHeapSize                              = 104857600                                 {product} {command line}
   size_t NewSize                                  = 34603008                                  {product} {ergonomic}
    uintx NonNMethodCodeHeapSize                   = 5839372                                {pd product} {ergonomic}
    uintx NonProfiledCodeHeapSize                  = 122909434                              {pd product} {ergonomic}
   size_t OldSize                                  = 70254592                                  {product} {ergonomic}
    uintx ProfiledCodeHeapSize                     = 122909434                              {pd product} {ergonomic}
    uintx ReservedCodeCacheSize                    = 251658240                              {pd product} {ergonomic}
     bool SegmentedCodeCache                       = true                                      {product} {ergonomic}
   size_t SoftMaxHeapSize                          = 1073741824                             {manageable} {ergonomic}
     bool UseCompressedOops                        = true                           {product lp64_product} {ergonomic}
     bool UseLargePagesIndividualAllocation        = false                                  {pd product} {ergonomic}
     bool UseParallelGC                            = true                                      {product} {command line}

Logging:
Log output configuration:
 #0: stdout all=off uptime,level,tags foldmultilines=false
 #1: stderr all=off uptime,level,tags foldmultilines=false

Environment Variables:
JAVA_HOME=C:\Program Files\Microsoft\jdk-17.0.10.7-hotspot\
PATH=C:\Program Files\Microsoft\jdk-17.0.10.7-hotspot\bin;C:\WINDOWS\system32;C:\WINDOWS;C:\WINDOWS\System32\Wbem;C:\WINDOWS\System32\WindowsPowerShell\v1.0\;C:\WINDOWS\System32\OpenSSH\;C:\ProgramData\chocolatey\bin;C:\Program Files\Microsoft SQL Server\150\Tools\Binn\;C:\Program Files\Microsoft SQL Server\Client SDK\ODBC\170\Tools\Binn\;C:\Program Files (x86)\Microsoft SQL Server\160\Tools\Binn\;C:\Program Files\Microsoft SQL Server\160\Tools\Binn\;C:\Program Files\Microsoft SQL Server\160\DTS\Binn\;C:\Program Files (x86)\NVIDIA Corporation\PhysX\Common;C:\Users\zinzi\AppData\Roaming\nvm;C:\Program Files\nodejs;C:\Program Files\Amazon\AWSCLIV2\;C:\Program Files\starship\bin\;C:\Program Files (x86)\oh-my-posh\bin;D:\Git\Git\cmd;C:\Program Files\Amazon\SessionManagerPlugin\bin\;C:\Program Files\dotnet\;C:\Program Files\Amazon\SessionManagerPlugin\bin;C:\Program Files\MySQL\MySQL Shell 8.0\bin\;C:\Users\zinzi\AppData\Local\Android\Sdk\platform-tools;C:\Users\zinzi\AppData\Local\Microsoft\WindowsApps;C:\Users\zinzi\AppData\Local\Programs\Microsoft VS Code\bin;C:\Users\zinzi\AppData\Local\GitHubDesktop\bin;C:\Users\zinzi\AppData\Roaming\npm;C:\Users\zinzi\AppData\Roaming\nvm;C:\Program Files\nodejs;C:\Users\zinzi\AppData\Local\Programs\oh-my-posh\bin;C:\Users\zinzi\AppData\Local\Packages\PythonSoftwareFoundation.Python.3.13_qbz5n2kfra8p0\LocalCache\local-packages\Python313\Scripts;C:\Gradle\gradle-8.13\bin;C:\Users\zinzi\.dotnet\tools
USERNAME=zinzi
OS=Windows_NT
PROCESSOR_IDENTIFIER=Intel64 Family 6 Model 165 Stepping 2, GenuineIntel
TMP=C:\Users\zinzi\AppData\Local\Temp
TEMP=C:\Users\zinzi\AppData\Local\Temp




Periodic native trim disabled

---------------  S Y S T E M  ---------------

OS:
 Windows 11 , 64 bit Build 22621 (10.0.22621.4974)
OS uptime: 1 days 23:16 hours
Hyper-V role detected

CPU: total 12 (initial active 12) (6 cores per cpu, 2 threads per core) family 6 model 165 stepping 2 microcode 0xe0, cx8, cmov, fxsr, ht, mmx, 3dnowpref, sse, sse2, sse3, ssse3, sse4.1, sse4.2, popcnt, lzcnt, tsc, tscinvbit, avx, avx2, aes, erms, clmul, bmi1, bmi2, adx, fma, vzeroupper, clflush, clflushopt, hv, rdtscp, f16c
Processor Information for the first 12 processors :
  Max Mhz: 2592, Current Mhz: 2292, Mhz Limit: 2592

Memory: 4k page, system-wide physical 16205M (2011M free)
TotalPageFile size 18253M (AvailPageFile size 2M)
current process WorkingSet (physical memory assigned to process): 86M, peak: 86M
current process commit charge ("private bytes"): 211M, peak: 212M

vm_info: OpenJDK 64-Bit Server VM (21.0.6+7-LTS) for windows-amd64 JRE (21.0.6+7-LTS), built on 2025-01-21T00:00:00Z by "admin" with MS VC++ 17.7 (VS2022)

END.
