#
# There is insufficient memory for the Java Runtime Environment to continue.
# Native memory allocation (malloc) failed to allocate 1688016 bytes. Error detail: Chunk::new
# Possible reasons:
#   The system is out of physical RAM or swap space
#   This process is running with CompressedOops enabled, and the Java Heap may be blocking the growth of the native heap
# Possible solutions:
#   Reduce memory load on the system
#   Increase physical memory or swap space
#   Check if swap backing store is full
#   Decrease Java heap size (-Xmx/-Xms)
#   Decrease number of Java threads
#   Decrease Java thread stack sizes (-Xss)
#   Set larger code cache with -XX:ReservedCodeCacheSize=
#   JVM is running with Unscaled Compressed Oops mode in which the Java heap is
#     placed in the first 4GB address space. The Java Heap base address is the
#     maximum limit for the native heap growth. Please use -XX:HeapBaseMinAddress
#     to set the Java Heap base and to place the Java Heap above 4GB virtual address.
# This output file may be truncated or incomplete.
#
#  Out of Memory Error (arena.cpp:168), pid=9768, tid=18808
#
# JRE version: OpenJDK Runtime Environment Temurin-21.0.6+7 (21.0.6+7) (build 21.0.6+7-LTS)
# Java VM: OpenJDK 64-Bit Server VM Temurin-21.0.6+7 (21.0.6+7-LTS, mixed mode, sharing, tiered, compressed oops, compressed class ptrs, parallel gc, windows-amd64)
# No core dump will be written. Minidumps are not enabled by default on client versions of Windows
#

---------------  S U M M A R Y ------------

Command Line: --add-modules=ALL-SYSTEM --add-opens=java.base/java.util=ALL-UNNAMED --add-opens=java.base/java.lang=ALL-UNNAMED --add-opens=java.base/sun.nio.fs=ALL-UNNAMED -Declipse.application=org.eclipse.jdt.ls.core.id1 -Dosgi.bundles.defaultStartLevel=4 -Declipse.product=org.eclipse.jdt.ls.core.product -Djava.import.generatesMetadataFilesAtProjectRoot=false -DDetectVMInstallationsJob.disabled=true -Dfile.encoding=utf8 -XX:+UseParallelGC -XX:GCTimeRatio=4 -XX:AdaptiveSizePolicyWeight=90 -Dsun.zip.disableMemoryMapping=true -Xmx1G -Xms100m -Xlog:disable -javaagent:c:\Users\zinzi\.vscode\extensions\redhat.java-1.40.0-win32-x64\lombok\lombok-1.18.36.jar -XX:+HeapDumpOnOutOfMemoryError -XX:HeapDumpPath=c:\Users\zinzi\AppData\Roaming\Code\User\workspaceStorage\1531145508dfbda3fe65cda5b18105b1\redhat.java -Daether.dependencyCollector.impl=bf c:\Users\zinzi\.vscode\extensions\redhat.java-1.40.0-win32-x64\server\plugins\org.eclipse.equinox.launcher_1.6.1000.v20250131-0606.jar -configuration c:\Users\zinzi\AppData\Roaming\Code\User\globalStorage\redhat.java\1.40.0\config_win -data c:\Users\zinzi\AppData\Roaming\Code\User\workspaceStorage\1531145508dfbda3fe65cda5b18105b1\redhat.java\jdt_ws --pipe=\\.\pipe\lsp-01f7b46ba01053e4d15fb6e4b79c760b-sock

Host: Intel(R) Core(TM) i7-10750H CPU @ 2.60GHz, 12 cores, 15G,  Windows 11 , 64 bit Build 22621 (10.0.22621.4974)
Time: Fri Mar 21 22:24:40 2025 SE Asia Standard Time elapsed time: 26.310727 seconds (0d 0h 0m 26s)

---------------  T H R E A D  ---------------

Current thread (0x000002fea0a38c50):  JavaThread "C2 CompilerThread1" daemon [_thread_in_native, id=18808, stack(0x000000ffb4200000,0x000000ffb4300000) (1024K)]


Current CompileTask:
C2:26310 12702       4       org.eclipse.jdt.internal.compiler.parser.Parser::consumeRule (7755 bytes)

Stack: [0x000000ffb4200000,0x000000ffb4300000]
Native frames: (J=compiled Java code, j=interpreted, Vv=VM code, C=native code)
V  [jvm.dll+0x6cdee9]
V  [jvm.dll+0x8a83d1]
V  [jvm.dll+0x8aa8fe]
V  [jvm.dll+0x8aafe3]
V  [jvm.dll+0x27f706]
V  [jvm.dll+0xc500d]
V  [jvm.dll+0xc5543]
V  [jvm.dll+0x3b6752]
V  [jvm.dll+0x382935]
V  [jvm.dll+0x381d9a]
V  [jvm.dll+0x2479f0]
V  [jvm.dll+0x246fcf]
V  [jvm.dll+0x1c75ee]
V  [jvm.dll+0x25685a]
V  [jvm.dll+0x254dfa]
V  [jvm.dll+0x3f0256]
V  [jvm.dll+0x851f8b]
V  [jvm.dll+0x6cc5ed]
C  [ucrtbase.dll+0x29333]
C  [KERNEL32.DLL+0x1259d]
C  [ntdll.dll+0x5af38]


---------------  P R O C E S S  ---------------

Threads class SMR info:
_java_thread_list=0x000002feac9645e0, length=78, elements={
0x000002fe4271f9d0, 0x000002fe99ba44b0, 0x000002fe56b0d190, 0x000002fe56b0e4b0,
0x000002fe99ba7340, 0x000002fe99ba7f90, 0x000002fe99bab340, 0x000002fe99bac780,
0x000002fe99bc30e0, 0x000002fe99c9fbe0, 0x000002fe99e67b30, 0x000002fe9e5d3410,
0x000002fe9ed49ac0, 0x000002fe9eb29150, 0x000002fe9e65e870, 0x000002fe9f141a30,
0x000002fe9eaf4510, 0x000002fe9f1f9160, 0x000002fe9f08c750, 0x000002fe9f087200,
0x000002fe9f08c0c0, 0x000002fe9f087890, 0x000002fe9f08b3a0, 0x000002fe9f0892d0,
0x000002fe9f089ff0, 0x000002fe9f08a680, 0x000002fe9f08ba30, 0x000002fe9f087f20,
0x000002fe9f0857c0, 0x000002fe9f089960, 0x000002fe9f08cde0, 0x000002fe9f085e50,
0x000002fe9f0885b0, 0x000002fe9f088c40, 0x000002fe9f08ad10, 0x000002fe9f0864e0,
0x000002fe9f086b70, 0x000002fea12433c0, 0x000002fea12426a0, 0x000002fea12405d0,
0x000002fea123f220, 0x000002fea123d7e0, 0x000002fea123de70, 0x000002fea123e500,
0x000002fea123eb90, 0x000002fea123f8b0, 0x000002fea123ff40, 0x000002fea1240c60,
0x000002fea12412f0, 0x000002fea1241980, 0x000002fe9f1f97f0, 0x000002fea2ead130,
0x000002fea2ea8f90, 0x000002fea2ead7c0, 0x000002fea2eabd80, 0x000002fea2ea8270,
0x000002fea2ea8900, 0x000002fea2eae4e0, 0x000002fea2ea7be0, 0x000002fea2eade50,
0x000002fea2ea9620, 0x000002fea2eaa340, 0x000002fea2eaeb70, 0x000002fea2eac410,
0x000002fea2eaf200, 0x000002fea2eab6f0, 0x000002fea2eacaa0, 0x000002fe9f1f8ad0,
0x000002fea335ef10, 0x000002fea335e1f0, 0x000002fea33602c0, 0x000002fea335e880,
0x000002fea335db60, 0x000002fea335f5a0, 0x000002fea335fc30, 0x000002feadf5f5e0,
0x000002fea0a38c50, 0x000002fea0a39320
}

Java Threads: ( => current thread )
  0x000002fe4271f9d0 JavaThread "main"                              [_thread_blocked, id=11344, stack(0x000000ffb3500000,0x000000ffb3600000) (1024K)]
  0x000002fe99ba44b0 JavaThread "Reference Handler"          daemon [_thread_blocked, id=16688, stack(0x000000ffb3900000,0x000000ffb3a00000) (1024K)]
  0x000002fe56b0d190 JavaThread "Finalizer"                  daemon [_thread_blocked, id=6868, stack(0x000000ffb3a00000,0x000000ffb3b00000) (1024K)]
  0x000002fe56b0e4b0 JavaThread "Signal Dispatcher"          daemon [_thread_blocked, id=16912, stack(0x000000ffb3b00000,0x000000ffb3c00000) (1024K)]
  0x000002fe99ba7340 JavaThread "Attach Listener"            daemon [_thread_blocked, id=12696, stack(0x000000ffb3c00000,0x000000ffb3d00000) (1024K)]
  0x000002fe99ba7f90 JavaThread "Service Thread"             daemon [_thread_blocked, id=9148, stack(0x000000ffb3d00000,0x000000ffb3e00000) (1024K)]
  0x000002fe99bab340 JavaThread "Monitor Deflation Thread"   daemon [_thread_blocked, id=19244, stack(0x000000ffb3e00000,0x000000ffb3f00000) (1024K)]
  0x000002fe99bac780 JavaThread "C2 CompilerThread0"         daemon [_thread_blocked, id=20164, stack(0x000000ffb3f00000,0x000000ffb4000000) (1024K)]
  0x000002fe99bc30e0 JavaThread "C1 CompilerThread0"         daemon [_thread_blocked, id=20040, stack(0x000000ffb4000000,0x000000ffb4100000) (1024K)]
  0x000002fe99c9fbe0 JavaThread "Common-Cleaner"             daemon [_thread_blocked, id=12772, stack(0x000000ffb4100000,0x000000ffb4200000) (1024K)]
  0x000002fe99e67b30 JavaThread "Notification Thread"        daemon [_thread_blocked, id=1292, stack(0x000000ffb4300000,0x000000ffb4400000) (1024K)]
  0x000002fe9e5d3410 JavaThread "Active Thread: Equinox Container: 81ecfab0-ab0b-40ad-a393-1ccbefce4b15"        [_thread_blocked, id=5888, stack(0x000000ffb4b00000,0x000000ffb4c00000) (1024K)]
  0x000002fe9ed49ac0 JavaThread "Refresh Thread: Equinox Container: 81ecfab0-ab0b-40ad-a393-1ccbefce4b15" daemon [_thread_blocked, id=9620, stack(0x000000ffb4c00000,0x000000ffb4d00000) (1024K)]
  0x000002fe9eb29150 JavaThread "Framework Event Dispatcher: Equinox Container: 81ecfab0-ab0b-40ad-a393-1ccbefce4b15" daemon [_thread_blocked, id=18020, stack(0x000000ffb4e00000,0x000000ffb4f00000) (1024K)]
  0x000002fe9e65e870 JavaThread "Start Level: Equinox Container: 81ecfab0-ab0b-40ad-a393-1ccbefce4b15" daemon [_thread_blocked, id=5404, stack(0x000000ffb4f00000,0x000000ffb5000000) (1024K)]
  0x000002fe9f141a30 JavaThread "Bundle File Closer"         daemon [_thread_blocked, id=2284, stack(0x000000ffb5000000,0x000000ffb5100000) (1024K)]
  0x000002fe9eaf4510 JavaThread "SCR Component Actor"        daemon [_thread_blocked, id=12640, stack(0x000000ffb5300000,0x000000ffb5400000) (1024K)]
  0x000002fe9f1f9160 JavaThread "Worker-JM"                         [_thread_blocked, id=7840, stack(0x000000ffb5500000,0x000000ffb5600000) (1024K)]
  0x000002fe9f08c750 JavaThread "JNA Cleaner"                daemon [_thread_blocked, id=15076, stack(0x000000ffb5600000,0x000000ffb5700000) (1024K)]
  0x000002fe9f087200 JavaThread "Worker-0"                          [_thread_blocked, id=11880, stack(0x000000ffb5700000,0x000000ffb5800000) (1024K)]
  0x000002fe9f08c0c0 JavaThread "Worker-1"                          [_thread_blocked, id=17860, stack(0x000000ffb5800000,0x000000ffb5900000) (1024K)]
  0x000002fe9f087890 JavaThread "Java indexing"              daemon [_thread_blocked, id=18580, stack(0x000000ffb5900000,0x000000ffb5a00000) (1024K)]
  0x000002fe9f08b3a0 JavaThread "Worker-2"                          [_thread_blocked, id=9872, stack(0x000000ffb5a00000,0x000000ffb5b00000) (1024K)]
  0x000002fe9f0892d0 JavaThread "Worker-3: Java indexing... "        [_thread_blocked, id=13844, stack(0x000000ffb5b00000,0x000000ffb5c00000) (1024K)]
  0x000002fe9f089ff0 JavaThread "Thread-2"                   daemon [_thread_in_native, id=7044, stack(0x000000ffb5c00000,0x000000ffb5d00000) (1024K)]
  0x000002fe9f08a680 JavaThread "Thread-3"                   daemon [_thread_in_native, id=13496, stack(0x000000ffb5d00000,0x000000ffb5e00000) (1024K)]
  0x000002fe9f08ba30 JavaThread "Thread-4"                   daemon [_thread_in_native, id=3880, stack(0x000000ffb5e00000,0x000000ffb5f00000) (1024K)]
  0x000002fe9f087f20 JavaThread "Thread-5"                   daemon [_thread_in_native, id=18640, stack(0x000000ffb5f00000,0x000000ffb6000000) (1024K)]
  0x000002fe9f0857c0 JavaThread "Thread-6"                   daemon [_thread_in_native, id=7884, stack(0x000000ffb6000000,0x000000ffb6100000) (1024K)]
  0x000002fe9f089960 JavaThread "Thread-7"                   daemon [_thread_in_native, id=18736, stack(0x000000ffb6100000,0x000000ffb6200000) (1024K)]
  0x000002fe9f08cde0 JavaThread "Thread-8"                   daemon [_thread_in_native, id=16216, stack(0x000000ffb6200000,0x000000ffb6300000) (1024K)]
  0x000002fe9f085e50 JavaThread "Thread-9"                   daemon [_thread_in_native, id=19040, stack(0x000000ffb6300000,0x000000ffb6400000) (1024K)]
  0x000002fe9f0885b0 JavaThread "Thread-10"                  daemon [_thread_in_native, id=19004, stack(0x000000ffb6400000,0x000000ffb6500000) (1024K)]
  0x000002fe9f088c40 JavaThread "Thread-11"                  daemon [_thread_in_native, id=16708, stack(0x000000ffb6500000,0x000000ffb6600000) (1024K)]
  0x000002fe9f08ad10 JavaThread "Thread-12"                  daemon [_thread_in_native, id=10140, stack(0x000000ffb6600000,0x000000ffb6700000) (1024K)]
  0x000002fe9f0864e0 JavaThread "Thread-13"                  daemon [_thread_in_native, id=9080, stack(0x000000ffb6700000,0x000000ffb6800000) (1024K)]
  0x000002fe9f086b70 JavaThread "Thread-14"                  daemon [_thread_in_native, id=9164, stack(0x000000ffb6800000,0x000000ffb6900000) (1024K)]
  0x000002fea12433c0 JavaThread "pool-2-thread-1"                   [_thread_blocked, id=19340, stack(0x000000ffb6900000,0x000000ffb6a00000) (1024K)]
  0x000002fea12426a0 JavaThread "Worker-4"                          [_thread_blocked, id=1128, stack(0x000000ffb6a00000,0x000000ffb6b00000) (1024K)]
  0x000002fea12405d0 JavaThread "WorkspaceEventsHandler"            [_thread_blocked, id=16144, stack(0x000000ffb6b00000,0x000000ffb6c00000) (1024K)]
  0x000002fea123f220 JavaThread "pool-1-thread-1"                   [_thread_blocked, id=11648, stack(0x000000ffb6c00000,0x000000ffb6d00000) (1024K)]
  0x000002fea123d7e0 JavaThread "LocalFile Deleter"          daemon [_thread_blocked, id=19036, stack(0x000000ffb6d00000,0x000000ffb6e00000) (1024K)]
  0x000002fea123de70 JavaThread "LocalFile Deleter"          daemon [_thread_blocked, id=14872, stack(0x000000ffb6e00000,0x000000ffb6f00000) (1024K)]
  0x000002fea123e500 JavaThread "LocalFile Deleter"          daemon [_thread_blocked, id=6640, stack(0x000000ffb6f00000,0x000000ffb7000000) (1024K)]
  0x000002fea123eb90 JavaThread "LocalFile Deleter"          daemon [_thread_blocked, id=5036, stack(0x000000ffb7000000,0x000000ffb7100000) (1024K)]
  0x000002fea123f8b0 JavaThread "LocalFile Deleter"          daemon [_thread_blocked, id=8800, stack(0x000000ffb7100000,0x000000ffb7200000) (1024K)]
  0x000002fea123ff40 JavaThread "LocalFile Deleter"          daemon [_thread_blocked, id=17436, stack(0x000000ffb7200000,0x000000ffb7300000) (1024K)]
  0x000002fea1240c60 JavaThread "LocalFile Deleter"          daemon [_thread_blocked, id=12628, stack(0x000000ffb7300000,0x000000ffb7400000) (1024K)]
  0x000002fea12412f0 JavaThread "LocalFile Deleter"          daemon [_thread_blocked, id=5148, stack(0x000000ffb7400000,0x000000ffb7500000) (1024K)]
  0x000002fea1241980 JavaThread "LocalFile Deleter"          daemon [_thread_blocked, id=10304, stack(0x000000ffb7500000,0x000000ffb7600000) (1024K)]
  0x000002fe9f1f97f0 JavaThread "LocalFile Deleter"          daemon [_thread_blocked, id=19352, stack(0x000000ffb7600000,0x000000ffb7700000) (1024K)]
  0x000002fea2ead130 JavaThread "LocalFile Deleter"          daemon [_thread_blocked, id=17696, stack(0x000000ffb7700000,0x000000ffb7800000) (1024K)]
  0x000002fea2ea8f90 JavaThread "LocalFile Deleter"          daemon [_thread_blocked, id=19056, stack(0x000000ffb7800000,0x000000ffb7900000) (1024K)]
  0x000002fea2ead7c0 JavaThread "Compiler Source File Reader" daemon [_thread_blocked, id=18756, stack(0x000000ffb7900000,0x000000ffb7a00000) (1024K)]
  0x000002fea2eabd80 JavaThread "Compiler Source File Reader" daemon [_thread_blocked, id=10548, stack(0x000000ffb7a00000,0x000000ffb7b00000) (1024K)]
  0x000002fea2ea8270 JavaThread "Compiler Source File Reader" daemon [_thread_blocked, id=13212, stack(0x000000ffb7b00000,0x000000ffb7c00000) (1024K)]
  0x000002fea2ea8900 JavaThread "Compiler Source File Reader" daemon [_thread_blocked, id=10456, stack(0x000000ffb7c00000,0x000000ffb7d00000) (1024K)]
  0x000002fea2eae4e0 JavaThread "Compiler Source File Reader" daemon [_thread_blocked, id=14940, stack(0x000000ffb7d00000,0x000000ffb7e00000) (1024K)]
  0x000002fea2ea7be0 JavaThread "Compiler Source File Reader" daemon [_thread_blocked, id=16668, stack(0x000000ffb7e00000,0x000000ffb7f00000) (1024K)]
  0x000002fea2eade50 JavaThread "Compiler Source File Reader" daemon [_thread_blocked, id=16648, stack(0x000000ffb7f00000,0x000000ffb8000000) (1024K)]
  0x000002fea2ea9620 JavaThread "Compiler Source File Reader" daemon [_thread_blocked, id=4648, stack(0x000000ffb8000000,0x000000ffb8100000) (1024K)]
  0x000002fea2eaa340 JavaThread "Compiler Source File Reader" daemon [_thread_blocked, id=13264, stack(0x000000ffb8100000,0x000000ffb8200000) (1024K)]
  0x000002fea2eaeb70 JavaThread "Compiler Source File Reader" daemon [_thread_blocked, id=14824, stack(0x000000ffb8200000,0x000000ffb8300000) (1024K)]
  0x000002fea2eac410 JavaThread "Compiler Processing Task"   daemon [_thread_blocked, id=12672, stack(0x000000ffb5400000,0x000000ffb5500000) (1024K)]
  0x000002fea2eaf200 JavaThread "Compiler Class File Writer" daemon [_thread_blocked, id=16752, stack(0x000000ffb8300000,0x000000ffb8400000) (1024K)]
  0x000002fea2eab6f0 JavaThread "Compiler Class File Writer" daemon [_thread_blocked, id=4364, stack(0x000000ffb8400000,0x000000ffb8500000) (1024K)]
  0x000002fea2eacaa0 JavaThread "Compiler Class File Writer" daemon [_thread_blocked, id=19668, stack(0x000000ffb8500000,0x000000ffb8600000) (1024K)]
  0x000002fe9f1f8ad0 JavaThread "Compiler Class File Writer" daemon [_thread_blocked, id=2452, stack(0x000000ffb8600000,0x000000ffb8700000) (1024K)]
  0x000002fea335ef10 JavaThread "Compiler Class File Writer" daemon [_thread_blocked, id=4724, stack(0x000000ffb8700000,0x000000ffb8800000) (1024K)]
  0x000002fea335e1f0 JavaThread "Compiler Class File Writer" daemon [_thread_blocked, id=11972, stack(0x000000ffb8800000,0x000000ffb8900000) (1024K)]
  0x000002fea33602c0 JavaThread "Compiler Class File Writer" daemon [_thread_blocked, id=12048, stack(0x000000ffb8900000,0x000000ffb8a00000) (1024K)]
  0x000002fea335e880 JavaThread "Compiler Class File Writer" daemon [_thread_blocked, id=13176, stack(0x000000ffb8a00000,0x000000ffb8b00000) (1024K)]
  0x000002fea335db60 JavaThread "Compiler Class File Writer" daemon [_thread_blocked, id=18780, stack(0x000000ffb8b00000,0x000000ffb8c00000) (1024K)]
  0x000002fea335f5a0 JavaThread "Compiler Class File Writer" daemon [_thread_blocked, id=10788, stack(0x000000ffb8c00000,0x000000ffb8d00000) (1024K)]
  0x000002fea335fc30 JavaThread "Timer-0"                           [_thread_blocked, id=6932, stack(0x000000ffb8d00000,0x000000ffb8e00000) (1024K)]
  0x000002feadf5f5e0 JavaThread "Worker-5: Check JDK Index"         [_thread_blocked, id=18956, stack(0x000000ffb8e00000,0x000000ffb8f00000) (1024K)]
=>0x000002fea0a38c50 JavaThread "C2 CompilerThread1"         daemon [_thread_in_native, id=18808, stack(0x000000ffb4200000,0x000000ffb4300000) (1024K)]
  0x000002fea0a39320 JavaThread "C2 CompilerThread2"         daemon [_thread_blocked, id=8848, stack(0x000000ffb4400000,0x000000ffb4500000) (1024K)]
Total: 78

Other Threads:
  0x000002fe56af30d0 VMThread "VM Thread"                           [id=10808, stack(0x000000ffb3800000,0x000000ffb3900000) (1024K)]
  0x000002fe569eca00 WatcherThread "VM Periodic Task Thread"        [id=2968, stack(0x000000ffb3700000,0x000000ffb3800000) (1024K)]
  0x000002fe4273cb30 WorkerThread "GC Thread#0"                     [id=13772, stack(0x000000ffb3600000,0x000000ffb3700000) (1024K)]
  0x000002fe9e290670 WorkerThread "GC Thread#1"                     [id=6112, stack(0x000000ffb4500000,0x000000ffb4600000) (1024K)]
  0x000002fe9e28fb90 WorkerThread "GC Thread#2"                     [id=7968, stack(0x000000ffb4600000,0x000000ffb4700000) (1024K)]
  0x000002fe9e28ff30 WorkerThread "GC Thread#3"                     [id=19092, stack(0x000000ffb4700000,0x000000ffb4800000) (1024K)]
  0x000002fe9e28ed10 WorkerThread "GC Thread#4"                     [id=15668, stack(0x000000ffb4800000,0x000000ffb4900000) (1024K)]
  0x000002fe9e28f0b0 WorkerThread "GC Thread#5"                     [id=1140, stack(0x000000ffb4900000,0x000000ffb4a00000) (1024K)]
  0x000002fe9e2902d0 WorkerThread "GC Thread#6"                     [id=17508, stack(0x000000ffb4a00000,0x000000ffb4b00000) (1024K)]
  0x000002fe9e28f450 WorkerThread "GC Thread#7"                     [id=17868, stack(0x000000ffb4d00000,0x000000ffb4e00000) (1024K)]
  0x000002fe9f1127d0 WorkerThread "GC Thread#8"                     [id=12752, stack(0x000000ffb5100000,0x000000ffb5200000) (1024K)]
  0x000002fe9f112430 WorkerThread "GC Thread#9"                     [id=15160, stack(0x000000ffb5200000,0x000000ffb5300000) (1024K)]
Total: 12

Threads with active compile tasks:
C2 CompilerThread0  26353 12767       4       java.lang.StringConcatHelper::newString (67 bytes)
C2 CompilerThread1  26353 12702       4       org.eclipse.jdt.internal.compiler.parser.Parser::consumeRule (7755 bytes)
C2 CompilerThread2  26353 12770       4       org.eclipse.jdt.internal.core.index.DiskIndex::readStreamChars (529 bytes)
Total: 3

VM state: at safepoint (normal execution)

VM Mutex/Monitor currently owned by a thread:  ([mutex/lock_event])
[0x00007ff84182e380] Threads_lock - owner thread: 0x000002fe56af30d0
[0x00007ff84182e480] Heap_lock - owner thread: 0x000002fe9f087890

Heap address: 0x00000000c0000000, size: 1024 MB, Compressed Oops mode: 32-bit

CDS archive(s) mapped at: [0x000002fe57000000-0x000002fe57ba0000-0x000002fe57ba0000), size 12189696, SharedBaseAddress: 0x000002fe57000000, ArchiveRelocationMode: 1.
Compressed class space mapped at: 0x000002fe58000000-0x000002fe98000000, reserved size: 1073741824
Narrow klass base: 0x000002fe57000000, Narrow klass shift: 0, Narrow klass range: 0x100000000

GC Precious Log:
 CardTable entry size: 512
 CPUs: 12 total, 12 available
 Memory: 16205M
 Large Page Support: Disabled
 NUMA Support: Disabled
 Compressed Oops: Enabled (32-bit)
 Alignments: Space 512K, Generation 512K, Heap 2M
 Heap Min Capacity: 100M
 Heap Initial Capacity: 100M
 Heap Max Capacity: 1G
 Pre-touch: Disabled
 Parallel Workers: 10

Heap:
 PSYoungGen      total 1536K, used 1376K [0x00000000eab00000, 0x00000000ead80000, 0x0000000100000000)
  eden space 1024K, 100% used [0x00000000eab00000,0x00000000eac00000,0x00000000eac00000)
  from space 512K, 68% used [0x00000000ead00000,0x00000000ead583a8,0x00000000ead80000)
  to   space 512K, 99% used [0x00000000eac80000,0x00000000eacffe10,0x00000000ead00000)
 ParOldGen       total 413184K, used 412730K [0x00000000c0000000, 0x00000000d9380000, 0x00000000eab00000)
  object space 413184K, 99% used [0x00000000c0000000,0x00000000d930eaa8,0x00000000d9380000)
 Metaspace       used 72189K, committed 73664K, reserved 1179648K
  class space    used 7868K, committed 8512K, reserved 1048576K

Card table byte_map: [0x000002fe420c0000,0x000002fe422d0000] _byte_map_base: 0x000002fe41ac0000

Marking Bits: (ParMarkBitMap*) 0x00007ff841833260
 Begin Bits: [0x000002fe54910000, 0x000002fe55910000)
 End Bits:   [0x000002fe55910000, 0x000002fe56910000)

Polling page: 0x000002fe406d0000

Metaspace:

Usage:
  Non-class:     62.81 MB used.
      Class:      7.68 MB used.
       Both:     70.50 MB used.

Virtual space:
  Non-class space:      128.00 MB reserved,      63.62 MB ( 50%) committed,  2 nodes.
      Class space:        1.00 GB reserved,       8.31 MB ( <1%) committed,  1 nodes.
             Both:        1.12 GB reserved,      71.94 MB (  6%) committed. 

Chunk freelists:
   Non-Class:  15.69 MB
       Class:  7.56 MB
        Both:  23.25 MB

MaxMetaspaceSize: unlimited
CompressedClassSpaceSize: 1.00 GB
Initial GC threshold: 21.00 MB
Current GC threshold: 97.31 MB
CDS: on
 - commit_granule_bytes: 65536.
 - commit_granule_words: 8192.
 - virtual_space_node_default_size: 8388608.
 - enlarge_chunks_in_place: 1.
 - use_allocation_guard: 0.


Internal statistics:

num_allocs_failed_limit: 9.
num_arena_births: 1210.
num_arena_deaths: 16.
num_vsnodes_births: 3.
num_vsnodes_deaths: 0.
num_space_committed: 1151.
num_space_uncommitted: 0.
num_chunks_returned_to_freelist: 26.
num_chunks_taken_from_freelist: 4259.
num_chunk_merges: 12.
num_chunk_splits: 2731.
num_chunks_enlarged: 1753.
num_inconsistent_stats: 0.

CodeHeap 'non-profiled nmethods': size=120000Kb used=9647Kb max_used=9647Kb free=110352Kb
 bounds [0x000002fe4d3e0000, 0x000002fe4dd50000, 0x000002fe54910000]
CodeHeap 'profiled nmethods': size=120000Kb used=28340Kb max_used=28340Kb free=91659Kb
 bounds [0x000002fe45910000, 0x000002fe474c0000, 0x000002fe4ce40000]
CodeHeap 'non-nmethods': size=5760Kb used=1471Kb max_used=1575Kb free=4288Kb
 bounds [0x000002fe4ce40000, 0x000002fe4d0b0000, 0x000002fe4d3e0000]
 total_blobs=12749 nmethods=11964 adapters=689
 compilation: enabled
              stopped_count=0, restarted_count=0
 full_count=0

Compilation events (20 events):
Event: 26.231 Thread 0x000002fe99bac780 12583       4       java.nio.channels.spi.AbstractInterruptibleChannel::isOpen (13 bytes)
Event: 26.232 Thread 0x000002fe99bac780 nmethod 12583 0x000002fe4dd42e90 code [0x000002fe4dd43020, 0x000002fe4dd430d0]
Event: 26.232 Thread 0x000002fe99bac780 12727       4       org.eclipse.jdt.internal.compiler.parser.Parser::consumeForceNoDiet (11 bytes)
Event: 26.233 Thread 0x000002fe99bac780 nmethod 12727 0x000002fe4dd43190 code [0x000002fe4dd43320, 0x000002fe4dd433a8]
Event: 26.233 Thread 0x000002fe99bac780 12728       4       org.eclipse.jdt.internal.compiler.parser.Parser::consumeRestoreDiet (11 bytes)
Event: 26.234 Thread 0x000002fe99bac780 nmethod 12728 0x000002fe4dd43490 code [0x000002fe4dd43620, 0x000002fe4dd436a8]
Event: 26.234 Thread 0x000002fe99bac780 12754       4       sun.nio.fs.WindowsPathParser::normalize (233 bytes)
Event: 26.253 Thread 0x000002fea0a39320 nmethod 12706 0x000002fe4dd43790 code [0x000002fe4dd43a60, 0x000002fe4dd45148]
Event: 26.254 Thread 0x000002fea0a39320 12756       4       java.util.LinkedList$ListItr::hasPrevious (13 bytes)
Event: 26.254 Thread 0x000002fea0a39320 nmethod 12756 0x000002fe4dd45e10 code [0x000002fe4dd45fa0, 0x000002fe4dd46050]
Event: 26.254 Thread 0x000002fea0a39320 12755       4       org.eclipse.jdt.internal.core.search.indexing.SourceIndexerRequestor::acceptTypeReference (9 bytes)
Event: 26.266 Thread 0x000002fea0a39320 nmethod 12755 0x000002fe4dd46110 code [0x000002fe4dd462e0, 0x000002fe4dd46878]
Event: 26.296 Thread 0x000002fe99bc30e0 12757       3       org.eclipse.jdt.ls.core.internal.handlers.ProgressReporterManager$ProgressReporter::sendProgress (78 bytes)
Event: 26.296 Thread 0x000002fea0a39320 12758       4       java.lang.invoke.DelegatingMethodHandle$Holder::reinvoke_L (20 bytes)
Event: 26.297 Thread 0x000002fe99bc30e0 nmethod 12757 0x000002fe474b7f10 code [0x000002fe474b8120, 0x000002fe474b8778]
Event: 26.297 Thread 0x000002fea0a39320 nmethod 12758 0x000002fe4dd46b90 code [0x000002fe4dd46d40, 0x000002fe4dd46e88]
Event: 26.303 Thread 0x000002fe99bac780 nmethod 12754 0x000002fe4dd47010 code [0x000002fe4dd473e0, 0x000002fe4dd49388]
Event: 26.304 Thread 0x000002fe99bac780 12759       4       java.util.AbstractList::iterator (9 bytes)
Event: 26.306 Thread 0x000002fe99bac780 nmethod 12759 0x000002fe4dd4ab90 code [0x000002fe4dd4ad20, 0x000002fe4dd4ae28]
Event: 26.309 Thread 0x000002fe99bac780 12760       4       java.lang.invoke.DirectMethodHandle$Holder::invokeStatic (14 bytes)

GC Heap History (20 events):
Event: 25.712 GC heap before
{Heap before GC invocations=582 (full 3):
 PSYoungGen      total 1536K, used 1376K [0x00000000eab00000, 0x00000000ead00000, 0x0000000100000000)
  eden space 1024K, 100% used [0x00000000eab00000,0x00000000eac00000,0x00000000eac00000)
  from space 512K, 68% used [0x00000000eac80000,0x00000000eacd8000,0x00000000ead00000)
  to   space 512K, 0% used [0x00000000eac00000,0x00000000eac00000,0x00000000eac80000)
 ParOldGen       total 410112K, used 410030K [0x00000000c0000000, 0x00000000d9080000, 0x00000000eab00000)
  object space 410112K, 99% used [0x00000000c0000000,0x00000000d906b830,0x00000000d9080000)
 Metaspace       used 72075K, committed 73600K, reserved 1179648K
  class space    used 7867K, committed 8512K, reserved 1048576K
}
Event: 25.715 GC heap after
{Heap after GC invocations=582 (full 3):
 PSYoungGen      total 1536K, used 512K [0x00000000eab00000, 0x00000000eae00000, 0x0000000100000000)
  eden space 1024K, 0% used [0x00000000eab00000,0x00000000eab00000,0x00000000eac00000)
  from space 512K, 100% used [0x00000000eac00000,0x00000000eac80000,0x00000000eac80000)
  to   space 1024K, 0% used [0x00000000ead00000,0x00000000ead00000,0x00000000eae00000)
 ParOldGen       total 410624K, used 410243K [0x00000000c0000000, 0x00000000d9100000, 0x00000000eab00000)
  object space 410624K, 99% used [0x00000000c0000000,0x00000000d90a0f68,0x00000000d9100000)
 Metaspace       used 72075K, committed 73600K, reserved 1179648K
  class space    used 7867K, committed 8512K, reserved 1048576K
}
Event: 25.739 GC heap before
{Heap before GC invocations=583 (full 3):
 PSYoungGen      total 1536K, used 1536K [0x00000000eab00000, 0x00000000eae00000, 0x0000000100000000)
  eden space 1024K, 100% used [0x00000000eab00000,0x00000000eac00000,0x00000000eac00000)
  from space 512K, 100% used [0x00000000eac00000,0x00000000eac80000,0x00000000eac80000)
  to   space 1024K, 0% used [0x00000000ead00000,0x00000000ead00000,0x00000000eae00000)
 ParOldGen       total 410624K, used 410243K [0x00000000c0000000, 0x00000000d9100000, 0x00000000eab00000)
  object space 410624K, 99% used [0x00000000c0000000,0x00000000d90a0f68,0x00000000d9100000)
 Metaspace       used 72084K, committed 73600K, reserved 1179648K
  class space    used 7868K, committed 8512K, reserved 1048576K
}
Event: 25.742 GC heap after
{Heap after GC invocations=583 (full 3):
 PSYoungGen      total 2048K, used 544K [0x00000000eab00000, 0x00000000eae00000, 0x0000000100000000)
  eden space 1024K, 0% used [0x00000000eab00000,0x00000000eab00000,0x00000000eac00000)
  from space 1024K, 53% used [0x00000000ead00000,0x00000000ead883a8,0x00000000eae00000)
  to   space 1024K, 0% used [0x00000000eac00000,0x00000000eac00000,0x00000000ead00000)
 ParOldGen       total 411136K, used 410795K [0x00000000c0000000, 0x00000000d9180000, 0x00000000eab00000)
  object space 411136K, 99% used [0x00000000c0000000,0x00000000d912af78,0x00000000d9180000)
 Metaspace       used 72084K, committed 73600K, reserved 1179648K
  class space    used 7868K, committed 8512K, reserved 1048576K
}
Event: 25.783 GC heap before
{Heap before GC invocations=584 (full 3):
 PSYoungGen      total 2048K, used 1568K [0x00000000eab00000, 0x00000000eae00000, 0x0000000100000000)
  eden space 1024K, 100% used [0x00000000eab00000,0x00000000eac00000,0x00000000eac00000)
  from space 1024K, 53% used [0x00000000ead00000,0x00000000ead883a8,0x00000000eae00000)
  to   space 1024K, 0% used [0x00000000eac00000,0x00000000eac00000,0x00000000ead00000)
 ParOldGen       total 411136K, used 410795K [0x00000000c0000000, 0x00000000d9180000, 0x00000000eab00000)
  object space 411136K, 99% used [0x00000000c0000000,0x00000000d912af78,0x00000000d9180000)
 Metaspace       used 72098K, committed 73600K, reserved 1179648K
  class space    used 7868K, committed 8512K, reserved 1048576K
}
Event: 25.785 GC heap after
{Heap after GC invocations=584 (full 3):
 PSYoungGen      total 2048K, used 480K [0x00000000eab00000, 0x00000000eae00000, 0x0000000100000000)
  eden space 1024K, 0% used [0x00000000eab00000,0x00000000eab00000,0x00000000eac00000)
  from space 1024K, 46% used [0x00000000eac00000,0x00000000eac78000,0x00000000ead00000)
  to   space 1024K, 0% used [0x00000000ead00000,0x00000000ead00000,0x00000000eae00000)
 ParOldGen       total 411648K, used 411204K [0x00000000c0000000, 0x00000000d9200000, 0x00000000eab00000)
  object space 411648K, 99% used [0x00000000c0000000,0x00000000d9191238,0x00000000d9200000)
 Metaspace       used 72098K, committed 73600K, reserved 1179648K
  class space    used 7868K, committed 8512K, reserved 1048576K
}
Event: 25.847 GC heap before
{Heap before GC invocations=585 (full 3):
 PSYoungGen      total 2048K, used 1504K [0x00000000eab00000, 0x00000000eae00000, 0x0000000100000000)
  eden space 1024K, 100% used [0x00000000eab00000,0x00000000eac00000,0x00000000eac00000)
  from space 1024K, 46% used [0x00000000eac00000,0x00000000eac78000,0x00000000ead00000)
  to   space 1024K, 0% used [0x00000000ead00000,0x00000000ead00000,0x00000000eae00000)
 ParOldGen       total 411648K, used 411204K [0x00000000c0000000, 0x00000000d9200000, 0x00000000eab00000)
  object space 411648K, 99% used [0x00000000c0000000,0x00000000d9191238,0x00000000d9200000)
 Metaspace       used 72132K, committed 73664K, reserved 1179648K
  class space    used 7868K, committed 8512K, reserved 1048576K
}
Event: 25.850 GC heap after
{Heap after GC invocations=585 (full 3):
 PSYoungGen      total 1536K, used 379K [0x00000000eab00000, 0x00000000ead80000, 0x0000000100000000)
  eden space 1024K, 0% used [0x00000000eab00000,0x00000000eab00000,0x00000000eac00000)
  from space 512K, 74% used [0x00000000ead00000,0x00000000ead5ec08,0x00000000ead80000)
  to   space 512K, 0% used [0x00000000eac80000,0x00000000eac80000,0x00000000ead00000)
 ParOldGen       total 411648K, used 411474K [0x00000000c0000000, 0x00000000d9200000, 0x00000000eab00000)
  object space 411648K, 99% used [0x00000000c0000000,0x00000000d91d49b0,0x00000000d9200000)
 Metaspace       used 72132K, committed 73664K, reserved 1179648K
  class space    used 7868K, committed 8512K, reserved 1048576K
}
Event: 25.918 GC heap before
{Heap before GC invocations=586 (full 3):
 PSYoungGen      total 1536K, used 1402K [0x00000000eab00000, 0x00000000ead80000, 0x0000000100000000)
  eden space 1024K, 99% used [0x00000000eab00000,0x00000000eabffff0,0x00000000eac00000)
  from space 512K, 74% used [0x00000000ead00000,0x00000000ead5ec08,0x00000000ead80000)
  to   space 512K, 0% used [0x00000000eac80000,0x00000000eac80000,0x00000000ead00000)
 ParOldGen       total 411648K, used 411474K [0x00000000c0000000, 0x00000000d9200000, 0x00000000eab00000)
  object space 411648K, 99% used [0x00000000c0000000,0x00000000d91d49b0,0x00000000d9200000)
 Metaspace       used 72152K, committed 73664K, reserved 1179648K
  class space    used 7868K, committed 8512K, reserved 1048576K
}
Event: 25.920 GC heap after
{Heap after GC invocations=586 (full 3):
 PSYoungGen      total 1536K, used 224K [0x00000000eab00000, 0x00000000ead80000, 0x0000000100000000)
  eden space 1024K, 0% used [0x00000000eab00000,0x00000000eab00000,0x00000000eac00000)
  from space 512K, 43% used [0x00000000eac80000,0x00000000eacb8000,0x00000000ead00000)
  to   space 512K, 0% used [0x00000000ead00000,0x00000000ead00000,0x00000000ead80000)
 ParOldGen       total 411648K, used 411629K [0x00000000c0000000, 0x00000000d9200000, 0x00000000eab00000)
  object space 411648K, 99% used [0x00000000c0000000,0x00000000d91fb5b8,0x00000000d9200000)
 Metaspace       used 72152K, committed 73664K, reserved 1179648K
  class space    used 7868K, committed 8512K, reserved 1048576K
}
Event: 25.964 GC heap before
{Heap before GC invocations=587 (full 3):
 PSYoungGen      total 1536K, used 1231K [0x00000000eab00000, 0x00000000ead80000, 0x0000000100000000)
  eden space 1024K, 98% used [0x00000000eab00000,0x00000000eabfbc68,0x00000000eac00000)
  from space 512K, 43% used [0x00000000eac80000,0x00000000eacb8000,0x00000000ead00000)
  to   space 512K, 0% used [0x00000000ead00000,0x00000000ead00000,0x00000000ead80000)
 ParOldGen       total 411648K, used 411629K [0x00000000c0000000, 0x00000000d9200000, 0x00000000eab00000)
  object space 411648K, 99% used [0x00000000c0000000,0x00000000d91fb5b8,0x00000000d9200000)
 Metaspace       used 72159K, committed 73664K, reserved 1179648K
  class space    used 7868K, committed 8512K, reserved 1048576K
}
Event: 25.966 GC heap after
{Heap after GC invocations=587 (full 3):
 PSYoungGen      total 1536K, used 509K [0x00000000eab00000, 0x00000000eae00000, 0x0000000100000000)
  eden space 1024K, 0% used [0x00000000eab00000,0x00000000eab00000,0x00000000eac00000)
  from space 512K, 99% used [0x00000000ead00000,0x00000000ead7f450,0x00000000ead80000)
  to   space 1024K, 0% used [0x00000000eac00000,0x00000000eac00000,0x00000000ead00000)
 ParOldGen       total 412160K, used 411733K [0x00000000c0000000, 0x00000000d9280000, 0x00000000eab00000)
  object space 412160K, 99% used [0x00000000c0000000,0x00000000d92155b8,0x00000000d9280000)
 Metaspace       used 72159K, committed 73664K, reserved 1179648K
  class space    used 7868K, committed 8512K, reserved 1048576K
}
Event: 26.024 GC heap before
{Heap before GC invocations=588 (full 3):
 PSYoungGen      total 1536K, used 1533K [0x00000000eab00000, 0x00000000eae00000, 0x0000000100000000)
  eden space 1024K, 100% used [0x00000000eab00000,0x00000000eac00000,0x00000000eac00000)
  from space 512K, 99% used [0x00000000ead00000,0x00000000ead7f450,0x00000000ead80000)
  to   space 1024K, 0% used [0x00000000eac00000,0x00000000eac00000,0x00000000ead00000)
 ParOldGen       total 412160K, used 411733K [0x00000000c0000000, 0x00000000d9280000, 0x00000000eab00000)
  object space 412160K, 99% used [0x00000000c0000000,0x00000000d92155b8,0x00000000d9280000)
 Metaspace       used 72175K, committed 73664K, reserved 1179648K
  class space    used 7868K, committed 8512K, reserved 1048576K
}
Event: 26.025 GC heap after
{Heap after GC invocations=588 (full 3):
 PSYoungGen      total 2048K, used 627K [0x00000000eab00000, 0x00000000eae00000, 0x0000000100000000)
  eden space 1024K, 0% used [0x00000000eab00000,0x00000000eab00000,0x00000000eac00000)
  from space 1024K, 61% used [0x00000000eac00000,0x00000000eac9cee8,0x00000000ead00000)
  to   space 1024K, 0% used [0x00000000ead00000,0x00000000ead00000,0x00000000eae00000)
 ParOldGen       total 412160K, used 411844K [0x00000000c0000000, 0x00000000d9280000, 0x00000000eab00000)
  object space 412160K, 99% used [0x00000000c0000000,0x00000000d9231120,0x00000000d9280000)
 Metaspace       used 72175K, committed 73664K, reserved 1179648K
  class space    used 7868K, committed 8512K, reserved 1048576K
}
Event: 26.092 GC heap before
{Heap before GC invocations=589 (full 3):
 PSYoungGen      total 2048K, used 1651K [0x00000000eab00000, 0x00000000eae00000, 0x0000000100000000)
  eden space 1024K, 99% used [0x00000000eab00000,0x00000000eabffff0,0x00000000eac00000)
  from space 1024K, 61% used [0x00000000eac00000,0x00000000eac9cee8,0x00000000ead00000)
  to   space 1024K, 0% used [0x00000000ead00000,0x00000000ead00000,0x00000000eae00000)
 ParOldGen       total 412160K, used 411844K [0x00000000c0000000, 0x00000000d9280000, 0x00000000eab00000)
  object space 412160K, 99% used [0x00000000c0000000,0x00000000d9231120,0x00000000d9280000)
 Metaspace       used 72178K, committed 73664K, reserved 1179648K
  class space    used 7868K, committed 8512K, reserved 1048576K
}
Event: 26.094 GC heap after
{Heap after GC invocations=589 (full 3):
 PSYoungGen      total 1536K, used 374K [0x00000000eab00000, 0x00000000ead80000, 0x0000000100000000)
  eden space 1024K, 0% used [0x00000000eab00000,0x00000000eab00000,0x00000000eac00000)
  from space 512K, 73% used [0x00000000ead00000,0x00000000ead5d808,0x00000000ead80000)
  to   space 512K, 0% used [0x00000000eac80000,0x00000000eac80000,0x00000000ead00000)
 ParOldGen       total 412672K, used 412396K [0x00000000c0000000, 0x00000000d9300000, 0x00000000eab00000)
  object space 412672K, 99% used [0x00000000c0000000,0x00000000d92bb2a0,0x00000000d9300000)
 Metaspace       used 72178K, committed 73664K, reserved 1179648K
  class space    used 7868K, committed 8512K, reserved 1048576K
}
Event: 26.121 GC heap before
{Heap before GC invocations=590 (full 3):
 PSYoungGen      total 1536K, used 1371K [0x00000000eab00000, 0x00000000ead80000, 0x0000000100000000)
  eden space 1024K, 97% used [0x00000000eab00000,0x00000000eabf9500,0x00000000eac00000)
  from space 512K, 73% used [0x00000000ead00000,0x00000000ead5d808,0x00000000ead80000)
  to   space 512K, 0% used [0x00000000eac80000,0x00000000eac80000,0x00000000ead00000)
 ParOldGen       total 412672K, used 412396K [0x00000000c0000000, 0x00000000d9300000, 0x00000000eab00000)
  object space 412672K, 99% used [0x00000000c0000000,0x00000000d92bb2a0,0x00000000d9300000)
 Metaspace       used 72178K, committed 73664K, reserved 1179648K
  class space    used 7868K, committed 8512K, reserved 1048576K
}
Event: 26.123 GC heap after
{Heap after GC invocations=590 (full 3):
 PSYoungGen      total 1536K, used 509K [0x00000000eab00000, 0x00000000eae00000, 0x0000000100000000)
  eden space 1024K, 0% used [0x00000000eab00000,0x00000000eab00000,0x00000000eac00000)
  from space 512K, 99% used [0x00000000eac80000,0x00000000eacff608,0x00000000ead00000)
  to   space 1024K, 0% used [0x00000000ead00000,0x00000000ead00000,0x00000000eae00000)
 ParOldGen       total 412672K, used 412570K [0x00000000c0000000, 0x00000000d9300000, 0x00000000eab00000)
  object space 412672K, 99% used [0x00000000c0000000,0x00000000d92e6aa8,0x00000000d9300000)
 Metaspace       used 72178K, committed 73664K, reserved 1179648K
  class space    used 7868K, committed 8512K, reserved 1048576K
}
Event: 26.178 GC heap before
{Heap before GC invocations=591 (full 3):
 PSYoungGen      total 1536K, used 1533K [0x00000000eab00000, 0x00000000eae00000, 0x0000000100000000)
  eden space 1024K, 100% used [0x00000000eab00000,0x00000000eac00000,0x00000000eac00000)
  from space 512K, 99% used [0x00000000eac80000,0x00000000eacff608,0x00000000ead00000)
  to   space 1024K, 0% used [0x00000000ead00000,0x00000000ead00000,0x00000000eae00000)
 ParOldGen       total 412672K, used 412570K [0x00000000c0000000, 0x00000000d9300000, 0x00000000eab00000)
  object space 412672K, 99% used [0x00000000c0000000,0x00000000d92e6aa8,0x00000000d9300000)
 Metaspace       used 72183K, committed 73664K, reserved 1179648K
  class space    used 7868K, committed 8512K, reserved 1048576K
}
Event: 26.180 GC heap after
{Heap after GC invocations=591 (full 3):
 PSYoungGen      total 1536K, used 352K [0x00000000eab00000, 0x00000000ead80000, 0x0000000100000000)
  eden space 1024K, 0% used [0x00000000eab00000,0x00000000eab00000,0x00000000eac00000)
  from space 512K, 68% used [0x00000000ead00000,0x00000000ead583a8,0x00000000ead80000)
  to   space 512K, 0% used [0x00000000eac80000,0x00000000eac80000,0x00000000ead00000)
 ParOldGen       total 412672K, used 412642K [0x00000000c0000000, 0x00000000d9300000, 0x00000000eab00000)
  object space 412672K, 99% used [0x00000000c0000000,0x00000000d92f8aa8,0x00000000d9300000)
 Metaspace       used 72183K, committed 73664K, reserved 1179648K
  class space    used 7868K, committed 8512K, reserved 1048576K
}

Dll operation events (15 events):
Event: 0.014 Loaded shared library c:\Users\zinzi\.vscode\extensions\redhat.java-1.40.0-win32-x64\jre\21.0.6-win32-x86_64\bin\java.dll
Event: 0.192 Loaded shared library c:\Users\zinzi\.vscode\extensions\redhat.java-1.40.0-win32-x64\jre\21.0.6-win32-x86_64\bin\zip.dll
Event: 0.225 Loaded shared library C:\Users\zinzi\.vscode\extensions\redhat.java-1.40.0-win32-x64\jre\21.0.6-win32-x86_64\bin\instrument.dll
Event: 0.232 Loaded shared library C:\Users\zinzi\.vscode\extensions\redhat.java-1.40.0-win32-x64\jre\21.0.6-win32-x86_64\bin\net.dll
Event: 0.235 Loaded shared library C:\Users\zinzi\.vscode\extensions\redhat.java-1.40.0-win32-x64\jre\21.0.6-win32-x86_64\bin\nio.dll
Event: 0.242 Loaded shared library C:\Users\zinzi\.vscode\extensions\redhat.java-1.40.0-win32-x64\jre\21.0.6-win32-x86_64\bin\zip.dll
Event: 0.281 Loaded shared library C:\Users\zinzi\.vscode\extensions\redhat.java-1.40.0-win32-x64\jre\21.0.6-win32-x86_64\bin\jimage.dll
Event: 0.454 Loaded shared library c:\Users\zinzi\.vscode\extensions\redhat.java-1.40.0-win32-x64\jre\21.0.6-win32-x86_64\bin\verify.dll
Event: 2.250 Loaded shared library C:\Users\zinzi\AppData\Roaming\Code\User\globalStorage\redhat.java\1.40.0\config_win\org.eclipse.equinox.launcher\org.eclipse.equinox.launcher.win32.win32.x86_64_1.2.1200.v20250212-0927\eclipse_11909.dll
Event: 3.772 Loaded shared library C:\Users\zinzi\AppData\Local\Temp\jna-115907214\jna5339030542836718024.dll
Event: 15.953 Loaded shared library C:\Users\zinzi\.gradle\native\1def1411415f61bf3af743bc5b6707747c0891f09f0c88961ee8f79bc544acac\windows-amd64\native-platform.dll
Event: 17.962 Loaded shared library C:\Users\zinzi\.vscode\extensions\redhat.java-1.40.0-win32-x64\jre\21.0.6-win32-x86_64\bin\management.dll
Event: 17.970 Loaded shared library C:\Users\zinzi\.vscode\extensions\redhat.java-1.40.0-win32-x64\jre\21.0.6-win32-x86_64\bin\management_ext.dll
Event: 18.896 Loaded shared library C:\Users\zinzi\.vscode\extensions\redhat.java-1.40.0-win32-x64\jre\21.0.6-win32-x86_64\bin\sunmscapi.dll
Event: 19.016 Loaded shared library C:\Users\zinzi\.vscode\extensions\redhat.java-1.40.0-win32-x64\jre\21.0.6-win32-x86_64\bin\extnet.dll

Deoptimization events (20 events):
Event: 26.036 Thread 0x000002fe9f087890 Uncommon trap: trap_request=0xffffffde fr.pc=0x000002fe4dd10c78 relative=0x0000000000000c78
Event: 26.036 Thread 0x000002fe9f087890 Uncommon trap: reason=class_check action=maybe_recompile pc=0x000002fe4dd10c78 method=org.eclipse.jdt.internal.compiler.parser.Parser.consumeRule(I)V @ 7623 c2
Event: 26.036 Thread 0x000002fe9f087890 DEOPT PACKING pc=0x000002fe4dd10c78 sp=0x000000ffb59fec70
Event: 26.036 Thread 0x000002fe9f087890 DEOPT UNPACKING pc=0x000002fe4ce93aa2 sp=0x000000ffb59fec40 mode 2
Event: 26.036 Thread 0x000002fe9f087890 Uncommon trap: trap_request=0xffffffde fr.pc=0x000002fe4dd10d44 relative=0x0000000000000d44
Event: 26.036 Thread 0x000002fe9f087890 Uncommon trap: reason=class_check action=maybe_recompile pc=0x000002fe4dd10d44 method=org.eclipse.jdt.internal.compiler.parser.Parser.consumeRule(I)V @ 7602 c2
Event: 26.036 Thread 0x000002fe9f087890 DEOPT PACKING pc=0x000002fe4dd10d44 sp=0x000000ffb59fec70
Event: 26.036 Thread 0x000002fe9f087890 DEOPT UNPACKING pc=0x000002fe4ce93aa2 sp=0x000000ffb59fec38 mode 2
Event: 26.084 Thread 0x000002fe9f087890 Uncommon trap: trap_request=0xffffffde fr.pc=0x000002fe4dd10c78 relative=0x0000000000000c78
Event: 26.084 Thread 0x000002fe9f087890 Uncommon trap: reason=class_check action=maybe_recompile pc=0x000002fe4dd10c78 method=org.eclipse.jdt.internal.compiler.parser.Parser.consumeRule(I)V @ 7623 c2
Event: 26.084 Thread 0x000002fe9f087890 DEOPT PACKING pc=0x000002fe4dd10c78 sp=0x000000ffb59fec70
Event: 26.084 Thread 0x000002fe9f087890 DEOPT UNPACKING pc=0x000002fe4ce93aa2 sp=0x000000ffb59fec30 mode 2
Event: 26.086 Thread 0x000002fe9f087890 Uncommon trap: trap_request=0xffffff45 fr.pc=0x000002fe4dd212c8 relative=0x0000000000001ba8
Event: 26.086 Thread 0x000002fe9f087890 Uncommon trap: reason=unstable_if action=reinterpret pc=0x000002fe4dd212c8 method=org.eclipse.jdt.internal.compiler.parser.Scanner.jumpOverMethodBody()V @ 1526 c2
Event: 26.086 Thread 0x000002fe9f087890 DEOPT PACKING pc=0x000002fe4dd212c8 sp=0x000000ffb59fec10
Event: 26.086 Thread 0x000002fe9f087890 DEOPT UNPACKING pc=0x000002fe4ce93aa2 sp=0x000000ffb59feb90 mode 2
Event: 26.174 Thread 0x000002fe9f087890 DEOPT PACKING pc=0x000002fe47493fdc sp=0x000000ffb59feb70
Event: 26.174 Thread 0x000002fe9f087890 DEOPT UNPACKING pc=0x000002fe4ce94242 sp=0x000000ffb59fe080 mode 0
Event: 26.234 Thread 0x000002fe9f087890 DEOPT PACKING pc=0x000002fe473493ce sp=0x000000ffb59fe2e0
Event: 26.234 Thread 0x000002fe9f087890 DEOPT UNPACKING pc=0x000002fe4ce94242 sp=0x000000ffb59fd860 mode 0

Classes loaded (20 events):
Event: 22.203 Loading class java/util/stream/DistinctOps$1$2
Event: 22.203 Loading class java/util/stream/DistinctOps$1$2 done
Event: 22.356 Loading class java/util/stream/ReduceOps$5
Event: 22.356 Loading class java/util/stream/ReduceOps$5 done
Event: 22.356 Loading class java/util/stream/ReduceOps$CountingSink$OfRef
Event: 22.356 Loading class java/util/stream/ReduceOps$CountingSink
Event: 22.356 Loading class java/util/stream/ReduceOps$CountingSink done
Event: 22.356 Loading class java/util/stream/ReduceOps$CountingSink$OfRef done
Event: 22.386 Loading class java/util/stream/ReduceOps$1
Event: 22.386 Loading class java/util/stream/ReduceOps$1 done
Event: 22.386 Loading class java/util/stream/ReduceOps$1ReducingSink
Event: 22.386 Loading class java/util/stream/ReduceOps$1ReducingSink done
Event: 22.545 Loading class java/nio/charset/CharacterCodingException
Event: 22.545 Loading class java/nio/charset/CharacterCodingException done
Event: 22.545 Loading class java/io/SequenceInputStream
Event: 22.546 Loading class java/io/SequenceInputStream done
Event: 22.560 Loading class java/util/regex/PatternSyntaxException
Event: 22.561 Loading class java/util/regex/PatternSyntaxException done
Event: 25.146 Loading class sun/nio/fs/WindowsFileCopy
Event: 25.149 Loading class sun/nio/fs/WindowsFileCopy done

Classes unloaded (8 events):
Event: 4.414 Thread 0x000002fe56af30d0 Unloading class 0x000002fe58199c00 'java/lang/invoke/LambdaForm$MH+0x000002fe58199c00'
Event: 4.414 Thread 0x000002fe56af30d0 Unloading class 0x000002fe58199800 'java/lang/invoke/LambdaForm$MH+0x000002fe58199800'
Event: 4.414 Thread 0x000002fe56af30d0 Unloading class 0x000002fe58199400 'java/lang/invoke/LambdaForm$MH+0x000002fe58199400'
Event: 4.414 Thread 0x000002fe56af30d0 Unloading class 0x000002fe58199000 'java/lang/invoke/LambdaForm$MH+0x000002fe58199000'
Event: 4.414 Thread 0x000002fe56af30d0 Unloading class 0x000002fe58198c00 'java/lang/invoke/LambdaForm$BMH+0x000002fe58198c00'
Event: 4.414 Thread 0x000002fe56af30d0 Unloading class 0x000002fe58198800 'java/lang/invoke/LambdaForm$DMH+0x000002fe58198800'
Event: 4.414 Thread 0x000002fe56af30d0 Unloading class 0x000002fe58193400 'java/lang/invoke/LambdaForm$DMH+0x000002fe58193400'
Event: 5.608 Thread 0x000002fe56af30d0 Unloading class 0x000002fe5837d400 'java/lang/invoke/LambdaForm$MH+0x000002fe5837d400'

Classes redefined (0 events):
No events

Internal exceptions (20 events):
Event: 22.249 Thread 0x000002fe9f08b3a0 Exception <a 'sun/nio/fs/WindowsException'{0x00000000ead96cc8}> (0x00000000ead96cc8) 
thrown [s\src\hotspot\share\prims\jni.cpp, line 520]
Event: 22.249 Thread 0x000002fe9f08b3a0 Exception <a 'sun/nio/fs/WindowsException'{0x00000000ead973a0}> (0x00000000ead973a0) 
thrown [s\src\hotspot\share\prims\jni.cpp, line 520]
Event: 22.250 Thread 0x000002fe9f08b3a0 Exception <a 'sun/nio/fs/WindowsException'{0x00000000eadee020}> (0x00000000eadee020) 
thrown [s\src\hotspot\share\prims\jni.cpp, line 520]
Event: 22.250 Thread 0x000002fe9f08b3a0 Exception <a 'sun/nio/fs/WindowsException'{0x00000000eadee6f8}> (0x00000000eadee6f8) 
thrown [s\src\hotspot\share\prims\jni.cpp, line 520]
Event: 22.251 Thread 0x000002fe9f08b3a0 Exception <a 'sun/nio/fs/WindowsException'{0x00000000eae9f388}> (0x00000000eae9f388) 
thrown [s\src\hotspot\share\prims\jni.cpp, line 520]
Event: 22.251 Thread 0x000002fe9f08b3a0 Exception <a 'sun/nio/fs/WindowsException'{0x00000000eae9fa60}> (0x00000000eae9fa60) 
thrown [s\src\hotspot\share\prims\jni.cpp, line 520]
Event: 22.263 Thread 0x000002fe9f08b3a0 Exception <a 'sun/nio/fs/WindowsException'{0x00000000eac8a898}> (0x00000000eac8a898) 
thrown [s\src\hotspot\share\prims\jni.cpp, line 520]
Event: 22.263 Thread 0x000002fe9f08b3a0 Exception <a 'sun/nio/fs/WindowsException'{0x00000000eac8af70}> (0x00000000eac8af70) 
thrown [s\src\hotspot\share\prims\jni.cpp, line 520]
Event: 22.263 Thread 0x000002fe9f08b3a0 Exception <a 'sun/nio/fs/WindowsException'{0x00000000eac8be80}> (0x00000000eac8be80) 
thrown [s\src\hotspot\share\prims\jni.cpp, line 520]
Event: 22.264 Thread 0x000002fe9f08b3a0 Exception <a 'sun/nio/fs/WindowsException'{0x00000000eac8c558}> (0x00000000eac8c558) 
thrown [s\src\hotspot\share\prims\jni.cpp, line 520]
Event: 22.264 Thread 0x000002fe9f08b3a0 Exception <a 'sun/nio/fs/WindowsException'{0x00000000eac8dd88}> (0x00000000eac8dd88) 
thrown [s\src\hotspot\share\prims\jni.cpp, line 520]
Event: 22.264 Thread 0x000002fe9f08b3a0 Exception <a 'sun/nio/fs/WindowsException'{0x00000000eac8e460}> (0x00000000eac8e460) 
thrown [s\src\hotspot\share\prims\jni.cpp, line 520]
Event: 22.357 Thread 0x000002fe9f08b3a0 Exception <a 'sun/nio/fs/WindowsException'{0x00000000eadf0af8}> (0x00000000eadf0af8) 
thrown [s\src\hotspot\share\prims\jni.cpp, line 520]
Event: 22.357 Thread 0x000002fe9f08b3a0 Exception <a 'sun/nio/fs/WindowsException'{0x00000000eadf11d0}> (0x00000000eadf11d0) 
thrown [s\src\hotspot\share\prims\jni.cpp, line 520]
Event: 22.571 Thread 0x000002fe9f08b3a0 Exception <a 'java/io/FileNotFoundException'{0x00000000eb0ba548}> (0x00000000eb0ba548) 
thrown [s\src\hotspot\share\prims\jni.cpp, line 520]
Event: 22.571 Thread 0x000002fe9f08b3a0 Exception <a 'java/io/FileNotFoundException'{0x00000000eb0c71f0}> (0x00000000eb0c71f0) 
thrown [s\src\hotspot\share\prims\jni.cpp, line 520]
Event: 22.576 Thread 0x000002fe9f08b3a0 Exception <a 'java/lang/NoSuchMethodError'{0x00000000eb14f190}: 'java.lang.Object java.lang.invoke.DirectMethodHandle$Holder.invokeStatic(java.lang.Object, java.lang.Object, int, java.lang.Object)'> (0x00000000eb14f190) 
thrown [s\src\hotspot\share\interpreter\linkResolver.cpp, line 773]
Event: 22.577 Thread 0x000002fe9f08b3a0 Exception <a 'java/lang/NoSuchMethodError'{0x00000000eb1731d8}: 'java.lang.Object java.lang.invoke.DirectMethodHandle$Holder.newInvokeSpecial(java.lang.Object, java.lang.Object, int)'> (0x00000000eb1731d8) 
thrown [s\src\hotspot\share\interpreter\linkResolver.cpp, line 773]
Event: 25.149 Thread 0x000002fe9f087890 Exception <a 'sun/nio/fs/WindowsException'{0x00000000eab05608}> (0x00000000eab05608) 
thrown [s\src\hotspot\share\prims\jni.cpp, line 520]
Event: 25.717 Thread 0x000002fe9f087890 Implicit null exception at 0x000002fe4d6f6d4f to 0x000002fe4d6f6ea4

ZGC Phase Switch (0 events):
No events

VM Operations (20 events):
Event: 25.711 Executing VM operation: ParallelGCFailedAllocation (Allocation Failure)
Event: 25.715 Executing VM operation: ParallelGCFailedAllocation (Allocation Failure) done
Event: 25.739 Executing VM operation: ParallelGCFailedAllocation (Allocation Failure)
Event: 25.742 Executing VM operation: ParallelGCFailedAllocation (Allocation Failure) done
Event: 25.783 Executing VM operation: ParallelGCFailedAllocation (Allocation Failure)
Event: 25.785 Executing VM operation: ParallelGCFailedAllocation (Allocation Failure) done
Event: 25.847 Executing VM operation: ParallelGCFailedAllocation (Allocation Failure)
Event: 25.851 Executing VM operation: ParallelGCFailedAllocation (Allocation Failure) done
Event: 25.917 Executing VM operation: ParallelGCFailedAllocation (Allocation Failure)
Event: 25.920 Executing VM operation: ParallelGCFailedAllocation (Allocation Failure) done
Event: 25.964 Executing VM operation: ParallelGCFailedAllocation (Allocation Failure)
Event: 25.966 Executing VM operation: ParallelGCFailedAllocation (Allocation Failure) done
Event: 26.024 Executing VM operation: ParallelGCFailedAllocation (Allocation Failure)
Event: 26.025 Executing VM operation: ParallelGCFailedAllocation (Allocation Failure) done
Event: 26.092 Executing VM operation: ParallelGCFailedAllocation (Allocation Failure)
Event: 26.094 Executing VM operation: ParallelGCFailedAllocation (Allocation Failure) done
Event: 26.112 Executing VM operation: ParallelGCFailedAllocation (Allocation Failure)
Event: 26.123 Executing VM operation: ParallelGCFailedAllocation (Allocation Failure) done
Event: 26.178 Executing VM operation: ParallelGCFailedAllocation (Allocation Failure)
Event: 26.180 Executing VM operation: ParallelGCFailedAllocation (Allocation Failure) done

Memory protections (0 events):
No events

Nmethod flushes (20 events):
Event: 14.562 Thread 0x000002fe56af30d0 flushing  nmethod 0x000002fe461a9690
Event: 14.562 Thread 0x000002fe56af30d0 flushing  nmethod 0x000002fe461aca90
Event: 14.562 Thread 0x000002fe56af30d0 flushing  nmethod 0x000002fe461b3110
Event: 14.562 Thread 0x000002fe56af30d0 flushing  nmethod 0x000002fe461cd410
Event: 14.562 Thread 0x000002fe56af30d0 flushing  nmethod 0x000002fe461d1e90
Event: 14.562 Thread 0x000002fe56af30d0 flushing  nmethod 0x000002fe461ecf90
Event: 14.562 Thread 0x000002fe56af30d0 flushing  nmethod 0x000002fe46209510
Event: 14.562 Thread 0x000002fe56af30d0 flushing  nmethod 0x000002fe4620aa10
Event: 14.562 Thread 0x000002fe56af30d0 flushing  nmethod 0x000002fe4620b710
Event: 14.562 Thread 0x000002fe56af30d0 flushing  nmethod 0x000002fe4621a410
Event: 14.562 Thread 0x000002fe56af30d0 flushing  nmethod 0x000002fe4621bf10
Event: 14.562 Thread 0x000002fe56af30d0 flushing  nmethod 0x000002fe4621e210
Event: 14.562 Thread 0x000002fe56af30d0 flushing  nmethod 0x000002fe4622cb10
Event: 14.562 Thread 0x000002fe56af30d0 flushing  nmethod 0x000002fe4622d290
Event: 14.562 Thread 0x000002fe56af30d0 flushing  nmethod 0x000002fe4622d610
Event: 14.562 Thread 0x000002fe56af30d0 flushing  nmethod 0x000002fe4622d990
Event: 14.562 Thread 0x000002fe56af30d0 flushing  nmethod 0x000002fe4622df10
Event: 14.562 Thread 0x000002fe56af30d0 flushing  nmethod 0x000002fe46230690
Event: 14.562 Thread 0x000002fe56af30d0 flushing  nmethod 0x000002fe46238010
Event: 14.562 Thread 0x000002fe56af30d0 flushing  nmethod 0x000002fe4624a990

Events (20 events):
Event: 19.821 Thread 0x000002feadf5ef50 Thread exited: 0x000002feadf5ef50
Event: 20.170 Thread 0x000002fea0a3a0c0 Thread exited: 0x000002fea0a3a0c0
Event: 20.947 Thread 0x000002fe9f087200 Thread added: 0x000002feadf616b0
Event: 20.998 Thread 0x000002feadf616b0 Thread exited: 0x000002feadf616b0
Event: 21.069 Thread 0x000002fe9f087200 Thread added: 0x000002feadf5b440
Event: 21.075 Thread 0x000002fe99bc30e0 Thread added: 0x000002fea0a34f00
Event: 21.075 Thread 0x000002fe99bc30e0 Thread added: 0x000002fea0a377e0
Event: 21.076 Thread 0x000002feadf5b440 Thread exited: 0x000002feadf5b440
Event: 21.282 Thread 0x000002fea0a377e0 Thread exited: 0x000002fea0a377e0
Event: 21.339 Thread 0x000002fea0a34f00 Thread exited: 0x000002fea0a34f00
Event: 21.475 Thread 0x000002fe99bac780 Thread added: 0x000002fea0a36370
Event: 21.784 Thread 0x000002fea0a36370 Thread exited: 0x000002fea0a36370
Event: 22.206 Thread 0x000002fe99bc30e0 Thread added: 0x000002fea0a35ca0
Event: 22.209 Thread 0x000002fe99bc30e0 Thread added: 0x000002fea0a377e0
Event: 23.776 Thread 0x000002fea0a377e0 Thread exited: 0x000002fea0a377e0
Event: 23.776 Thread 0x000002fea0a35ca0 Thread exited: 0x000002fea0a35ca0
Event: 24.658 Thread 0x000002fe99bac780 Thread added: 0x000002fea0a399f0
Event: 25.021 Thread 0x000002fea0a399f0 Thread exited: 0x000002fea0a399f0
Event: 25.181 Thread 0x000002fe99bac780 Thread added: 0x000002fea0a38c50
Event: 25.230 Thread 0x000002fe99bc30e0 Thread added: 0x000002fea0a39320


Dynamic libraries:
0x00007ff7cec30000 - 0x00007ff7cec3e000 	c:\Users\zinzi\.vscode\extensions\redhat.java-1.40.0-win32-x64\jre\21.0.6-win32-x86_64\bin\java.exe
0x00007ff8bef30000 - 0x00007ff8bf147000 	C:\WINDOWS\SYSTEM32\ntdll.dll
0x00007ff8bd770000 - 0x00007ff8bd834000 	C:\WINDOWS\System32\KERNEL32.DLL
0x00007ff8bc500000 - 0x00007ff8bc8d1000 	C:\WINDOWS\System32\KERNELBASE.dll
0x00007ff8bc3b0000 - 0x00007ff8bc4c1000 	C:\WINDOWS\System32\ucrtbase.dll
0x00007ff86c920000 - 0x00007ff86c938000 	c:\Users\zinzi\.vscode\extensions\redhat.java-1.40.0-win32-x64\jre\21.0.6-win32-x86_64\bin\jli.dll
0x00007ff8be240000 - 0x00007ff8be3f1000 	C:\WINDOWS\System32\USER32.dll
0x00007ff8bc300000 - 0x00007ff8bc326000 	C:\WINDOWS\System32\win32u.dll
0x00007ff8bcc00000 - 0x00007ff8bcc29000 	C:\WINDOWS\System32\GDI32.dll
0x00007ff8bc070000 - 0x00007ff8bc18b000 	C:\WINDOWS\System32\gdi32full.dll
0x00007ff8bc960000 - 0x00007ff8bc9fa000 	C:\WINDOWS\System32\msvcp_win.dll
0x00007ff86c940000 - 0x00007ff86c95e000 	c:\Users\zinzi\.vscode\extensions\redhat.java-1.40.0-win32-x64\jre\21.0.6-win32-x86_64\bin\VCRUNTIME140.dll
0x00007ff8a9b50000 - 0x00007ff8a9de2000 	C:\WINDOWS\WinSxS\amd64_microsoft.windows.common-controls_6595b64144ccf1df_6.0.22621.4830_none_270fe7d773858e80\COMCTL32.dll
0x00007ff8be190000 - 0x00007ff8be237000 	C:\WINDOWS\System32\msvcrt.dll
0x00007ff8bcd50000 - 0x00007ff8bcd81000 	C:\WINDOWS\System32\IMM32.DLL
0x00007ff86c910000 - 0x00007ff86c91c000 	c:\Users\zinzi\.vscode\extensions\redhat.java-1.40.0-win32-x64\jre\21.0.6-win32-x86_64\bin\vcruntime140_1.dll
0x00007ff86c860000 - 0x00007ff86c8ed000 	c:\Users\zinzi\.vscode\extensions\redhat.java-1.40.0-win32-x64\jre\21.0.6-win32-x86_64\bin\msvcp140.dll
0x00007ff840b80000 - 0x00007ff841910000 	c:\Users\zinzi\.vscode\extensions\redhat.java-1.40.0-win32-x64\jre\21.0.6-win32-x86_64\bin\server\jvm.dll
0x00007ff8bee30000 - 0x00007ff8beee1000 	C:\WINDOWS\System32\ADVAPI32.dll
0x00007ff8bcd90000 - 0x00007ff8bce37000 	C:\WINDOWS\System32\sechost.dll
0x00007ff8bc4d0000 - 0x00007ff8bc4f8000 	C:\WINDOWS\System32\bcrypt.dll
0x00007ff8bcc30000 - 0x00007ff8bcd44000 	C:\WINDOWS\System32\RPCRT4.dll
0x00007ff8be110000 - 0x00007ff8be181000 	C:\WINDOWS\System32\WS2_32.dll
0x00007ff8baee0000 - 0x00007ff8baf2d000 	C:\WINDOWS\SYSTEM32\POWRPROF.dll
0x00007ff8acbb0000 - 0x00007ff8acbe4000 	C:\WINDOWS\SYSTEM32\WINMM.dll
0x00007ff8b9c70000 - 0x00007ff8b9c7a000 	C:\WINDOWS\SYSTEM32\VERSION.dll
0x00007ff8baec0000 - 0x00007ff8baed3000 	C:\WINDOWS\SYSTEM32\UMPDC.dll
0x00007ff8bb170000 - 0x00007ff8bb188000 	C:\WINDOWS\SYSTEM32\kernel.appcore.dll
0x00007ff86c850000 - 0x00007ff86c85a000 	c:\Users\zinzi\.vscode\extensions\redhat.java-1.40.0-win32-x64\jre\21.0.6-win32-x86_64\bin\jimage.dll
0x00007ff8ac0a0000 - 0x00007ff8ac2d2000 	C:\WINDOWS\SYSTEM32\DBGHELP.DLL
0x00007ff8be990000 - 0x00007ff8bed20000 	C:\WINDOWS\System32\combase.dll
0x00007ff8be400000 - 0x00007ff8be4d7000 	C:\WINDOWS\System32\OLEAUT32.dll
0x00007ff8a2290000 - 0x00007ff8a22c2000 	C:\WINDOWS\SYSTEM32\dbgcore.DLL
0x00007ff8bc330000 - 0x00007ff8bc3ab000 	C:\WINDOWS\System32\bcryptPrimitives.dll
0x00007ff851c30000 - 0x00007ff851c3f000 	c:\Users\zinzi\.vscode\extensions\redhat.java-1.40.0-win32-x64\jre\21.0.6-win32-x86_64\bin\instrument.dll
0x00007ff851d00000 - 0x00007ff851d1f000 	c:\Users\zinzi\.vscode\extensions\redhat.java-1.40.0-win32-x64\jre\21.0.6-win32-x86_64\bin\java.dll
0x00007ff8bcee0000 - 0x00007ff8bd768000 	C:\WINDOWS\System32\SHELL32.dll
0x00007ff8bca00000 - 0x00007ff8bcb3f000 	C:\WINDOWS\System32\wintypes.dll
0x00007ff8b9f90000 - 0x00007ff8ba89d000 	C:\WINDOWS\SYSTEM32\windows.storage.dll
0x00007ff8be650000 - 0x00007ff8be75a000 	C:\WINDOWS\System32\SHCORE.dll
0x00007ff8be5f0000 - 0x00007ff8be64e000 	C:\WINDOWS\System32\shlwapi.dll
0x00007ff8bbfa0000 - 0x00007ff8bbfcb000 	C:\WINDOWS\SYSTEM32\profapi.dll
0x00007ff851ce0000 - 0x00007ff851cf8000 	c:\Users\zinzi\.vscode\extensions\redhat.java-1.40.0-win32-x64\jre\21.0.6-win32-x86_64\bin\zip.dll
0x00007ff869df0000 - 0x00007ff869e00000 	C:\Users\zinzi\.vscode\extensions\redhat.java-1.40.0-win32-x64\jre\21.0.6-win32-x86_64\bin\net.dll
0x00007ff8b83f0000 - 0x00007ff8b851c000 	C:\WINDOWS\SYSTEM32\WINHTTP.dll
0x00007ff8bb5d0000 - 0x00007ff8bb63a000 	C:\WINDOWS\system32\mswsock.dll
0x00007ff851cc0000 - 0x00007ff851cd6000 	C:\Users\zinzi\.vscode\extensions\redhat.java-1.40.0-win32-x64\jre\21.0.6-win32-x86_64\bin\nio.dll
0x00007ff851cb0000 - 0x00007ff851cc0000 	c:\Users\zinzi\.vscode\extensions\redhat.java-1.40.0-win32-x64\jre\21.0.6-win32-x86_64\bin\verify.dll
0x00007ff879620000 - 0x00007ff879665000 	C:\Users\zinzi\AppData\Roaming\Code\User\globalStorage\redhat.java\1.40.0\config_win\org.eclipse.equinox.launcher\org.eclipse.equinox.launcher.win32.win32.x86_64_1.2.1200.v20250212-0927\eclipse_11909.dll
0x00007ff8bd840000 - 0x00007ff8bd9e1000 	C:\WINDOWS\System32\ole32.dll
0x00007ff8bb7f0000 - 0x00007ff8bb80b000 	C:\WINDOWS\SYSTEM32\CRYPTSP.dll
0x00007ff8bb0d0000 - 0x00007ff8bb107000 	C:\WINDOWS\system32\rsaenh.dll
0x00007ff8bb680000 - 0x00007ff8bb6a8000 	C:\WINDOWS\SYSTEM32\USERENV.dll
0x00007ff8bb7e0000 - 0x00007ff8bb7ec000 	C:\WINDOWS\SYSTEM32\CRYPTBASE.dll
0x00007ff8bab70000 - 0x00007ff8bab9d000 	C:\WINDOWS\SYSTEM32\IPHLPAPI.DLL
0x00007ff8bdc50000 - 0x00007ff8bdc59000 	C:\WINDOWS\System32\NSI.dll
0x00007ff8a5a90000 - 0x00007ff8a5ad9000 	C:\Users\zinzi\AppData\Local\Temp\jna-115907214\jna5339030542836718024.dll
0x00007ff8bced0000 - 0x00007ff8bced8000 	C:\WINDOWS\System32\PSAPI.DLL
0x00007ff8b8290000 - 0x00007ff8b82a9000 	C:\WINDOWS\SYSTEM32\dhcpcsvc6.DLL
0x00007ff8b8270000 - 0x00007ff8b828f000 	C:\WINDOWS\SYSTEM32\dhcpcsvc.DLL
0x00007ff87a520000 - 0x00007ff87a547000 	C:\Users\zinzi\.gradle\native\1def1411415f61bf3af743bc5b6707747c0891f09f0c88961ee8f79bc544acac\windows-amd64\native-platform.dll
0x00007ff8a6830000 - 0x00007ff8a683a000 	C:\Users\zinzi\.vscode\extensions\redhat.java-1.40.0-win32-x64\jre\21.0.6-win32-x86_64\bin\management.dll
0x00007ff8a6820000 - 0x00007ff8a682b000 	C:\Users\zinzi\.vscode\extensions\redhat.java-1.40.0-win32-x64\jre\21.0.6-win32-x86_64\bin\management_ext.dll
0x00007ff8a6810000 - 0x00007ff8a681e000 	C:\Users\zinzi\.vscode\extensions\redhat.java-1.40.0-win32-x64\jre\21.0.6-win32-x86_64\bin\sunmscapi.dll
0x00007ff8bc190000 - 0x00007ff8bc2f6000 	C:\WINDOWS\System32\CRYPT32.dll
0x00007ff8bba10000 - 0x00007ff8bba3d000 	C:\WINDOWS\SYSTEM32\ncrypt.dll
0x00007ff8bb9d0000 - 0x00007ff8bba07000 	C:\WINDOWS\SYSTEM32\NTASN1.dll
0x00007ff8babe0000 - 0x00007ff8bace2000 	C:\WINDOWS\SYSTEM32\DNSAPI.dll
0x00007ff8a9f00000 - 0x00007ff8a9f0a000 	C:\Windows\System32\rasadhlp.dll
0x00007ff8b5fb0000 - 0x00007ff8b6033000 	C:\WINDOWS\System32\fwpuclnt.dll
0x00007ff8a67f0000 - 0x00007ff8a67f9000 	C:\Users\zinzi\.vscode\extensions\redhat.java-1.40.0-win32-x64\jre\21.0.6-win32-x86_64\bin\extnet.dll

dbghelp: loaded successfully - version: 4.0.5 - missing functions: none
symbol engine: initialized successfully - sym options: 0x614 - pdb path: .;c:\Users\zinzi\.vscode\extensions\redhat.java-1.40.0-win32-x64\jre\21.0.6-win32-x86_64\bin;C:\WINDOWS\SYSTEM32;C:\WINDOWS\WinSxS\amd64_microsoft.windows.common-controls_6595b64144ccf1df_6.0.22621.4830_none_270fe7d773858e80;c:\Users\zinzi\.vscode\extensions\redhat.java-1.40.0-win32-x64\jre\21.0.6-win32-x86_64\bin\server;C:\Users\zinzi\AppData\Roaming\Code\User\globalStorage\redhat.java\1.40.0\config_win\org.eclipse.equinox.launcher\org.eclipse.equinox.launcher.win32.win32.x86_64_1.2.1200.v20250212-0927;C:\Users\zinzi\AppData\Local\Temp\jna-115907214;C:\Users\zinzi\.gradle\native\1def1411415f61bf3af743bc5b6707747c0891f09f0c88961ee8f79bc544acac\windows-amd64

VM Arguments:
jvm_args: --add-modules=ALL-SYSTEM --add-opens=java.base/java.util=ALL-UNNAMED --add-opens=java.base/java.lang=ALL-UNNAMED --add-opens=java.base/sun.nio.fs=ALL-UNNAMED -Declipse.application=org.eclipse.jdt.ls.core.id1 -Dosgi.bundles.defaultStartLevel=4 -Declipse.product=org.eclipse.jdt.ls.core.product -Djava.import.generatesMetadataFilesAtProjectRoot=false -DDetectVMInstallationsJob.disabled=true -Dfile.encoding=utf8 -XX:+UseParallelGC -XX:GCTimeRatio=4 -XX:AdaptiveSizePolicyWeight=90 -Dsun.zip.disableMemoryMapping=true -Xmx1G -Xms100m -Xlog:disable -javaagent:c:\Users\zinzi\.vscode\extensions\redhat.java-1.40.0-win32-x64\lombok\lombok-1.18.36.jar -XX:+HeapDumpOnOutOfMemoryError -XX:HeapDumpPath=c:\Users\zinzi\AppData\Roaming\Code\User\workspaceStorage\1531145508dfbda3fe65cda5b18105b1\redhat.java -Daether.dependencyCollector.impl=bf 
java_command: c:\Users\zinzi\.vscode\extensions\redhat.java-1.40.0-win32-x64\server\plugins\org.eclipse.equinox.launcher_1.6.1000.v20250131-0606.jar -configuration c:\Users\zinzi\AppData\Roaming\Code\User\globalStorage\redhat.java\1.40.0\config_win -data c:\Users\zinzi\AppData\Roaming\Code\User\workspaceStorage\1531145508dfbda3fe65cda5b18105b1\redhat.java\jdt_ws --pipe=\\.\pipe\lsp-01f7b46ba01053e4d15fb6e4b79c760b-sock
java_class_path (initial): c:\Users\zinzi\.vscode\extensions\redhat.java-1.40.0-win32-x64\server\plugins\org.eclipse.equinox.launcher_1.6.1000.v20250131-0606.jar
Launcher Type: SUN_STANDARD

[Global flags]
    uintx AdaptiveSizePolicyWeight                 = 90                                        {product} {command line}
     intx CICompilerCount                          = 4                                         {product} {ergonomic}
    uintx GCTimeRatio                              = 4                                         {product} {command line}
     bool HeapDumpOnOutOfMemoryError               = true                                   {manageable} {command line}
    ccstr HeapDumpPath                             = c:\Users\zinzi\AppData\Roaming\Code\User\workspaceStorage\1531145508dfbda3fe65cda5b18105b1\redhat.java         {manageable} {command line}
   size_t InitialHeapSize                          = 104857600                                 {product} {command line}
   size_t MaxHeapSize                              = 1073741824                                {product} {command line}
   size_t MaxNewSize                               = 357564416                                 {product} {ergonomic}
   size_t MinHeapDeltaBytes                        = 524288                                    {product} {ergonomic}
   size_t MinHeapSize                              = 104857600                                 {product} {command line}
   size_t NewSize                                  = 34603008                                  {product} {ergonomic}
    uintx NonNMethodCodeHeapSize                   = 5839372                                {pd product} {ergonomic}
    uintx NonProfiledCodeHeapSize                  = 122909434                              {pd product} {ergonomic}
   size_t OldSize                                  = 70254592                                  {product} {ergonomic}
    uintx ProfiledCodeHeapSize                     = 122909434                              {pd product} {ergonomic}
    uintx ReservedCodeCacheSize                    = 251658240                              {pd product} {ergonomic}
     bool SegmentedCodeCache                       = true                                      {product} {ergonomic}
   size_t SoftMaxHeapSize                          = 1073741824                             {manageable} {ergonomic}
     bool UseCompressedOops                        = true                           {product lp64_product} {ergonomic}
     bool UseLargePagesIndividualAllocation        = false                                  {pd product} {ergonomic}
     bool UseParallelGC                            = true                                      {product} {command line}

Logging:
Log output configuration:
 #0: stdout all=off uptime,level,tags foldmultilines=false
 #1: stderr all=off uptime,level,tags foldmultilines=false

Environment Variables:
JAVA_HOME=C:\Program Files\Microsoft\jdk-17.0.10.7-hotspot\
PATH=C:\Program Files\Microsoft\jdk-17.0.10.7-hotspot\bin;C:\WINDOWS\system32;C:\WINDOWS;C:\WINDOWS\System32\Wbem;C:\WINDOWS\System32\WindowsPowerShell\v1.0\;C:\WINDOWS\System32\OpenSSH\;C:\ProgramData\chocolatey\bin;C:\Program Files\Microsoft SQL Server\150\Tools\Binn\;C:\Program Files\Microsoft SQL Server\Client SDK\ODBC\170\Tools\Binn\;C:\Program Files (x86)\Microsoft SQL Server\160\Tools\Binn\;C:\Program Files\Microsoft SQL Server\160\Tools\Binn\;C:\Program Files\Microsoft SQL Server\160\DTS\Binn\;C:\Program Files (x86)\NVIDIA Corporation\PhysX\Common;C:\Users\zinzi\AppData\Roaming\nvm;C:\Program Files\nodejs;C:\Program Files\Amazon\AWSCLIV2\;C:\Program Files\starship\bin\;C:\Program Files (x86)\oh-my-posh\bin;D:\Git\Git\cmd;C:\Program Files\Amazon\SessionManagerPlugin\bin\;C:\Program Files\dotnet\;C:\Program Files\Amazon\SessionManagerPlugin\bin;C:\Program Files\MySQL\MySQL Shell 8.0\bin\;C:\Users\zinzi\AppData\Local\Android\Sdk\platform-tools;C:\Users\zinzi\AppData\Local\Microsoft\WindowsApps;C:\Users\zinzi\AppData\Local\Programs\Microsoft VS Code\bin;C:\Users\zinzi\AppData\Local\GitHubDesktop\bin;C:\Users\zinzi\AppData\Roaming\npm;C:\Users\zinzi\AppData\Roaming\nvm;C:\Program Files\nodejs;C:\Users\zinzi\AppData\Local\Programs\oh-my-posh\bin;C:\Users\zinzi\AppData\Local\Packages\PythonSoftwareFoundation.Python.3.13_qbz5n2kfra8p0\LocalCache\local-packages\Python313\Scripts;C:\Gradle\gradle-8.13\bin;C:\Users\zinzi\.dotnet\tools
USERNAME=zinzi
OS=Windows_NT
PROCESSOR_IDENTIFIER=Intel64 Family 6 Model 165 Stepping 2, GenuineIntel
TMP=C:\Users\zinzi\AppData\Local\Temp
TEMP=C:\Users\zinzi\AppData\Local\Temp




Periodic native trim disabled

---------------  S Y S T E M  ---------------

OS:
 Windows 11 , 64 bit Build 22621 (10.0.22621.4974)
OS uptime: 0 days 0:13 hours
Hyper-V role detected

CPU: total 12 (initial active 12) (6 cores per cpu, 2 threads per core) family 6 model 165 stepping 2 microcode 0xe0, cx8, cmov, fxsr, ht, mmx, 3dnowpref, sse, sse2, sse3, ssse3, sse4.1, sse4.2, popcnt, lzcnt, tsc, tscinvbit, avx, avx2, aes, erms, clmul, bmi1, bmi2, adx, fma, vzeroupper, clflush, clflushopt, hv, rdtscp, f16c
Processor Information for the first 12 processors :
  Max Mhz: 2592, Current Mhz: 2592, Mhz Limit: 2592

Memory: 4k page, system-wide physical 16205M (1807M free)
TotalPageFile size 18253M (AvailPageFile size 1M)
current process WorkingSet (physical memory assigned to process): 785M, peak: 795M
current process commit charge ("private bytes"): 709M, peak: 989M

vm_info: OpenJDK 64-Bit Server VM (21.0.6+7-LTS) for windows-amd64 JRE (21.0.6+7-LTS), built on 2025-01-21T00:00:00Z by "admin" with MS VC++ 17.7 (VS2022)

END.
