#
# There is insufficient memory for the Java Runtime Environment to continue.
# Native memory allocation (malloc) failed to allocate 162640 bytes. Error detail: Chunk::new
# Possible reasons:
#   The system is out of physical RAM or swap space
#   This process is running with CompressedOops enabled, and the Java Heap may be blocking the growth of the native heap
# Possible solutions:
#   Reduce memory load on the system
#   Increase physical memory or swap space
#   Check if swap backing store is full
#   Decrease Java heap size (-Xmx/-Xms)
#   Decrease number of Java threads
#   Decrease Java thread stack sizes (-Xss)
#   Set larger code cache with -XX:ReservedCodeCacheSize=
#   JVM is running with Unscaled Compressed Oops mode in which the Java heap is
#     placed in the first 4GB address space. The Java Heap base address is the
#     maximum limit for the native heap growth. Please use -XX:HeapBaseMinAddress
#     to set the Java Heap base and to place the Java Heap above 4GB virtual address.
# This output file may be truncated or incomplete.
#
#  Out of Memory Error (arena.cpp:168), pid=14304, tid=19780
#
# JRE version: OpenJDK Runtime Environment Temurin-21.0.6+7 (21.0.6+7) (build 21.0.6+7-LTS)
# Java VM: OpenJDK 64-Bit Server VM Temurin-21.0.6+7 (21.0.6+7-LTS, mixed mode, sharing, tiered, compressed oops, compressed class ptrs, parallel gc, windows-amd64)
# No core dump will be written. Minidumps are not enabled by default on client versions of Windows
#

---------------  S U M M A R Y ------------

Command Line: --add-modules=ALL-SYSTEM --add-opens=java.base/java.util=ALL-UNNAMED --add-opens=java.base/java.lang=ALL-UNNAMED --add-opens=java.base/sun.nio.fs=ALL-UNNAMED -Declipse.application=org.eclipse.jdt.ls.core.id1 -Dosgi.bundles.defaultStartLevel=4 -Declipse.product=org.eclipse.jdt.ls.core.product -Djava.import.generatesMetadataFilesAtProjectRoot=false -DDetectVMInstallationsJob.disabled=true -Dfile.encoding=utf8 -XX:+UseParallelGC -XX:GCTimeRatio=4 -XX:AdaptiveSizePolicyWeight=90 -Dsun.zip.disableMemoryMapping=true -Xmx1G -Xms100m -Xlog:disable -javaagent:c:\Users\zinzi\.vscode\extensions\redhat.java-1.40.0-win32-x64\lombok\lombok-1.18.36.jar -XX:+HeapDumpOnOutOfMemoryError -XX:HeapDumpPath=c:\Users\zinzi\AppData\Roaming\Code\User\workspaceStorage\1531145508dfbda3fe65cda5b18105b1\redhat.java -Daether.dependencyCollector.impl=bf c:\Users\zinzi\.vscode\extensions\redhat.java-1.40.0-win32-x64\server\plugins\org.eclipse.equinox.launcher_1.6.1000.v20250131-0606.jar -configuration c:\Users\zinzi\AppData\Roaming\Code\User\globalStorage\redhat.java\1.40.0\config_win -data c:\Users\zinzi\AppData\Roaming\Code\User\workspaceStorage\1531145508dfbda3fe65cda5b18105b1\redhat.java\jdt_ws --pipe=\\.\pipe\lsp-301fdc63a5ace64730c037ea68c69b91-sock

Host: Intel(R) Core(TM) i7-10750H CPU @ 2.60GHz, 12 cores, 15G,  Windows 11 , 64 bit Build 22621 (10.0.22621.4974)
Time: Fri Mar 21 22:36:21 2025 SE Asia Standard Time elapsed time: 2.892755 seconds (0d 0h 0m 2s)

---------------  T H R E A D  ---------------

Current thread (0x000001c9fe015160):  JavaThread "C2 CompilerThread0" daemon [_thread_in_native, id=19780, stack(0x0000002544200000,0x0000002544300000) (1024K)]


Current CompileTask:
C2:2892 2739 % !   4       java.util.concurrent.ConcurrentHashMap::transfer @ 96 (849 bytes)

Stack: [0x0000002544200000,0x0000002544300000]
Native frames: (J=compiled Java code, j=interpreted, Vv=VM code, C=native code)
V  [jvm.dll+0x6cdee9]
V  [jvm.dll+0x8a83d1]
V  [jvm.dll+0x8aa8fe]
V  [jvm.dll+0x8aafe3]
V  [jvm.dll+0x27f706]
V  [jvm.dll+0xc500d]
V  [jvm.dll+0xc5543]
V  [jvm.dll+0x3b678c]
V  [jvm.dll+0x382935]
V  [jvm.dll+0x381d9a]
V  [jvm.dll+0x2479f0]
V  [jvm.dll+0x246fcf]
V  [jvm.dll+0x1c75ee]
V  [jvm.dll+0x25685a]
V  [jvm.dll+0x254dfa]
V  [jvm.dll+0x3f0256]
V  [jvm.dll+0x851f8b]
V  [jvm.dll+0x6cc5ed]
C  [ucrtbase.dll+0x29333]
C  [KERNEL32.DLL+0x1259d]
C  [ntdll.dll+0x5af38]


---------------  P R O C E S S  ---------------

Threads class SMR info:
_java_thread_list=0x000001c9fed33280, length=19, elements={
0x000001c9f2940af0, 0x000001c9fe004090, 0x000001c9fe0054a0, 0x000001c9fe0074c0,
0x000001c9fe009040, 0x000001c9fe00b920, 0x000001c9fe010170, 0x000001c9fe015160,
0x000001c9fe016610, 0x000001c9f29ab160, 0x000001c9fe220ec0, 0x000001c9fe365c90,
0x000001c9feb77f00, 0x000001c9fec6fa10, 0x000001c9fe9fa150, 0x000001c9fe9fa7b0,
0x000001c9ff03d720, 0x000001c9ff321cc0, 0x000001c9fee7eff0
}

Java Threads: ( => current thread )
  0x000001c9f2940af0 JavaThread "main"                              [_thread_blocked, id=14196, stack(0x0000002543800000,0x0000002543900000) (1024K)]
  0x000001c9fe004090 JavaThread "Reference Handler"          daemon [_thread_blocked, id=4688, stack(0x0000002543c00000,0x0000002543d00000) (1024K)]
  0x000001c9fe0054a0 JavaThread "Finalizer"                  daemon [_thread_blocked, id=19996, stack(0x0000002543d00000,0x0000002543e00000) (1024K)]
  0x000001c9fe0074c0 JavaThread "Signal Dispatcher"          daemon [_thread_blocked, id=18608, stack(0x0000002543e00000,0x0000002543f00000) (1024K)]
  0x000001c9fe009040 JavaThread "Attach Listener"            daemon [_thread_blocked, id=18516, stack(0x0000002543f00000,0x0000002544000000) (1024K)]
  0x000001c9fe00b920 JavaThread "Service Thread"             daemon [_thread_blocked, id=11488, stack(0x0000002544000000,0x0000002544100000) (1024K)]
  0x000001c9fe010170 JavaThread "Monitor Deflation Thread"   daemon [_thread_blocked, id=5424, stack(0x0000002544100000,0x0000002544200000) (1024K)]
=>0x000001c9fe015160 JavaThread "C2 CompilerThread0"         daemon [_thread_in_native, id=19780, stack(0x0000002544200000,0x0000002544300000) (1024K)]
  0x000001c9fe016610 JavaThread "C1 CompilerThread0"         daemon [_thread_blocked, id=15992, stack(0x0000002544300000,0x0000002544400000) (1024K)]
  0x000001c9f29ab160 JavaThread "Common-Cleaner"             daemon [_thread_blocked, id=18344, stack(0x0000002544400000,0x0000002544500000) (1024K)]
  0x000001c9fe220ec0 JavaThread "C2 CompilerThread1"         daemon [_thread_blocked, id=17192, stack(0x0000002544500000,0x0000002544600000) (1024K)]
  0x000001c9fe365c90 JavaThread "Notification Thread"        daemon [_thread_blocked, id=19384, stack(0x0000002544600000,0x0000002544700000) (1024K)]
  0x000001c9feb77f00 JavaThread "Active Thread: Equinox Container: 16b2323a-b241-4a7a-9f9f-a12200d2b886"        [_thread_blocked, id=15740, stack(0x0000002544e00000,0x0000002544f00000) (1024K)]
  0x000001c9fec6fa10 JavaThread "Refresh Thread: Equinox Container: 16b2323a-b241-4a7a-9f9f-a12200d2b886" daemon [_thread_blocked, id=2056, stack(0x0000002544f00000,0x0000002545000000) (1024K)]
  0x000001c9fe9fa150 JavaThread "Framework Event Dispatcher: Equinox Container: 16b2323a-b241-4a7a-9f9f-a12200d2b886" daemon [_thread_blocked, id=4448, stack(0x0000002545100000,0x0000002545200000) (1024K)]
  0x000001c9fe9fa7b0 JavaThread "Start Level: Equinox Container: 16b2323a-b241-4a7a-9f9f-a12200d2b886" daemon [_thread_in_vm, id=16972, stack(0x0000002545200000,0x0000002545300000) (1024K)]
  0x000001c9ff03d720 JavaThread "Bundle File Closer"         daemon [_thread_blocked, id=13596, stack(0x0000002545300000,0x0000002545400000) (1024K)]
  0x000001c9ff321cc0 JavaThread "SCR Component Actor"        daemon [_thread_blocked, id=8328, stack(0x0000002545600000,0x0000002545700000) (1024K)]
  0x000001c9fee7eff0 JavaThread "SCR Component Registry"     daemon [_thread_blocked, id=6176, stack(0x0000002544700000,0x0000002544800000) (1024K)]
Total: 19

Other Threads:
  0x000001c9f29febb0 VMThread "VM Thread"                           [id=17924, stack(0x0000002543b00000,0x0000002543c00000) (1024K)]
  0x000001c9f7c0ca10 WatcherThread "VM Periodic Task Thread"        [id=11684, stack(0x0000002543a00000,0x0000002543b00000) (1024K)]
  0x000001c9f295dd10 WorkerThread "GC Thread#0"                     [id=4428, stack(0x0000002543900000,0x0000002543a00000) (1024K)]
  0x000001c9fec732d0 WorkerThread "GC Thread#1"                     [id=7012, stack(0x0000002544800000,0x0000002544900000) (1024K)]
  0x000001c9fe6315b0 WorkerThread "GC Thread#2"                     [id=17440, stack(0x0000002544900000,0x0000002544a00000) (1024K)]
  0x000001c9fe631950 WorkerThread "GC Thread#3"                     [id=5164, stack(0x0000002544a00000,0x0000002544b00000) (1024K)]
  0x000001c9fe631cf0 WorkerThread "GC Thread#4"                     [id=18944, stack(0x0000002544b00000,0x0000002544c00000) (1024K)]
  0x000001c9fe632090 WorkerThread "GC Thread#5"                     [id=8152, stack(0x0000002544c00000,0x0000002544d00000) (1024K)]
  0x000001c9fe720000 WorkerThread "GC Thread#6"                     [id=19720, stack(0x0000002544d00000,0x0000002544e00000) (1024K)]
  0x000001c9fecf56b0 WorkerThread "GC Thread#7"                     [id=9988, stack(0x0000002545000000,0x0000002545100000) (1024K)]
  0x000001c9ff3b2a30 WorkerThread "GC Thread#8"                     [id=1340, stack(0x0000002545400000,0x0000002545500000) (1024K)]
  0x000001c9ff3b10d0 WorkerThread "GC Thread#9"                     [id=18676, stack(0x0000002545500000,0x0000002545600000) (1024K)]
Total: 12

Threads with active compile tasks:
C2 CompilerThread0  2917 2739 % !   4       java.util.concurrent.ConcurrentHashMap::transfer @ 96 (849 bytes)
Total: 1

VM state: not at safepoint (normal execution)

VM Mutex/Monitor currently owned by a thread: None

Heap address: 0x00000000c0000000, size: 1024 MB, Compressed Oops mode: 32-bit

CDS archive(s) mapped at: [0x000001c98f000000-0x000001c98fba0000-0x000001c98fba0000), size 12189696, SharedBaseAddress: 0x000001c98f000000, ArchiveRelocationMode: 1.
Compressed class space mapped at: 0x000001c990000000-0x000001c9d0000000, reserved size: 1073741824
Narrow klass base: 0x000001c98f000000, Narrow klass shift: 0, Narrow klass range: 0x100000000

GC Precious Log:
 CardTable entry size: 512
 CPUs: 12 total, 12 available
 Memory: 16205M
 Large Page Support: Disabled
 NUMA Support: Disabled
 Compressed Oops: Enabled (32-bit)
 Alignments: Space 512K, Generation 512K, Heap 2M
 Heap Min Capacity: 100M
 Heap Initial Capacity: 100M
 Heap Max Capacity: 1G
 Pre-touch: Disabled
 Parallel Workers: 10

Heap:
 PSYoungGen      total 29696K, used 6706K [0x00000000eab00000, 0x00000000ecc00000, 0x0000000100000000)
  eden space 25600K, 10% used [0x00000000eab00000,0x00000000ead946b8,0x00000000ec400000)
  from space 4096K, 99% used [0x00000000ec800000,0x00000000ecbf8158,0x00000000ecc00000)
  to   space 4096K, 0% used [0x00000000ec400000,0x00000000ec400000,0x00000000ec800000)
 ParOldGen       total 68608K, used 6597K [0x00000000c0000000, 0x00000000c4300000, 0x00000000eab00000)
  object space 68608K, 9% used [0x00000000c0000000,0x00000000c0671498,0x00000000c4300000)
 Metaspace       used 12580K, committed 12992K, reserved 1114112K
  class space    used 1263K, committed 1472K, reserved 1048576K

Card table byte_map: [0x000001c9f22e0000,0x000001c9f24f0000] _byte_map_base: 0x000001c9f1ce0000

Marking Bits: (ParMarkBitMap*) 0x00007ff841833260
 Begin Bits: [0x000001c9f5b30000, 0x000001c9f6b30000)
 End Bits:   [0x000001c9f6b30000, 0x000001c9f7b30000)

Polling page: 0x000001c9f07c0000

Metaspace:

Usage:
  Non-class:     11.05 MB used.
      Class:      1.23 MB used.
       Both:     12.29 MB used.

Virtual space:
  Non-class space:       64.00 MB reserved,      11.25 MB ( 18%) committed,  1 nodes.
      Class space:        1.00 GB reserved,       1.44 MB ( <1%) committed,  1 nodes.
             Both:        1.06 GB reserved,      12.69 MB (  1%) committed. 

Chunk freelists:
   Non-Class:  4.00 MB
       Class:  14.55 MB
        Both:  18.56 MB

MaxMetaspaceSize: unlimited
CompressedClassSpaceSize: 1.00 GB
Initial GC threshold: 21.00 MB
Current GC threshold: 21.00 MB
CDS: on
 - commit_granule_bytes: 65536.
 - commit_granule_words: 8192.
 - virtual_space_node_default_size: 8388608.
 - enlarge_chunks_in_place: 1.
 - use_allocation_guard: 0.


Internal statistics:

num_allocs_failed_limit: 0.
num_arena_births: 304.
num_arena_deaths: 0.
num_vsnodes_births: 2.
num_vsnodes_deaths: 0.
num_space_committed: 203.
num_space_uncommitted: 0.
num_chunks_returned_to_freelist: 0.
num_chunks_taken_from_freelist: 682.
num_chunk_merges: 0.
num_chunk_splits: 436.
num_chunks_enlarged: 287.
num_inconsistent_stats: 0.

CodeHeap 'non-profiled nmethods': size=120000Kb used=1236Kb max_used=1236Kb free=118764Kb
 bounds [0x000001c987ad0000, 0x000001c987d40000, 0x000001c98f000000]
CodeHeap 'profiled nmethods': size=120000Kb used=5552Kb max_used=5552Kb free=114447Kb
 bounds [0x000001c980000000, 0x000001c980570000, 0x000001c987530000]
CodeHeap 'non-nmethods': size=5760Kb used=1244Kb max_used=1268Kb free=4515Kb
 bounds [0x000001c987530000, 0x000001c9877a0000, 0x000001c987ad0000]
 total_blobs=3293 nmethods=2783 adapters=416
 compilation: enabled
              stopped_count=0, restarted_count=0
 full_count=0

Compilation events (20 events):
Event: 2.882 Thread 0x000001c9fe016610 nmethod 2746 0x000001c980553490 code [0x000001c980553660, 0x000001c980553920]
Event: 2.884 Thread 0x000001c9fe016610 2747       3       jdk.internal.loader.BuiltinClassLoader::hasClassPath (13 bytes)
Event: 2.884 Thread 0x000001c9fe016610 nmethod 2747 0x000001c980553a90 code [0x000001c980553c20, 0x000001c980553d80]
Event: 2.885 Thread 0x000001c9fe016610 2748       3       com.sun.org.apache.xerces.internal.impl.XMLEntityScanner::scanLiteral (398 bytes)
Event: 2.886 Thread 0x000001c9fe016610 nmethod 2748 0x000001c980553e10 code [0x000001c9805540a0, 0x000001c980554c30]
Event: 2.886 Thread 0x000001c9fe016610 2749       3       com.sun.org.apache.xerces.internal.util.SymbolTable$Entry::<init> (47 bytes)
Event: 2.886 Thread 0x000001c9fe016610 nmethod 2749 0x000001c980555090 code [0x000001c980555260, 0x000001c980555658]
Event: 2.887 Thread 0x000001c9fe016610 2750       3       org.eclipse.osgi.container.ModuleWire::getProviderWiring (17 bytes)
Event: 2.887 Thread 0x000001c9fe016610 nmethod 2750 0x000001c980555810 code [0x000001c9805559e0, 0x000001c980555c88]
Event: 2.889 Thread 0x000001c9fe016610 2751       1       org.eclipse.osgi.container.ModuleWire::getRequirement (5 bytes)
Event: 2.889 Thread 0x000001c9fe016610 nmethod 2751 0x000001c987c03090 code [0x000001c987c03220, 0x000001c987c032e8]
Event: 2.889 Thread 0x000001c9fe016610 2752       3       java.util.concurrent.atomic.AtomicInteger::incrementAndGet (14 bytes)
Event: 2.890 Thread 0x000001c9fe016610 nmethod 2752 0x000001c980555e10 code [0x000001c980555fa0, 0x000001c9805560c0]
Event: 2.890 Thread 0x000001c9fe016610 2753       1       org.apache.felix.scr.impl.manager.ConfigurableComponentHolder::getLogger (5 bytes)
Event: 2.890 Thread 0x000001c9fe016610 nmethod 2753 0x000001c987c03390 code [0x000001c987c03520, 0x000001c987c035e8]
Event: 2.890 Thread 0x000001c9fe016610 2754       1       org.apache.felix.scr.impl.metadata.ReferenceMetadata::getName (5 bytes)
Event: 2.890 Thread 0x000001c9fe016610 nmethod 2754 0x000001c987c03690 code [0x000001c987c03820, 0x000001c987c038e8]
Event: 2.890 Thread 0x000001c9fe016610 2755       3       org.eclipse.osgi.framework.eventmgr.CopyOnWriteIdentityMap$Snapshot$EntrySet::iterator (12 bytes)
Event: 2.890 Thread 0x000001c9fe016610 nmethod 2755 0x000001c980556190 code [0x000001c980556340, 0x000001c980556628]
Event: 2.890 Thread 0x000001c9fe016610 2758   !   3       org.eclipse.osgi.storage.BundleInfo$Generation::getManifestLocalization (59 bytes)

GC Heap History (8 events):
Event: 0.867 GC heap before
{Heap before GC invocations=1 (full 0):
 PSYoungGen      total 29696K, used 25600K [0x00000000eab00000, 0x00000000ecc00000, 0x0000000100000000)
  eden space 25600K, 100% used [0x00000000eab00000,0x00000000ec400000,0x00000000ec400000)
  from space 4096K, 0% used [0x00000000ec800000,0x00000000ec800000,0x00000000ecc00000)
  to   space 4096K, 0% used [0x00000000ec400000,0x00000000ec400000,0x00000000ec800000)
 ParOldGen       total 68608K, used 0K [0x00000000c0000000, 0x00000000c4300000, 0x00000000eab00000)
  object space 68608K, 0% used [0x00000000c0000000,0x00000000c0000000,0x00000000c4300000)
 Metaspace       used 4331K, committed 4544K, reserved 1114112K
  class space    used 435K, committed 512K, reserved 1048576K
}
Event: 0.873 GC heap after
{Heap after GC invocations=1 (full 0):
 PSYoungGen      total 29696K, used 3173K [0x00000000eab00000, 0x00000000ecc00000, 0x0000000100000000)
  eden space 25600K, 0% used [0x00000000eab00000,0x00000000eab00000,0x00000000ec400000)
  from space 4096K, 77% used [0x00000000ec400000,0x00000000ec7197f0,0x00000000ec800000)
  to   space 4096K, 0% used [0x00000000ec800000,0x00000000ec800000,0x00000000ecc00000)
 ParOldGen       total 68608K, used 16K [0x00000000c0000000, 0x00000000c4300000, 0x00000000eab00000)
  object space 68608K, 0% used [0x00000000c0000000,0x00000000c0004000,0x00000000c4300000)
 Metaspace       used 4331K, committed 4544K, reserved 1114112K
  class space    used 435K, committed 512K, reserved 1048576K
}
Event: 1.630 GC heap before
{Heap before GC invocations=2 (full 0):
 PSYoungGen      total 29696K, used 28773K [0x00000000eab00000, 0x00000000ecc00000, 0x0000000100000000)
  eden space 25600K, 100% used [0x00000000eab00000,0x00000000ec400000,0x00000000ec400000)
  from space 4096K, 77% used [0x00000000ec400000,0x00000000ec7197f0,0x00000000ec800000)
  to   space 4096K, 0% used [0x00000000ec800000,0x00000000ec800000,0x00000000ecc00000)
 ParOldGen       total 68608K, used 16K [0x00000000c0000000, 0x00000000c4300000, 0x00000000eab00000)
  object space 68608K, 0% used [0x00000000c0000000,0x00000000c0004000,0x00000000c4300000)
 Metaspace       used 7898K, committed 8192K, reserved 1114112K
  class space    used 776K, committed 896K, reserved 1048576K
}
Event: 1.640 GC heap after
{Heap after GC invocations=2 (full 0):
 PSYoungGen      total 29696K, used 4085K [0x00000000eab00000, 0x00000000ecc00000, 0x0000000100000000)
  eden space 25600K, 0% used [0x00000000eab00000,0x00000000eab00000,0x00000000ec400000)
  from space 4096K, 99% used [0x00000000ec800000,0x00000000ecbfd7e0,0x00000000ecc00000)
  to   space 4096K, 0% used [0x00000000ec400000,0x00000000ec400000,0x00000000ec800000)
 ParOldGen       total 68608K, used 1652K [0x00000000c0000000, 0x00000000c4300000, 0x00000000eab00000)
  object space 68608K, 2% used [0x00000000c0000000,0x00000000c019d3a0,0x00000000c4300000)
 Metaspace       used 7898K, committed 8192K, reserved 1114112K
  class space    used 776K, committed 896K, reserved 1048576K
}
Event: 2.279 GC heap before
{Heap before GC invocations=3 (full 0):
 PSYoungGen      total 29696K, used 29685K [0x00000000eab00000, 0x00000000ecc00000, 0x0000000100000000)
  eden space 25600K, 100% used [0x00000000eab00000,0x00000000ec400000,0x00000000ec400000)
  from space 4096K, 99% used [0x00000000ec800000,0x00000000ecbfd7e0,0x00000000ecc00000)
  to   space 4096K, 0% used [0x00000000ec400000,0x00000000ec400000,0x00000000ec800000)
 ParOldGen       total 68608K, used 1652K [0x00000000c0000000, 0x00000000c4300000, 0x00000000eab00000)
  object space 68608K, 2% used [0x00000000c0000000,0x00000000c019d3a0,0x00000000c4300000)
 Metaspace       used 9126K, committed 9472K, reserved 1114112K
  class space    used 912K, committed 1088K, reserved 1048576K
}
Event: 2.288 GC heap after
{Heap after GC invocations=3 (full 0):
 PSYoungGen      total 29696K, used 4073K [0x00000000eab00000, 0x00000000ecc00000, 0x0000000100000000)
  eden space 25600K, 0% used [0x00000000eab00000,0x00000000eab00000,0x00000000ec400000)
  from space 4096K, 99% used [0x00000000ec400000,0x00000000ec7fa5b8,0x00000000ec800000)
  to   space 4096K, 0% used [0x00000000ec800000,0x00000000ec800000,0x00000000ecc00000)
 ParOldGen       total 68608K, used 5728K [0x00000000c0000000, 0x00000000c4300000, 0x00000000eab00000)
  object space 68608K, 8% used [0x00000000c0000000,0x00000000c05982b8,0x00000000c4300000)
 Metaspace       used 9126K, committed 9472K, reserved 1114112K
  class space    used 912K, committed 1088K, reserved 1048576K
}
Event: 2.834 GC heap before
{Heap before GC invocations=4 (full 0):
 PSYoungGen      total 29696K, used 29673K [0x00000000eab00000, 0x00000000ecc00000, 0x0000000100000000)
  eden space 25600K, 100% used [0x00000000eab00000,0x00000000ec400000,0x00000000ec400000)
  from space 4096K, 99% used [0x00000000ec400000,0x00000000ec7fa5b8,0x00000000ec800000)
  to   space 4096K, 0% used [0x00000000ec800000,0x00000000ec800000,0x00000000ecc00000)
 ParOldGen       total 68608K, used 5728K [0x00000000c0000000, 0x00000000c4300000, 0x00000000eab00000)
  object space 68608K, 8% used [0x00000000c0000000,0x00000000c05982b8,0x00000000c4300000)
 Metaspace       used 12348K, committed 12736K, reserved 1114112K
  class space    used 1229K, committed 1408K, reserved 1048576K
}
Event: 2.841 GC heap after
{Heap after GC invocations=4 (full 0):
 PSYoungGen      total 29696K, used 4064K [0x00000000eab00000, 0x00000000ecc00000, 0x0000000100000000)
  eden space 25600K, 0% used [0x00000000eab00000,0x00000000eab00000,0x00000000ec400000)
  from space 4096K, 99% used [0x00000000ec800000,0x00000000ecbf8158,0x00000000ecc00000)
  to   space 4096K, 0% used [0x00000000ec400000,0x00000000ec400000,0x00000000ec800000)
 ParOldGen       total 68608K, used 6597K [0x00000000c0000000, 0x00000000c4300000, 0x00000000eab00000)
  object space 68608K, 9% used [0x00000000c0000000,0x00000000c0671498,0x00000000c4300000)
 Metaspace       used 12348K, committed 12736K, reserved 1114112K
  class space    used 1229K, committed 1408K, reserved 1048576K
}

Dll operation events (9 events):
Event: 0.010 Loaded shared library c:\Users\zinzi\.vscode\extensions\redhat.java-1.40.0-win32-x64\jre\21.0.6-win32-x86_64\bin\java.dll
Event: 0.082 Loaded shared library c:\Users\zinzi\.vscode\extensions\redhat.java-1.40.0-win32-x64\jre\21.0.6-win32-x86_64\bin\zip.dll
Event: 0.105 Loaded shared library C:\Users\zinzi\.vscode\extensions\redhat.java-1.40.0-win32-x64\jre\21.0.6-win32-x86_64\bin\instrument.dll
Event: 0.110 Loaded shared library C:\Users\zinzi\.vscode\extensions\redhat.java-1.40.0-win32-x64\jre\21.0.6-win32-x86_64\bin\net.dll
Event: 0.112 Loaded shared library C:\Users\zinzi\.vscode\extensions\redhat.java-1.40.0-win32-x64\jre\21.0.6-win32-x86_64\bin\nio.dll
Event: 0.116 Loaded shared library C:\Users\zinzi\.vscode\extensions\redhat.java-1.40.0-win32-x64\jre\21.0.6-win32-x86_64\bin\zip.dll
Event: 0.134 Loaded shared library C:\Users\zinzi\.vscode\extensions\redhat.java-1.40.0-win32-x64\jre\21.0.6-win32-x86_64\bin\jimage.dll
Event: 0.231 Loaded shared library c:\Users\zinzi\.vscode\extensions\redhat.java-1.40.0-win32-x64\jre\21.0.6-win32-x86_64\bin\verify.dll
Event: 1.581 Loaded shared library C:\Users\zinzi\AppData\Roaming\Code\User\globalStorage\redhat.java\1.40.0\config_win\org.eclipse.equinox.launcher\org.eclipse.equinox.launcher.win32.win32.x86_64_1.2.1200.v20250212-0927\eclipse_11909.dll

Deoptimization events (20 events):
Event: 2.721 Thread 0x000001c9fe9fa7b0 DEOPT PACKING pc=0x000001c987bf3eb0 sp=0x00000025452f8620
Event: 2.721 Thread 0x000001c9fe9fa7b0 DEOPT UNPACKING pc=0x000001c987583aa2 sp=0x00000025452f85b0 mode 2
Event: 2.730 Thread 0x000001c9fe9fa7b0 DEOPT PACKING pc=0x000001c9804c1228 sp=0x00000025452f8810
Event: 2.730 Thread 0x000001c9fe9fa7b0 DEOPT UNPACKING pc=0x000001c987584242 sp=0x00000025452f7cd0 mode 0
Event: 2.733 Thread 0x000001c9fe9fa7b0 DEOPT PACKING pc=0x000001c9804c1228 sp=0x00000025452f8450
Event: 2.733 Thread 0x000001c9fe9fa7b0 DEOPT UNPACKING pc=0x000001c987584242 sp=0x00000025452f7910 mode 0
Event: 2.740 Thread 0x000001c9fe9fa7b0 DEOPT PACKING pc=0x000001c9804c1228 sp=0x00000025452f8810
Event: 2.740 Thread 0x000001c9fe9fa7b0 DEOPT UNPACKING pc=0x000001c987584242 sp=0x00000025452f7cd0 mode 0
Event: 2.785 Thread 0x000001c9fe9fa7b0 Uncommon trap: trap_request=0xffffff45 fr.pc=0x000001c987bf9440 relative=0x00000000000003a0
Event: 2.785 Thread 0x000001c9fe9fa7b0 Uncommon trap: reason=unstable_if action=reinterpret pc=0x000001c987bf9440 method=com.sun.org.apache.xerces.internal.impl.XMLEntityScanner.skipSpaces()Z @ 88 c2
Event: 2.785 Thread 0x000001c9fe9fa7b0 DEOPT PACKING pc=0x000001c987bf9440 sp=0x00000025452f89e0
Event: 2.785 Thread 0x000001c9fe9fa7b0 DEOPT UNPACKING pc=0x000001c987583aa2 sp=0x00000025452f8978 mode 2
Event: 2.785 Thread 0x000001c9fe9fa7b0 Uncommon trap: trap_request=0xffffff45 fr.pc=0x000001c987bf5d80 relative=0x00000000000000e0
Event: 2.785 Thread 0x000001c9fe9fa7b0 Uncommon trap: reason=unstable_if action=reinterpret pc=0x000001c987bf5d80 method=com.sun.org.apache.xerces.internal.impl.XMLEntityScanner.peekChar()I @ 51 c2
Event: 2.785 Thread 0x000001c9fe9fa7b0 DEOPT PACKING pc=0x000001c987bf5d80 sp=0x00000025452f8930
Event: 2.785 Thread 0x000001c9fe9fa7b0 DEOPT UNPACKING pc=0x000001c987583aa2 sp=0x00000025452f88b8 mode 2
Event: 2.882 Thread 0x000001c9fe9fa7b0 Uncommon trap: trap_request=0xffffff45 fr.pc=0x000001c987bfaf98 relative=0x0000000000000498
Event: 2.882 Thread 0x000001c9fe9fa7b0 Uncommon trap: reason=unstable_if action=reinterpret pc=0x000001c987bfaf98 method=com.sun.org.apache.xerces.internal.impl.XMLEntityScanner.scanLiteral(ILcom/sun/org/apache/xerces/internal/xni/XMLString;Z)I @ 299 c2
Event: 2.882 Thread 0x000001c9fe9fa7b0 DEOPT PACKING pc=0x000001c987bfaf98 sp=0x00000025452fd900
Event: 2.882 Thread 0x000001c9fe9fa7b0 DEOPT UNPACKING pc=0x000001c987583aa2 sp=0x00000025452fd890 mode 2

Classes loaded (20 events):
Event: 2.505 Loading class java/util/Timer
Event: 2.505 Loading class java/util/Timer done
Event: 2.505 Loading class java/util/TaskQueue
Event: 2.505 Loading class java/util/TaskQueue done
Event: 2.505 Loading class java/util/TimerThread
Event: 2.505 Loading class java/util/TimerThread done
Event: 2.505 Loading class java/util/Timer$ThreadReaper
Event: 2.505 Loading class java/util/Timer$ThreadReaper done
Event: 2.518 Loading class java/util/concurrent/locks/ReentrantLock$FairSync
Event: 2.518 Loading class java/util/concurrent/locks/ReentrantLock$FairSync done
Event: 2.606 Loading class java/lang/IllegalCallerException
Event: 2.606 Loading class java/lang/IllegalCallerException done
Event: 2.610 Loading class java/lang/invoke/DirectMethodHandle$1
Event: 2.610 Loading class java/lang/invoke/DirectMethodHandle$1 done
Event: 2.613 Loading class org/xml/sax/SAXParseException
Event: 2.613 Loading class org/xml/sax/SAXParseException done
Event: 2.822 Loading class java/nio/file/NoSuchFileException
Event: 2.822 Loading class java/nio/file/FileSystemException
Event: 2.822 Loading class java/nio/file/FileSystemException done
Event: 2.822 Loading class java/nio/file/NoSuchFileException done

Classes unloaded (0 events):
No events

Classes redefined (0 events):
No events

Internal exceptions (20 events):
Event: 0.914 Thread 0x000001c9f2940af0 Exception <a 'java/lang/NoSuchMethodError'{0x00000000ead3b4c8}: 'java.lang.Object java.lang.invoke.DirectMethodHandle$Holder.invokeSpecial(java.lang.Object, java.lang.Object, java.lang.Object, java.lang.Object, long)'> (0x00000000ead3b4c8) 
thrown [s\src\hotspot\share\interpreter\linkResolver.cpp, line 773]
Event: 0.915 Thread 0x000001c9f2940af0 Exception <a 'java/lang/NoSuchMethodError'{0x00000000ead49148}: 'java.lang.Object java.lang.invoke.DirectMethodHandle$Holder.invokeSpecial(java.lang.Object, java.lang.Object, java.lang.Object, int, java.lang.Object)'> (0x00000000ead49148) 
thrown [s\src\hotspot\share\interpreter\linkResolver.cpp, line 773]
Event: 0.918 Thread 0x000001c9f2940af0 Exception <a 'java/lang/NoSuchMethodError'{0x00000000ead630b0}: 'java.lang.Object java.lang.invoke.Invokers$Holder.invokeExact_MT(java.lang.Object, java.lang.Object, java.lang.Object, java.lang.Object, java.lang.Object, java.lang.Object)'> (0x00000000ead630b0) 
thrown [s\src\hotspot\share\interpreter\linkResolver.cpp, line 773]
Event: 0.922 Thread 0x000001c9f2940af0 Exception <a 'java/lang/NoSuchMethodError'{0x00000000ead7c968}: 'int java.lang.invoke.DirectMethodHandle$Holder.invokeStaticInit(java.lang.Object, java.lang.Object, java.lang.Object, java.lang.Object)'> (0x00000000ead7c968) 
thrown [s\src\hotspot\share\interpreter\linkResolver.cpp, line 773]
Event: 0.923 Thread 0x000001c9f2940af0 Exception <a 'java/lang/NoSuchMethodError'{0x00000000ead853b8}: 'java.lang.Object java.lang.invoke.DirectMethodHandle$Holder.invokeInterface(java.lang.Object, java.lang.Object)'> (0x00000000ead853b8) 
thrown [s\src\hotspot\share\interpreter\linkResolver.cpp, line 773]
Event: 0.923 Thread 0x000001c9f2940af0 Exception <a 'java/lang/IncompatibleClassChangeError'{0x00000000ead888f0}: Found class java.lang.Object, but interface was expected> (0x00000000ead888f0) 
thrown [s\src\hotspot\share\interpreter\linkResolver.cpp, line 840]
Event: 0.924 Thread 0x000001c9f2940af0 Exception <a 'java/lang/NoSuchMethodError'{0x00000000ead8caa8}: 'void java.lang.invoke.DirectMethodHandle$Holder.invokeStatic(java.lang.Object, java.lang.Object)'> (0x00000000ead8caa8) 
thrown [s\src\hotspot\share\interpreter\linkResolver.cpp, line 773]
Event: 0.925 Thread 0x000001c9f2940af0 Exception <a 'java/lang/NoSuchMethodError'{0x00000000ead8fe50}: 'void java.lang.invoke.DirectMethodHandle$Holder.invokeStaticInit(java.lang.Object, java.lang.Object)'> (0x00000000ead8fe50) 
thrown [s\src\hotspot\share\interpreter\linkResolver.cpp, line 773]
Event: 0.926 Thread 0x000001c9f2940af0 Exception <a 'java/lang/NoSuchMethodError'{0x00000000ead970b0}: 'int java.lang.invoke.DirectMethodHandle$Holder.invokeStaticInit(java.lang.Object, java.lang.Object)'> (0x00000000ead970b0) 
thrown [s\src\hotspot\share\interpreter\linkResolver.cpp, line 773]
Event: 0.975 Thread 0x000001c9f2940af0 Exception <a 'java/lang/NoSuchMethodError'{0x00000000eaef6ad8}: 'void java.lang.invoke.DirectMethodHandle$Holder.invokeSpecial(java.lang.Object, java.lang.Object, java.lang.Object)'> (0x00000000eaef6ad8) 
thrown [s\src\hotspot\share\interpreter\linkResolver.cpp, line 773]
Event: 1.228 Thread 0x000001c9f2940af0 Exception <a 'java/lang/NoSuchMethodError'{0x00000000eb8dbd08}: 'int java.lang.invoke.DirectMethodHandle$Holder.invokeVirtual(java.lang.Object, java.lang.Object)'> (0x00000000eb8dbd08) 
thrown [s\src\hotspot\share\interpreter\linkResolver.cpp, line 773]
Event: 1.308 Thread 0x000001c9f2940af0 Exception <a 'java/lang/NoSuchMethodError'{0x00000000ebc170f0}: 'java.lang.Object java.lang.invoke.DirectMethodHandle$Holder.newInvokeSpecial(java.lang.Object, int, java.lang.Object)'> (0x00000000ebc170f0) 
thrown [s\src\hotspot\share\interpreter\linkResolver.cpp, line 773]
Event: 1.337 Thread 0x000001c9f2940af0 Exception <a 'java/lang/NoSuchMethodError'{0x00000000ebda93b0}: 'java.lang.Object java.lang.invoke.DirectMethodHandle$Holder.newInvokeSpecial(java.lang.Object, java.lang.Object, java.lang.Object, java.lang.Object, int, java.lang.Object)'> (0x00000000ebda93b0) 
thrown [s\src\hotspot\share\interpreter\linkResolver.cpp, line 773]
Event: 1.577 Thread 0x000001c9f2940af0 Exception <a 'java/lang/UnsatisfiedLinkError'{0x00000000ec24e270}: 'void org.eclipse.equinox.launcher.JNIBridge._update_splash()'> (0x00000000ec24e270) 
thrown [s\src\hotspot\share\prims\nativeLookup.cpp, line 415]
Event: 1.773 Thread 0x000001c9fe9fa7b0 Exception <a 'java/lang/NoSuchMethodError'{0x00000000eb002eb0}: 'java.lang.Object java.lang.invoke.DirectMethodHandle$Holder.newInvokeSpecial(java.lang.Object, java.lang.Object, int, java.lang.Object)'> (0x00000000eb002eb0) 
thrown [s\src\hotspot\share\interpreter\linkResolver.cpp, line 773]
Event: 1.835 Thread 0x000001c9fe9fa7b0 Exception <a 'java/lang/ClassNotFoundException'{0x00000000eb21e4d0}: sun/util/logging/resources/spi/loggingProvider> (0x00000000eb21e4d0) 
thrown [s\src\hotspot\share\classfile\systemDictionary.cpp, line 312]
Event: 2.409 Thread 0x000001c9fe9fa7b0 Exception <a 'java/lang/NullPointerException'{0x00000000eb1af9f0}> (0x00000000eb1af9f0) 
thrown [s\src\hotspot\share\interpreter\linkResolver.cpp, line 1372]
Event: 2.409 Thread 0x000001c9fe9fa7b0 Exception <a 'java/lang/NullPointerException'{0x00000000eb1afcd0}> (0x00000000eb1afcd0) 
thrown [s\src\hotspot\share\interpreter\linkResolver.cpp, line 1372]
Event: 2.601 Thread 0x000001c9fe9fa7b0 Exception <a 'java/lang/NoSuchMethodError'{0x00000000ebb73ca0}: 'void java.lang.invoke.Invokers$Holder.invokeExact_MT(java.lang.Object, java.lang.Object, java.lang.Object)'> (0x00000000ebb73ca0) 
thrown [s\src\hotspot\share\interpreter\linkResolver.cpp, line 773]
Event: 2.847 Thread 0x000001c9fe9fa7b0 Exception <a 'java/io/FileNotFoundException'{0x00000000eab21280}> (0x00000000eab21280) 
thrown [s\src\hotspot\share\prims\jni.cpp, line 520]

ZGC Phase Switch (0 events):
No events

VM Operations (20 events):
Event: 1.630 Executing VM operation: ParallelGCFailedAllocation (Allocation Failure)
Event: 1.640 Executing VM operation: ParallelGCFailedAllocation (Allocation Failure) done
Event: 1.733 Executing VM operation: HandshakeAllThreads (Deoptimize)
Event: 1.733 Executing VM operation: HandshakeAllThreads (Deoptimize) done
Event: 1.812 Executing VM operation: HandshakeAllThreads (Deoptimize)
Event: 1.812 Executing VM operation: HandshakeAllThreads (Deoptimize) done
Event: 1.847 Executing VM operation: HandshakeAllThreads (Deoptimize)
Event: 1.847 Executing VM operation: HandshakeAllThreads (Deoptimize) done
Event: 1.865 Executing VM operation: HandshakeAllThreads (Deoptimize)
Event: 1.865 Executing VM operation: HandshakeAllThreads (Deoptimize) done
Event: 1.881 Executing VM operation: HandshakeAllThreads (Deoptimize)
Event: 1.881 Executing VM operation: HandshakeAllThreads (Deoptimize) done
Event: 2.279 Executing VM operation: ParallelGCFailedAllocation (Allocation Failure)
Event: 2.288 Executing VM operation: ParallelGCFailedAllocation (Allocation Failure) done
Event: 2.405 Executing VM operation: HandshakeAllThreads (Deoptimize)
Event: 2.405 Executing VM operation: HandshakeAllThreads (Deoptimize) done
Event: 2.519 Executing VM operation: HandshakeAllThreads (Deoptimize)
Event: 2.519 Executing VM operation: HandshakeAllThreads (Deoptimize) done
Event: 2.834 Executing VM operation: ParallelGCFailedAllocation (Allocation Failure)
Event: 2.841 Executing VM operation: ParallelGCFailedAllocation (Allocation Failure) done

Memory protections (0 events):
No events

Nmethod flushes (0 events):
No events

Events (20 events):
Event: 0.041 Thread 0x000001c9f2940af0 Thread added: 0x000001c9fe0074c0
Event: 0.041 Thread 0x000001c9f2940af0 Thread added: 0x000001c9fe009040
Event: 0.041 Thread 0x000001c9f2940af0 Thread added: 0x000001c9fe00b920
Event: 0.041 Thread 0x000001c9f2940af0 Thread added: 0x000001c9fe010170
Event: 0.041 Thread 0x000001c9f2940af0 Thread added: 0x000001c9fe015160
Event: 0.041 Thread 0x000001c9f2940af0 Thread added: 0x000001c9fe016610
Event: 0.068 Thread 0x000001c9f2940af0 Thread added: 0x000001c9f29ab160
Event: 0.095 Thread 0x000001c9fe016610 Thread added: 0x000001c9fe220ec0
Event: 0.366 Thread 0x000001c9f2940af0 Thread added: 0x000001c9fe365c90
Event: 0.558 Thread 0x000001c9fe015160 Thread added: 0x000001c9fe6c2a50
Event: 1.275 Thread 0x000001c9f2940af0 Thread added: 0x000001c9feb77f00
Event: 1.573 Thread 0x000001c9f2940af0 Thread added: 0x000001c9fec6fa10
Event: 1.652 Thread 0x000001c9fec6fa10 Thread added: 0x000001c9fe9fa150
Event: 1.657 Thread 0x000001c9f2940af0 Thread added: 0x000001c9fe9fa7b0
Event: 1.668 Thread 0x000001c9fe6c2a50 Thread exited: 0x000001c9fe6c2a50
Event: 1.722 Thread 0x000001c9fe220ec0 Thread added: 0x000001c9fec5d530
Event: 2.189 Thread 0x000001c9fe9fa7b0 Thread added: 0x000001c9ff03d720
Event: 2.378 Thread 0x000001c9fe9fa7b0 Thread added: 0x000001c9ff321cc0
Event: 2.472 Thread 0x000001c9fec5d530 Thread exited: 0x000001c9fec5d530
Event: 2.505 Thread 0x000001c9fe9fa7b0 Thread added: 0x000001c9fee7eff0


Dynamic libraries:
0x00007ff7cec30000 - 0x00007ff7cec3e000 	c:\Users\zinzi\.vscode\extensions\redhat.java-1.40.0-win32-x64\jre\21.0.6-win32-x86_64\bin\java.exe
0x00007ff8bef30000 - 0x00007ff8bf147000 	C:\WINDOWS\SYSTEM32\ntdll.dll
0x00007ff8bd770000 - 0x00007ff8bd834000 	C:\WINDOWS\System32\KERNEL32.DLL
0x00007ff8bc500000 - 0x00007ff8bc8d1000 	C:\WINDOWS\System32\KERNELBASE.dll
0x00007ff8bc3b0000 - 0x00007ff8bc4c1000 	C:\WINDOWS\System32\ucrtbase.dll
0x00007ff86c920000 - 0x00007ff86c938000 	c:\Users\zinzi\.vscode\extensions\redhat.java-1.40.0-win32-x64\jre\21.0.6-win32-x86_64\bin\jli.dll
0x00007ff86c940000 - 0x00007ff86c95e000 	c:\Users\zinzi\.vscode\extensions\redhat.java-1.40.0-win32-x64\jre\21.0.6-win32-x86_64\bin\VCRUNTIME140.dll
0x00007ff8be240000 - 0x00007ff8be3f1000 	C:\WINDOWS\System32\USER32.dll
0x00007ff8bc300000 - 0x00007ff8bc326000 	C:\WINDOWS\System32\win32u.dll
0x00007ff8a9b50000 - 0x00007ff8a9de2000 	C:\WINDOWS\WinSxS\amd64_microsoft.windows.common-controls_6595b64144ccf1df_6.0.22621.4830_none_270fe7d773858e80\COMCTL32.dll
0x00007ff8bcc00000 - 0x00007ff8bcc29000 	C:\WINDOWS\System32\GDI32.dll
0x00007ff8be190000 - 0x00007ff8be237000 	C:\WINDOWS\System32\msvcrt.dll
0x00007ff8bc070000 - 0x00007ff8bc18b000 	C:\WINDOWS\System32\gdi32full.dll
0x00007ff8bc960000 - 0x00007ff8bc9fa000 	C:\WINDOWS\System32\msvcp_win.dll
0x00007ff8bcd50000 - 0x00007ff8bcd81000 	C:\WINDOWS\System32\IMM32.DLL
0x00007ff86c910000 - 0x00007ff86c91c000 	c:\Users\zinzi\.vscode\extensions\redhat.java-1.40.0-win32-x64\jre\21.0.6-win32-x86_64\bin\vcruntime140_1.dll
0x00007ff86c860000 - 0x00007ff86c8ed000 	c:\Users\zinzi\.vscode\extensions\redhat.java-1.40.0-win32-x64\jre\21.0.6-win32-x86_64\bin\msvcp140.dll
0x00007ff840b80000 - 0x00007ff841910000 	c:\Users\zinzi\.vscode\extensions\redhat.java-1.40.0-win32-x64\jre\21.0.6-win32-x86_64\bin\server\jvm.dll
0x00007ff8bee30000 - 0x00007ff8beee1000 	C:\WINDOWS\System32\ADVAPI32.dll
0x00007ff8bcd90000 - 0x00007ff8bce37000 	C:\WINDOWS\System32\sechost.dll
0x00007ff8bc4d0000 - 0x00007ff8bc4f8000 	C:\WINDOWS\System32\bcrypt.dll
0x00007ff8bcc30000 - 0x00007ff8bcd44000 	C:\WINDOWS\System32\RPCRT4.dll
0x00007ff8be110000 - 0x00007ff8be181000 	C:\WINDOWS\System32\WS2_32.dll
0x00007ff8baee0000 - 0x00007ff8baf2d000 	C:\WINDOWS\SYSTEM32\POWRPROF.dll
0x00007ff8b9c70000 - 0x00007ff8b9c7a000 	C:\WINDOWS\SYSTEM32\VERSION.dll
0x00007ff8acbb0000 - 0x00007ff8acbe4000 	C:\WINDOWS\SYSTEM32\WINMM.dll
0x00007ff8baec0000 - 0x00007ff8baed3000 	C:\WINDOWS\SYSTEM32\UMPDC.dll
0x00007ff8bb170000 - 0x00007ff8bb188000 	C:\WINDOWS\SYSTEM32\kernel.appcore.dll
0x00007ff86c850000 - 0x00007ff86c85a000 	c:\Users\zinzi\.vscode\extensions\redhat.java-1.40.0-win32-x64\jre\21.0.6-win32-x86_64\bin\jimage.dll
0x00007ff8ac0a0000 - 0x00007ff8ac2d2000 	C:\WINDOWS\SYSTEM32\DBGHELP.DLL
0x00007ff8be990000 - 0x00007ff8bed20000 	C:\WINDOWS\System32\combase.dll
0x00007ff8be400000 - 0x00007ff8be4d7000 	C:\WINDOWS\System32\OLEAUT32.dll
0x00007ff8a2290000 - 0x00007ff8a22c2000 	C:\WINDOWS\SYSTEM32\dbgcore.DLL
0x00007ff8bc330000 - 0x00007ff8bc3ab000 	C:\WINDOWS\System32\bcryptPrimitives.dll
0x00007ff851c30000 - 0x00007ff851c3f000 	c:\Users\zinzi\.vscode\extensions\redhat.java-1.40.0-win32-x64\jre\21.0.6-win32-x86_64\bin\instrument.dll
0x00007ff851d00000 - 0x00007ff851d1f000 	c:\Users\zinzi\.vscode\extensions\redhat.java-1.40.0-win32-x64\jre\21.0.6-win32-x86_64\bin\java.dll
0x00007ff8bcee0000 - 0x00007ff8bd768000 	C:\WINDOWS\System32\SHELL32.dll
0x00007ff8bca00000 - 0x00007ff8bcb3f000 	C:\WINDOWS\System32\wintypes.dll
0x00007ff8b9f90000 - 0x00007ff8ba89d000 	C:\WINDOWS\SYSTEM32\windows.storage.dll
0x00007ff8be650000 - 0x00007ff8be75a000 	C:\WINDOWS\System32\SHCORE.dll
0x00007ff8be5f0000 - 0x00007ff8be64e000 	C:\WINDOWS\System32\shlwapi.dll
0x00007ff8bbfa0000 - 0x00007ff8bbfcb000 	C:\WINDOWS\SYSTEM32\profapi.dll
0x00007ff851ce0000 - 0x00007ff851cf8000 	c:\Users\zinzi\.vscode\extensions\redhat.java-1.40.0-win32-x64\jre\21.0.6-win32-x86_64\bin\zip.dll
0x00007ff869df0000 - 0x00007ff869e00000 	C:\Users\zinzi\.vscode\extensions\redhat.java-1.40.0-win32-x64\jre\21.0.6-win32-x86_64\bin\net.dll
0x00007ff8b83f0000 - 0x00007ff8b851c000 	C:\WINDOWS\SYSTEM32\WINHTTP.dll
0x00007ff8bb5d0000 - 0x00007ff8bb63a000 	C:\WINDOWS\system32\mswsock.dll
0x00007ff851cc0000 - 0x00007ff851cd6000 	C:\Users\zinzi\.vscode\extensions\redhat.java-1.40.0-win32-x64\jre\21.0.6-win32-x86_64\bin\nio.dll
0x00007ff851cb0000 - 0x00007ff851cc0000 	c:\Users\zinzi\.vscode\extensions\redhat.java-1.40.0-win32-x64\jre\21.0.6-win32-x86_64\bin\verify.dll
0x00007ff879620000 - 0x00007ff879665000 	C:\Users\zinzi\AppData\Roaming\Code\User\globalStorage\redhat.java\1.40.0\config_win\org.eclipse.equinox.launcher\org.eclipse.equinox.launcher.win32.win32.x86_64_1.2.1200.v20250212-0927\eclipse_11909.dll
0x00007ff8bd840000 - 0x00007ff8bd9e1000 	C:\WINDOWS\System32\ole32.dll

dbghelp: loaded successfully - version: 4.0.5 - missing functions: none
symbol engine: initialized successfully - sym options: 0x614 - pdb path: .;c:\Users\zinzi\.vscode\extensions\redhat.java-1.40.0-win32-x64\jre\21.0.6-win32-x86_64\bin;C:\WINDOWS\SYSTEM32;C:\WINDOWS\WinSxS\amd64_microsoft.windows.common-controls_6595b64144ccf1df_6.0.22621.4830_none_270fe7d773858e80;c:\Users\zinzi\.vscode\extensions\redhat.java-1.40.0-win32-x64\jre\21.0.6-win32-x86_64\bin\server;C:\Users\zinzi\AppData\Roaming\Code\User\globalStorage\redhat.java\1.40.0\config_win\org.eclipse.equinox.launcher\org.eclipse.equinox.launcher.win32.win32.x86_64_1.2.1200.v20250212-0927

VM Arguments:
jvm_args: --add-modules=ALL-SYSTEM --add-opens=java.base/java.util=ALL-UNNAMED --add-opens=java.base/java.lang=ALL-UNNAMED --add-opens=java.base/sun.nio.fs=ALL-UNNAMED -Declipse.application=org.eclipse.jdt.ls.core.id1 -Dosgi.bundles.defaultStartLevel=4 -Declipse.product=org.eclipse.jdt.ls.core.product -Djava.import.generatesMetadataFilesAtProjectRoot=false -DDetectVMInstallationsJob.disabled=true -Dfile.encoding=utf8 -XX:+UseParallelGC -XX:GCTimeRatio=4 -XX:AdaptiveSizePolicyWeight=90 -Dsun.zip.disableMemoryMapping=true -Xmx1G -Xms100m -Xlog:disable -javaagent:c:\Users\zinzi\.vscode\extensions\redhat.java-1.40.0-win32-x64\lombok\lombok-1.18.36.jar -XX:+HeapDumpOnOutOfMemoryError -XX:HeapDumpPath=c:\Users\zinzi\AppData\Roaming\Code\User\workspaceStorage\1531145508dfbda3fe65cda5b18105b1\redhat.java -Daether.dependencyCollector.impl=bf 
java_command: c:\Users\zinzi\.vscode\extensions\redhat.java-1.40.0-win32-x64\server\plugins\org.eclipse.equinox.launcher_1.6.1000.v20250131-0606.jar -configuration c:\Users\zinzi\AppData\Roaming\Code\User\globalStorage\redhat.java\1.40.0\config_win -data c:\Users\zinzi\AppData\Roaming\Code\User\workspaceStorage\1531145508dfbda3fe65cda5b18105b1\redhat.java\jdt_ws --pipe=\\.\pipe\lsp-301fdc63a5ace64730c037ea68c69b91-sock
java_class_path (initial): c:\Users\zinzi\.vscode\extensions\redhat.java-1.40.0-win32-x64\server\plugins\org.eclipse.equinox.launcher_1.6.1000.v20250131-0606.jar
Launcher Type: SUN_STANDARD

[Global flags]
    uintx AdaptiveSizePolicyWeight                 = 90                                        {product} {command line}
     intx CICompilerCount                          = 4                                         {product} {ergonomic}
    uintx GCTimeRatio                              = 4                                         {product} {command line}
     bool HeapDumpOnOutOfMemoryError               = true                                   {manageable} {command line}
    ccstr HeapDumpPath                             = c:\Users\zinzi\AppData\Roaming\Code\User\workspaceStorage\1531145508dfbda3fe65cda5b18105b1\redhat.java         {manageable} {command line}
   size_t InitialHeapSize                          = 104857600                                 {product} {command line}
   size_t MaxHeapSize                              = 1073741824                                {product} {command line}
   size_t MaxNewSize                               = 357564416                                 {product} {ergonomic}
   size_t MinHeapDeltaBytes                        = 524288                                    {product} {ergonomic}
   size_t MinHeapSize                              = 104857600                                 {product} {command line}
   size_t NewSize                                  = 34603008                                  {product} {ergonomic}
    uintx NonNMethodCodeHeapSize                   = 5839372                                {pd product} {ergonomic}
    uintx NonProfiledCodeHeapSize                  = 122909434                              {pd product} {ergonomic}
   size_t OldSize                                  = 70254592                                  {product} {ergonomic}
    uintx ProfiledCodeHeapSize                     = 122909434                              {pd product} {ergonomic}
    uintx ReservedCodeCacheSize                    = 251658240                              {pd product} {ergonomic}
     bool SegmentedCodeCache                       = true                                      {product} {ergonomic}
   size_t SoftMaxHeapSize                          = 1073741824                             {manageable} {ergonomic}
     bool UseCompressedOops                        = true                           {product lp64_product} {ergonomic}
     bool UseLargePagesIndividualAllocation        = false                                  {pd product} {ergonomic}
     bool UseParallelGC                            = true                                      {product} {command line}

Logging:
Log output configuration:
 #0: stdout all=off uptime,level,tags foldmultilines=false
 #1: stderr all=off uptime,level,tags foldmultilines=false

Environment Variables:
JAVA_HOME=C:\Program Files\Microsoft\jdk-17.0.10.7-hotspot\
PATH=C:\Program Files\Microsoft\jdk-17.0.10.7-hotspot\bin;C:\WINDOWS\system32;C:\WINDOWS;C:\WINDOWS\System32\Wbem;C:\WINDOWS\System32\WindowsPowerShell\v1.0\;C:\WINDOWS\System32\OpenSSH\;C:\ProgramData\chocolatey\bin;C:\Program Files\Microsoft SQL Server\150\Tools\Binn\;C:\Program Files\Microsoft SQL Server\Client SDK\ODBC\170\Tools\Binn\;C:\Program Files (x86)\Microsoft SQL Server\160\Tools\Binn\;C:\Program Files\Microsoft SQL Server\160\Tools\Binn\;C:\Program Files\Microsoft SQL Server\160\DTS\Binn\;C:\Program Files (x86)\NVIDIA Corporation\PhysX\Common;C:\Users\zinzi\AppData\Roaming\nvm;C:\Program Files\nodejs;C:\Program Files\Amazon\AWSCLIV2\;C:\Program Files\starship\bin\;C:\Program Files (x86)\oh-my-posh\bin;D:\Git\Git\cmd;C:\Program Files\Amazon\SessionManagerPlugin\bin\;C:\Program Files\dotnet\;C:\Program Files\Amazon\SessionManagerPlugin\bin;C:\Program Files\MySQL\MySQL Shell 8.0\bin\;C:\Users\zinzi\AppData\Local\Android\Sdk\platform-tools;C:\Users\zinzi\AppData\Local\Microsoft\WindowsApps;C:\Users\zinzi\AppData\Local\Programs\Microsoft VS Code\bin;C:\Users\zinzi\AppData\Local\GitHubDesktop\bin;C:\Users\zinzi\AppData\Roaming\npm;C:\Users\zinzi\AppData\Roaming\nvm;C:\Program Files\nodejs;C:\Users\zinzi\AppData\Local\Programs\oh-my-posh\bin;C:\Users\zinzi\AppData\Local\Packages\PythonSoftwareFoundation.Python.3.13_qbz5n2kfra8p0\LocalCache\local-packages\Python313\Scripts;C:\Gradle\gradle-8.13\bin;C:\Users\zinzi\.dotnet\tools
USERNAME=zinzi
OS=Windows_NT
PROCESSOR_IDENTIFIER=Intel64 Family 6 Model 165 Stepping 2, GenuineIntel
TMP=C:\Users\zinzi\AppData\Local\Temp
TEMP=C:\Users\zinzi\AppData\Local\Temp




Periodic native trim disabled

---------------  S Y S T E M  ---------------

OS:
 Windows 11 , 64 bit Build 22621 (10.0.22621.4974)
OS uptime: 0 days 0:25 hours
Hyper-V role detected

CPU: total 12 (initial active 12) (6 cores per cpu, 2 threads per core) family 6 model 165 stepping 2 microcode 0xe0, cx8, cmov, fxsr, ht, mmx, 3dnowpref, sse, sse2, sse3, ssse3, sse4.1, sse4.2, popcnt, lzcnt, tsc, tscinvbit, avx, avx2, aes, erms, clmul, bmi1, bmi2, adx, fma, vzeroupper, clflush, clflushopt, hv, rdtscp, f16c
Processor Information for the first 12 processors :
  Max Mhz: 2592, Current Mhz: 2592, Mhz Limit: 2592

Memory: 4k page, system-wide physical 16205M (5928M free)
TotalPageFile size 18253M (AvailPageFile size 32M)
current process WorkingSet (physical memory assigned to process): 115M, peak: 115M
current process commit charge ("private bytes"): 226M, peak: 229M

vm_info: OpenJDK 64-Bit Server VM (21.0.6+7-LTS) for windows-amd64 JRE (21.0.6+7-LTS), built on 2025-01-21T00:00:00Z by "admin" with MS VC++ 17.7 (VS2022)

END.
