#
# There is insufficient memory for the Java Runtime Environment to continue.
# Native memory allocation (malloc) failed to allocate 1048576 bytes. Error detail: AllocateHeap
# Possible reasons:
#   The system is out of physical RAM or swap space
#   This process is running with CompressedOops enabled, and the Java Heap may be blocking the growth of the native heap
# Possible solutions:
#   Reduce memory load on the system
#   Increase physical memory or swap space
#   Check if swap backing store is full
#   Decrease Java heap size (-Xmx/-Xms)
#   Decrease number of Java threads
#   Decrease Java thread stack sizes (-Xss)
#   Set larger code cache with -XX:ReservedCodeCacheSize=
#   JVM is running with Unscaled Compressed Oops mode in which the Java heap is
#     placed in the first 4GB address space. The Java Heap base address is the
#     maximum limit for the native heap growth. Please use -XX:HeapBaseMinAddress
#     to set the Java Heap base and to place the Java Heap above 4GB virtual address.
# This output file may be truncated or incomplete.
#
#  Out of Memory Error (allocation.cpp:44), pid=18560, tid=19976
#
# JRE version:  (21.0.6+7) (build )
# Java VM: OpenJDK 64-Bit Server VM (21.0.6+7-LTS, mixed mode, sharing, tiered, compressed oops, compressed class ptrs, parallel gc, windows-amd64)
# No core dump will be written. Minidumps are not enabled by default on client versions of Windows
#

---------------  S U M M A R Y ------------

Command Line: --add-modules=ALL-SYSTEM --add-opens=java.base/java.util=ALL-UNNAMED --add-opens=java.base/java.lang=ALL-UNNAMED --add-opens=java.base/sun.nio.fs=ALL-UNNAMED -Declipse.application=org.eclipse.jdt.ls.core.id1 -Dosgi.bundles.defaultStartLevel=4 -Declipse.product=org.eclipse.jdt.ls.core.product -Djava.import.generatesMetadataFilesAtProjectRoot=false -DDetectVMInstallationsJob.disabled=true -Dfile.encoding=utf8 -XX:+UseParallelGC -XX:GCTimeRatio=4 -XX:AdaptiveSizePolicyWeight=90 -Dsun.zip.disableMemoryMapping=true -Xmx1G -Xms100m -Xlog:disable -javaagent:c:\Users\zinzi\.vscode\extensions\redhat.java-1.40.0-win32-x64\lombok\lombok-1.18.36.jar -XX:+HeapDumpOnOutOfMemoryError -XX:HeapDumpPath=c:\Users\zinzi\AppData\Roaming\Code\User\workspaceStorage\1531145508dfbda3fe65cda5b18105b1\redhat.java -Daether.dependencyCollector.impl=bf c:\Users\zinzi\.vscode\extensions\redhat.java-1.40.0-win32-x64\server\plugins\org.eclipse.equinox.launcher_1.6.1000.v20250131-0606.jar -configuration c:\Users\zinzi\AppData\Roaming\Code\User\globalStorage\redhat.java\1.40.0\config_win -data c:\Users\zinzi\AppData\Roaming\Code\User\workspaceStorage\1531145508dfbda3fe65cda5b18105b1\redhat.java\jdt_ws --pipe=\\.\pipe\lsp-87184f4d1ab6bbecc13f582f94c63ddf-sock

Host: Intel(R) Core(TM) i7-10750H CPU @ 2.60GHz, 12 cores, 15G,  Windows 11 , 64 bit Build 22621 (10.0.22621.4974)
Time: Sun Mar 23 22:58:01 2025 SE Asia Standard Time elapsed time: 0.057951 seconds (0d 0h 0m 0s)

---------------  T H R E A D  ---------------

Current thread (0x000001e7e4431700):  JavaThread "Unknown thread" [_thread_in_vm, id=19976, stack(0x000000e0e7600000,0x000000e0e7700000) (1024K)]

Stack: [0x000000e0e7600000,0x000000e0e7700000]
Native frames: (J=compiled Java code, j=interpreted, Vv=VM code, C=native code)
V  [jvm.dll+0x6cdee9]
V  [jvm.dll+0x8a83d1]
V  [jvm.dll+0x8aa8fe]
V  [jvm.dll+0x8aafe3]
V  [jvm.dll+0x27f706]
V  [jvm.dll+0xbfb37]
V  [jvm.dll+0x7022d0]
V  [jvm.dll+0x702e3c]
V  [jvm.dll+0x6dcc13]
V  [jvm.dll+0x871cdc]
V  [jvm.dll+0x3bc2dc]
V  [jvm.dll+0x85a868]
V  [jvm.dll+0x45066e]
V  [jvm.dll+0x4522b1]
C  [jli.dll+0x5278]
C  [ucrtbase.dll+0x29333]
C  [KERNEL32.DLL+0x1259d]
C  [ntdll.dll+0x5af38]


---------------  P R O C E S S  ---------------

Threads class SMR info:
_java_thread_list=0x000001e7e449acf0, length=1, elements={
0x000001e7e4431700
}

Java Threads: ( => current thread )
=>0x000001e7e4431700 JavaThread "Unknown thread"             [_thread_in_vm, id=19976, stack(0x000000e0e7600000,0x000000e0e7700000) (1024K)]
Total: 1

Other Threads:
  0x000001e7f86fca00 WatcherThread "VM Periodic Task Thread"        [id=16308, stack(0x000000e0e7800000,0x000000e0e7900000) (1024K)]
  0x000001e7e444e890 WorkerThread "GC Thread#0"                     [id=15788, stack(0x000000e0e7700000,0x000000e0e7800000) (1024K)]
Total: 2

Threads with active compile tasks:
Total: 0

VM state: not at safepoint (normal execution)

VM Mutex/Monitor currently owned by a thread: None

Heap address: 0x00000000c0000000, size: 1024 MB, Compressed Oops mode: 32-bit

CDS archive(s) mapped at: [0x000001e780000000-0x000001e780ba0000-0x000001e780ba0000), size 12189696, SharedBaseAddress: 0x000001e780000000, ArchiveRelocationMode: 1.
Compressed class space mapped at: 0x000001e781000000-0x000001e7c1000000, reserved size: 1073741824
Narrow klass base: 0x000001e780000000, Narrow klass shift: 0, Narrow klass range: 0x100000000

GC Precious Log:
 CardTable entry size: 512
 CPUs: 12 total, 12 available
 Memory: 16205M
 Large Page Support: Disabled
 NUMA Support: Disabled
 Compressed Oops: Enabled (32-bit)
 Alignments: Space 512K, Generation 512K, Heap 2M
 Heap Min Capacity: 100M
 Heap Initial Capacity: 100M
 Heap Max Capacity: 1G
 Pre-touch: Disabled
 Parallel Workers: 10

Heap:
 PSYoungGen      total 29696K, used 512K [0x00000000eab00000, 0x00000000ecc00000, 0x0000000100000000)
  eden space 25600K, 2% used [0x00000000eab00000,0x00000000eab80020,0x00000000ec400000)
  from space 4096K, 0% used [0x00000000ec800000,0x00000000ec800000,0x00000000ecc00000)
  to   space 4096K, 0% used [0x00000000ec400000,0x00000000ec400000,0x00000000ec800000)
 ParOldGen       total 68608K, used 0K [0x00000000c0000000, 0x00000000c4300000, 0x00000000eab00000)
  object space 68608K, 0% used [0x00000000c0000000,0x00000000c0000000,0x00000000c4300000)
 Metaspace       used 0K, committed 0K, reserved 1048576K
  class space    used 0K, committed 0K, reserved 1048576K

Card table byte_map: [0x000001e7e3dd0000,0x000001e7e3fe0000] _byte_map_base: 0x000001e7e37d0000

Marking Bits: (ParMarkBitMap*) 0x00007ffa98433260
 Begin Bits: [0x000001e7f6620000, 0x000001e7f7620000)
 End Bits:   [0x000001e7f7620000, 0x000001e7f8620000)

Polling page: 0x000001e7e22e0000

Metaspace:

Usage:
  Non-class:      0 bytes used.
      Class:      0 bytes used.
       Both:      0 bytes used.

Virtual space:
  Non-class space:        0 bytes reserved,       0 bytes (  ?%) committed,  0 nodes.
      Class space:        1.00 GB reserved,       0 bytes (  0%) committed,  1 nodes.
             Both:        1.00 GB reserved,       0 bytes (  0%) committed. 

Chunk freelists:
   Non-Class:  0 bytes
       Class:  16.00 MB
        Both:  16.00 MB

MaxMetaspaceSize: unlimited
CompressedClassSpaceSize: 1.00 GB
Initial GC threshold: 21.00 MB
Current GC threshold: 17179869184.00 GB
CDS: on
 - commit_granule_bytes: 65536.
 - commit_granule_words: 8192.
 - virtual_space_node_default_size: 8388608.
 - enlarge_chunks_in_place: 1.
 - use_allocation_guard: 0.


Internal statistics:

num_allocs_failed_limit: 0.
num_arena_births: 0.
num_arena_deaths: 0.
num_vsnodes_births: 1.
num_vsnodes_deaths: 0.
num_space_committed: 0.
num_space_uncommitted: 0.
num_chunks_returned_to_freelist: 0.
num_chunks_taken_from_freelist: 1.
num_chunk_merges: 0.
num_chunk_splits: 1.
num_chunks_enlarged: 0.
num_inconsistent_stats: 0.

CodeHeap 'non-profiled nmethods': size=120000Kb used=0Kb max_used=0Kb free=120000Kb
 bounds [0x000001e7ef0f0000, 0x000001e7ef360000, 0x000001e7f6620000]
CodeHeap 'profiled nmethods': size=120000Kb used=0Kb max_used=0Kb free=120000Kb
 bounds [0x000001e7e7620000, 0x000001e7e7890000, 0x000001e7eeb50000]
CodeHeap 'non-nmethods': size=5760Kb used=194Kb max_used=342Kb free=5565Kb
 bounds [0x000001e7eeb50000, 0x000001e7eedc0000, 0x000001e7ef0f0000]
 total_blobs=70 nmethods=0 adapters=48
 compilation: enabled
              stopped_count=0, restarted_count=0
 full_count=0

Compilation events (0 events):
No events

GC Heap History (0 events):
No events

Dll operation events (1 events):
Event: 0.015 Loaded shared library c:\Users\zinzi\.vscode\extensions\redhat.java-1.40.0-win32-x64\jre\21.0.6-win32-x86_64\bin\java.dll

Deoptimization events (0 events):
No events

Classes loaded (0 events):
No events

Classes unloaded (0 events):
No events

Classes redefined (0 events):
No events

Internal exceptions (0 events):
No events

ZGC Phase Switch (0 events):
No events

VM Operations (0 events):
No events

Memory protections (0 events):
No events

Nmethod flushes (0 events):
No events

Events (1 events):
Event: 0.039 Thread 0x000001e7e4431700 Thread added: 0x000001e7e4431700


Dynamic libraries:
0x00007ff7f3aa0000 - 0x00007ff7f3aae000 	c:\Users\zinzi\.vscode\extensions\redhat.java-1.40.0-win32-x64\jre\21.0.6-win32-x86_64\bin\java.exe
0x00007ffb19690000 - 0x00007ffb198a7000 	C:\WINDOWS\SYSTEM32\ntdll.dll
0x00007ffb17470000 - 0x00007ffb17534000 	C:\WINDOWS\System32\KERNEL32.DLL
0x00007ffb16910000 - 0x00007ffb16ce1000 	C:\WINDOWS\System32\KERNELBASE.dll
0x00007ffb17050000 - 0x00007ffb17161000 	C:\WINDOWS\System32\ucrtbase.dll
0x00007ffb04b00000 - 0x00007ffb04b18000 	c:\Users\zinzi\.vscode\extensions\redhat.java-1.40.0-win32-x64\jre\21.0.6-win32-x86_64\bin\jli.dll
0x00007ffb187d0000 - 0x00007ffb18981000 	C:\WINDOWS\System32\USER32.dll
0x00007ffb16d90000 - 0x00007ffb16db6000 	C:\WINDOWS\System32\win32u.dll
0x00007ffb17b30000 - 0x00007ffb17b59000 	C:\WINDOWS\System32\GDI32.dll
0x00007ffb03f70000 - 0x00007ffb04202000 	C:\WINDOWS\WinSxS\amd64_microsoft.windows.common-controls_6595b64144ccf1df_6.0.22621.4830_none_270fe7d773858e80\COMCTL32.dll
0x00007ffb16f30000 - 0x00007ffb1704b000 	C:\WINDOWS\System32\gdi32full.dll
0x00007ffb17550000 - 0x00007ffb175f7000 	C:\WINDOWS\System32\msvcrt.dll
0x00007ffb16cf0000 - 0x00007ffb16d8a000 	C:\WINDOWS\System32\msvcp_win.dll
0x00007ffaff980000 - 0x00007ffaff99e000 	c:\Users\zinzi\.vscode\extensions\redhat.java-1.40.0-win32-x64\jre\21.0.6-win32-x86_64\bin\VCRUNTIME140.dll
0x00007ffb18790000 - 0x00007ffb187c1000 	C:\WINDOWS\System32\IMM32.DLL
0x00007ffb068f0000 - 0x00007ffb068fc000 	c:\Users\zinzi\.vscode\extensions\redhat.java-1.40.0-win32-x64\jre\21.0.6-win32-x86_64\bin\vcruntime140_1.dll
0x00007ffadc920000 - 0x00007ffadc9ad000 	c:\Users\zinzi\.vscode\extensions\redhat.java-1.40.0-win32-x64\jre\21.0.6-win32-x86_64\bin\msvcp140.dll
0x00007ffa97780000 - 0x00007ffa98510000 	c:\Users\zinzi\.vscode\extensions\redhat.java-1.40.0-win32-x64\jre\21.0.6-win32-x86_64\bin\server\jvm.dll
0x00007ffb17360000 - 0x00007ffb17411000 	C:\WINDOWS\System32\ADVAPI32.dll
0x00007ffb180f0000 - 0x00007ffb18197000 	C:\WINDOWS\System32\sechost.dll
0x00007ffb17330000 - 0x00007ffb17358000 	C:\WINDOWS\System32\bcrypt.dll
0x00007ffb18ca0000 - 0x00007ffb18db4000 	C:\WINDOWS\System32\RPCRT4.dll
0x00007ffb18060000 - 0x00007ffb180d1000 	C:\WINDOWS\System32\WS2_32.dll
0x00007ffb15640000 - 0x00007ffb1568d000 	C:\WINDOWS\SYSTEM32\POWRPROF.dll
0x00007ffb085c0000 - 0x00007ffb085f4000 	C:\WINDOWS\SYSTEM32\WINMM.dll
0x00007ffb14420000 - 0x00007ffb1442a000 	C:\WINDOWS\SYSTEM32\VERSION.dll
0x00007ffb15620000 - 0x00007ffb15633000 	C:\WINDOWS\SYSTEM32\UMPDC.dll
0x00007ffb158d0000 - 0x00007ffb158e8000 	C:\WINDOWS\SYSTEM32\kernel.appcore.dll
0x00007ffb05870000 - 0x00007ffb0587a000 	c:\Users\zinzi\.vscode\extensions\redhat.java-1.40.0-win32-x64\jre\21.0.6-win32-x86_64\bin\jimage.dll
0x00007ffb07290000 - 0x00007ffb074c2000 	C:\WINDOWS\SYSTEM32\DBGHELP.DLL
0x00007ffb182f0000 - 0x00007ffb18680000 	C:\WINDOWS\System32\combase.dll
0x00007ffb181a0000 - 0x00007ffb18277000 	C:\WINDOWS\System32\OLEAUT32.dll
0x00007ffafbba0000 - 0x00007ffafbbd2000 	C:\WINDOWS\SYSTEM32\dbgcore.DLL
0x00007ffb17230000 - 0x00007ffb172ab000 	C:\WINDOWS\System32\bcryptPrimitives.dll
0x00007ffb14430000 - 0x00007ffb1443f000 	c:\Users\zinzi\.vscode\extensions\redhat.java-1.40.0-win32-x64\jre\21.0.6-win32-x86_64\bin\instrument.dll
0x00007ffaea8d0000 - 0x00007ffaea8ef000 	c:\Users\zinzi\.vscode\extensions\redhat.java-1.40.0-win32-x64\jre\21.0.6-win32-x86_64\bin\java.dll

dbghelp: loaded successfully - version: 4.0.5 - missing functions: none
symbol engine: initialized successfully - sym options: 0x614 - pdb path: .;c:\Users\zinzi\.vscode\extensions\redhat.java-1.40.0-win32-x64\jre\21.0.6-win32-x86_64\bin;C:\WINDOWS\SYSTEM32;C:\WINDOWS\WinSxS\amd64_microsoft.windows.common-controls_6595b64144ccf1df_6.0.22621.4830_none_270fe7d773858e80;c:\Users\zinzi\.vscode\extensions\redhat.java-1.40.0-win32-x64\jre\21.0.6-win32-x86_64\bin\server

VM Arguments:
jvm_args: --add-modules=ALL-SYSTEM --add-opens=java.base/java.util=ALL-UNNAMED --add-opens=java.base/java.lang=ALL-UNNAMED --add-opens=java.base/sun.nio.fs=ALL-UNNAMED -Declipse.application=org.eclipse.jdt.ls.core.id1 -Dosgi.bundles.defaultStartLevel=4 -Declipse.product=org.eclipse.jdt.ls.core.product -Djava.import.generatesMetadataFilesAtProjectRoot=false -DDetectVMInstallationsJob.disabled=true -Dfile.encoding=utf8 -XX:+UseParallelGC -XX:GCTimeRatio=4 -XX:AdaptiveSizePolicyWeight=90 -Dsun.zip.disableMemoryMapping=true -Xmx1G -Xms100m -Xlog:disable -javaagent:c:\Users\zinzi\.vscode\extensions\redhat.java-1.40.0-win32-x64\lombok\lombok-1.18.36.jar -XX:+HeapDumpOnOutOfMemoryError -XX:HeapDumpPath=c:\Users\zinzi\AppData\Roaming\Code\User\workspaceStorage\1531145508dfbda3fe65cda5b18105b1\redhat.java -Daether.dependencyCollector.impl=bf 
java_command: c:\Users\zinzi\.vscode\extensions\redhat.java-1.40.0-win32-x64\server\plugins\org.eclipse.equinox.launcher_1.6.1000.v20250131-0606.jar -configuration c:\Users\zinzi\AppData\Roaming\Code\User\globalStorage\redhat.java\1.40.0\config_win -data c:\Users\zinzi\AppData\Roaming\Code\User\workspaceStorage\1531145508dfbda3fe65cda5b18105b1\redhat.java\jdt_ws --pipe=\\.\pipe\lsp-87184f4d1ab6bbecc13f582f94c63ddf-sock
java_class_path (initial): c:\Users\zinzi\.vscode\extensions\redhat.java-1.40.0-win32-x64\server\plugins\org.eclipse.equinox.launcher_1.6.1000.v20250131-0606.jar
Launcher Type: SUN_STANDARD

[Global flags]
    uintx AdaptiveSizePolicyWeight                 = 90                                        {product} {command line}
     intx CICompilerCount                          = 4                                         {product} {ergonomic}
    uintx GCTimeRatio                              = 4                                         {product} {command line}
     bool HeapDumpOnOutOfMemoryError               = true                                   {manageable} {command line}
    ccstr HeapDumpPath                             = c:\Users\zinzi\AppData\Roaming\Code\User\workspaceStorage\1531145508dfbda3fe65cda5b18105b1\redhat.java         {manageable} {command line}
   size_t InitialHeapSize                          = 104857600                                 {product} {command line}
   size_t MaxHeapSize                              = 1073741824                                {product} {command line}
   size_t MaxNewSize                               = 357564416                                 {product} {ergonomic}
   size_t MinHeapDeltaBytes                        = 524288                                    {product} {ergonomic}
   size_t MinHeapSize                              = 104857600                                 {product} {command line}
   size_t NewSize                                  = 34603008                                  {product} {ergonomic}
    uintx NonNMethodCodeHeapSize                   = 5839372                                {pd product} {ergonomic}
    uintx NonProfiledCodeHeapSize                  = 122909434                              {pd product} {ergonomic}
   size_t OldSize                                  = 70254592                                  {product} {ergonomic}
    uintx ProfiledCodeHeapSize                     = 122909434                              {pd product} {ergonomic}
    uintx ReservedCodeCacheSize                    = 251658240                              {pd product} {ergonomic}
     bool SegmentedCodeCache                       = true                                      {product} {ergonomic}
   size_t SoftMaxHeapSize                          = 1073741824                             {manageable} {ergonomic}
     bool UseCompressedOops                        = true                           {product lp64_product} {ergonomic}
     bool UseLargePagesIndividualAllocation        = false                                  {pd product} {ergonomic}
     bool UseParallelGC                            = true                                      {product} {command line}

Logging:
Log output configuration:
 #0: stdout all=off uptime,level,tags foldmultilines=false
 #1: stderr all=off uptime,level,tags foldmultilines=false

Environment Variables:
JAVA_HOME=C:\Program Files\Microsoft\jdk-17.0.10.7-hotspot\
PATH=C:\Program Files\Microsoft\jdk-17.0.10.7-hotspot\bin;C:\WINDOWS\system32;C:\WINDOWS;C:\WINDOWS\System32\Wbem;C:\WINDOWS\System32\WindowsPowerShell\v1.0\;C:\WINDOWS\System32\OpenSSH\;C:\ProgramData\chocolatey\bin;C:\Program Files\Microsoft SQL Server\150\Tools\Binn\;C:\Program Files\Microsoft SQL Server\Client SDK\ODBC\170\Tools\Binn\;C:\Program Files (x86)\Microsoft SQL Server\160\Tools\Binn\;C:\Program Files\Microsoft SQL Server\160\Tools\Binn\;C:\Program Files\Microsoft SQL Server\160\DTS\Binn\;C:\Program Files (x86)\NVIDIA Corporation\PhysX\Common;C:\Users\zinzi\AppData\Roaming\nvm;C:\Program Files\nodejs;C:\Program Files\Amazon\AWSCLIV2\;C:\Program Files\starship\bin\;C:\Program Files (x86)\oh-my-posh\bin;D:\Git\Git\cmd;C:\Program Files\Amazon\SessionManagerPlugin\bin\;C:\Program Files\dotnet\;C:\Program Files\Amazon\SessionManagerPlugin\bin;C:\Program Files\MySQL\MySQL Shell 8.0\bin\;C:\Users\zinzi\AppData\Local\Android\Sdk\platform-tools;C:\Users\zinzi\AppData\Local\Microsoft\WindowsApps;C:\Users\zinzi\AppData\Local\Programs\Microsoft VS Code\bin;C:\Users\zinzi\AppData\Local\GitHubDesktop\bin;C:\Users\zinzi\AppData\Roaming\npm;C:\Users\zinzi\AppData\Roaming\nvm;C:\Program Files\nodejs;C:\Users\zinzi\AppData\Local\Programs\oh-my-posh\bin;C:\Users\zinzi\AppData\Local\Packages\PythonSoftwareFoundation.Python.3.13_qbz5n2kfra8p0\LocalCache\local-packages\Python313\Scripts;C:\Gradle\gradle-8.13\bin;C:\Users\zinzi\.dotnet\tools
USERNAME=zinzi
OS=Windows_NT
PROCESSOR_IDENTIFIER=Intel64 Family 6 Model 165 Stepping 2, GenuineIntel
TMP=C:\Users\zinzi\AppData\Local\Temp
TEMP=C:\Users\zinzi\AppData\Local\Temp




Periodic native trim disabled

---------------  S Y S T E M  ---------------

OS:
 Windows 11 , 64 bit Build 22621 (10.0.22621.4974)
OS uptime: 1 days 23:22 hours
Hyper-V role detected

CPU: total 12 (initial active 12) (6 cores per cpu, 2 threads per core) family 6 model 165 stepping 2 microcode 0xe0, cx8, cmov, fxsr, ht, mmx, 3dnowpref, sse, sse2, sse3, ssse3, sse4.1, sse4.2, popcnt, lzcnt, tsc, tscinvbit, avx, avx2, aes, erms, clmul, bmi1, bmi2, adx, fma, vzeroupper, clflush, clflushopt, hv, rdtscp, f16c
Processor Information for the first 12 processors :
  Max Mhz: 2592, Current Mhz: 2292, Mhz Limit: 2592

Memory: 4k page, system-wide physical 16205M (5604M free)
TotalPageFile size 18253M (AvailPageFile size 47M)
current process WorkingSet (physical memory assigned to process): 25M, peak: 25M
current process commit charge ("private bytes"): 164M, peak: 165M

vm_info: OpenJDK 64-Bit Server VM (21.0.6+7-LTS) for windows-amd64 JRE (21.0.6+7-LTS), built on 2025-01-21T00:00:00Z by "admin" with MS VC++ 17.7 (VS2022)

END.
