#
# There is insufficient memory for the Java Runtime Environment to continue.
# Native memory allocation (malloc) failed to allocate 1004976 bytes. Error detail: Chunk::new
# Possible reasons:
#   The system is out of physical RAM or swap space
#   This process is running with CompressedOops enabled, and the Java Heap may be blocking the growth of the native heap
# Possible solutions:
#   Reduce memory load on the system
#   Increase physical memory or swap space
#   Check if swap backing store is full
#   Decrease Java heap size (-Xmx/-Xms)
#   Decrease number of Java threads
#   Decrease Java thread stack sizes (-Xss)
#   Set larger code cache with -XX:ReservedCodeCacheSize=
#   JVM is running with Unscaled Compressed Oops mode in which the Java heap is
#     placed in the first 4GB address space. The Java Heap base address is the
#     maximum limit for the native heap growth. Please use -XX:HeapBaseMinAddress
#     to set the Java Heap base and to place the Java Heap above 4GB virtual address.
# This output file may be truncated or incomplete.
#
#  Out of Memory Error (arena.cpp:168), pid=9944, tid=13496
#
# JRE version: OpenJDK Runtime Environment Temurin-21.0.6+7 (21.0.6+7) (build 21.0.6+7-LTS)
# Java VM: OpenJDK 64-Bit Server VM Temurin-21.0.6+7 (21.0.6+7-LTS, mixed mode, sharing, tiered, compressed oops, compressed class ptrs, parallel gc, windows-amd64)
# No core dump will be written. Minidumps are not enabled by default on client versions of Windows
#

---------------  S U M M A R Y ------------

Command Line: --add-modules=ALL-SYSTEM --add-opens=java.base/java.util=ALL-UNNAMED --add-opens=java.base/java.lang=ALL-UNNAMED --add-opens=java.base/sun.nio.fs=ALL-UNNAMED -Declipse.application=org.eclipse.jdt.ls.core.id1 -Dosgi.bundles.defaultStartLevel=4 -Declipse.product=org.eclipse.jdt.ls.core.product -Djava.import.generatesMetadataFilesAtProjectRoot=false -DDetectVMInstallationsJob.disabled=true -Dfile.encoding=utf8 -XX:+UseParallelGC -XX:GCTimeRatio=4 -XX:AdaptiveSizePolicyWeight=90 -Dsun.zip.disableMemoryMapping=true -Xmx1G -Xms100m -Xlog:disable -javaagent:c:\Users\zinzi\.vscode\extensions\redhat.java-1.40.0-win32-x64\lombok\lombok-1.18.36.jar -XX:+HeapDumpOnOutOfMemoryError -XX:HeapDumpPath=c:\Users\zinzi\AppData\Roaming\Code\User\workspaceStorage\1531145508dfbda3fe65cda5b18105b1\redhat.java -Daether.dependencyCollector.impl=bf c:\Users\zinzi\.vscode\extensions\redhat.java-1.40.0-win32-x64\server\plugins\org.eclipse.equinox.launcher_1.6.1000.v20250131-0606.jar -configuration c:\Users\zinzi\AppData\Roaming\Code\User\globalStorage\redhat.java\1.40.0\config_win -data c:\Users\zinzi\AppData\Roaming\Code\User\workspaceStorage\1531145508dfbda3fe65cda5b18105b1\redhat.java\jdt_ws --pipe=\\.\pipe\lsp-6b2f0a5b0fb8cfcf4565fc68a795c834-sock

Host: Intel(R) Core(TM) i7-10750H CPU @ 2.60GHz, 12 cores, 15G,  Windows 11 , 64 bit Build 22621 (10.0.22621.4974)
Time: Fri Mar 21 22:35:26 2025 SE Asia Standard Time elapsed time: 12.923334 seconds (0d 0h 0m 12s)

---------------  T H R E A D  ---------------

Current thread (0x00000206753b22e0):  JavaThread "C2 CompilerThread2" daemon [_thread_in_native, id=13496, stack(0x0000007dafd00000,0x0000007dafe00000) (1024K)]


Current CompileTask:
C2:12923 8455   !   4       org.eclipse.osgi.internal.loader.BundleLoader::findRequiredSource (283 bytes)

Stack: [0x0000007dafd00000,0x0000007dafe00000]
Native frames: (J=compiled Java code, j=interpreted, Vv=VM code, C=native code)
V  [jvm.dll+0x6cdee9]
V  [jvm.dll+0x8a83d1]
V  [jvm.dll+0x8aa8fe]
V  [jvm.dll+0x8aafe3]
V  [jvm.dll+0x27f706]
V  [jvm.dll+0xc500d]
V  [jvm.dll+0xc5543]
V  [jvm.dll+0x3b6752]
V  [jvm.dll+0x1dfc8a]
V  [jvm.dll+0x247b42]
V  [jvm.dll+0x246fcf]
V  [jvm.dll+0x1c75ee]
V  [jvm.dll+0x25685a]
V  [jvm.dll+0x254dfa]
V  [jvm.dll+0x3f0256]
V  [jvm.dll+0x851f8b]
V  [jvm.dll+0x6cc5ed]
C  [ucrtbase.dll+0x29333]
C  [KERNEL32.DLL+0x1259d]
C  [ntdll.dll+0x5af38]


---------------  P R O C E S S  ---------------

Threads class SMR info:
_java_thread_list=0x000002067f177cd0, length=53, elements={
0x000002066de91e10, 0x0000020675284090, 0x0000020675285430, 0x00000206752866d0,
0x00000206752875e0, 0x00000206752886a0, 0x000002067528cae0, 0x00000206752ae6a0,
0x00000206752c2080, 0x000002067539e1b0, 0x00000206755d6f90, 0x0000020675d42ef0,
0x000002067599f130, 0x0000020675b9cd60, 0x000002067a1c6630, 0x0000020675b404e0,
0x000002067a59d710, 0x000002067a60c230, 0x00000206754d65b0, 0x000002067a60d5e0,
0x000002067a60dc70, 0x000002067a60e990, 0x000002067a60b510, 0x00000206753b22e0,
0x000002067b9f93d0, 0x000002067b9f6c70, 0x000002067b9f9a60, 0x000002067b9f4ba0,
0x000002067b9f7300, 0x000002067b9f8020, 0x000002067b9f86b0, 0x000002067b9f7990,
0x000002067b9f8d40, 0x000002067b9f2ad0, 0x000002067b9f58c0, 0x000002067b9fa0f0,
0x000002067b9f3160, 0x000002067b9f3e80, 0x000002067b9f37f0, 0x000002067b9f4510,
0x000002067b9f5230, 0x000002067b9f5f50, 0x000002067b9f65e0, 0x000002067a5bd280,
0x000002067a5bab20, 0x000002067a5b9770, 0x000002067a5b76a0, 0x000002067a5bc560,
0x000002067a5bcbf0, 0x000002067a5ba490, 0x000002067a5b90e0, 0x000002067a5b7010,
0x000002067a5b7d30
}

Java Threads: ( => current thread )
  0x000002066de91e10 JavaThread "main"                              [_thread_blocked, id=4448, stack(0x0000007dad900000,0x0000007dada00000) (1024K)]
  0x0000020675284090 JavaThread "Reference Handler"          daemon [_thread_blocked, id=10924, stack(0x0000007dadd00000,0x0000007dade00000) (1024K)]
  0x0000020675285430 JavaThread "Finalizer"                  daemon [_thread_blocked, id=12136, stack(0x0000007dade00000,0x0000007dadf00000) (1024K)]
  0x00000206752866d0 JavaThread "Signal Dispatcher"          daemon [_thread_blocked, id=10276, stack(0x0000007dadf00000,0x0000007dae000000) (1024K)]
  0x00000206752875e0 JavaThread "Attach Listener"            daemon [_thread_blocked, id=1788, stack(0x0000007dae000000,0x0000007dae100000) (1024K)]
  0x00000206752886a0 JavaThread "Service Thread"             daemon [_thread_blocked, id=20312, stack(0x0000007dae100000,0x0000007dae200000) (1024K)]
  0x000002067528cae0 JavaThread "Monitor Deflation Thread"   daemon [_thread_blocked, id=11536, stack(0x0000007dae200000,0x0000007dae300000) (1024K)]
  0x00000206752ae6a0 JavaThread "C2 CompilerThread0"         daemon [_thread_blocked, id=17056, stack(0x0000007dae300000,0x0000007dae400000) (1024K)]
  0x00000206752c2080 JavaThread "C1 CompilerThread0"         daemon [_thread_blocked, id=12628, stack(0x0000007dae400000,0x0000007dae500000) (1024K)]
  0x000002067539e1b0 JavaThread "Common-Cleaner"             daemon [_thread_blocked, id=16540, stack(0x0000007dae500000,0x0000007dae600000) (1024K)]
  0x00000206755d6f90 JavaThread "Notification Thread"        daemon [_thread_blocked, id=12456, stack(0x0000007dae700000,0x0000007dae800000) (1024K)]
  0x0000020675d42ef0 JavaThread "Active Thread: Equinox Container: e685d6bc-a4d8-4d3d-a267-264e2f1a92c7"        [_thread_blocked, id=12432, stack(0x0000007daef00000,0x0000007daf000000) (1024K)]
  0x000002067599f130 JavaThread "Refresh Thread: Equinox Container: e685d6bc-a4d8-4d3d-a267-264e2f1a92c7" daemon [_thread_blocked, id=19260, stack(0x0000007daf000000,0x0000007daf100000) (1024K)]
  0x0000020675b9cd60 JavaThread "Framework Event Dispatcher: Equinox Container: e685d6bc-a4d8-4d3d-a267-264e2f1a92c7" daemon [_thread_blocked, id=19968, stack(0x0000007daf200000,0x0000007daf300000) (1024K)]
  0x000002067a1c6630 JavaThread "Start Level: Equinox Container: e685d6bc-a4d8-4d3d-a267-264e2f1a92c7" daemon [_thread_blocked, id=9684, stack(0x0000007daf300000,0x0000007daf400000) (1024K)]
  0x0000020675b404e0 JavaThread "Bundle File Closer"         daemon [_thread_blocked, id=16824, stack(0x0000007daf400000,0x0000007daf500000) (1024K)]
  0x000002067a59d710 JavaThread "SCR Component Actor"        daemon [_thread_blocked, id=6280, stack(0x0000007daf700000,0x0000007daf800000) (1024K)]
  0x000002067a60c230 JavaThread "Worker-JM"                         [_thread_blocked, id=2452, stack(0x0000007daf900000,0x0000007dafa00000) (1024K)]
  0x00000206754d65b0 JavaThread "C2 CompilerThread1"         daemon [_thread_blocked, id=4240, stack(0x0000007dae600000,0x0000007dae700000) (1024K)]
  0x000002067a60d5e0 JavaThread "JNA Cleaner"                daemon [_thread_blocked, id=11868, stack(0x0000007dae800000,0x0000007dae900000) (1024K)]
  0x000002067a60dc70 JavaThread "Worker-0"                          [_thread_blocked, id=17080, stack(0x0000007dafa00000,0x0000007dafb00000) (1024K)]
  0x000002067a60e990 JavaThread "Worker-1"                          [_thread_blocked, id=20400, stack(0x0000007dafb00000,0x0000007dafc00000) (1024K)]
  0x000002067a60b510 JavaThread "Worker-2"                          [_thread_blocked, id=5744, stack(0x0000007dafc00000,0x0000007dafd00000) (1024K)]
=>0x00000206753b22e0 JavaThread "C2 CompilerThread2"         daemon [_thread_in_native, id=13496, stack(0x0000007dafd00000,0x0000007dafe00000) (1024K)]
  0x000002067b9f93d0 JavaThread "Java indexing"              daemon [_thread_blocked, id=16748, stack(0x0000007dafe00000,0x0000007daff00000) (1024K)]
  0x000002067b9f6c70 JavaThread "Worker-3"                          [_thread_blocked, id=10188, stack(0x0000007daff00000,0x0000007db0000000) (1024K)]
  0x000002067b9f9a60 JavaThread "Worker-4"                          [_thread_blocked, id=3412, stack(0x0000007db0000000,0x0000007db0100000) (1024K)]
  0x000002067b9f4ba0 JavaThread "Worker-5: Java indexing... "        [_thread_blocked, id=5332, stack(0x0000007db0100000,0x0000007db0200000) (1024K)]
  0x000002067b9f7300 JavaThread "Worker-6"                          [_thread_blocked, id=20124, stack(0x0000007db0200000,0x0000007db0300000) (1024K)]
  0x000002067b9f8020 JavaThread "Thread-2"                   daemon [_thread_in_native, id=4732, stack(0x0000007db0300000,0x0000007db0400000) (1024K)]
  0x000002067b9f86b0 JavaThread "Thread-3"                   daemon [_thread_in_native, id=1912, stack(0x0000007db0400000,0x0000007db0500000) (1024K)]
  0x000002067b9f7990 JavaThread "Thread-4"                   daemon [_thread_in_native, id=1700, stack(0x0000007db0500000,0x0000007db0600000) (1024K)]
  0x000002067b9f8d40 JavaThread "Thread-5"                   daemon [_thread_in_native, id=2892, stack(0x0000007db0600000,0x0000007db0700000) (1024K)]
  0x000002067b9f2ad0 JavaThread "Thread-6"                   daemon [_thread_in_native, id=16900, stack(0x0000007db0700000,0x0000007db0800000) (1024K)]
  0x000002067b9f58c0 JavaThread "Thread-7"                   daemon [_thread_in_native, id=9864, stack(0x0000007db0800000,0x0000007db0900000) (1024K)]
  0x000002067b9fa0f0 JavaThread "Thread-8"                   daemon [_thread_in_native, id=4264, stack(0x0000007db0900000,0x0000007db0a00000) (1024K)]
  0x000002067b9f3160 JavaThread "Thread-9"                   daemon [_thread_in_native, id=19904, stack(0x0000007db0a00000,0x0000007db0b00000) (1024K)]
  0x000002067b9f3e80 JavaThread "Thread-10"                  daemon [_thread_in_native, id=10940, stack(0x0000007db0b00000,0x0000007db0c00000) (1024K)]
  0x000002067b9f37f0 JavaThread "Thread-11"                  daemon [_thread_in_native, id=9768, stack(0x0000007db0c00000,0x0000007db0d00000) (1024K)]
  0x000002067b9f4510 JavaThread "Thread-12"                  daemon [_thread_in_native, id=3472, stack(0x0000007db0d00000,0x0000007db0e00000) (1024K)]
  0x000002067b9f5230 JavaThread "Thread-13"                  daemon [_thread_in_native, id=12852, stack(0x0000007db0e00000,0x0000007db0f00000) (1024K)]
  0x000002067b9f5f50 JavaThread "Thread-14"                  daemon [_thread_in_native, id=8564, stack(0x0000007db0f00000,0x0000007db1000000) (1024K)]
  0x000002067b9f65e0 JavaThread "pool-2-thread-1"                   [_thread_blocked, id=15104, stack(0x0000007db1000000,0x0000007db1100000) (1024K)]
  0x000002067a5bd280 JavaThread "Worker-7: Synchronize Gradle projects with workspace"        [_thread_blocked, id=11128, stack(0x0000007db1100000,0x0000007db1200000) (1024K)]
  0x000002067a5bab20 JavaThread "WorkspaceEventsHandler"            [_thread_blocked, id=8428, stack(0x0000007db1200000,0x0000007db1300000) (1024K)]
  0x000002067a5b9770 JavaThread "pool-1-thread-1"                   [_thread_blocked, id=10776, stack(0x0000007db1300000,0x0000007db1400000) (1024K)]
  0x000002067a5b76a0 JavaThread "Timer-0"                           [_thread_blocked, id=19592, stack(0x0000007db1400000,0x0000007db1500000) (1024K)]
  0x000002067a5bc560 JavaThread "Worker-8"                          [_thread_blocked, id=18032, stack(0x0000007db1500000,0x0000007db1600000) (1024K)]
  0x000002067a5bcbf0 JavaThread "Timer-1"                           [_thread_blocked, id=17932, stack(0x0000007db1600000,0x0000007db1700000) (1024K)]
  0x000002067a5ba490 JavaThread "Timer-2"                           [_thread_blocked, id=13596, stack(0x0000007daf800000,0x0000007daf900000) (1024K)]
  0x000002067a5b90e0 JavaThread "Timer-3"                           [_thread_blocked, id=1132, stack(0x0000007db1700000,0x0000007db1800000) (1024K)]
  0x000002067a5b7010 JavaThread "Timer-4"                           [_thread_blocked, id=20392, stack(0x0000007db1800000,0x0000007db1900000) (1024K)]
  0x000002067a5b7d30 JavaThread "Connection worker"                 [_thread_blocked, id=6632, stack(0x0000007db1900000,0x0000007db1a00000) (1024K)]
Total: 53

Other Threads:
  0x00000206732650b0 VMThread "VM Thread"                           [id=10148, stack(0x0000007dadc00000,0x0000007dadd00000) (1024K)]
  0x000002067315ca00 WatcherThread "VM Periodic Task Thread"        [id=19532, stack(0x0000007dadb00000,0x0000007dadc00000) (1024K)]
  0x000002066deaeda0 WorkerThread "GC Thread#0"                     [id=8680, stack(0x0000007dada00000,0x0000007dadb00000) (1024K)]
  0x00000206757978a0 WorkerThread "GC Thread#1"                     [id=4364, stack(0x0000007dae900000,0x0000007daea00000) (1024K)]
  0x000002067561c640 WorkerThread "GC Thread#2"                     [id=17032, stack(0x0000007daea00000,0x0000007daeb00000) (1024K)]
  0x000002067561c9e0 WorkerThread "GC Thread#3"                     [id=12048, stack(0x0000007daeb00000,0x0000007daec00000) (1024K)]
  0x000002067561cd80 WorkerThread "GC Thread#4"                     [id=7776, stack(0x0000007daec00000,0x0000007daed00000) (1024K)]
  0x000002067561d120 WorkerThread "GC Thread#5"                     [id=8920, stack(0x0000007daed00000,0x0000007daee00000) (1024K)]
  0x000002067561d4c0 WorkerThread "GC Thread#6"                     [id=16868, stack(0x0000007daee00000,0x0000007daef00000) (1024K)]
  0x000002067a23c630 WorkerThread "GC Thread#7"                     [id=16164, stack(0x0000007daf100000,0x0000007daf200000) (1024K)]
  0x000002067a3263d0 WorkerThread "GC Thread#8"                     [id=17528, stack(0x0000007daf500000,0x0000007daf600000) (1024K)]
  0x000002067a3275f0 WorkerThread "GC Thread#9"                     [id=10612, stack(0x0000007daf600000,0x0000007daf700000) (1024K)]
Total: 12

Threads with active compile tasks:
C2 CompilerThread0  12955 8543   !   4       org.eclipse.osgi.internal.loader.BundleLoader::findClass0 (491 bytes)
C2 CompilerThread1  12955 8527   !   4       org.eclipse.jdt.internal.core.search.indexing.AddJrtToIndex$JrtIndexer::visitFile (133 bytes)
C2 CompilerThread2  12955 8455   !   4       org.eclipse.osgi.internal.loader.BundleLoader::findRequiredSource (283 bytes)
Total: 3

VM state: at safepoint (normal execution)

VM Mutex/Monitor currently owned by a thread:  ([mutex/lock_event])
[0x00007ff84182e380] Threads_lock - owner thread: 0x00000206732650b0
[0x00007ff84182e480] Heap_lock - owner thread: 0x000002067a5b7d30

Heap address: 0x00000000c0000000, size: 1024 MB, Compressed Oops mode: 32-bit

CDS archive(s) mapped at: [0x000002060f000000-0x000002060fba0000-0x000002060fba0000), size 12189696, SharedBaseAddress: 0x000002060f000000, ArchiveRelocationMode: 1.
Compressed class space mapped at: 0x0000020610000000-0x0000020650000000, reserved size: 1073741824
Narrow klass base: 0x000002060f000000, Narrow klass shift: 0, Narrow klass range: 0x100000000

GC Precious Log:
 CardTable entry size: 512
 CPUs: 12 total, 12 available
 Memory: 16205M
 Large Page Support: Disabled
 NUMA Support: Disabled
 Compressed Oops: Enabled (32-bit)
 Alignments: Space 512K, Generation 512K, Heap 2M
 Heap Min Capacity: 100M
 Heap Initial Capacity: 100M
 Heap Max Capacity: 1G
 Pre-touch: Disabled
 Parallel Workers: 10

Heap:
 PSYoungGen      total 10752K, used 786K [0x00000000eab00000, 0x00000000eb780000, 0x0000000100000000)
  eden space 9728K, 0% used [0x00000000eab00000,0x00000000eab00000,0x00000000eb480000)
  from space 1024K, 76% used [0x00000000eb480000,0x00000000eb5448c0,0x00000000eb580000)
  to   space 1536K, 0% used [0x00000000eb600000,0x00000000eb600000,0x00000000eb780000)
 ParOldGen       total 163328K, used 163096K [0x00000000c0000000, 0x00000000c9f80000, 0x00000000eab00000)
  object space 163328K, 99% used [0x00000000c0000000,0x00000000c9f46048,0x00000000c9f80000)
 Metaspace       used 58505K, committed 59776K, reserved 1114112K
  class space    used 6986K, committed 7552K, reserved 1048576K

Card table byte_map: [0x000002066d830000,0x000002066da40000] _byte_map_base: 0x000002066d230000

Marking Bits: (ParMarkBitMap*) 0x00007ff841833260
 Begin Bits: [0x0000020671080000, 0x0000020672080000)
 End Bits:   [0x0000020672080000, 0x0000020673080000)

Polling page: 0x000002066be70000

Metaspace:

Usage:
  Non-class:     50.31 MB used.
      Class:      6.82 MB used.
       Both:     57.13 MB used.

Virtual space:
  Non-class space:       64.00 MB reserved,      51.00 MB ( 80%) committed,  1 nodes.
      Class space:        1.00 GB reserved,       7.38 MB ( <1%) committed,  1 nodes.
             Both:        1.06 GB reserved,      58.38 MB (  5%) committed. 

Chunk freelists:
   Non-Class:  12.56 MB
       Class:  8.66 MB
        Both:  21.22 MB

MaxMetaspaceSize: unlimited
CompressedClassSpaceSize: 1.00 GB
Initial GC threshold: 21.00 MB
Current GC threshold: 58.38 MB
CDS: on
 - commit_granule_bytes: 65536.
 - commit_granule_words: 8192.
 - virtual_space_node_default_size: 8388608.
 - enlarge_chunks_in_place: 1.
 - use_allocation_guard: 0.


Internal statistics:

num_allocs_failed_limit: 9.
num_arena_births: 970.
num_arena_deaths: 14.
num_vsnodes_births: 2.
num_vsnodes_deaths: 0.
num_space_committed: 934.
num_space_uncommitted: 0.
num_chunks_returned_to_freelist: 23.
num_chunks_taken_from_freelist: 3589.
num_chunk_merges: 15.
num_chunk_splits: 2277.
num_chunks_enlarged: 1369.
num_inconsistent_stats: 0.

CodeHeap 'non-profiled nmethods': size=120000Kb used=4885Kb max_used=5115Kb free=115114Kb
 bounds [0x0000020607ad0000, 0x0000020607fd0000, 0x000002060f000000]
CodeHeap 'profiled nmethods': size=120000Kb used=14803Kb max_used=15873Kb free=105196Kb
 bounds [0x0000020600000000, 0x0000020600f90000, 0x0000020607530000]
CodeHeap 'non-nmethods': size=5760Kb used=1397Kb max_used=1495Kb free=4362Kb
 bounds [0x0000020607530000, 0x00000206077a0000, 0x0000020607ad0000]
 total_blobs=8278 nmethods=7579 adapters=605
 compilation: enabled
              stopped_count=0, restarted_count=0
 full_count=0

Compilation events (20 events):
Event: 12.474 Thread 0x00000206754d65b0 nmethod 8533 0x0000020607fc0010 code [0x0000020607fc01e0, 0x0000020607fc07f0]
Event: 12.474 Thread 0x00000206754d65b0 8534   !   4       org.eclipse.osgi.internal.loader.BundleLoader::getImportedSources (114 bytes)
Event: 12.478 Thread 0x00000206752c2080 8536       3       org.eclipse.jdt.internal.compiler.util.Util::scanClassTypeSignature (109 bytes)
Event: 12.479 Thread 0x00000206752c2080 nmethod 8536 0x0000020600f7e990 code [0x0000020600f7ec00, 0x0000020600f7f508]
Event: 12.524 Thread 0x00000206754d65b0 nmethod 8534 0x0000020607fc0b10 code [0x0000020607fc0dc0, 0x0000020607fc1ea8]
Event: 12.524 Thread 0x00000206754d65b0 8538       4       org.eclipse.jdt.internal.compiler.util.Util::scanIdentifier (71 bytes)
Event: 12.527 Thread 0x00000206754d65b0 nmethod 8538 0x0000020607fc2890 code [0x0000020607fc2a20, 0x0000020607fc2c20]
Event: 12.527 Thread 0x00000206754d65b0 8539       4       org.eclipse.jdt.internal.core.search.indexing.AbstractIndexer::addConstructorDeclaration (97 bytes)
Event: 12.534 Thread 0x00000206754d65b0 nmethod 8539 0x0000020607fc2d90 code [0x0000020607fc2f80, 0x0000020607fc3310]
Event: 12.534 Thread 0x00000206754d65b0 8527   !   4       org.eclipse.jdt.internal.core.search.indexing.AddJrtToIndex$JrtIndexer::visitFile (133 bytes)
Event: 12.575 Thread 0x00000206752ae6a0 nmethod 8524 0x0000020607fc3790 code [0x0000020607fc3c80, 0x0000020607fc71c0]
Event: 12.576 Thread 0x00000206752ae6a0 8540   !   4       org.eclipse.osgi.internal.loader.BundleLoader::findLocalClass (166 bytes)
Event: 12.592 Thread 0x00000206752ae6a0 nmethod 8540 0x0000020607fc9690 code [0x0000020607fc98c0, 0x0000020607fca1b0]
Event: 12.592 Thread 0x00000206752ae6a0 8542 % !   4       org.gradle.internal.daemon.client.serialization.ClasspathInferer::find @ 200 (383 bytes)
Event: 12.694 Thread 0x00000206752ae6a0 nmethod 8542% 0x0000020607fcab10 code [0x0000020607fcae40, 0x0000020607fcd4e8]
Event: 12.695 Thread 0x00000206752ae6a0 8543   !   4       org.eclipse.osgi.internal.loader.BundleLoader::findClass0 (491 bytes)
Event: 12.773 Thread 0x00000206752c2080 8552       2       org.eclipse.jdt.internal.compiler.classfmt.FieldInfo::decodeAnnotations (185 bytes)
Event: 12.774 Thread 0x00000206752c2080 nmethod 8552 0x0000020600f7f890 code [0x0000020600f7fa80, 0x0000020600f80260]
Event: 12.814 Thread 0x00000206752c2080 8553       1       org.eclipse.jdt.internal.compiler.classfmt.ModuleInfo$PackageExportInfo::name (5 bytes)
Event: 12.815 Thread 0x00000206752c2080 nmethod 8553 0x0000020607fcec10 code [0x0000020607fceda0, 0x0000020607fcee68]

GC Heap History (20 events):
Event: 12.410 GC heap after
{Heap after GC invocations=84 (full 2):
 PSYoungGen      total 11264K, used 1011K [0x00000000eab00000, 0x00000000ebe00000, 0x0000000100000000)
  eden space 10240K, 0% used [0x00000000eab00000,0x00000000eab00000,0x00000000eb500000)
  from space 1024K, 98% used [0x00000000eb900000,0x00000000eb9fcc08,0x00000000eba00000)
  to   space 4096K, 0% used [0x00000000eb500000,0x00000000eb500000,0x00000000eb900000)
 ParOldGen       total 148992K, used 148894K [0x00000000c0000000, 0x00000000c9180000, 0x00000000eab00000)
  object space 148992K, 99% used [0x00000000c0000000,0x00000000c9167930,0x00000000c9180000)
 Metaspace       used 57084K, committed 58368K, reserved 1114112K
  class space    used 6640K, committed 7232K, reserved 1048576K
}
Event: 12.462 GC heap before
{Heap before GC invocations=85 (full 2):
 PSYoungGen      total 11264K, used 11251K [0x00000000eab00000, 0x00000000ebe00000, 0x0000000100000000)
  eden space 10240K, 100% used [0x00000000eab00000,0x00000000eb500000,0x00000000eb500000)
  from space 1024K, 98% used [0x00000000eb900000,0x00000000eb9fcc08,0x00000000eba00000)
  to   space 4096K, 0% used [0x00000000eb500000,0x00000000eb500000,0x00000000eb900000)
 ParOldGen       total 148992K, used 148894K [0x00000000c0000000, 0x00000000c9180000, 0x00000000eab00000)
  object space 148992K, 99% used [0x00000000c0000000,0x00000000c9167930,0x00000000c9180000)
 Metaspace       used 57324K, committed 58624K, reserved 1114112K
  class space    used 6696K, committed 7296K, reserved 1048576K
}
Event: 12.465 GC heap after
{Heap after GC invocations=85 (full 2):
 PSYoungGen      total 12288K, used 1771K [0x00000000eab00000, 0x00000000eba00000, 0x0000000100000000)
  eden space 10240K, 0% used [0x00000000eab00000,0x00000000eab00000,0x00000000eb500000)
  from space 2048K, 86% used [0x00000000eb500000,0x00000000eb6bad10,0x00000000eb700000)
  to   space 2560K, 0% used [0x00000000eb780000,0x00000000eb780000,0x00000000eba00000)
 ParOldGen       total 150016K, used 149896K [0x00000000c0000000, 0x00000000c9280000, 0x00000000eab00000)
  object space 150016K, 99% used [0x00000000c0000000,0x00000000c92620d0,0x00000000c9280000)
 Metaspace       used 57324K, committed 58624K, reserved 1114112K
  class space    used 6696K, committed 7296K, reserved 1048576K
}
Event: 12.507 GC heap before
{Heap before GC invocations=86 (full 2):
 PSYoungGen      total 12288K, used 12011K [0x00000000eab00000, 0x00000000eba00000, 0x0000000100000000)
  eden space 10240K, 100% used [0x00000000eab00000,0x00000000eb500000,0x00000000eb500000)
  from space 2048K, 86% used [0x00000000eb500000,0x00000000eb6bad10,0x00000000eb700000)
  to   space 2560K, 0% used [0x00000000eb780000,0x00000000eb780000,0x00000000eba00000)
 ParOldGen       total 150016K, used 149896K [0x00000000c0000000, 0x00000000c9280000, 0x00000000eab00000)
  object space 150016K, 99% used [0x00000000c0000000,0x00000000c92620d0,0x00000000c9280000)
 Metaspace       used 57535K, committed 58816K, reserved 1114112K
  class space    used 6753K, committed 7296K, reserved 1048576K
}
Event: 12.509 GC heap after
{Heap after GC invocations=86 (full 2):
 PSYoungGen      total 12288K, used 1860K [0x00000000eab00000, 0x00000000eb980000, 0x0000000100000000)
  eden space 10240K, 0% used [0x00000000eab00000,0x00000000eab00000,0x00000000eb500000)
  from space 2048K, 90% used [0x00000000eb780000,0x00000000eb951150,0x00000000eb980000)
  to   space 2048K, 0% used [0x00000000eb500000,0x00000000eb500000,0x00000000eb700000)
 ParOldGen       total 151552K, used 151399K [0x00000000c0000000, 0x00000000c9400000, 0x00000000eab00000)
  object space 151552K, 99% used [0x00000000c0000000,0x00000000c93d9da8,0x00000000c9400000)
 Metaspace       used 57535K, committed 58816K, reserved 1114112K
  class space    used 6753K, committed 7296K, reserved 1048576K
}
Event: 12.621 GC heap before
{Heap before GC invocations=87 (full 2):
 PSYoungGen      total 12288K, used 12100K [0x00000000eab00000, 0x00000000eb980000, 0x0000000100000000)
  eden space 10240K, 100% used [0x00000000eab00000,0x00000000eb500000,0x00000000eb500000)
  from space 2048K, 90% used [0x00000000eb780000,0x00000000eb951150,0x00000000eb980000)
  to   space 2048K, 0% used [0x00000000eb500000,0x00000000eb500000,0x00000000eb700000)
 ParOldGen       total 151552K, used 151399K [0x00000000c0000000, 0x00000000c9400000, 0x00000000eab00000)
  object space 151552K, 99% used [0x00000000c0000000,0x00000000c93d9da8,0x00000000c9400000)
 Metaspace       used 57846K, committed 59200K, reserved 1114112K
  class space    used 6828K, committed 7424K, reserved 1048576K
}
Event: 12.624 GC heap after
{Heap after GC invocations=87 (full 2):
 PSYoungGen      total 12288K, used 1525K [0x00000000eab00000, 0x00000000eb900000, 0x0000000100000000)
  eden space 10240K, 0% used [0x00000000eab00000,0x00000000eab00000,0x00000000eb500000)
  from space 2048K, 74% used [0x00000000eb500000,0x00000000eb67d640,0x00000000eb700000)
  to   space 2048K, 0% used [0x00000000eb700000,0x00000000eb700000,0x00000000eb900000)
 ParOldGen       total 153600K, used 153098K [0x00000000c0000000, 0x00000000c9600000, 0x00000000eab00000)
  object space 153600K, 99% used [0x00000000c0000000,0x00000000c9582948,0x00000000c9600000)
 Metaspace       used 57846K, committed 59200K, reserved 1114112K
  class space    used 6828K, committed 7424K, reserved 1048576K
}
Event: 12.675 GC heap before
{Heap before GC invocations=88 (full 2):
 PSYoungGen      total 12288K, used 11765K [0x00000000eab00000, 0x00000000eb900000, 0x0000000100000000)
  eden space 10240K, 100% used [0x00000000eab00000,0x00000000eb500000,0x00000000eb500000)
  from space 2048K, 74% used [0x00000000eb500000,0x00000000eb67d640,0x00000000eb700000)
  to   space 2048K, 0% used [0x00000000eb700000,0x00000000eb700000,0x00000000eb900000)
 ParOldGen       total 153600K, used 153098K [0x00000000c0000000, 0x00000000c9600000, 0x00000000eab00000)
  object space 153600K, 99% used [0x00000000c0000000,0x00000000c9582948,0x00000000c9600000)
 Metaspace       used 58035K, committed 59328K, reserved 1114112K
  class space    used 6858K, committed 7424K, reserved 1048576K
}
Event: 12.677 GC heap after
{Heap after GC invocations=88 (full 2):
 PSYoungGen      total 12288K, used 1937K [0x00000000eab00000, 0x00000000eb900000, 0x0000000100000000)
  eden space 10240K, 0% used [0x00000000eab00000,0x00000000eab00000,0x00000000eb500000)
  from space 2048K, 94% used [0x00000000eb700000,0x00000000eb8e4520,0x00000000eb900000)
  to   space 2048K, 0% used [0x00000000eb500000,0x00000000eb500000,0x00000000eb700000)
 ParOldGen       total 154624K, used 154507K [0x00000000c0000000, 0x00000000c9700000, 0x00000000eab00000)
  object space 154624K, 99% used [0x00000000c0000000,0x00000000c96e2c78,0x00000000c9700000)
 Metaspace       used 58035K, committed 59328K, reserved 1114112K
  class space    used 6858K, committed 7424K, reserved 1048576K
}
Event: 12.710 GC heap before
{Heap before GC invocations=89 (full 2):
 PSYoungGen      total 12288K, used 12177K [0x00000000eab00000, 0x00000000eb900000, 0x0000000100000000)
  eden space 10240K, 100% used [0x00000000eab00000,0x00000000eb500000,0x00000000eb500000)
  from space 2048K, 94% used [0x00000000eb700000,0x00000000eb8e4520,0x00000000eb900000)
  to   space 2048K, 0% used [0x00000000eb500000,0x00000000eb500000,0x00000000eb700000)
 ParOldGen       total 154624K, used 154507K [0x00000000c0000000, 0x00000000c9700000, 0x00000000eab00000)
  object space 154624K, 99% used [0x00000000c0000000,0x00000000c96e2c78,0x00000000c9700000)
 Metaspace       used 58119K, committed 59392K, reserved 1114112K
  class space    used 6881K, committed 7424K, reserved 1048576K
}
Event: 12.712 GC heap after
{Heap after GC invocations=89 (full 2):
 PSYoungGen      total 12288K, used 1972K [0x00000000eab00000, 0x00000000eb900000, 0x0000000100000000)
  eden space 10240K, 0% used [0x00000000eab00000,0x00000000eab00000,0x00000000eb500000)
  from space 2048K, 96% used [0x00000000eb500000,0x00000000eb6ed358,0x00000000eb700000)
  to   space 2048K, 0% used [0x00000000eb700000,0x00000000eb700000,0x00000000eb900000)
 ParOldGen       total 156672K, used 156196K [0x00000000c0000000, 0x00000000c9900000, 0x00000000eab00000)
  object space 156672K, 99% used [0x00000000c0000000,0x00000000c9889090,0x00000000c9900000)
 Metaspace       used 58119K, committed 59392K, reserved 1114112K
  class space    used 6881K, committed 7424K, reserved 1048576K
}
Event: 12.743 GC heap before
{Heap before GC invocations=90 (full 2):
 PSYoungGen      total 12288K, used 12212K [0x00000000eab00000, 0x00000000eb900000, 0x0000000100000000)
  eden space 10240K, 100% used [0x00000000eab00000,0x00000000eb500000,0x00000000eb500000)
  from space 2048K, 96% used [0x00000000eb500000,0x00000000eb6ed358,0x00000000eb700000)
  to   space 2048K, 0% used [0x00000000eb700000,0x00000000eb700000,0x00000000eb900000)
 ParOldGen       total 156672K, used 156196K [0x00000000c0000000, 0x00000000c9900000, 0x00000000eab00000)
  object space 156672K, 99% used [0x00000000c0000000,0x00000000c9889090,0x00000000c9900000)
 Metaspace       used 58207K, committed 59520K, reserved 1114112K
  class space    used 6913K, committed 7488K, reserved 1048576K
}
Event: 12.745 GC heap after
{Heap after GC invocations=90 (full 2):
 PSYoungGen      total 11776K, used 2040K [0x00000000eab00000, 0x00000000eba00000, 0x0000000100000000)
  eden space 9728K, 0% used [0x00000000eab00000,0x00000000eab00000,0x00000000eb480000)
  from space 2048K, 99% used [0x00000000eb700000,0x00000000eb8fe3a8,0x00000000eb900000)
  to   space 2560K, 0% used [0x00000000eb480000,0x00000000eb480000,0x00000000eb700000)
 ParOldGen       total 158208K, used 157972K [0x00000000c0000000, 0x00000000c9a80000, 0x00000000eab00000)
  object space 158208K, 99% used [0x00000000c0000000,0x00000000c9a45170,0x00000000c9a80000)
 Metaspace       used 58207K, committed 59520K, reserved 1114112K
  class space    used 6913K, committed 7488K, reserved 1048576K
}
Event: 12.774 GC heap before
{Heap before GC invocations=91 (full 2):
 PSYoungGen      total 11776K, used 11768K [0x00000000eab00000, 0x00000000eba00000, 0x0000000100000000)
  eden space 9728K, 100% used [0x00000000eab00000,0x00000000eb480000,0x00000000eb480000)
  from space 2048K, 99% used [0x00000000eb700000,0x00000000eb8fe3a8,0x00000000eb900000)
  to   space 2560K, 0% used [0x00000000eb480000,0x00000000eb480000,0x00000000eb700000)
 ParOldGen       total 158208K, used 157972K [0x00000000c0000000, 0x00000000c9a80000, 0x00000000eab00000)
  object space 158208K, 99% used [0x00000000c0000000,0x00000000c9a45170,0x00000000c9a80000)
 Metaspace       used 58306K, committed 59584K, reserved 1114112K
  class space    used 6945K, committed 7488K, reserved 1048576K
}
Event: 12.776 GC heap after
{Heap after GC invocations=91 (full 2):
 PSYoungGen      total 11776K, used 1840K [0x00000000eab00000, 0x00000000eb880000, 0x0000000100000000)
  eden space 9728K, 0% used [0x00000000eab00000,0x00000000eab00000,0x00000000eb480000)
  from space 2048K, 89% used [0x00000000eb480000,0x00000000eb64c148,0x00000000eb680000)
  to   space 2048K, 0% used [0x00000000eb680000,0x00000000eb680000,0x00000000eb880000)
 ParOldGen       total 160256K, used 159776K [0x00000000c0000000, 0x00000000c9c80000, 0x00000000eab00000)
  object space 160256K, 99% used [0x00000000c0000000,0x00000000c9c08038,0x00000000c9c80000)
 Metaspace       used 58306K, committed 59584K, reserved 1114112K
  class space    used 6945K, committed 7488K, reserved 1048576K
}
Event: 12.805 GC heap before
{Heap before GC invocations=92 (full 2):
 PSYoungGen      total 11776K, used 11568K [0x00000000eab00000, 0x00000000eb880000, 0x0000000100000000)
  eden space 9728K, 100% used [0x00000000eab00000,0x00000000eb480000,0x00000000eb480000)
  from space 2048K, 89% used [0x00000000eb480000,0x00000000eb64c148,0x00000000eb680000)
  to   space 2048K, 0% used [0x00000000eb680000,0x00000000eb680000,0x00000000eb880000)
 ParOldGen       total 160256K, used 159776K [0x00000000c0000000, 0x00000000c9c80000, 0x00000000eab00000)
  object space 160256K, 99% used [0x00000000c0000000,0x00000000c9c08038,0x00000000c9c80000)
 Metaspace       used 58450K, committed 59776K, reserved 1114112K
  class space    used 6973K, committed 7552K, reserved 1048576K
}
Event: 12.807 GC heap after
{Heap after GC invocations=92 (full 2):
 PSYoungGen      total 11776K, used 1863K [0x00000000eab00000, 0x00000000eb880000, 0x0000000100000000)
  eden space 9728K, 0% used [0x00000000eab00000,0x00000000eab00000,0x00000000eb480000)
  from space 2048K, 90% used [0x00000000eb680000,0x00000000eb851c18,0x00000000eb880000)
  to   space 2048K, 0% used [0x00000000eb480000,0x00000000eb480000,0x00000000eb680000)
 ParOldGen       total 161792K, used 161422K [0x00000000c0000000, 0x00000000c9e00000, 0x00000000eab00000)
  object space 161792K, 99% used [0x00000000c0000000,0x00000000c9da3ae0,0x00000000c9e00000)
 Metaspace       used 58450K, committed 59776K, reserved 1114112K
  class space    used 6973K, committed 7552K, reserved 1048576K
}
Event: 12.822 GC heap before
{Heap before GC invocations=93 (full 2):
 PSYoungGen      total 11776K, used 5868K [0x00000000eab00000, 0x00000000eb880000, 0x0000000100000000)
  eden space 9728K, 41% used [0x00000000eab00000,0x00000000eaee9500,0x00000000eb480000)
  from space 2048K, 90% used [0x00000000eb680000,0x00000000eb851c18,0x00000000eb880000)
  to   space 2048K, 0% used [0x00000000eb480000,0x00000000eb480000,0x00000000eb680000)
 ParOldGen       total 161792K, used 161422K [0x00000000c0000000, 0x00000000c9e00000, 0x00000000eab00000)
  object space 161792K, 99% used [0x00000000c0000000,0x00000000c9da3ae0,0x00000000c9e00000)
 Metaspace       used 58505K, committed 59776K, reserved 1114112K
  class space    used 6986K, committed 7552K, reserved 1048576K
}
Event: 12.825 GC heap after
{Heap after GC invocations=93 (full 2):
 PSYoungGen      total 10752K, used 786K [0x00000000eab00000, 0x00000000eb780000, 0x0000000100000000)
  eden space 9728K, 0% used [0x00000000eab00000,0x00000000eab00000,0x00000000eb480000)
  from space 1024K, 76% used [0x00000000eb480000,0x00000000eb5448c0,0x00000000eb580000)
  to   space 1536K, 0% used [0x00000000eb600000,0x00000000eb600000,0x00000000eb780000)
 ParOldGen       total 163328K, used 163096K [0x00000000c0000000, 0x00000000c9f80000, 0x00000000eab00000)
  object space 163328K, 99% used [0x00000000c0000000,0x00000000c9f46048,0x00000000c9f80000)
 Metaspace       used 58505K, committed 59776K, reserved 1114112K
  class space    used 6986K, committed 7552K, reserved 1048576K
}
Event: 12.825 GC heap before
{Heap before GC invocations=94 (full 3):
 PSYoungGen      total 10752K, used 786K [0x00000000eab00000, 0x00000000eb780000, 0x0000000100000000)
  eden space 9728K, 0% used [0x00000000eab00000,0x00000000eab00000,0x00000000eb480000)
  from space 1024K, 76% used [0x00000000eb480000,0x00000000eb5448c0,0x00000000eb580000)
  to   space 1536K, 0% used [0x00000000eb600000,0x00000000eb600000,0x00000000eb780000)
 ParOldGen       total 163328K, used 163096K [0x00000000c0000000, 0x00000000c9f80000, 0x00000000eab00000)
  object space 163328K, 99% used [0x00000000c0000000,0x00000000c9f46048,0x00000000c9f80000)
 Metaspace       used 58505K, committed 59776K, reserved 1114112K
  class space    used 6986K, committed 7552K, reserved 1048576K
}

Dll operation events (13 events):
Event: 0.014 Loaded shared library c:\Users\zinzi\.vscode\extensions\redhat.java-1.40.0-win32-x64\jre\21.0.6-win32-x86_64\bin\java.dll
Event: 0.125 Loaded shared library c:\Users\zinzi\.vscode\extensions\redhat.java-1.40.0-win32-x64\jre\21.0.6-win32-x86_64\bin\zip.dll
Event: 0.161 Loaded shared library C:\Users\zinzi\.vscode\extensions\redhat.java-1.40.0-win32-x64\jre\21.0.6-win32-x86_64\bin\instrument.dll
Event: 0.167 Loaded shared library C:\Users\zinzi\.vscode\extensions\redhat.java-1.40.0-win32-x64\jre\21.0.6-win32-x86_64\bin\net.dll
Event: 0.170 Loaded shared library C:\Users\zinzi\.vscode\extensions\redhat.java-1.40.0-win32-x64\jre\21.0.6-win32-x86_64\bin\nio.dll
Event: 0.176 Loaded shared library C:\Users\zinzi\.vscode\extensions\redhat.java-1.40.0-win32-x64\jre\21.0.6-win32-x86_64\bin\zip.dll
Event: 0.205 Loaded shared library C:\Users\zinzi\.vscode\extensions\redhat.java-1.40.0-win32-x64\jre\21.0.6-win32-x86_64\bin\jimage.dll
Event: 0.327 Loaded shared library c:\Users\zinzi\.vscode\extensions\redhat.java-1.40.0-win32-x64\jre\21.0.6-win32-x86_64\bin\verify.dll
Event: 2.297 Loaded shared library C:\Users\zinzi\AppData\Roaming\Code\User\globalStorage\redhat.java\1.40.0\config_win\org.eclipse.equinox.launcher\org.eclipse.equinox.launcher.win32.win32.x86_64_1.2.1200.v20250212-0927\eclipse_11909.dll
Event: 4.843 Loaded shared library C:\Users\zinzi\AppData\Local\Temp\jna-115907214\jna2303790758060382227.dll
Event: 9.387 Loaded shared library C:\Users\zinzi\.gradle\native\1def1411415f61bf3af743bc5b6707747c0891f09f0c88961ee8f79bc544acac\windows-amd64\native-platform.dll
Event: 11.158 Loaded shared library C:\Users\zinzi\.vscode\extensions\redhat.java-1.40.0-win32-x64\jre\21.0.6-win32-x86_64\bin\management.dll
Event: 11.162 Loaded shared library C:\Users\zinzi\.vscode\extensions\redhat.java-1.40.0-win32-x64\jre\21.0.6-win32-x86_64\bin\management_ext.dll

Deoptimization events (20 events):
Event: 11.693 Thread 0x000002067b9f93d0 DEOPT PACKING pc=0x0000020600deb0f8 sp=0x0000007dafefe300
Event: 11.693 Thread 0x000002067b9f93d0 DEOPT UNPACKING pc=0x0000020607584242 sp=0x0000007dafefd868 mode 0
Event: 11.736 Thread 0x000002067b9f93d0 DEOPT PACKING pc=0x0000020600e94dd7 sp=0x0000007dafefe180
Event: 11.736 Thread 0x000002067b9f93d0 DEOPT UNPACKING pc=0x0000020607584242 sp=0x0000007dafefd5e8 mode 0
Event: 11.736 Thread 0x000002067b9f93d0 DEOPT PACKING pc=0x0000020600e95796 sp=0x0000007dafefe0f0
Event: 11.736 Thread 0x000002067b9f93d0 DEOPT UNPACKING pc=0x0000020607584242 sp=0x0000007dafefd5c8 mode 0
Event: 11.851 Thread 0x000002067a5b7d30 Uncommon trap: trap_request=0xffffff45 fr.pc=0x0000020607d25c98 relative=0x0000000000000338
Event: 11.851 Thread 0x000002067a5b7d30 Uncommon trap: reason=unstable_if action=reinterpret pc=0x0000020607d25c98 method=java.lang.ThreadLocal$ThreadLocalMap.set(Ljava/lang/ThreadLocal;Ljava/lang/Object;)V @ 116 c2
Event: 11.851 Thread 0x000002067a5b7d30 DEOPT PACKING pc=0x0000020607d25c98 sp=0x0000007db19fdd90
Event: 11.851 Thread 0x000002067a5b7d30 DEOPT UNPACKING pc=0x0000020607583aa2 sp=0x0000007db19fdd18 mode 2
Event: 11.964 Thread 0x000002067a5b7d30 DEOPT PACKING pc=0x0000020600f3f0d3 sp=0x0000007db19fd5e0
Event: 11.964 Thread 0x000002067a5b7d30 DEOPT UNPACKING pc=0x0000020607584242 sp=0x0000007db19fca50 mode 0
Event: 12.171 Thread 0x000002067a5b7d30 DEOPT PACKING pc=0x0000020600f55432 sp=0x0000007db19f9290
Event: 12.171 Thread 0x000002067a5b7d30 DEOPT UNPACKING pc=0x0000020607584242 sp=0x0000007db19f87a0 mode 0
Event: 12.586 Thread 0x000002067a5b7d30 DEOPT PACKING pc=0x0000020600f4818c sp=0x0000007db19fcbc0
Event: 12.586 Thread 0x000002067a5b7d30 DEOPT UNPACKING pc=0x0000020607584242 sp=0x0000007db19fc168 mode 0
Event: 12.814 Thread 0x000002067b9f93d0 Uncommon trap: trap_request=0xffffff45 fr.pc=0x0000020607f88c30 relative=0x00000000000064f0
Event: 12.814 Thread 0x000002067b9f93d0 Uncommon trap: reason=unstable_if action=reinterpret pc=0x0000020607f88c30 method=org.eclipse.jdt.internal.compiler.classfmt.ClassFileReader.<init>(Ljava/net/URI;[B[C)V @ 16 c2
Event: 12.814 Thread 0x000002067b9f93d0 DEOPT PACKING pc=0x0000020607f88c30 sp=0x0000007dafefe640
Event: 12.814 Thread 0x000002067b9f93d0 DEOPT UNPACKING pc=0x0000020607583aa2 sp=0x0000007dafefe520 mode 2

Classes loaded (20 events):
Event: 12.065 Loading class java/util/OptionalLong
Event: 12.065 Loading class java/util/OptionalLong done
Event: 12.065 Loading class java/util/OptionalDouble
Event: 12.065 Loading class java/util/OptionalDouble done
Event: 12.228 Loading class java/util/function/ObjIntConsumer
Event: 12.228 Loading class java/util/function/ObjIntConsumer done
Event: 12.609 Loading class java/util/PrimitiveIterator$OfDouble
Event: 12.609 Loading class java/util/PrimitiveIterator
Event: 12.609 Loading class java/util/PrimitiveIterator done
Event: 12.610 Loading class java/util/PrimitiveIterator$OfDouble done
Event: 12.611 Loading class java/util/PrimitiveIterator$OfLong
Event: 12.611 Loading class java/util/PrimitiveIterator$OfLong done
Event: 12.612 Loading class java/util/PrimitiveIterator$OfInt
Event: 12.612 Loading class java/util/PrimitiveIterator$OfInt done
Event: 12.614 Loading class java/util/stream/LongStream
Event: 12.614 Loading class java/util/stream/LongStream done
Event: 12.614 Loading class java/util/stream/DoubleStream
Event: 12.615 Loading class java/util/stream/DoubleStream done
Event: 12.799 Loading class java/util/concurrent/atomic/AtomicIntegerFieldUpdater
Event: 12.800 Loading class java/util/concurrent/atomic/AtomicIntegerFieldUpdater done

Classes unloaded (7 events):
Event: 5.715 Thread 0x00000206732650b0 Unloading class 0x0000020610199400 'java/lang/invoke/LambdaForm$MH+0x0000020610199400'
Event: 5.715 Thread 0x00000206732650b0 Unloading class 0x0000020610199000 'java/lang/invoke/LambdaForm$MH+0x0000020610199000'
Event: 5.715 Thread 0x00000206732650b0 Unloading class 0x0000020610198c00 'java/lang/invoke/LambdaForm$MH+0x0000020610198c00'
Event: 5.715 Thread 0x00000206732650b0 Unloading class 0x0000020610198800 'java/lang/invoke/LambdaForm$MH+0x0000020610198800'
Event: 5.715 Thread 0x00000206732650b0 Unloading class 0x0000020610198400 'java/lang/invoke/LambdaForm$BMH+0x0000020610198400'
Event: 5.715 Thread 0x00000206732650b0 Unloading class 0x0000020610198000 'java/lang/invoke/LambdaForm$DMH+0x0000020610198000'
Event: 5.715 Thread 0x00000206732650b0 Unloading class 0x0000020610196c00 'java/lang/invoke/LambdaForm$DMH+0x0000020610196c00'

Classes redefined (0 events):
No events

Internal exceptions (20 events):
Event: 8.725 Thread 0x000002067a60e990 Exception <a 'sun/nio/fs/WindowsException'{0x00000000eb1ae568}> (0x00000000eb1ae568) 
thrown [s\src\hotspot\share\prims\jni.cpp, line 520]
Event: 8.725 Thread 0x000002067a60e990 Exception <a 'sun/nio/fs/WindowsException'{0x00000000eb1aeef0}> (0x00000000eb1aeef0) 
thrown [s\src\hotspot\share\prims\jni.cpp, line 520]
Event: 8.726 Thread 0x000002067a60e990 Exception <a 'sun/nio/fs/WindowsException'{0x00000000eb1b0a00}> (0x00000000eb1b0a00) 
thrown [s\src\hotspot\share\prims\jni.cpp, line 520]
Event: 8.726 Thread 0x000002067a60e990 Exception <a 'sun/nio/fs/WindowsException'{0x00000000eb1b1388}> (0x00000000eb1b1388) 
thrown [s\src\hotspot\share\prims\jni.cpp, line 520]
Event: 8.727 Thread 0x000002067a60e990 Exception <a 'sun/nio/fs/WindowsException'{0x00000000eb1b2e30}> (0x00000000eb1b2e30) 
thrown [s\src\hotspot\share\prims\jni.cpp, line 520]
Event: 8.727 Thread 0x000002067a60e990 Exception <a 'sun/nio/fs/WindowsException'{0x00000000eb1b37b8}> (0x00000000eb1b37b8) 
thrown [s\src\hotspot\share\prims\jni.cpp, line 520]
Event: 8.750 Thread 0x000002067a60e990 Exception <a 'java/io/FileNotFoundException'{0x00000000eb853928}> (0x00000000eb853928) 
thrown [s\src\hotspot\share\prims\jni.cpp, line 520]
Event: 8.750 Thread 0x000002067a60e990 Exception <a 'java/io/FileNotFoundException'{0x00000000eb854928}> (0x00000000eb854928) 
thrown [s\src\hotspot\share\prims\jni.cpp, line 520]
Event: 8.750 Thread 0x000002067a60e990 Exception <a 'java/io/FileNotFoundException'{0x00000000eb855680}> (0x00000000eb855680) 
thrown [s\src\hotspot\share\prims\jni.cpp, line 520]
Event: 8.755 Thread 0x000002067a60b510 Exception <a 'java/lang/NoClassDefFoundError'{0x00000000eba32dc8}: com/google/inject/servlet/ServletModuleTargetVisitor> (0x00000000eba32dc8) 
thrown [s\src\hotspot\share\classfile\systemDictionary.cpp, line 301]
Event: 8.839 Thread 0x000002067a5bd280 Exception <a 'java/lang/NoSuchMethodError'{0x00000000eb068b10}: 'java.lang.Object java.lang.invoke.DirectMethodHandle$Holder.invokeVirtual(java.lang.Object, java.lang.Object, java.lang.Object, java.lang.Object)'> (0x00000000eb068b10) 
thrown [s\src\hotspot\share\interpreter\linkResolver.cpp, line 773]
Event: 8.842 Thread 0x000002067a5bd280 Exception <a 'java/lang/NoSuchMethodError'{0x00000000eb0a2f90}: 'java.lang.Object java.lang.invoke.DirectMethodHandle$Holder.invokeVirtual(java.lang.Object, java.lang.Object, java.lang.Object, java.lang.Object, java.lang.Object)'> (0x00000000eb0a2f90) 
thrown [s\src\hotspot\share\interpreter\linkResolver.cpp, line 773]
Event: 8.980 Thread 0x000002067a5b7010 Implicit null exception at 0x0000020607b9f220 to 0x0000020607b9f478
Event: 9.099 Thread 0x000002067b9f6c70 Implicit null exception at 0x0000020607cee120 to 0x0000020607cef05c
Event: 9.655 Thread 0x000002067b9f93d0 Implicit null exception at 0x0000020607e637e0 to 0x0000020607e638f4
Event: 10.945 Thread 0x000002067a5b7010 Exception <a 'java/lang/NoSuchMethodError'{0x00000000eb246c60}: 'java.lang.Object java.lang.invoke.DirectMethodHandle$Holder.invokeVirtual(java.lang.Object, java.lang.Object, java.lang.Object, java.lang.Object, java.lang.Object, java.lang.Object)'> (0x00000000eb246c60) 
thrown [s\src\hotspot\share\interpreter\linkResolver.cpp, line 773]
Event: 11.036 Thread 0x000002067a5b7010 Exception <a 'java/lang/NoSuchMethodError'{0x00000000eab82708}: 'java.lang.Object java.lang.invoke.DirectMethodHandle$Holder.invokeVirtual(java.lang.Object, java.lang.Object, java.lang.Object, java.lang.Object, java.lang.Object, java.lang.Object, java.lang.Object)'> (0x00000000eab82708) 
thrown [s\src\hotspot\share\interpreter\linkResolver.cpp, line 773]
Event: 11.072 Thread 0x000002067a5b7010 Exception <a 'java/lang/NoSuchMethodError'{0x00000000eb16a020}: 'java.lang.Object java.lang.invoke.DirectMethodHandle$Holder.invokeVirtual(java.lang.Object, java.lang.Object, java.lang.Object, java.lang.Object, java.lang.Object, java.lang.Object, java.lang.Object, java.lang.Object, java.lang.Object, java.lang.Object, java.lang.Object)'> (0x00000000eb16a020) 
thrown [s\src\hotspot\share\interpreter\linkResolver.cpp, line 773]
Event: 11.078 Thread 0x000002067a5b7010 Exception <a 'java/lang/NoSuchMethodError'{0x00000000eb310ac0}: 'java.lang.Object java.lang.invoke.DirectMethodHandle$Holder.invokeStatic(java.lang.Object, java.lang.Object, java.lang.Object, java.lang.Object, java.lang.Object, java.lang.Object, java.lang.Object, java.lang.Object, java.lang.Object, java.lang.Object, java.lang.Object, java.lang.Object, java.lang.Object)'> (0x00000000eb310ac0) 
thrown [s\src\hotspot\share\interpreter\linkResolver.cpp, line 773]
Event: 11.111 Thread 0x000002067a5b7010 Exception <a 'java/lang/NoSuchMethodError'{0x00000000eae7cc00}: 'int java.lang.invoke.DirectMethodHandle$Holder.invokeInterface(java.lang.Object, java.lang.Object)'> (0x00000000eae7cc00) 
thrown [s\src\hotspot\share\interpreter\linkResolver.cpp, line 773]

ZGC Phase Switch (0 events):
No events

VM Operations (20 events):
Event: 12.465 Executing VM operation: ParallelGCFailedAllocation (Allocation Failure) done
Event: 12.507 Executing VM operation: ParallelGCFailedAllocation (Allocation Failure)
Event: 12.509 Executing VM operation: ParallelGCFailedAllocation (Allocation Failure) done
Event: 12.621 Executing VM operation: ParallelGCFailedAllocation (Allocation Failure)
Event: 12.624 Executing VM operation: ParallelGCFailedAllocation (Allocation Failure) done
Event: 12.647 Executing VM operation: HandshakeAllThreads (Deoptimize)
Event: 12.647 Executing VM operation: HandshakeAllThreads (Deoptimize) done
Event: 12.675 Executing VM operation: ParallelGCFailedAllocation (Allocation Failure)
Event: 12.677 Executing VM operation: ParallelGCFailedAllocation (Allocation Failure) done
Event: 12.710 Executing VM operation: ParallelGCFailedAllocation (Allocation Failure)
Event: 12.712 Executing VM operation: ParallelGCFailedAllocation (Allocation Failure) done
Event: 12.743 Executing VM operation: ParallelGCFailedAllocation (Allocation Failure)
Event: 12.745 Executing VM operation: ParallelGCFailedAllocation (Allocation Failure) done
Event: 12.774 Executing VM operation: ParallelGCFailedAllocation (Allocation Failure)
Event: 12.776 Executing VM operation: ParallelGCFailedAllocation (Allocation Failure) done
Event: 12.805 Executing VM operation: ParallelGCFailedAllocation (Allocation Failure)
Event: 12.807 Executing VM operation: ParallelGCFailedAllocation (Allocation Failure) done
Event: 12.815 Executing VM operation: HandshakeAllThreads (Deoptimize)
Event: 12.815 Executing VM operation: HandshakeAllThreads (Deoptimize) done
Event: 12.822 Executing VM operation: CollectForMetadataAllocation (Metadata GC Threshold)

Memory protections (0 events):
No events

Nmethod flushes (20 events):
Event: 12.875 Thread 0x00000206732650b0 flushing  nmethod 0x0000020600a1fd10
Event: 12.875 Thread 0x00000206732650b0 flushing  nmethod 0x0000020600a20690
Event: 12.875 Thread 0x00000206732650b0 flushing  nmethod 0x0000020600a21410
Event: 12.875 Thread 0x00000206732650b0 flushing  nmethod 0x0000020600a36490
Event: 12.875 Thread 0x00000206732650b0 flushing  nmethod 0x0000020600a52b10
Event: 12.875 Thread 0x00000206732650b0 flushing  nmethod 0x0000020600a5af90
Event: 12.875 Thread 0x00000206732650b0 flushing  nmethod 0x0000020600a5c510
Event: 12.875 Thread 0x00000206732650b0 flushing  nmethod 0x0000020600a5d910
Event: 12.875 Thread 0x00000206732650b0 flushing  nmethod 0x0000020600a62a10
Event: 12.875 Thread 0x00000206732650b0 flushing  nmethod 0x0000020600a63d10
Event: 12.875 Thread 0x00000206732650b0 flushing  nmethod 0x0000020600a68990
Event: 12.875 Thread 0x00000206732650b0 flushing  nmethod 0x0000020600a6a610
Event: 12.875 Thread 0x00000206732650b0 flushing  nmethod 0x0000020600a82810
Event: 12.875 Thread 0x00000206732650b0 flushing  nmethod 0x0000020600a88d90
Event: 12.875 Thread 0x00000206732650b0 flushing  nmethod 0x0000020600a89390
Event: 12.875 Thread 0x00000206732650b0 flushing  nmethod 0x0000020600a9e310
Event: 12.875 Thread 0x00000206732650b0 flushing  nmethod 0x0000020600aae590
Event: 12.875 Thread 0x00000206732650b0 flushing  nmethod 0x0000020600ab4910
Event: 12.875 Thread 0x00000206732650b0 flushing  nmethod 0x0000020600abb610
Event: 12.875 Thread 0x00000206732650b0 flushing  nmethod 0x0000020600addf10

Events (20 events):
Event: 7.151 Thread 0x000002066de91e10 Thread added: 0x000002067b9f37f0
Event: 7.151 Thread 0x000002066de91e10 Thread added: 0x000002067b9f4510
Event: 7.152 Thread 0x000002066de91e10 Thread added: 0x000002067b9f5230
Event: 7.152 Thread 0x000002066de91e10 Thread added: 0x000002067b9f5f50
Event: 7.237 Thread 0x000002066de91e10 Thread added: 0x000002067b9f65e0
Event: 7.238 Thread 0x000002067b9f7300 Thread added: 0x000002067a5bd280
Event: 7.517 Thread 0x000002066de91e10 Thread added: 0x000002067a5bab20
Event: 7.518 Thread 0x000002066de91e10 Thread added: 0x000002067a5b9770
Event: 8.575 Thread 0x000002067a5bd280 Thread added: 0x000002067a5b76a0
Event: 8.649 Thread 0x000002067b9f4ba0 Thread added: 0x000002067a5bc560
Event: 8.775 Thread 0x000002067a5bd280 Thread added: 0x000002067a5bcbf0
Event: 8.923 Thread 0x000002067a5bd280 Thread added: 0x000002067a5b7010
Event: 10.694 Thread 0x000002067a60e300 Thread exited: 0x000002067a60e300
Event: 11.300 Thread 0x000002067a5b7010 Thread exited: 0x000002067a5b7010
Event: 11.314 Thread 0x000002067a5bd280 Thread added: 0x000002067a5ba490
Event: 11.777 Thread 0x000002067a5bd280 Thread added: 0x000002067a5b90e0
Event: 11.781 Thread 0x000002067a5bd280 Thread added: 0x000002067a5b7010
Event: 11.807 Thread 0x000002067a5b7010 Thread exited: 0x000002067a5b7010
Event: 11.808 Thread 0x000002067a5bd280 Thread added: 0x000002067a5b7010
Event: 11.811 Thread 0x000002067a5bd280 Thread added: 0x000002067a5b7d30


Dynamic libraries:
0x00007ff7cec30000 - 0x00007ff7cec3e000 	c:\Users\zinzi\.vscode\extensions\redhat.java-1.40.0-win32-x64\jre\21.0.6-win32-x86_64\bin\java.exe
0x00007ff8bef30000 - 0x00007ff8bf147000 	C:\WINDOWS\SYSTEM32\ntdll.dll
0x00007ff8bd770000 - 0x00007ff8bd834000 	C:\WINDOWS\System32\KERNEL32.DLL
0x00007ff8bc500000 - 0x00007ff8bc8d1000 	C:\WINDOWS\System32\KERNELBASE.dll
0x00007ff8bc3b0000 - 0x00007ff8bc4c1000 	C:\WINDOWS\System32\ucrtbase.dll
0x00007ff86c940000 - 0x00007ff86c95e000 	c:\Users\zinzi\.vscode\extensions\redhat.java-1.40.0-win32-x64\jre\21.0.6-win32-x86_64\bin\VCRUNTIME140.dll
0x00007ff86c920000 - 0x00007ff86c938000 	c:\Users\zinzi\.vscode\extensions\redhat.java-1.40.0-win32-x64\jre\21.0.6-win32-x86_64\bin\jli.dll
0x00007ff8be240000 - 0x00007ff8be3f1000 	C:\WINDOWS\System32\USER32.dll
0x00007ff8bc300000 - 0x00007ff8bc326000 	C:\WINDOWS\System32\win32u.dll
0x00007ff8bcc00000 - 0x00007ff8bcc29000 	C:\WINDOWS\System32\GDI32.dll
0x00007ff8bc070000 - 0x00007ff8bc18b000 	C:\WINDOWS\System32\gdi32full.dll
0x00007ff8bc960000 - 0x00007ff8bc9fa000 	C:\WINDOWS\System32\msvcp_win.dll
0x00007ff8a9b50000 - 0x00007ff8a9de2000 	C:\WINDOWS\WinSxS\amd64_microsoft.windows.common-controls_6595b64144ccf1df_6.0.22621.4830_none_270fe7d773858e80\COMCTL32.dll
0x00007ff8be190000 - 0x00007ff8be237000 	C:\WINDOWS\System32\msvcrt.dll
0x00007ff8bcd50000 - 0x00007ff8bcd81000 	C:\WINDOWS\System32\IMM32.DLL
0x00007ff86c910000 - 0x00007ff86c91c000 	c:\Users\zinzi\.vscode\extensions\redhat.java-1.40.0-win32-x64\jre\21.0.6-win32-x86_64\bin\vcruntime140_1.dll
0x00007ff86c860000 - 0x00007ff86c8ed000 	c:\Users\zinzi\.vscode\extensions\redhat.java-1.40.0-win32-x64\jre\21.0.6-win32-x86_64\bin\msvcp140.dll
0x00007ff840b80000 - 0x00007ff841910000 	c:\Users\zinzi\.vscode\extensions\redhat.java-1.40.0-win32-x64\jre\21.0.6-win32-x86_64\bin\server\jvm.dll
0x00007ff8bee30000 - 0x00007ff8beee1000 	C:\WINDOWS\System32\ADVAPI32.dll
0x00007ff8bcd90000 - 0x00007ff8bce37000 	C:\WINDOWS\System32\sechost.dll
0x00007ff8bc4d0000 - 0x00007ff8bc4f8000 	C:\WINDOWS\System32\bcrypt.dll
0x00007ff8bcc30000 - 0x00007ff8bcd44000 	C:\WINDOWS\System32\RPCRT4.dll
0x00007ff8be110000 - 0x00007ff8be181000 	C:\WINDOWS\System32\WS2_32.dll
0x00007ff8baee0000 - 0x00007ff8baf2d000 	C:\WINDOWS\SYSTEM32\POWRPROF.dll
0x00007ff8acbb0000 - 0x00007ff8acbe4000 	C:\WINDOWS\SYSTEM32\WINMM.dll
0x00007ff8b9c70000 - 0x00007ff8b9c7a000 	C:\WINDOWS\SYSTEM32\VERSION.dll
0x00007ff8baec0000 - 0x00007ff8baed3000 	C:\WINDOWS\SYSTEM32\UMPDC.dll
0x00007ff8bb170000 - 0x00007ff8bb188000 	C:\WINDOWS\SYSTEM32\kernel.appcore.dll
0x00007ff86c850000 - 0x00007ff86c85a000 	c:\Users\zinzi\.vscode\extensions\redhat.java-1.40.0-win32-x64\jre\21.0.6-win32-x86_64\bin\jimage.dll
0x00007ff8ac0a0000 - 0x00007ff8ac2d2000 	C:\WINDOWS\SYSTEM32\DBGHELP.DLL
0x00007ff8be990000 - 0x00007ff8bed20000 	C:\WINDOWS\System32\combase.dll
0x00007ff8be400000 - 0x00007ff8be4d7000 	C:\WINDOWS\System32\OLEAUT32.dll
0x00007ff8a2290000 - 0x00007ff8a22c2000 	C:\WINDOWS\SYSTEM32\dbgcore.DLL
0x00007ff8bc330000 - 0x00007ff8bc3ab000 	C:\WINDOWS\System32\bcryptPrimitives.dll
0x00007ff851c30000 - 0x00007ff851c3f000 	c:\Users\zinzi\.vscode\extensions\redhat.java-1.40.0-win32-x64\jre\21.0.6-win32-x86_64\bin\instrument.dll
0x00007ff851d00000 - 0x00007ff851d1f000 	c:\Users\zinzi\.vscode\extensions\redhat.java-1.40.0-win32-x64\jre\21.0.6-win32-x86_64\bin\java.dll
0x00007ff8bcee0000 - 0x00007ff8bd768000 	C:\WINDOWS\System32\SHELL32.dll
0x00007ff8bca00000 - 0x00007ff8bcb3f000 	C:\WINDOWS\System32\wintypes.dll
0x00007ff8b9f90000 - 0x00007ff8ba89d000 	C:\WINDOWS\SYSTEM32\windows.storage.dll
0x00007ff8be650000 - 0x00007ff8be75a000 	C:\WINDOWS\System32\SHCORE.dll
0x00007ff8be5f0000 - 0x00007ff8be64e000 	C:\WINDOWS\System32\shlwapi.dll
0x00007ff8bbfa0000 - 0x00007ff8bbfcb000 	C:\WINDOWS\SYSTEM32\profapi.dll
0x00007ff851ce0000 - 0x00007ff851cf8000 	c:\Users\zinzi\.vscode\extensions\redhat.java-1.40.0-win32-x64\jre\21.0.6-win32-x86_64\bin\zip.dll
0x00007ff869df0000 - 0x00007ff869e00000 	C:\Users\zinzi\.vscode\extensions\redhat.java-1.40.0-win32-x64\jre\21.0.6-win32-x86_64\bin\net.dll
0x00007ff8b83f0000 - 0x00007ff8b851c000 	C:\WINDOWS\SYSTEM32\WINHTTP.dll
0x00007ff8bb5d0000 - 0x00007ff8bb63a000 	C:\WINDOWS\system32\mswsock.dll
0x00007ff851cc0000 - 0x00007ff851cd6000 	C:\Users\zinzi\.vscode\extensions\redhat.java-1.40.0-win32-x64\jre\21.0.6-win32-x86_64\bin\nio.dll
0x00007ff851cb0000 - 0x00007ff851cc0000 	c:\Users\zinzi\.vscode\extensions\redhat.java-1.40.0-win32-x64\jre\21.0.6-win32-x86_64\bin\verify.dll
0x00007ff879620000 - 0x00007ff879665000 	C:\Users\zinzi\AppData\Roaming\Code\User\globalStorage\redhat.java\1.40.0\config_win\org.eclipse.equinox.launcher\org.eclipse.equinox.launcher.win32.win32.x86_64_1.2.1200.v20250212-0927\eclipse_11909.dll
0x00007ff8bd840000 - 0x00007ff8bd9e1000 	C:\WINDOWS\System32\ole32.dll
0x00007ff8bb7f0000 - 0x00007ff8bb80b000 	C:\WINDOWS\SYSTEM32\CRYPTSP.dll
0x00007ff8bb0d0000 - 0x00007ff8bb107000 	C:\WINDOWS\system32\rsaenh.dll
0x00007ff8bb680000 - 0x00007ff8bb6a8000 	C:\WINDOWS\SYSTEM32\USERENV.dll
0x00007ff8bb7e0000 - 0x00007ff8bb7ec000 	C:\WINDOWS\SYSTEM32\CRYPTBASE.dll
0x00007ff8bab70000 - 0x00007ff8bab9d000 	C:\WINDOWS\SYSTEM32\IPHLPAPI.DLL
0x00007ff8bdc50000 - 0x00007ff8bdc59000 	C:\WINDOWS\System32\NSI.dll
0x00007ff851460000 - 0x00007ff8514a9000 	C:\Users\zinzi\AppData\Local\Temp\jna-115907214\jna2303790758060382227.dll
0x00007ff8bced0000 - 0x00007ff8bced8000 	C:\WINDOWS\System32\PSAPI.DLL
0x00007ff8b8290000 - 0x00007ff8b82a9000 	C:\WINDOWS\SYSTEM32\dhcpcsvc6.DLL
0x00007ff8b8270000 - 0x00007ff8b828f000 	C:\WINDOWS\SYSTEM32\dhcpcsvc.DLL
0x00007ff87a520000 - 0x00007ff87a547000 	C:\Users\zinzi\.gradle\native\1def1411415f61bf3af743bc5b6707747c0891f09f0c88961ee8f79bc544acac\windows-amd64\native-platform.dll
0x00007ff8a6830000 - 0x00007ff8a683a000 	C:\Users\zinzi\.vscode\extensions\redhat.java-1.40.0-win32-x64\jre\21.0.6-win32-x86_64\bin\management.dll
0x00007ff8a6820000 - 0x00007ff8a682b000 	C:\Users\zinzi\.vscode\extensions\redhat.java-1.40.0-win32-x64\jre\21.0.6-win32-x86_64\bin\management_ext.dll

dbghelp: loaded successfully - version: 4.0.5 - missing functions: none
symbol engine: initialized successfully - sym options: 0x614 - pdb path: .;c:\Users\zinzi\.vscode\extensions\redhat.java-1.40.0-win32-x64\jre\21.0.6-win32-x86_64\bin;C:\WINDOWS\SYSTEM32;C:\WINDOWS\WinSxS\amd64_microsoft.windows.common-controls_6595b64144ccf1df_6.0.22621.4830_none_270fe7d773858e80;c:\Users\zinzi\.vscode\extensions\redhat.java-1.40.0-win32-x64\jre\21.0.6-win32-x86_64\bin\server;C:\Users\zinzi\AppData\Roaming\Code\User\globalStorage\redhat.java\1.40.0\config_win\org.eclipse.equinox.launcher\org.eclipse.equinox.launcher.win32.win32.x86_64_1.2.1200.v20250212-0927;C:\Users\zinzi\AppData\Local\Temp\jna-115907214;C:\Users\zinzi\.gradle\native\1def1411415f61bf3af743bc5b6707747c0891f09f0c88961ee8f79bc544acac\windows-amd64

VM Arguments:
jvm_args: --add-modules=ALL-SYSTEM --add-opens=java.base/java.util=ALL-UNNAMED --add-opens=java.base/java.lang=ALL-UNNAMED --add-opens=java.base/sun.nio.fs=ALL-UNNAMED -Declipse.application=org.eclipse.jdt.ls.core.id1 -Dosgi.bundles.defaultStartLevel=4 -Declipse.product=org.eclipse.jdt.ls.core.product -Djava.import.generatesMetadataFilesAtProjectRoot=false -DDetectVMInstallationsJob.disabled=true -Dfile.encoding=utf8 -XX:+UseParallelGC -XX:GCTimeRatio=4 -XX:AdaptiveSizePolicyWeight=90 -Dsun.zip.disableMemoryMapping=true -Xmx1G -Xms100m -Xlog:disable -javaagent:c:\Users\zinzi\.vscode\extensions\redhat.java-1.40.0-win32-x64\lombok\lombok-1.18.36.jar -XX:+HeapDumpOnOutOfMemoryError -XX:HeapDumpPath=c:\Users\zinzi\AppData\Roaming\Code\User\workspaceStorage\1531145508dfbda3fe65cda5b18105b1\redhat.java -Daether.dependencyCollector.impl=bf 
java_command: c:\Users\zinzi\.vscode\extensions\redhat.java-1.40.0-win32-x64\server\plugins\org.eclipse.equinox.launcher_1.6.1000.v20250131-0606.jar -configuration c:\Users\zinzi\AppData\Roaming\Code\User\globalStorage\redhat.java\1.40.0\config_win -data c:\Users\zinzi\AppData\Roaming\Code\User\workspaceStorage\1531145508dfbda3fe65cda5b18105b1\redhat.java\jdt_ws --pipe=\\.\pipe\lsp-6b2f0a5b0fb8cfcf4565fc68a795c834-sock
java_class_path (initial): c:\Users\zinzi\.vscode\extensions\redhat.java-1.40.0-win32-x64\server\plugins\org.eclipse.equinox.launcher_1.6.1000.v20250131-0606.jar
Launcher Type: SUN_STANDARD

[Global flags]
    uintx AdaptiveSizePolicyWeight                 = 90                                        {product} {command line}
     intx CICompilerCount                          = 4                                         {product} {ergonomic}
    uintx GCTimeRatio                              = 4                                         {product} {command line}
     bool HeapDumpOnOutOfMemoryError               = true                                   {manageable} {command line}
    ccstr HeapDumpPath                             = c:\Users\zinzi\AppData\Roaming\Code\User\workspaceStorage\1531145508dfbda3fe65cda5b18105b1\redhat.java         {manageable} {command line}
   size_t InitialHeapSize                          = 104857600                                 {product} {command line}
   size_t MaxHeapSize                              = 1073741824                                {product} {command line}
   size_t MaxNewSize                               = 357564416                                 {product} {ergonomic}
   size_t MinHeapDeltaBytes                        = 524288                                    {product} {ergonomic}
   size_t MinHeapSize                              = 104857600                                 {product} {command line}
   size_t NewSize                                  = 34603008                                  {product} {ergonomic}
    uintx NonNMethodCodeHeapSize                   = 5839372                                {pd product} {ergonomic}
    uintx NonProfiledCodeHeapSize                  = 122909434                              {pd product} {ergonomic}
   size_t OldSize                                  = 70254592                                  {product} {ergonomic}
    uintx ProfiledCodeHeapSize                     = 122909434                              {pd product} {ergonomic}
    uintx ReservedCodeCacheSize                    = 251658240                              {pd product} {ergonomic}
     bool SegmentedCodeCache                       = true                                      {product} {ergonomic}
   size_t SoftMaxHeapSize                          = 1073741824                             {manageable} {ergonomic}
     bool UseCompressedOops                        = true                           {product lp64_product} {ergonomic}
     bool UseLargePagesIndividualAllocation        = false                                  {pd product} {ergonomic}
     bool UseParallelGC                            = true                                      {product} {command line}

Logging:
Log output configuration:
 #0: stdout all=off uptime,level,tags foldmultilines=false
 #1: stderr all=off uptime,level,tags foldmultilines=false

Environment Variables:
JAVA_HOME=C:\Program Files\Microsoft\jdk-17.0.10.7-hotspot\
PATH=C:\Program Files\Microsoft\jdk-17.0.10.7-hotspot\bin;C:\WINDOWS\system32;C:\WINDOWS;C:\WINDOWS\System32\Wbem;C:\WINDOWS\System32\WindowsPowerShell\v1.0\;C:\WINDOWS\System32\OpenSSH\;C:\ProgramData\chocolatey\bin;C:\Program Files\Microsoft SQL Server\150\Tools\Binn\;C:\Program Files\Microsoft SQL Server\Client SDK\ODBC\170\Tools\Binn\;C:\Program Files (x86)\Microsoft SQL Server\160\Tools\Binn\;C:\Program Files\Microsoft SQL Server\160\Tools\Binn\;C:\Program Files\Microsoft SQL Server\160\DTS\Binn\;C:\Program Files (x86)\NVIDIA Corporation\PhysX\Common;C:\Users\zinzi\AppData\Roaming\nvm;C:\Program Files\nodejs;C:\Program Files\Amazon\AWSCLIV2\;C:\Program Files\starship\bin\;C:\Program Files (x86)\oh-my-posh\bin;D:\Git\Git\cmd;C:\Program Files\Amazon\SessionManagerPlugin\bin\;C:\Program Files\dotnet\;C:\Program Files\Amazon\SessionManagerPlugin\bin;C:\Program Files\MySQL\MySQL Shell 8.0\bin\;C:\Users\zinzi\AppData\Local\Android\Sdk\platform-tools;C:\Users\zinzi\AppData\Local\Microsoft\WindowsApps;C:\Users\zinzi\AppData\Local\Programs\Microsoft VS Code\bin;C:\Users\zinzi\AppData\Local\GitHubDesktop\bin;C:\Users\zinzi\AppData\Roaming\npm;C:\Users\zinzi\AppData\Roaming\nvm;C:\Program Files\nodejs;C:\Users\zinzi\AppData\Local\Programs\oh-my-posh\bin;C:\Users\zinzi\AppData\Local\Packages\PythonSoftwareFoundation.Python.3.13_qbz5n2kfra8p0\LocalCache\local-packages\Python313\Scripts;C:\Gradle\gradle-8.13\bin;C:\Users\zinzi\.dotnet\tools
USERNAME=zinzi
OS=Windows_NT
PROCESSOR_IDENTIFIER=Intel64 Family 6 Model 165 Stepping 2, GenuineIntel
TMP=C:\Users\zinzi\AppData\Local\Temp
TEMP=C:\Users\zinzi\AppData\Local\Temp




Periodic native trim disabled

---------------  S Y S T E M  ---------------

OS:
 Windows 11 , 64 bit Build 22621 (10.0.22621.4974)
OS uptime: 0 days 0:24 hours
Hyper-V role detected

CPU: total 12 (initial active 12) (6 cores per cpu, 2 threads per core) family 6 model 165 stepping 2 microcode 0xe0, cx8, cmov, fxsr, ht, mmx, 3dnowpref, sse, sse2, sse3, ssse3, sse4.1, sse4.2, popcnt, lzcnt, tsc, tscinvbit, avx, avx2, aes, erms, clmul, bmi1, bmi2, adx, fma, vzeroupper, clflush, clflushopt, hv, rdtscp, f16c
Processor Information for the first 12 processors :
  Max Mhz: 2592, Current Mhz: 2592, Mhz Limit: 2592

Memory: 4k page, system-wide physical 16205M (6668M free)
TotalPageFile size 18253M (AvailPageFile size 6M)
current process WorkingSet (physical memory assigned to process): 463M, peak: 465M
current process commit charge ("private bytes"): 466M, peak: 469M

vm_info: OpenJDK 64-Bit Server VM (21.0.6+7-LTS) for windows-amd64 JRE (21.0.6+7-LTS), built on 2025-01-21T00:00:00Z by "admin" with MS VC++ 17.7 (VS2022)

END.
