#
# There is insufficient memory for the Java Runtime Environment to continue.
# Native memory allocation (malloc) failed to allocate 32744 bytes. Error detail: Chunk::new
# Possible reasons:
#   The system is out of physical RAM or swap space
#   This process is running with CompressedOops enabled, and the Java Heap may be blocking the growth of the native heap
# Possible solutions:
#   Reduce memory load on the system
#   Increase physical memory or swap space
#   Check if swap backing store is full
#   Decrease Java heap size (-Xmx/-Xms)
#   Decrease number of Java threads
#   Decrease Java thread stack sizes (-Xss)
#   Set larger code cache with -XX:ReservedCodeCacheSize=
#   JVM is running with Unscaled Compressed Oops mode in which the Java heap is
#     placed in the first 4GB address space. The Java Heap base address is the
#     maximum limit for the native heap growth. Please use -XX:HeapBaseMinAddress
#     to set the Java Heap base and to place the Java Heap above 4GB virtual address.
# This output file may be truncated or incomplete.
#
#  Out of Memory Error (arena.cpp:168), pid=13872, tid=7868
#
# JRE version: OpenJDK Runtime Environment Temurin-21.0.6+7 (21.0.6+7) (build 21.0.6+7-LTS)
# Java VM: OpenJDK 64-Bit Server VM Temurin-21.0.6+7 (21.0.6+7-LTS, mixed mode, sharing, tiered, compressed oops, compressed class ptrs, parallel gc, windows-amd64)
# No core dump will be written. Minidumps are not enabled by default on client versions of Windows
#

---------------  S U M M A R Y ------------

Command Line: --add-modules=ALL-SYSTEM --add-opens=java.base/java.util=ALL-UNNAMED --add-opens=java.base/java.lang=ALL-UNNAMED --add-opens=java.base/sun.nio.fs=ALL-UNNAMED -Declipse.application=org.eclipse.jdt.ls.core.id1 -Dosgi.bundles.defaultStartLevel=4 -Declipse.product=org.eclipse.jdt.ls.core.product -Djava.import.generatesMetadataFilesAtProjectRoot=false -DDetectVMInstallationsJob.disabled=true -Dfile.encoding=utf8 -XX:+UseParallelGC -XX:GCTimeRatio=4 -XX:AdaptiveSizePolicyWeight=90 -Dsun.zip.disableMemoryMapping=true -Xmx1G -Xms100m -Xlog:disable -javaagent:c:\Users\zinzi\.vscode\extensions\redhat.java-1.40.0-win32-x64\lombok\lombok-1.18.36.jar c:\Users\zinzi\.vscode\extensions\redhat.java-1.40.0-win32-x64\server\plugins\org.eclipse.equinox.launcher_1.6.1000.v20250131-0606.jar -configuration c:\Users\zinzi\AppData\Roaming\Code\User\globalStorage\redhat.java\1.40.0\config_ss_win -data c:\Users\zinzi\AppData\Roaming\Code\User\workspaceStorage\1531145508dfbda3fe65cda5b18105b1\redhat.java\ss_ws --pipe=\\.\pipe\lsp-c3f559e3c08830dd930d1a9822e863e8-sock

Host: Intel(R) Core(TM) i7-10750H CPU @ 2.60GHz, 12 cores, 15G,  Windows 11 , 64 bit Build 22621 (10.0.22621.4974)
Time: Fri Mar 21 23:07:11 2025 SE Asia Standard Time elapsed time: 13.801163 seconds (0d 0h 0m 13s)

---------------  T H R E A D  ---------------

Current thread (0x000002866000d0a0):  JavaThread "C2 CompilerThread0" daemon [_thread_in_native, id=7868, stack(0x000000c7bc700000,0x000000c7bc800000) (1024K)]


Current CompileTask:
C2:13801 3601   !   4       org.eclipse.jdt.ls.core.internal.ConnectionStreamFactory$NamedPipeInputStream::read (128 bytes)

Stack: [0x000000c7bc700000,0x000000c7bc800000]
Native frames: (J=compiled Java code, j=interpreted, Vv=VM code, C=native code)
V  [jvm.dll+0x6cdee9]
V  [jvm.dll+0x8a83d1]
V  [jvm.dll+0x8aa8fe]
V  [jvm.dll+0x8aafe3]
V  [jvm.dll+0x27f706]
V  [jvm.dll+0xc500d]
V  [jvm.dll+0xc5543]
V  [jvm.dll+0x6f60bc]
V  [jvm.dll+0x1d9e78]
V  [jvm.dll+0x6f7590]
V  [jvm.dll+0x6f5a83]
V  [jvm.dll+0x6143bd]
V  [jvm.dll+0x2499c5]
V  [jvm.dll+0x246ec4]
V  [jvm.dll+0x1c75ee]
V  [jvm.dll+0x25685a]
V  [jvm.dll+0x254dfa]
V  [jvm.dll+0x3f0256]
V  [jvm.dll+0x851f8b]
V  [jvm.dll+0x6cc5ed]
C  [ucrtbase.dll+0x29333]
C  [KERNEL32.DLL+0x1259d]
C  [ntdll.dll+0x5af38]


---------------  P R O C E S S  ---------------

Threads class SMR info:
_java_thread_list=0x000002866193e4a0, length=36, elements={
0x00000286047f1870, 0x0000028618bdd660, 0x0000028660004830, 0x0000028660006be0,
0x0000028660007af0, 0x000002866000a810, 0x000002866000c270, 0x000002866000d0a0,
0x00000286600304e0, 0x000002860485b880, 0x0000028660300660, 0x0000028660bf3a60,
0x0000028660da67a0, 0x0000028660f805d0, 0x0000028660db6fc0, 0x0000028661097e50,
0x0000028661013f80, 0x0000028661148200, 0x00000286612c2840, 0x00000286612c3560,
0x00000286612c3bf0, 0x00000286612c2ed0, 0x0000028660ef4250, 0x0000028660ef2180,
0x0000028660eef390, 0x0000028660eedfe0, 0x0000028660ef1af0, 0x0000028660ef3bc0,
0x0000028660ef2ea0, 0x0000028660ef2810, 0x0000028660eefa20, 0x0000028660ef48e0,
0x0000028660ef3530, 0x0000028660eeed00, 0x0000028660ef1460, 0x0000028660ef4f70
}

Java Threads: ( => current thread )
  0x00000286047f1870 JavaThread "main"                              [_thread_blocked, id=2576, stack(0x000000c7bbd00000,0x000000c7bbe00000) (1024K)]
  0x0000028618bdd660 JavaThread "Reference Handler"          daemon [_thread_blocked, id=13100, stack(0x000000c7bc100000,0x000000c7bc200000) (1024K)]
  0x0000028660004830 JavaThread "Finalizer"                  daemon [_thread_blocked, id=12024, stack(0x000000c7bc200000,0x000000c7bc300000) (1024K)]
  0x0000028660006be0 JavaThread "Signal Dispatcher"          daemon [_thread_blocked, id=7768, stack(0x000000c7bc300000,0x000000c7bc400000) (1024K)]
  0x0000028660007af0 JavaThread "Attach Listener"            daemon [_thread_blocked, id=6156, stack(0x000000c7bc400000,0x000000c7bc500000) (1024K)]
  0x000002866000a810 JavaThread "Service Thread"             daemon [_thread_blocked, id=8840, stack(0x000000c7bc500000,0x000000c7bc600000) (1024K)]
  0x000002866000c270 JavaThread "Monitor Deflation Thread"   daemon [_thread_blocked, id=6960, stack(0x000000c7bc600000,0x000000c7bc700000) (1024K)]
=>0x000002866000d0a0 JavaThread "C2 CompilerThread0"         daemon [_thread_in_native, id=7868, stack(0x000000c7bc700000,0x000000c7bc800000) (1024K)]
  0x00000286600304e0 JavaThread "C1 CompilerThread0"         daemon [_thread_blocked, id=14180, stack(0x000000c7bc800000,0x000000c7bc900000) (1024K)]
  0x000002860485b880 JavaThread "Common-Cleaner"             daemon [_thread_blocked, id=13956, stack(0x000000c7bc900000,0x000000c7bca00000) (1024K)]
  0x0000028660300660 JavaThread "Notification Thread"        daemon [_thread_blocked, id=16920, stack(0x000000c7bcb00000,0x000000c7bcc00000) (1024K)]
  0x0000028660bf3a60 JavaThread "Active Thread: Equinox Container: 7055b68f-4212-442b-b3c8-4a1bf7c877de"        [_thread_blocked, id=1728, stack(0x000000c7bcc00000,0x000000c7bcd00000) (1024K)]
  0x0000028660da67a0 JavaThread "Framework Event Dispatcher: Equinox Container: 7055b68f-4212-442b-b3c8-4a1bf7c877de" daemon [_thread_blocked, id=3832, stack(0x000000c7bd300000,0x000000c7bd400000) (1024K)]
  0x0000028660f805d0 JavaThread "Start Level: Equinox Container: 7055b68f-4212-442b-b3c8-4a1bf7c877de" daemon [_thread_blocked, id=18880, stack(0x000000c7bd400000,0x000000c7bd500000) (1024K)]
  0x0000028660db6fc0 JavaThread "SCR Component Actor"        daemon [_thread_blocked, id=7008, stack(0x000000c7bd500000,0x000000c7bd600000) (1024K)]
  0x0000028661097e50 JavaThread "Worker-JM"                         [_thread_blocked, id=11360, stack(0x000000c7bd700000,0x000000c7bd800000) (1024K)]
  0x0000028661013f80 JavaThread "JNA Cleaner"                daemon [_thread_blocked, id=19864, stack(0x000000c7bda00000,0x000000c7bdb00000) (1024K)]
  0x0000028661148200 JavaThread "Worker-0"                          [_thread_blocked, id=4884, stack(0x000000c7bdb00000,0x000000c7bdc00000) (1024K)]
  0x00000286612c2840 JavaThread "Worker-1"                          [_thread_blocked, id=1956, stack(0x000000c7bdd00000,0x000000c7bde00000) (1024K)]
  0x00000286612c3560 JavaThread "Thread-2"                   daemon [_thread_in_native, id=18420, stack(0x000000c7bdf00000,0x000000c7be000000) (1024K)]
  0x00000286612c3bf0 JavaThread "Thread-3"                   daemon [_thread_in_native, id=12388, stack(0x000000c7be000000,0x000000c7be100000) (1024K)]
  0x00000286612c2ed0 JavaThread "Thread-4"                   daemon [_thread_in_native, id=4720, stack(0x000000c7be100000,0x000000c7be200000) (1024K)]
  0x0000028660ef4250 JavaThread "Thread-5"                   daemon [_thread_in_native, id=5396, stack(0x000000c7be200000,0x000000c7be300000) (1024K)]
  0x0000028660ef2180 JavaThread "Thread-6"                   daemon [_thread_in_native, id=19392, stack(0x000000c7be300000,0x000000c7be400000) (1024K)]
  0x0000028660eef390 JavaThread "Thread-7"                   daemon [_thread_in_native, id=19128, stack(0x000000c7be400000,0x000000c7be500000) (1024K)]
  0x0000028660eedfe0 JavaThread "Thread-8"                   daemon [_thread_in_native, id=11496, stack(0x000000c7be500000,0x000000c7be600000) (1024K)]
  0x0000028660ef1af0 JavaThread "Thread-9"                   daemon [_thread_in_native, id=16832, stack(0x000000c7be600000,0x000000c7be700000) (1024K)]
  0x0000028660ef3bc0 JavaThread "Thread-10"                  daemon [_thread_in_native, id=17920, stack(0x000000c7be700000,0x000000c7be800000) (1024K)]
  0x0000028660ef2ea0 JavaThread "Thread-11"                  daemon [_thread_in_native, id=2264, stack(0x000000c7be800000,0x000000c7be900000) (1024K)]
  0x0000028660ef2810 JavaThread "Thread-12"                  daemon [_thread_in_native, id=11600, stack(0x000000c7be900000,0x000000c7bea00000) (1024K)]
  0x0000028660eefa20 JavaThread "Thread-13"                  daemon [_thread_in_native, id=17144, stack(0x000000c7bea00000,0x000000c7beb00000) (1024K)]
  0x0000028660ef48e0 JavaThread "Thread-14"                  daemon [_thread_in_native, id=8960, stack(0x000000c7beb00000,0x000000c7bec00000) (1024K)]
  0x0000028660ef3530 JavaThread "pool-2-thread-1"                   [_thread_blocked, id=13828, stack(0x000000c7bec00000,0x000000c7bed00000) (1024K)]
  0x0000028660eeed00 JavaThread "Worker-2"                          [_thread_blocked, id=16204, stack(0x000000c7bde00000,0x000000c7bdf00000) (1024K)]
  0x0000028660ef1460 JavaThread "WorkspaceEventsHandler"            [_thread_blocked, id=19932, stack(0x000000c7bed00000,0x000000c7bee00000) (1024K)]
  0x0000028660ef4f70 JavaThread "pool-1-thread-1"                   [_thread_in_vm, id=16672, stack(0x000000c7bee00000,0x000000c7bef00000) (1024K)]
Total: 36

Other Threads:
  0x00000286048ae740 VMThread "VM Thread"                           [id=11756, stack(0x000000c7bc000000,0x000000c7bc100000) (1024K)]
  0x0000028618abca00 WatcherThread "VM Periodic Task Thread"        [id=14912, stack(0x000000c7bbf00000,0x000000c7bc000000) (1024K)]
  0x000002860480dff0 WorkerThread "GC Thread#0"                     [id=2548, stack(0x000000c7bbe00000,0x000000c7bbf00000) (1024K)]
  0x0000028660a9a270 WorkerThread "GC Thread#1"                     [id=3052, stack(0x000000c7bcd00000,0x000000c7bce00000) (1024K)]
  0x0000028660447690 WorkerThread "GC Thread#2"                     [id=9068, stack(0x000000c7bce00000,0x000000c7bcf00000) (1024K)]
  0x0000028660447a30 WorkerThread "GC Thread#3"                     [id=18720, stack(0x000000c7bcf00000,0x000000c7bd000000) (1024K)]
  0x0000028660447dd0 WorkerThread "GC Thread#4"                     [id=11020, stack(0x000000c7bd000000,0x000000c7bd100000) (1024K)]
  0x0000028660728d70 WorkerThread "GC Thread#5"                     [id=11224, stack(0x000000c7bd100000,0x000000c7bd200000) (1024K)]
  0x0000028660729110 WorkerThread "GC Thread#6"                     [id=14880, stack(0x000000c7bd200000,0x000000c7bd300000) (1024K)]
  0x0000028660d9ac50 WorkerThread "GC Thread#7"                     [id=19480, stack(0x000000c7bd600000,0x000000c7bd700000) (1024K)]
  0x0000028660e8e150 WorkerThread "GC Thread#8"                     [id=17772, stack(0x000000c7bd800000,0x000000c7bd900000) (1024K)]
  0x0000028660fcfab0 WorkerThread "GC Thread#9"                     [id=4900, stack(0x000000c7bd900000,0x000000c7bda00000) (1024K)]
Total: 12

Threads with active compile tasks:
C2 CompilerThread0  13827 3601   !   4       org.eclipse.jdt.ls.core.internal.ConnectionStreamFactory$NamedPipeInputStream::read (128 bytes)
Total: 1

VM state: not at safepoint (normal execution)

VM Mutex/Monitor currently owned by a thread:  ([mutex/lock_event])
[0x00007ff84182c300] Metaspace_lock - owner thread: 0x0000028660ef4f70
[0x00007ff84182d080] MultiArray_lock - owner thread: 0x0000028660ef4f70

Heap address: 0x00000000c0000000, size: 1024 MB, Compressed Oops mode: 32-bit

CDS archive(s) mapped at: [0x0000028619000000-0x0000028619ba0000-0x0000028619ba0000), size 12189696, SharedBaseAddress: 0x0000028619000000, ArchiveRelocationMode: 1.
Compressed class space mapped at: 0x000002861a000000-0x000002865a000000, reserved size: 1073741824
Narrow klass base: 0x0000028619000000, Narrow klass shift: 0, Narrow klass range: 0x100000000

GC Precious Log:
 CardTable entry size: 512
 CPUs: 12 total, 12 available
 Memory: 16205M
 Large Page Support: Disabled
 NUMA Support: Disabled
 Compressed Oops: Enabled (32-bit)
 Alignments: Space 512K, Generation 512K, Heap 2M
 Heap Min Capacity: 100M
 Heap Initial Capacity: 100M
 Heap Max Capacity: 1G
 Pre-touch: Disabled
 Parallel Workers: 10

Heap:
 PSYoungGen      total 26624K, used 17777K [0x00000000eab00000, 0x00000000ecc80000, 0x0000000100000000)
  eden space 24064K, 63% used [0x00000000eab00000,0x00000000eb9dfea8,0x00000000ec280000)
  from space 2560K, 99% used [0x00000000ec780000,0x00000000ec9fc868,0x00000000eca00000)
  to   space 5120K, 0% used [0x00000000ec280000,0x00000000ec280000,0x00000000ec780000)
 ParOldGen       total 68608K, used 12431K [0x00000000c0000000, 0x00000000c4300000, 0x00000000eab00000)
  object space 68608K, 18% used [0x00000000c0000000,0x00000000c0c23e48,0x00000000c4300000)
 Metaspace       used 28818K, committed 29568K, reserved 1114112K
  class space    used 2781K, committed 3072K, reserved 1048576K

Card table byte_map: [0x00000286041b0000,0x00000286043c0000] _byte_map_base: 0x0000028603bb0000

Marking Bits: (ParMarkBitMap*) 0x00007ff841833260
 Begin Bits: [0x00000286169e0000, 0x00000286179e0000)
 End Bits:   [0x00000286179e0000, 0x00000286189e0000)

Polling page: 0x00000286026f0000

Metaspace:

Usage:
  Non-class:     25.43 MB used.
      Class:      2.72 MB used.
       Both:     28.14 MB used.

Virtual space:
  Non-class space:       64.00 MB reserved,      25.88 MB ( 40%) committed,  1 nodes.
      Class space:        1.00 GB reserved,       3.00 MB ( <1%) committed,  1 nodes.
             Both:        1.06 GB reserved,      28.88 MB (  3%) committed. 

Chunk freelists:
   Non-Class:  5.81 MB
       Class:  12.92 MB
        Both:  18.73 MB

MaxMetaspaceSize: unlimited
CompressedClassSpaceSize: 1.00 GB
Initial GC threshold: 21.00 MB
Current GC threshold: 35.00 MB
CDS: on
 - commit_granule_bytes: 65536.
 - commit_granule_words: 8192.
 - virtual_space_node_default_size: 8388608.
 - enlarge_chunks_in_place: 1.
 - use_allocation_guard: 0.


Internal statistics:

num_allocs_failed_limit: 3.
num_arena_births: 556.
num_arena_deaths: 14.
num_vsnodes_births: 2.
num_vsnodes_deaths: 0.
num_space_committed: 462.
num_space_uncommitted: 0.
num_chunks_returned_to_freelist: 17.
num_chunks_taken_from_freelist: 1683.
num_chunk_merges: 8.
num_chunk_splits: 1105.
num_chunks_enlarged: 685.
num_inconsistent_stats: 0.

CodeHeap 'non-profiled nmethods': size=120000Kb used=1700Kb max_used=1700Kb free=118299Kb
 bounds [0x000002860f4b0000, 0x000002860f720000, 0x00000286169e0000]
CodeHeap 'profiled nmethods': size=120000Kb used=7063Kb max_used=7063Kb free=112936Kb
 bounds [0x00000286079e0000, 0x00000286080d0000, 0x000002860ef10000]
CodeHeap 'non-nmethods': size=5760Kb used=1342Kb max_used=1413Kb free=4417Kb
 bounds [0x000002860ef10000, 0x000002860f180000, 0x000002860f4b0000]
 total_blobs=4240 nmethods=3606 adapters=540
 compilation: enabled
              stopped_count=0, restarted_count=0
 full_count=0

Compilation events (20 events):
Event: 6.672 Thread 0x00000286600304e0 nmethod 3593 0x00000286080c1490 code [0x00000286080c1660, 0x00000286080c1a00]
Event: 6.674 Thread 0x00000286600304e0 3594       1       org.eclipse.jdt.ls.core.internal.LogReader$LogEntry::getSession (5 bytes)
Event: 6.674 Thread 0x00000286600304e0 nmethod 3594 0x000002860f655d90 code [0x000002860f655f20, 0x000002860f655fe8]
Event: 6.674 Thread 0x0000028661a56690 nmethod 3589 0x000002860f656090 code [0x000002860f656260, 0x000002860f656690]
Event: 6.677 Thread 0x00000286600304e0 3595       1       sun.util.calendar.CalendarDate::getDayOfMonth (5 bytes)
Event: 6.677 Thread 0x00000286600304e0 nmethod 3595 0x000002860f656a10 code [0x000002860f656ba0, 0x000002860f656c68]
Event: 6.679 Thread 0x000002866000d0a0 nmethod 3563 0x000002860f656d10 code [0x000002860f656f40, 0x000002860f657be0]
Event: 13.793 Thread 0x00000286600304e0 3596       3       java.nio.HeapByteBuffer::get (14 bytes)
Event: 13.793 Thread 0x000002866000d0a0 3599       4       java.nio.HeapByteBuffer::ix (7 bytes)
Event: 13.794 Thread 0x00000286600304e0 nmethod 3596 0x00000286080c1b90 code [0x00000286080c1d60, 0x00000286080c2038]
Event: 13.794 Thread 0x00000286600304e0 3597       3       java.nio.Buffer::nextGetIndex (30 bytes)
Event: 13.794 Thread 0x00000286600304e0 nmethod 3597 0x00000286080c2210 code [0x00000286080c23c0, 0x00000286080c2590]
Event: 13.794 Thread 0x00000286600304e0 3598   !   3       org.eclipse.jdt.ls.core.internal.ConnectionStreamFactory$NamedPipeInputStream::read (128 bytes)
Event: 13.794 Thread 0x000002866000d0a0 nmethod 3599 0x000002860f658310 code [0x000002860f6584a0, 0x000002860f658530]
Event: 13.794 Thread 0x00000286600304e0 nmethod 3598 0x00000286080c2690 code [0x00000286080c2900, 0x00000286080c32d0]
Event: 13.795 Thread 0x000002866000d0a0 3600       4       java.nio.HeapByteBuffer::get (14 bytes)
Event: 13.795 Thread 0x00000286600304e0 3602       3       jdk.internal.misc.Unsafe::checkSize (32 bytes)
Event: 13.795 Thread 0x00000286600304e0 nmethod 3602 0x00000286080c3690 code [0x00000286080c3840, 0x00000286080c3ab0]
Event: 13.796 Thread 0x000002866000d0a0 nmethod 3600 0x000002860f658610 code [0x000002860f6587a0, 0x000002860f6588a8]
Event: 13.796 Thread 0x000002866000d0a0 3601   !   4       org.eclipse.jdt.ls.core.internal.ConnectionStreamFactory$NamedPipeInputStream::read (128 bytes)

GC Heap History (18 events):
Event: 1.300 GC heap before
{Heap before GC invocations=1 (full 0):
 PSYoungGen      total 29696K, used 25600K [0x00000000eab00000, 0x00000000ecc00000, 0x0000000100000000)
  eden space 25600K, 100% used [0x00000000eab00000,0x00000000ec400000,0x00000000ec400000)
  from space 4096K, 0% used [0x00000000ec800000,0x00000000ec800000,0x00000000ecc00000)
  to   space 4096K, 0% used [0x00000000ec400000,0x00000000ec400000,0x00000000ec800000)
 ParOldGen       total 68608K, used 0K [0x00000000c0000000, 0x00000000c4300000, 0x00000000eab00000)
  object space 68608K, 0% used [0x00000000c0000000,0x00000000c0000000,0x00000000c4300000)
 Metaspace       used 4346K, committed 4544K, reserved 1114112K
  class space    used 436K, committed 512K, reserved 1048576K
}
Event: 1.320 GC heap after
{Heap after GC invocations=1 (full 0):
 PSYoungGen      total 29696K, used 3214K [0x00000000eab00000, 0x00000000ecc00000, 0x0000000100000000)
  eden space 25600K, 0% used [0x00000000eab00000,0x00000000eab00000,0x00000000ec400000)
  from space 4096K, 78% used [0x00000000ec400000,0x00000000ec723aa0,0x00000000ec800000)
  to   space 4096K, 0% used [0x00000000ec800000,0x00000000ec800000,0x00000000ecc00000)
 ParOldGen       total 68608K, used 0K [0x00000000c0000000, 0x00000000c4300000, 0x00000000eab00000)
  object space 68608K, 0% used [0x00000000c0000000,0x00000000c0000000,0x00000000c4300000)
 Metaspace       used 4346K, committed 4544K, reserved 1114112K
  class space    used 436K, committed 512K, reserved 1048576K
}
Event: 2.496 GC heap before
{Heap before GC invocations=2 (full 0):
 PSYoungGen      total 29696K, used 28814K [0x00000000eab00000, 0x00000000ecc00000, 0x0000000100000000)
  eden space 25600K, 100% used [0x00000000eab00000,0x00000000ec400000,0x00000000ec400000)
  from space 4096K, 78% used [0x00000000ec400000,0x00000000ec723aa0,0x00000000ec800000)
  to   space 4096K, 0% used [0x00000000ec800000,0x00000000ec800000,0x00000000ecc00000)
 ParOldGen       total 68608K, used 0K [0x00000000c0000000, 0x00000000c4300000, 0x00000000eab00000)
  object space 68608K, 0% used [0x00000000c0000000,0x00000000c0000000,0x00000000c4300000)
 Metaspace       used 8283K, committed 8640K, reserved 1114112K
  class space    used 820K, committed 960K, reserved 1048576K
}
Event: 2.503 GC heap after
{Heap after GC invocations=2 (full 0):
 PSYoungGen      total 29696K, used 4084K [0x00000000eab00000, 0x00000000ecc00000, 0x0000000100000000)
  eden space 25600K, 0% used [0x00000000eab00000,0x00000000eab00000,0x00000000ec400000)
  from space 4096K, 99% used [0x00000000ec800000,0x00000000ecbfd168,0x00000000ecc00000)
  to   space 4096K, 0% used [0x00000000ec400000,0x00000000ec400000,0x00000000ec800000)
 ParOldGen       total 68608K, used 861K [0x00000000c0000000, 0x00000000c4300000, 0x00000000eab00000)
  object space 68608K, 1% used [0x00000000c0000000,0x00000000c00d76a8,0x00000000c4300000)
 Metaspace       used 8283K, committed 8640K, reserved 1114112K
  class space    used 820K, committed 960K, reserved 1048576K
}
Event: 3.718 GC heap before
{Heap before GC invocations=3 (full 0):
 PSYoungGen      total 29696K, used 29684K [0x00000000eab00000, 0x00000000ecc00000, 0x0000000100000000)
  eden space 25600K, 100% used [0x00000000eab00000,0x00000000ec400000,0x00000000ec400000)
  from space 4096K, 99% used [0x00000000ec800000,0x00000000ecbfd168,0x00000000ecc00000)
  to   space 4096K, 0% used [0x00000000ec400000,0x00000000ec400000,0x00000000ec800000)
 ParOldGen       total 68608K, used 861K [0x00000000c0000000, 0x00000000c4300000, 0x00000000eab00000)
  object space 68608K, 1% used [0x00000000c0000000,0x00000000c00d76a8,0x00000000c4300000)
 Metaspace       used 12947K, committed 13440K, reserved 1114112K
  class space    used 1303K, committed 1472K, reserved 1048576K
}
Event: 3.723 GC heap after
{Heap after GC invocations=3 (full 0):
 PSYoungGen      total 29696K, used 4077K [0x00000000eab00000, 0x00000000ecc00000, 0x0000000100000000)
  eden space 25600K, 0% used [0x00000000eab00000,0x00000000eab00000,0x00000000ec400000)
  from space 4096K, 99% used [0x00000000ec400000,0x00000000ec7fb618,0x00000000ec800000)
  to   space 4096K, 0% used [0x00000000ec800000,0x00000000ec800000,0x00000000ecc00000)
 ParOldGen       total 68608K, used 2714K [0x00000000c0000000, 0x00000000c4300000, 0x00000000eab00000)
  object space 68608K, 3% used [0x00000000c0000000,0x00000000c02a68c0,0x00000000c4300000)
 Metaspace       used 12947K, committed 13440K, reserved 1114112K
  class space    used 1303K, committed 1472K, reserved 1048576K
}
Event: 4.664 GC heap before
{Heap before GC invocations=4 (full 0):
 PSYoungGen      total 29696K, used 29677K [0x00000000eab00000, 0x00000000ecc00000, 0x0000000100000000)
  eden space 25600K, 100% used [0x00000000eab00000,0x00000000ec400000,0x00000000ec400000)
  from space 4096K, 99% used [0x00000000ec400000,0x00000000ec7fb618,0x00000000ec800000)
  to   space 4096K, 0% used [0x00000000ec800000,0x00000000ec800000,0x00000000ecc00000)
 ParOldGen       total 68608K, used 2714K [0x00000000c0000000, 0x00000000c4300000, 0x00000000eab00000)
  object space 68608K, 3% used [0x00000000c0000000,0x00000000c02a68c0,0x00000000c4300000)
 Metaspace       used 16177K, committed 16896K, reserved 1114112K
  class space    used 1618K, committed 1920K, reserved 1048576K
}
Event: 4.670 GC heap after
{Heap after GC invocations=4 (full 0):
 PSYoungGen      total 29696K, used 4090K [0x00000000eab00000, 0x00000000ecc00000, 0x0000000100000000)
  eden space 25600K, 0% used [0x00000000eab00000,0x00000000eab00000,0x00000000ec400000)
  from space 4096K, 99% used [0x00000000ec800000,0x00000000ecbfea10,0x00000000ecc00000)
  to   space 4096K, 0% used [0x00000000ec400000,0x00000000ec400000,0x00000000ec800000)
 ParOldGen       total 68608K, used 6370K [0x00000000c0000000, 0x00000000c4300000, 0x00000000eab00000)
  object space 68608K, 9% used [0x00000000c0000000,0x00000000c0638a48,0x00000000c4300000)
 Metaspace       used 16177K, committed 16896K, reserved 1114112K
  class space    used 1618K, committed 1920K, reserved 1048576K
}
Event: 5.076 GC heap before
{Heap before GC invocations=5 (full 0):
 PSYoungGen      total 29696K, used 29671K [0x00000000eab00000, 0x00000000ecc00000, 0x0000000100000000)
  eden space 25600K, 99% used [0x00000000eab00000,0x00000000ec3fb478,0x00000000ec400000)
  from space 4096K, 99% used [0x00000000ec800000,0x00000000ecbfea10,0x00000000ecc00000)
  to   space 4096K, 0% used [0x00000000ec400000,0x00000000ec400000,0x00000000ec800000)
 ParOldGen       total 68608K, used 6370K [0x00000000c0000000, 0x00000000c4300000, 0x00000000eab00000)
  object space 68608K, 9% used [0x00000000c0000000,0x00000000c0638a48,0x00000000c4300000)
 Metaspace       used 19413K, committed 20096K, reserved 1114112K
  class space    used 1846K, committed 2112K, reserved 1048576K
}
Event: 5.081 GC heap after
{Heap after GC invocations=5 (full 0):
 PSYoungGen      total 29184K, used 4080K [0x00000000eab00000, 0x00000000ece80000, 0x0000000100000000)
  eden space 25088K, 0% used [0x00000000eab00000,0x00000000eab00000,0x00000000ec380000)
  from space 4096K, 99% used [0x00000000ec400000,0x00000000ec7fc1f0,0x00000000ec800000)
  to   space 5632K, 0% used [0x00000000ec900000,0x00000000ec900000,0x00000000ece80000)
 ParOldGen       total 68608K, used 6666K [0x00000000c0000000, 0x00000000c4300000, 0x00000000eab00000)
  object space 68608K, 9% used [0x00000000c0000000,0x00000000c06828a8,0x00000000c4300000)
 Metaspace       used 19413K, committed 20096K, reserved 1114112K
  class space    used 1846K, committed 2112K, reserved 1048576K
}
Event: 5.242 GC heap before
{Heap before GC invocations=6 (full 0):
 PSYoungGen      total 29184K, used 13672K [0x00000000eab00000, 0x00000000ece80000, 0x0000000100000000)
  eden space 25088K, 38% used [0x00000000eab00000,0x00000000eb45e0d8,0x00000000ec380000)
  from space 4096K, 99% used [0x00000000ec400000,0x00000000ec7fc1f0,0x00000000ec800000)
  to   space 5632K, 0% used [0x00000000ec900000,0x00000000ec900000,0x00000000ece80000)
 ParOldGen       total 68608K, used 6666K [0x00000000c0000000, 0x00000000c4300000, 0x00000000eab00000)
  object space 68608K, 9% used [0x00000000c0000000,0x00000000c06828a8,0x00000000c4300000)
 Metaspace       used 20818K, committed 21504K, reserved 1114112K
  class space    used 1961K, committed 2240K, reserved 1048576K
}
Event: 5.248 GC heap after
{Heap after GC invocations=6 (full 0):
 PSYoungGen      total 29696K, used 4286K [0x00000000eab00000, 0x00000000ecd80000, 0x0000000100000000)
  eden space 25088K, 0% used [0x00000000eab00000,0x00000000eab00000,0x00000000ec380000)
  from space 4608K, 93% used [0x00000000ec900000,0x00000000ecd2fb80,0x00000000ecd80000)
  to   space 4608K, 0% used [0x00000000ec480000,0x00000000ec480000,0x00000000ec900000)
 ParOldGen       total 68608K, used 6666K [0x00000000c0000000, 0x00000000c4300000, 0x00000000eab00000)
  object space 68608K, 9% used [0x00000000c0000000,0x00000000c06828a8,0x00000000c4300000)
 Metaspace       used 20818K, committed 21504K, reserved 1114112K
  class space    used 1961K, committed 2240K, reserved 1048576K
}
Event: 5.248 GC heap before
{Heap before GC invocations=7 (full 1):
 PSYoungGen      total 29696K, used 4286K [0x00000000eab00000, 0x00000000ecd80000, 0x0000000100000000)
  eden space 25088K, 0% used [0x00000000eab00000,0x00000000eab00000,0x00000000ec380000)
  from space 4608K, 93% used [0x00000000ec900000,0x00000000ecd2fb80,0x00000000ecd80000)
  to   space 4608K, 0% used [0x00000000ec480000,0x00000000ec480000,0x00000000ec900000)
 ParOldGen       total 68608K, used 6666K [0x00000000c0000000, 0x00000000c4300000, 0x00000000eab00000)
  object space 68608K, 9% used [0x00000000c0000000,0x00000000c06828a8,0x00000000c4300000)
 Metaspace       used 20818K, committed 21504K, reserved 1114112K
  class space    used 1961K, committed 2240K, reserved 1048576K
}
Event: 5.282 GC heap after
{Heap after GC invocations=7 (full 1):
 PSYoungGen      total 29696K, used 0K [0x00000000eab00000, 0x00000000ecd80000, 0x0000000100000000)
  eden space 25088K, 0% used [0x00000000eab00000,0x00000000eab00000,0x00000000ec380000)
  from space 4608K, 0% used [0x00000000ec900000,0x00000000ec900000,0x00000000ecd80000)
  to   space 4608K, 0% used [0x00000000ec480000,0x00000000ec480000,0x00000000ec900000)
 ParOldGen       total 68608K, used 10445K [0x00000000c0000000, 0x00000000c4300000, 0x00000000eab00000)
  object space 68608K, 15% used [0x00000000c0000000,0x00000000c0a33688,0x00000000c4300000)
 Metaspace       used 20805K, committed 21504K, reserved 1114112K
  class space    used 1957K, committed 2240K, reserved 1048576K
}
Event: 5.812 GC heap before
{Heap before GC invocations=8 (full 1):
 PSYoungGen      total 29696K, used 25088K [0x00000000eab00000, 0x00000000ecd80000, 0x0000000100000000)
  eden space 25088K, 100% used [0x00000000eab00000,0x00000000ec380000,0x00000000ec380000)
  from space 4608K, 0% used [0x00000000ec900000,0x00000000ec900000,0x00000000ecd80000)
  to   space 4608K, 0% used [0x00000000ec480000,0x00000000ec480000,0x00000000ec900000)
 ParOldGen       total 68608K, used 10445K [0x00000000c0000000, 0x00000000c4300000, 0x00000000eab00000)
  object space 68608K, 15% used [0x00000000c0000000,0x00000000c0a33688,0x00000000c4300000)
 Metaspace       used 22772K, committed 23424K, reserved 1114112K
  class space    used 2109K, committed 2368K, reserved 1048576K
}
Event: 5.814 GC heap after
{Heap after GC invocations=8 (full 1):
 PSYoungGen      total 27648K, used 2721K [0x00000000eab00000, 0x00000000eca00000, 0x0000000100000000)
  eden space 24576K, 0% used [0x00000000eab00000,0x00000000eab00000,0x00000000ec300000)
  from space 3072K, 88% used [0x00000000ec480000,0x00000000ec728520,0x00000000ec780000)
  to   space 2560K, 0% used [0x00000000ec780000,0x00000000ec780000,0x00000000eca00000)
 ParOldGen       total 68608K, used 10453K [0x00000000c0000000, 0x00000000c4300000, 0x00000000eab00000)
  object space 68608K, 15% used [0x00000000c0000000,0x00000000c0a35688,0x00000000c4300000)
 Metaspace       used 22772K, committed 23424K, reserved 1114112K
  class space    used 2109K, committed 2368K, reserved 1048576K
}
Event: 6.399 GC heap before
{Heap before GC invocations=9 (full 1):
 PSYoungGen      total 27648K, used 27297K [0x00000000eab00000, 0x00000000eca00000, 0x0000000100000000)
  eden space 24576K, 100% used [0x00000000eab00000,0x00000000ec300000,0x00000000ec300000)
  from space 3072K, 88% used [0x00000000ec480000,0x00000000ec728520,0x00000000ec780000)
  to   space 2560K, 0% used [0x00000000ec780000,0x00000000ec780000,0x00000000eca00000)
 ParOldGen       total 68608K, used 10453K [0x00000000c0000000, 0x00000000c4300000, 0x00000000eab00000)
  object space 68608K, 15% used [0x00000000c0000000,0x00000000c0a35688,0x00000000c4300000)
 Metaspace       used 26432K, committed 27264K, reserved 1114112K
  class space    used 2508K, committed 2816K, reserved 1048576K
}
Event: 6.402 GC heap after
{Heap after GC invocations=9 (full 1):
 PSYoungGen      total 26624K, used 2546K [0x00000000eab00000, 0x00000000ecc80000, 0x0000000100000000)
  eden space 24064K, 0% used [0x00000000eab00000,0x00000000eab00000,0x00000000ec280000)
  from space 2560K, 99% used [0x00000000ec780000,0x00000000ec9fc868,0x00000000eca00000)
  to   space 5120K, 0% used [0x00000000ec280000,0x00000000ec280000,0x00000000ec780000)
 ParOldGen       total 68608K, used 12431K [0x00000000c0000000, 0x00000000c4300000, 0x00000000eab00000)
  object space 68608K, 18% used [0x00000000c0000000,0x00000000c0c23e48,0x00000000c4300000)
 Metaspace       used 26432K, committed 27264K, reserved 1114112K
  class space    used 2508K, committed 2816K, reserved 1048576K
}

Dll operation events (10 events):
Event: 0.013 Loaded shared library c:\Users\zinzi\.vscode\extensions\redhat.java-1.40.0-win32-x64\jre\21.0.6-win32-x86_64\bin\java.dll
Event: 0.098 Loaded shared library c:\Users\zinzi\.vscode\extensions\redhat.java-1.40.0-win32-x64\jre\21.0.6-win32-x86_64\bin\zip.dll
Event: 0.126 Loaded shared library C:\Users\zinzi\.vscode\extensions\redhat.java-1.40.0-win32-x64\jre\21.0.6-win32-x86_64\bin\instrument.dll
Event: 0.131 Loaded shared library C:\Users\zinzi\.vscode\extensions\redhat.java-1.40.0-win32-x64\jre\21.0.6-win32-x86_64\bin\net.dll
Event: 0.134 Loaded shared library C:\Users\zinzi\.vscode\extensions\redhat.java-1.40.0-win32-x64\jre\21.0.6-win32-x86_64\bin\nio.dll
Event: 0.139 Loaded shared library C:\Users\zinzi\.vscode\extensions\redhat.java-1.40.0-win32-x64\jre\21.0.6-win32-x86_64\bin\zip.dll
Event: 0.159 Loaded shared library C:\Users\zinzi\.vscode\extensions\redhat.java-1.40.0-win32-x64\jre\21.0.6-win32-x86_64\bin\jimage.dll
Event: 0.278 Loaded shared library c:\Users\zinzi\.vscode\extensions\redhat.java-1.40.0-win32-x64\jre\21.0.6-win32-x86_64\bin\verify.dll
Event: 2.356 Loaded shared library C:\Users\zinzi\AppData\Roaming\Code\User\globalStorage\redhat.java\1.40.0\config_ss_win\org.eclipse.equinox.launcher\org.eclipse.equinox.launcher.win32.win32.x86_64_1.2.1200.v20250212-0927\eclipse_11909.dll
Event: 4.316 Loaded shared library C:\Users\zinzi\AppData\Local\Temp\jna-115907214\jna18425749298785551782.dll

Deoptimization events (20 events):
Event: 6.553 Thread 0x00000286047f1870 Uncommon trap: trap_request=0xffffffde fr.pc=0x000002860f643a74 relative=0x0000000000000054
Event: 6.553 Thread 0x00000286047f1870 Uncommon trap: reason=class_check action=maybe_recompile pc=0x000002860f643a74 method=java.lang.invoke.DirectMethodHandle.internalMemberName(Ljava/lang/Object;)Ljava/lang/Object; @ 1 c2
Event: 6.553 Thread 0x00000286047f1870 DEOPT PACKING pc=0x000002860f643a74 sp=0x000000c7bbdfe480
Event: 6.553 Thread 0x00000286047f1870 DEOPT UNPACKING pc=0x000002860ef63aa2 sp=0x000000c7bbdfe410 mode 2
Event: 6.579 Thread 0x00000286047f1870 Uncommon trap: trap_request=0xffffff45 fr.pc=0x000002860f581418 relative=0x00000000000008d8
Event: 6.579 Thread 0x00000286047f1870 Uncommon trap: reason=unstable_if action=reinterpret pc=0x000002860f581418 method=jdk.internal.org.objectweb.asm.SymbolTable.put(Ljdk/internal/org/objectweb/asm/SymbolTable$Entry;)Ljdk/internal/org/objectweb/asm/SymbolTable$Entry; @ 13 c2
Event: 6.579 Thread 0x00000286047f1870 DEOPT PACKING pc=0x000002860f581418 sp=0x000000c7bbdfe3b0
Event: 6.579 Thread 0x00000286047f1870 DEOPT UNPACKING pc=0x000002860ef63aa2 sp=0x000000c7bbdfe2c8 mode 2
Event: 6.592 Thread 0x00000286047f1870 Uncommon trap: trap_request=0xffffff45 fr.pc=0x000002860f6311c8 relative=0x0000000000000108
Event: 6.592 Thread 0x00000286047f1870 Uncommon trap: reason=unstable_if action=reinterpret pc=0x000002860f6311c8 method=java.lang.CharacterDataLatin1.digit(II)I @ 7 c2
Event: 6.592 Thread 0x00000286047f1870 DEOPT PACKING pc=0x000002860f6311c8 sp=0x000000c7bbdfe670
Event: 6.592 Thread 0x00000286047f1870 DEOPT UNPACKING pc=0x000002860ef63aa2 sp=0x000000c7bbdfe530 mode 2
Event: 6.592 Thread 0x00000286047f1870 Uncommon trap: trap_request=0xffffff45 fr.pc=0x000002860f4ec6d0 relative=0x00000000000000b0
Event: 6.592 Thread 0x00000286047f1870 Uncommon trap: reason=unstable_if action=reinterpret pc=0x000002860f4ec6d0 method=java.lang.CharacterDataLatin1.digit(II)I @ 7 c2
Event: 6.592 Thread 0x00000286047f1870 DEOPT PACKING pc=0x000002860f4ec6d0 sp=0x000000c7bbdfe5c0
Event: 6.592 Thread 0x00000286047f1870 DEOPT UNPACKING pc=0x000002860ef63aa2 sp=0x000000c7bbdfe540 mode 2
Event: 6.632 Thread 0x00000286047f1870 Uncommon trap: trap_request=0xffffff45 fr.pc=0x000002860f4e5270 relative=0x00000000000002d0
Event: 6.632 Thread 0x00000286047f1870 Uncommon trap: reason=unstable_if action=reinterpret pc=0x000002860f4e5270 method=java.util.HashMap$HashIterator.<init>(Ljava/util/HashMap;)V @ 45 c2
Event: 6.632 Thread 0x00000286047f1870 DEOPT PACKING pc=0x000002860f4e5270 sp=0x000000c7bbdfe750
Event: 6.632 Thread 0x00000286047f1870 DEOPT UNPACKING pc=0x000002860ef63aa2 sp=0x000000c7bbdfe6e8 mode 2

Classes loaded (20 events):
Event: 6.591 Loading class java/text/ParsePosition done
Event: 6.591 Loading class sun/nio/ch/WindowsAsynchronousFileChannelImpl$ReadTask done
Event: 6.591 Loading class java/text/CalendarBuilder
Event: 6.592 Loading class java/text/CalendarBuilder done
Event: 6.593 Loading class sun/util/locale/provider/CalendarDataUtility$CalendarFieldValueNamesMapGetter
Event: 6.593 Loading class sun/util/locale/provider/CalendarDataUtility$CalendarFieldValueNamesMapGetter done
Event: 6.594 Loading class sun/util/cldr/CLDRCalendarNameProviderImpl
Event: 6.594 Loading class sun/util/locale/provider/CalendarNameProviderImpl
Event: 6.595 Loading class sun/util/locale/provider/CalendarNameProviderImpl done
Event: 6.595 Loading class sun/util/cldr/CLDRCalendarNameProviderImpl done
Event: 6.596 Loading class sun/util/locale/provider/CalendarNameProviderImpl$LengthBasedComparator
Event: 6.596 Loading class sun/util/locale/provider/CalendarNameProviderImpl$LengthBasedComparator done
Event: 6.622 Loading class java/io/PrintWriter$1
Event: 6.623 Loading class jdk/internal/access/JavaIOPrintWriterAccess
Event: 6.623 Loading class jdk/internal/access/JavaIOPrintWriterAccess done
Event: 6.623 Loading class java/io/PrintWriter$1 done
Event: 6.624 Loading class java/time/format/DateTimeParseContext
Event: 6.625 Loading class java/time/format/DateTimeParseContext done
Event: 6.625 Loading class java/time/format/Parsed
Event: 6.628 Loading class java/time/format/Parsed done

Classes unloaded (7 events):
Event: 5.253 Thread 0x00000286048ae740 Unloading class 0x000002861a17c800 'java/lang/invoke/LambdaForm$MH+0x000002861a17c800'
Event: 5.253 Thread 0x00000286048ae740 Unloading class 0x000002861a17c400 'java/lang/invoke/LambdaForm$MH+0x000002861a17c400'
Event: 5.253 Thread 0x00000286048ae740 Unloading class 0x000002861a17c000 'java/lang/invoke/LambdaForm$MH+0x000002861a17c000'
Event: 5.253 Thread 0x00000286048ae740 Unloading class 0x000002861a17bc00 'java/lang/invoke/LambdaForm$MH+0x000002861a17bc00'
Event: 5.253 Thread 0x00000286048ae740 Unloading class 0x000002861a17b800 'java/lang/invoke/LambdaForm$BMH+0x000002861a17b800'
Event: 5.253 Thread 0x00000286048ae740 Unloading class 0x000002861a17b400 'java/lang/invoke/LambdaForm$DMH+0x000002861a17b400'
Event: 5.253 Thread 0x00000286048ae740 Unloading class 0x000002861a17a000 'java/lang/invoke/LambdaForm$DMH+0x000002861a17a000'

Classes redefined (0 events):
No events

Internal exceptions (20 events):
Event: 6.407 Thread 0x00000286612c2840 Exception <a 'sun/nio/fs/WindowsException'{0x00000000eab5b308}> (0x00000000eab5b308) 
thrown [s\src\hotspot\share\prims\jni.cpp, line 520]
Event: 6.407 Thread 0x00000286612c2840 Exception <a 'sun/nio/fs/WindowsException'{0x00000000eab5bb58}> (0x00000000eab5bb58) 
thrown [s\src\hotspot\share\prims\jni.cpp, line 520]
Event: 6.408 Thread 0x00000286612c2840 Exception <a 'sun/nio/fs/WindowsException'{0x00000000eab5d210}> (0x00000000eab5d210) 
thrown [s\src\hotspot\share\prims\jni.cpp, line 520]
Event: 6.408 Thread 0x00000286612c2840 Exception <a 'sun/nio/fs/WindowsException'{0x00000000eab89008}> (0x00000000eab89008) 
thrown [s\src\hotspot\share\prims\jni.cpp, line 520]
Event: 6.408 Thread 0x00000286612c2840 Exception <a 'sun/nio/fs/WindowsException'{0x00000000eab89b50}> (0x00000000eab89b50) 
thrown [s\src\hotspot\share\prims\jni.cpp, line 520]
Event: 6.408 Thread 0x00000286612c2840 Exception <a 'sun/nio/fs/WindowsException'{0x00000000eab8a228}> (0x00000000eab8a228) 
thrown [s\src\hotspot\share\prims\jni.cpp, line 520]
Event: 6.409 Thread 0x00000286612c2840 Exception <a 'sun/nio/fs/WindowsException'{0x00000000eab8add0}> (0x00000000eab8add0) 
thrown [s\src\hotspot\share\prims\jni.cpp, line 520]
Event: 6.409 Thread 0x00000286612c2840 Exception <a 'sun/nio/fs/WindowsException'{0x00000000eab8b4a8}> (0x00000000eab8b4a8) 
thrown [s\src\hotspot\share\prims\jni.cpp, line 520]
Event: 6.409 Thread 0x00000286612c2840 Exception <a 'sun/nio/fs/WindowsException'{0x00000000eab8cdb8}> (0x00000000eab8cdb8) 
thrown [s\src\hotspot\share\prims\jni.cpp, line 520]
Event: 6.409 Thread 0x00000286612c2840 Exception <a 'sun/nio/fs/WindowsException'{0x00000000eab8d490}> (0x00000000eab8d490) 
thrown [s\src\hotspot\share\prims\jni.cpp, line 520]
Event: 6.412 Thread 0x00000286612c2840 Exception <a 'java/lang/NoSuchMethodError'{0x00000000eabccb98}: 'void java.lang.invoke.DirectMethodHandle$Holder.invokeVirtual(java.lang.Object, java.lang.Object, java.lang.Object, java.lang.Object)'> (0x00000000eabccb98) 
thrown [s\src\hotspot\share\interpreter\linkResolver.cpp, line 773]
Event: 6.504 Thread 0x00000286612c2840 Exception <a 'java/io/FileNotFoundException'{0x00000000eb27e788}> (0x00000000eb27e788) 
thrown [s\src\hotspot\share\prims\jni.cpp, line 520]
Event: 6.505 Thread 0x00000286612c2840 Exception <a 'java/io/FileNotFoundException'{0x00000000eb27fa10}> (0x00000000eb27fa10) 
thrown [s\src\hotspot\share\prims\jni.cpp, line 520]
Event: 6.506 Thread 0x00000286612c2840 Exception <a 'java/lang/NoSuchMethodError'{0x00000000eb2b89f0}: 'java.lang.Object java.lang.invoke.DirectMethodHandle$Holder.newInvokeSpecial(java.lang.Object, java.lang.Object, java.lang.Object, int)'> (0x00000000eb2b89f0) 
thrown [s\src\hotspot\share\interpreter\linkResolver.cpp, line 773]
Event: 6.506 Thread 0x00000286612c2840 Exception <a 'java/lang/NoSuchMethodError'{0x00000000eb2bc608}: 'java.lang.Object java.lang.invoke.DirectMethodHandle$Holder.invokeSpecial(java.lang.Object, java.lang.Object, java.lang.Object, java.lang.Object, int)'> (0x00000000eb2bc608) 
thrown [s\src\hotspot\share\interpreter\linkResolver.cpp, line 773]
Event: 6.507 Thread 0x00000286612c2840 Exception <a 'java/lang/NoSuchMethodError'{0x00000000eb2d5728}: 'java.lang.Object java.lang.invoke.Invokers$Holder.linkToTargetMethod(java.lang.Object, java.lang.Object, int, java.lang.Object)'> (0x00000000eb2d5728) 
thrown [s\src\hotspot\share\interpreter\linkResolver.cpp, line 773]
Event: 6.509 Thread 0x00000286612c2840 Exception <a 'java/lang/NoSuchMethodError'{0x00000000eb2e0cc8}: 'void java.lang.invoke.DirectMethodHandle$Holder.invokeStaticInit(java.lang.Object, java.lang.Object, java.lang.Object)'> (0x00000000eb2e0cc8) 
thrown [s\src\hotspot\share\interpreter\linkResolver.cpp, line 773]
Event: 6.552 Thread 0x00000286047f1870 Exception <a 'java/lang/NoSuchMethodError'{0x00000000eb5d5f20}: 'void java.lang.invoke.DirectMethodHandle$Holder.invokeSpecial(java.lang.Object, java.lang.Object, java.lang.Object, java.lang.Object, java.lang.Object, java.lang.Object)'> (0x00000000eb5d5f20) 
thrown [s\src\hotspot\share\interpreter\linkResolver.cpp, line 773]
Event: 6.553 Thread 0x00000286047f1870 Exception <a 'java/lang/IncompatibleClassChangeError'{0x00000000eb5de0a0}: Found class java.lang.Object, but interface was expected> (0x00000000eb5de0a0) 
thrown [s\src\hotspot\share\interpreter\linkResolver.cpp, line 840]
Event: 6.554 Thread 0x00000286047f1870 Exception <a 'java/lang/IncompatibleClassChangeError'{0x00000000eb5dffb0}: Found class java.lang.Object, but interface was expected> (0x00000000eb5dffb0) 
thrown [s\src\hotspot\share\interpreter\linkResolver.cpp, line 840]

ZGC Phase Switch (0 events):
No events

VM Operations (20 events):
Event: 5.783 Executing VM operation: ParallelGCFailedAllocation (Allocation Failure)
Event: 5.814 Executing VM operation: ParallelGCFailedAllocation (Allocation Failure) done
Event: 5.859 Executing VM operation: HandshakeAllThreads (Deoptimize)
Event: 5.887 Executing VM operation: HandshakeAllThreads (Deoptimize) done
Event: 5.891 Executing VM operation: HandshakeAllThreads (Deoptimize)
Event: 5.894 Executing VM operation: HandshakeAllThreads (Deoptimize) done
Event: 5.905 Executing VM operation: HandshakeAllThreads (Deoptimize)
Event: 5.905 Executing VM operation: HandshakeAllThreads (Deoptimize) done
Event: 5.965 Executing VM operation: HandshakeAllThreads (Deoptimize)
Event: 5.965 Executing VM operation: HandshakeAllThreads (Deoptimize) done
Event: 5.976 Executing VM operation: HandshakeAllThreads (Deoptimize)
Event: 5.976 Executing VM operation: HandshakeAllThreads (Deoptimize) done
Event: 6.136 Executing VM operation: HandshakeAllThreads (Deoptimize)
Event: 6.136 Executing VM operation: HandshakeAllThreads (Deoptimize) done
Event: 6.399 Executing VM operation: ParallelGCFailedAllocation (Allocation Failure)
Event: 6.402 Executing VM operation: ParallelGCFailedAllocation (Allocation Failure) done
Event: 7.402 Executing VM operation: Cleanup
Event: 7.402 Executing VM operation: Cleanup done
Event: 13.433 Executing VM operation: Cleanup
Event: 13.433 Executing VM operation: Cleanup done

Memory protections (0 events):
No events

Nmethod flushes (0 events):
No events

Events (20 events):
Event: 6.310 Thread 0x00000286047f1870 Thread added: 0x00000286612c3560
Event: 6.311 Thread 0x00000286047f1870 Thread added: 0x00000286612c3bf0
Event: 6.311 Thread 0x00000286047f1870 Thread added: 0x00000286612c2ed0
Event: 6.311 Thread 0x00000286047f1870 Thread added: 0x0000028660ef4250
Event: 6.311 Thread 0x00000286047f1870 Thread added: 0x0000028660ef2180
Event: 6.311 Thread 0x00000286047f1870 Thread added: 0x0000028660eef390
Event: 6.311 Thread 0x00000286047f1870 Thread added: 0x0000028660eedfe0
Event: 6.311 Thread 0x00000286047f1870 Thread added: 0x0000028660ef1af0
Event: 6.311 Thread 0x00000286047f1870 Thread added: 0x0000028660ef3bc0
Event: 6.312 Thread 0x00000286047f1870 Thread added: 0x0000028660ef2ea0
Event: 6.312 Thread 0x00000286047f1870 Thread added: 0x0000028660ef2810
Event: 6.312 Thread 0x00000286047f1870 Thread added: 0x0000028660eefa20
Event: 6.312 Thread 0x00000286047f1870 Thread added: 0x0000028660ef48e0
Event: 6.338 Thread 0x00000286047f1870 Thread added: 0x0000028660ef3530
Event: 6.464 Thread 0x0000028661a51c80 Thread exited: 0x0000028661a51c80
Event: 6.512 Thread 0x0000028661148200 Thread added: 0x0000028660eeed00
Event: 6.588 Thread 0x00000286047f1870 Thread added: 0x0000028660ef1460
Event: 6.589 Thread 0x00000286047f1870 Thread added: 0x0000028660ef4f70
Event: 9.616 Thread 0x0000028660f16070 Thread exited: 0x0000028660f16070
Event: 11.677 Thread 0x0000028661a56690 Thread exited: 0x0000028661a56690


Dynamic libraries:
0x00007ff7cec30000 - 0x00007ff7cec3e000 	c:\Users\zinzi\.vscode\extensions\redhat.java-1.40.0-win32-x64\jre\21.0.6-win32-x86_64\bin\java.exe
0x00007ff8bef30000 - 0x00007ff8bf147000 	C:\WINDOWS\SYSTEM32\ntdll.dll
0x00007ff8bd770000 - 0x00007ff8bd834000 	C:\WINDOWS\System32\KERNEL32.DLL
0x00007ff8bc500000 - 0x00007ff8bc8d1000 	C:\WINDOWS\System32\KERNELBASE.dll
0x00007ff8bc3b0000 - 0x00007ff8bc4c1000 	C:\WINDOWS\System32\ucrtbase.dll
0x00007ff86c920000 - 0x00007ff86c938000 	c:\Users\zinzi\.vscode\extensions\redhat.java-1.40.0-win32-x64\jre\21.0.6-win32-x86_64\bin\jli.dll
0x00007ff86c940000 - 0x00007ff86c95e000 	c:\Users\zinzi\.vscode\extensions\redhat.java-1.40.0-win32-x64\jre\21.0.6-win32-x86_64\bin\VCRUNTIME140.dll
0x00007ff8be240000 - 0x00007ff8be3f1000 	C:\WINDOWS\System32\USER32.dll
0x00007ff8bc300000 - 0x00007ff8bc326000 	C:\WINDOWS\System32\win32u.dll
0x00007ff8bcc00000 - 0x00007ff8bcc29000 	C:\WINDOWS\System32\GDI32.dll
0x00007ff8a9b50000 - 0x00007ff8a9de2000 	C:\WINDOWS\WinSxS\amd64_microsoft.windows.common-controls_6595b64144ccf1df_6.0.22621.4830_none_270fe7d773858e80\COMCTL32.dll
0x00007ff8bc070000 - 0x00007ff8bc18b000 	C:\WINDOWS\System32\gdi32full.dll
0x00007ff8be190000 - 0x00007ff8be237000 	C:\WINDOWS\System32\msvcrt.dll
0x00007ff8bc960000 - 0x00007ff8bc9fa000 	C:\WINDOWS\System32\msvcp_win.dll
0x00007ff8bcd50000 - 0x00007ff8bcd81000 	C:\WINDOWS\System32\IMM32.DLL
0x00007ff86c910000 - 0x00007ff86c91c000 	c:\Users\zinzi\.vscode\extensions\redhat.java-1.40.0-win32-x64\jre\21.0.6-win32-x86_64\bin\vcruntime140_1.dll
0x00007ff86c860000 - 0x00007ff86c8ed000 	c:\Users\zinzi\.vscode\extensions\redhat.java-1.40.0-win32-x64\jre\21.0.6-win32-x86_64\bin\msvcp140.dll
0x00007ff840b80000 - 0x00007ff841910000 	c:\Users\zinzi\.vscode\extensions\redhat.java-1.40.0-win32-x64\jre\21.0.6-win32-x86_64\bin\server\jvm.dll
0x00007ff8bee30000 - 0x00007ff8beee1000 	C:\WINDOWS\System32\ADVAPI32.dll
0x00007ff8bcd90000 - 0x00007ff8bce37000 	C:\WINDOWS\System32\sechost.dll
0x00007ff8bc4d0000 - 0x00007ff8bc4f8000 	C:\WINDOWS\System32\bcrypt.dll
0x00007ff8bcc30000 - 0x00007ff8bcd44000 	C:\WINDOWS\System32\RPCRT4.dll
0x00007ff8be110000 - 0x00007ff8be181000 	C:\WINDOWS\System32\WS2_32.dll
0x00007ff8acbb0000 - 0x00007ff8acbe4000 	C:\WINDOWS\SYSTEM32\WINMM.dll
0x00007ff8b9c70000 - 0x00007ff8b9c7a000 	C:\WINDOWS\SYSTEM32\VERSION.dll
0x00007ff8baee0000 - 0x00007ff8baf2d000 	C:\WINDOWS\SYSTEM32\POWRPROF.dll
0x00007ff8baec0000 - 0x00007ff8baed3000 	C:\WINDOWS\SYSTEM32\UMPDC.dll
0x00007ff8bb170000 - 0x00007ff8bb188000 	C:\WINDOWS\SYSTEM32\kernel.appcore.dll
0x00007ff86c850000 - 0x00007ff86c85a000 	c:\Users\zinzi\.vscode\extensions\redhat.java-1.40.0-win32-x64\jre\21.0.6-win32-x86_64\bin\jimage.dll
0x00007ff8ac0a0000 - 0x00007ff8ac2d2000 	C:\WINDOWS\SYSTEM32\DBGHELP.DLL
0x00007ff8be990000 - 0x00007ff8bed20000 	C:\WINDOWS\System32\combase.dll
0x00007ff8be400000 - 0x00007ff8be4d7000 	C:\WINDOWS\System32\OLEAUT32.dll
0x00007ff8a2290000 - 0x00007ff8a22c2000 	C:\WINDOWS\SYSTEM32\dbgcore.DLL
0x00007ff8bc330000 - 0x00007ff8bc3ab000 	C:\WINDOWS\System32\bcryptPrimitives.dll
0x00007ff8a8f20000 - 0x00007ff8a8f2f000 	c:\Users\zinzi\.vscode\extensions\redhat.java-1.40.0-win32-x64\jre\21.0.6-win32-x86_64\bin\instrument.dll
0x00007ff851d00000 - 0x00007ff851d1f000 	c:\Users\zinzi\.vscode\extensions\redhat.java-1.40.0-win32-x64\jre\21.0.6-win32-x86_64\bin\java.dll
0x00007ff8bcee0000 - 0x00007ff8bd768000 	C:\WINDOWS\System32\SHELL32.dll
0x00007ff8bca00000 - 0x00007ff8bcb3f000 	C:\WINDOWS\System32\wintypes.dll
0x00007ff8b9f90000 - 0x00007ff8ba89d000 	C:\WINDOWS\SYSTEM32\windows.storage.dll
0x00007ff8be650000 - 0x00007ff8be75a000 	C:\WINDOWS\System32\SHCORE.dll
0x00007ff8be5f0000 - 0x00007ff8be64e000 	C:\WINDOWS\System32\shlwapi.dll
0x00007ff8bbfa0000 - 0x00007ff8bbfcb000 	C:\WINDOWS\SYSTEM32\profapi.dll
0x00007ff851ce0000 - 0x00007ff851cf8000 	c:\Users\zinzi\.vscode\extensions\redhat.java-1.40.0-win32-x64\jre\21.0.6-win32-x86_64\bin\zip.dll
0x00007ff869df0000 - 0x00007ff869e00000 	C:\Users\zinzi\.vscode\extensions\redhat.java-1.40.0-win32-x64\jre\21.0.6-win32-x86_64\bin\net.dll
0x00007ff8b83f0000 - 0x00007ff8b851c000 	C:\WINDOWS\SYSTEM32\WINHTTP.dll
0x00007ff8bb5d0000 - 0x00007ff8bb63a000 	C:\WINDOWS\system32\mswsock.dll
0x00007ff851cc0000 - 0x00007ff851cd6000 	C:\Users\zinzi\.vscode\extensions\redhat.java-1.40.0-win32-x64\jre\21.0.6-win32-x86_64\bin\nio.dll
0x00007ff851cb0000 - 0x00007ff851cc0000 	c:\Users\zinzi\.vscode\extensions\redhat.java-1.40.0-win32-x64\jre\21.0.6-win32-x86_64\bin\verify.dll
0x00007ff88b720000 - 0x00007ff88b765000 	C:\Users\zinzi\AppData\Roaming\Code\User\globalStorage\redhat.java\1.40.0\config_ss_win\org.eclipse.equinox.launcher\org.eclipse.equinox.launcher.win32.win32.x86_64_1.2.1200.v20250212-0927\eclipse_11909.dll
0x00007ff8bd840000 - 0x00007ff8bd9e1000 	C:\WINDOWS\System32\ole32.dll
0x00007ff8bb7f0000 - 0x00007ff8bb80b000 	C:\WINDOWS\SYSTEM32\CRYPTSP.dll
0x00007ff8bb0d0000 - 0x00007ff8bb107000 	C:\WINDOWS\system32\rsaenh.dll
0x00007ff8bb680000 - 0x00007ff8bb6a8000 	C:\WINDOWS\SYSTEM32\USERENV.dll
0x00007ff8bb7e0000 - 0x00007ff8bb7ec000 	C:\WINDOWS\SYSTEM32\CRYPTBASE.dll
0x00007ff8bab70000 - 0x00007ff8bab9d000 	C:\WINDOWS\SYSTEM32\IPHLPAPI.DLL
0x00007ff8bdc50000 - 0x00007ff8bdc59000 	C:\WINDOWS\System32\NSI.dll
0x00007ff89fbc0000 - 0x00007ff89fc09000 	C:\Users\zinzi\AppData\Local\Temp\jna-115907214\jna18425749298785551782.dll
0x00007ff8bced0000 - 0x00007ff8bced8000 	C:\WINDOWS\System32\PSAPI.DLL
0x00007ff8b8290000 - 0x00007ff8b82a9000 	C:\WINDOWS\SYSTEM32\dhcpcsvc6.DLL
0x00007ff8b8270000 - 0x00007ff8b828f000 	C:\WINDOWS\SYSTEM32\dhcpcsvc.DLL

dbghelp: loaded successfully - version: 4.0.5 - missing functions: none
symbol engine: initialized successfully - sym options: 0x614 - pdb path: .;c:\Users\zinzi\.vscode\extensions\redhat.java-1.40.0-win32-x64\jre\21.0.6-win32-x86_64\bin;C:\WINDOWS\SYSTEM32;C:\WINDOWS\WinSxS\amd64_microsoft.windows.common-controls_6595b64144ccf1df_6.0.22621.4830_none_270fe7d773858e80;c:\Users\zinzi\.vscode\extensions\redhat.java-1.40.0-win32-x64\jre\21.0.6-win32-x86_64\bin\server;C:\Users\zinzi\AppData\Roaming\Code\User\globalStorage\redhat.java\1.40.0\config_ss_win\org.eclipse.equinox.launcher\org.eclipse.equinox.launcher.win32.win32.x86_64_1.2.1200.v20250212-0927;C:\Users\zinzi\AppData\Local\Temp\jna-115907214

VM Arguments:
jvm_args: --add-modules=ALL-SYSTEM --add-opens=java.base/java.util=ALL-UNNAMED --add-opens=java.base/java.lang=ALL-UNNAMED --add-opens=java.base/sun.nio.fs=ALL-UNNAMED -Declipse.application=org.eclipse.jdt.ls.core.id1 -Dosgi.bundles.defaultStartLevel=4 -Declipse.product=org.eclipse.jdt.ls.core.product -Djava.import.generatesMetadataFilesAtProjectRoot=false -DDetectVMInstallationsJob.disabled=true -Dfile.encoding=utf8 -XX:+UseParallelGC -XX:GCTimeRatio=4 -XX:AdaptiveSizePolicyWeight=90 -Dsun.zip.disableMemoryMapping=true -Xmx1G -Xms100m -Xlog:disable -javaagent:c:\Users\zinzi\.vscode\extensions\redhat.java-1.40.0-win32-x64\lombok\lombok-1.18.36.jar 
java_command: c:\Users\zinzi\.vscode\extensions\redhat.java-1.40.0-win32-x64\server\plugins\org.eclipse.equinox.launcher_1.6.1000.v20250131-0606.jar -configuration c:\Users\zinzi\AppData\Roaming\Code\User\globalStorage\redhat.java\1.40.0\config_ss_win -data c:\Users\zinzi\AppData\Roaming\Code\User\workspaceStorage\1531145508dfbda3fe65cda5b18105b1\redhat.java\ss_ws --pipe=\\.\pipe\lsp-c3f559e3c08830dd930d1a9822e863e8-sock
java_class_path (initial): c:\Users\zinzi\.vscode\extensions\redhat.java-1.40.0-win32-x64\server\plugins\org.eclipse.equinox.launcher_1.6.1000.v20250131-0606.jar
Launcher Type: SUN_STANDARD

[Global flags]
    uintx AdaptiveSizePolicyWeight                 = 90                                        {product} {command line}
     intx CICompilerCount                          = 4                                         {product} {ergonomic}
    uintx GCTimeRatio                              = 4                                         {product} {command line}
   size_t InitialHeapSize                          = 104857600                                 {product} {command line}
   size_t MaxHeapSize                              = 1073741824                                {product} {command line}
   size_t MaxNewSize                               = 357564416                                 {product} {ergonomic}
   size_t MinHeapDeltaBytes                        = 524288                                    {product} {ergonomic}
   size_t MinHeapSize                              = 104857600                                 {product} {command line}
   size_t NewSize                                  = 34603008                                  {product} {ergonomic}
    uintx NonNMethodCodeHeapSize                   = 5839372                                {pd product} {ergonomic}
    uintx NonProfiledCodeHeapSize                  = 122909434                              {pd product} {ergonomic}
   size_t OldSize                                  = 70254592                                  {product} {ergonomic}
    uintx ProfiledCodeHeapSize                     = 122909434                              {pd product} {ergonomic}
    uintx ReservedCodeCacheSize                    = 251658240                              {pd product} {ergonomic}
     bool SegmentedCodeCache                       = true                                      {product} {ergonomic}
   size_t SoftMaxHeapSize                          = 1073741824                             {manageable} {ergonomic}
     bool UseCompressedOops                        = true                           {product lp64_product} {ergonomic}
     bool UseLargePagesIndividualAllocation        = false                                  {pd product} {ergonomic}
     bool UseParallelGC                            = true                                      {product} {command line}

Logging:
Log output configuration:
 #0: stdout all=off uptime,level,tags foldmultilines=false
 #1: stderr all=off uptime,level,tags foldmultilines=false

Environment Variables:
JAVA_HOME=C:\Program Files\Microsoft\jdk-17.0.10.7-hotspot\
PATH=C:\Program Files\Microsoft\jdk-17.0.10.7-hotspot\bin;C:\WINDOWS\system32;C:\WINDOWS;C:\WINDOWS\System32\Wbem;C:\WINDOWS\System32\WindowsPowerShell\v1.0\;C:\WINDOWS\System32\OpenSSH\;C:\ProgramData\chocolatey\bin;C:\Program Files\Microsoft SQL Server\150\Tools\Binn\;C:\Program Files\Microsoft SQL Server\Client SDK\ODBC\170\Tools\Binn\;C:\Program Files (x86)\Microsoft SQL Server\160\Tools\Binn\;C:\Program Files\Microsoft SQL Server\160\Tools\Binn\;C:\Program Files\Microsoft SQL Server\160\DTS\Binn\;C:\Program Files (x86)\NVIDIA Corporation\PhysX\Common;C:\Users\zinzi\AppData\Roaming\nvm;C:\Program Files\nodejs;C:\Program Files\Amazon\AWSCLIV2\;C:\Program Files\starship\bin\;C:\Program Files (x86)\oh-my-posh\bin;D:\Git\Git\cmd;C:\Program Files\Amazon\SessionManagerPlugin\bin\;C:\Program Files\dotnet\;C:\Program Files\Amazon\SessionManagerPlugin\bin;C:\Program Files\MySQL\MySQL Shell 8.0\bin\;C:\Users\zinzi\AppData\Local\Android\Sdk\platform-tools;C:\Users\zinzi\AppData\Local\Microsoft\WindowsApps;C:\Users\zinzi\AppData\Local\Programs\Microsoft VS Code\bin;C:\Users\zinzi\AppData\Local\GitHubDesktop\bin;C:\Users\zinzi\AppData\Roaming\npm;C:\Users\zinzi\AppData\Roaming\nvm;C:\Program Files\nodejs;C:\Users\zinzi\AppData\Local\Programs\oh-my-posh\bin;C:\Users\zinzi\AppData\Local\Packages\PythonSoftwareFoundation.Python.3.13_qbz5n2kfra8p0\LocalCache\local-packages\Python313\Scripts;C:\Gradle\gradle-8.13\bin;C:\Users\zinzi\.dotnet\tools
USERNAME=zinzi
OS=Windows_NT
PROCESSOR_IDENTIFIER=Intel64 Family 6 Model 165 Stepping 2, GenuineIntel
TMP=C:\Users\zinzi\AppData\Local\Temp
TEMP=C:\Users\zinzi\AppData\Local\Temp




Periodic native trim disabled

---------------  S Y S T E M  ---------------

OS:
 Windows 11 , 64 bit Build 22621 (10.0.22621.4974)
OS uptime: 0 days 0:55 hours
Hyper-V role detected

CPU: total 12 (initial active 12) (6 cores per cpu, 2 threads per core) family 6 model 165 stepping 2 microcode 0xe0, cx8, cmov, fxsr, ht, mmx, 3dnowpref, sse, sse2, sse3, ssse3, sse4.1, sse4.2, popcnt, lzcnt, tsc, tscinvbit, avx, avx2, aes, erms, clmul, bmi1, bmi2, adx, fma, vzeroupper, clflush, clflushopt, hv, rdtscp, f16c
Processor Information for the first 12 processors :
  Max Mhz: 2592, Current Mhz: 2592, Mhz Limit: 2592

Memory: 4k page, system-wide physical 16205M (3935M free)
TotalPageFile size 18253M (AvailPageFile size 1M)
current process WorkingSet (physical memory assigned to process): 143M, peak: 167M
current process commit charge ("private bytes"): 250M, peak: 273M

vm_info: OpenJDK 64-Bit Server VM (21.0.6+7-LTS) for windows-amd64 JRE (21.0.6+7-LTS), built on 2025-01-21T00:00:00Z by "admin" with MS VC++ 17.7 (VS2022)

END.
